Log file open, 12/01/18 15:29:42
LogWindows: Failed to load 'aqProf.dll' (GetLastError=126)
LogWindows: File 'aqProf.dll' does not exist
LogWindows: Failed to load 'VSPerf140.dll' (GetLastError=126)
LogWindows: File 'VSPerf140.dll' does not exist
LogWindows: Failed to load 'VtuneApi.dll' (GetLastError=126)
LogWindows: File 'VtuneApi.dll' does not exist
LogWindows: Failed to load 'VtuneApi32e.dll' (GetLastError=126)
LogWindows: File 'VtuneApi32e.dll' does not exist
LogInit: Display: Running engine for game: SteamProject
LogPlatformFile: Not using cached read wrapper
LogTaskGraph: Started task graph with 5 named threads and 14 total threads with 3 sets of task threads.
LogStats: Stats thread started at 4.279149
LogD3D11RHI: Loaded GFSDK_Aftermath_Lib.x64.dll
LogICUInternationalization: Display: ICU TimeZone Detection - Raw Offset: -5:00, Platform Override: ''
LogPluginManager: Mounting plugin Paper2D
LogPluginManager: Mounting plugin AISupport
LogPluginManager: Mounting plugin LightPropagationVolume
LogPluginManager: Mounting plugin CLionSourceCodeAccess
LogPluginManager: Mounting plugin CodeLiteSourceCodeAccess
LogPluginManager: Mounting plugin GitSourceControl
LogPluginManager: Mounting plugin KDevelopSourceCodeAccess
LogPluginManager: Mounting plugin NullSourceCodeAccess
LogPluginManager: Mounting plugin PerforceSourceControl
LogPluginManager: Mounting plugin SubversionSourceControl
LogPluginManager: Mounting plugin UObjectPlugin
LogPluginManager: Mounting plugin VisualStudioCodeSourceCodeAccess
LogPluginManager: Mounting plugin VisualStudioSourceCodeAccess
LogPluginManager: Mounting plugin XCodeSourceCodeAccess
LogPluginManager: Mounting plugin AssetManagerEditor
LogPluginManager: Mounting plugin CryptoKeys
LogPluginManager: Mounting plugin DataValidation
LogPluginManager: Mounting plugin FacialAnimation
LogPluginManager: Mounting plugin GameplayTagsEditor
LogPluginManager: Mounting plugin MacGraphicsSwitching
LogPluginManager: Mounting plugin MeshEditor
LogPluginManager: Mounting plugin MobileLauncherProfileWizard
LogPluginManager: Mounting plugin PluginBrowser
LogPluginManager: Mounting plugin SpeedTreeImporter
LogPluginManager: Mounting plugin DatasmithContent
LogPluginManager: Mounting plugin AlembicImporter
LogPluginManager: Mounting plugin AppleImageUtils
LogPluginManager: Mounting plugin AppleVision
LogPluginManager: Mounting plugin BackChannel
LogPluginManager: Mounting plugin CharacterAI
LogPluginManager: Mounting plugin GeometryCache
LogPluginManager: Mounting plugin HTML5Networking
LogPluginManager: Mounting plugin ProxyLODPlugin
LogPluginManager: Mounting plugin MagicLeap
LogPluginManager: Mounting plugin MagicLeapEmulator
LogPluginManager: Mounting plugin MagicLeapMedia
LogPluginManager: Mounting plugin AndroidMedia
LogPluginManager: Mounting plugin AvfMedia
LogPluginManager: Mounting plugin ImgMedia
LogPluginManager: Mounting plugin LinearTimecode
LogPluginManager: Mounting plugin MediaCompositing
LogPluginManager: Mounting plugin MediaPlayerEditor
LogPluginManager: Mounting plugin WmfMedia
LogPluginManager: Mounting plugin TcpMessaging
LogPluginManager: Mounting plugin UdpMessaging
LogPluginManager: Mounting plugin ActorSequence
LogPluginManager: Mounting plugin LevelSequenceEditor
LogPluginManager: Mounting plugin MatineeToLevelSequence
LogPluginManager: Mounting plugin NetcodeUnitTest
LogPluginManager: Mounting plugin NUTUnrealEngine4
LogPluginManager: Mounting plugin OnlineSubsystemGooglePlay
LogPluginManager: Mounting plugin OnlineSubsystemIOS
LogPluginManager: Mounting plugin OnlineSubsystem
LogPluginManager: Mounting plugin OnlineSubsystemNull
LogPluginManager: Mounting plugin OnlineSubsystemSteam
LogPluginManager: Mounting plugin OnlineSubsystemUtils
LogPluginManager: Mounting plugin LauncherChunkInstaller
LogPluginManager: Mounting plugin AndroidDeviceProfileSelector
LogPluginManager: Mounting plugin AndroidMoviePlayer
LogPluginManager: Mounting plugin AndroidPermission
LogPluginManager: Mounting plugin AppleMoviePlayer
LogPluginManager: Mounting plugin ArchVisCharacter
LogPluginManager: Mounting plugin AudioCapture
LogPluginManager: Mounting plugin CableComponent
LogPluginManager: Mounting plugin CustomMeshComponent
LogPluginManager: Mounting plugin EditableMesh
LogPluginManager: Mounting plugin ExampleDeviceProfileSelector
LogPluginManager: Mounting plugin GoogleCloudMessaging
LogPluginManager: Mounting plugin ImmediatePhysics
LogPluginManager: Mounting plugin IOSDeviceProfileSelector
LogPluginManager: Mounting plugin LinuxDeviceProfileSelector
LogPluginManager: Mounting plugin LocationServicesBPLibrary
LogPluginManager: Mounting plugin MobilePatchingUtils
LogPluginManager: Mounting plugin OculusVR
LogPluginManager: Plugin shader directory ../../../Engine/Plugins/Runtime/Oculus/OculusVR/Shaders found
LogPluginManager: Mapping shader source directory ../../../Engine/Plugins/Runtime/Oculus/OculusVR/Shaders to virtual directory /Plugin/OculusVR
LogPluginManager: Mounting plugin PhysXVehicles
LogPluginManager: Mounting plugin ProceduralMeshComponent
LogPluginManager: Mounting plugin RuntimePhysXCooking
LogPluginManager: Mounting plugin SteamVR
LogPluginManager: Mounting plugin WindowsMoviePlayer
LogStreaming: Display: Took  0.219s to configure plugins.
LogInit: Using libcurl 7.55.1-DEV
LogInit:  - built for x86_64-pc-win32
LogInit:  - supports SSL with OpenSSL/1.0.2h
LogInit:  - supports HTTP deflate (compression) using libz 1.2.8
LogInit:  - other features:
LogInit:      CURL_VERSION_SSL
LogInit:      CURL_VERSION_LIBZ
LogInit:      CURL_VERSION_IPV6
LogInit:      CURL_VERSION_ASYNCHDNS
LogInit:      CURL_VERSION_LARGEFILE
LogInit:      CURL_VERSION_IDN
LogInit:  CurlRequestOptions (configurable via config and command line):
LogInit:  - bVerifyPeer = false  - Libcurl will NOT verify peer certificate
LogInit:  - bUseHttpProxy = false  - Libcurl will NOT use HTTP proxy
LogInit:  - bDontReuseConnections = false  - Libcurl will reuse connections
LogInit:  - CertBundlePath = nullptr  - Libcurl will use whatever was configured at build time.
LogInit:  - MaxHostConnections = 16  - Libcurl will limit the number of connections to a host
LogInit:  - LocalHostAddr = Default
LogInit:  - BufferSize = 65536
LogOnline: Display: STEAM: Loading Steam SDK 1.39
LogOnline: Warning: STEAM: Steam API disabled!
LogOnline: Display: STEAM: OnlineSubsystemSteam::Shutdown()
LogInit: WinSock: version 1.1 (2.2), MaxSocks=32767, MaxUdp=65467
LogInit: Build: ++UE4+Release-4.20-CL-4369336
LogInit: Engine Version: 4.20.3-4369336+++UE4+Release-4.20
LogInit: Compatible Engine Version: 4.20.0-4212847+++UE4+Release-4.20
LogInit: Net CL: 4212847
LogInit: OS: Windows 10 (), CPU:        Intel(R) Core(TM) i5-3570K CPU @ 3.40GHz, GPU: NVIDIA GeForce GTX 1070
LogInit: Compiled (64-bit): Sep 17 2018 12:26:19
LogInit: Compiled with Visual C++: 19.13.26129.00
LogInit: Build Configuration: Development
LogInit: Branch Name: ++UE4+Release-4.20
LogInit: Command Line:  
LogInit: Base Directory: E:/UE_4.20/Engine/Binaries/Win64/
LogInit: Installed Engine Build: 1
LogDevObjectVersion: Number of dev versions registered: 20
LogDevObjectVersion:   Dev-Blueprints (B0D832E4-1F89-4F0D-ACCF-7EB736FD4AA2): 10
LogDevObjectVersion:   Dev-Build (E1C64328-A22C-4D53-A36C-8E866417BD8C): 0
LogDevObjectVersion:   Dev-Core (375EC13C-06E4-48FB-B500-84F0262A717E): 2
LogDevObjectVersion:   Dev-Editor (E4B068ED-F494-42E9-A231-DA0B2E46BB41): 24
LogDevObjectVersion:   Dev-Framework (CFFC743F-43B0-4480-9391-14DF171D2073): 34
LogDevObjectVersion:   Dev-Mobile (B02B49B5-BB20-44E9-A304-32B752E40360): 2
LogDevObjectVersion:   Dev-Networking (A4E4105C-59A1-49B5-A7C5-40C4547EDFEE): 0
LogDevObjectVersion:   Dev-Online (39C831C9-5AE6-47DC-9A44-9C173E1C8E7C): 0
LogDevObjectVersion:   Dev-Physics (78F01B33-EBEA-4F98-B9B4-84EACCB95AA2): 0
LogDevObjectVersion:   Dev-Platform (6631380F-2D4D-43E0-8009-CF276956A95A): 0
LogDevObjectVersion:   Dev-Rendering (12F88B9F-8875-4AFC-A67C-D90C383ABD29): 26
LogDevObjectVersion:   Dev-Sequencer (7B5AE74C-D270-4C10-A958-57980B212A5A): 9
LogDevObjectVersion:   Dev-VR (D7296918-1DD6-4BDD-9DE2-64A83CC13884): 2
LogDevObjectVersion:   Dev-LoadTimes (C2A15278-BFE7-4AFE-6C17-90FF531DF755): 1
LogDevObjectVersion:   Private-Geometry (6EACA3D4-40EC-4CC1-B786-8BED09428FC5): 3
LogDevObjectVersion:   Dev-AnimPhys (29E575DD-E0A3-4627-9D10-D276232CDCEA): 17
LogDevObjectVersion:   Dev-ReflectionCapture (6B266CEC-1EC7-4B8F-A30B-E4D90942FC07): 1
LogDevObjectVersion:   Dev-Automation (0DF73D61-A23F-47EA-B727-89E90C41499A): 1
LogDevObjectVersion:   FortniteMain (601D1886-AC64-4F84-AA16-D3DE0DEAC7D6): 12
LogDevObjectVersion:   Dev-Enterprise (9DFFBCD6-494F-0158-E221-12823C92A888): 1
LogStreaming: Display: Took  0.001s to delete old logs.
LogInit: Presizing for max 8388607 objects, including 0 objects not considered by GC, pre-allocating 0 bytes for permanent pool.
LogInit: Object subsystem initialized
[2018.12.01-20.29.45:979][  0]LogInit: Selected Device Profile: [Windows]
[2018.12.01-20.29.45:979][  0]LogInit: Applying CVar settings loaded from the selected device profile: [Windows]
[2018.12.01-20.29.46:010][  0]LogHAL: Display: Platform has ~ 16 GB [16855703552 / 17179869184 / 16], which maps to Larger [LargestMinGB=32, LargerMinGB=12, DefaultMinGB=8, SmallerMinGB=6, SmallestMinGB=0)
[2018.12.01-20.29.46:010][  0]LogInit: Setting Device Profile CVar: [[r.Vulkan.UseRealUBs:1]]
[2018.12.01-20.29.46:010][  0]LogInit: Going up to parent DeviceProfile []
[2018.12.01-20.29.46:026][  0]LogInit: Computer: MAX-PC
[2018.12.01-20.29.46:026][  0]LogInit: User: maxsa
[2018.12.01-20.29.46:026][  0]LogInit: CPU Page size=4096, Cores=4
[2018.12.01-20.29.46:026][  0]LogInit: High frequency timer resolution =3.420552 MHz
[2018.12.01-20.29.46:026][  0]LogMemory: Memory total: Physical=15.7GB (16GB approx)
[2018.12.01-20.29.46:026][  0]LogMemory: Platform Memory Stats for Windows
[2018.12.01-20.29.46:026][  0]LogMemory: Process Physical Memory: 100.63 MB used, 100.63 MB peak
[2018.12.01-20.29.46:026][  0]LogMemory: Process Virtual Memory: 84.36 MB used, 84.36 MB peak
[2018.12.01-20.29.46:026][  0]LogMemory: Physical Memory: 8380.73 MB used,  7694.12 MB free, 16074.85 MB total
[2018.12.01-20.29.46:026][  0]LogMemory: Virtual Memory: 4621.54 MB used,  7694.12 MB free, 134217728.00 MB total
[2018.12.01-20.29.47:525][  0]LogInit: Using OS detected language (en-US).
[2018.12.01-20.29.47:525][  0]LogInit: Using OS detected locale (en-CA).
[2018.12.01-20.29.47:567][  0]LogTextLocalizationManager: No specific localization for 'en-US' exists, so the 'en' localization will be used.
[2018.12.01-20.29.48:443][  0]LogStreaming: Display: Took  0.919s to InitEngineTextLocalization.
[2018.12.01-20.29.48:443][  0]LogInit: Setting process to per monitor DPI aware
[2018.12.01-20.29.48:836][  0]LogSlate: New Slate User Created.  User Index 0, Is Virtual User: 0
[2018.12.01-20.29.48:837][  0]LogSlate: Slate User Registered.  User Index 0, Is Virtual User: 0
[2018.12.01-20.29.52:487][  0]LogHMD: Failed to initialize OpenVR with code 105
[2018.12.01-20.29.52:487][  0]LogD3D11RHI: D3D11 adapters:
[2018.12.01-20.29.52:552][  0]LogD3D11RHI:    0. 'NVIDIA GeForce GTX 1070' (Feature Level 11_0)
[2018.12.01-20.29.52:552][  0]LogD3D11RHI:       8088/0/8037 MB DedicatedVideo/DedicatedSystem/SharedSystem, Outputs:2, VendorId:0x10de
[2018.12.01-20.29.52:556][  0]LogD3D11RHI:    1. 'Intel(R) HD Graphics 4000' (Feature Level 11_0)
[2018.12.01-20.29.52:556][  0]LogD3D11RHI:       224/0/1568 MB DedicatedVideo/DedicatedSystem/SharedSystem, Outputs:0, VendorId:0x8086
[2018.12.01-20.29.52:558][  0]LogD3D11RHI:    2. 'Microsoft Basic Render Driver' (Feature Level 11_0)
[2018.12.01-20.29.52:558][  0]LogD3D11RHI:       0/0/8037 MB DedicatedVideo/DedicatedSystem/SharedSystem, Outputs:0, VendorId:0x1414
[2018.12.01-20.29.52:558][  0]LogD3D11RHI: Chosen D3D11 Adapter: 0
[2018.12.01-20.29.52:565][  0]LogD3D11RHI: Creating new Direct3DDevice
[2018.12.01-20.29.52:565][  0]LogD3D11RHI:     GPU DeviceId: 0x1b81 (for the marketing name, search the web for "GPU Device Id")
[2018.12.01-20.29.52:565][  0]LogWindows: EnumDisplayDevices:
[2018.12.01-20.29.52:566][  0]LogWindows:    0. 'NVIDIA GeForce GTX 1070' (P:1 D:1)
[2018.12.01-20.29.52:566][  0]LogWindows:    1. 'NVIDIA GeForce GTX 1070' (P:0 D:1)
[2018.12.01-20.29.52:566][  0]LogWindows:    2. 'NVIDIA GeForce GTX 1070' (P:0 D:0)
[2018.12.01-20.29.52:566][  0]LogWindows:    3. 'NVIDIA GeForce GTX 1070' (P:0 D:0)
[2018.12.01-20.29.52:567][  0]LogWindows:    4. 'Intel(R) HD Graphics 4000' (P:0 D:0)
[2018.12.01-20.29.52:567][  0]LogWindows:    5. 'Intel(R) HD Graphics 4000' (P:0 D:0)
[2018.12.01-20.29.52:567][  0]LogWindows:    6. 'Intel(R) HD Graphics 4000' (P:0 D:0)
[2018.12.01-20.29.52:567][  0]LogWindows: DebugString: PrimaryIsNotTheChoosenAdapter PrimaryIsNotTheChoosenAdapter PrimaryIsNotTheChoosenAdapter FoundDriverCount:4 
[2018.12.01-20.29.52:567][  0]LogD3D11RHI:     Adapter Name: NVIDIA GeForce GTX 1070
[2018.12.01-20.29.52:567][  0]LogD3D11RHI:   Driver Version: 417.01 (internal:25.21.14.1701, unified:417.01)
[2018.12.01-20.29.52:567][  0]LogD3D11RHI:      Driver Date: 11-15-2018
[2018.12.01-20.29.52:567][  0]LogRHI: Texture pool is 5661 MB (70% of 8088 MB)
[2018.12.01-20.29.52:612][  0]LogD3D11RHI: Async texture creation enabled
[2018.12.01-20.29.52:648][  0]LogD3D11RHI: GPU Timing Frequency: 1000.000000 (Debug: 2 2)
[2018.12.01-20.29.52:692][  0]LogShaderCompilers: Guid format shader working directory is -6 characters bigger than the processId version (C:/Users/maxsa/Desktop/Unreal Projects/SteamProject/Intermediate/Shaders/WorkingDirectory/12812/).
[2018.12.01-20.29.52:692][  0]LogShaderCompilers: Cleaned the shader compiler working directory 'C:/Users/maxsa/AppData/Local/Temp/UnrealShaderWorkingDir/35ECFB784A4DA1B1BDCECBBD964CC31B/'.
[2018.12.01-20.29.53:538][  0]LogTemp: Display: Loaded TP AllDesktopTargetPlatform
[2018.12.01-20.29.53:570][  0]LogTemp: Display: Loaded TP MacClientTargetPlatform
[2018.12.01-20.29.53:608][  0]LogTemp: Display: Loaded TP MacNoEditorTargetPlatform
[2018.12.01-20.29.53:647][  0]LogTemp: Display: Loaded TP MacServerTargetPlatform
[2018.12.01-20.29.53:715][  0]LogTemp: Display: Loaded TP MacTargetPlatform
[2018.12.01-20.29.53:755][  0]LogTemp: Display: Loaded TP WindowsClientTargetPlatform
[2018.12.01-20.29.53:786][  0]LogTemp: Display: Loaded TP WindowsNoEditorTargetPlatform
[2018.12.01-20.29.53:822][  0]LogTemp: Display: Loaded TP WindowsServerTargetPlatform
[2018.12.01-20.29.53:847][  0]LogTemp: Display: Loaded TP WindowsTargetPlatform
[2018.12.01-20.29.54:064][  0]LogTemp: Display: Loaded TP AndroidTargetPlatform
[2018.12.01-20.29.54:064][  0]LogTemp: Display: Loaded TP AndroidTargetPlatform
[2018.12.01-20.29.54:064][  0]LogTemp: Display: Loaded TP AndroidTargetPlatform
[2018.12.01-20.29.54:064][  0]LogTemp: Display: Loaded TP AndroidTargetPlatform
[2018.12.01-20.29.54:064][  0]LogTemp: Display: Loaded TP AndroidTargetPlatform
[2018.12.01-20.29.54:064][  0]LogTemp: Display: Loaded TP AndroidTargetPlatform
[2018.12.01-20.29.54:064][  0]LogTemp: Display: Loaded TP AndroidTargetPlatform
[2018.12.01-20.29.54:064][  0]LogTemp: Display: Loaded TP AndroidTargetPlatform
[2018.12.01-20.29.54:064][  0]LogTemp: Display: Loaded TP AndroidTargetPlatform
[2018.12.01-20.29.54:064][  0]LogTemp: Display: Loaded TP AndroidTargetPlatform
[2018.12.01-20.29.54:064][  0]LogTemp: Display: Loaded TP AndroidTargetPlatform
[2018.12.01-20.29.54:064][  0]LogTemp: Display: Loaded TP AndroidTargetPlatform
[2018.12.01-20.29.54:064][  0]LogTemp: Display: Loaded TP AndroidTargetPlatform
[2018.12.01-20.29.54:064][  0]LogTemp: Display: Loaded TP AndroidTargetPlatform
[2018.12.01-20.29.54:064][  0]LogTemp: Display: Loaded TP AndroidTargetPlatform
[2018.12.01-20.29.54:064][  0]LogTemp: Display: Loaded TP AndroidTargetPlatform
[2018.12.01-20.29.54:064][  0]LogTemp: Display: Loaded TP AndroidTargetPlatform
[2018.12.01-20.29.54:064][  0]LogTemp: Display: Loaded TP AndroidTargetPlatform
[2018.12.01-20.29.54:106][  0]LogTemp: Display: Loaded TP HTML5TargetPlatform
[2018.12.01-20.29.54:385][  0]LogTemp: Display: Loaded TP IOSTargetPlatform
[2018.12.01-20.29.54:385][  0]LogTemp: Display: Loaded TP IOSTargetPlatform
[2018.12.01-20.29.54:443][  0]LogTemp: Display: Loaded TP TVOSTargetPlatform
[2018.12.01-20.29.54:443][  0]LogTemp: Display: Loaded TP TVOSTargetPlatform
[2018.12.01-20.29.54:499][  0]LogTemp: Display: Loaded TP LinuxClientTargetPlatform
[2018.12.01-20.29.54:529][  0]LogTemp: Display: Loaded TP LinuxNoEditorTargetPlatform
[2018.12.01-20.29.54:577][  0]LogTemp: Display: Loaded TP LinuxServerTargetPlatform
[2018.12.01-20.29.54:664][  0]LogTemp: Display: Loaded TP LinuxTargetPlatform
[2018.12.01-20.29.54:696][  0]LogTemp: Display: Loaded TP LuminTargetPlatform
[2018.12.01-20.29.54:696][  0]LogTargetPlatformManager: Display: Building Assets For Windows
[2018.12.01-20.29.56:002][  0]LogXGEController: Cleaning working directory: C:/Users/maxsa/AppData/Local/Temp/UnrealXGEWorkingDir/
[2018.12.01-20.29.56:002][  0]LogXGEController: Cannot use XGE Controller as Incredibuild is not installed on this machine.
[2018.12.01-20.29.56:002][  0]LogShaderCompilers: Cannot use XGE Shader Compiler as Incredibuild is not installed on this machine.
[2018.12.01-20.29.56:002][  0]LogShaderCompilers: Display: Using Local Shader Compiler.
[2018.12.01-20.29.59:951][  0]LogDerivedDataCache: Display: Max Cache Size: 512 MB
[2018.12.01-20.30.00:229][  0]LogDerivedDataCache: Loaded boot cache 0.28s 71MB C:/Users/maxsa/AppData/Local/UnrealEngine/4.20/DerivedDataCache/Boot.ddc.
[2018.12.01-20.30.00:229][  0]LogDerivedDataCache: Display: Loaded Boot cache: C:/Users/maxsa/AppData/Local/UnrealEngine/4.20/DerivedDataCache/Boot.ddc
[2018.12.01-20.30.00:229][  0]LogDerivedDataCache: FDerivedDataBackendGraph:  Pak pak cache file C:/Users/maxsa/Desktop/Unreal Projects/SteamProject/DerivedDataCache/DDC.ddp not found, will not use a pak cache.
[2018.12.01-20.30.00:229][  0]LogDerivedDataCache: Unable to find inner node Pak for hierarchical cache Hierarchy.
[2018.12.01-20.30.00:229][  0]LogDerivedDataCache: FDerivedDataBackendGraph:  CompressedPak pak cache file C:/Users/maxsa/Desktop/Unreal Projects/SteamProject/DerivedDataCache/Compressed.ddp not found, will not use a pak cache.
[2018.12.01-20.30.00:229][  0]LogDerivedDataCache: Unable to find inner node CompressedPak for hierarchical cache Hierarchy.
[2018.12.01-20.30.00:289][  0]LogDerivedDataCache: Display: Pak cache opened for reading ../../../Engine/DerivedDataCache/Compressed.ddp.
[2018.12.01-20.30.00:301][  0]LogDerivedDataCache: Using Local data cache path C:/Users/maxsa/AppData/Local/UnrealEngine/Common/DerivedDataCache: Writable
[2018.12.01-20.30.00:301][  0]LogDerivedDataCache: Shared data cache path not found in *engine.ini, will not use an Shared cache.
[2018.12.01-20.30.00:301][  0]LogDerivedDataCache: Unable to find inner node Shared for hierarchical cache Hierarchy.
[2018.12.01-20.30.00:319][  0]LogMaterial: Verifying Global Shaders for PCD3D_SM5
[2018.12.01-20.30.00:321][  0]LogSlate: Using FreeType 2.6.0
[2018.12.01-20.30.00:398][  0]LogSlate: SlateFontServices - WITH_FREETYPE: 1, WITH_HARFBUZZ: 1
[2018.12.01-20.30.00:958][  0]LogAssetRegistry: FAssetRegistry took 0.0265 seconds to start up
[2018.12.01-20.30.01:385][  0]LogInit: Selected Device Profile: [Windows]
[2018.12.01-20.30.04:083][  0]LogSimplygon: Simplygon DLL not present - disabling.
[2018.12.01-20.30.04:968][  0]LogMeshReduction: Using SimplygonSwarm for distributed automatic mesh merging
[2018.12.01-20.30.04:968][  0]LogMeshReduction: Using ProxyLODMeshReduction for automatic mesh merging
[2018.12.01-20.30.04:968][  0]LogMeshReduction: Using QuadricMeshReduction for automatic static mesh reduction
[2018.12.01-20.30.04:968][  0]LogMeshReduction: No automatic skeletal mesh reduction module available
[2018.12.01-20.30.05:246][  0]LogNetVersion: SteamProject 1.0.0, NetCL: 4212847, EngineNetVer: 5, GameNetVer: 0 (Checksum: 43773174)
[2018.12.01-20.30.09:001][  0]LogPackageLocalizationCache: Processed 11 localized package path(s) for 2 prioritized culture(s) in 0.143211 seconds
[2018.12.01-20.30.09:009][  0]LogUObjectArray: 38434 objects as part of root set at end of initial load.
[2018.12.01-20.30.09:009][  0]LogUObjectAllocator: 6701136 out of 0 bytes used by permanent object pool.
[2018.12.01-20.30.09:009][  0]LogUObjectArray: CloseDisregardForGC: 0/0 objects in disregard for GC pool
[2018.12.01-20.30.21:154][  0]LogTcpMessaging: Initializing TcpMessaging bridge
[2018.12.01-20.30.21:221][  0]LogUdpMessaging: Initializing bridge on interface 0.0.0.0:0 to multicast group 230.0.0.1:6666.
[2018.12.01-20.30.22:709][  0]SourceControl: Source control is disabled
[2018.12.01-20.30.22:720][  0]SourceControl: Source control is disabled
[2018.12.01-20.30.22:812][  0]SourceControl: Source control is disabled
[2018.12.01-20.30.22:858][  0]SourceControl: Source control is disabled
[2018.12.01-20.30.25:661][  0]LogAndroidPermission: UAndroidPermissionCallbackProxy::GetInstance
[2018.12.01-20.30.26:218][  0]LogOcInput: OculusInput pre-init called
[2018.12.01-20.30.26:738][  0]LogEngine: Initializing Engine...
[2018.12.01-20.30.26:745][  0]LogHMD: Failed to initialize OpenVR with code 105
[2018.12.01-20.30.26:749][  0]LogStats: UGameplayTagsManager::ConstructGameplayTagTree: ImportINI prefixes -  0.000 s
[2018.12.01-20.30.26:749][  0]LogStats: UGameplayTagsManager::ConstructGameplayTagTree: Construct from data asset -  0.000 s
[2018.12.01-20.30.26:749][  0]LogStats: UGameplayTagsManager::ConstructGameplayTagTree: ImportINI -  0.000 s
[2018.12.01-20.30.26:749][  0]LogStats: UGameplayTagsManager::ConstructGameplayTagTree: GameplayTagTreeChangedEvent.Broadcast -  0.000 s
[2018.12.01-20.30.27:960][  0]LogInit: Initializing FReadOnlyCVARCache
[2018.12.01-20.30.28:164][  0]LogAIModule: Creating AISystem for world Untitled
[2018.12.01-20.30.28:192][  0]LogInit: XAudio2 using 'Headphones (Realtek High Definition Audio)' : 2 channels at 48 kHz using 32 bits per sample (channel mask 0x3)
[2018.12.01-20.30.28:210][  0]LogInit: FAudioDevice initialized.
[2018.12.01-20.30.28:210][  0]LogNetVersion: Set ProjectVersion to 1.0.0.0. Version Checksum will be recalculated on next use.
[2018.12.01-20.30.28:254][  0]LogDerivedDataCache: Saved boot cache 0.04s 71MB C:/Users/maxsa/AppData/Local/UnrealEngine/4.20/DerivedDataCache/Boot.ddc.
[2018.12.01-20.30.28:257][  0]LogInit: Texture streaming: Enabled
[2018.12.01-20.30.28:353][  0]LogEngineSessionManager: EngineSessionManager initialized
[2018.12.01-20.30.28:391][  0]LogInit: Transaction tracking system initialized
[2018.12.01-20.30.28:557][  0]BlueprintLog: New page: Editor Load
[2018.12.01-20.30.30:634][  0]LocalizationService: Localization service is disabled
[2018.12.01-20.30.31:779][  0]LogLinker: Warning: Can't find file '/Game/FirstPersonBP/FirstPersonOverview'
[2018.12.01-20.30.31:779][  0]LogLinker: Warning: Can't find file '/Game/FirstPersonBP/FirstPersonOverview'
[2018.12.01-20.30.31:779][  0]LogUObjectGlobals: Warning: Failed to find object 'Class /Game/FirstPersonBP/FirstPersonOverview.FirstPersonOverview_C'
[2018.12.01-20.30.36:121][  0]LogCook: Display: Max memory allowance for cook 16384mb min free memory 0mb
[2018.12.01-20.30.36:121][  0]LogCook: Display: Mobile HDR setting 1
[2018.12.01-20.30.36:121][  0]LogGameplayTags: Display: UGameplayTagsManager::DoneAddingNativeTags. DelegateIsBound: 0
[2018.12.01-20.30.36:121][  0]LogStats: UGameplayTagsManager::ConstructGameplayTagTree: ImportINI prefixes -  0.000 s
[2018.12.01-20.30.36:121][  0]LogStats: UGameplayTagsManager::ConstructGameplayTagTree: Construct from data asset -  0.000 s
[2018.12.01-20.30.36:121][  0]LogStats: UGameplayTagsManager::ConstructGameplayTagTree: ImportINI -  0.000 s
[2018.12.01-20.30.36:121][  0]LogStats: UGameplayTagsManager::ConstructGameplayTagTree: GameplayTagTreeChangedEvent.Broadcast -  0.000 s
[2018.12.01-20.30.36:128][  0]LogFileCache: Scanning file cache for directory 'C:/Users/maxsa/Desktop/Unreal Projects/SteamProject/Content/' took 0.03s
[2018.12.01-20.30.41:487][  0]SourceControl: Source control is disabled
[2018.12.01-20.30.41:487][  0]Cmd: MAP LOAD FILE="C:/Users/maxsa/Desktop/Unreal Projects/SteamProject/Content/Maps/MainMenu.umap" TEMPLATE=0 SHOWPROGRESS=1 FEATURELEVEL=3
[2018.12.01-20.30.41:499][  0]LightingResults: New page: Lighting Build
[2018.12.01-20.30.41:504][  0]MapCheck: New page: Map Check
[2018.12.01-20.30.41:505][  0]LightingResults: New page: Lighting Build
[2018.12.01-20.30.42:294][  0]LogAIModule: Creating AISystem for world MainMenu
[2018.12.01-20.30.42:296][  0]LogEditorServer: Finished looking for orphan Actors (0.000 secs)
[2018.12.01-20.30.42:315][  0]Cmd: MAP CHECKDEP NOCLEARLOG
[2018.12.01-20.30.42:367][  0]MapCheck: Map check complete: 0 Error(s), 0 Warning(s), took 51.232ms to complete.
[2018.12.01-20.30.42:367][  0]LogFileHelpers: Loading map 'MainMenu' took 0.880
[2018.12.01-20.30.42:714][  0]LogSlate: Updating window title bar state: overlay mode, drag disabled, window buttons hidden, title bar hidden
[2018.12.01-20.30.42:724][  0]LogSlate: Updating window title bar state: overlay mode, drag disabled, window buttons hidden, title bar hidden
[2018.12.01-20.30.42:734][  0]LogSlate: Updating window title bar state: overlay mode, drag disabled, window buttons hidden, title bar hidden
[2018.12.01-20.30.42:744][  0]LogSlate: Updating window title bar state: overlay mode, drag disabled, window buttons hidden, title bar hidden
[2018.12.01-20.30.42:794][  0]LogCollectionManager: Loaded 0 collections in 0.001356 seconds
[2018.12.01-20.30.42:841][  0]LogFileCache: Scanning file cache for directory 'C:/Users/maxsa/Desktop/Unreal Projects/SteamProject/Saved/Collections/' took 0.01s
[2018.12.01-20.30.42:841][  0]LogFileCache: Scanning file cache for directory 'C:/Users/maxsa/Desktop/Unreal Projects/SteamProject/Content/Developers/maxsa/Collections/' took 0.01s
[2018.12.01-20.30.42:841][  0]LogFileCache: Scanning file cache for directory 'C:/Users/maxsa/Desktop/Unreal Projects/SteamProject/Content/Collections/' took 0.01s
[2018.12.01-20.30.42:841][  0]LogCollectionManager: Rebuilt the GUID cache for 0 collections in 0.000001 seconds
[2018.12.01-20.30.42:850][  0]LogContentBrowser: Native class hierarchy populated in 0.0090 seconds. Added 2575 classes and 607 folders.
[2018.12.01-20.30.42:856][  0]LogContentBrowser: Native class hierarchy updated for 'WidgetCarousel' in 0.0002 seconds. Added 0 classes and 0 folders.
[2018.12.01-20.30.44:904][  0]LogContentBrowser: Native class hierarchy updated for 'AddContentDialog' in 0.0004 seconds. Added 0 classes and 0 folders.
[2018.12.01-20.30.44:970][  0]LogContentBrowser: Native class hierarchy updated for 'SceneOutliner' in 0.0005 seconds. Added 1 classes and 2 folders.
[2018.12.01-20.30.45:150][  0]LogSlate: Took 0.023596 seconds to synchronously load lazily loaded font '../../../Engine/Content/Slate/Fonts/Roboto-Regular.ttf' (155K)
[2018.12.01-20.30.45:183][  0]LogSlate: Took 0.031167 seconds to synchronously load lazily loaded font '../../../Engine/Content/Slate/Fonts/Roboto-Bold.ttf' (160K)
[2018.12.01-20.30.45:210][  0]LogSlate: Took 0.021788 seconds to synchronously load lazily loaded font '../../../Engine/Content/Editor/Slate/Fonts/FontAwesome.ttf' (139K)
[2018.12.01-20.30.45:512][  0]LogRenderer: Reallocating scene render targets to support 1208x576 Format 10 NumSamples 1 (Frame:1).
[2018.12.01-20.30.45:677][  0]LogContentBrowser: Native class hierarchy updated for 'HierarchicalLODOutliner' in 0.0003 seconds. Added 0 classes and 0 folders.
[2018.12.01-20.30.45:677][  0]LogLoad: (Engine Initialization) Total time: 103.70 seconds
[2018.12.01-20.30.45:678][  0]LogLoad: (Engine Initialization) Total Blueprint compile time: 0.00 seconds
[2018.12.01-20.30.45:712][  0]LogContentStreaming: Texture pool size now 1000 MB
[2018.12.01-20.30.45:781][  1]LogAssetRegistry: Asset discovery search completed in 44.8462 seconds
[2018.12.01-20.30.45:784][  1]LogCollectionManager: Rebuilt the object cache for 0 collections in 0.000000 seconds (found 0 objects)
[2018.12.01-20.30.45:784][  1]LogCollectionManager: Fixed up redirectors for 0 collections in 0.000075 seconds (updated 0 objects)
[2018.12.01-20.30.49:062][  5]LogSlate: Took 0.022601 seconds to synchronously load lazily loaded font '../../../Engine/Content/Slate/Fonts/Roboto-Light.ttf' (167K)
[2018.12.01-20.30.49:067][  5]LogAssetEditorManager: Opening Asset editor for WidgetBlueprint /Game/UI/Lobby/LobbyMenu.LobbyMenu
[2018.12.01-20.30.49:923][  5]LogContentBrowser: Native class hierarchy updated for 'BlueprintGraph' in 0.0006 seconds. Added 116 classes and 0 folders.
[2018.12.01-20.30.51:017][  5]LogSlate: FSceneViewport::OnFocusLost() reason 2
[2018.12.01-20.30.51:019][  5]LogAssetEditorManager: Opening Asset editor for Blueprint /Game/Blueprints/AllLevels/GameInfoInstance.GameInfoInstance
[2018.12.01-20.30.51:359][  5]LogAssetEditorManager: Opening Asset editor for Blueprint /Game/Blueprints/Lobby/LobbyPC.LobbyPC
[2018.12.01-20.30.51:950][  5]LogAssetEditorManager: Opening Asset editor for Blueprint /Game/Blueprints/Characters/0_Base.0_Base
[2018.12.01-20.30.52:428][  5]LogSlate: Took 0.041126 seconds to synchronously load lazily loaded font '../../../Engine/Content/Slate/Fonts/Roboto-BoldCondensed.ttf' (158K)
[2018.12.01-20.30.52:806][  6]LogSlate: Took 0.010748 seconds to synchronously load lazily loaded font '../../../Engine/Content/Slate/Fonts/Roboto-Italic.ttf' (157K)
[2018.12.01-20.31.00:152][ 28]LogSlate: Took 0.000154 seconds to synchronously load lazily loaded font '../../../Engine/Content/Slate/Fonts/Roboto-Light.ttf' (167K)
[2018.12.01-20.31.16:431][788]LogRenderer: Reallocating scene render targets to support 1208x712 Format 10 NumSamples 1 (Frame:1).
[2018.12.01-20.34.19:531][747]BlueprintLog: New page: Compile 0_Base
[2018.12.01-20.34.20:269][797]Cmd: OBJ SAVEPACKAGE PACKAGE="/Game/Blueprints/Characters/0_Base" FILE="C:/Users/maxsa/Desktop/Unreal Projects/SteamProject/Content/Blueprints/Characters/0_Base.uasset" SILENT=true
[2018.12.01-20.34.20:341][797]LogSavePackage: Moving 'C:/Users/maxsa/Desktop/Unreal Projects/SteamProject/Saved/0_BaseACC06743424090FC7D0912AB26407733.tmp' to 'C:/Users/maxsa/Desktop/Unreal Projects/SteamProject/Content/Blueprints/Characters/0_Base.uasset'
[2018.12.01-20.34.24:217][144]LogSlate: Window 'Save Content' being destroyed
[2018.12.01-20.34.24:253][144]Cmd: OBJ SAVEPACKAGE PACKAGE="/Game/Blueprints/Characters/Barbarous" FILE="C:/Users/maxsa/Desktop/Unreal Projects/SteamProject/Content/Blueprints/Characters/Barbarous.uasset" SILENT=true
[2018.12.01-20.34.24:307][144]LogSavePackage: Moving 'C:/Users/maxsa/Desktop/Unreal Projects/SteamProject/Saved/Barbarous0BE068514816D47D059405A76766B8C4.tmp' to 'C:/Users/maxsa/Desktop/Unreal Projects/SteamProject/Content/Blueprints/Characters/Barbarous.uasset'
[2018.12.01-20.34.24:328][144]Cmd: OBJ SAVEPACKAGE PACKAGE="/Game/Blueprints/Characters/Forge" FILE="C:/Users/maxsa/Desktop/Unreal Projects/SteamProject/Content/Blueprints/Characters/Forge.uasset" SILENT=true
[2018.12.01-20.34.24:384][144]LogSavePackage: Moving 'C:/Users/maxsa/Desktop/Unreal Projects/SteamProject/Saved/Forge152C22804AF8940A59718CB1CA35E7DD.tmp' to 'C:/Users/maxsa/Desktop/Unreal Projects/SteamProject/Content/Blueprints/Characters/Forge.uasset'
[2018.12.01-20.34.24:403][144]Cmd: OBJ SAVEPACKAGE PACKAGE="/Game/Blueprints/Characters/Frosty" FILE="C:/Users/maxsa/Desktop/Unreal Projects/SteamProject/Content/Blueprints/Characters/Frosty.uasset" SILENT=true
[2018.12.01-20.34.24:461][144]LogSavePackage: Moving 'C:/Users/maxsa/Desktop/Unreal Projects/SteamProject/Saved/FrostyD3DE426B4BC41633FAE47B9DAE319D80.tmp' to 'C:/Users/maxsa/Desktop/Unreal Projects/SteamProject/Content/Blueprints/Characters/Frosty.uasset'
[2018.12.01-20.34.24:482][144]Cmd: OBJ SAVEPACKAGE PACKAGE="/Game/Blueprints/Characters/Natural" FILE="C:/Users/maxsa/Desktop/Unreal Projects/SteamProject/Content/Blueprints/Characters/Natural.uasset" SILENT=true
[2018.12.01-20.34.24:539][144]LogSavePackage: Moving 'C:/Users/maxsa/Desktop/Unreal Projects/SteamProject/Saved/Natural5E4CF309401776B223A88D8419284D3D.tmp' to 'C:/Users/maxsa/Desktop/Unreal Projects/SteamProject/Content/Blueprints/Characters/Natural.uasset'
[2018.12.01-20.34.24:559][144]Cmd: OBJ SAVEPACKAGE PACKAGE="/Game/Blueprints/Characters/Pit" FILE="C:/Users/maxsa/Desktop/Unreal Projects/SteamProject/Content/Blueprints/Characters/Pit.uasset" SILENT=true
[2018.12.01-20.34.24:609][144]LogSavePackage: Moving 'C:/Users/maxsa/Desktop/Unreal Projects/SteamProject/Saved/Pit84E0D9204DEE0D5030435DAA8B671AD1.tmp' to 'C:/Users/maxsa/Desktop/Unreal Projects/SteamProject/Content/Blueprints/Characters/Pit.uasset'
[2018.12.01-20.34.24:627][144]Cmd: OBJ SAVEPACKAGE PACKAGE="/Game/Blueprints/Characters/Robo" FILE="C:/Users/maxsa/Desktop/Unreal Projects/SteamProject/Content/Blueprints/Characters/Robo.uasset" SILENT=true
[2018.12.01-20.34.24:675][144]LogSavePackage: Moving 'C:/Users/maxsa/Desktop/Unreal Projects/SteamProject/Saved/RoboDA99AC7A4A95952F37EC2A8FCF98FC00.tmp' to 'C:/Users/maxsa/Desktop/Unreal Projects/SteamProject/Content/Blueprints/Characters/Robo.uasset'
[2018.12.01-20.34.24:695][144]Cmd: OBJ SAVEPACKAGE PACKAGE="/Game/Blueprints/Characters/Tusk" FILE="C:/Users/maxsa/Desktop/Unreal Projects/SteamProject/Content/Blueprints/Characters/Tusk.uasset" SILENT=true
[2018.12.01-20.34.24:745][144]LogSavePackage: Moving 'C:/Users/maxsa/Desktop/Unreal Projects/SteamProject/Saved/TuskB61941E04EDC6D9D0BA5C1B549CE1A44.tmp' to 'C:/Users/maxsa/Desktop/Unreal Projects/SteamProject/Content/Blueprints/Characters/Tusk.uasset'
[2018.12.01-20.34.24:762][144]Cmd: OBJ SAVEPACKAGE PACKAGE="/Game/Blueprints/Characters/Warrior" FILE="C:/Users/maxsa/Desktop/Unreal Projects/SteamProject/Content/Blueprints/Characters/Warrior.uasset" SILENT=true
[2018.12.01-20.34.24:813][144]LogSavePackage: Moving 'C:/Users/maxsa/Desktop/Unreal Projects/SteamProject/Saved/Warrior75B9269948A9798CFC9F6E8A5BD274FE.tmp' to 'C:/Users/maxsa/Desktop/Unreal Projects/SteamProject/Content/Blueprints/Characters/Warrior.uasset'
[2018.12.01-20.34.26:672][363]LogTemp: Repeating last play command: New Editor Window (PIE)
[2018.12.01-20.34.26:707][363]LogBlueprintUserMessages: Early PlayInEditor Detection: Level '/Game/Maps/MainMenu.MainMenu:PersistentLevel' has LevelScriptBlueprint '/Game/Maps/MainMenu.MainMenu:PersistentLevel.MainMenu' with GeneratedClass '/Game/Maps/MainMenu.MainMenu_C' with ClassGeneratedBy '/Game/Maps/MainMenu.MainMenu:PersistentLevel.MainMenu'
[2018.12.01-20.34.26:707][363]LogPlayLevel: PlayLevel: No blueprints needed recompiling
[2018.12.01-20.34.26:708][363]LogOnline: Warning: STEAM: Steam API disabled!
[2018.12.01-20.34.26:708][363]LogOnline: Display: STEAM: OnlineSubsystemSteam::Shutdown()
[2018.12.01-20.34.26:727][363]PIE: New page: PIE session: MainMenu (Dec 1, 2018, 10:34:26 AM)
[2018.12.01-20.34.26:728][363]LogPlayLevel: Creating play world package: /Game/Maps/UEDPIE_1_MainMenu
[2018.12.01-20.34.26:729][363]LogPlayLevel: PIE: StaticDuplicateObject took: (0.001287s)
[2018.12.01-20.34.26:729][363]LogAIModule: Creating AISystem for world MainMenu
[2018.12.01-20.34.26:730][363]LogPlayLevel: PIE: World Init took: (0.000762s)
[2018.12.01-20.34.26:730][363]LogPlayLevel: PIE: Created PIE world by copying editor world from /Game/Maps/MainMenu.MainMenu to /Game/Maps/UEDPIE_1_MainMenu.MainMenu (0.002222s)
[2018.12.01-20.34.26:774][363]LogInit: XAudio2 using 'Headphones (Realtek High Definition Audio)' : 2 channels at 48 kHz using 32 bits per sample (channel mask 0x3)
[2018.12.01-20.34.26:785][363]LogInit: FAudioDevice initialized.
[2018.12.01-20.34.26:796][363]LogSlate: Updating window title bar state: overlay mode, drag disabled, window buttons hidden, title bar hidden
[2018.12.01-20.34.27:642][363]LogLoad: Game class is 'ThirdPersonGameMode_C'
[2018.12.01-20.34.27:643][363]LogWorld: Bringing World /Game/Maps/UEDPIE_1_MainMenu.MainMenu up for play (max tick rate 0) at 2018.12.01-15.34.27
[2018.12.01-20.34.27:643][363]LogWorld: Bringing up level for play took: 0.000600
[2018.12.01-20.34.27:661][363]LogContentBrowser: Native class hierarchy updated for 'MovieSceneCapture' in 0.0004 seconds. Added 10 classes and 0 folders.
[2018.12.01-20.34.27:678][363]LogTemp: Display: ParseSettings for GameNetDriver
[2018.12.01-20.34.27:678][363]LogTemp: Display: ParseSettings for IpNetDriver_0
[2018.12.01-20.34.27:678][363]LogTemp: Display: ParseSettings for GameNetDriver
[2018.12.01-20.34.27:678][363]LogNet: ReplicationDriverClass is null! Not using ReplicationDriver.
[2018.12.01-20.34.27:678][363]LogInit: WinSock: Socket queue 131072 / 131072
[2018.12.01-20.34.27:679][363]LogInit: WinSock: I am Max-PC (192.168.0.101:0)
[2018.12.01-20.34.27:679][363]PacketHandlerLog: Loaded PacketHandler component: Engine.EngineHandlerComponentFactory (StatelessConnectHandlerComponent)
[2018.12.01-20.34.27:679][363]LogNet: GameNetDriver IpNetDriver_0 IpNetDriver listening on port 17777
[2018.12.01-20.34.27:692][363]PIE: Play in editor start time for /Game/Maps/UEDPIE_1_MainMenu 0.453
[2018.12.01-20.34.27:703][363]PIE: New page: PIE session: MainMenu (Dec 1, 2018, 10:34:27 AM)
[2018.12.01-20.34.27:717][363]LogSlate: FSceneViewport::OnFocusLost() reason 2
[2018.12.01-20.34.27:719][363]LogSlate: Updating window title bar state: overlay mode, drag disabled, window buttons hidden, title bar hidden
[2018.12.01-20.34.27:769][363]LogNet: Browse: 127.0.0.1:17777//Game/Maps/MainMenu
[2018.12.01-20.34.27:769][363]LogTemp: Display: ParseSettings for GameNetDriver
[2018.12.01-20.34.27:769][363]LogTemp: Display: ParseSettings for IpNetDriver_1
[2018.12.01-20.34.27:769][363]LogTemp: Display: ParseSettings for PendingNetDriver
[2018.12.01-20.34.27:769][363]LogInit: WinSock: Socket queue 32768 / 32768
[2018.12.01-20.34.27:769][363]PacketHandlerLog: Loaded PacketHandler component: Engine.EngineHandlerComponentFactory (StatelessConnectHandlerComponent)
[2018.12.01-20.34.27:770][363]LogNet: Game client on port 17777, rate 10000
[2018.12.01-20.34.27:773][363]PIE: Play in editor start time for /Game/Maps/MainMenu 0.534
[2018.12.01-20.34.27:784][363]LogBlueprintUserMessages: Late PlayInEditor Detection: Level '/Game/Maps/MainMenu.MainMenu:PersistentLevel' has LevelScriptBlueprint '/Game/Maps/MainMenu.MainMenu:PersistentLevel.MainMenu' with GeneratedClass '/Game/Maps/MainMenu.MainMenu_C' with ClassGeneratedBy '/Game/Maps/MainMenu.MainMenu:PersistentLevel.MainMenu'
[2018.12.01-20.34.27:784][363]LogNet: NotifyAcceptingConnection accepted from: 127.0.0.1:49767
[2018.12.01-20.34.27:784][363]LogHandshake: SendConnectChallenge. Timestamp: 0.008334, Cookie: 048010197075018020033002137232085069101184178046189237244029
[2018.12.01-20.34.27:796][363]LogHandshake: SendChallengeResponse. Timestamp: 0.008334, Cookie: 048010197075018020033002137232085069101184178046189237244029
[2018.12.01-20.34.27:814][363]LogRenderer: Reallocating scene render targets to support 1292x756 Format 10 NumSamples 1 (Frame:1).
[2018.12.01-20.34.27:883][364]LogNet: NotifyAcceptingConnection accepted from: 127.0.0.1:49767
[2018.12.01-20.34.27:883][364]LogHandshake: SendChallengeAck. InCookie: 048010197075018020033002137232085069101184178046189237244029
[2018.12.01-20.34.27:883][364]LogNet: Server accepting post-challenge connection from: 127.0.0.1:49767
[2018.12.01-20.34.27:884][364]PacketHandlerLog: Loaded PacketHandler component: Engine.EngineHandlerComponentFactory (StatelessConnectHandlerComponent)
[2018.12.01-20.34.27:884][364]LogNet: NotifyAcceptedConnection: Name: MainMenu, TimeStamp: 12/01/18 15:34:27, [UNetConnection] RemoteAddr: 127.0.0.1:49767, Name: IpConnection_1, Driver: GameNetDriver IpNetDriver_0, IsServer: YES, PC: NULL, Owner: NULL, UniqueId: INVALID
[2018.12.01-20.34.27:884][364]LogNet: AddClientConnection: Added client connection: [UNetConnection] RemoteAddr: 127.0.0.1:49767, Name: IpConnection_1, Driver: GameNetDriver IpNetDriver_0, IsServer: YES, PC: NULL, Owner: NULL, UniqueId: INVALID
[2018.12.01-20.34.27:885][364]LogNetVersion: SteamProject 1.0.0.0, NetCL: 4212847, EngineNetVer: 5, GameNetVer: 0 (Checksum: 1556400275)
[2018.12.01-20.34.27:885][364]LogNet: UPendingNetGame::SendInitialJoin: Sending hello. [UNetConnection] RemoteAddr: 127.0.0.1:17777, Name: IpConnection_0, Driver: PendingNetDriver IpNetDriver_1, IsServer: NO, PC: NULL, Owner: NULL, UniqueId: INVALID
[2018.12.01-20.34.27:903][365]LogNet: NotifyAcceptingChannel Control 0 server World /Game/Maps/UEDPIE_1_MainMenu.MainMenu: Accepted
[2018.12.01-20.34.27:903][365]LogNet: Remote platform little endian=1
[2018.12.01-20.34.27:903][365]LogNet: This platform little endian=1
[2018.12.01-20.34.27:928][366]LogNet: Login request: /Game/Maps/MainMenu?Name=Max-PC-BBC3B78E4B8D6FF59029DEACF793F7D3 userId: Max-PC-BBC3B78E4B8D6FF59029DEACF793F7D3
[2018.12.01-20.34.27:929][366]LogNet: Welcomed by server (Level: /Game/Maps/UEDPIE_1_MainMenu, Game: /Game/ThirdPersonBP/Blueprints/ThirdPersonGameMode.ThirdPersonGameMode_C)
[2018.12.01-20.34.27:929][366]LogLoad: LoadMap: 127.0.0.1:17777//Game/Maps/UEDPIE_1_MainMenu?game=/Game/ThirdPersonBP/Blueprints/ThirdPersonGameMode.ThirdPersonGameMode_C
[2018.12.01-20.34.27:962][366]LogAIModule: Creating AISystem for world MainMenu
[2018.12.01-20.34.27:962][366]LogTemp: Display: ParseSettings for GameNetDriver
[2018.12.01-20.34.27:963][366]LogWorld: Bringing World /Game/Maps/UEDPIE_2_MainMenu.MainMenu up for play (max tick rate 0) at 2018.12.01-15.34.27
[2018.12.01-20.34.27:963][366]LogWorld: Bringing up level for play took: 0.000295
[2018.12.01-20.34.27:963][366]LogLoad: Took 0.034161 seconds to LoadMap(/Game/Maps/UEDPIE_1_MainMenu)
[2018.12.01-20.34.27:984][367]LogNet: Client netspeed is 10000
[2018.12.01-20.34.27:984][367]LogNet: Join request: /Game/Maps/MainMenu?Name=Max-PC-BBC3B78E4B8D6FF59029DEACF793F7D3?SplitscreenCount=1
[2018.12.01-20.34.27:984][367]LogOnline: Warning: OSS: No game present to join for session (GameSession)
[2018.12.01-20.34.27:991][367]LogNet: Join succeeded: Max-PC-BBC3B78E4B8D6
[2018.12.01-20.34.28:054][371]LogOnline: Warning: OSS: No game present to join for session (GameSession)
[2018.12.01-20.34.28:067][372]LogOnline: Warning: OSS: No game present to join for session (GameSession)
[2018.12.01-20.34.28:703][430]LogSlate: FSceneViewport::OnFocusLost() reason 0
[2018.12.01-20.34.29:777][527]LogSlate: FSceneViewport::OnFocusLost() reason 0
[2018.12.01-20.34.32:015][735]LogNet: Browse: /Game/Maps/Lobby?listen
[2018.12.01-20.34.32:015][735]LogLoad: LoadMap: /Game/Maps/Lobby?listen
[2018.12.01-20.34.32:015][735]LogNet: World NetDriver shutdown IpNetDriver_0 [GameNetDriver]
[2018.12.01-20.34.32:015][735]LogNet: DestroyNamedNetDriver IpNetDriver_0 [GameNetDriver]
[2018.12.01-20.34.32:016][735]LogNet: UNetConnection::Cleanup: Closing open connection. [UNetConnection] RemoteAddr: 127.0.0.1:49767, Name: IpConnection_1, Driver: GameNetDriver IpNetDriver_0, IsServer: YES, PC: PlayerController_1, Owner: PlayerController_1, UniqueId: NULL:Max-PC-BBC3B78E4B8D6FF59029DEACF793F7D3
[2018.12.01-20.34.32:016][735]LogNet: UNetConnection::Close: [UNetConnection] RemoteAddr: 127.0.0.1:49767, Name: IpConnection_1, Driver: GameNetDriver IpNetDriver_0, IsServer: YES, PC: PlayerController_1, Owner: PlayerController_1, UniqueId: NULL:Max-PC-BBC3B78E4B8D6FF59029DEACF793F7D3, Channels: 10, Time: 2018.12.01-20.34.32
[2018.12.01-20.34.32:016][735]LogNet: UChannel::Close: Sending CloseBunch. ChIndex == 0. Name: [UChannel] ChIndex: 0, Closing: 0 [UNetConnection] RemoteAddr: 127.0.0.1:49767, Name: IpConnection_1, Driver: GameNetDriver IpNetDriver_0, IsServer: YES, PC: PlayerController_1, Owner: PlayerController_1, UniqueId: NULL:Max-PC-BBC3B78E4B8D6FF59029DEACF793F7D3
[2018.12.01-20.34.32:016][735]LogExit: GameNetDriver IpNetDriver_0 shut down
[2018.12.01-20.34.33:745][735]LogAIModule: Creating AISystem for world Lobby
[2018.12.01-20.34.33:745][735]LogLoad: Game class is 'LobbyGM_C'
[2018.12.01-20.34.33:745][735]LogTemp: Display: ParseSettings for GameNetDriver
[2018.12.01-20.34.33:746][735]LogTemp: Display: ParseSettings for IpNetDriver_2
[2018.12.01-20.34.33:746][735]LogTemp: Display: ParseSettings for GameNetDriver
[2018.12.01-20.34.33:746][735]LogNet: ReplicationDriverClass is null! Not using ReplicationDriver.
[2018.12.01-20.34.33:746][735]LogInit: WinSock: Socket queue 131072 / 131072
[2018.12.01-20.34.33:746][735]PacketHandlerLog: Loaded PacketHandler component: Engine.EngineHandlerComponentFactory (StatelessConnectHandlerComponent)
[2018.12.01-20.34.33:746][735]LogNet: GameNetDriver IpNetDriver_2 IpNetDriver listening on port 7777
[2018.12.01-20.34.33:749][735]LogWorld: Bringing World /Game/Maps/UEDPIE_1_Lobby.Lobby up for play (max tick rate 0) at 2018.12.01-15.34.33
[2018.12.01-20.34.33:750][735]LogWorld: Bringing up level for play took: 0.002713
[2018.12.01-20.34.33:798][735]LogLoad: Took 1.782727 seconds to LoadMap(/Game/Maps/Lobby)
[2018.12.01-20.34.33:799][735]LogNet: Warning: Network Failure: GameNetDriver[FailureReceived]: Host closed the connection.
[2018.12.01-20.34.33:799][735]LogNet: Warning: Network Failure: GameNetDriver[FailureReceived]: Host closed the connection.
[2018.12.01-20.34.33:799][735]LogNet: NetworkFailure: FailureReceived, Error: 'Host closed the connection.'
[2018.12.01-20.34.33:800][735]LogNet: UNetConnection::Close: [UNetConnection] RemoteAddr: 127.0.0.1:17777, Name: IpConnection_0, Driver: GameNetDriver IpNetDriver_1, IsServer: NO, PC: PlayerController_1, Owner: PlayerController_1, UniqueId: NULL:Max-PC-BBC3B78E4B8D6FF59029DEACF793F7D3, Channels: 10, Time: 2018.12.01-20.34.33
[2018.12.01-20.34.33:800][735]LogNet: UChannel::Close: Sending CloseBunch. ChIndex == 0. Name: [UChannel] ChIndex: 0, Closing: 0 [UNetConnection] RemoteAddr: 127.0.0.1:17777, Name: IpConnection_0, Driver: GameNetDriver IpNetDriver_1, IsServer: NO, PC: PlayerController_1, Owner: PlayerController_1, UniqueId: NULL:Max-PC-BBC3B78E4B8D6FF59029DEACF793F7D3
[2018.12.01-20.34.33:800][735]LogNet: Warning: Network Failure: GameNetDriver[ConnectionLost]: Your connection to the host has been lost.
[2018.12.01-20.34.33:801][735]LogNet: Warning: Network Failure: GameNetDriver[ConnectionLost]: Your connection to the host has been lost.
[2018.12.01-20.34.33:801][735]LogNet: NetworkFailure: ConnectionLost, Error: 'Your connection to the host has been lost.'
[2018.12.01-20.34.33:836][736]LogNet: Browse: /Game/Maps/MainMenu?closed
[2018.12.01-20.34.33:836][736]LogNet: Connection failed; returning to Entry
[2018.12.01-20.34.33:850][736]LogLoad: LoadMap: /Game/Maps/MainMenu?closed
[2018.12.01-20.34.33:850][736]LogNet: World NetDriver shutdown IpNetDriver_1 [GameNetDriver]
[2018.12.01-20.34.33:850][736]LogNet: DestroyNamedNetDriver IpNetDriver_1 [GameNetDriver]
[2018.12.01-20.34.33:850][736]LogExit: GameNetDriver IpNetDriver_1 shut down
[2018.12.01-20.34.33:883][736]LogPlayLevel: Creating play world package: /Game/Maps/UEDPIE_2_MainMenu
[2018.12.01-20.34.33:884][736]LogPlayLevel: PIE: StaticDuplicateObject took: (0.001006s)
[2018.12.01-20.34.33:884][736]LogAIModule: Creating AISystem for world MainMenu
[2018.12.01-20.34.33:884][736]LogPlayLevel: PIE: World Init took: (0.000608s)
[2018.12.01-20.34.33:884][736]LogPlayLevel: PIE: Created PIE world by copying editor world from /Game/Maps/MainMenu.MainMenu to /Game/Maps/UEDPIE_2_MainMenu.MainMenu (0.001762s)
[2018.12.01-20.34.33:884][736]LogLoad: Game class is 'ThirdPersonGameMode_C'
[2018.12.01-20.34.33:885][736]LogWorld: Bringing World /Game/Maps/UEDPIE_2_MainMenu.MainMenu up for play (max tick rate 0) at 2018.12.01-15.34.33
[2018.12.01-20.34.33:885][736]LogWorld: Bringing up level for play took: 0.000335
[2018.12.01-20.34.33:886][736]LogGameMode: FindPlayerStart: PATHS NOT DEFINED or NO PLAYERSTART with positive rating
[2018.12.01-20.34.33:888][736]LogLoad: Took 0.038371 seconds to LoadMap(/Game/Maps/UEDPIE_2_MainMenu)
[2018.12.01-20.34.39:400][208]LogSlate: FSceneViewport::OnFocusLost() reason 0
[2018.12.01-20.34.41:039][352]PIE: Warning: This widget does not support focus.  If this is a UserWidget, you should set bIsFocusable to true.
[2018.12.01-20.34.41:462][390]LogSlate: FSceneViewport::OnFocusLost() reason 0
[2018.12.01-20.34.50:574][208]LogSlate: FSceneViewport::OnFocusLost() reason 0
[2018.12.01-20.34.50:669][217]Cmd: servertravel /Game/Maps/Arena01
[2018.12.01-20.34.50:670][217]LogGameMode: Warning: CanServerTravel: Seamless travel currently NOT supported in single process PIE.
[2018.12.01-20.34.55:114][645]LogSlate: FSceneViewport::OnFocusLost() reason 0
[2018.12.01-20.34.55:216][653]LogSlate: Window 'SteamProject Game Preview Server (64-bit/PCD3D_SM5)' being destroyed
[2018.12.01-20.34.55:218][653]LogScript: Warning: Script Msg: DestroySession - Invalid player state
[2018.12.01-20.34.55:218][653]LogBlueprintUserMessages: Early EndPlayMap Detection: Level '/Game/Maps/MainMenu.MainMenu:PersistentLevel' has LevelScriptBlueprint '/Game/Maps/MainMenu.MainMenu:PersistentLevel.MainMenu' with GeneratedClass '/Game/Maps/MainMenu.MainMenu_C' with ClassGeneratedBy '/Game/Maps/MainMenu.MainMenu:PersistentLevel.MainMenu'
[2018.12.01-20.34.55:219][653]LogSlate: Updating window title bar state: overlay mode, drag disabled, window buttons hidden, title bar hidden
[2018.12.01-20.34.55:238][653]LogSlate: Window 'SteamProject Game Preview Client 1 (64-bit/PCD3D_SM5)' being destroyed
[2018.12.01-20.34.55:296][653]LogPlayLevel: Display: Shutting down PIE online subsystems
[2018.12.01-20.34.55:297][653]LogBlueprintUserMessages: Late EndPlayMap Detection: Level '/Game/Maps/MainMenu.MainMenu:PersistentLevel' has LevelScriptBlueprint '/Game/Maps/MainMenu.MainMenu:PersistentLevel.MainMenu' with GeneratedClass '/Game/Maps/MainMenu.MainMenu_C' with ClassGeneratedBy '/Game/Maps/MainMenu.MainMenu:PersistentLevel.MainMenu'
[2018.12.01-20.34.55:327][653]LogExit: GameNetDriver None shut down
[2018.12.01-20.34.55:365][654]LogPlayLevel: Display: Destroying online subsystem :Context_15
[2018.12.01-20.34.55:365][654]LogPlayLevel: Display: Destroying online subsystem :Context_14
[2018.12.01-20.34.57:834][935]Cmd: OBJ SAVEPACKAGE PACKAGE="/Game/Maps/MainMenu" FILE="C:/Users/maxsa/Desktop/Unreal Projects/SteamProject/Content/Maps/MainMenu.umap" SILENT=true AUTOSAVING=false KEEPDIRTY=false
[2018.12.01-20.34.58:024][935]LogSavePackage: Moving 'C:/Users/maxsa/Desktop/Unreal Projects/SteamProject/Saved/MainMenu9691E5CE4598B598BA51D3BBEF07ED83.tmp' to 'C:/Users/maxsa/Desktop/Unreal Projects/SteamProject/Content/Maps/MainMenu.umap'
[2018.12.01-20.34.58:060][935]Cmd: OBJ SAVEPACKAGE PACKAGE="/Game/Maps/MainMenu_BuiltData" FILE="C:/Users/maxsa/Desktop/Unreal Projects/SteamProject/Content/Maps/MainMenu_BuiltData.uasset" SILENT=true
[2018.12.01-20.34.58:095][935]LogSavePackage: Moving 'C:/Users/maxsa/Desktop/Unreal Projects/SteamProject/Saved/MainMenu_BuiltData98C777884D99AF6085F0CFA127F92F7B.tmp' to 'C:/Users/maxsa/Desktop/Unreal Projects/SteamProject/Content/Maps/MainMenu_BuiltData.uasset'
[2018.12.01-20.35.06:723][691]LogActorComponent: UnregisterComponent: (/Engine/Transient.EditorFloorComp) Not registered. Aborting.
[2018.12.01-20.35.06:783][691]LogSlate: Window 'SteamProject - Unreal Editor' being destroyed
[2018.12.01-20.35.06:784][691]LogWindowsTextInputMethodSystem: Display: IME system now deactivated.
[2018.12.01-20.35.06:971][692]Cmd: QUIT_EDITOR
[2018.12.01-20.35.07:890][692]LogExit: Preparing to exit.
[2018.12.01-20.35.08:461][692]LogExit: Editor shut down
[2018.12.01-20.35.08:462][692]LogExit: Transaction tracking system shut down
[2018.12.01-20.35.09:203][692]LogExit: Object subsystem successfully closed.
[2018.12.01-20.35.09:250][692]LogShaderCompilers: Display: Shaders left to compile 0
[2018.12.01-20.35.09:256][692]LogD3D11RHI: Shutdown
[2018.12.01-20.35.09:256][692]LogD3D11RHI: CleanupD3DDevice
[2018.12.01-20.35.09:260][692]LogD3D11RHI: ~FD3D11DynamicRHI
[2018.12.01-20.35.09:281][692]LogModuleManager: Shutting down and abandoning module MovieSceneCapture (620)
[2018.12.01-20.35.09:281][692]LogModuleManager: Shutting down and abandoning module Voice (618)
[2018.12.01-20.35.09:281][692]LogModuleManager: Shutting down and abandoning module SequencerWidgets (616)
[2018.12.01-20.35.09:281][692]LogModuleManager: Shutting down and abandoning module BlueprintGraph (614)
[2018.12.01-20.35.09:281][692]LogModuleManager: Shutting down and abandoning module HierarchicalLODOutliner (612)
[2018.12.01-20.35.09:281][692]LogModuleManager: Shutting down and abandoning module SceneOutliner (610)
[2018.12.01-20.35.09:281][692]LogModuleManager: Shutting down and abandoning module AddContentDialog (608)
[2018.12.01-20.35.09:281][692]LogModuleManager: Shutting down and abandoning module WidgetCarousel (607)
[2018.12.01-20.35.09:281][692]LogModuleManager: Shutting down and abandoning module EditorWidgets (604)
[2018.12.01-20.35.09:281][692]LogModuleManager: Shutting down and abandoning module CollectionManager (602)
[2018.12.01-20.35.09:282][692]LogModuleManager: Shutting down and abandoning module StatsViewer (600)
[2018.12.01-20.35.09:282][692]LogModuleManager: Shutting down and abandoning module FoliageEdit (598)
[2018.12.01-20.35.09:282][692]LogModuleManager: Shutting down and abandoning module LandscapeEditor (596)
[2018.12.01-20.35.09:282][692]LogModuleManager: Shutting down and abandoning module MeshPaintMode (594)
[2018.12.01-20.35.09:282][692]LogModuleManager: Shutting down and abandoning module SceneDepthPickerMode (592)
[2018.12.01-20.35.09:282][692]LogModuleManager: Shutting down and abandoning module ActorPickerMode (590)
[2018.12.01-20.35.09:282][692]LogModuleManager: Shutting down and abandoning module GeometryMode (588)
[2018.12.01-20.35.09:282][692]LogModuleManager: Shutting down and abandoning module TextureAlignMode (586)
[2018.12.01-20.35.09:282][692]LogModuleManager: Shutting down and abandoning module BspMode (584)
[2018.12.01-20.35.09:282][692]LogModuleManager: Shutting down and abandoning module PIEPreviewDeviceProfileSelector (582)
[2018.12.01-20.35.09:282][692]LogModuleManager: Shutting down and abandoning module SequenceRecorderSections (580)
[2018.12.01-20.35.09:282][692]LogModuleManager: Shutting down and abandoning module AutomationWorker (578)
[2018.12.01-20.35.09:282][692]LogModuleManager: Shutting down and abandoning module AudioCaptureEditor (576)
[2018.12.01-20.35.09:282][692]LogModuleManager: Shutting down and abandoning module SequenceRecorder (575)
[2018.12.01-20.35.09:282][692]LogModuleManager: Shutting down and abandoning module MatineeToLevelSequence (572)
[2018.12.01-20.35.09:282][692]LogModuleManager: Shutting down and abandoning module LevelSequenceEditor (570)
[2018.12.01-20.35.09:282][692]LogModuleManager: Shutting down and abandoning module PlacementMode (569)
[2018.12.01-20.35.09:282][692]LogModuleManager: Shutting down and abandoning module MaterialEditor (568)
[2018.12.01-20.35.09:282][692]LogModuleManager: Shutting down and abandoning module WmfMediaFactory (564)
[2018.12.01-20.35.09:282][692]LogModuleManager: Shutting down and abandoning module WmfMediaEditor (562)
[2018.12.01-20.35.09:282][692]LogModuleManager: Shutting down and abandoning module MediaPlayerEditor (560)
[2018.12.01-20.35.09:283][692]LogModuleManager: Shutting down and abandoning module OpenExrWrapper (558)
[2018.12.01-20.35.09:283][692]LogModuleManager: Shutting down and abandoning module ImgMediaFactory (556)
[2018.12.01-20.35.09:283][692]LogModuleManager: Shutting down and abandoning module ImgMediaEditor (554)
[2018.12.01-20.35.09:283][692]LogModuleManager: Shutting down and abandoning module AvfMediaFactory (552)
[2018.12.01-20.35.09:283][692]LogModuleManager: Shutting down and abandoning module AvfMediaEditor (550)
[2018.12.01-20.35.09:283][692]LogModuleManager: Shutting down and abandoning module AndroidMediaFactory (548)
[2018.12.01-20.35.09:283][692]LogModuleManager: Shutting down and abandoning module AndroidMediaEditor (546)
[2018.12.01-20.35.09:283][692]LogModuleManager: Shutting down and abandoning module MagicLeapCameraPreviewFactory (544)
[2018.12.01-20.35.09:283][692]LogModuleManager: Shutting down and abandoning module MagicLeapMediaFactory (542)
[2018.12.01-20.35.09:283][692]LogModuleManager: Shutting down and abandoning module MagicLeapMediaEditor (540)
[2018.12.01-20.35.09:283][692]LogModuleManager: Shutting down and abandoning module CharacterAI (538)
[2018.12.01-20.35.09:283][692]LogModuleManager: Shutting down and abandoning module SmartSnapping (536)
[2018.12.01-20.35.09:283][692]LogModuleManager: Shutting down and abandoning module SessionServices (534)
[2018.12.01-20.35.09:283][692]LogModuleManager: Shutting down and abandoning module ViewportSnapping (532)
[2018.12.01-20.35.09:283][692]LogModuleManager: Shutting down and abandoning module ViewportInteraction (530)
[2018.12.01-20.35.09:283][692]LogModuleManager: Shutting down and abandoning module ClothPainter (528)
[2018.12.01-20.35.09:283][692]LogModuleManager: Shutting down and abandoning module SkeletalMeshEditor (527)
[2018.12.01-20.35.09:283][692]LogModuleManager: Shutting down and abandoning module LogVisualizer (524)
[2018.12.01-20.35.09:283][692]LogModuleManager: Shutting down and abandoning module IntroTutorials (522)
[2018.12.01-20.35.09:283][692]LogModuleManager: Shutting down and abandoning module GameProjectGeneration (521)
[2018.12.01-20.35.09:283][692]LogModuleManager: Shutting down and abandoning module LuminPlatformEditor (518)
[2018.12.01-20.35.09:283][692]LogModuleManager: Shutting down and abandoning module IOSPlatformEditor (516)
[2018.12.01-20.35.09:283][692]LogModuleManager: Shutting down and abandoning module HTML5PlatformEditor (514)
[2018.12.01-20.35.09:283][692]LogModuleManager: Shutting down and abandoning module AndroidPlatformEditor (512)
[2018.12.01-20.35.09:283][692]LogModuleManager: Shutting down and abandoning module AndroidDeviceDetection (511)
[2018.12.01-20.35.09:569][692]LogModuleManager: Shutting down and abandoning module WindowsPlatformEditor (508)
[2018.12.01-20.35.09:569][692]LogModuleManager: Shutting down and abandoning module LuminRuntimeSettings (506)
[2018.12.01-20.35.09:569][692]LogModuleManager: Shutting down and abandoning module IOSRuntimeSettings (504)
[2018.12.01-20.35.09:569][692]LogModuleManager: Shutting down and abandoning module AndroidRuntimeSettings (502)
[2018.12.01-20.35.09:569][692]LogModuleManager: Shutting down and abandoning module InputBindingEditor (500)
[2018.12.01-20.35.09:569][692]LogModuleManager: Shutting down and abandoning module MergeActors (498)
[2018.12.01-20.35.09:569][692]LogModuleManager: Shutting down and abandoning module LocalizationDashboard (496)
[2018.12.01-20.35.09:569][692]LogModuleManager: Shutting down and abandoning module LocalizationService (495)
[2018.12.01-20.35.09:569][692]LogModuleManager: Shutting down and abandoning module HardwareTargeting (492)
[2018.12.01-20.35.09:569][692]LogModuleManager: Shutting down and abandoning module DeviceProfileEditor (490)
[2018.12.01-20.35.09:569][692]LogModuleManager: Shutting down and abandoning module UndoHistory (488)
[2018.12.01-20.35.09:569][692]LogModuleManager: Shutting down and abandoning module XmlParser (486)
[2018.12.01-20.35.09:569][692]LogModuleManager: Shutting down and abandoning module Blutility (484)
[2018.12.01-20.35.09:570][692]LogModuleManager: Shutting down and abandoning module ProjectSettingsViewer (482)
[2018.12.01-20.35.09:570][692]LogModuleManager: Shutting down and abandoning module ProjectTargetPlatformEditor (481)
[2018.12.01-20.35.09:570][692]LogModuleManager: Shutting down and abandoning module EditorSettingsViewer (478)
[2018.12.01-20.35.09:570][692]LogModuleManager: Shutting down and abandoning module SettingsEditor (476)
[2018.12.01-20.35.09:570][692]LogModuleManager: Shutting down and abandoning module ProjectLauncher (474)
[2018.12.01-20.35.09:570][692]LogModuleManager: Shutting down and abandoning module SessionFrontend (472)
[2018.12.01-20.35.09:570][692]LogModuleManager: Shutting down and abandoning module ProfilerClient (470)
[2018.12.01-20.35.09:570][692]LogModuleManager: Shutting down and abandoning module DeviceManager (468)
[2018.12.01-20.35.09:570][692]LogModuleManager: Shutting down and abandoning module TargetDeviceServices (467)
[2018.12.01-20.35.09:626][692]LogModuleManager: Shutting down and abandoning module AutomationController (464)
[2018.12.01-20.35.09:626][692]LogModuleManager: Shutting down and abandoning module AutomationWindow (462)
[2018.12.01-20.35.09:626][692]LogModuleManager: Shutting down and abandoning module Layers (460)
[2018.12.01-20.35.09:626][692]LogModuleManager: Shutting down and abandoning module ComponentVisualizers (458)
[2018.12.01-20.35.09:626][692]LogModuleManager: Shutting down and abandoning module DetailCustomizations (456)
[2018.12.01-20.35.09:626][692]LogModuleManager: Shutting down and abandoning module PackagesDialog (454)
[2018.12.01-20.35.09:627][692]LogModuleManager: Shutting down and abandoning module Persona (452)
[2018.12.01-20.35.09:627][692]LogModuleManager: Shutting down and abandoning module AdvancedPreviewScene (451)
[2018.12.01-20.35.09:627][692]LogModuleManager: Shutting down and abandoning module AnimGraph (449)
[2018.12.01-20.35.09:627][692]LogModuleManager: Shutting down and abandoning module Kismet (446)
[2018.12.01-20.35.09:636][692]LogModuleManager: Shutting down and abandoning module GraphEditor (444)
[2018.12.01-20.35.09:636][692]LogModuleManager: Shutting down and abandoning module ClassViewer (442)
[2018.12.01-20.35.09:636][692]LogModuleManager: Shutting down and abandoning module Toolbox (440)
[2018.12.01-20.35.09:636][692]LogModuleManager: Shutting down and abandoning module ModuleUI (438)
[2018.12.01-20.35.09:636][692]LogModuleManager: Shutting down and abandoning module MovieSceneTools (436)
[2018.12.01-20.35.09:637][692]LogModuleManager: Shutting down and abandoning module OutputLog (434)
[2018.12.01-20.35.09:637][692]LogModuleManager: Shutting down and abandoning module GammaUI (432)
[2018.12.01-20.35.09:637][692]LogModuleManager: Shutting down and abandoning module Documentation (430)
[2018.12.01-20.35.09:637][692]LogModuleManager: Shutting down and abandoning module MovieSceneTracks (428)
[2018.12.01-20.35.09:637][692]LogModuleManager: Shutting down and abandoning module MovieScene (426)
[2018.12.01-20.35.09:637][692]LogModuleManager: Shutting down and abandoning module StreamingPauseRendering (424)
[2018.12.01-20.35.09:637][692]LogModuleManager: Shutting down and abandoning module LauncherPlatform (422)
[2018.12.01-20.35.09:637][692]LogModuleManager: Shutting down and abandoning module AnalyticsET (420)
[2018.12.01-20.35.09:637][692]LogModuleManager: Shutting down and abandoning module PortalServices (418)
[2018.12.01-20.35.09:637][692]LogModuleManager: Shutting down and abandoning module PortalRpc (416)
[2018.12.01-20.35.09:637][692]LogModuleManager: Shutting down and abandoning module MessagingRpc (414)
[2018.12.01-20.35.09:637][692]LogModuleManager: Shutting down and abandoning module AIModule (412)
[2018.12.01-20.35.09:637][692]LogModuleManager: Shutting down and abandoning module GameplayDebugger (411)
[2018.12.01-20.35.09:637][692]LogModuleManager: Shutting down and abandoning module AITestSuite (409)
[2018.12.01-20.35.09:637][692]LogModuleManager: Shutting down and abandoning module NavigationSystem (407)
[2018.12.01-20.35.09:637][692]LogModuleManager: Shutting down and abandoning module DesktopPlatform (404)
[2018.12.01-20.35.09:637][692]LogModuleManager: Shutting down and abandoning module ProfilerService (402)
[2018.12.01-20.35.09:836][692]LogModuleManager: Shutting down and abandoning module TaskGraph (400)
[2018.12.01-20.35.09:836][692]LogModuleManager: Shutting down and abandoning module SteamVRController (398)
[2018.12.01-20.35.09:836][692]LogModuleManager: Shutting down and abandoning module ProceduralMeshComponentEditor (396)
[2018.12.01-20.35.09:836][692]LogModuleManager: Shutting down and abandoning module ProceduralMeshComponent (394)
[2018.12.01-20.35.09:836][692]LogModuleManager: Shutting down and abandoning module OculusInput (392)
[2018.12.01-20.35.09:836][692]LogModuleManager: Shutting down and abandoning module MobilePatchingUtils (390)
[2018.12.01-20.35.09:836][692]LogModuleManager: Shutting down and abandoning module EditableMesh (388)
[2018.12.01-20.35.09:836][692]LogModuleManager: Shutting down and abandoning module CustomMeshComponent (386)
[2018.12.01-20.35.09:836][692]LogModuleManager: Shutting down and abandoning module CableComponent (384)
[2018.12.01-20.35.09:836][692]LogModuleManager: Shutting down and abandoning module AudioCapture (382)
[2018.12.01-20.35.09:836][692]LogModuleManager: Shutting down and abandoning module ArchVisCharacter (380)
[2018.12.01-20.35.09:836][692]LogModuleManager: Shutting down and abandoning module AndroidPermission (378)
[2018.12.01-20.35.09:836][692]LogModuleManager: Shutting down and abandoning module NUTUnrealEngine4 (376)
[2018.12.01-20.35.09:836][692]LogModuleManager: Shutting down and abandoning module NetcodeUnitTest (374)
[2018.12.01-20.35.09:836][692]LogModuleManager: Shutting down and abandoning module MediaCompositingEditor (372)
[2018.12.01-20.35.09:836][692]LogModuleManager: Shutting down and abandoning module MediaCompositing (370)
[2018.12.01-20.35.09:836][692]LogModuleManager: Shutting down and abandoning module LinearTimecode (368)
[2018.12.01-20.35.09:836][692]LogModuleManager: Shutting down and abandoning module ImgMedia (366)
[2018.12.01-20.35.09:858][692]LogModuleManager: Shutting down and abandoning module HTML5Networking (364)
[2018.12.01-20.35.09:858][692]LogModuleManager: Shutting down and abandoning module GeometryCacheTracks (362)
[2018.12.01-20.35.09:858][692]LogModuleManager: Shutting down and abandoning module GeometryCacheSequencer (360)
[2018.12.01-20.35.09:858][692]LogModuleManager: Shutting down and abandoning module BackChannel (358)
[2018.12.01-20.35.09:858][692]LogModuleManager: Shutting down and abandoning module AppleVision (356)
[2018.12.01-20.35.09:858][692]LogModuleManager: Shutting down and abandoning module AppleImageUtils (354)
[2018.12.01-20.35.09:858][692]LogModuleManager: Shutting down and abandoning module AlembicImporter (352)
[2018.12.01-20.35.09:858][692]LogModuleManager: Shutting down and abandoning module AlembicLibrary (351)
[2018.12.01-20.35.09:858][692]LogModuleManager: Shutting down and abandoning module GeometryCache (350)
[2018.12.01-20.35.09:858][692]LogModuleManager: Shutting down and abandoning module GeometryCacheEd (349)
[2018.12.01-20.35.09:858][692]LogModuleManager: Shutting down and abandoning module DatasmithContentEditor (344)
[2018.12.01-20.35.09:858][692]LogModuleManager: Shutting down and abandoning module DatasmithContent (342)
[2018.12.01-20.35.09:859][692]LogModuleManager: Shutting down and abandoning module SpeedTreeImporter (340)
[2018.12.01-20.35.09:859][692]LogModuleManager: Shutting down and abandoning module PluginBrowser (338)
[2018.12.01-20.35.09:859][692]LogModuleManager: Shutting down and abandoning module MobileLauncherProfileWizard (336)
[2018.12.01-20.35.09:859][692]LogModuleManager: Shutting down and abandoning module PolygonModeling (334)
[2018.12.01-20.35.09:859][692]LogModuleManager: Shutting down and abandoning module MeshEditor (332)
[2018.12.01-20.35.09:859][692]LogModuleManager: Shutting down and abandoning module CryptoKeysOpenSSL (330)
[2018.12.01-20.35.09:859][692]LogModuleManager: Shutting down and abandoning module CryptoKeys (328)
[2018.12.01-20.35.09:859][692]LogModuleManager: Shutting down and abandoning module VisualStudioSourceCodeAccess (326)
[2018.12.01-20.35.09:859][692]LogModuleManager: Shutting down and abandoning module VisualStudioCodeSourceCodeAccess (324)
[2018.12.01-20.35.09:859][692]LogModuleManager: Shutting down and abandoning module UObjectPlugin (322)
[2018.12.01-20.35.09:859][692]LogModuleManager: Shutting down and abandoning module SubversionSourceControl (320)
[2018.12.01-20.35.09:859][692]LogModuleManager: Shutting down and abandoning module PerforceSourceControl (318)
[2018.12.01-20.35.09:859][692]LogModuleManager: Shutting down and abandoning module GitSourceControl (316)
[2018.12.01-20.35.09:859][692]LogModuleManager: Shutting down and abandoning module SourceControl (315)
[2018.12.01-20.35.09:859][692]LogModuleManager: Shutting down and abandoning module CLionSourceCodeAccess (312)
[2018.12.01-20.35.09:859][692]LogModuleManager: Shutting down and abandoning module LightPropagationVolumeEditor (310)
[2018.12.01-20.35.09:859][692]LogModuleManager: Shutting down and abandoning module PaperTiledImporter (308)
[2018.12.01-20.35.09:859][692]LogModuleManager: Shutting down and abandoning module PaperSpriteSheetImporter (306)
[2018.12.01-20.35.09:859][692]LogModuleManager: Shutting down and abandoning module Paper2DEditor (304)
[2018.12.01-20.35.09:859][692]LogModuleManager: Shutting down and abandoning module MeshPaint (303)
[2018.12.01-20.35.09:859][692]LogModuleManager: Shutting down and abandoning module RuntimePhysXCooking (300)
[2018.12.01-20.35.09:859][692]LogModuleManager: Shutting down and abandoning module PhysXVehiclesEditor (298)
[2018.12.01-20.35.09:859][692]LogModuleManager: Shutting down and abandoning module PhysXVehicles (296)
[2018.12.01-20.35.09:859][692]LogModuleManager: Shutting down and abandoning module OculusEditor (294)
[2018.12.01-20.35.09:859][692]LogModuleManager: Shutting down and abandoning module LocationServicesBPLibrary (292)
[2018.12.01-20.35.09:859][692]LogModuleManager: Shutting down and abandoning module ImmediatePhysicsEditor (290)
[2018.12.01-20.35.09:859][692]LogModuleManager: Shutting down and abandoning module ImmediatePhysics (288)
[2018.12.01-20.35.09:860][692]LogModuleManager: Shutting down and abandoning module ActorSequence (286)
[2018.12.01-20.35.09:860][692]LogModuleManager: Shutting down and abandoning module UdpMessaging (284)
[2018.12.01-20.35.09:961][692]LogModuleManager: Shutting down and abandoning module TcpMessaging (282)
[2018.12.01-20.35.10:062][692]LogModuleManager: Shutting down and abandoning module MagicLeapAudio (280)
[2018.12.01-20.35.10:062][692]LogModuleManager: Shutting down and abandoning module GameplayTagsEditor (278)
[2018.12.01-20.35.10:062][692]LogModuleManager: Shutting down and abandoning module FacialAnimationEditor (276)
[2018.12.01-20.35.10:062][692]LogModuleManager: Shutting down and abandoning module FacialAnimation (274)
[2018.12.01-20.35.10:062][692]LogModuleManager: Shutting down and abandoning module DataValidation (272)
[2018.12.01-20.35.10:062][692]LogModuleManager: Shutting down and abandoning module AssetManagerEditor (270)
[2018.12.01-20.35.10:062][692]LogModuleManager: Shutting down and abandoning module LevelEditor (269)
[2018.12.01-20.35.10:062][692]LogModuleManager: Shutting down and abandoning module PixelInspectorModule (268)
[2018.12.01-20.35.10:063][692]LogModuleManager: Shutting down and abandoning module CommonMenuExtensions (266)
[2018.12.01-20.35.10:063][692]LogModuleManager: Shutting down and abandoning module MainFrame (264)
[2018.12.01-20.35.10:063][692]LogModuleManager: Shutting down and abandoning module HotReload (263)
[2018.12.01-20.35.10:063][692]LogModuleManager: Shutting down and abandoning module ContentBrowser (259)
[2018.12.01-20.35.10:064][692]LogModuleManager: Shutting down and abandoning module TreeMap (257)
[2018.12.01-20.35.10:064][692]LogModuleManager: Shutting down and abandoning module LightPropagationVolumeRuntime (254)
[2018.12.01-20.35.10:064][692]LogModuleManager: Shutting down and abandoning module AISupportModule (252)
[2018.12.01-20.35.10:064][692]LogModuleManager: Shutting down and abandoning module Paper2D (250)
[2018.12.01-20.35.10:064][692]LogModuleManager: Shutting down and abandoning module WindowsMoviePlayer (248)
[2018.12.01-20.35.10:064][692]LogModuleManager: Shutting down and abandoning module WmfMedia (246)
[2018.12.01-20.35.10:065][692]LogModuleManager: Shutting down and abandoning module Media (245)
[2018.12.01-20.35.10:071][692]LogModuleManager: Shutting down and abandoning module PacketHandler (242)
[2018.12.01-20.35.10:071][692]LogModuleManager: Shutting down and abandoning module ClothingSystemEditor (240)
[2018.12.01-20.35.10:071][692]LogModuleManager: Shutting down and abandoning module ClothingSystemRuntime (238)
[2018.12.01-20.35.10:090][692]LogModuleManager: Shutting down and abandoning module MediaAssets (236)
[2018.12.01-20.35.10:090][692]LogModuleManager: Shutting down and abandoning module Overlay (234)
[2018.12.01-20.35.10:090][692]LogModuleManager: Shutting down and abandoning module OverlayEditor (233)
[2018.12.01-20.35.10:090][692]LogModuleManager: Shutting down and abandoning module VREditor (230)
[2018.12.01-20.35.10:090][692]LogModuleManager: Shutting down and abandoning module StringTableEditor (228)
[2018.12.01-20.35.10:090][692]LogModuleManager: Shutting down and abandoning module GameplayTasksEditor (226)
[2018.12.01-20.35.10:090][692]LogModuleManager: Shutting down and abandoning module BehaviorTreeEditor (224)
[2018.12.01-20.35.10:090][692]LogModuleManager: Shutting down and abandoning module FunctionalTesting (222)
[2018.12.01-20.35.10:090][692]LogModuleManager: Shutting down and abandoning module CollisionAnalyzer (220)
[2018.12.01-20.35.10:090][692]LogModuleManager: Shutting down and abandoning module WorkspaceMenuStructure (219)
[2018.12.01-20.35.10:090][692]LogModuleManager: Shutting down and abandoning module UMG (216)
[2018.12.01-20.35.10:090][692]LogModuleManager: Shutting down and abandoning module UMGEditor (215)
[2018.12.01-20.35.10:090][692]LogModuleManager: Shutting down and abandoning module Sequencer (214)
[2018.12.01-20.35.10:091][692]LogModuleManager: Shutting down and abandoning module MessageLog (211)
[2018.12.01-20.35.10:091][692]LogModuleManager: Shutting down and abandoning module SlateReflector (206)
[2018.12.01-20.35.10:091][692]LogModuleManager: Shutting down and abandoning module Slate (204)
[2018.12.01-20.35.10:091][692]LogModuleManager: Shutting down and abandoning module EditorStyle (202)
[2018.12.01-20.35.10:093][692]LogModuleManager: Shutting down and abandoning module MRMesh (200)
[2018.12.01-20.35.10:093][692]LogModuleManager: Shutting down and abandoning module SourceCodeAccess (198)
[2018.12.01-20.35.10:093][692]LogModuleManager: Shutting down and abandoning module HeadMountedDisplay (196)
[2018.12.01-20.35.10:093][692]LogModuleManager: Shutting down and abandoning module XAudio2 (194)
[2018.12.01-20.35.10:093][692]LogModuleManager: Shutting down and abandoning module Networking (192)
[2018.12.01-20.35.10:093][692]LogModuleManager: Shutting down and abandoning module Core (190)
[2018.12.01-20.35.10:093][692]LogModuleManager: Shutting down and abandoning module LevelSequence (188)
[2018.12.01-20.35.10:093][692]LogModuleManager: Shutting down and abandoning module KismetCompiler (186)
[2018.12.01-20.35.10:093][692]LogModuleManager: Shutting down and abandoning module MeshUtilities (184)
[2018.12.01-20.35.10:093][692]LogModuleManager: Shutting down and abandoning module MeshMergeUtilities (183)
[2018.12.01-20.35.10:093][692]LogModuleManager: Shutting down and abandoning module MeshReductionInterface (182)
[2018.12.01-20.35.10:093][692]LogModuleManager: Shutting down and abandoning module SimplygonSwarm (181)
[2018.12.01-20.35.10:093][692]LogModuleManager: Shutting down and abandoning module ProxyLODMeshReduction (179)
[2018.12.01-20.35.10:093][692]LogModuleManager: Shutting down and abandoning module SimplygonMeshReduction (177)
[2018.12.01-20.35.10:093][692]LogModuleManager: Shutting down and abandoning module QuadricMeshReduction (175)
[2018.12.01-20.35.10:093][692]LogModuleManager: Shutting down and abandoning module MaterialBaking (171)
[2018.12.01-20.35.10:093][692]LogModuleManager: Shutting down and abandoning module DirectoryWatcher (167)
[2018.12.01-20.35.10:093][692]LogModuleManager: Shutting down and abandoning module DerivedDataCache (164)
[2018.12.01-20.35.10:182][692]LogDerivedDataCache: Shutdown
[2018.12.01-20.35.10:182][692]LogModuleManager: Shutting down and abandoning module XGEController (162)
[2018.12.01-20.35.10:182][692]LogXGEController: Cleaning working directory: C:/Users/maxsa/AppData/Local/Temp/UnrealXGEWorkingDir/
[2018.12.01-20.35.10:182][692]LogModuleManager: Shutting down and abandoning module TargetPlatform (160)
[2018.12.01-20.35.10:182][692]LogModuleManager: Shutting down and abandoning module VulkanShaderFormat (159)
[2018.12.01-20.35.10:182][692]LogModuleManager: Shutting down and abandoning module ShaderFormatVectorVM (157)
[2018.12.01-20.35.10:183][692]LogModuleManager: Shutting down and abandoning module ShaderFormatOpenGL (155)
[2018.12.01-20.35.10:183][692]LogModuleManager: Shutting down and abandoning module ShaderFormatD3D (153)
[2018.12.01-20.35.10:183][692]LogModuleManager: Shutting down and abandoning module MetalShaderFormat (151)
[2018.12.01-20.35.10:183][692]LogModuleManager: Shutting down and abandoning module TextureFormatUncompressed (149)
[2018.12.01-20.35.10:183][692]LogModuleManager: Shutting down and abandoning module TextureFormatPVR (147)
[2018.12.01-20.35.10:183][692]LogModuleManager: Shutting down and abandoning module TextureFormatDXT (145)
[2018.12.01-20.35.10:183][692]LogModuleManager: Shutting down and abandoning module TextureFormatIntelISPCTexComp (143)
[2018.12.01-20.35.10:183][692]LogModuleManager: Shutting down and abandoning module TextureFormatASTC (141)
[2018.12.01-20.35.10:183][692]LogModuleManager: Shutting down and abandoning module ImageWrapper (140)
[2018.12.01-20.35.10:183][692]LogModuleManager: Shutting down and abandoning module TextureFormatAndroid (137)
[2018.12.01-20.35.10:183][692]LogModuleManager: Shutting down and abandoning module AudioFormatOpus (135)
[2018.12.01-20.35.10:183][692]LogModuleManager: Shutting down and abandoning module AudioFormatOgg (133)
[2018.12.01-20.35.10:183][692]LogModuleManager: Shutting down and abandoning module AudioFormatADPCM (131)
[2018.12.01-20.35.10:183][692]LogModuleManager: Shutting down and abandoning module LuminTargetPlatform (129)
[2018.12.01-20.35.10:183][692]LogModuleManager: Shutting down and abandoning module LinuxTargetPlatform (127)
[2018.12.01-20.35.10:183][692]LogModuleManager: Shutting down and abandoning module LinuxServerTargetPlatform (125)
[2018.12.01-20.35.10:183][692]LogModuleManager: Shutting down and abandoning module LinuxNoEditorTargetPlatform (123)
[2018.12.01-20.35.10:183][692]LogModuleManager: Shutting down and abandoning module LinuxClientTargetPlatform (121)
[2018.12.01-20.35.10:183][692]LogModuleManager: Shutting down and abandoning module TVOSTargetPlatform (119)
[2018.12.01-20.35.10:184][692]LogModuleManager: Shutting down and abandoning module Messaging (117)
[2018.12.01-20.35.10:184][692]LogModuleManager: Shutting down and abandoning module IOSTargetPlatform (115)
[2018.12.01-20.35.10:184][692]LogModuleManager: Shutting down and abandoning module HTML5TargetPlatform (113)
[2018.12.01-20.35.10:184][692]LogModuleManager: Shutting down and abandoning module AndroidTargetPlatform (111)
[2018.12.01-20.35.10:192][692]LogModuleManager: Shutting down and abandoning module WindowsTargetPlatform (109)
[2018.12.01-20.35.10:192][692]LogModuleManager: Shutting down and abandoning module WindowsServerTargetPlatform (107)
[2018.12.01-20.35.10:192][692]LogModuleManager: Shutting down and abandoning module WindowsNoEditorTargetPlatform (105)
[2018.12.01-20.35.10:192][692]LogModuleManager: Shutting down and abandoning module WindowsClientTargetPlatform (103)
[2018.12.01-20.35.10:192][692]LogModuleManager: Shutting down and abandoning module MacTargetPlatform (101)
[2018.12.01-20.35.10:192][692]LogModuleManager: Shutting down and abandoning module MacServerTargetPlatform (99)
[2018.12.01-20.35.10:192][692]LogModuleManager: Shutting down and abandoning module MacNoEditorTargetPlatform (97)
[2018.12.01-20.35.10:192][692]LogModuleManager: Shutting down and abandoning module MacClientTargetPlatform (95)
[2018.12.01-20.35.10:192][692]LogModuleManager: Shutting down and abandoning module AllDesktopTargetPlatform (93)
[2018.12.01-20.35.10:193][692]LogModuleManager: Shutting down and abandoning module InputCore (90)
[2018.12.01-20.35.10:193][692]LogModuleManager: Shutting down and abandoning module Settings (88)
[2018.12.01-20.35.10:193][692]LogModuleManager: Shutting down and abandoning module PhysXCooking (86)
[2018.12.01-20.35.10:193][692]LogModuleManager: Shutting down and abandoning module SteamVR (84)
[2018.12.01-20.35.10:193][692]LogModuleManager: Shutting down and abandoning module OculusHMD (82)
[2018.12.01-20.35.10:193][692]LogModuleManager: Shutting down and abandoning module ExampleDeviceProfileSelector (80)
[2018.12.01-20.35.10:193][692]LogModuleManager: Shutting down and abandoning module LauncherChunkInstaller (78)
[2018.12.01-20.35.10:193][692]LogModuleManager: Shutting down and abandoning module OnlineBlueprintSupport (76)
[2018.12.01-20.35.10:193][692]LogModuleManager: Shutting down and abandoning module OnlineSubsystem (72)
[2018.12.01-20.35.10:193][692]LogModuleManager: Shutting down and abandoning module XMPP (65)
[2018.12.01-20.35.10:194][692]LogModuleManager: Shutting down and abandoning module WebSockets (64)
[2018.12.01-20.35.10:196][692]LogModuleManager: Shutting down and abandoning module HTTP (61)
[2018.12.01-20.35.10:196][692]LogHttp: Display: Http module shutting down, but needs to wait on 1 outstanding Http requests:
[2018.12.01-20.35.10:196][692]LogHttp: Display: 	verb=[POST] url=[https://datarouter.ol.epicgames.com/datarouter/api/v1/public/data?SessionID=%7BF68F2112-4D7A-48A3-0957-BFB673A1A6CE%7D&AppID=UEEditor.Rocket.Release&AppVersion=4.20.3-4369336%2B%2B%2BUE4%2BRelease-4.20&UserID=9b2d74f540de947067f12f85f0e10fc3%7C121cf0c067fc45bf8a47a34e1f08bd7e%7C6529c761-14eb-4014-bd30-d410aae9a07c&AppEnvironment=datacollector-binary&UploadType=eteventstream] status=Processing
[2018.12.01-20.35.10:203][692]LogModuleManager: Shutting down and abandoning module SSL (60)
[2018.12.01-20.35.10:204][692]LogModuleManager: Shutting down and abandoning module MagicLeapEmulator (56)
[2018.12.01-20.35.10:204][692]LogModuleManager: Shutting down and abandoning module MagicLeapPrivileges (54)
[2018.12.01-20.35.10:204][692]LogModuleManager: Shutting down and abandoning module MagicLeapIdentity (52)
[2018.12.01-20.35.10:204][692]LogModuleManager: Shutting down and abandoning module MagicLeapHelperVulkan (50)
[2018.12.01-20.35.10:204][692]LogModuleManager: Shutting down and abandoning module MagicLeapHelperOpenGL (48)
[2018.12.01-20.35.10:204][692]LogModuleManager: Shutting down and abandoning module MagicLeapSecureStorage (46)
[2018.12.01-20.35.10:204][692]LogModuleManager: Shutting down and abandoning module MagicLeapGestures (44)
[2018.12.01-20.35.10:204][692]LogModuleManager: Shutting down and abandoning module MagicLeapEyeTracker (42)
[2018.12.01-20.35.10:204][692]LogModuleManager: Shutting down and abandoning module MagicLeapController (40)
[2018.12.01-20.35.10:204][692]LogSlate: Slate User Destroyed.  User Index 0, Is Virtual User: 0
[2018.12.01-20.35.10:204][692]LogModuleManager: Shutting down and abandoning module MagicLeap (38)
[2018.12.01-20.35.10:204][692]LogModuleManager: Shutting down and abandoning module AnimationModifiers (36)
[2018.12.01-20.35.10:204][692]LogModuleManager: Shutting down and abandoning module PropertyEditor (35)
[2018.12.01-20.35.10:204][692]LogModuleManager: Shutting down and abandoning module AudioEditor (32)
[2018.12.01-20.35.10:204][692]LogModuleManager: Shutting down and abandoning module TextureCompressor (30)
[2018.12.01-20.35.10:204][692]LogModuleManager: Shutting down and abandoning module ShaderCore (28)
[2018.12.01-20.35.10:204][692]LogModuleManager: Shutting down and abandoning module Landscape (26)
[2018.12.01-20.35.10:204][692]LogModuleManager: Shutting down and abandoning module SlateRHIRenderer (24)
[2018.12.01-20.35.10:205][692]LogModuleManager: Shutting down and abandoning module OpenGLDrv (22)
[2018.12.01-20.35.10:205][692]LogModuleManager: Shutting down and abandoning module D3D11RHI (20)
[2018.12.01-20.35.10:205][692]LogModuleManager: Shutting down and abandoning module AnimGraphRuntime (18)
[2018.12.01-20.35.10:205][692]LogModuleManager: Shutting down and abandoning module Renderer (16)
[2018.12.01-20.35.10:205][692]LogModuleManager: Shutting down and abandoning module Engine (14)
[2018.12.01-20.35.10:205][692]LogModuleManager: Shutting down and abandoning module CoreUObject (12)
[2018.12.01-20.35.10:205][692]LogModuleManager: Shutting down and abandoning module NetworkFile (10)
[2018.12.01-20.35.10:205][692]LogModuleManager: Shutting down and abandoning module CookedIterativeFile (8)
[2018.12.01-20.35.10:205][692]LogModuleManager: Shutting down and abandoning module StreamingFile (6)
[2018.12.01-20.35.10:205][692]LogModuleManager: Shutting down and abandoning module SandboxFile (4)
[2018.12.01-20.35.10:205][692]LogModuleManager: Shutting down and abandoning module PakFile (2)
[2018.12.01-20.35.10:207][692]LogExit: Exiting.
[2018.12.01-20.35.10:219][692]Log file closed, 12/01/18 15:35:10
