Log file open, 01/22/19 19:48:40
LogWindows: Failed to load 'aqProf.dll' (GetLastError=126)
LogWindows: File 'aqProf.dll' does not exist
LogWindows: Failed to load 'VtuneApi.dll' (GetLastError=126)
LogWindows: File 'VtuneApi.dll' does not exist
LogWindows: Failed to load 'VtuneApi32e.dll' (GetLastError=126)
LogWindows: File 'VtuneApi32e.dll' does not exist
LogConsoleResponse: Display: Failed to find resolution value strings in scalability ini. Falling back to default.
LogInit: Display: Running engine for game: SteamProject
LogPakFile: Registered encryption key '00000000000000000000000000000000': 0 pak files mounted, 0 remain pending
LogPlatformFile: Not using cached read wrapper
LogTaskGraph: Started task graph with 5 named threads and 14 total threads with 3 sets of task threads.
LogStats: Stats thread started at 0.181392
LogD3D11RHI: Loaded GFSDK_Aftermath_Lib.x64.dll
LogICUInternationalization: ICU TimeZone Detection - Raw Offset: -5:00, Platform Override: ''
LogPluginManager: Mounting plugin Paper2D
LogPluginManager: Mounting plugin AISupport
LogPluginManager: Mounting plugin LightPropagationVolume
LogPluginManager: Mounting plugin ActorLayerUtilities
LogPluginManager: Mounting plugin CLionSourceCodeAccess
LogPluginManager: Mounting plugin CodeLiteSourceCodeAccess
LogPluginManager: Mounting plugin GitSourceControl
LogPluginManager: Mounting plugin KDevelopSourceCodeAccess
LogPluginManager: Mounting plugin NullSourceCodeAccess
LogPluginManager: Mounting plugin PerforceSourceControl
LogPluginManager: Mounting plugin SubversionSourceControl
LogPluginManager: Mounting plugin UObjectPlugin
LogPluginManager: Mounting plugin VisualStudioCodeSourceCodeAccess
LogPluginManager: Mounting plugin VisualStudioSourceCodeAccess
LogPluginManager: Mounting plugin XCodeSourceCodeAccess
LogPluginManager: Mounting plugin AssetManagerEditor
LogPluginManager: Mounting plugin CryptoKeys
LogPluginManager: Mounting plugin DataValidation
LogPluginManager: Mounting plugin FacialAnimation
LogPluginManager: Mounting plugin GameplayTagsEditor
LogPluginManager: Mounting plugin MacGraphicsSwitching
LogPluginManager: Mounting plugin MeshEditor
LogPluginManager: Mounting plugin MobileLauncherProfileWizard
LogPluginManager: Mounting plugin PluginBrowser
LogPluginManager: Mounting plugin SpeedTreeImporter
LogPluginManager: Mounting plugin DatasmithContent
LogPluginManager: Mounting plugin VariantManagerContent
LogPluginManager: Mounting plugin AlembicImporter
LogPluginManager: Mounting plugin AppleImageUtils
LogPluginManager: Mounting plugin AppleVision
LogPluginManager: Mounting plugin BackChannel
LogPluginManager: Mounting plugin CharacterAI
LogPluginManager: Mounting plugin GeometryCache
LogPluginManager: Mounting plugin HTML5Networking
LogPluginManager: Mounting plugin ProxyLODPlugin
LogPluginManager: Mounting plugin MagicLeap
LogPluginManager: Mounting plugin MagicLeapMedia
LogPluginManager: Mounting plugin AndroidMedia
LogPluginManager: Mounting plugin AvfMedia
LogPluginManager: Mounting plugin ImgMedia
LogPluginManager: Mounting plugin LinearTimecode
LogPluginManager: Mounting plugin MediaCompositing
LogPluginManager: Mounting plugin MediaPlayerEditor
LogPluginManager: Mounting plugin WebMMedia
LogPluginManager: Mounting plugin WmfMedia
LogPluginManager: Mounting plugin TcpMessaging
LogPluginManager: Mounting plugin UdpMessaging
LogPluginManager: Mounting plugin ActorSequence
LogPluginManager: Mounting plugin LevelSequenceEditor
LogPluginManager: Mounting plugin MatineeToLevelSequence
LogPluginManager: Mounting plugin NetcodeUnitTest
LogPluginManager: Mounting plugin NUTUnrealEngine4
LogPluginManager: Mounting plugin OnlineSubsystemGooglePlay
LogPluginManager: Mounting plugin OnlineSubsystemIOS
LogPluginManager: Mounting plugin OnlineSubsystem
LogPluginManager: Mounting plugin OnlineSubsystemNull
LogPluginManager: Mounting plugin OnlineSubsystemSteam
LogPluginManager: Mounting plugin OnlineSubsystemUtils
LogPluginManager: Mounting plugin LauncherChunkInstaller
LogPluginManager: Mounting plugin AndroidDeviceProfileSelector
LogPluginManager: Mounting plugin AndroidMoviePlayer
LogPluginManager: Mounting plugin AndroidPermission
LogPluginManager: Mounting plugin AppleMoviePlayer
LogPluginManager: Mounting plugin ArchVisCharacter
LogPluginManager: Mounting plugin AudioCapture
LogPluginManager: Mounting plugin CableComponent
LogPluginManager: Mounting plugin CustomMeshComponent
LogPluginManager: Mounting plugin EditableMesh
LogPluginManager: Mounting plugin ExampleDeviceProfileSelector
LogPluginManager: Mounting plugin Firebase
LogPluginManager: Mounting plugin GoogleCloudMessaging
LogPluginManager: Mounting plugin IOSDeviceProfileSelector
LogPluginManager: Mounting plugin LinuxDeviceProfileSelector
LogPluginManager: Mounting plugin LocationServicesBPLibrary
LogPluginManager: Mounting plugin MobilePatchingUtils
LogPluginManager: Mounting plugin OculusVR
LogPluginManager: Mounting plugin PhysXVehicles
LogPluginManager: Mounting plugin ProceduralMeshComponent
LogPluginManager: Mounting plugin RuntimePhysXCooking
LogPluginManager: Mounting plugin SteamVR
LogPluginManager: Mounting plugin WebMMoviePlayer
LogPluginManager: Mounting plugin WindowsMoviePlayer
LogStreaming: Display: Took  0.094s to configure plugins.
LogInit: Using libcurl 7.55.1-DEV
LogInit:  - built for x86_64-pc-win32
LogInit:  - supports SSL with OpenSSL/1.0.2h
LogInit:  - supports HTTP deflate (compression) using libz 1.2.8
LogInit:  - other features:
LogInit:      CURL_VERSION_SSL
LogInit:      CURL_VERSION_LIBZ
LogInit:      CURL_VERSION_IPV6
LogInit:      CURL_VERSION_ASYNCHDNS
LogInit:      CURL_VERSION_LARGEFILE
LogInit:      CURL_VERSION_IDN
LogInit:  CurlRequestOptions (configurable via config and command line):
LogInit:  - bVerifyPeer = true  - Libcurl will verify peer certificate
LogInit:  - bUseHttpProxy = false  - Libcurl will NOT use HTTP proxy
LogInit:  - bDontReuseConnections = false  - Libcurl will reuse connections
LogInit:  - MaxHostConnections = 16  - Libcurl will limit the number of connections to a host
LogInit:  - LocalHostAddr = Default
LogInit:  - BufferSize = 65536
LogOnline: Display: STEAM: Loading Steam SDK 1.39
LogOnline: Warning: STEAM: Steamworks: SteamUtils() failed!
LogOnline: Warning: STEAM: Steamworks: SteamUser() failed!
LogOnline: Warning: STEAM: Steamworks: SteamFriends() failed!
LogOnline: Warning: STEAM: Steamworks: SteamRemoteStorage() failed!
LogOnline: Warning: STEAM: Steamworks: SteamUserStats() failed!
LogOnline: Warning: STEAM: Steamworks: SteamMatchmakingServers() failed!
LogOnline: Warning: STEAM: Steamworks: SteamApps() failed!
LogOnline: Warning: STEAM: Steamworks: SteamNetworking() failed!
LogOnline: Warning: STEAM: Steamworks: SteamMatchmaking() failed!
LogOnline: STEAM: [AppId: 0] Client API initialized 0
LogOnline: Display: STEAM: OnlineSubsystemSteam::Shutdown()
LogOnline: Warning: STEAM: Steam API failed to initialize!
LogOnline: Display: STEAM: OnlineSubsystemSteam::Shutdown()
LogOnline: OSS: Unable to create OnlineSubsystem module Steam
LogInit: WinSock: version 1.1 (2.2), MaxSocks=32767, MaxUdp=65467
LogInit: Build: ++UE4+Release-4.21-CL-4613538
LogInit: Engine Version: 4.21.1-4613538+++UE4+Release-4.21
LogInit: Compatible Engine Version: 4.21.0-4541578+++UE4+Release-4.21
LogInit: Net CL: 4541578
LogInit: OS: Windows 10 (), CPU:        Intel(R) Core(TM) i5-3570K CPU @ 3.40GHz, GPU: NVIDIA GeForce GTX 1070
LogInit: Compiled (64-bit): Nov 30 2018 04:13:25
LogInit: Compiled with Visual C++: 19.13.26129.00
LogInit: Build Configuration: Development
LogInit: Branch Name: ++UE4+Release-4.21
LogInit: Command Line:  -game
LogInit: Base Directory: C:/UE_4.21/Engine/Binaries/Win64/
LogInit: Installed Engine Build: 1
LogDevObjectVersion: Number of dev versions registered: 22
LogDevObjectVersion:   Dev-Blueprints (B0D832E4-1F89-4F0D-ACCF-7EB736FD4AA2): 10
LogDevObjectVersion:   Dev-Build (E1C64328-A22C-4D53-A36C-8E866417BD8C): 0
LogDevObjectVersion:   Dev-Core (375EC13C-06E4-48FB-B500-84F0262A717E): 2
LogDevObjectVersion:   Dev-Editor (E4B068ED-F494-42E9-A231-DA0B2E46BB41): 26
LogDevObjectVersion:   Dev-Framework (CFFC743F-43B0-4480-9391-14DF171D2073): 34
LogDevObjectVersion:   Dev-Mobile (B02B49B5-BB20-44E9-A304-32B752E40360): 2
LogDevObjectVersion:   Dev-Networking (A4E4105C-59A1-49B5-A7C5-40C4547EDFEE): 0
LogDevObjectVersion:   Dev-Online (39C831C9-5AE6-47DC-9A44-9C173E1C8E7C): 0
LogDevObjectVersion:   Dev-Physics (78F01B33-EBEA-4F98-B9B4-84EACCB95AA2): 0
LogDevObjectVersion:   Dev-Platform (6631380F-2D4D-43E0-8009-CF276956A95A): 0
LogDevObjectVersion:   Dev-Rendering (12F88B9F-8875-4AFC-A67C-D90C383ABD29): 27
LogDevObjectVersion:   Dev-Sequencer (7B5AE74C-D270-4C10-A958-57980B212A5A): 9
LogDevObjectVersion:   Dev-VR (D7296918-1DD6-4BDD-9DE2-64A83CC13884): 2
LogDevObjectVersion:   Dev-LoadTimes (C2A15278-BFE7-4AFE-6C17-90FF531DF755): 1
LogDevObjectVersion:   Private-Geometry (6EACA3D4-40EC-4CC1-B786-8BED09428FC5): 3
LogDevObjectVersion:   Dev-AnimPhys (29E575DD-E0A3-4627-9D10-D276232CDCEA): 17
LogDevObjectVersion:   Dev-Anim (AF43A65D-7FD3-4947-9873-3E8ED9C1BB05): 2
LogDevObjectVersion:   Dev-ReflectionCapture (6B266CEC-1EC7-4B8F-A30B-E4D90942FC07): 1
LogDevObjectVersion:   Dev-Automation (0DF73D61-A23F-47EA-B727-89E90C41499A): 1
LogDevObjectVersion:   FortniteMain (601D1886-AC64-4F84-AA16-D3DE0DEAC7D6): 17
LogDevObjectVersion:   Dev-Enterprise (9DFFBCD6-494F-0158-E221-12823C92A888): 4
LogDevObjectVersion:   Dev-Niagara (F2AED0AC-9AFE-416F-8664-AA7FFA26D6FC): 1
LogStreaming: Display: Took  0.006s to delete old logs.
LogInit: Presizing for max 8388607 objects, including 0 objects not considered by GC, pre-allocating 0 bytes for permanent pool.
LogInit: Object subsystem initialized
LogConfig: Setting CVar [[con.DebugEarlyDefault:1]]
LogConfig: Setting CVar [[r.setres:1280x720]]
[2019.01.23-00.48.40:925][  0]LogConfig: Setting CVar [[con.DebugEarlyDefault:1]]
[2019.01.23-00.48.40:925][  0]LogConfig: Setting CVar [[r.setres:1280x720]]
[2019.01.23-00.48.40:925][  0]LogConfig: Applying CVar settings from Section [/Script/Engine.RendererSettings] File [C:/Users/maxsa/Desktop/Unreal Projects/SteamProject/Saved/Config/Windows/Engine.ini]
[2019.01.23-00.48.40:925][  0]LogConfig: Setting CVar [[r.GPUCrashDebugging:0]]
[2019.01.23-00.48.40:925][  0]LogConfig: Applying CVar settings from Section [/Script/Engine.RendererOverrideSettings] File [C:/Users/maxsa/Desktop/Unreal Projects/SteamProject/Saved/Config/Windows/Engine.ini]
[2019.01.23-00.48.40:925][  0]LogConfig: Applying CVar settings from Section [/Script/Engine.StreamingSettings] File [C:/Users/maxsa/Desktop/Unreal Projects/SteamProject/Saved/Config/Windows/Engine.ini]
[2019.01.23-00.48.40:925][  0]LogConfig: Setting CVar [[s.MinBulkDataSizeForAsyncLoading:131072]]
[2019.01.23-00.48.40:925][  0]LogConfig: Setting CVar [[s.AsyncLoadingThreadEnabled:0]]
[2019.01.23-00.48.40:925][  0]LogConfig: Setting CVar [[s.EventDrivenLoaderEnabled:1]]
[2019.01.23-00.48.40:925][  0]LogConfig: Setting CVar [[s.WarnIfTimeLimitExceeded:0]]
[2019.01.23-00.48.40:925][  0]LogConfig: Setting CVar [[s.TimeLimitExceededMultiplier:1.5]]
[2019.01.23-00.48.40:925][  0]LogConfig: Setting CVar [[s.TimeLimitExceededMinTime:0.005]]
[2019.01.23-00.48.40:925][  0]LogConfig: Setting CVar [[s.UseBackgroundLevelStreaming:1]]
[2019.01.23-00.48.40:925][  0]LogConfig: Setting CVar [[s.PriorityAsyncLoadingExtraTime:15.0]]
[2019.01.23-00.48.40:926][  0]LogConfig: Setting CVar [[s.LevelStreamingActorsUpdateTimeLimit:5.0]]
[2019.01.23-00.48.40:926][  0]LogConfig: Setting CVar [[s.PriorityLevelStreamingActorsUpdateExtraTime:5.0]]
[2019.01.23-00.48.40:926][  0]LogConfig: Setting CVar [[s.LevelStreamingComponentsRegistrationGranularity:10]]
[2019.01.23-00.48.40:926][  0]LogConfig: Setting CVar [[s.UnregisterComponentsTimeLimit:1.0]]
[2019.01.23-00.48.40:926][  0]LogConfig: Setting CVar [[s.LevelStreamingComponentsUnregistrationGranularity:5]]
[2019.01.23-00.48.40:926][  0]LogConfig: Applying CVar settings from Section [/Script/Engine.GarbageCollectionSettings] File [C:/Users/maxsa/Desktop/Unreal Projects/SteamProject/Saved/Config/Windows/Engine.ini]
[2019.01.23-00.48.40:926][  0]LogConfig: Setting CVar [[gc.MaxObjectsNotConsideredByGC:1]]
[2019.01.23-00.48.40:926][  0]LogConfig: Setting CVar [[gc.SizeOfPermanentObjectPool:0]]
[2019.01.23-00.48.40:926][  0]LogConfig: Setting CVar [[gc.FlushStreamingOnGC:0]]
[2019.01.23-00.48.40:926][  0]LogConfig: Setting CVar [[gc.NumRetriesBeforeForcingGC:10]]
[2019.01.23-00.48.40:926][  0]LogConfig: Setting CVar [[gc.AllowParallelGC:1]]
[2019.01.23-00.48.40:926][  0]LogConfig: Setting CVar [[gc.TimeBetweenPurgingPendingKillObjects:61.1]]
[2019.01.23-00.48.40:926][  0]LogConfig: Setting CVar [[gc.MaxObjectsInEditor:8388607]]
[2019.01.23-00.48.40:926][  0]LogConfig: Setting CVar [[gc.IncrementalBeginDestroyEnabled:1]]
[2019.01.23-00.48.40:926][  0]LogConfig: Setting CVar [[gc.CreateGCClusters:1]]
[2019.01.23-00.48.40:926][  0]LogConfig: Setting CVar [[gc.MergeGCClusters:0]]
[2019.01.23-00.48.40:926][  0]LogConfig: Setting CVar [[gc.MinGCClusterSize:5]]
[2019.01.23-00.48.40:926][  0]LogConfig: Setting CVar [[gc.ActorClusteringEnabled:0]]
[2019.01.23-00.48.40:926][  0]LogConfig: Setting CVar [[gc.BlueprintClusteringEnabled:0]]
[2019.01.23-00.48.40:926][  0]LogConfig: Setting CVar [[gc.UseDisregardForGCOnDedicatedServers:0]]
[2019.01.23-00.48.40:926][  0]LogConfig: Applying CVar settings from Section [/Script/Engine.NetworkSettings] File [C:/Users/maxsa/Desktop/Unreal Projects/SteamProject/Saved/Config/Windows/Engine.ini]
[2019.01.23-00.48.40:926][  0]LogConfig: Applying CVar settings from Section [/Script/UnrealEd.CookerSettings] File [C:/Users/maxsa/Desktop/Unreal Projects/SteamProject/Saved/Config/Windows/Engine.ini]
[2019.01.23-00.48.40:935][  0]LogConfig: Applying CVar settings from Section [ViewDistanceQuality@3] File [C:/Users/maxsa/Desktop/Unreal Projects/SteamProject/Saved/Config/Windows/Scalability.ini]
[2019.01.23-00.48.40:935][  0]LogConfig: Setting CVar [[r.SkeletalMeshLODBias:0]]
[2019.01.23-00.48.40:935][  0]LogConfig: Setting CVar [[r.ViewDistanceScale:1.0]]
[2019.01.23-00.48.40:935][  0]LogConfig: Applying CVar settings from Section [AntiAliasingQuality@3] File [C:/Users/maxsa/Desktop/Unreal Projects/SteamProject/Saved/Config/Windows/Scalability.ini]
[2019.01.23-00.48.40:935][  0]LogConfig: Setting CVar [[r.PostProcessAAQuality:4]]
[2019.01.23-00.48.40:935][  0]LogConfig: Applying CVar settings from Section [ShadowQuality@3] File [C:/Users/maxsa/Desktop/Unreal Projects/SteamProject/Saved/Config/Windows/Scalability.ini]
[2019.01.23-00.48.40:935][  0]LogConfig: Setting CVar [[r.LightFunctionQuality:1]]
[2019.01.23-00.48.40:935][  0]LogConfig: Setting CVar [[r.ShadowQuality:5]]
[2019.01.23-00.48.40:935][  0]LogConfig: Setting CVar [[r.Shadow.CSM.MaxCascades:10]]
[2019.01.23-00.48.40:935][  0]LogConfig: Setting CVar [[r.Shadow.MaxResolution:2048]]
[2019.01.23-00.48.40:935][  0]LogConfig: Setting CVar [[r.Shadow.MaxCSMResolution:2048]]
[2019.01.23-00.48.40:935][  0]LogConfig: Setting CVar [[r.Shadow.RadiusThreshold:0.01]]
[2019.01.23-00.48.40:935][  0]LogConfig: Setting CVar [[r.Shadow.DistanceScale:1.0]]
[2019.01.23-00.48.40:935][  0]LogConfig: Setting CVar [[r.Shadow.CSM.TransitionScale:1.0]]
[2019.01.23-00.48.40:935][  0]LogConfig: Setting CVar [[r.Shadow.PreShadowResolutionFactor:1.0]]
[2019.01.23-00.48.40:935][  0]LogConfig: Setting CVar [[r.DistanceFieldShadowing:1]]
[2019.01.23-00.48.40:935][  0]LogConfig: Setting CVar [[r.DistanceFieldAO:1]]
[2019.01.23-00.48.40:935][  0]LogConfig: Setting CVar [[r.AOQuality:2]]
[2019.01.23-00.48.40:935][  0]LogConfig: Setting CVar [[r.VolumetricFog:1]]
[2019.01.23-00.48.40:935][  0]LogConfig: Setting CVar [[r.VolumetricFog.GridPixelSize:8]]
[2019.01.23-00.48.40:935][  0]LogConfig: Setting CVar [[r.VolumetricFog.GridSizeZ:128]]
[2019.01.23-00.48.40:935][  0]LogConfig: Setting CVar [[r.VolumetricFog.HistoryMissSupersampleCount:4]]
[2019.01.23-00.48.40:935][  0]LogConfig: Setting CVar [[r.LightMaxDrawDistanceScale:1]]
[2019.01.23-00.48.40:935][  0]LogConfig: Setting CVar [[r.CapsuleShadows:1]]
[2019.01.23-00.48.40:935][  0]LogConfig: Applying CVar settings from Section [PostProcessQuality@3] File [C:/Users/maxsa/Desktop/Unreal Projects/SteamProject/Saved/Config/Windows/Scalability.ini]
[2019.01.23-00.48.40:935][  0]LogConfig: Setting CVar [[r.MotionBlurQuality:4]]
[2019.01.23-00.48.40:935][  0]LogConfig: Setting CVar [[r.AmbientOcclusionMipLevelFactor:0.4]]
[2019.01.23-00.48.40:935][  0]LogConfig: Setting CVar [[r.AmbientOcclusionMaxQuality:100]]
[2019.01.23-00.48.40:935][  0]LogConfig: Setting CVar [[r.AmbientOcclusionLevels:-1]]
[2019.01.23-00.48.40:935][  0]LogConfig: Setting CVar [[r.AmbientOcclusionRadiusScale:1.0]]
[2019.01.23-00.48.40:935][  0]LogConfig: Setting CVar [[r.DepthOfFieldQuality:2]]
[2019.01.23-00.48.40:935][  0]LogConfig: Setting CVar [[r.RenderTargetPoolMin:400]]
[2019.01.23-00.48.40:935][  0]LogConfig: Setting CVar [[r.LensFlareQuality:2]]
[2019.01.23-00.48.40:936][  0]LogConfig: Setting CVar [[r.SceneColorFringeQuality:1]]
[2019.01.23-00.48.40:936][  0]LogConfig: Setting CVar [[r.EyeAdaptationQuality:2]]
[2019.01.23-00.48.40:936][  0]LogConfig: Setting CVar [[r.BloomQuality:5]]
[2019.01.23-00.48.40:936][  0]LogConfig: Setting CVar [[r.FastBlurThreshold:100]]
[2019.01.23-00.48.40:936][  0]LogConfig: Setting CVar [[r.Upscale.Quality:3]]
[2019.01.23-00.48.40:936][  0]LogConfig: Setting CVar [[r.Tonemapper.GrainQuantization:1]]
[2019.01.23-00.48.40:936][  0]LogConfig: Setting CVar [[r.LightShaftQuality:1]]
[2019.01.23-00.48.40:936][  0]LogConfig: Setting CVar [[r.Filter.SizeScale:1]]
[2019.01.23-00.48.40:936][  0]LogConfig: Setting CVar [[r.Tonemapper.Quality:5]]
[2019.01.23-00.48.40:936][  0]LogConfig: Setting CVar [[r.DOF.Gather.AccumulatorQuality:1        ; higher gathering accumulator quality]]
[2019.01.23-00.48.40:936][  0]LogConfig: Setting CVar [[r.DOF.Gather.PostfilterMethod:1          ; Median3x3 postfilering method]]
[2019.01.23-00.48.40:936][  0]LogConfig: Setting CVar [[r.DOF.Gather.EnableBokehSettings:0       ; no bokeh simulation when gathering]]
[2019.01.23-00.48.40:936][  0]LogConfig: Setting CVar [[r.DOF.Gather.RingCount:4                 ; medium number of samples when gathering]]
[2019.01.23-00.48.40:936][  0]LogConfig: Setting CVar [[r.DOF.Scatter.ForegroundCompositing:1    ; additive foreground scattering]]
[2019.01.23-00.48.40:936][  0]LogConfig: Setting CVar [[r.DOF.Scatter.BackgroundCompositing:2    ; additive background scattering]]
[2019.01.23-00.48.40:936][  0]LogConfig: Setting CVar [[r.DOF.Scatter.EnableBokehSettings:1      ; bokeh simulation when scattering]]
[2019.01.23-00.48.40:936][  0]LogConfig: Setting CVar [[r.DOF.Scatter.MaxSpriteRatio:0.1         ; only a maximum of 10% of scattered bokeh]]
[2019.01.23-00.48.40:936][  0]LogConfig: Setting CVar [[r.DOF.Recombine.Quality:1                ; cheap slight out of focus]]
[2019.01.23-00.48.40:936][  0]LogConfig: Setting CVar [[r.DOF.Recombine.EnableBokehSettings:0    ; no bokeh simulation on slight out of focus]]
[2019.01.23-00.48.40:936][  0]LogConfig: Setting CVar [[r.DOF.TemporalAAQuality:1                ; more stable temporal accumulation]]
[2019.01.23-00.48.40:936][  0]LogConfig: Setting CVar [[r.DOF.Kernel.MaxForegroundRadius:0.025]]
[2019.01.23-00.48.40:936][  0]LogConfig: Setting CVar [[r.DOF.Kernel.MaxBackgroundRadius:0.025]]
[2019.01.23-00.48.40:936][  0]LogConfig: Applying CVar settings from Section [TextureQuality@3] File [C:/Users/maxsa/Desktop/Unreal Projects/SteamProject/Saved/Config/Windows/Scalability.ini]
[2019.01.23-00.48.40:936][  0]LogConfig: Setting CVar [[r.Streaming.MipBias:0]]
[2019.01.23-00.48.40:936][  0]LogConfig: Setting CVar [[r.Streaming.AmortizeCPUToGPUCopy:0]]
[2019.01.23-00.48.40:936][  0]LogConfig: Setting CVar [[r.Streaming.MaxNumTexturesToStreamPerFrame:0]]
[2019.01.23-00.48.40:936][  0]LogConfig: Setting CVar [[r.Streaming.Boost:1]]
[2019.01.23-00.48.40:936][  0]LogConfig: Setting CVar [[r.MaxAnisotropy:8]]
[2019.01.23-00.48.40:936][  0]LogConfig: Setting CVar [[r.Streaming.LimitPoolSizeToVRAM:0]]
[2019.01.23-00.48.40:936][  0]LogConfig: Setting CVar [[r.Streaming.PoolSize:1000]]
[2019.01.23-00.48.40:936][  0]LogConfig: Setting CVar [[r.Streaming.MaxEffectiveScreenSize:0]]
[2019.01.23-00.48.40:936][  0]LogConfig: Applying CVar settings from Section [EffectsQuality@3] File [C:/Users/maxsa/Desktop/Unreal Projects/SteamProject/Saved/Config/Windows/Scalability.ini]
[2019.01.23-00.48.40:936][  0]LogConfig: Setting CVar [[r.TranslucencyLightingVolumeDim:64]]
[2019.01.23-00.48.40:936][  0]LogConfig: Setting CVar [[r.RefractionQuality:2]]
[2019.01.23-00.48.40:936][  0]LogConfig: Setting CVar [[r.SSR.Quality:3]]
[2019.01.23-00.48.40:936][  0]LogConfig: Setting CVar [[r.SceneColorFormat:4]]
[2019.01.23-00.48.40:936][  0]LogConfig: Setting CVar [[r.DetailMode:2]]
[2019.01.23-00.48.40:936][  0]LogConfig: Setting CVar [[r.TranslucencyVolumeBlur:1]]
[2019.01.23-00.48.40:936][  0]LogConfig: Setting CVar [[r.MaterialQualityLevel:1 ; High quality]]
[2019.01.23-00.48.40:936][  0]LogConfig: Setting CVar [[r.SSS.Scale:1]]
[2019.01.23-00.48.40:936][  0]LogConfig: Setting CVar [[r.SSS.SampleSet:2]]
[2019.01.23-00.48.40:936][  0]LogConfig: Setting CVar [[r.SSS.Quality:1]]
[2019.01.23-00.48.40:936][  0]LogConfig: Setting CVar [[r.SSS.HalfRes:1]]
[2019.01.23-00.48.40:936][  0]LogConfig: Setting CVar [[r.EmitterSpawnRateScale:1.0]]
[2019.01.23-00.48.40:936][  0]LogConfig: Setting CVar [[r.ParticleLightQuality:2]]
[2019.01.23-00.48.40:936][  0]LogConfig: Applying CVar settings from Section [FoliageQuality@3] File [C:/Users/maxsa/Desktop/Unreal Projects/SteamProject/Saved/Config/Windows/Scalability.ini]
[2019.01.23-00.48.40:936][  0]LogConfig: Setting CVar [[foliage.DensityScale:1.0]]
[2019.01.23-00.48.40:936][  0]LogConfig: Setting CVar [[grass.DensityScale:1.0]]
[2019.01.23-00.48.40:936][  0]LogInit: Selected Device Profile: [Windows]
[2019.01.23-00.48.40:936][  0]LogInit: Applying CVar settings loaded from the selected device profile: [Windows]
[2019.01.23-00.48.40:951][  0]LogHAL: Display: Platform has ~ 16 GB [16855703552 / 17179869184 / 16], which maps to Larger [LargestMinGB=32, LargerMinGB=12, DefaultMinGB=8, SmallerMinGB=6, SmallestMinGB=0)
[2019.01.23-00.48.40:951][  0]LogConfig: Setting CVar [[r.Vulkan.UseRealUBs:1]]
[2019.01.23-00.48.40:951][  0]LogInit: Going up to parent DeviceProfile []
[2019.01.23-00.48.40:951][  0]LogConfig: Applying CVar settings from Section [ViewDistanceQuality@3] File [C:/Users/maxsa/Desktop/Unreal Projects/SteamProject/Saved/Config/Windows/Scalability.ini]
[2019.01.23-00.48.40:951][  0]LogConfig: Setting CVar [[r.SkeletalMeshLODBias:0]]
[2019.01.23-00.48.40:951][  0]LogConfig: Setting CVar [[r.ViewDistanceScale:1.0]]
[2019.01.23-00.48.40:951][  0]LogConfig: Applying CVar settings from Section [AntiAliasingQuality@3] File [C:/Users/maxsa/Desktop/Unreal Projects/SteamProject/Saved/Config/Windows/Scalability.ini]
[2019.01.23-00.48.40:951][  0]LogConfig: Setting CVar [[r.PostProcessAAQuality:4]]
[2019.01.23-00.48.40:951][  0]LogConfig: Applying CVar settings from Section [ShadowQuality@3] File [C:/Users/maxsa/Desktop/Unreal Projects/SteamProject/Saved/Config/Windows/Scalability.ini]
[2019.01.23-00.48.40:951][  0]LogConfig: Setting CVar [[r.LightFunctionQuality:1]]
[2019.01.23-00.48.40:951][  0]LogConfig: Setting CVar [[r.ShadowQuality:5]]
[2019.01.23-00.48.40:951][  0]LogConfig: Setting CVar [[r.Shadow.CSM.MaxCascades:10]]
[2019.01.23-00.48.40:951][  0]LogConfig: Setting CVar [[r.Shadow.MaxResolution:2048]]
[2019.01.23-00.48.40:951][  0]LogConfig: Setting CVar [[r.Shadow.MaxCSMResolution:2048]]
[2019.01.23-00.48.40:951][  0]LogConfig: Setting CVar [[r.Shadow.RadiusThreshold:0.01]]
[2019.01.23-00.48.40:951][  0]LogConfig: Setting CVar [[r.Shadow.DistanceScale:1.0]]
[2019.01.23-00.48.40:951][  0]LogConfig: Setting CVar [[r.Shadow.CSM.TransitionScale:1.0]]
[2019.01.23-00.48.40:951][  0]LogConfig: Setting CVar [[r.Shadow.PreShadowResolutionFactor:1.0]]
[2019.01.23-00.48.40:951][  0]LogConfig: Setting CVar [[r.DistanceFieldShadowing:1]]
[2019.01.23-00.48.40:951][  0]LogConfig: Setting CVar [[r.DistanceFieldAO:1]]
[2019.01.23-00.48.40:951][  0]LogConfig: Setting CVar [[r.AOQuality:2]]
[2019.01.23-00.48.40:951][  0]LogConfig: Setting CVar [[r.VolumetricFog:1]]
[2019.01.23-00.48.40:951][  0]LogConfig: Setting CVar [[r.VolumetricFog.GridPixelSize:8]]
[2019.01.23-00.48.40:951][  0]LogConfig: Setting CVar [[r.VolumetricFog.GridSizeZ:128]]
[2019.01.23-00.48.40:951][  0]LogConfig: Setting CVar [[r.VolumetricFog.HistoryMissSupersampleCount:4]]
[2019.01.23-00.48.40:951][  0]LogConfig: Setting CVar [[r.LightMaxDrawDistanceScale:1]]
[2019.01.23-00.48.40:951][  0]LogConfig: Setting CVar [[r.CapsuleShadows:1]]
[2019.01.23-00.48.40:951][  0]LogConfig: Applying CVar settings from Section [PostProcessQuality@3] File [C:/Users/maxsa/Desktop/Unreal Projects/SteamProject/Saved/Config/Windows/Scalability.ini]
[2019.01.23-00.48.40:951][  0]LogConfig: Setting CVar [[r.MotionBlurQuality:4]]
[2019.01.23-00.48.40:951][  0]LogConfig: Setting CVar [[r.AmbientOcclusionMipLevelFactor:0.4]]
[2019.01.23-00.48.40:951][  0]LogConfig: Setting CVar [[r.AmbientOcclusionMaxQuality:100]]
[2019.01.23-00.48.40:951][  0]LogConfig: Setting CVar [[r.AmbientOcclusionLevels:-1]]
[2019.01.23-00.48.40:951][  0]LogConfig: Setting CVar [[r.AmbientOcclusionRadiusScale:1.0]]
[2019.01.23-00.48.40:951][  0]LogConfig: Setting CVar [[r.DepthOfFieldQuality:2]]
[2019.01.23-00.48.40:951][  0]LogConfig: Setting CVar [[r.RenderTargetPoolMin:400]]
[2019.01.23-00.48.40:951][  0]LogConfig: Setting CVar [[r.LensFlareQuality:2]]
[2019.01.23-00.48.40:951][  0]LogConfig: Setting CVar [[r.SceneColorFringeQuality:1]]
[2019.01.23-00.48.40:951][  0]LogConfig: Setting CVar [[r.EyeAdaptationQuality:2]]
[2019.01.23-00.48.40:951][  0]LogConfig: Setting CVar [[r.BloomQuality:5]]
[2019.01.23-00.48.40:951][  0]LogConfig: Setting CVar [[r.FastBlurThreshold:100]]
[2019.01.23-00.48.40:951][  0]LogConfig: Setting CVar [[r.Upscale.Quality:3]]
[2019.01.23-00.48.40:951][  0]LogConfig: Setting CVar [[r.Tonemapper.GrainQuantization:1]]
[2019.01.23-00.48.40:951][  0]LogConfig: Setting CVar [[r.LightShaftQuality:1]]
[2019.01.23-00.48.40:951][  0]LogConfig: Setting CVar [[r.Filter.SizeScale:1]]
[2019.01.23-00.48.40:951][  0]LogConfig: Setting CVar [[r.Tonemapper.Quality:5]]
[2019.01.23-00.48.40:951][  0]LogConfig: Setting CVar [[r.DOF.Gather.AccumulatorQuality:1        ; higher gathering accumulator quality]]
[2019.01.23-00.48.40:951][  0]LogConfig: Setting CVar [[r.DOF.Gather.PostfilterMethod:1          ; Median3x3 postfilering method]]
[2019.01.23-00.48.40:951][  0]LogConfig: Setting CVar [[r.DOF.Gather.EnableBokehSettings:0       ; no bokeh simulation when gathering]]
[2019.01.23-00.48.40:951][  0]LogConfig: Setting CVar [[r.DOF.Gather.RingCount:4                 ; medium number of samples when gathering]]
[2019.01.23-00.48.40:951][  0]LogConfig: Setting CVar [[r.DOF.Scatter.ForegroundCompositing:1    ; additive foreground scattering]]
[2019.01.23-00.48.40:951][  0]LogConfig: Setting CVar [[r.DOF.Scatter.BackgroundCompositing:2    ; additive background scattering]]
[2019.01.23-00.48.40:951][  0]LogConfig: Setting CVar [[r.DOF.Scatter.EnableBokehSettings:1      ; bokeh simulation when scattering]]
[2019.01.23-00.48.40:951][  0]LogConfig: Setting CVar [[r.DOF.Scatter.MaxSpriteRatio:0.1         ; only a maximum of 10% of scattered bokeh]]
[2019.01.23-00.48.40:951][  0]LogConfig: Setting CVar [[r.DOF.Recombine.Quality:1                ; cheap slight out of focus]]
[2019.01.23-00.48.40:951][  0]LogConfig: Setting CVar [[r.DOF.Recombine.EnableBokehSettings:0    ; no bokeh simulation on slight out of focus]]
[2019.01.23-00.48.40:952][  0]LogConfig: Setting CVar [[r.DOF.TemporalAAQuality:1                ; more stable temporal accumulation]]
[2019.01.23-00.48.40:952][  0]LogConfig: Setting CVar [[r.DOF.Kernel.MaxForegroundRadius:0.025]]
[2019.01.23-00.48.40:952][  0]LogConfig: Setting CVar [[r.DOF.Kernel.MaxBackgroundRadius:0.025]]
[2019.01.23-00.48.40:952][  0]LogConfig: Applying CVar settings from Section [TextureQuality@3] File [C:/Users/maxsa/Desktop/Unreal Projects/SteamProject/Saved/Config/Windows/Scalability.ini]
[2019.01.23-00.48.40:952][  0]LogConfig: Setting CVar [[r.Streaming.MipBias:0]]
[2019.01.23-00.48.40:952][  0]LogConfig: Setting CVar [[r.Streaming.AmortizeCPUToGPUCopy:0]]
[2019.01.23-00.48.40:952][  0]LogConfig: Setting CVar [[r.Streaming.MaxNumTexturesToStreamPerFrame:0]]
[2019.01.23-00.48.40:952][  0]LogConfig: Setting CVar [[r.Streaming.Boost:1]]
[2019.01.23-00.48.40:952][  0]LogConfig: Setting CVar [[r.MaxAnisotropy:8]]
[2019.01.23-00.48.40:952][  0]LogConfig: Setting CVar [[r.Streaming.LimitPoolSizeToVRAM:0]]
[2019.01.23-00.48.40:952][  0]LogConfig: Setting CVar [[r.Streaming.PoolSize:1000]]
[2019.01.23-00.48.40:952][  0]LogConfig: Setting CVar [[r.Streaming.MaxEffectiveScreenSize:0]]
[2019.01.23-00.48.40:952][  0]LogConfig: Applying CVar settings from Section [EffectsQuality@3] File [C:/Users/maxsa/Desktop/Unreal Projects/SteamProject/Saved/Config/Windows/Scalability.ini]
[2019.01.23-00.48.40:952][  0]LogConfig: Setting CVar [[r.TranslucencyLightingVolumeDim:64]]
[2019.01.23-00.48.40:952][  0]LogConfig: Setting CVar [[r.RefractionQuality:2]]
[2019.01.23-00.48.40:952][  0]LogConfig: Setting CVar [[r.SSR.Quality:3]]
[2019.01.23-00.48.40:952][  0]LogConfig: Setting CVar [[r.SceneColorFormat:4]]
[2019.01.23-00.48.40:952][  0]LogConfig: Setting CVar [[r.DetailMode:2]]
[2019.01.23-00.48.40:952][  0]LogConfig: Setting CVar [[r.TranslucencyVolumeBlur:1]]
[2019.01.23-00.48.40:952][  0]LogConfig: Setting CVar [[r.MaterialQualityLevel:1 ; High quality]]
[2019.01.23-00.48.40:952][  0]LogConfig: Setting CVar [[r.SSS.Scale:1]]
[2019.01.23-00.48.40:952][  0]LogConfig: Setting CVar [[r.SSS.SampleSet:2]]
[2019.01.23-00.48.40:952][  0]LogConfig: Setting CVar [[r.SSS.Quality:1]]
[2019.01.23-00.48.40:952][  0]LogConfig: Setting CVar [[r.SSS.HalfRes:1]]
[2019.01.23-00.48.40:952][  0]LogConfig: Setting CVar [[r.EmitterSpawnRateScale:1.0]]
[2019.01.23-00.48.40:952][  0]LogConfig: Setting CVar [[r.ParticleLightQuality:2]]
[2019.01.23-00.48.40:952][  0]LogConfig: Applying CVar settings from Section [FoliageQuality@3] File [C:/Users/maxsa/Desktop/Unreal Projects/SteamProject/Saved/Config/Windows/Scalability.ini]
[2019.01.23-00.48.40:952][  0]LogConfig: Setting CVar [[foliage.DensityScale:1.0]]
[2019.01.23-00.48.40:952][  0]LogConfig: Setting CVar [[grass.DensityScale:1.0]]
[2019.01.23-00.48.40:952][  0]LogConfig: Applying CVar settings from Section [Startup] File [../../../Engine/Config/ConsoleVariables.ini]
[2019.01.23-00.48.40:952][  0]LogConfig: Setting CVar [[net.UseAdaptiveNetUpdateFrequency:0]]
[2019.01.23-00.48.40:952][  0]LogConfig: Applying CVar settings from Section [ConsoleVariables] File [C:/Users/maxsa/Desktop/Unreal Projects/SteamProject/Saved/Config/Windows/Engine.ini]
[2019.01.23-00.48.40:952][  0]LogInit: Computer: MAX-PC
[2019.01.23-00.48.40:952][  0]LogInit: User: maxsa
[2019.01.23-00.48.40:952][  0]LogInit: CPU Page size=4096, Cores=4
[2019.01.23-00.48.40:952][  0]LogInit: High frequency timer resolution =3.420552 MHz
[2019.01.23-00.48.40:953][  0]LogMemory: Memory total: Physical=15.7GB (16GB approx)
[2019.01.23-00.48.40:953][  0]LogMemory: Platform Memory Stats for Windows
[2019.01.23-00.48.40:953][  0]LogMemory: Process Physical Memory: 104.56 MB used, 104.56 MB peak
[2019.01.23-00.48.40:953][  0]LogMemory: Process Virtual Memory: 95.13 MB used, 95.13 MB peak
[2019.01.23-00.48.40:953][  0]LogMemory: Physical Memory: 7950.39 MB used,  8124.46 MB free, 16074.85 MB total
[2019.01.23-00.48.40:953][  0]LogMemory: Virtual Memory: 4639.68 MB used,  134213088.00 MB free, 134217728.00 MB total
[2019.01.23-00.48.40:971][  0]LogInit: Using OS detected language (en-US).
[2019.01.23-00.48.40:971][  0]LogInit: Using OS detected locale (en-CA).
[2019.01.23-00.48.40:972][  0]LogTextLocalizationManager: No specific localization for 'en-US' exists, so the 'en' localization will be used.
[2019.01.23-00.48.41:348][  0]LogStreaming: Display: Took  0.377s to InitEngineTextLocalization.
[2019.01.23-00.48.41:376][  0]LogSlate: New Slate User Created.  User Index 0, Is Virtual User: 0
[2019.01.23-00.48.41:376][  0]LogSlate: Slate User Registered.  User Index 0, Is Virtual User: 0
[2019.01.23-00.48.41:385][  0]LogHMD: Failed to initialize OpenVR with code 100
[2019.01.23-00.48.41:385][  0]LogD3D11RHI: D3D11 adapters:
[2019.01.23-00.48.41:451][  0]LogD3D11RHI:    0. 'NVIDIA GeForce GTX 1070' (Feature Level 11_0)
[2019.01.23-00.48.41:451][  0]LogD3D11RHI:       8088/0/8037 MB DedicatedVideo/DedicatedSystem/SharedSystem, Outputs:2, VendorId:0x10de
[2019.01.23-00.48.41:455][  0]LogD3D11RHI:    1. 'Intel(R) HD Graphics 4000' (Feature Level 11_0)
[2019.01.23-00.48.41:455][  0]LogD3D11RHI:       224/0/1568 MB DedicatedVideo/DedicatedSystem/SharedSystem, Outputs:0, VendorId:0x8086
[2019.01.23-00.48.41:457][  0]LogD3D11RHI:    2. 'Microsoft Basic Render Driver' (Feature Level 11_0)
[2019.01.23-00.48.41:457][  0]LogD3D11RHI:       0/0/8037 MB DedicatedVideo/DedicatedSystem/SharedSystem, Outputs:0, VendorId:0x1414
[2019.01.23-00.48.41:457][  0]LogD3D11RHI: Chosen D3D11 Adapter: 0
[2019.01.23-00.48.41:463][  0]LogD3D11RHI: Creating new Direct3DDevice
[2019.01.23-00.48.41:463][  0]LogD3D11RHI:     GPU DeviceId: 0x1b81 (for the marketing name, search the web for "GPU Device Id")
[2019.01.23-00.48.41:463][  0]LogWindows: EnumDisplayDevices:
[2019.01.23-00.48.41:464][  0]LogWindows:    0. 'NVIDIA GeForce GTX 1070' (P:1 D:1)
[2019.01.23-00.48.41:464][  0]LogWindows:    1. 'NVIDIA GeForce GTX 1070' (P:0 D:1)
[2019.01.23-00.48.41:464][  0]LogWindows:    2. 'NVIDIA GeForce GTX 1070' (P:0 D:0)
[2019.01.23-00.48.41:464][  0]LogWindows:    3. 'NVIDIA GeForce GTX 1070' (P:0 D:0)
[2019.01.23-00.48.41:464][  0]LogWindows:    4. 'Intel(R) HD Graphics 4000' (P:0 D:0)
[2019.01.23-00.48.41:465][  0]LogWindows:    5. 'Intel(R) HD Graphics 4000' (P:0 D:0)
[2019.01.23-00.48.41:465][  0]LogWindows:    6. 'Intel(R) HD Graphics 4000' (P:0 D:0)
[2019.01.23-00.48.41:465][  0]LogWindows: DebugString: PrimaryIsNotTheChoosenAdapter PrimaryIsNotTheChoosenAdapter PrimaryIsNotTheChoosenAdapter FoundDriverCount:4 
[2019.01.23-00.48.41:465][  0]LogD3D11RHI:     Adapter Name: NVIDIA GeForce GTX 1070
[2019.01.23-00.48.41:465][  0]LogD3D11RHI:   Driver Version: 417.71 (internal:25.21.14.1771, unified:417.71)
[2019.01.23-00.48.41:465][  0]LogD3D11RHI:      Driver Date: 1-11-2019
[2019.01.23-00.48.41:465][  0]LogRHI: Texture pool is 5661 MB (70% of 8088 MB)
[2019.01.23-00.48.41:510][  0]LogD3D11RHI: Async texture creation enabled
[2019.01.23-00.48.41:544][  0]LogD3D11RHI: GPU Timing Frequency: 1000.000000 (Debug: 2 2)
[2019.01.23-00.48.41:881][  0]LogTemp: Display: Loaded TP WindowsClientTargetPlatform
[2019.01.23-00.48.41:899][  0]LogTemp: Display: Loaded TP WindowsNoEditorTargetPlatform
[2019.01.23-00.48.41:919][  0]LogTemp: Display: Loaded TP WindowsServerTargetPlatform
[2019.01.23-00.48.41:937][  0]LogTemp: Display: Loaded TP WindowsTargetPlatform
[2019.01.23-00.48.41:937][  0]LogTargetPlatformManager: Display: Building Assets For Windows
[2019.01.23-00.48.41:994][  0]LogShaderCompilers: Guid format shader working directory is -15 characters bigger than the processId version (../../../../Users/maxsa/Desktop/Unreal Projects/SteamProject/Intermediate/Shaders/WorkingDirectory/12052/).
[2019.01.23-00.48.41:994][  0]LogShaderCompilers: Cleaned the shader compiler working directory 'C:/Users/maxsa/AppData/Local/Temp/UnrealShaderWorkingDir/27D3BF8549CF3C02DC4F47999F670011/'.
[2019.01.23-00.48.41:996][  0]LogXGEController: Cannot use XGE Controller as Incredibuild is not installed on this machine.
[2019.01.23-00.48.41:996][  0]LogShaderCompilers: Cannot use XGE Shader Compiler as Incredibuild is not installed on this machine.
[2019.01.23-00.48.41:996][  0]LogShaderCompilers: Display: Using Local Shader Compiler.
[2019.01.23-00.48.42:510][  0]LogDerivedDataCache: Display: Max Cache Size: 512 MB
[2019.01.23-00.48.42:562][  0]LogDerivedDataCache: Loaded boot cache 0.05s 66MB C:/Users/maxsa/AppData/Local/UnrealEngine/4.21/DerivedDataCache/Boot.ddc.
[2019.01.23-00.48.42:562][  0]LogDerivedDataCache: Display: Loaded Boot cache: C:/Users/maxsa/AppData/Local/UnrealEngine/4.21/DerivedDataCache/Boot.ddc
[2019.01.23-00.48.42:562][  0]LogDerivedDataCache: FDerivedDataBackendGraph:  Pak pak cache file ../../../../Users/maxsa/Desktop/Unreal Projects/SteamProject/DerivedDataCache/DDC.ddp not found, will not use a pak cache.
[2019.01.23-00.48.42:562][  0]LogDerivedDataCache: Unable to find inner node Pak for hierarchical cache Hierarchy.
[2019.01.23-00.48.42:562][  0]LogDerivedDataCache: FDerivedDataBackendGraph:  CompressedPak pak cache file ../../../../Users/maxsa/Desktop/Unreal Projects/SteamProject/DerivedDataCache/Compressed.ddp not found, will not use a pak cache.
[2019.01.23-00.48.42:562][  0]LogDerivedDataCache: Unable to find inner node CompressedPak for hierarchical cache Hierarchy.
[2019.01.23-00.48.42:575][  0]LogDerivedDataCache: Display: Pak cache opened for reading ../../../Engine/DerivedDataCache/Compressed.ddp.
[2019.01.23-00.48.42:575][  0]LogDerivedDataCache: FDerivedDataBackendGraph:  EnterprisePak pak cache file ../../../Enterprise/DerivedDataCache/Compressed.ddp not found, will not use a pak cache.
[2019.01.23-00.48.42:575][  0]LogDerivedDataCache: Unable to find inner node EnterprisePak for hierarchical cache Hierarchy.
[2019.01.23-00.48.42:587][  0]LogDerivedDataCache: Using Local data cache path C:/Users/maxsa/AppData/Local/UnrealEngine/Common/DerivedDataCache: Writable
[2019.01.23-00.48.42:587][  0]LogDerivedDataCache: Shared data cache path not found in *engine.ini, will not use an Shared cache.
[2019.01.23-00.48.42:587][  0]LogDerivedDataCache: Unable to find inner node Shared for hierarchical cache Hierarchy.
[2019.01.23-00.48.42:611][  0]LogMaterial: Verifying Global Shaders for PCD3D_SM5
[2019.01.23-00.48.42:612][  0]LogSlate: Using FreeType 2.6.0
[2019.01.23-00.48.42:613][  0]LogSlate: SlateFontServices - WITH_FREETYPE: 1, WITH_HARFBUZZ: 1
[2019.01.23-00.48.42:706][  0]LogInit: Using OS detected language (en-US).
[2019.01.23-00.48.42:706][  0]LogInit: Using OS detected locale (en-CA).
[2019.01.23-00.48.42:706][  0]LogTextLocalizationManager: No localization for 'en-US' exists, so 'en' will be used for the language.
[2019.01.23-00.48.42:706][  0]LogTextLocalizationManager: No localization for 'en-CA' exists, so 'en' will be used for the locale.
[2019.01.23-00.48.42:706][  0]LogSlate: FontCache flush requested. Reason: Culture for localization was changed
[2019.01.23-00.48.42:706][  0]LogSlate: FontCache flush requested. Reason: Culture for localization was changed
[2019.01.23-00.48.43:013][  0]LogStreaming: Display: Took  0.308s to InitGameTextLocalization.
[2019.01.23-00.48.43:019][  0]LogAssetRegistry: FAssetRegistry took 0.0037 seconds to start up
[2019.01.23-00.48.43:268][  0]LogPackageLocalizationCache: Processed 11 localized package path(s) for 1 prioritized culture(s) in 0.041199 seconds
[2019.01.23-00.48.43:373][  0]LogInit: Selected Device Profile: [Windows]
[2019.01.23-00.48.43:426][  0]LogSimplygon: Simplygon DLL not present - disabling.
[2019.01.23-00.48.43:429][  0]LogMeshReduction: Using SimplygonSwarm for distributed automatic mesh merging
[2019.01.23-00.48.43:429][  0]LogMeshReduction: Using ProxyLODMeshReduction for automatic mesh merging
[2019.01.23-00.48.43:429][  0]LogMeshReduction: Using QuadricMeshReduction for automatic static mesh reduction
[2019.01.23-00.48.43:429][  0]LogMeshReduction: No automatic skeletal mesh reduction module available
[2019.01.23-00.48.43:520][  0]LogNetVersion: SteamProject 1.0.0, NetCL: 4541578, EngineNetVer: 5, GameNetVer: 0 (Checksum: 554750876)
[2019.01.23-00.48.44:087][  0]LogMoviePlayer: Initializing movie player
[2019.01.23-00.48.44:218][  0]SourceControl: Source control is disabled
[2019.01.23-00.48.44:218][  0]SourceControl: Source control is disabled
[2019.01.23-00.48.44:219][  0]SourceControl: Source control is disabled
[2019.01.23-00.48.44:347][  0]LogAndroidPermission: UAndroidPermissionCallbackProxy::GetInstance
[2019.01.23-00.48.44:443][  0]LogOcInput: OculusInput pre-init called
[2019.01.23-00.48.44:454][  0]LogUObjectArray: 43235 objects as part of root set at end of initial load.
[2019.01.23-00.48.44:454][  0]LogUObjectAllocator: 7601024 out of 0 bytes used by permanent object pool.
[2019.01.23-00.48.44:454][  0]LogUObjectArray: CloseDisregardForGC: 0/0 objects in disregard for GC pool
[2019.01.23-00.48.44:577][  0]LogEngine: Initializing Engine...
[2019.01.23-00.48.44:578][  0]LogHMD: Failed to initialize OpenVR with code 100
[2019.01.23-00.48.44:591][  0]LogStats: UGameplayTagsManager::ConstructGameplayTagTree: ImportINI prefixes -  0.000 s
[2019.01.23-00.48.44:591][  0]LogStats: UGameplayTagsManager::ConstructGameplayTagTree: Construct from data asset -  0.000 s
[2019.01.23-00.48.44:591][  0]LogStats: UGameplayTagsManager::ConstructGameplayTagTree: ImportINI -  0.000 s
[2019.01.23-00.48.44:591][  0]LogStats: UGameplayTagsManager::ConstructGameplayTagTree: GameplayTagTreeChangedEvent.Broadcast -  0.000 s
[2019.01.23-00.48.44:765][  0]LogInit: Initializing FReadOnlyCVARCache
[2019.01.23-00.48.44:784][  0]LogInit: XAudio2 using 'Headphones (Realtek High Definition Audio)' : 2 channels at 48 kHz using 32 bits per sample (channel mask 0x3)
[2019.01.23-00.48.44:802][  0]LogInit: FAudioDevice initialized.
[2019.01.23-00.48.44:814][  0]LogNetVersion: Set ProjectVersion to 1.0.0.0. Version Checksum will be recalculated on next use.
[2019.01.23-00.48.44:857][  0]LogDerivedDataCache: Saved boot cache 0.04s 66MB C:/Users/maxsa/AppData/Local/UnrealEngine/4.21/DerivedDataCache/Boot.ddc.
[2019.01.23-00.48.44:867][  0]LogInit: Texture streaming: Enabled
[2019.01.23-00.48.45:155][  0]LogSlate: Updating window title bar state: overlay mode, drag disabled, window buttons hidden, title bar hidden
[2019.01.23-00.48.45:155][  0]LogInit: Display: Game Engine Initialized.
[2019.01.23-00.48.45:155][  0]LogGameplayTags: Display: UGameplayTagsManager::DoneAddingNativeTags. DelegateIsBound: 0
[2019.01.23-00.48.45:155][  0]LogStats: UGameplayTagsManager::ConstructGameplayTagTree: ImportINI prefixes -  0.000 s
[2019.01.23-00.48.45:155][  0]LogStats: UGameplayTagsManager::ConstructGameplayTagTree: Construct from data asset -  0.000 s
[2019.01.23-00.48.45:155][  0]LogStats: UGameplayTagsManager::ConstructGameplayTagTree: ImportINI -  0.000 s
[2019.01.23-00.48.45:155][  0]LogStats: UGameplayTagsManager::ConstructGameplayTagTree: GameplayTagTreeChangedEvent.Broadcast -  0.000 s
[2019.01.23-00.48.45:169][  0]LogInit: Display: Starting Game.
[2019.01.23-00.48.45:169][  0]LogNet: Browse: /Game/Maps/MainMenu?Name=Player
[2019.01.23-00.48.45:170][  0]LogLoad: LoadMap: /Game/Maps/MainMenu?Name=Player
[2019.01.23-00.48.45:203][  0]LogAIModule: Creating AISystem for world MainMenu
[2019.01.23-00.48.45:928][  0]LogLoad: Game class is 'ThirdPersonGameMode_C'
[2019.01.23-00.48.45:929][  0]LogWorld: Bringing World /Game/Maps/MainMenu.MainMenu up for play (max tick rate 0) at 2019.01.22-19.48.45
[2019.01.23-00.48.45:929][  0]LogWorld: Bringing up level for play took: 0.000587
[2019.01.23-00.48.45:930][  0]LogGameMode: FindPlayerStart: PATHS NOT DEFINED or NO PLAYERSTART with positive rating
[2019.01.23-00.48.45:937][  0]LogLoad: Took 0.767824 seconds to LoadMap(/Game/Maps/MainMenu)
[2019.01.23-00.48.45:938][  0]LogSlate: Took 0.000118 seconds to synchronously load lazily loaded font '../../../Engine/Content/Slate/Fonts/Roboto-Regular.ttf' (155K)
[2019.01.23-00.48.45:986][  0]LogRenderer: Reallocating scene render targets to support 1920x1020 Format 10 NumSamples 1 (Frame:1).
[2019.01.23-00.48.45:986][  0]LogLoad: (Engine Initialization) Total time: 6.50 seconds
[2019.01.23-00.48.45:986][  0]LogLoad: (Engine Initialization) Total Blueprint compile time: 0.00 seconds
[2019.01.23-00.48.46:029][  0]LogContentStreaming: Texture pool size now 1000 MB
[2019.01.23-00.48.46:044][  1]LogSlate: Took 0.000335 seconds to synchronously load lazily loaded font '../../../Engine/Content/Slate/Fonts/Roboto-Regular.ttf' (155K)
[2019.01.23-00.48.52:007][248]LogRenderer: Reallocating scene render targets to support 1680x988 Format 10 NumSamples 1 (Frame:251).
[2019.01.23-00.48.52:018][250]LogRenderer: Reallocating scene render targets to support 1920x1020 Format 10 NumSamples 1 (Frame:252).
[2019.01.23-00.48.52:034][251]LogRenderer: Reallocating scene render targets to support 1680x988 Format 10 NumSamples 1 (Frame:253).
[2019.01.23-00.48.57:371][436]LogSlate: FSceneViewport::OnFocusLost() reason 0
[2019.01.23-00.48.59:768][583]LogInit: WinSock: I am Max-PC (192.168.0.101:0)
[2019.01.23-00.48.59:897][583]LogPackageName: SearchForPackageOnDisk took   0.128s to resolve Lobby.umap.
[2019.01.23-00.49.00:025][583]LogPackageName: SearchForPackageOnDisk took   0.127s to resolve Lobby.umap.
[2019.01.23-00.49.00:025][583]LogNet: Browse: /Game/Maps/Lobby?listen
[2019.01.23-00.49.00:025][583]LogLoad: LoadMap: /Game/Maps/Lobby?listen
[2019.01.23-00.49.00:115][583]LogAIModule: Creating AISystem for world Lobby
[2019.01.23-00.49.00:116][583]LogLoad: Game class is 'LobbyGM_C'
[2019.01.23-00.49.00:116][583]LogOnline: Warning: STEAM: Steamworks: SteamUtils() failed!
[2019.01.23-00.49.00:116][583]LogOnline: Warning: STEAM: Steamworks: SteamUser() failed!
[2019.01.23-00.49.00:116][583]LogOnline: Warning: STEAM: Steamworks: SteamFriends() failed!
[2019.01.23-00.49.00:116][583]LogOnline: Warning: STEAM: Steamworks: SteamRemoteStorage() failed!
[2019.01.23-00.49.00:116][583]LogOnline: Warning: STEAM: Steamworks: SteamUserStats() failed!
[2019.01.23-00.49.00:116][583]LogOnline: Warning: STEAM: Steamworks: SteamMatchmakingServers() failed!
[2019.01.23-00.49.00:116][583]LogOnline: Warning: STEAM: Steamworks: SteamApps() failed!
[2019.01.23-00.49.00:116][583]LogOnline: Warning: STEAM: Steamworks: SteamNetworking() failed!
[2019.01.23-00.49.00:116][583]LogOnline: Warning: STEAM: Steamworks: SteamMatchmaking() failed!
[2019.01.23-00.49.00:116][583]LogOnline: STEAM: [AppId: 0] Client API initialized 0
[2019.01.23-00.49.00:116][583]LogOnline: Display: STEAM: OnlineSubsystemSteam::Shutdown()
[2019.01.23-00.49.00:117][583]LogOnline: Warning: STEAM: Steam API failed to initialize!
[2019.01.23-00.49.00:117][583]LogOnline: Display: STEAM: OnlineSubsystemSteam::Shutdown()
[2019.01.23-00.49.00:117][583]LogTemp: Display: ParseSettings for GameNetDriver
[2019.01.23-00.49.00:117][583]LogTemp: Display: ParseSettings for IpNetDriver_0
[2019.01.23-00.49.00:117][583]LogTemp: Display: ParseSettings for GameNetDriver
[2019.01.23-00.49.00:117][583]LogNet: ReplicationDriverClass is null! Not using ReplicationDriver.
[2019.01.23-00.49.00:117][583]PacketHandlerLog: DDoS detection status: detection enabled: 0 analytics enabled: 0
[2019.01.23-00.49.00:117][583]LogInit: WinSock: Socket queue 131072 / 131072
[2019.01.23-00.49.00:117][583]PacketHandlerLog: Loaded PacketHandler component: Engine.EngineHandlerComponentFactory (StatelessConnectHandlerComponent)
[2019.01.23-00.49.00:118][583]LogNet: GameNetDriver IpNetDriver_0 IpNetDriver listening on port 7777
[2019.01.23-00.49.00:120][583]LogWorld: Bringing World /Game/Maps/Lobby.Lobby up for play (max tick rate 0) at 2019.01.22-19.49.00
[2019.01.23-00.49.00:120][583]LogWorld: Bringing up level for play took: 0.001902
[2019.01.23-00.49.00:136][583]LogLoad: Took 0.112311 seconds to LoadMap(/Game/Maps/Lobby)
[2019.01.23-00.49.03:063][762]PIE: Warning: This widget does not support focus.  If this is a UserWidget, you should set bIsFocusable to true.
[2019.01.23-00.49.03:337][779]LogSlate: FSceneViewport::OnFocusLost() reason 0
[2019.01.23-00.49.07:424][ 29]LogNet: NotifyAcceptingConnection accepted from: 192.168.0.101:58962
[2019.01.23-00.49.07:424][ 29]LogHandshake: SendConnectChallenge. Timestamp: 7.674821, Cookie: 214100079074156145013120163099254126143088189048070171237063
[2019.01.23-00.49.07:441][ 30]LogNet: NotifyAcceptingConnection accepted from: 192.168.0.101:58962
[2019.01.23-00.49.07:441][ 30]LogHandshake: SendChallengeAck. InCookie: 214100079074156145013120163099254126143088189048070171237063
[2019.01.23-00.49.07:441][ 30]LogNet: Server accepting post-challenge connection from: 192.168.0.101:58962
[2019.01.23-00.49.07:441][ 30]PacketHandlerLog: Loaded PacketHandler component: Engine.EngineHandlerComponentFactory (StatelessConnectHandlerComponent)
[2019.01.23-00.49.07:441][ 30]LogNet: NotifyAcceptedConnection: Name: Lobby, TimeStamp: 01/22/19 19:49:07, [UNetConnection] RemoteAddr: 192.168.0.101:58962, Name: IpConnection_0, Driver: GameNetDriver IpNetDriver_0, IsServer: YES, PC: NULL, Owner: NULL, UniqueId: INVALID
[2019.01.23-00.49.07:441][ 30]LogNet: AddClientConnection: Added client connection: [UNetConnection] RemoteAddr: 192.168.0.101:58962, Name: IpConnection_0, Driver: GameNetDriver IpNetDriver_0, IsServer: YES, PC: NULL, Owner: NULL, UniqueId: INVALID
[2019.01.23-00.49.07:457][ 31]LogNet: NotifyAcceptingChannel Control 0 server World /Game/Maps/Lobby.Lobby: Accepted
[2019.01.23-00.49.07:457][ 31]LogNet: Remote platform little endian=1
[2019.01.23-00.49.07:457][ 31]LogNet: This platform little endian=1
[2019.01.23-00.49.07:457][ 31]LogNetVersion: SteamProject 1.0.0.0, NetCL: 4541578, EngineNetVer: 5, GameNetVer: 0 (Checksum: 2135947257)
[2019.01.23-00.49.07:473][ 32]LogNet: Login request: /Game/Maps/MainMenu?Name=Max-PC-2B394B2F4B12DE2FC3DB38903552F5C5 userId: NULL:Max-PC-2B394B2F4B12DE2FC3DB38903552F5C5 platform: NULL
[2019.01.23-00.49.07:489][ 33]LogNet: Client netspeed is 10000
[2019.01.23-00.49.07:586][ 39]LogNet: Join request: /Game/Maps/MainMenu?Name=Max-PC-2B394B2F4B12DE2FC3DB38903552F5C5?SplitscreenCount=1
[2019.01.23-00.49.07:592][ 39]LogNet: Join succeeded: Max-PC-2B394B2F4B12D
[2019.01.23-00.49.11:524][281]LogGameMode: ProcessServerTravel: /Game/Maps/Arena01
[2019.01.23-00.49.11:524][281]LogWorld: SeamlessTravel to: /Game/Maps/Arena01
[2019.01.23-00.49.11:561][282]LogAIModule: Creating AISystem for world TravelMap
[2019.01.23-00.49.11:561][282]LogStats:     SeamlessTravel FlushLevelStreaming  -  0.000 s
[2019.01.23-00.49.11:562][282]LogWorld: Bringing World /Game/Maps/TravelMap.TravelMap up for play (max tick rate 0) at 2019.01.22-19.49.11
[2019.01.23-00.49.11:562][282]LogWorld: Bringing up level for play took: 0.000296
[2019.01.23-00.49.11:562][282]LogWorld: Sending NotifyLoadedWorld for LP: LocalPlayer_0 PC: LobbyPC_C_0
[2019.01.23-00.49.11:562][282]LogNet: Verbose: NotifyLoadedWorld Begin
[2019.01.23-00.49.11:562][282]LogNet: VeryVerbose: GetFunctionCallspace Server calling Server function: ServerNotifyLoadedWorld Local
[2019.01.23-00.49.11:562][282]LogNet: Verbose: NotifyLoadedWorld End
[2019.01.23-00.49.11:562][282]LogWorld: StartLoadingDestination to: /Game/Maps/Arena01
[2019.01.23-00.49.11:711][286]LogAIModule: Creating AISystem for world Arena01
[2019.01.23-00.49.11:712][286]LogLoad: Game class is 'GameplayGM_C'
[2019.01.23-00.49.11:712][286]LogStats:     SeamlessTravel FlushLevelStreaming  -  0.000 s
[2019.01.23-00.49.11:714][286]LogWorld: Bringing World /Game/Maps/Arena01.Arena01 up for play (max tick rate 0) at 2019.01.22-19.49.11
[2019.01.23-00.49.11:715][286]LogWorld: Bringing up level for play took: 0.002506
[2019.01.23-00.49.11:715][286]LogWorld: Sending NotifyLoadedWorld for LP: LocalPlayer_0 PC: LobbyPC_C_0
[2019.01.23-00.49.11:715][286]LogNet: Verbose: NotifyLoadedWorld Begin
[2019.01.23-00.49.11:715][286]LogNet: VeryVerbose: GetFunctionCallspace Server calling Server function: ServerNotifyLoadedWorld Local
[2019.01.23-00.49.11:715][286]LogNet: Verbose: NotifyLoadedWorld End
[2019.01.23-00.49.11:715][286]LogWorld: ----SeamlessTravel finished in 0.19 seconds ------
[2019.01.23-00.49.11:716][286]LogScript: Warning: Script Msg: DestroySession - Invalid player state
[2019.01.23-00.49.11:719][286]LogSlate: Updating window title bar state: overlay mode, drag disabled, window buttons hidden, title bar hidden
[2019.01.23-00.49.11:722][286]PIE: Warning: The widget 'GameUI_C' was already added to the screen.
[2019.01.23-00.49.11:800][291]LogScript: Warning: Script Msg: DestroySession - Invalid player state
[2019.01.23-00.49.24:538][ 57]LogPackageName: SearchForPackageOnDisk took   0.127s to resolve Lobby.
[2019.01.23-00.49.24:540][ 57]LogGameMode: ProcessServerTravel: /Game/Maps/Lobby
[2019.01.23-00.49.24:540][ 57]LogSlate: FSceneViewport::OnFocusLost() reason 2
[2019.01.23-00.49.24:574][ 60]LogNet: UChannel::ReceivedSequencedBunch: Bunch.bClose == true. ChIndex == 0. Calling ConditionalCleanUp.
[2019.01.23-00.49.24:574][ 60]LogNet: UChannel::CleanUp: ChIndex == 0. Closing connection. [UChannel] ChIndex: 0, Closing: 0 [UNetConnection] RemoteAddr: 192.168.0.101:58962, Name: IpConnection_0, Driver: GameNetDriver IpNetDriver_0, IsServer: YES, PC: GameplayPC_C_1, Owner: GameplayPC_C_1, UniqueId: NULL:Max-PC-2B394B2F4B12DE2FC3DB38903552F5C5
[2019.01.23-00.49.24:574][ 60]LogNet: UNetConnection::Close: [UNetConnection] RemoteAddr: 192.168.0.101:58962, Name: IpConnection_0, Driver: GameNetDriver IpNetDriver_0, IsServer: YES, PC: GameplayPC_C_1, Owner: GameplayPC_C_1, UniqueId: NULL:Max-PC-2B394B2F4B12DE2FC3DB38903552F5C5, Channels: 11, Time: 2019.01.23-00.49.24
[2019.01.23-00.49.24:574][ 60]LogNet: UChannel::Close: Sending CloseBunch. ChIndex == 0. Name: [UChannel] ChIndex: 0, Closing: 0 [UNetConnection] RemoteAddr: 192.168.0.101:58962, Name: IpConnection_0, Driver: GameNetDriver IpNetDriver_0, IsServer: YES, PC: GameplayPC_C_1, Owner: GameplayPC_C_1, UniqueId: NULL:Max-PC-2B394B2F4B12DE2FC3DB38903552F5C5
[2019.01.23-00.49.24:574][ 60]LogNet: NotifyAcceptingConnection: Server Arena01 refused
[2019.01.23-00.49.24:575][ 60]LogOnlineSession: Warning: OSS: No game present to leave for session (GameSession)
[2019.01.23-00.49.25:574][122]LogNet: NotifyAcceptingConnection: Server Arena01 refused
[2019.01.23-00.49.26:602][184]LogNet: NotifyAcceptingConnection: Server Arena01 refused
[2019.01.23-00.49.27:589][245]LogNet: NotifyAcceptingConnection: Server Arena01 refused
[2019.01.23-00.49.28:395][295]LogEngine: Server switch level: /Game/Maps/Lobby
[2019.01.23-00.49.28:396][295]LogNet: Browse: /Game/Maps/Lobby?listen
[2019.01.23-00.49.28:396][295]LogLoad: LoadMap: /Game/Maps/Lobby?listen
[2019.01.23-00.49.28:396][295]LogNet: World NetDriver shutdown IpNetDriver_0 [GameNetDriver]
[2019.01.23-00.49.28:396][295]LogNet: DestroyNamedNetDriver IpNetDriver_0 [GameNetDriver]
[2019.01.23-00.49.28:396][295]LogExit: GameNetDriver IpNetDriver_0 shut down
[2019.01.23-00.49.28:397][295]LogOnlineSession: Warning: OSS: Can't destroy a null online session (GameSession)
[2019.01.23-00.49.28:481][295]LogAIModule: Creating AISystem for world Lobby
[2019.01.23-00.49.28:481][295]LogLoad: Game class is 'LobbyGM_C'
[2019.01.23-00.49.28:482][295]LogOnline: Warning: STEAM: Steamworks: SteamUtils() failed!
[2019.01.23-00.49.28:482][295]LogOnline: Warning: STEAM: Steamworks: SteamUser() failed!
[2019.01.23-00.49.28:482][295]LogOnline: Warning: STEAM: Steamworks: SteamFriends() failed!
[2019.01.23-00.49.28:482][295]LogOnline: Warning: STEAM: Steamworks: SteamRemoteStorage() failed!
[2019.01.23-00.49.28:482][295]LogOnline: Warning: STEAM: Steamworks: SteamUserStats() failed!
[2019.01.23-00.49.28:482][295]LogOnline: Warning: STEAM: Steamworks: SteamMatchmakingServers() failed!
[2019.01.23-00.49.28:482][295]LogOnline: Warning: STEAM: Steamworks: SteamApps() failed!
[2019.01.23-00.49.28:482][295]LogOnline: Warning: STEAM: Steamworks: SteamNetworking() failed!
[2019.01.23-00.49.28:482][295]LogOnline: Warning: STEAM: Steamworks: SteamMatchmaking() failed!
[2019.01.23-00.49.28:482][295]LogOnline: STEAM: [AppId: 0] Client API initialized 0
[2019.01.23-00.49.28:482][295]LogOnline: Display: STEAM: OnlineSubsystemSteam::Shutdown()
[2019.01.23-00.49.28:483][295]LogOnline: Warning: STEAM: Steam API failed to initialize!
[2019.01.23-00.49.28:483][295]LogOnline: Display: STEAM: OnlineSubsystemSteam::Shutdown()
[2019.01.23-00.49.28:483][295]LogTemp: Display: ParseSettings for GameNetDriver
[2019.01.23-00.49.28:483][295]LogTemp: Display: ParseSettings for IpNetDriver_1
[2019.01.23-00.49.28:483][295]LogTemp: Display: ParseSettings for GameNetDriver
[2019.01.23-00.49.28:483][295]LogNet: ReplicationDriverClass is null! Not using ReplicationDriver.
[2019.01.23-00.49.28:483][295]PacketHandlerLog: DDoS detection status: detection enabled: 0 analytics enabled: 0
[2019.01.23-00.49.28:483][295]LogInit: WinSock: Socket queue 131072 / 131072
[2019.01.23-00.49.28:484][295]PacketHandlerLog: Loaded PacketHandler component: Engine.EngineHandlerComponentFactory (StatelessConnectHandlerComponent)
[2019.01.23-00.49.28:484][295]LogNet: GameNetDriver IpNetDriver_1 IpNetDriver listening on port 7777
[2019.01.23-00.49.28:485][295]LogWorld: Bringing World /Game/Maps/Lobby.Lobby up for play (max tick rate 0) at 2019.01.22-19.49.28
[2019.01.23-00.49.28:486][295]LogWorld: Bringing up level for play took: 0.001568
[2019.01.23-00.49.28:486][295]LogOnlineSession: Warning: OSS: No game present to join for session (GameSession)
[2019.01.23-00.49.28:498][295]LogLoad: Took 0.102759 seconds to LoadMap(/Game/Maps/Lobby)
[2019.01.23-00.49.28:592][301]LogNet: NotifyAcceptingConnection accepted from: 192.168.0.101:59760
[2019.01.23-00.49.28:593][301]LogHandshake: SendConnectChallenge. Timestamp: 0.213084, Cookie: 019063150231241017003011051062071175252011153079207104020218
[2019.01.23-00.49.28:609][302]LogNet: NotifyAcceptingConnection accepted from: 192.168.0.101:59760
[2019.01.23-00.49.28:610][302]LogHandshake: SendChallengeAck. InCookie: 019063150231241017003011051062071175252011153079207104020218
[2019.01.23-00.49.28:610][302]LogNet: Server accepting post-challenge connection from: 192.168.0.101:59760
[2019.01.23-00.49.28:610][302]PacketHandlerLog: Loaded PacketHandler component: Engine.EngineHandlerComponentFactory (StatelessConnectHandlerComponent)
[2019.01.23-00.49.28:610][302]LogNet: NotifyAcceptedConnection: Name: Lobby, TimeStamp: 01/22/19 19:49:28, [UNetConnection] RemoteAddr: 192.168.0.101:59760, Name: IpConnection_1, Driver: GameNetDriver IpNetDriver_1, IsServer: YES, PC: NULL, Owner: NULL, UniqueId: INVALID
[2019.01.23-00.49.28:610][302]LogNet: AddClientConnection: Added client connection: [UNetConnection] RemoteAddr: 192.168.0.101:59760, Name: IpConnection_1, Driver: GameNetDriver IpNetDriver_1, IsServer: YES, PC: NULL, Owner: NULL, UniqueId: INVALID
[2019.01.23-00.49.28:625][303]LogNet: NotifyAcceptingChannel Control 0 server World /Game/Maps/Lobby.Lobby: Accepted
[2019.01.23-00.49.28:625][303]LogNet: Remote platform little endian=1
[2019.01.23-00.49.28:625][303]LogNet: This platform little endian=1
[2019.01.23-00.49.28:641][304]LogNet: Login request: /Game/Maps/Lobby?game=/Game/Blueprints/Lobby/LobbyGM.LobbyGM_C?Name=Max-PC-2B394B2F4B12DE2FC3DB38903552F5C5 userId: NULL:Max-PC-2B394B2F4B12DE2FC3DB38903552F5C5 platform: NULL
[2019.01.23-00.49.28:658][305]LogNet: Client netspeed is 10000
[2019.01.23-00.49.28:755][311]LogNet: Join request: /Game/Maps/Lobby?game=/Game/Blueprints/Lobby/LobbyGM.LobbyGM_C?Name=Max-PC-2B394B2F4B12DE2FC3DB38903552F5C5?SplitscreenCount=1
[2019.01.23-00.49.28:755][311]LogOnlineSession: Warning: OSS: No game present to join for session (GameSession)
[2019.01.23-00.49.28:759][311]LogNet: Join succeeded: Max-PC-2B394B2F4B12D
[2019.01.23-00.49.36:961][812]LogSlate: FSceneViewport::OnFocusLost() reason 0
[2019.01.23-00.49.37:057][818]PIE: Warning: This widget does not support focus.  If this is a UserWidget, you should set bIsFocusable to true.
[2019.01.23-00.49.37:460][842]LogSlate: FSceneViewport::OnFocusLost() reason 0
[2019.01.23-00.49.38:988][936]LogGameMode: ProcessServerTravel: /Game/Maps/Arena01
[2019.01.23-00.49.38:988][936]LogWorld: SeamlessTravel to: /Game/Maps/Arena01
[2019.01.23-00.49.39:026][937]LogAIModule: Creating AISystem for world TravelMap
[2019.01.23-00.49.39:027][937]LogStats:     SeamlessTravel FlushLevelStreaming  -  0.000 s
[2019.01.23-00.49.39:027][937]LogWorld: Bringing World /Game/Maps/TravelMap.TravelMap up for play (max tick rate 0) at 2019.01.22-19.49.39
[2019.01.23-00.49.39:027][937]LogWorld: Bringing up level for play took: 0.000291
[2019.01.23-00.49.39:027][937]LogWorld: Sending NotifyLoadedWorld for LP: LocalPlayer_0 PC: LobbyPC_C_0
[2019.01.23-00.49.39:027][937]LogNet: Verbose: NotifyLoadedWorld Begin
[2019.01.23-00.49.39:027][937]LogNet: VeryVerbose: GetFunctionCallspace Server calling Server function: ServerNotifyLoadedWorld Local
[2019.01.23-00.49.39:027][937]LogNet: Verbose: NotifyLoadedWorld End
[2019.01.23-00.49.39:027][937]LogWorld: StartLoadingDestination to: /Game/Maps/Arena01
[2019.01.23-00.49.39:166][942]LogAIModule: Creating AISystem for world Arena01
[2019.01.23-00.49.39:167][942]LogLoad: Game class is 'GameplayGM_C'
[2019.01.23-00.49.39:167][942]LogStats:     SeamlessTravel FlushLevelStreaming  -  0.000 s
[2019.01.23-00.49.39:170][942]LogWorld: Bringing World /Game/Maps/Arena01.Arena01 up for play (max tick rate 0) at 2019.01.22-19.49.39
[2019.01.23-00.49.39:170][942]LogWorld: Bringing up level for play took: 0.002523
[2019.01.23-00.49.39:170][942]LogWorld: Sending NotifyLoadedWorld for LP: LocalPlayer_0 PC: LobbyPC_C_0
[2019.01.23-00.49.39:170][942]LogNet: Verbose: NotifyLoadedWorld Begin
[2019.01.23-00.49.39:170][942]LogNet: VeryVerbose: GetFunctionCallspace Server calling Server function: ServerNotifyLoadedWorld Local
[2019.01.23-00.49.39:170][942]LogNet: Verbose: NotifyLoadedWorld End
[2019.01.23-00.49.39:170][942]LogWorld: ----SeamlessTravel finished in 0.18 seconds ------
[2019.01.23-00.49.39:171][942]LogScript: Warning: Script Msg: DestroySession - Invalid player state
[2019.01.23-00.49.39:173][942]LogSlate: Updating window title bar state: overlay mode, drag disabled, window buttons hidden, title bar hidden
[2019.01.23-00.49.39:177][942]PIE: Warning: The widget 'GameUI_C' was already added to the screen.
[2019.01.23-00.49.39:298][949]LogScript: Warning: Script Msg: DestroySession - Invalid player state
[2019.01.23-00.50.00:897][272]LogSlate: FSceneViewport::OnFocusLost() reason 2
[2019.01.23-00.50.02:038][342]LogSlate: FSceneViewport::OnFocusLost() reason 2
[2019.01.23-00.50.12:940][ 10]LogBlueprintUserMessages: [Forge_C_0] Arena01
[2019.01.23-00.50.12:941][ 10]LogBlueprintUserMessages: [Forge_C_1] Forge
[2019.01.23-00.50.38:880][595]LogPackageName: Warning: Found ambiguous long package name for 'Arena02'. Returning '/Game/Maps/Arena02', but could also be '/Game/Textures/arena02'.
[2019.01.23-00.50.38:880][595]LogPackageName: SearchForPackageOnDisk took   0.128s to resolve Arena02.
[2019.01.23-00.50.38:882][595]LogGameMode: ProcessServerTravel: /Game/Maps/Arena02
[2019.01.23-00.50.38:882][595]LogSlate: FSceneViewport::OnFocusLost() reason 2
[2019.01.23-00.50.38:917][598]LogNet: UChannel::ReceivedSequencedBunch: Bunch.bClose == true. ChIndex == 0. Calling ConditionalCleanUp.
[2019.01.23-00.50.38:917][598]LogNet: UChannel::CleanUp: ChIndex == 0. Closing connection. [UChannel] ChIndex: 0, Closing: 0 [UNetConnection] RemoteAddr: 192.168.0.101:59760, Name: IpConnection_1, Driver: GameNetDriver IpNetDriver_1, IsServer: YES, PC: GameplayPC_C_1, Owner: GameplayPC_C_1, UniqueId: NULL:Max-PC-2B394B2F4B12DE2FC3DB38903552F5C5
[2019.01.23-00.50.38:917][598]LogNet: UNetConnection::Close: [UNetConnection] RemoteAddr: 192.168.0.101:59760, Name: IpConnection_1, Driver: GameNetDriver IpNetDriver_1, IsServer: YES, PC: GameplayPC_C_1, Owner: GameplayPC_C_1, UniqueId: NULL:Max-PC-2B394B2F4B12DE2FC3DB38903552F5C5, Channels: 11, Time: 2019.01.23-00.50.38
[2019.01.23-00.50.38:917][598]LogNet: UChannel::Close: Sending CloseBunch. ChIndex == 0. Name: [UChannel] ChIndex: 0, Closing: 0 [UNetConnection] RemoteAddr: 192.168.0.101:59760, Name: IpConnection_1, Driver: GameNetDriver IpNetDriver_1, IsServer: YES, PC: GameplayPC_C_1, Owner: GameplayPC_C_1, UniqueId: NULL:Max-PC-2B394B2F4B12DE2FC3DB38903552F5C5
[2019.01.23-00.50.38:917][598]LogNet: NotifyAcceptingConnection: Server Arena01 refused
[2019.01.23-00.50.38:918][598]LogOnlineSession: Warning: OSS: Can't destroy a null online session (GameSession)
[2019.01.23-00.50.38:918][598]LogOnlineSession: Warning: OSS: No game present to leave for session (GameSession)
[2019.01.23-00.50.39:927][660]LogNet: NotifyAcceptingConnection: Server Arena01 refused
[2019.01.23-00.50.40:951][722]LogNet: NotifyAcceptingConnection: Server Arena01 refused
[2019.01.23-00.50.41:965][784]LogNet: NotifyAcceptingConnection: Server Arena01 refused
[2019.01.23-00.50.42:742][833]LogEngine: Server switch level: /Game/Maps/Arena02
[2019.01.23-00.50.42:742][833]LogNet: Browse: /Game/Maps/Arena02?listen
[2019.01.23-00.50.42:742][833]LogLoad: LoadMap: /Game/Maps/Arena02?listen
[2019.01.23-00.50.42:742][833]LogNet: World NetDriver shutdown IpNetDriver_1 [GameNetDriver]
[2019.01.23-00.50.42:742][833]LogNet: DestroyNamedNetDriver IpNetDriver_1 [GameNetDriver]
[2019.01.23-00.50.42:742][833]LogExit: GameNetDriver IpNetDriver_1 shut down
[2019.01.23-00.50.42:743][833]LogOnlineSession: Warning: OSS: Can't destroy a null online session (GameSession)
[2019.01.23-00.50.42:857][833]LogAIModule: Creating AISystem for world Arena02
[2019.01.23-00.50.42:857][833]LogLoad: Game class is 'GameplayGM_C'
[2019.01.23-00.50.42:858][833]LogOnline: Warning: STEAM: Steamworks: SteamUtils() failed!
[2019.01.23-00.50.42:858][833]LogOnline: Warning: STEAM: Steamworks: SteamUser() failed!
[2019.01.23-00.50.42:858][833]LogOnline: Warning: STEAM: Steamworks: SteamFriends() failed!
[2019.01.23-00.50.42:858][833]LogOnline: Warning: STEAM: Steamworks: SteamRemoteStorage() failed!
[2019.01.23-00.50.42:858][833]LogOnline: Warning: STEAM: Steamworks: SteamUserStats() failed!
[2019.01.23-00.50.42:858][833]LogOnline: Warning: STEAM: Steamworks: SteamMatchmakingServers() failed!
[2019.01.23-00.50.42:858][833]LogOnline: Warning: STEAM: Steamworks: SteamApps() failed!
[2019.01.23-00.50.42:858][833]LogOnline: Warning: STEAM: Steamworks: SteamNetworking() failed!
[2019.01.23-00.50.42:858][833]LogOnline: Warning: STEAM: Steamworks: SteamMatchmaking() failed!
[2019.01.23-00.50.42:858][833]LogOnline: STEAM: [AppId: 0] Client API initialized 0
[2019.01.23-00.50.42:858][833]LogOnline: Display: STEAM: OnlineSubsystemSteam::Shutdown()
[2019.01.23-00.50.42:858][833]LogOnline: Warning: STEAM: Steam API failed to initialize!
[2019.01.23-00.50.42:858][833]LogOnline: Display: STEAM: OnlineSubsystemSteam::Shutdown()
[2019.01.23-00.50.42:858][833]LogTemp: Display: ParseSettings for GameNetDriver
[2019.01.23-00.50.42:858][833]LogTemp: Display: ParseSettings for IpNetDriver_2
[2019.01.23-00.50.42:859][833]LogTemp: Display: ParseSettings for GameNetDriver
[2019.01.23-00.50.42:859][833]LogNet: ReplicationDriverClass is null! Not using ReplicationDriver.
[2019.01.23-00.50.42:859][833]PacketHandlerLog: DDoS detection status: detection enabled: 0 analytics enabled: 0
[2019.01.23-00.50.42:859][833]LogInit: WinSock: Socket queue 131072 / 131072
[2019.01.23-00.50.42:859][833]PacketHandlerLog: Loaded PacketHandler component: Engine.EngineHandlerComponentFactory (StatelessConnectHandlerComponent)
[2019.01.23-00.50.42:859][833]LogNet: GameNetDriver IpNetDriver_2 IpNetDriver listening on port 7777
[2019.01.23-00.50.42:876][833]LogWorld: Bringing World /Game/Maps/Arena02.Arena02 up for play (max tick rate 0) at 2019.01.22-19.50.42
[2019.01.23-00.50.42:877][833]LogWorld: Bringing up level for play took: 0.016917
[2019.01.23-00.50.42:877][833]LogOnlineSession: Warning: OSS: No game present to join for session (GameSession)
[2019.01.23-00.50.42:879][833]LogSlate: Updating window title bar state: overlay mode, drag disabled, window buttons hidden, title bar hidden
[2019.01.23-00.50.42:882][833]PIE: Warning: The widget 'GameUI_C' was already added to the screen.
[2019.01.23-00.50.42:882][833]LogLoad: Took 0.140059 seconds to LoadMap(/Game/Maps/Arena02)
[2019.01.23-00.50.42:961][838]LogNet: NotifyAcceptingConnection accepted from: 192.168.0.101:55959
[2019.01.23-00.50.42:961][838]LogHandshake: SendConnectChallenge. Timestamp: 0.234745, Cookie: 081225156203135154200089122213171091061062199096166115015237
[2019.01.23-00.50.42:977][839]LogNet: NotifyAcceptingConnection accepted from: 192.168.0.101:55959
[2019.01.23-00.50.42:977][839]LogHandshake: SendChallengeAck. InCookie: 081225156203135154200089122213171091061062199096166115015237
[2019.01.23-00.50.42:977][839]LogNet: Server accepting post-challenge connection from: 192.168.0.101:55959
[2019.01.23-00.50.42:977][839]PacketHandlerLog: Loaded PacketHandler component: Engine.EngineHandlerComponentFactory (StatelessConnectHandlerComponent)
[2019.01.23-00.50.42:977][839]LogNet: NotifyAcceptedConnection: Name: Arena02, TimeStamp: 01/22/19 19:50:42, [UNetConnection] RemoteAddr: 192.168.0.101:55959, Name: IpConnection_2, Driver: GameNetDriver IpNetDriver_2, IsServer: YES, PC: NULL, Owner: NULL, UniqueId: INVALID
[2019.01.23-00.50.42:977][839]LogNet: AddClientConnection: Added client connection: [UNetConnection] RemoteAddr: 192.168.0.101:55959, Name: IpConnection_2, Driver: GameNetDriver IpNetDriver_2, IsServer: YES, PC: NULL, Owner: NULL, UniqueId: INVALID
[2019.01.23-00.50.42:996][840]LogNet: NotifyAcceptingChannel Control 0 server World /Game/Maps/Arena02.Arena02: Accepted
[2019.01.23-00.50.42:996][840]LogNet: Remote platform little endian=1
[2019.01.23-00.50.42:996][840]LogNet: This platform little endian=1
[2019.01.23-00.50.43:030][841]LogNet: Login request: /Game/Maps/Arena02?game=/Game/Blueprints/Lobby/LobbyGM.LobbyGM_C?Name=Max-PC-2B394B2F4B12DE2FC3DB38903552F5C5 userId: NULL:Max-PC-2B394B2F4B12DE2FC3DB38903552F5C5 platform: NULL
[2019.01.23-00.50.43:049][843]LogNet: Client netspeed is 10000
[2019.01.23-00.50.43:194][852]LogNet: Join request: /Game/Maps/Arena02?game=/Game/Blueprints/Lobby/LobbyGM.LobbyGM_C?Name=Max-PC-2B394B2F4B12DE2FC3DB38903552F5C5?SplitscreenCount=1
[2019.01.23-00.50.43:195][852]LogOnlineSession: Warning: OSS: No game present to join for session (GameSession)
[2019.01.23-00.50.43:197][852]LogNet: Join succeeded: Max-PC-2B394B2F4B12D
[2019.01.23-00.50.53:050][454]LogBlueprintUserMessages: [Forge_C_0] Arena02
[2019.01.23-00.50.53:051][454]LogBlueprintUserMessages: [Forge_C_1] Forge
[2019.01.23-00.50.56:059][639]LogBlueprintUserMessages: [Forge_C_0] Arena02
[2019.01.23-00.50.56:059][639]LogBlueprintUserMessages: [Forge_C_1] Forge
[2019.01.23-00.50.59:152][829]LogBlueprintUserMessages: [Forge_C_1] Arena02
[2019.01.23-00.50.59:153][829]LogBlueprintUserMessages: [Forge_C_0] Forge1
[2019.01.23-00.51.05:076][189]LogSlate: FSceneViewport::OnFocusLost() reason 2
[2019.01.23-00.51.09:860][479]Closing by request
[2019.01.23-00.51.09:860][479]LogWindows: FPlatformMisc::RequestExit(0)
[2019.01.23-00.51.09:860][479]LogSlate: FSceneViewport::OnFocusLost() reason 2
[2019.01.23-00.51.09:871][480]LogNet: World NetDriver shutdown IpNetDriver_2 [GameNetDriver]
[2019.01.23-00.51.09:871][480]LogNet: DestroyNamedNetDriver IpNetDriver_2 [GameNetDriver]
[2019.01.23-00.51.09:871][480]LogNet: UNetConnection::Cleanup: Closing open connection. [UNetConnection] RemoteAddr: 192.168.0.101:55959, Name: IpConnection_2, Driver: GameNetDriver IpNetDriver_2, IsServer: YES, PC: GameplayPC_C_1, Owner: GameplayPC_C_1, UniqueId: NULL:Max-PC-2B394B2F4B12DE2FC3DB38903552F5C5
[2019.01.23-00.51.09:871][480]LogNet: UNetConnection::Close: [UNetConnection] RemoteAddr: 192.168.0.101:55959, Name: IpConnection_2, Driver: GameNetDriver IpNetDriver_2, IsServer: YES, PC: GameplayPC_C_1, Owner: GameplayPC_C_1, UniqueId: NULL:Max-PC-2B394B2F4B12DE2FC3DB38903552F5C5, Channels: 11, Time: 2019.01.23-00.51.09
[2019.01.23-00.51.09:871][480]LogNet: UChannel::Close: Sending CloseBunch. ChIndex == 0. Name: [UChannel] ChIndex: 0, Closing: 0 [UNetConnection] RemoteAddr: 192.168.0.101:55959, Name: IpConnection_2, Driver: GameNetDriver IpNetDriver_2, IsServer: YES, PC: GameplayPC_C_1, Owner: GameplayPC_C_1, UniqueId: NULL:Max-PC-2B394B2F4B12DE2FC3DB38903552F5C5
[2019.01.23-00.51.09:871][480]LogExit: GameNetDriver IpNetDriver_2 shut down
[2019.01.23-00.51.09:872][480]LogOnlineSession: Warning: OSS: Can't destroy a null online session (GameSession)
[2019.01.23-00.51.10:686][480]LogSlate: Window 'SteamProject (64-bit Development PCD3D_SM5) ' being destroyed
[2019.01.23-00.51.10:686][480]LogWindowsTextInputMethodSystem: Display: IME system now deactivated.
[2019.01.23-00.51.10:698][480]LogExit: Preparing to exit.
[2019.01.23-00.51.10:698][480]LogMoviePlayer: Shutting down movie player
[2019.01.23-00.51.10:715][480]LogSlate: Updating window title bar state: overlay mode, drag disabled, window buttons hidden, title bar hidden
[2019.01.23-00.51.10:729][480]LogExit: Game engine shut down
[2019.01.23-00.51.10:788][480]LogExit: Object subsystem successfully closed.
[2019.01.23-00.51.10:801][480]LogShaderCompilers: Display: Shaders left to compile 0
[2019.01.23-00.51.10:804][480]LogD3D11RHI: Shutdown
[2019.01.23-00.51.10:804][480]LogD3D11RHI: CleanupD3DDevice
[2019.01.23-00.51.10:807][480]LogD3D11RHI: ~FD3D11DynamicRHI
[2019.01.23-00.51.10:821][480]LogModuleManager: Shutting down and abandoning module SequenceRecorderSections (384)
[2019.01.23-00.51.10:821][480]LogModuleManager: Shutting down and abandoning module SequenceRecorder (382)
[2019.01.23-00.51.10:821][480]LogModuleManager: Shutting down and abandoning module AutomationController (380)
[2019.01.23-00.51.10:821][480]LogModuleManager: Shutting down and abandoning module AutomationWorker (378)
[2019.01.23-00.51.10:821][480]LogModuleManager: Shutting down and abandoning module Voice (376)
[2019.01.23-00.51.10:821][480]LogModuleManager: Shutting down and abandoning module AIModule (374)
[2019.01.23-00.51.10:821][480]LogModuleManager: Shutting down and abandoning module GameplayDebugger (373)
[2019.01.23-00.51.10:821][480]LogModuleManager: Shutting down and abandoning module AITestSuite (371)
[2019.01.23-00.51.10:821][480]LogModuleManager: Shutting down and abandoning module NavigationSystem (369)
[2019.01.23-00.51.10:821][480]LogModuleManager: Shutting down and abandoning module WmfMediaFactory (366)
[2019.01.23-00.51.10:821][480]LogModuleManager: Shutting down and abandoning module WebMMediaFactory (364)
[2019.01.23-00.51.10:821][480]LogModuleManager: Shutting down and abandoning module WebMMedia (362)
[2019.01.23-00.51.10:821][480]LogModuleManager: Shutting down and abandoning module OpenExrWrapper (360)
[2019.01.23-00.51.10:821][480]LogModuleManager: Shutting down and abandoning module ImgMediaFactory (358)
[2019.01.23-00.51.10:821][480]LogModuleManager: Shutting down and abandoning module AvfMediaFactory (356)
[2019.01.23-00.51.10:821][480]LogModuleManager: Shutting down and abandoning module MagicLeapCameraPreviewFactory (354)
[2019.01.23-00.51.10:821][480]LogModuleManager: Shutting down and abandoning module MagicLeapMediaFactory (352)
[2019.01.23-00.51.10:821][480]LogModuleManager: Shutting down and abandoning module CharacterAI (350)
[2019.01.23-00.51.10:821][480]LogModuleManager: Shutting down and abandoning module SessionServices (348)
[2019.01.23-00.51.10:821][480]LogModuleManager: Shutting down and abandoning module MovieSceneCapture (346)
[2019.01.23-00.51.10:821][480]LogModuleManager: Shutting down and abandoning module MovieSceneTracks (344)
[2019.01.23-00.51.10:821][480]LogModuleManager: Shutting down and abandoning module MovieScene (342)
[2019.01.23-00.51.10:821][480]LogModuleManager: Shutting down and abandoning module StreamingPauseRendering (340)
[2019.01.23-00.51.10:822][480]LogModuleManager: Shutting down and abandoning module PortalServices (338)
[2019.01.23-00.51.10:822][480]LogModuleManager: Shutting down and abandoning module PortalRpc (336)
[2019.01.23-00.51.10:822][480]LogModuleManager: Shutting down and abandoning module MessagingRpc (334)
[2019.01.23-00.51.10:822][480]LogModuleManager: Shutting down and abandoning module ImageWriteQueue (332)
[2019.01.23-00.51.10:824][480]LogModuleManager: Shutting down and abandoning module ProfilerService (330)
[2019.01.23-00.51.10:831][480]LogModuleManager: Shutting down and abandoning module TaskGraph (328)
[2019.01.23-00.51.10:831][480]LogModuleManager: Shutting down and abandoning module SteamVRController (326)
[2019.01.23-00.51.10:831][480]LogModuleManager: Shutting down and abandoning module ProceduralMeshComponent (324)
[2019.01.23-00.51.10:831][480]LogModuleManager: Shutting down and abandoning module OculusInput (322)
[2019.01.23-00.51.10:831][480]LogModuleManager: Shutting down and abandoning module MobilePatchingUtils (320)
[2019.01.23-00.51.10:831][480]LogModuleManager: Shutting down and abandoning module EditableMesh (318)
[2019.01.23-00.51.10:831][480]LogModuleManager: Shutting down and abandoning module CustomMeshComponent (316)
[2019.01.23-00.51.10:831][480]LogModuleManager: Shutting down and abandoning module CableComponent (314)
[2019.01.23-00.51.10:831][480]LogModuleManager: Shutting down and abandoning module AudioCapture (312)
[2019.01.23-00.51.10:831][480]LogModuleManager: Shutting down and abandoning module ArchVisCharacter (310)
[2019.01.23-00.51.10:831][480]LogModuleManager: Shutting down and abandoning module AndroidPermission (308)
[2019.01.23-00.51.10:831][480]LogModuleManager: Shutting down and abandoning module NUTUnrealEngine4 (306)
[2019.01.23-00.51.10:831][480]LogModuleManager: Shutting down and abandoning module NetcodeUnitTest (304)
[2019.01.23-00.51.10:831][480]LogModuleManager: Shutting down and abandoning module MediaCompositing (302)
[2019.01.23-00.51.10:831][480]LogModuleManager: Shutting down and abandoning module LinearTimecode (300)
[2019.01.23-00.51.10:831][480]LogModuleManager: Shutting down and abandoning module ImgMedia (298)
[2019.01.23-00.51.10:833][480]LogModuleManager: Shutting down and abandoning module HTML5Networking (296)
[2019.01.23-00.51.10:833][480]LogModuleManager: Shutting down and abandoning module GeometryCacheTracks (294)
[2019.01.23-00.51.10:833][480]LogModuleManager: Shutting down and abandoning module GeometryCacheSequencer (293)
[2019.01.23-00.51.10:833][480]LogModuleManager: Shutting down and abandoning module GeometryCache (290)
[2019.01.23-00.51.10:833][480]LogModuleManager: Shutting down and abandoning module GeometryCacheEd (289)
[2019.01.23-00.51.10:833][480]LogModuleManager: Shutting down and abandoning module BackChannel (286)
[2019.01.23-00.51.10:833][480]LogModuleManager: Shutting down and abandoning module AppleVision (284)
[2019.01.23-00.51.10:833][480]LogModuleManager: Shutting down and abandoning module AppleImageUtilsBlueprintSupport (282)
[2019.01.23-00.51.10:833][480]LogModuleManager: Shutting down and abandoning module AppleImageUtils (280)
[2019.01.23-00.51.10:833][480]LogModuleManager: Shutting down and abandoning module VariantManagerContent (278)
[2019.01.23-00.51.10:833][480]LogModuleManager: Shutting down and abandoning module CryptoKeysOpenSSL (276)
[2019.01.23-00.51.10:833][480]LogModuleManager: Shutting down and abandoning module CryptoKeys (274)
[2019.01.23-00.51.10:833][480]LogModuleManager: Shutting down and abandoning module VisualStudioSourceCodeAccess (272)
[2019.01.23-00.51.10:833][480]LogModuleManager: Shutting down and abandoning module HotReload (271)
[2019.01.23-00.51.10:833][480]LogModuleManager: Shutting down and abandoning module DirectoryWatcher (270)
[2019.01.23-00.51.10:833][480]LogModuleManager: Shutting down and abandoning module VisualStudioCodeSourceCodeAccess (266)
[2019.01.23-00.51.10:833][480]LogModuleManager: Shutting down and abandoning module UObjectPlugin (264)
[2019.01.23-00.51.10:833][480]LogModuleManager: Shutting down and abandoning module SubversionSourceControl (262)
[2019.01.23-00.51.10:833][480]LogModuleManager: Shutting down and abandoning module PerforceSourceControl (260)
[2019.01.23-00.51.10:833][480]LogModuleManager: Shutting down and abandoning module SourceControl (259)
[2019.01.23-00.51.10:833][480]LogModuleManager: Shutting down and abandoning module CLionSourceCodeAccess (256)
[2019.01.23-00.51.10:833][480]LogModuleManager: Shutting down and abandoning module ActorLayerUtilities (254)
[2019.01.23-00.51.10:833][480]LogModuleManager: Shutting down and abandoning module RuntimePhysXCooking (252)
[2019.01.23-00.51.10:833][480]LogModuleManager: Shutting down and abandoning module PhysXVehiclesEditor (250)
[2019.01.23-00.51.10:833][480]LogModuleManager: Shutting down and abandoning module PhysXVehicles (248)
[2019.01.23-00.51.10:833][480]LogModuleManager: Shutting down and abandoning module LocationServicesBPLibrary (246)
[2019.01.23-00.51.10:833][480]LogModuleManager: Shutting down and abandoning module ActorSequence (244)
[2019.01.23-00.51.10:833][480]LogModuleManager: Shutting down and abandoning module UdpMessaging (242)
[2019.01.23-00.51.10:834][480]LogModuleManager: Shutting down and abandoning module TcpMessaging (240)
[2019.01.23-00.51.10:834][480]LogModuleManager: Shutting down and abandoning module MagicLeapAudio (238)
[2019.01.23-00.51.10:834][480]LogModuleManager: Shutting down and abandoning module GameplayTagsEditor (236)
[2019.01.23-00.51.10:834][480]LogModuleManager: Shutting down and abandoning module FacialAnimation (234)
[2019.01.23-00.51.10:834][480]LogModuleManager: Shutting down and abandoning module DataValidation (232)
[2019.01.23-00.51.10:834][480]LogModuleManager: Shutting down and abandoning module AssetManagerEditor (230)
[2019.01.23-00.51.10:834][480]LogModuleManager: Shutting down and abandoning module TreeMap (229)
[2019.01.23-00.51.10:834][480]LogModuleManager: Shutting down and abandoning module LightPropagationVolumeRuntime (226)
[2019.01.23-00.51.10:834][480]LogModuleManager: Shutting down and abandoning module AISupportModule (224)
[2019.01.23-00.51.10:834][480]LogModuleManager: Shutting down and abandoning module Paper2D (222)
[2019.01.23-00.51.10:834][480]LogModuleManager: Shutting down and abandoning module WindowsMoviePlayer (220)
[2019.01.23-00.51.10:834][480]LogModuleManager: Shutting down and abandoning module WebMMoviePlayer (218)
[2019.01.23-00.51.10:834][480]LogModuleManager: Shutting down and abandoning module WmfMedia (216)
[2019.01.23-00.51.10:834][480]LogModuleManager: Shutting down and abandoning module Media (215)
[2019.01.23-00.51.10:840][480]LogModuleManager: Shutting down and abandoning module PacketHandler (212)
[2019.01.23-00.51.10:840][480]LogModuleManager: Shutting down and abandoning module ClothingSystemEditor (210)
[2019.01.23-00.51.10:840][480]LogModuleManager: Shutting down and abandoning module ClothingSystemRuntime (208)
[2019.01.23-00.51.10:840][480]LogModuleManager: Shutting down and abandoning module MediaAssets (206)
[2019.01.23-00.51.10:840][480]LogModuleManager: Shutting down and abandoning module Overlay (204)
[2019.01.23-00.51.10:840][480]LogModuleManager: Shutting down and abandoning module OverlayEditor (203)
[2019.01.23-00.51.10:840][480]LogModuleManager: Shutting down and abandoning module VREditor (200)
[2019.01.23-00.51.10:840][480]LogModuleManager: Shutting down and abandoning module StringTableEditor (198)
[2019.01.23-00.51.10:840][480]LogModuleManager: Shutting down and abandoning module GameplayTasksEditor (196)
[2019.01.23-00.51.10:840][480]LogModuleManager: Shutting down and abandoning module BehaviorTreeEditor (194)
[2019.01.23-00.51.10:840][480]LogModuleManager: Shutting down and abandoning module FunctionalTesting (192)
[2019.01.23-00.51.10:840][480]LogModuleManager: Shutting down and abandoning module CollisionAnalyzer (190)
[2019.01.23-00.51.10:840][480]LogModuleManager: Shutting down and abandoning module WorkspaceMenuStructure (189)
[2019.01.23-00.51.10:840][480]LogModuleManager: Shutting down and abandoning module UMG (186)
[2019.01.23-00.51.10:840][480]LogModuleManager: Shutting down and abandoning module UMGEditor (185)
[2019.01.23-00.51.10:841][480]LogModuleManager: Shutting down and abandoning module Sequencer (184)
[2019.01.23-00.51.10:841][480]LogModuleManager: Shutting down and abandoning module MessageLog (181)
[2019.01.23-00.51.10:841][480]LogModuleManager: Shutting down and abandoning module SlateReflector (176)
[2019.01.23-00.51.10:841][480]LogModuleManager: Shutting down and abandoning module Slate (174)
[2019.01.23-00.51.10:841][480]LogModuleManager: Shutting down and abandoning module EditorStyle (172)
[2019.01.23-00.51.10:842][480]LogModuleManager: Shutting down and abandoning module MRMesh (170)
[2019.01.23-00.51.10:842][480]LogModuleManager: Shutting down and abandoning module Messaging (168)
[2019.01.23-00.51.10:842][480]LogModuleManager: Shutting down and abandoning module SourceCodeAccess (166)
[2019.01.23-00.51.10:842][480]LogModuleManager: Shutting down and abandoning module HeadMountedDisplay (164)
[2019.01.23-00.51.10:842][480]LogModuleManager: Shutting down and abandoning module XAudio2 (162)
[2019.01.23-00.51.10:842][480]LogModuleManager: Shutting down and abandoning module Networking (160)
[2019.01.23-00.51.10:842][480]LogModuleManager: Shutting down and abandoning module Core (158)
[2019.01.23-00.51.10:842][480]LogModuleManager: Shutting down and abandoning module LevelSequence (156)
[2019.01.23-00.51.10:842][480]LogModuleManager: Shutting down and abandoning module KismetCompiler (154)
[2019.01.23-00.51.10:842][480]LogModuleManager: Shutting down and abandoning module MeshUtilities (152)
[2019.01.23-00.51.10:842][480]LogModuleManager: Shutting down and abandoning module MeshMergeUtilities (151)
[2019.01.23-00.51.10:842][480]LogModuleManager: Shutting down and abandoning module MeshReductionInterface (150)
[2019.01.23-00.51.10:842][480]LogModuleManager: Shutting down and abandoning module SimplygonSwarm (149)
[2019.01.23-00.51.10:842][480]LogModuleManager: Shutting down and abandoning module ProxyLODMeshReduction (147)
[2019.01.23-00.51.10:842][480]LogModuleManager: Shutting down and abandoning module SimplygonMeshReduction (145)
[2019.01.23-00.51.10:842][480]LogModuleManager: Shutting down and abandoning module QuadricMeshReduction (143)
[2019.01.23-00.51.10:842][480]LogModuleManager: Shutting down and abandoning module MaterialBaking (139)
[2019.01.23-00.51.10:842][480]LogModuleManager: Shutting down and abandoning module PIEPreviewDeviceProfileSelector (134)
[2019.01.23-00.51.10:842][480]LogModuleManager: Shutting down and abandoning module DerivedDataCache (132)
[2019.01.23-00.51.10:869][480]LogDerivedDataCache: Shutdown
[2019.01.23-00.51.10:869][480]LogModuleManager: Shutting down and abandoning module XGEController (130)
[2019.01.23-00.51.10:869][480]LogModuleManager: Shutting down and abandoning module TargetPlatform (128)
[2019.01.23-00.51.10:869][480]LogModuleManager: Shutting down and abandoning module VulkanShaderFormat (127)
[2019.01.23-00.51.10:869][480]LogModuleManager: Shutting down and abandoning module ShaderFormatVectorVM (125)
[2019.01.23-00.51.10:869][480]LogModuleManager: Shutting down and abandoning module ShaderFormatOpenGL (123)
[2019.01.23-00.51.10:869][480]LogModuleManager: Shutting down and abandoning module ShaderFormatD3D (121)
[2019.01.23-00.51.10:869][480]LogModuleManager: Shutting down and abandoning module MetalShaderFormat (119)
[2019.01.23-00.51.10:869][480]LogModuleManager: Shutting down and abandoning module TextureFormatUncompressed (117)
[2019.01.23-00.51.10:869][480]LogModuleManager: Shutting down and abandoning module TextureFormatPVR (115)
[2019.01.23-00.51.10:869][480]LogModuleManager: Shutting down and abandoning module TextureFormatDXT (113)
[2019.01.23-00.51.10:869][480]LogModuleManager: Shutting down and abandoning module TextureFormatIntelISPCTexComp (111)
[2019.01.23-00.51.10:870][480]LogModuleManager: Shutting down and abandoning module TextureFormatASTC (109)
[2019.01.23-00.51.10:870][480]LogModuleManager: Shutting down and abandoning module ImageWrapper (108)
[2019.01.23-00.51.10:870][480]LogModuleManager: Shutting down and abandoning module TextureFormatAndroid (105)
[2019.01.23-00.51.10:870][480]LogModuleManager: Shutting down and abandoning module AudioFormatOpus (103)
[2019.01.23-00.51.10:870][480]LogModuleManager: Shutting down and abandoning module AudioFormatOgg (101)
[2019.01.23-00.51.10:870][480]LogModuleManager: Shutting down and abandoning module AudioFormatADPCM (99)
[2019.01.23-00.51.10:870][480]LogModuleManager: Shutting down and abandoning module WindowsTargetPlatform (97)
[2019.01.23-00.51.10:870][480]LogModuleManager: Shutting down and abandoning module WindowsServerTargetPlatform (95)
[2019.01.23-00.51.10:870][480]LogModuleManager: Shutting down and abandoning module WindowsNoEditorTargetPlatform (93)
[2019.01.23-00.51.10:870][480]LogModuleManager: Shutting down and abandoning module WindowsClientTargetPlatform (91)
[2019.01.23-00.51.10:870][480]LogModuleManager: Shutting down and abandoning module InputCore (88)
[2019.01.23-00.51.10:870][480]LogModuleManager: Shutting down and abandoning module Settings (86)
[2019.01.23-00.51.10:870][480]LogModuleManager: Shutting down and abandoning module PhysXCooking (84)
[2019.01.23-00.51.10:870][480]LogModuleManager: Shutting down and abandoning module SteamVR (82)
[2019.01.23-00.51.10:870][480]LogHMD: Freeing OpenVRDLLHandle.
[2019.01.23-00.51.10:870][480]LogModuleManager: Shutting down and abandoning module OculusHMD (80)
[2019.01.23-00.51.10:870][480]LogModuleManager: Shutting down and abandoning module ExampleDeviceProfileSelector (78)
[2019.01.23-00.51.10:870][480]LogModuleManager: Shutting down and abandoning module LauncherChunkInstaller (76)
[2019.01.23-00.51.10:870][480]LogModuleManager: Shutting down and abandoning module OnlineBlueprintSupport (74)
[2019.01.23-00.51.10:870][480]LogModuleManager: Shutting down and abandoning module OnlineSubsystem (70)
[2019.01.23-00.51.10:870][480]LogModuleManager: Shutting down and abandoning module XMPP (63)
[2019.01.23-00.51.10:871][480]LogModuleManager: Shutting down and abandoning module WebSockets (62)
[2019.01.23-00.51.10:877][480]LogModuleManager: Shutting down and abandoning module HTTP (59)
[2019.01.23-00.51.10:910][480]LogModuleManager: Shutting down and abandoning module SSL (58)
[2019.01.23-00.51.10:911][480]LogModuleManager: Shutting down and abandoning module MagicLeapIdentity (54)
[2019.01.23-00.51.10:911][480]LogModuleManager: Shutting down and abandoning module MagicLeapHelperVulkan (52)
[2019.01.23-00.51.10:911][480]LogModuleManager: Shutting down and abandoning module MagicLeapHelperOpenGL (50)
[2019.01.23-00.51.10:911][480]LogModuleManager: Shutting down and abandoning module MagicLeapSecureStorage (48)
[2019.01.23-00.51.10:911][480]LogModuleManager: Shutting down and abandoning module MagicLeapHandTracking (46)
[2019.01.23-00.51.10:911][480]LogModuleManager: Shutting down and abandoning module MagicLeapEyeTracker (44)
[2019.01.23-00.51.10:911][480]LogModuleManager: Shutting down and abandoning module MagicLeapController (42)
[2019.01.23-00.51.10:911][480]LogSlate: Slate User Destroyed.  User Index 0, Is Virtual User: 0
[2019.01.23-00.51.10:911][480]LogModuleManager: Shutting down and abandoning module MagicLeap (40)
[2019.01.23-00.51.10:912][480]LogModuleManager: Shutting down and abandoning module DatasmithContent (38)
[2019.01.23-00.51.10:912][480]LogModuleManager: Shutting down and abandoning module AnimationModifiers (36)
[2019.01.23-00.51.10:912][480]LogModuleManager: Shutting down and abandoning module PropertyEditor (35)
[2019.01.23-00.51.10:912][480]LogModuleManager: Shutting down and abandoning module AudioEditor (32)
[2019.01.23-00.51.10:912][480]LogModuleManager: Shutting down and abandoning module TextureCompressor (30)
[2019.01.23-00.51.10:912][480]LogModuleManager: Shutting down and abandoning module ShaderCore (28)
[2019.01.23-00.51.10:912][480]LogModuleManager: Shutting down and abandoning module Landscape (26)
[2019.01.23-00.51.10:912][480]LogModuleManager: Shutting down and abandoning module SlateRHIRenderer (24)
[2019.01.23-00.51.10:912][480]LogModuleManager: Shutting down and abandoning module OpenGLDrv (22)
[2019.01.23-00.51.10:912][480]LogModuleManager: Shutting down and abandoning module D3D11RHI (20)
[2019.01.23-00.51.10:912][480]LogModuleManager: Shutting down and abandoning module AnimGraphRuntime (18)
[2019.01.23-00.51.10:913][480]LogModuleManager: Shutting down and abandoning module Renderer (16)
[2019.01.23-00.51.10:913][480]LogModuleManager: Shutting down and abandoning module Engine (14)
[2019.01.23-00.51.10:913][480]LogModuleManager: Shutting down and abandoning module CoreUObject (12)
[2019.01.23-00.51.10:913][480]LogModuleManager: Shutting down and abandoning module NetworkFile (10)
[2019.01.23-00.51.10:913][480]LogModuleManager: Shutting down and abandoning module CookedIterativeFile (8)
[2019.01.23-00.51.10:913][480]LogModuleManager: Shutting down and abandoning module StreamingFile (6)
[2019.01.23-00.51.10:913][480]LogModuleManager: Shutting down and abandoning module SandboxFile (4)
[2019.01.23-00.51.10:913][480]LogModuleManager: Shutting down and abandoning module PakFile (2)
[2019.01.23-00.51.10:914][480]LogExit: Exiting.
[2019.01.23-00.51.10:917][480]Log file closed, 01/22/19 19:51:10
