Log file open, 01/22/19 19:36:15
LogWindows: Failed to load 'aqProf.dll' (GetLastError=126)
LogWindows: File 'aqProf.dll' does not exist
LogWindows: Failed to load 'VtuneApi.dll' (GetLastError=126)
LogWindows: File 'VtuneApi.dll' does not exist
LogWindows: Failed to load 'VtuneApi32e.dll' (GetLastError=126)
LogWindows: File 'VtuneApi32e.dll' does not exist
LogConsoleResponse: Display: Failed to find resolution value strings in scalability ini. Falling back to default.
LogInit: Display: Running engine for game: SteamProject
LogPakFile: Registered encryption key '00000000000000000000000000000000': 0 pak files mounted, 0 remain pending
LogPlatformFile: Not using cached read wrapper
LogTaskGraph: Started task graph with 5 named threads and 14 total threads with 3 sets of task threads.
LogStats: Stats thread started at 0.181572
LogD3D11RHI: Loaded GFSDK_Aftermath_Lib.x64.dll
LogICUInternationalization: ICU TimeZone Detection - Raw Offset: -5:00, Platform Override: ''
LogPluginManager: Mounting plugin Paper2D
LogPluginManager: Mounting plugin AISupport
LogPluginManager: Mounting plugin LightPropagationVolume
LogPluginManager: Mounting plugin ActorLayerUtilities
LogPluginManager: Mounting plugin CLionSourceCodeAccess
LogPluginManager: Mounting plugin CodeLiteSourceCodeAccess
LogPluginManager: Mounting plugin GitSourceControl
LogPluginManager: Mounting plugin KDevelopSourceCodeAccess
LogPluginManager: Mounting plugin NullSourceCodeAccess
LogPluginManager: Mounting plugin PerforceSourceControl
LogPluginManager: Mounting plugin SubversionSourceControl
LogPluginManager: Mounting plugin UObjectPlugin
LogPluginManager: Mounting plugin VisualStudioCodeSourceCodeAccess
LogPluginManager: Mounting plugin VisualStudioSourceCodeAccess
LogPluginManager: Mounting plugin XCodeSourceCodeAccess
LogPluginManager: Mounting plugin AssetManagerEditor
LogPluginManager: Mounting plugin CryptoKeys
LogPluginManager: Mounting plugin DataValidation
LogPluginManager: Mounting plugin FacialAnimation
LogPluginManager: Mounting plugin GameplayTagsEditor
LogPluginManager: Mounting plugin MacGraphicsSwitching
LogPluginManager: Mounting plugin MeshEditor
LogPluginManager: Mounting plugin MobileLauncherProfileWizard
LogPluginManager: Mounting plugin PluginBrowser
LogPluginManager: Mounting plugin SpeedTreeImporter
LogPluginManager: Mounting plugin DatasmithContent
LogPluginManager: Mounting plugin VariantManagerContent
LogPluginManager: Mounting plugin AlembicImporter
LogPluginManager: Mounting plugin AppleImageUtils
LogPluginManager: Mounting plugin AppleVision
LogPluginManager: Mounting plugin BackChannel
LogPluginManager: Mounting plugin CharacterAI
LogPluginManager: Mounting plugin GeometryCache
LogPluginManager: Mounting plugin HTML5Networking
LogPluginManager: Mounting plugin ProxyLODPlugin
LogPluginManager: Mounting plugin MagicLeap
LogPluginManager: Mounting plugin MagicLeapMedia
LogPluginManager: Mounting plugin AndroidMedia
LogPluginManager: Mounting plugin AvfMedia
LogPluginManager: Mounting plugin ImgMedia
LogPluginManager: Mounting plugin LinearTimecode
LogPluginManager: Mounting plugin MediaCompositing
LogPluginManager: Mounting plugin MediaPlayerEditor
LogPluginManager: Mounting plugin WebMMedia
LogPluginManager: Mounting plugin WmfMedia
LogPluginManager: Mounting plugin TcpMessaging
LogPluginManager: Mounting plugin UdpMessaging
LogPluginManager: Mounting plugin ActorSequence
LogPluginManager: Mounting plugin LevelSequenceEditor
LogPluginManager: Mounting plugin MatineeToLevelSequence
LogPluginManager: Mounting plugin NetcodeUnitTest
LogPluginManager: Mounting plugin NUTUnrealEngine4
LogPluginManager: Mounting plugin OnlineSubsystemGooglePlay
LogPluginManager: Mounting plugin OnlineSubsystemIOS
LogPluginManager: Mounting plugin OnlineSubsystem
LogPluginManager: Mounting plugin OnlineSubsystemNull
LogPluginManager: Mounting plugin OnlineSubsystemSteam
LogPluginManager: Mounting plugin OnlineSubsystemUtils
LogPluginManager: Mounting plugin LauncherChunkInstaller
LogPluginManager: Mounting plugin AndroidDeviceProfileSelector
LogPluginManager: Mounting plugin AndroidMoviePlayer
LogPluginManager: Mounting plugin AndroidPermission
LogPluginManager: Mounting plugin AppleMoviePlayer
LogPluginManager: Mounting plugin ArchVisCharacter
LogPluginManager: Mounting plugin AudioCapture
LogPluginManager: Mounting plugin CableComponent
LogPluginManager: Mounting plugin CustomMeshComponent
LogPluginManager: Mounting plugin EditableMesh
LogPluginManager: Mounting plugin ExampleDeviceProfileSelector
LogPluginManager: Mounting plugin Firebase
LogPluginManager: Mounting plugin GoogleCloudMessaging
LogPluginManager: Mounting plugin IOSDeviceProfileSelector
LogPluginManager: Mounting plugin LinuxDeviceProfileSelector
LogPluginManager: Mounting plugin LocationServicesBPLibrary
LogPluginManager: Mounting plugin MobilePatchingUtils
LogPluginManager: Mounting plugin OculusVR
LogPluginManager: Mounting plugin PhysXVehicles
LogPluginManager: Mounting plugin ProceduralMeshComponent
LogPluginManager: Mounting plugin RuntimePhysXCooking
LogPluginManager: Mounting plugin SteamVR
LogPluginManager: Mounting plugin WebMMoviePlayer
LogPluginManager: Mounting plugin WindowsMoviePlayer
LogStreaming: Display: Took  0.102s to configure plugins.
LogInit: Using libcurl 7.55.1-DEV
LogInit:  - built for x86_64-pc-win32
LogInit:  - supports SSL with OpenSSL/1.0.2h
LogInit:  - supports HTTP deflate (compression) using libz 1.2.8
LogInit:  - other features:
LogInit:      CURL_VERSION_SSL
LogInit:      CURL_VERSION_LIBZ
LogInit:      CURL_VERSION_IPV6
LogInit:      CURL_VERSION_ASYNCHDNS
LogInit:      CURL_VERSION_LARGEFILE
LogInit:      CURL_VERSION_IDN
LogInit:  CurlRequestOptions (configurable via config and command line):
LogInit:  - bVerifyPeer = true  - Libcurl will verify peer certificate
LogInit:  - bUseHttpProxy = false  - Libcurl will NOT use HTTP proxy
LogInit:  - bDontReuseConnections = false  - Libcurl will reuse connections
LogInit:  - MaxHostConnections = 16  - Libcurl will limit the number of connections to a host
LogInit:  - LocalHostAddr = Default
LogInit:  - BufferSize = 65536
LogOnline: Display: STEAM: Loading Steam SDK 1.39
LogOnline: Warning: STEAM: Steamworks: SteamUtils() failed!
LogOnline: Warning: STEAM: Steamworks: SteamUser() failed!
LogOnline: Warning: STEAM: Steamworks: SteamFriends() failed!
LogOnline: Warning: STEAM: Steamworks: SteamRemoteStorage() failed!
LogOnline: Warning: STEAM: Steamworks: SteamUserStats() failed!
LogOnline: Warning: STEAM: Steamworks: SteamMatchmakingServers() failed!
LogOnline: Warning: STEAM: Steamworks: SteamApps() failed!
LogOnline: Warning: STEAM: Steamworks: SteamNetworking() failed!
LogOnline: Warning: STEAM: Steamworks: SteamMatchmaking() failed!
LogOnline: STEAM: [AppId: 0] Client API initialized 0
LogOnline: Display: STEAM: OnlineSubsystemSteam::Shutdown()
LogOnline: Warning: STEAM: Steam API failed to initialize!
LogOnline: Display: STEAM: OnlineSubsystemSteam::Shutdown()
LogOnline: OSS: Unable to create OnlineSubsystem module Steam
LogInit: WinSock: version 1.1 (2.2), MaxSocks=32767, MaxUdp=65467
LogInit: Build: ++UE4+Release-4.21-CL-4613538
LogInit: Engine Version: 4.21.1-4613538+++UE4+Release-4.21
LogInit: Compatible Engine Version: 4.21.0-4541578+++UE4+Release-4.21
LogInit: Net CL: 4541578
LogInit: OS: Windows 10 (), CPU:        Intel(R) Core(TM) i5-3570K CPU @ 3.40GHz, GPU: NVIDIA GeForce GTX 1070
LogInit: Compiled (64-bit): Nov 30 2018 04:13:25
LogInit: Compiled with Visual C++: 19.13.26129.00
LogInit: Build Configuration: Development
LogInit: Branch Name: ++UE4+Release-4.21
LogInit: Command Line:  -game
LogInit: Base Directory: C:/UE_4.21/Engine/Binaries/Win64/
LogInit: Installed Engine Build: 1
LogDevObjectVersion: Number of dev versions registered: 22
LogDevObjectVersion:   Dev-Blueprints (B0D832E4-1F89-4F0D-ACCF-7EB736FD4AA2): 10
LogDevObjectVersion:   Dev-Build (E1C64328-A22C-4D53-A36C-8E866417BD8C): 0
LogDevObjectVersion:   Dev-Core (375EC13C-06E4-48FB-B500-84F0262A717E): 2
LogDevObjectVersion:   Dev-Editor (E4B068ED-F494-42E9-A231-DA0B2E46BB41): 26
LogDevObjectVersion:   Dev-Framework (CFFC743F-43B0-4480-9391-14DF171D2073): 34
LogDevObjectVersion:   Dev-Mobile (B02B49B5-BB20-44E9-A304-32B752E40360): 2
LogDevObjectVersion:   Dev-Networking (A4E4105C-59A1-49B5-A7C5-40C4547EDFEE): 0
LogDevObjectVersion:   Dev-Online (39C831C9-5AE6-47DC-9A44-9C173E1C8E7C): 0
LogDevObjectVersion:   Dev-Physics (78F01B33-EBEA-4F98-B9B4-84EACCB95AA2): 0
LogDevObjectVersion:   Dev-Platform (6631380F-2D4D-43E0-8009-CF276956A95A): 0
LogDevObjectVersion:   Dev-Rendering (12F88B9F-8875-4AFC-A67C-D90C383ABD29): 27
LogDevObjectVersion:   Dev-Sequencer (7B5AE74C-D270-4C10-A958-57980B212A5A): 9
LogDevObjectVersion:   Dev-VR (D7296918-1DD6-4BDD-9DE2-64A83CC13884): 2
LogDevObjectVersion:   Dev-LoadTimes (C2A15278-BFE7-4AFE-6C17-90FF531DF755): 1
LogDevObjectVersion:   Private-Geometry (6EACA3D4-40EC-4CC1-B786-8BED09428FC5): 3
LogDevObjectVersion:   Dev-AnimPhys (29E575DD-E0A3-4627-9D10-D276232CDCEA): 17
LogDevObjectVersion:   Dev-Anim (AF43A65D-7FD3-4947-9873-3E8ED9C1BB05): 2
LogDevObjectVersion:   Dev-ReflectionCapture (6B266CEC-1EC7-4B8F-A30B-E4D90942FC07): 1
LogDevObjectVersion:   Dev-Automation (0DF73D61-A23F-47EA-B727-89E90C41499A): 1
LogDevObjectVersion:   FortniteMain (601D1886-AC64-4F84-AA16-D3DE0DEAC7D6): 17
LogDevObjectVersion:   Dev-Enterprise (9DFFBCD6-494F-0158-E221-12823C92A888): 4
LogDevObjectVersion:   Dev-Niagara (F2AED0AC-9AFE-416F-8664-AA7FFA26D6FC): 1
LogStreaming: Display: Took  0.006s to delete old logs.
LogInit: Presizing for max 8388607 objects, including 0 objects not considered by GC, pre-allocating 0 bytes for permanent pool.
LogInit: Object subsystem initialized
LogConfig: Setting CVar [[con.DebugEarlyDefault:1]]
LogConfig: Setting CVar [[r.setres:1280x720]]
[2019.01.23-00.36.15:474][  0]LogConfig: Setting CVar [[con.DebugEarlyDefault:1]]
[2019.01.23-00.36.15:474][  0]LogConfig: Setting CVar [[r.setres:1280x720]]
[2019.01.23-00.36.15:474][  0]LogConfig: Applying CVar settings from Section [/Script/Engine.RendererSettings] File [C:/Users/maxsa/Desktop/Unreal Projects/SteamProject/Saved/Config/Windows/Engine.ini]
[2019.01.23-00.36.15:474][  0]LogConfig: Setting CVar [[r.GPUCrashDebugging:0]]
[2019.01.23-00.36.15:474][  0]LogConfig: Applying CVar settings from Section [/Script/Engine.RendererOverrideSettings] File [C:/Users/maxsa/Desktop/Unreal Projects/SteamProject/Saved/Config/Windows/Engine.ini]
[2019.01.23-00.36.15:474][  0]LogConfig: Applying CVar settings from Section [/Script/Engine.StreamingSettings] File [C:/Users/maxsa/Desktop/Unreal Projects/SteamProject/Saved/Config/Windows/Engine.ini]
[2019.01.23-00.36.15:474][  0]LogConfig: Setting CVar [[s.MinBulkDataSizeForAsyncLoading:131072]]
[2019.01.23-00.36.15:474][  0]LogConfig: Setting CVar [[s.AsyncLoadingThreadEnabled:0]]
[2019.01.23-00.36.15:474][  0]LogConfig: Setting CVar [[s.EventDrivenLoaderEnabled:1]]
[2019.01.23-00.36.15:474][  0]LogConfig: Setting CVar [[s.WarnIfTimeLimitExceeded:0]]
[2019.01.23-00.36.15:474][  0]LogConfig: Setting CVar [[s.TimeLimitExceededMultiplier:1.5]]
[2019.01.23-00.36.15:474][  0]LogConfig: Setting CVar [[s.TimeLimitExceededMinTime:0.005]]
[2019.01.23-00.36.15:474][  0]LogConfig: Setting CVar [[s.UseBackgroundLevelStreaming:1]]
[2019.01.23-00.36.15:474][  0]LogConfig: Setting CVar [[s.PriorityAsyncLoadingExtraTime:15.0]]
[2019.01.23-00.36.15:475][  0]LogConfig: Setting CVar [[s.LevelStreamingActorsUpdateTimeLimit:5.0]]
[2019.01.23-00.36.15:475][  0]LogConfig: Setting CVar [[s.PriorityLevelStreamingActorsUpdateExtraTime:5.0]]
[2019.01.23-00.36.15:475][  0]LogConfig: Setting CVar [[s.LevelStreamingComponentsRegistrationGranularity:10]]
[2019.01.23-00.36.15:475][  0]LogConfig: Setting CVar [[s.UnregisterComponentsTimeLimit:1.0]]
[2019.01.23-00.36.15:475][  0]LogConfig: Setting CVar [[s.LevelStreamingComponentsUnregistrationGranularity:5]]
[2019.01.23-00.36.15:475][  0]LogConfig: Applying CVar settings from Section [/Script/Engine.GarbageCollectionSettings] File [C:/Users/maxsa/Desktop/Unreal Projects/SteamProject/Saved/Config/Windows/Engine.ini]
[2019.01.23-00.36.15:475][  0]LogConfig: Setting CVar [[gc.MaxObjectsNotConsideredByGC:1]]
[2019.01.23-00.36.15:475][  0]LogConfig: Setting CVar [[gc.SizeOfPermanentObjectPool:0]]
[2019.01.23-00.36.15:475][  0]LogConfig: Setting CVar [[gc.FlushStreamingOnGC:0]]
[2019.01.23-00.36.15:475][  0]LogConfig: Setting CVar [[gc.NumRetriesBeforeForcingGC:10]]
[2019.01.23-00.36.15:475][  0]LogConfig: Setting CVar [[gc.AllowParallelGC:1]]
[2019.01.23-00.36.15:475][  0]LogConfig: Setting CVar [[gc.TimeBetweenPurgingPendingKillObjects:61.1]]
[2019.01.23-00.36.15:475][  0]LogConfig: Setting CVar [[gc.MaxObjectsInEditor:8388607]]
[2019.01.23-00.36.15:475][  0]LogConfig: Setting CVar [[gc.IncrementalBeginDestroyEnabled:1]]
[2019.01.23-00.36.15:475][  0]LogConfig: Setting CVar [[gc.CreateGCClusters:1]]
[2019.01.23-00.36.15:475][  0]LogConfig: Setting CVar [[gc.MergeGCClusters:0]]
[2019.01.23-00.36.15:475][  0]LogConfig: Setting CVar [[gc.MinGCClusterSize:5]]
[2019.01.23-00.36.15:475][  0]LogConfig: Setting CVar [[gc.ActorClusteringEnabled:0]]
[2019.01.23-00.36.15:475][  0]LogConfig: Setting CVar [[gc.BlueprintClusteringEnabled:0]]
[2019.01.23-00.36.15:475][  0]LogConfig: Setting CVar [[gc.UseDisregardForGCOnDedicatedServers:0]]
[2019.01.23-00.36.15:475][  0]LogConfig: Applying CVar settings from Section [/Script/Engine.NetworkSettings] File [C:/Users/maxsa/Desktop/Unreal Projects/SteamProject/Saved/Config/Windows/Engine.ini]
[2019.01.23-00.36.15:475][  0]LogConfig: Applying CVar settings from Section [/Script/UnrealEd.CookerSettings] File [C:/Users/maxsa/Desktop/Unreal Projects/SteamProject/Saved/Config/Windows/Engine.ini]
[2019.01.23-00.36.15:485][  0]LogConfig: Applying CVar settings from Section [ViewDistanceQuality@3] File [C:/Users/maxsa/Desktop/Unreal Projects/SteamProject/Saved/Config/Windows/Scalability.ini]
[2019.01.23-00.36.15:485][  0]LogConfig: Setting CVar [[r.SkeletalMeshLODBias:0]]
[2019.01.23-00.36.15:485][  0]LogConfig: Setting CVar [[r.ViewDistanceScale:1.0]]
[2019.01.23-00.36.15:485][  0]LogConfig: Applying CVar settings from Section [AntiAliasingQuality@3] File [C:/Users/maxsa/Desktop/Unreal Projects/SteamProject/Saved/Config/Windows/Scalability.ini]
[2019.01.23-00.36.15:485][  0]LogConfig: Setting CVar [[r.PostProcessAAQuality:4]]
[2019.01.23-00.36.15:485][  0]LogConfig: Applying CVar settings from Section [ShadowQuality@3] File [C:/Users/maxsa/Desktop/Unreal Projects/SteamProject/Saved/Config/Windows/Scalability.ini]
[2019.01.23-00.36.15:485][  0]LogConfig: Setting CVar [[r.LightFunctionQuality:1]]
[2019.01.23-00.36.15:485][  0]LogConfig: Setting CVar [[r.ShadowQuality:5]]
[2019.01.23-00.36.15:485][  0]LogConfig: Setting CVar [[r.Shadow.CSM.MaxCascades:10]]
[2019.01.23-00.36.15:485][  0]LogConfig: Setting CVar [[r.Shadow.MaxResolution:2048]]
[2019.01.23-00.36.15:485][  0]LogConfig: Setting CVar [[r.Shadow.MaxCSMResolution:2048]]
[2019.01.23-00.36.15:485][  0]LogConfig: Setting CVar [[r.Shadow.RadiusThreshold:0.01]]
[2019.01.23-00.36.15:485][  0]LogConfig: Setting CVar [[r.Shadow.DistanceScale:1.0]]
[2019.01.23-00.36.15:485][  0]LogConfig: Setting CVar [[r.Shadow.CSM.TransitionScale:1.0]]
[2019.01.23-00.36.15:485][  0]LogConfig: Setting CVar [[r.Shadow.PreShadowResolutionFactor:1.0]]
[2019.01.23-00.36.15:485][  0]LogConfig: Setting CVar [[r.DistanceFieldShadowing:1]]
[2019.01.23-00.36.15:485][  0]LogConfig: Setting CVar [[r.DistanceFieldAO:1]]
[2019.01.23-00.36.15:485][  0]LogConfig: Setting CVar [[r.AOQuality:2]]
[2019.01.23-00.36.15:485][  0]LogConfig: Setting CVar [[r.VolumetricFog:1]]
[2019.01.23-00.36.15:485][  0]LogConfig: Setting CVar [[r.VolumetricFog.GridPixelSize:8]]
[2019.01.23-00.36.15:485][  0]LogConfig: Setting CVar [[r.VolumetricFog.GridSizeZ:128]]
[2019.01.23-00.36.15:485][  0]LogConfig: Setting CVar [[r.VolumetricFog.HistoryMissSupersampleCount:4]]
[2019.01.23-00.36.15:485][  0]LogConfig: Setting CVar [[r.LightMaxDrawDistanceScale:1]]
[2019.01.23-00.36.15:485][  0]LogConfig: Setting CVar [[r.CapsuleShadows:1]]
[2019.01.23-00.36.15:485][  0]LogConfig: Applying CVar settings from Section [PostProcessQuality@3] File [C:/Users/maxsa/Desktop/Unreal Projects/SteamProject/Saved/Config/Windows/Scalability.ini]
[2019.01.23-00.36.15:485][  0]LogConfig: Setting CVar [[r.MotionBlurQuality:4]]
[2019.01.23-00.36.15:485][  0]LogConfig: Setting CVar [[r.AmbientOcclusionMipLevelFactor:0.4]]
[2019.01.23-00.36.15:485][  0]LogConfig: Setting CVar [[r.AmbientOcclusionMaxQuality:100]]
[2019.01.23-00.36.15:485][  0]LogConfig: Setting CVar [[r.AmbientOcclusionLevels:-1]]
[2019.01.23-00.36.15:485][  0]LogConfig: Setting CVar [[r.AmbientOcclusionRadiusScale:1.0]]
[2019.01.23-00.36.15:485][  0]LogConfig: Setting CVar [[r.DepthOfFieldQuality:2]]
[2019.01.23-00.36.15:485][  0]LogConfig: Setting CVar [[r.RenderTargetPoolMin:400]]
[2019.01.23-00.36.15:485][  0]LogConfig: Setting CVar [[r.LensFlareQuality:2]]
[2019.01.23-00.36.15:485][  0]LogConfig: Setting CVar [[r.SceneColorFringeQuality:1]]
[2019.01.23-00.36.15:485][  0]LogConfig: Setting CVar [[r.EyeAdaptationQuality:2]]
[2019.01.23-00.36.15:485][  0]LogConfig: Setting CVar [[r.BloomQuality:5]]
[2019.01.23-00.36.15:485][  0]LogConfig: Setting CVar [[r.FastBlurThreshold:100]]
[2019.01.23-00.36.15:485][  0]LogConfig: Setting CVar [[r.Upscale.Quality:3]]
[2019.01.23-00.36.15:485][  0]LogConfig: Setting CVar [[r.Tonemapper.GrainQuantization:1]]
[2019.01.23-00.36.15:485][  0]LogConfig: Setting CVar [[r.LightShaftQuality:1]]
[2019.01.23-00.36.15:485][  0]LogConfig: Setting CVar [[r.Filter.SizeScale:1]]
[2019.01.23-00.36.15:485][  0]LogConfig: Setting CVar [[r.Tonemapper.Quality:5]]
[2019.01.23-00.36.15:485][  0]LogConfig: Setting CVar [[r.DOF.Gather.AccumulatorQuality:1        ; higher gathering accumulator quality]]
[2019.01.23-00.36.15:485][  0]LogConfig: Setting CVar [[r.DOF.Gather.PostfilterMethod:1          ; Median3x3 postfilering method]]
[2019.01.23-00.36.15:485][  0]LogConfig: Setting CVar [[r.DOF.Gather.EnableBokehSettings:0       ; no bokeh simulation when gathering]]
[2019.01.23-00.36.15:485][  0]LogConfig: Setting CVar [[r.DOF.Gather.RingCount:4                 ; medium number of samples when gathering]]
[2019.01.23-00.36.15:485][  0]LogConfig: Setting CVar [[r.DOF.Scatter.ForegroundCompositing:1    ; additive foreground scattering]]
[2019.01.23-00.36.15:485][  0]LogConfig: Setting CVar [[r.DOF.Scatter.BackgroundCompositing:2    ; additive background scattering]]
[2019.01.23-00.36.15:485][  0]LogConfig: Setting CVar [[r.DOF.Scatter.EnableBokehSettings:1      ; bokeh simulation when scattering]]
[2019.01.23-00.36.15:485][  0]LogConfig: Setting CVar [[r.DOF.Scatter.MaxSpriteRatio:0.1         ; only a maximum of 10% of scattered bokeh]]
[2019.01.23-00.36.15:485][  0]LogConfig: Setting CVar [[r.DOF.Recombine.Quality:1                ; cheap slight out of focus]]
[2019.01.23-00.36.15:485][  0]LogConfig: Setting CVar [[r.DOF.Recombine.EnableBokehSettings:0    ; no bokeh simulation on slight out of focus]]
[2019.01.23-00.36.15:486][  0]LogConfig: Setting CVar [[r.DOF.TemporalAAQuality:1                ; more stable temporal accumulation]]
[2019.01.23-00.36.15:486][  0]LogConfig: Setting CVar [[r.DOF.Kernel.MaxForegroundRadius:0.025]]
[2019.01.23-00.36.15:486][  0]LogConfig: Setting CVar [[r.DOF.Kernel.MaxBackgroundRadius:0.025]]
[2019.01.23-00.36.15:486][  0]LogConfig: Applying CVar settings from Section [TextureQuality@3] File [C:/Users/maxsa/Desktop/Unreal Projects/SteamProject/Saved/Config/Windows/Scalability.ini]
[2019.01.23-00.36.15:486][  0]LogConfig: Setting CVar [[r.Streaming.MipBias:0]]
[2019.01.23-00.36.15:486][  0]LogConfig: Setting CVar [[r.Streaming.AmortizeCPUToGPUCopy:0]]
[2019.01.23-00.36.15:486][  0]LogConfig: Setting CVar [[r.Streaming.MaxNumTexturesToStreamPerFrame:0]]
[2019.01.23-00.36.15:486][  0]LogConfig: Setting CVar [[r.Streaming.Boost:1]]
[2019.01.23-00.36.15:486][  0]LogConfig: Setting CVar [[r.MaxAnisotropy:8]]
[2019.01.23-00.36.15:486][  0]LogConfig: Setting CVar [[r.Streaming.LimitPoolSizeToVRAM:0]]
[2019.01.23-00.36.15:486][  0]LogConfig: Setting CVar [[r.Streaming.PoolSize:1000]]
[2019.01.23-00.36.15:486][  0]LogConfig: Setting CVar [[r.Streaming.MaxEffectiveScreenSize:0]]
[2019.01.23-00.36.15:486][  0]LogConfig: Applying CVar settings from Section [EffectsQuality@3] File [C:/Users/maxsa/Desktop/Unreal Projects/SteamProject/Saved/Config/Windows/Scalability.ini]
[2019.01.23-00.36.15:486][  0]LogConfig: Setting CVar [[r.TranslucencyLightingVolumeDim:64]]
[2019.01.23-00.36.15:486][  0]LogConfig: Setting CVar [[r.RefractionQuality:2]]
[2019.01.23-00.36.15:486][  0]LogConfig: Setting CVar [[r.SSR.Quality:3]]
[2019.01.23-00.36.15:486][  0]LogConfig: Setting CVar [[r.SceneColorFormat:4]]
[2019.01.23-00.36.15:486][  0]LogConfig: Setting CVar [[r.DetailMode:2]]
[2019.01.23-00.36.15:486][  0]LogConfig: Setting CVar [[r.TranslucencyVolumeBlur:1]]
[2019.01.23-00.36.15:486][  0]LogConfig: Setting CVar [[r.MaterialQualityLevel:1 ; High quality]]
[2019.01.23-00.36.15:486][  0]LogConfig: Setting CVar [[r.SSS.Scale:1]]
[2019.01.23-00.36.15:486][  0]LogConfig: Setting CVar [[r.SSS.SampleSet:2]]
[2019.01.23-00.36.15:486][  0]LogConfig: Setting CVar [[r.SSS.Quality:1]]
[2019.01.23-00.36.15:486][  0]LogConfig: Setting CVar [[r.SSS.HalfRes:1]]
[2019.01.23-00.36.15:486][  0]LogConfig: Setting CVar [[r.EmitterSpawnRateScale:1.0]]
[2019.01.23-00.36.15:486][  0]LogConfig: Setting CVar [[r.ParticleLightQuality:2]]
[2019.01.23-00.36.15:486][  0]LogConfig: Applying CVar settings from Section [FoliageQuality@3] File [C:/Users/maxsa/Desktop/Unreal Projects/SteamProject/Saved/Config/Windows/Scalability.ini]
[2019.01.23-00.36.15:486][  0]LogConfig: Setting CVar [[foliage.DensityScale:1.0]]
[2019.01.23-00.36.15:486][  0]LogConfig: Setting CVar [[grass.DensityScale:1.0]]
[2019.01.23-00.36.15:486][  0]LogInit: Selected Device Profile: [Windows]
[2019.01.23-00.36.15:486][  0]LogInit: Applying CVar settings loaded from the selected device profile: [Windows]
[2019.01.23-00.36.15:499][  0]LogHAL: Display: Platform has ~ 16 GB [16855703552 / 17179869184 / 16], which maps to Larger [LargestMinGB=32, LargerMinGB=12, DefaultMinGB=8, SmallerMinGB=6, SmallestMinGB=0)
[2019.01.23-00.36.15:500][  0]LogConfig: Setting CVar [[r.Vulkan.UseRealUBs:1]]
[2019.01.23-00.36.15:500][  0]LogInit: Going up to parent DeviceProfile []
[2019.01.23-00.36.15:500][  0]LogConfig: Applying CVar settings from Section [ViewDistanceQuality@3] File [C:/Users/maxsa/Desktop/Unreal Projects/SteamProject/Saved/Config/Windows/Scalability.ini]
[2019.01.23-00.36.15:500][  0]LogConfig: Setting CVar [[r.SkeletalMeshLODBias:0]]
[2019.01.23-00.36.15:500][  0]LogConfig: Setting CVar [[r.ViewDistanceScale:1.0]]
[2019.01.23-00.36.15:500][  0]LogConfig: Applying CVar settings from Section [AntiAliasingQuality@3] File [C:/Users/maxsa/Desktop/Unreal Projects/SteamProject/Saved/Config/Windows/Scalability.ini]
[2019.01.23-00.36.15:500][  0]LogConfig: Setting CVar [[r.PostProcessAAQuality:4]]
[2019.01.23-00.36.15:500][  0]LogConfig: Applying CVar settings from Section [ShadowQuality@3] File [C:/Users/maxsa/Desktop/Unreal Projects/SteamProject/Saved/Config/Windows/Scalability.ini]
[2019.01.23-00.36.15:500][  0]LogConfig: Setting CVar [[r.LightFunctionQuality:1]]
[2019.01.23-00.36.15:500][  0]LogConfig: Setting CVar [[r.ShadowQuality:5]]
[2019.01.23-00.36.15:500][  0]LogConfig: Setting CVar [[r.Shadow.CSM.MaxCascades:10]]
[2019.01.23-00.36.15:500][  0]LogConfig: Setting CVar [[r.Shadow.MaxResolution:2048]]
[2019.01.23-00.36.15:500][  0]LogConfig: Setting CVar [[r.Shadow.MaxCSMResolution:2048]]
[2019.01.23-00.36.15:500][  0]LogConfig: Setting CVar [[r.Shadow.RadiusThreshold:0.01]]
[2019.01.23-00.36.15:500][  0]LogConfig: Setting CVar [[r.Shadow.DistanceScale:1.0]]
[2019.01.23-00.36.15:500][  0]LogConfig: Setting CVar [[r.Shadow.CSM.TransitionScale:1.0]]
[2019.01.23-00.36.15:500][  0]LogConfig: Setting CVar [[r.Shadow.PreShadowResolutionFactor:1.0]]
[2019.01.23-00.36.15:500][  0]LogConfig: Setting CVar [[r.DistanceFieldShadowing:1]]
[2019.01.23-00.36.15:500][  0]LogConfig: Setting CVar [[r.DistanceFieldAO:1]]
[2019.01.23-00.36.15:500][  0]LogConfig: Setting CVar [[r.AOQuality:2]]
[2019.01.23-00.36.15:500][  0]LogConfig: Setting CVar [[r.VolumetricFog:1]]
[2019.01.23-00.36.15:500][  0]LogConfig: Setting CVar [[r.VolumetricFog.GridPixelSize:8]]
[2019.01.23-00.36.15:500][  0]LogConfig: Setting CVar [[r.VolumetricFog.GridSizeZ:128]]
[2019.01.23-00.36.15:500][  0]LogConfig: Setting CVar [[r.VolumetricFog.HistoryMissSupersampleCount:4]]
[2019.01.23-00.36.15:500][  0]LogConfig: Setting CVar [[r.LightMaxDrawDistanceScale:1]]
[2019.01.23-00.36.15:500][  0]LogConfig: Setting CVar [[r.CapsuleShadows:1]]
[2019.01.23-00.36.15:500][  0]LogConfig: Applying CVar settings from Section [PostProcessQuality@3] File [C:/Users/maxsa/Desktop/Unreal Projects/SteamProject/Saved/Config/Windows/Scalability.ini]
[2019.01.23-00.36.15:500][  0]LogConfig: Setting CVar [[r.MotionBlurQuality:4]]
[2019.01.23-00.36.15:500][  0]LogConfig: Setting CVar [[r.AmbientOcclusionMipLevelFactor:0.4]]
[2019.01.23-00.36.15:500][  0]LogConfig: Setting CVar [[r.AmbientOcclusionMaxQuality:100]]
[2019.01.23-00.36.15:500][  0]LogConfig: Setting CVar [[r.AmbientOcclusionLevels:-1]]
[2019.01.23-00.36.15:500][  0]LogConfig: Setting CVar [[r.AmbientOcclusionRadiusScale:1.0]]
[2019.01.23-00.36.15:500][  0]LogConfig: Setting CVar [[r.DepthOfFieldQuality:2]]
[2019.01.23-00.36.15:500][  0]LogConfig: Setting CVar [[r.RenderTargetPoolMin:400]]
[2019.01.23-00.36.15:500][  0]LogConfig: Setting CVar [[r.LensFlareQuality:2]]
[2019.01.23-00.36.15:500][  0]LogConfig: Setting CVar [[r.SceneColorFringeQuality:1]]
[2019.01.23-00.36.15:500][  0]LogConfig: Setting CVar [[r.EyeAdaptationQuality:2]]
[2019.01.23-00.36.15:500][  0]LogConfig: Setting CVar [[r.BloomQuality:5]]
[2019.01.23-00.36.15:500][  0]LogConfig: Setting CVar [[r.FastBlurThreshold:100]]
[2019.01.23-00.36.15:500][  0]LogConfig: Setting CVar [[r.Upscale.Quality:3]]
[2019.01.23-00.36.15:500][  0]LogConfig: Setting CVar [[r.Tonemapper.GrainQuantization:1]]
[2019.01.23-00.36.15:500][  0]LogConfig: Setting CVar [[r.LightShaftQuality:1]]
[2019.01.23-00.36.15:500][  0]LogConfig: Setting CVar [[r.Filter.SizeScale:1]]
[2019.01.23-00.36.15:500][  0]LogConfig: Setting CVar [[r.Tonemapper.Quality:5]]
[2019.01.23-00.36.15:500][  0]LogConfig: Setting CVar [[r.DOF.Gather.AccumulatorQuality:1        ; higher gathering accumulator quality]]
[2019.01.23-00.36.15:500][  0]LogConfig: Setting CVar [[r.DOF.Gather.PostfilterMethod:1          ; Median3x3 postfilering method]]
[2019.01.23-00.36.15:500][  0]LogConfig: Setting CVar [[r.DOF.Gather.EnableBokehSettings:0       ; no bokeh simulation when gathering]]
[2019.01.23-00.36.15:500][  0]LogConfig: Setting CVar [[r.DOF.Gather.RingCount:4                 ; medium number of samples when gathering]]
[2019.01.23-00.36.15:500][  0]LogConfig: Setting CVar [[r.DOF.Scatter.ForegroundCompositing:1    ; additive foreground scattering]]
[2019.01.23-00.36.15:500][  0]LogConfig: Setting CVar [[r.DOF.Scatter.BackgroundCompositing:2    ; additive background scattering]]
[2019.01.23-00.36.15:500][  0]LogConfig: Setting CVar [[r.DOF.Scatter.EnableBokehSettings:1      ; bokeh simulation when scattering]]
[2019.01.23-00.36.15:500][  0]LogConfig: Setting CVar [[r.DOF.Scatter.MaxSpriteRatio:0.1         ; only a maximum of 10% of scattered bokeh]]
[2019.01.23-00.36.15:500][  0]LogConfig: Setting CVar [[r.DOF.Recombine.Quality:1                ; cheap slight out of focus]]
[2019.01.23-00.36.15:500][  0]LogConfig: Setting CVar [[r.DOF.Recombine.EnableBokehSettings:0    ; no bokeh simulation on slight out of focus]]
[2019.01.23-00.36.15:500][  0]LogConfig: Setting CVar [[r.DOF.TemporalAAQuality:1                ; more stable temporal accumulation]]
[2019.01.23-00.36.15:500][  0]LogConfig: Setting CVar [[r.DOF.Kernel.MaxForegroundRadius:0.025]]
[2019.01.23-00.36.15:500][  0]LogConfig: Setting CVar [[r.DOF.Kernel.MaxBackgroundRadius:0.025]]
[2019.01.23-00.36.15:500][  0]LogConfig: Applying CVar settings from Section [TextureQuality@3] File [C:/Users/maxsa/Desktop/Unreal Projects/SteamProject/Saved/Config/Windows/Scalability.ini]
[2019.01.23-00.36.15:500][  0]LogConfig: Setting CVar [[r.Streaming.MipBias:0]]
[2019.01.23-00.36.15:500][  0]LogConfig: Setting CVar [[r.Streaming.AmortizeCPUToGPUCopy:0]]
[2019.01.23-00.36.15:500][  0]LogConfig: Setting CVar [[r.Streaming.MaxNumTexturesToStreamPerFrame:0]]
[2019.01.23-00.36.15:500][  0]LogConfig: Setting CVar [[r.Streaming.Boost:1]]
[2019.01.23-00.36.15:500][  0]LogConfig: Setting CVar [[r.MaxAnisotropy:8]]
[2019.01.23-00.36.15:500][  0]LogConfig: Setting CVar [[r.Streaming.LimitPoolSizeToVRAM:0]]
[2019.01.23-00.36.15:500][  0]LogConfig: Setting CVar [[r.Streaming.PoolSize:1000]]
[2019.01.23-00.36.15:500][  0]LogConfig: Setting CVar [[r.Streaming.MaxEffectiveScreenSize:0]]
[2019.01.23-00.36.15:500][  0]LogConfig: Applying CVar settings from Section [EffectsQuality@3] File [C:/Users/maxsa/Desktop/Unreal Projects/SteamProject/Saved/Config/Windows/Scalability.ini]
[2019.01.23-00.36.15:500][  0]LogConfig: Setting CVar [[r.TranslucencyLightingVolumeDim:64]]
[2019.01.23-00.36.15:500][  0]LogConfig: Setting CVar [[r.RefractionQuality:2]]
[2019.01.23-00.36.15:500][  0]LogConfig: Setting CVar [[r.SSR.Quality:3]]
[2019.01.23-00.36.15:500][  0]LogConfig: Setting CVar [[r.SceneColorFormat:4]]
[2019.01.23-00.36.15:500][  0]LogConfig: Setting CVar [[r.DetailMode:2]]
[2019.01.23-00.36.15:500][  0]LogConfig: Setting CVar [[r.TranslucencyVolumeBlur:1]]
[2019.01.23-00.36.15:501][  0]LogConfig: Setting CVar [[r.MaterialQualityLevel:1 ; High quality]]
[2019.01.23-00.36.15:501][  0]LogConfig: Setting CVar [[r.SSS.Scale:1]]
[2019.01.23-00.36.15:501][  0]LogConfig: Setting CVar [[r.SSS.SampleSet:2]]
[2019.01.23-00.36.15:501][  0]LogConfig: Setting CVar [[r.SSS.Quality:1]]
[2019.01.23-00.36.15:501][  0]LogConfig: Setting CVar [[r.SSS.HalfRes:1]]
[2019.01.23-00.36.15:501][  0]LogConfig: Setting CVar [[r.EmitterSpawnRateScale:1.0]]
[2019.01.23-00.36.15:501][  0]LogConfig: Setting CVar [[r.ParticleLightQuality:2]]
[2019.01.23-00.36.15:501][  0]LogConfig: Applying CVar settings from Section [FoliageQuality@3] File [C:/Users/maxsa/Desktop/Unreal Projects/SteamProject/Saved/Config/Windows/Scalability.ini]
[2019.01.23-00.36.15:501][  0]LogConfig: Setting CVar [[foliage.DensityScale:1.0]]
[2019.01.23-00.36.15:501][  0]LogConfig: Setting CVar [[grass.DensityScale:1.0]]
[2019.01.23-00.36.15:501][  0]LogConfig: Applying CVar settings from Section [Startup] File [../../../Engine/Config/ConsoleVariables.ini]
[2019.01.23-00.36.15:501][  0]LogConfig: Setting CVar [[net.UseAdaptiveNetUpdateFrequency:0]]
[2019.01.23-00.36.15:501][  0]LogConfig: Applying CVar settings from Section [ConsoleVariables] File [C:/Users/maxsa/Desktop/Unreal Projects/SteamProject/Saved/Config/Windows/Engine.ini]
[2019.01.23-00.36.15:501][  0]LogInit: Computer: MAX-PC
[2019.01.23-00.36.15:501][  0]LogInit: User: maxsa
[2019.01.23-00.36.15:501][  0]LogInit: CPU Page size=4096, Cores=4
[2019.01.23-00.36.15:501][  0]LogInit: High frequency timer resolution =3.420552 MHz
[2019.01.23-00.36.15:501][  0]LogMemory: Memory total: Physical=15.7GB (16GB approx)
[2019.01.23-00.36.15:501][  0]LogMemory: Platform Memory Stats for Windows
[2019.01.23-00.36.15:501][  0]LogMemory: Process Physical Memory: 104.65 MB used, 104.65 MB peak
[2019.01.23-00.36.15:501][  0]LogMemory: Process Virtual Memory: 95.09 MB used, 95.09 MB peak
[2019.01.23-00.36.15:501][  0]LogMemory: Physical Memory: 8463.72 MB used,  7611.13 MB free, 16074.85 MB total
[2019.01.23-00.36.15:501][  0]LogMemory: Virtual Memory: 4639.68 MB used,  134213088.00 MB free, 134217728.00 MB total
[2019.01.23-00.36.15:519][  0]LogInit: Using OS detected language (en-US).
[2019.01.23-00.36.15:519][  0]LogInit: Using OS detected locale (en-CA).
[2019.01.23-00.36.15:519][  0]LogTextLocalizationManager: No specific localization for 'en-US' exists, so the 'en' localization will be used.
[2019.01.23-00.36.15:948][  0]LogStreaming: Display: Took  0.429s to InitEngineTextLocalization.
[2019.01.23-00.36.15:978][  0]LogSlate: New Slate User Created.  User Index 0, Is Virtual User: 0
[2019.01.23-00.36.15:978][  0]LogSlate: Slate User Registered.  User Index 0, Is Virtual User: 0
[2019.01.23-00.36.15:990][  0]LogHMD: Failed to initialize OpenVR with code 100
[2019.01.23-00.36.15:990][  0]LogD3D11RHI: D3D11 adapters:
[2019.01.23-00.36.16:067][  0]LogD3D11RHI:    0. 'NVIDIA GeForce GTX 1070' (Feature Level 11_0)
[2019.01.23-00.36.16:067][  0]LogD3D11RHI:       8088/0/8037 MB DedicatedVideo/DedicatedSystem/SharedSystem, Outputs:2, VendorId:0x10de
[2019.01.23-00.36.16:072][  0]LogD3D11RHI:    1. 'Intel(R) HD Graphics 4000' (Feature Level 11_0)
[2019.01.23-00.36.16:072][  0]LogD3D11RHI:       224/0/1568 MB DedicatedVideo/DedicatedSystem/SharedSystem, Outputs:0, VendorId:0x8086
[2019.01.23-00.36.16:074][  0]LogD3D11RHI:    2. 'Microsoft Basic Render Driver' (Feature Level 11_0)
[2019.01.23-00.36.16:074][  0]LogD3D11RHI:       0/0/8037 MB DedicatedVideo/DedicatedSystem/SharedSystem, Outputs:0, VendorId:0x1414
[2019.01.23-00.36.16:074][  0]LogD3D11RHI: Chosen D3D11 Adapter: 0
[2019.01.23-00.36.16:082][  0]LogD3D11RHI: Creating new Direct3DDevice
[2019.01.23-00.36.16:082][  0]LogD3D11RHI:     GPU DeviceId: 0x1b81 (for the marketing name, search the web for "GPU Device Id")
[2019.01.23-00.36.16:082][  0]LogWindows: EnumDisplayDevices:
[2019.01.23-00.36.16:082][  0]LogWindows:    0. 'NVIDIA GeForce GTX 1070' (P:1 D:1)
[2019.01.23-00.36.16:082][  0]LogWindows:    1. 'NVIDIA GeForce GTX 1070' (P:0 D:1)
[2019.01.23-00.36.16:082][  0]LogWindows:    2. 'NVIDIA GeForce GTX 1070' (P:0 D:0)
[2019.01.23-00.36.16:082][  0]LogWindows:    3. 'NVIDIA GeForce GTX 1070' (P:0 D:0)
[2019.01.23-00.36.16:083][  0]LogWindows:    4. 'Intel(R) HD Graphics 4000' (P:0 D:0)
[2019.01.23-00.36.16:083][  0]LogWindows:    5. 'Intel(R) HD Graphics 4000' (P:0 D:0)
[2019.01.23-00.36.16:083][  0]LogWindows:    6. 'Intel(R) HD Graphics 4000' (P:0 D:0)
[2019.01.23-00.36.16:083][  0]LogWindows: DebugString: PrimaryIsNotTheChoosenAdapter PrimaryIsNotTheChoosenAdapter PrimaryIsNotTheChoosenAdapter FoundDriverCount:4 
[2019.01.23-00.36.16:083][  0]LogD3D11RHI:     Adapter Name: NVIDIA GeForce GTX 1070
[2019.01.23-00.36.16:083][  0]LogD3D11RHI:   Driver Version: 417.71 (internal:25.21.14.1771, unified:417.71)
[2019.01.23-00.36.16:083][  0]LogD3D11RHI:      Driver Date: 1-11-2019
[2019.01.23-00.36.16:083][  0]LogRHI: Texture pool is 5661 MB (70% of 8088 MB)
[2019.01.23-00.36.16:132][  0]LogD3D11RHI: Async texture creation enabled
[2019.01.23-00.36.16:167][  0]LogD3D11RHI: GPU Timing Frequency: 1000.000000 (Debug: 2 2)
[2019.01.23-00.36.16:727][  0]LogTemp: Display: Loaded TP WindowsClientTargetPlatform
[2019.01.23-00.36.16:743][  0]LogTemp: Display: Loaded TP WindowsNoEditorTargetPlatform
[2019.01.23-00.36.16:756][  0]LogTemp: Display: Loaded TP WindowsServerTargetPlatform
[2019.01.23-00.36.16:769][  0]LogTemp: Display: Loaded TP WindowsTargetPlatform
[2019.01.23-00.36.16:769][  0]LogTargetPlatformManager: Display: Building Assets For Windows
[2019.01.23-00.36.16:819][  0]LogShaderCompilers: Guid format shader working directory is -15 characters bigger than the processId version (../../../../Users/maxsa/Desktop/Unreal Projects/SteamProject/Intermediate/Shaders/WorkingDirectory/15288/).
[2019.01.23-00.36.16:819][  0]LogShaderCompilers: Cleaned the shader compiler working directory 'C:/Users/maxsa/AppData/Local/Temp/UnrealShaderWorkingDir/502F31A94631F2AC209AA098199D05CA/'.
[2019.01.23-00.36.16:821][  0]LogXGEController: Cannot use XGE Controller as Incredibuild is not installed on this machine.
[2019.01.23-00.36.16:821][  0]LogShaderCompilers: Cannot use XGE Shader Compiler as Incredibuild is not installed on this machine.
[2019.01.23-00.36.16:821][  0]LogShaderCompilers: Display: Using Local Shader Compiler.
[2019.01.23-00.36.17:332][  0]LogDerivedDataCache: Display: Max Cache Size: 512 MB
[2019.01.23-00.36.17:382][  0]LogDerivedDataCache: Loaded boot cache 0.05s 66MB C:/Users/maxsa/AppData/Local/UnrealEngine/4.21/DerivedDataCache/Boot.ddc.
[2019.01.23-00.36.17:382][  0]LogDerivedDataCache: Display: Loaded Boot cache: C:/Users/maxsa/AppData/Local/UnrealEngine/4.21/DerivedDataCache/Boot.ddc
[2019.01.23-00.36.17:382][  0]LogDerivedDataCache: FDerivedDataBackendGraph:  Pak pak cache file ../../../../Users/maxsa/Desktop/Unreal Projects/SteamProject/DerivedDataCache/DDC.ddp not found, will not use a pak cache.
[2019.01.23-00.36.17:382][  0]LogDerivedDataCache: Unable to find inner node Pak for hierarchical cache Hierarchy.
[2019.01.23-00.36.17:382][  0]LogDerivedDataCache: FDerivedDataBackendGraph:  CompressedPak pak cache file ../../../../Users/maxsa/Desktop/Unreal Projects/SteamProject/DerivedDataCache/Compressed.ddp not found, will not use a pak cache.
[2019.01.23-00.36.17:382][  0]LogDerivedDataCache: Unable to find inner node CompressedPak for hierarchical cache Hierarchy.
[2019.01.23-00.36.17:396][  0]LogDerivedDataCache: Display: Pak cache opened for reading ../../../Engine/DerivedDataCache/Compressed.ddp.
[2019.01.23-00.36.17:396][  0]LogDerivedDataCache: FDerivedDataBackendGraph:  EnterprisePak pak cache file ../../../Enterprise/DerivedDataCache/Compressed.ddp not found, will not use a pak cache.
[2019.01.23-00.36.17:396][  0]LogDerivedDataCache: Unable to find inner node EnterprisePak for hierarchical cache Hierarchy.
[2019.01.23-00.36.17:408][  0]LogDerivedDataCache: Using Local data cache path C:/Users/maxsa/AppData/Local/UnrealEngine/Common/DerivedDataCache: Writable
[2019.01.23-00.36.17:408][  0]LogDerivedDataCache: Shared data cache path not found in *engine.ini, will not use an Shared cache.
[2019.01.23-00.36.17:408][  0]LogDerivedDataCache: Unable to find inner node Shared for hierarchical cache Hierarchy.
[2019.01.23-00.36.17:431][  0]LogMaterial: Verifying Global Shaders for PCD3D_SM5
[2019.01.23-00.36.17:432][  0]LogSlate: Using FreeType 2.6.0
[2019.01.23-00.36.17:433][  0]LogSlate: SlateFontServices - WITH_FREETYPE: 1, WITH_HARFBUZZ: 1
[2019.01.23-00.36.17:537][  0]LogInit: Using OS detected language (en-US).
[2019.01.23-00.36.17:537][  0]LogInit: Using OS detected locale (en-CA).
[2019.01.23-00.36.17:537][  0]LogTextLocalizationManager: No localization for 'en-US' exists, so 'en' will be used for the language.
[2019.01.23-00.36.17:537][  0]LogTextLocalizationManager: No localization for 'en-CA' exists, so 'en' will be used for the locale.
[2019.01.23-00.36.17:537][  0]LogSlate: FontCache flush requested. Reason: Culture for localization was changed
[2019.01.23-00.36.17:537][  0]LogSlate: FontCache flush requested. Reason: Culture for localization was changed
[2019.01.23-00.36.17:845][  0]LogStreaming: Display: Took  0.307s to InitGameTextLocalization.
[2019.01.23-00.36.17:851][  0]LogAssetRegistry: FAssetRegistry took 0.0042 seconds to start up
[2019.01.23-00.36.18:124][  0]LogPackageLocalizationCache: Processed 11 localized package path(s) for 1 prioritized culture(s) in 0.044653 seconds
[2019.01.23-00.36.18:244][  0]LogInit: Selected Device Profile: [Windows]
[2019.01.23-00.36.18:386][  0]LogSimplygon: Simplygon DLL not present - disabling.
[2019.01.23-00.36.18:390][  0]LogMeshReduction: Using SimplygonSwarm for distributed automatic mesh merging
[2019.01.23-00.36.18:390][  0]LogMeshReduction: Using ProxyLODMeshReduction for automatic mesh merging
[2019.01.23-00.36.18:390][  0]LogMeshReduction: Using QuadricMeshReduction for automatic static mesh reduction
[2019.01.23-00.36.18:390][  0]LogMeshReduction: No automatic skeletal mesh reduction module available
[2019.01.23-00.36.18:402][  0]LogNetVersion: SteamProject 1.0.0, NetCL: 4541578, EngineNetVer: 5, GameNetVer: 0 (Checksum: 554750876)
[2019.01.23-00.36.19:001][  0]LogMoviePlayer: Initializing movie player
[2019.01.23-00.36.19:125][  0]SourceControl: Source control is disabled
[2019.01.23-00.36.19:125][  0]SourceControl: Source control is disabled
[2019.01.23-00.36.19:126][  0]SourceControl: Source control is disabled
[2019.01.23-00.36.19:250][  0]LogAndroidPermission: UAndroidPermissionCallbackProxy::GetInstance
[2019.01.23-00.36.19:333][  0]LogOcInput: OculusInput pre-init called
[2019.01.23-00.36.19:343][  0]LogUObjectArray: 43235 objects as part of root set at end of initial load.
[2019.01.23-00.36.19:343][  0]LogUObjectAllocator: 7601024 out of 0 bytes used by permanent object pool.
[2019.01.23-00.36.19:343][  0]LogUObjectArray: CloseDisregardForGC: 0/0 objects in disregard for GC pool
[2019.01.23-00.36.19:480][  0]LogEngine: Initializing Engine...
[2019.01.23-00.36.19:481][  0]LogHMD: Failed to initialize OpenVR with code 100
[2019.01.23-00.36.19:494][  0]LogStats: UGameplayTagsManager::ConstructGameplayTagTree: ImportINI prefixes -  0.000 s
[2019.01.23-00.36.19:494][  0]LogStats: UGameplayTagsManager::ConstructGameplayTagTree: Construct from data asset -  0.000 s
[2019.01.23-00.36.19:494][  0]LogStats: UGameplayTagsManager::ConstructGameplayTagTree: ImportINI -  0.000 s
[2019.01.23-00.36.19:494][  0]LogStats: UGameplayTagsManager::ConstructGameplayTagTree: GameplayTagTreeChangedEvent.Broadcast -  0.000 s
[2019.01.23-00.36.19:700][  0]LogInit: Initializing FReadOnlyCVARCache
[2019.01.23-00.36.19:721][  0]LogInit: XAudio2 using 'Headphones (Realtek High Definition Audio)' : 2 channels at 48 kHz using 32 bits per sample (channel mask 0x3)
[2019.01.23-00.36.19:748][  0]LogInit: FAudioDevice initialized.
[2019.01.23-00.36.19:761][  0]LogNetVersion: Set ProjectVersion to 1.0.0.0. Version Checksum will be recalculated on next use.
[2019.01.23-00.36.19:812][  0]LogDerivedDataCache: Saved boot cache 0.05s 66MB C:/Users/maxsa/AppData/Local/UnrealEngine/4.21/DerivedDataCache/Boot.ddc.
[2019.01.23-00.36.19:821][  0]LogInit: Texture streaming: Enabled
[2019.01.23-00.36.20:168][  0]LogSlate: Updating window title bar state: overlay mode, drag disabled, window buttons hidden, title bar hidden
[2019.01.23-00.36.20:169][  0]LogInit: Display: Game Engine Initialized.
[2019.01.23-00.36.20:169][  0]LogGameplayTags: Display: UGameplayTagsManager::DoneAddingNativeTags. DelegateIsBound: 0
[2019.01.23-00.36.20:169][  0]LogStats: UGameplayTagsManager::ConstructGameplayTagTree: ImportINI prefixes -  0.000 s
[2019.01.23-00.36.20:169][  0]LogStats: UGameplayTagsManager::ConstructGameplayTagTree: Construct from data asset -  0.000 s
[2019.01.23-00.36.20:169][  0]LogStats: UGameplayTagsManager::ConstructGameplayTagTree: ImportINI -  0.000 s
[2019.01.23-00.36.20:169][  0]LogStats: UGameplayTagsManager::ConstructGameplayTagTree: GameplayTagTreeChangedEvent.Broadcast -  0.000 s
[2019.01.23-00.36.20:185][  0]LogInit: Display: Starting Game.
[2019.01.23-00.36.20:185][  0]LogNet: Browse: /Game/Maps/MainMenu?Name=Player
[2019.01.23-00.36.20:186][  0]LogLoad: LoadMap: /Game/Maps/MainMenu?Name=Player
[2019.01.23-00.36.20:226][  0]LogAIModule: Creating AISystem for world MainMenu
[2019.01.23-00.36.21:036][  0]LogLoad: Game class is 'ThirdPersonGameMode_C'
[2019.01.23-00.36.21:037][  0]LogWorld: Bringing World /Game/Maps/MainMenu.MainMenu up for play (max tick rate 0) at 2019.01.22-19.36.21
[2019.01.23-00.36.21:037][  0]LogWorld: Bringing up level for play took: 0.000656
[2019.01.23-00.36.21:038][  0]LogGameMode: FindPlayerStart: PATHS NOT DEFINED or NO PLAYERSTART with positive rating
[2019.01.23-00.36.21:046][  0]LogLoad: Took 0.859615 seconds to LoadMap(/Game/Maps/MainMenu)
[2019.01.23-00.36.21:048][  0]LogSlate: Took 0.000187 seconds to synchronously load lazily loaded font '../../../Engine/Content/Slate/Fonts/Roboto-Regular.ttf' (155K)
[2019.01.23-00.36.21:098][  0]LogRenderer: Reallocating scene render targets to support 1680x988 Format 10 NumSamples 1 (Frame:1).
[2019.01.23-00.36.21:098][  0]LogLoad: (Engine Initialization) Total time: 7.09 seconds
[2019.01.23-00.36.21:098][  0]LogLoad: (Engine Initialization) Total Blueprint compile time: 0.00 seconds
[2019.01.23-00.36.21:129][  0]LogWindowsTextInputMethodSystem: Display: IME system now deactivated.
[2019.01.23-00.36.21:133][  0]LogContentStreaming: Texture pool size now 1000 MB
[2019.01.23-00.36.21:147][  1]LogSlate: Took 0.000201 seconds to synchronously load lazily loaded font '../../../Engine/Content/Slate/Fonts/Roboto-Regular.ttf' (155K)
[2019.01.23-00.36.25:540][270]LogSlate: FSceneViewport::OnFocusLost() reason 0
[2019.01.23-00.36.28:951][481]LogSlate: FSceneViewport::OnFocusLost() reason 0
[2019.01.23-00.36.31:541][640]LogInit: WinSock: I am Max-PC (192.168.0.101:0)
[2019.01.23-00.36.34:100][706]LogRenderer: Reallocating scene render targets to support 1920x1020 Format 10 NumSamples 1 (Frame:709).
[2019.01.23-00.36.38:221][959]LogSlate: FSceneViewport::OnFocusLost() reason 0
[2019.01.23-00.36.38:243][961]LogOnlineSession: OSS: Join session: traveling to 192.168.0.101:7777
[2019.01.23-00.36.38:243][961]LogNet: Browse: 192.168.0.101//Game/Maps/MainMenu
[2019.01.23-00.36.38:244][961]LogOnline: Warning: STEAM: Steamworks: SteamUtils() failed!
[2019.01.23-00.36.38:244][961]LogOnline: Warning: STEAM: Steamworks: SteamUser() failed!
[2019.01.23-00.36.38:244][961]LogOnline: Warning: STEAM: Steamworks: SteamFriends() failed!
[2019.01.23-00.36.38:244][961]LogOnline: Warning: STEAM: Steamworks: SteamRemoteStorage() failed!
[2019.01.23-00.36.38:244][961]LogOnline: Warning: STEAM: Steamworks: SteamUserStats() failed!
[2019.01.23-00.36.38:244][961]LogOnline: Warning: STEAM: Steamworks: SteamMatchmakingServers() failed!
[2019.01.23-00.36.38:244][961]LogOnline: Warning: STEAM: Steamworks: SteamApps() failed!
[2019.01.23-00.36.38:244][961]LogOnline: Warning: STEAM: Steamworks: SteamNetworking() failed!
[2019.01.23-00.36.38:244][961]LogOnline: Warning: STEAM: Steamworks: SteamMatchmaking() failed!
[2019.01.23-00.36.38:244][961]LogOnline: STEAM: [AppId: 0] Client API initialized 0
[2019.01.23-00.36.38:244][961]LogOnline: Display: STEAM: OnlineSubsystemSteam::Shutdown()
[2019.01.23-00.36.38:244][961]LogOnline: Warning: STEAM: Steam API failed to initialize!
[2019.01.23-00.36.38:244][961]LogOnline: Display: STEAM: OnlineSubsystemSteam::Shutdown()
[2019.01.23-00.36.38:244][961]LogTemp: Display: ParseSettings for GameNetDriver
[2019.01.23-00.36.38:244][961]LogTemp: Display: ParseSettings for IpNetDriver_0
[2019.01.23-00.36.38:244][961]LogTemp: Display: ParseSettings for PendingNetDriver
[2019.01.23-00.36.38:245][961]LogInit: WinSock: Socket queue 32768 / 32768
[2019.01.23-00.36.38:245][961]PacketHandlerLog: Loaded PacketHandler component: Engine.EngineHandlerComponentFactory (StatelessConnectHandlerComponent)
[2019.01.23-00.36.38:245][961]LogNet: Game client on port 7777, rate 10000
[2019.01.23-00.36.38:259][962]LogHandshake: SendChallengeResponse. Timestamp: 13.531300, Cookie: 174037101143114047131130108205140231224214222197243253149104
[2019.01.23-00.36.38:275][963]LogNetVersion: SteamProject 1.0.0.0, NetCL: 4541578, EngineNetVer: 5, GameNetVer: 0 (Checksum: 2135947257)
[2019.01.23-00.36.38:275][963]LogNet: UPendingNetGame::SendInitialJoin: Sending hello. [UNetConnection] RemoteAddr: 192.168.0.101:7777, Name: IpConnection_0, Driver: PendingNetDriver IpNetDriver_0, IsServer: NO, PC: NULL, Owner: NULL, UniqueId: INVALID
[2019.01.23-00.36.38:307][965]LogNet: Welcomed by server (Level: /Game/Maps/Lobby, Game: /Game/Blueprints/Lobby/LobbyGM.LobbyGM_C)
[2019.01.23-00.36.38:308][965]LogLoad: LoadMap: 192.168.0.101//Game/Maps/Lobby?game=/Game/Blueprints/Lobby/LobbyGM.LobbyGM_C
[2019.01.23-00.36.38:398][965]LogTemp: Display: ParseSettings for GameNetDriver
[2019.01.23-00.36.38:400][965]LogWorld: Bringing World /Game/Maps/Lobby.Lobby up for play (max tick rate 0) at 2019.01.22-19.36.38
[2019.01.23-00.36.38:401][965]LogWorld: Bringing up level for play took: 0.001666
[2019.01.23-00.36.38:401][965]LogLoad: Took 0.093451 seconds to LoadMap(/Game/Maps/Lobby)
[2019.01.23-00.36.39:494][ 31]PIE: Warning: This widget does not support focus.  If this is a UserWidget, you should set bIsFocusable to true.
[2019.01.23-00.36.40:590][ 98]LogSlate: FSceneViewport::OnFocusLost() reason 0
[2019.01.23-00.36.46:316][451]LogWorld: SeamlessTravel to: /Game/Maps/Arena01
[2019.01.23-00.36.46:376][452]LogStats:     SeamlessTravel FlushLevelStreaming  -  0.000 s
[2019.01.23-00.36.46:377][452]LogWorld: Bringing World /Game/Maps/TravelMap.TravelMap up for play (max tick rate 0) at 2019.01.22-19.36.46
[2019.01.23-00.36.46:377][452]LogWorld: Bringing up level for play took: 0.001192
[2019.01.23-00.36.46:377][452]LogWorld: Sending NotifyLoadedWorld for LP: LocalPlayer_0 PC: LobbyPC_C_0
[2019.01.23-00.36.46:377][452]LogNet: Verbose: NotifyLoadedWorld Begin
[2019.01.23-00.36.46:377][452]LogNet: VeryVerbose: GetFunctionCallspace RemoteRole Remote ServerNotifyLoadedWorld
[2019.01.23-00.36.46:378][452]LogNetTraffic:       Sent RPC: LobbyPC_C /Game/Maps/TravelMap.TravelMap:PersistentLevel.LobbyPC_C_0::ServerNotifyLoadedWorld [34.4 bytes]
[2019.01.23-00.36.46:378][452]LogNetTraffic: VeryVerbose: Sending: FOutBunch: Channel[2] ChSequence: 894 NumBits: 275 PacketId: 0 bOpen: 0 bClose: 0 bDormant: 0 bIsReplicationPaused: 0 bReliable: 1 bPartial: 0//0//0 bHasPackageMapExports: 0 
[2019.01.23-00.36.46:378][452]LogNetTraffic: Verbose: UNetConnection::SendRawBunch. ChIndex: 2. Bits: 275. PacketId: 4433
[2019.01.23-00.36.46:378][452]LogNet: Verbose: NotifyLoadedWorld End
[2019.01.23-00.36.46:378][452]LogWorld: StartLoadingDestination to: /Game/Maps/Arena01
[2019.01.23-00.36.46:567][457]LogStats:     SeamlessTravel FlushLevelStreaming  -  0.001 s
[2019.01.23-00.36.46:569][457]LogWorld: Bringing World /Game/Maps/Arena01.Arena01 up for play (max tick rate 0) at 2019.01.22-19.36.46
[2019.01.23-00.36.46:569][457]LogWorld: Bringing up level for play took: 0.002110
[2019.01.23-00.36.46:569][457]LogWorld: Sending NotifyLoadedWorld for LP: LocalPlayer_0 PC: LobbyPC_C_0
[2019.01.23-00.36.46:569][457]LogNet: Verbose: NotifyLoadedWorld Begin
[2019.01.23-00.36.46:569][457]LogNet: VeryVerbose: GetFunctionCallspace RemoteRole Remote ServerNotifyLoadedWorld
[2019.01.23-00.36.46:570][457]LogNetTraffic:       Sent RPC: LobbyPC_C /Game/Maps/Arena01.Arena01:PersistentLevel.LobbyPC_C_0::ServerNotifyLoadedWorld [32.4 bytes]
[2019.01.23-00.36.46:570][457]LogNetTraffic: VeryVerbose: Sending: FOutBunch: Channel[2] ChSequence: 895 NumBits: 259 PacketId: 0 bOpen: 0 bClose: 0 bDormant: 0 bIsReplicationPaused: 0 bReliable: 1 bPartial: 0//0//0 bHasPackageMapExports: 0 
[2019.01.23-00.36.46:570][457]LogNetTraffic: Verbose: UNetConnection::SendRawBunch. ChIndex: 2. Bits: 259. PacketId: 4438
[2019.01.23-00.36.46:570][457]LogNet: Verbose: NotifyLoadedWorld End
[2019.01.23-00.36.46:570][457]LogWorld: ----SeamlessTravel finished in 0.25 seconds ------
[2019.01.23-00.36.46:708][460]LogOnlineSession: Warning: OSS: No game present to join for session (GameSession)
[2019.01.23-00.36.46:708][460]LogSlate: Updating window title bar state: overlay mode, drag disabled, window buttons hidden, title bar hidden
[2019.01.23-00.36.46:726][461]PIE: Warning: The widget 'GameUI_C' was already added to the screen.
[2019.01.23-00.36.47:483][508]LogOnlineSession: Warning: OSS: No game present to join for session (GameSession)
[2019.01.23-00.36.49:238][616]LogBlueprintUserMessages: [Frosty_C_1] Arena01
[2019.01.23-00.36.49:238][616]LogBlueprintUserMessages: [Frosty_C_0] Frosty1
[2019.01.23-00.36.50:366][685]LogBlueprintUserMessages: [Frosty_C_1] Arena01
[2019.01.23-00.36.50:367][685]LogBlueprintUserMessages: [Frosty_C_0] Frosty1
[2019.01.23-00.36.51:040][726]LogBlueprintUserMessages: [Frosty_C_1] Arena01
[2019.01.23-00.36.51:040][726]LogBlueprintUserMessages: [Frosty_C_0] Frosty1
[2019.01.23-00.36.53:193][858]LogBlueprintUserMessages: [Frosty_C_1] Arena01
[2019.01.23-00.36.53:193][858]LogBlueprintUserMessages: [Frosty_C_0] Frosty1
[2019.01.23-00.37.01:823][388]LogBlueprintUserMessages: [Frosty_C_1] Arena01
[2019.01.23-00.37.01:823][388]LogBlueprintUserMessages: [Frosty_C_0] Frosty1
[2019.01.23-00.37.04:163][532]LogBlueprintUserMessages: [Frosty_C_1] Arena01
[2019.01.23-00.37.04:163][532]LogBlueprintUserMessages: [Frosty_C_0] Frosty1
[2019.01.23-00.37.06:419][671]LogNet: Warning: Network Failure: GameNetDriver[FailureReceived]: Host closed the connection.
[2019.01.23-00.37.06:419][671]LogNet: NetworkFailure: FailureReceived, Error: 'Host closed the connection.'
[2019.01.23-00.37.06:420][671]LogNet: UNetConnection::Close: [UNetConnection] RemoteAddr: 192.168.0.101:7777, Name: IpConnection_0, Driver: GameNetDriver IpNetDriver_0, IsServer: NO, PC: GameplayPC_C_0, Owner: GameplayPC_C_0, UniqueId: NULL:Max-PC-C040B93B4BB3069E6D25D6A252823902, Channels: 11, Time: 2019.01.23-00.37.06
[2019.01.23-00.37.06:420][671]LogNet: UChannel::Close: Sending CloseBunch. ChIndex == 0. Name: [UChannel] ChIndex: 0, Closing: 0 [UNetConnection] RemoteAddr: 192.168.0.101:7777, Name: IpConnection_0, Driver: GameNetDriver IpNetDriver_0, IsServer: NO, PC: GameplayPC_C_0, Owner: GameplayPC_C_0, UniqueId: NULL:Max-PC-C040B93B4BB3069E6D25D6A252823902
[2019.01.23-00.37.06:420][671]LogNet: Warning: Network Failure: GameNetDriver[ConnectionLost]: Your connection to the host has been lost.
[2019.01.23-00.37.06:420][671]LogNet: NetworkFailure: ConnectionLost, Error: 'Your connection to the host has been lost.'
[2019.01.23-00.37.06:435][672]LogNet: Browse: /Game/Maps/MainMenu?closed
[2019.01.23-00.37.06:442][672]LogNet: Connection failed; returning to Entry
[2019.01.23-00.37.06:442][672]LogLoad: LoadMap: /Game/Maps/MainMenu?closed
[2019.01.23-00.37.06:442][672]LogNet: World NetDriver shutdown IpNetDriver_0 [GameNetDriver]
[2019.01.23-00.37.06:442][672]LogNet: DestroyNamedNetDriver IpNetDriver_0 [GameNetDriver]
[2019.01.23-00.37.06:442][672]LogExit: GameNetDriver IpNetDriver_0 shut down
[2019.01.23-00.37.06:470][672]LogAIModule: Creating AISystem for world MainMenu
[2019.01.23-00.37.06:479][672]LogLoad: Game class is 'ThirdPersonGameMode_C'
[2019.01.23-00.37.06:480][672]LogWorld: Bringing World /Game/Maps/MainMenu.MainMenu up for play (max tick rate 0) at 2019.01.22-19.37.06
[2019.01.23-00.37.06:480][672]LogWorld: Bringing up level for play took: 0.000443
[2019.01.23-00.37.06:481][672]LogGameMode: FindPlayerStart: PATHS NOT DEFINED or NO PLAYERSTART with positive rating
[2019.01.23-00.37.06:483][672]LogLoad: Took 0.041587 seconds to LoadMap(/Game/Maps/MainMenu)
[2019.01.23-00.37.08:972][818]LogSlate: Window 'SteamProject (64-bit Development PCD3D_SM5) ' being destroyed
[2019.01.23-00.37.08:972][818]LogWindowsTextInputMethodSystem: Display: IME system now deactivated.
[2019.01.23-00.37.08:976][818]LogSlate: Updating window title bar state: overlay mode, drag disabled, window buttons hidden, title bar hidden
[2019.01.23-00.37.08:976][818]LogEngine: All Windows Closed
[2019.01.23-00.37.08:976][818]LogWindows: FPlatformMisc::RequestExit(0)
[2019.01.23-00.37.09:534][819]LogExit: Preparing to exit.
[2019.01.23-00.37.09:534][819]LogMoviePlayer: Shutting down movie player
[2019.01.23-00.37.09:553][819]LogSlate: Updating window title bar state: overlay mode, drag disabled, window buttons hidden, title bar hidden
[2019.01.23-00.37.09:568][819]LogExit: Game engine shut down
[2019.01.23-00.37.09:629][819]LogExit: Object subsystem successfully closed.
[2019.01.23-00.37.09:674][819]LogShaderCompilers: Display: Shaders left to compile 0
[2019.01.23-00.37.09:677][819]LogD3D11RHI: Shutdown
[2019.01.23-00.37.09:677][819]LogD3D11RHI: CleanupD3DDevice
[2019.01.23-00.37.09:678][819]LogD3D11RHI: ~FD3D11DynamicRHI
[2019.01.23-00.37.09:692][819]LogModuleManager: Shutting down and abandoning module SequenceRecorderSections (384)
[2019.01.23-00.37.09:692][819]LogModuleManager: Shutting down and abandoning module SequenceRecorder (382)
[2019.01.23-00.37.09:692][819]LogModuleManager: Shutting down and abandoning module AutomationController (380)
[2019.01.23-00.37.09:692][819]LogModuleManager: Shutting down and abandoning module AutomationWorker (378)
[2019.01.23-00.37.09:692][819]LogModuleManager: Shutting down and abandoning module Voice (376)
[2019.01.23-00.37.09:692][819]LogModuleManager: Shutting down and abandoning module AIModule (374)
[2019.01.23-00.37.09:692][819]LogModuleManager: Shutting down and abandoning module GameplayDebugger (373)
[2019.01.23-00.37.09:692][819]LogModuleManager: Shutting down and abandoning module AITestSuite (371)
[2019.01.23-00.37.09:692][819]LogModuleManager: Shutting down and abandoning module NavigationSystem (369)
[2019.01.23-00.37.09:692][819]LogModuleManager: Shutting down and abandoning module WmfMediaFactory (366)
[2019.01.23-00.37.09:692][819]LogModuleManager: Shutting down and abandoning module WebMMediaFactory (364)
[2019.01.23-00.37.09:692][819]LogModuleManager: Shutting down and abandoning module WebMMedia (362)
[2019.01.23-00.37.09:693][819]LogModuleManager: Shutting down and abandoning module OpenExrWrapper (360)
[2019.01.23-00.37.09:693][819]LogModuleManager: Shutting down and abandoning module ImgMediaFactory (358)
[2019.01.23-00.37.09:693][819]LogModuleManager: Shutting down and abandoning module AvfMediaFactory (356)
[2019.01.23-00.37.09:693][819]LogModuleManager: Shutting down and abandoning module MagicLeapCameraPreviewFactory (354)
[2019.01.23-00.37.09:693][819]LogModuleManager: Shutting down and abandoning module MagicLeapMediaFactory (352)
[2019.01.23-00.37.09:693][819]LogModuleManager: Shutting down and abandoning module CharacterAI (350)
[2019.01.23-00.37.09:693][819]LogModuleManager: Shutting down and abandoning module SessionServices (348)
[2019.01.23-00.37.09:693][819]LogModuleManager: Shutting down and abandoning module MovieSceneCapture (346)
[2019.01.23-00.37.09:693][819]LogModuleManager: Shutting down and abandoning module MovieSceneTracks (344)
[2019.01.23-00.37.09:693][819]LogModuleManager: Shutting down and abandoning module MovieScene (342)
[2019.01.23-00.37.09:693][819]LogModuleManager: Shutting down and abandoning module StreamingPauseRendering (340)
[2019.01.23-00.37.09:693][819]LogModuleManager: Shutting down and abandoning module PortalServices (338)
[2019.01.23-00.37.09:693][819]LogModuleManager: Shutting down and abandoning module PortalRpc (336)
[2019.01.23-00.37.09:693][819]LogModuleManager: Shutting down and abandoning module MessagingRpc (334)
[2019.01.23-00.37.09:693][819]LogModuleManager: Shutting down and abandoning module ImageWriteQueue (332)
[2019.01.23-00.37.09:695][819]LogModuleManager: Shutting down and abandoning module ProfilerService (330)
[2019.01.23-00.37.09:769][819]LogModuleManager: Shutting down and abandoning module TaskGraph (328)
[2019.01.23-00.37.09:769][819]LogModuleManager: Shutting down and abandoning module SteamVRController (326)
[2019.01.23-00.37.09:769][819]LogModuleManager: Shutting down and abandoning module ProceduralMeshComponent (324)
[2019.01.23-00.37.09:769][819]LogModuleManager: Shutting down and abandoning module OculusInput (322)
[2019.01.23-00.37.09:769][819]LogModuleManager: Shutting down and abandoning module MobilePatchingUtils (320)
[2019.01.23-00.37.09:769][819]LogModuleManager: Shutting down and abandoning module EditableMesh (318)
[2019.01.23-00.37.09:769][819]LogModuleManager: Shutting down and abandoning module CustomMeshComponent (316)
[2019.01.23-00.37.09:769][819]LogModuleManager: Shutting down and abandoning module CableComponent (314)
[2019.01.23-00.37.09:769][819]LogModuleManager: Shutting down and abandoning module AudioCapture (312)
[2019.01.23-00.37.09:769][819]LogModuleManager: Shutting down and abandoning module ArchVisCharacter (310)
[2019.01.23-00.37.09:769][819]LogModuleManager: Shutting down and abandoning module AndroidPermission (308)
[2019.01.23-00.37.09:769][819]LogModuleManager: Shutting down and abandoning module NUTUnrealEngine4 (306)
[2019.01.23-00.37.09:769][819]LogModuleManager: Shutting down and abandoning module NetcodeUnitTest (304)
[2019.01.23-00.37.09:769][819]LogModuleManager: Shutting down and abandoning module MediaCompositing (302)
[2019.01.23-00.37.09:769][819]LogModuleManager: Shutting down and abandoning module LinearTimecode (300)
[2019.01.23-00.37.09:769][819]LogModuleManager: Shutting down and abandoning module ImgMedia (298)
[2019.01.23-00.37.09:771][819]LogModuleManager: Shutting down and abandoning module HTML5Networking (296)
[2019.01.23-00.37.09:771][819]LogModuleManager: Shutting down and abandoning module GeometryCacheTracks (294)
[2019.01.23-00.37.09:771][819]LogModuleManager: Shutting down and abandoning module GeometryCacheSequencer (293)
[2019.01.23-00.37.09:771][819]LogModuleManager: Shutting down and abandoning module GeometryCache (290)
[2019.01.23-00.37.09:771][819]LogModuleManager: Shutting down and abandoning module GeometryCacheEd (289)
[2019.01.23-00.37.09:771][819]LogModuleManager: Shutting down and abandoning module BackChannel (286)
[2019.01.23-00.37.09:771][819]LogModuleManager: Shutting down and abandoning module AppleVision (284)
[2019.01.23-00.37.09:771][819]LogModuleManager: Shutting down and abandoning module AppleImageUtilsBlueprintSupport (282)
[2019.01.23-00.37.09:771][819]LogModuleManager: Shutting down and abandoning module AppleImageUtils (280)
[2019.01.23-00.37.09:771][819]LogModuleManager: Shutting down and abandoning module VariantManagerContent (278)
[2019.01.23-00.37.09:771][819]LogModuleManager: Shutting down and abandoning module CryptoKeysOpenSSL (276)
[2019.01.23-00.37.09:771][819]LogModuleManager: Shutting down and abandoning module CryptoKeys (274)
[2019.01.23-00.37.09:771][819]LogModuleManager: Shutting down and abandoning module VisualStudioSourceCodeAccess (272)
[2019.01.23-00.37.09:772][819]LogModuleManager: Shutting down and abandoning module HotReload (271)
[2019.01.23-00.37.09:772][819]LogModuleManager: Shutting down and abandoning module DirectoryWatcher (270)
[2019.01.23-00.37.09:772][819]LogModuleManager: Shutting down and abandoning module VisualStudioCodeSourceCodeAccess (266)
[2019.01.23-00.37.09:772][819]LogModuleManager: Shutting down and abandoning module UObjectPlugin (264)
[2019.01.23-00.37.09:772][819]LogModuleManager: Shutting down and abandoning module SubversionSourceControl (262)
[2019.01.23-00.37.09:772][819]LogModuleManager: Shutting down and abandoning module PerforceSourceControl (260)
[2019.01.23-00.37.09:772][819]LogModuleManager: Shutting down and abandoning module SourceControl (259)
[2019.01.23-00.37.09:772][819]LogModuleManager: Shutting down and abandoning module CLionSourceCodeAccess (256)
[2019.01.23-00.37.09:772][819]LogModuleManager: Shutting down and abandoning module ActorLayerUtilities (254)
[2019.01.23-00.37.09:772][819]LogModuleManager: Shutting down and abandoning module RuntimePhysXCooking (252)
[2019.01.23-00.37.09:772][819]LogModuleManager: Shutting down and abandoning module PhysXVehiclesEditor (250)
[2019.01.23-00.37.09:772][819]LogModuleManager: Shutting down and abandoning module PhysXVehicles (248)
[2019.01.23-00.37.09:772][819]LogModuleManager: Shutting down and abandoning module LocationServicesBPLibrary (246)
[2019.01.23-00.37.09:772][819]LogModuleManager: Shutting down and abandoning module ActorSequence (244)
[2019.01.23-00.37.09:772][819]LogModuleManager: Shutting down and abandoning module UdpMessaging (242)
[2019.01.23-00.37.09:772][819]LogModuleManager: Shutting down and abandoning module TcpMessaging (240)
[2019.01.23-00.37.09:772][819]LogModuleManager: Shutting down and abandoning module MagicLeapAudio (238)
[2019.01.23-00.37.09:772][819]LogModuleManager: Shutting down and abandoning module GameplayTagsEditor (236)
[2019.01.23-00.37.09:772][819]LogModuleManager: Shutting down and abandoning module FacialAnimation (234)
[2019.01.23-00.37.09:772][819]LogModuleManager: Shutting down and abandoning module DataValidation (232)
[2019.01.23-00.37.09:772][819]LogModuleManager: Shutting down and abandoning module AssetManagerEditor (230)
[2019.01.23-00.37.09:772][819]LogModuleManager: Shutting down and abandoning module TreeMap (229)
[2019.01.23-00.37.09:772][819]LogModuleManager: Shutting down and abandoning module LightPropagationVolumeRuntime (226)
[2019.01.23-00.37.09:772][819]LogModuleManager: Shutting down and abandoning module AISupportModule (224)
[2019.01.23-00.37.09:772][819]LogModuleManager: Shutting down and abandoning module Paper2D (222)
[2019.01.23-00.37.09:772][819]LogModuleManager: Shutting down and abandoning module WindowsMoviePlayer (220)
[2019.01.23-00.37.09:772][819]LogModuleManager: Shutting down and abandoning module WebMMoviePlayer (218)
[2019.01.23-00.37.09:772][819]LogModuleManager: Shutting down and abandoning module WmfMedia (216)
[2019.01.23-00.37.09:773][819]LogModuleManager: Shutting down and abandoning module Media (215)
[2019.01.23-00.37.09:779][819]LogModuleManager: Shutting down and abandoning module PacketHandler (212)
[2019.01.23-00.37.09:779][819]LogModuleManager: Shutting down and abandoning module ClothingSystemEditor (210)
[2019.01.23-00.37.09:779][819]LogModuleManager: Shutting down and abandoning module ClothingSystemRuntime (208)
[2019.01.23-00.37.09:779][819]LogModuleManager: Shutting down and abandoning module MediaAssets (206)
[2019.01.23-00.37.09:779][819]LogModuleManager: Shutting down and abandoning module Overlay (204)
[2019.01.23-00.37.09:779][819]LogModuleManager: Shutting down and abandoning module OverlayEditor (203)
[2019.01.23-00.37.09:779][819]LogModuleManager: Shutting down and abandoning module VREditor (200)
[2019.01.23-00.37.09:779][819]LogModuleManager: Shutting down and abandoning module StringTableEditor (198)
[2019.01.23-00.37.09:779][819]LogModuleManager: Shutting down and abandoning module GameplayTasksEditor (196)
[2019.01.23-00.37.09:779][819]LogModuleManager: Shutting down and abandoning module BehaviorTreeEditor (194)
[2019.01.23-00.37.09:779][819]LogModuleManager: Shutting down and abandoning module FunctionalTesting (192)
[2019.01.23-00.37.09:779][819]LogModuleManager: Shutting down and abandoning module CollisionAnalyzer (190)
[2019.01.23-00.37.09:779][819]LogModuleManager: Shutting down and abandoning module WorkspaceMenuStructure (189)
[2019.01.23-00.37.09:779][819]LogModuleManager: Shutting down and abandoning module UMG (186)
[2019.01.23-00.37.09:779][819]LogModuleManager: Shutting down and abandoning module UMGEditor (185)
[2019.01.23-00.37.09:779][819]LogModuleManager: Shutting down and abandoning module Sequencer (184)
[2019.01.23-00.37.09:779][819]LogModuleManager: Shutting down and abandoning module MessageLog (181)
[2019.01.23-00.37.09:780][819]LogModuleManager: Shutting down and abandoning module SlateReflector (176)
[2019.01.23-00.37.09:780][819]LogModuleManager: Shutting down and abandoning module Slate (174)
[2019.01.23-00.37.09:780][819]LogModuleManager: Shutting down and abandoning module EditorStyle (172)
[2019.01.23-00.37.09:781][819]LogModuleManager: Shutting down and abandoning module MRMesh (170)
[2019.01.23-00.37.09:781][819]LogModuleManager: Shutting down and abandoning module Messaging (168)
[2019.01.23-00.37.09:781][819]LogModuleManager: Shutting down and abandoning module SourceCodeAccess (166)
[2019.01.23-00.37.09:781][819]LogModuleManager: Shutting down and abandoning module HeadMountedDisplay (164)
[2019.01.23-00.37.09:781][819]LogModuleManager: Shutting down and abandoning module XAudio2 (162)
[2019.01.23-00.37.09:781][819]LogModuleManager: Shutting down and abandoning module Networking (160)
[2019.01.23-00.37.09:781][819]LogModuleManager: Shutting down and abandoning module Core (158)
[2019.01.23-00.37.09:781][819]LogModuleManager: Shutting down and abandoning module LevelSequence (156)
[2019.01.23-00.37.09:781][819]LogModuleManager: Shutting down and abandoning module KismetCompiler (154)
[2019.01.23-00.37.09:781][819]LogModuleManager: Shutting down and abandoning module MeshUtilities (152)
[2019.01.23-00.37.09:781][819]LogModuleManager: Shutting down and abandoning module MeshMergeUtilities (151)
[2019.01.23-00.37.09:781][819]LogModuleManager: Shutting down and abandoning module MeshReductionInterface (150)
[2019.01.23-00.37.09:781][819]LogModuleManager: Shutting down and abandoning module SimplygonSwarm (149)
[2019.01.23-00.37.09:781][819]LogModuleManager: Shutting down and abandoning module ProxyLODMeshReduction (147)
[2019.01.23-00.37.09:781][819]LogModuleManager: Shutting down and abandoning module SimplygonMeshReduction (145)
[2019.01.23-00.37.09:781][819]LogModuleManager: Shutting down and abandoning module QuadricMeshReduction (143)
[2019.01.23-00.37.09:781][819]LogModuleManager: Shutting down and abandoning module MaterialBaking (139)
[2019.01.23-00.37.09:781][819]LogModuleManager: Shutting down and abandoning module PIEPreviewDeviceProfileSelector (134)
[2019.01.23-00.37.09:781][819]LogModuleManager: Shutting down and abandoning module DerivedDataCache (132)
[2019.01.23-00.37.09:971][819]LogDerivedDataCache: Shutdown
[2019.01.23-00.37.09:971][819]LogModuleManager: Shutting down and abandoning module XGEController (130)
[2019.01.23-00.37.09:972][819]LogModuleManager: Shutting down and abandoning module TargetPlatform (128)
[2019.01.23-00.37.09:972][819]LogModuleManager: Shutting down and abandoning module VulkanShaderFormat (127)
[2019.01.23-00.37.09:972][819]LogModuleManager: Shutting down and abandoning module ShaderFormatVectorVM (125)
[2019.01.23-00.37.09:972][819]LogModuleManager: Shutting down and abandoning module ShaderFormatOpenGL (123)
[2019.01.23-00.37.09:972][819]LogModuleManager: Shutting down and abandoning module ShaderFormatD3D (121)
[2019.01.23-00.37.09:972][819]LogModuleManager: Shutting down and abandoning module MetalShaderFormat (119)
[2019.01.23-00.37.09:972][819]LogModuleManager: Shutting down and abandoning module TextureFormatUncompressed (117)
[2019.01.23-00.37.09:972][819]LogModuleManager: Shutting down and abandoning module TextureFormatPVR (115)
[2019.01.23-00.37.09:972][819]LogModuleManager: Shutting down and abandoning module TextureFormatDXT (113)
[2019.01.23-00.37.09:972][819]LogModuleManager: Shutting down and abandoning module TextureFormatIntelISPCTexComp (111)
[2019.01.23-00.37.09:972][819]LogModuleManager: Shutting down and abandoning module TextureFormatASTC (109)
[2019.01.23-00.37.09:972][819]LogModuleManager: Shutting down and abandoning module ImageWrapper (108)
[2019.01.23-00.37.09:972][819]LogModuleManager: Shutting down and abandoning module TextureFormatAndroid (105)
[2019.01.23-00.37.09:972][819]LogModuleManager: Shutting down and abandoning module AudioFormatOpus (103)
[2019.01.23-00.37.09:972][819]LogModuleManager: Shutting down and abandoning module AudioFormatOgg (101)
[2019.01.23-00.37.09:972][819]LogModuleManager: Shutting down and abandoning module AudioFormatADPCM (99)
[2019.01.23-00.37.09:972][819]LogModuleManager: Shutting down and abandoning module WindowsTargetPlatform (97)
[2019.01.23-00.37.09:972][819]LogModuleManager: Shutting down and abandoning module WindowsServerTargetPlatform (95)
[2019.01.23-00.37.09:972][819]LogModuleManager: Shutting down and abandoning module WindowsNoEditorTargetPlatform (93)
[2019.01.23-00.37.09:972][819]LogModuleManager: Shutting down and abandoning module WindowsClientTargetPlatform (91)
[2019.01.23-00.37.09:972][819]LogModuleManager: Shutting down and abandoning module InputCore (88)
[2019.01.23-00.37.09:972][819]LogModuleManager: Shutting down and abandoning module Settings (86)
[2019.01.23-00.37.09:972][819]LogModuleManager: Shutting down and abandoning module PhysXCooking (84)
[2019.01.23-00.37.09:972][819]LogModuleManager: Shutting down and abandoning module SteamVR (82)
[2019.01.23-00.37.09:972][819]LogHMD: Freeing OpenVRDLLHandle.
[2019.01.23-00.37.09:972][819]LogModuleManager: Shutting down and abandoning module OculusHMD (80)
[2019.01.23-00.37.09:972][819]LogModuleManager: Shutting down and abandoning module ExampleDeviceProfileSelector (78)
[2019.01.23-00.37.09:972][819]LogModuleManager: Shutting down and abandoning module LauncherChunkInstaller (76)
[2019.01.23-00.37.09:972][819]LogModuleManager: Shutting down and abandoning module OnlineBlueprintSupport (74)
[2019.01.23-00.37.09:972][819]LogModuleManager: Shutting down and abandoning module OnlineSubsystem (70)
[2019.01.23-00.37.09:972][819]LogModuleManager: Shutting down and abandoning module XMPP (63)
[2019.01.23-00.37.09:972][819]LogModuleManager: Shutting down and abandoning module WebSockets (62)
[2019.01.23-00.37.09:983][819]LogModuleManager: Shutting down and abandoning module HTTP (59)
[2019.01.23-00.37.10:016][819]LogModuleManager: Shutting down and abandoning module SSL (58)
[2019.01.23-00.37.10:017][819]LogModuleManager: Shutting down and abandoning module MagicLeapIdentity (54)
[2019.01.23-00.37.10:017][819]LogModuleManager: Shutting down and abandoning module MagicLeapHelperVulkan (52)
[2019.01.23-00.37.10:017][819]LogModuleManager: Shutting down and abandoning module MagicLeapHelperOpenGL (50)
[2019.01.23-00.37.10:017][819]LogModuleManager: Shutting down and abandoning module MagicLeapSecureStorage (48)
[2019.01.23-00.37.10:017][819]LogModuleManager: Shutting down and abandoning module MagicLeapHandTracking (46)
[2019.01.23-00.37.10:018][819]LogModuleManager: Shutting down and abandoning module MagicLeapEyeTracker (44)
[2019.01.23-00.37.10:018][819]LogModuleManager: Shutting down and abandoning module MagicLeapController (42)
[2019.01.23-00.37.10:018][819]LogSlate: Slate User Destroyed.  User Index 0, Is Virtual User: 0
[2019.01.23-00.37.10:018][819]LogModuleManager: Shutting down and abandoning module MagicLeap (40)
[2019.01.23-00.37.10:018][819]LogModuleManager: Shutting down and abandoning module DatasmithContent (38)
[2019.01.23-00.37.10:018][819]LogModuleManager: Shutting down and abandoning module AnimationModifiers (36)
[2019.01.23-00.37.10:018][819]LogModuleManager: Shutting down and abandoning module PropertyEditor (35)
[2019.01.23-00.37.10:018][819]LogModuleManager: Shutting down and abandoning module AudioEditor (32)
[2019.01.23-00.37.10:018][819]LogModuleManager: Shutting down and abandoning module TextureCompressor (30)
[2019.01.23-00.37.10:018][819]LogModuleManager: Shutting down and abandoning module ShaderCore (28)
[2019.01.23-00.37.10:018][819]LogModuleManager: Shutting down and abandoning module Landscape (26)
[2019.01.23-00.37.10:018][819]LogModuleManager: Shutting down and abandoning module SlateRHIRenderer (24)
[2019.01.23-00.37.10:018][819]LogModuleManager: Shutting down and abandoning module OpenGLDrv (22)
[2019.01.23-00.37.10:018][819]LogModuleManager: Shutting down and abandoning module D3D11RHI (20)
[2019.01.23-00.37.10:018][819]LogModuleManager: Shutting down and abandoning module AnimGraphRuntime (18)
[2019.01.23-00.37.10:018][819]LogModuleManager: Shutting down and abandoning module Renderer (16)
[2019.01.23-00.37.10:018][819]LogModuleManager: Shutting down and abandoning module Engine (14)
[2019.01.23-00.37.10:018][819]LogModuleManager: Shutting down and abandoning module CoreUObject (12)
[2019.01.23-00.37.10:018][819]LogModuleManager: Shutting down and abandoning module NetworkFile (10)
[2019.01.23-00.37.10:018][819]LogModuleManager: Shutting down and abandoning module CookedIterativeFile (8)
[2019.01.23-00.37.10:018][819]LogModuleManager: Shutting down and abandoning module StreamingFile (6)
[2019.01.23-00.37.10:018][819]LogModuleManager: Shutting down and abandoning module SandboxFile (4)
[2019.01.23-00.37.10:018][819]LogModuleManager: Shutting down and abandoning module PakFile (2)
[2019.01.23-00.37.10:020][819]LogExit: Exiting.
[2019.01.23-00.37.10:027][819]Log file closed, 01/22/19 19:37:10
