Log file open, 08/29/18 01:28:02
LogWindows: Failed to load 'aqProf.dll' (GetLastError=126)
LogWindows: File 'aqProf.dll' does not exist
LogWindows: Failed to load 'VtuneApi.dll' (GetLastError=126)
LogWindows: File 'VtuneApi.dll' does not exist
LogWindows: Failed to load 'VtuneApi32e.dll' (GetLastError=126)
LogWindows: File 'VtuneApi32e.dll' does not exist
LogInit: Display: Running engine for game: SteamProject
LogPlatformFile: Not using cached read wrapper
LogInit: Display: RandInit(385351943) SRandInit(385351943).
LogInit: Read version file with build ID '3944462'
LogInit: Overriding engine version to CL 4033788, compatible CL 3944462
LogInit: Registered custom module enumerator with build ID '3944462'
LogTaskGraph: Started task graph with 5 named threads and 14 total threads with 3 sets of task threads.
LogStats: Stats thread started at 3.834605
LogD3D11RHI: Aftermath initialized
LogICUInternationalization: Display: ICU TimeZone Detection - Raw Offset: -5:00, Platform Override: ''
LogModuleManager: Display: Found up-to-date module file ../../../Engine/Plugins/Online/OnlineSubsystemSteam/Binaries/Win64/UE4Editor-OnlineSubsystemSteam.dll (API version 3944462).
LogModuleManager: Display: Found up-to-date module file ../../../Engine/Plugins/Online/OnlineSubsystem/Binaries/Win64/UE4Editor-OnlineSubsystem.dll (API version 3944462).
LogModuleManager: Display: Found up-to-date module file ../../../Engine/Plugins/Online/OnlineSubsystemUtils/Binaries/Win64/UE4Editor-OnlineSubsystemUtils.dll (API version 3944462).
LogModuleManager: Display: Found up-to-date module file ../../../Engine/Plugins/Online/OnlineSubsystemUtils/Binaries/Win64/UE4Editor-OnlineBlueprintSupport.dll (API version 3944462).
LogModuleManager: Display: Found up-to-date module file ../../../Engine/Plugins/2D/Paper2D/Binaries/Win64/UE4Editor-Paper2D.dll (API version 3944462).
LogModuleManager: Display: Found up-to-date module file ../../../Engine/Plugins/2D/Paper2D/Binaries/Win64/UE4Editor-Paper2DEditor.dll (API version 3944462).
LogModuleManager: Display: Found up-to-date module file ../../../Engine/Plugins/2D/Paper2D/Binaries/Win64/UE4Editor-PaperSpriteSheetImporter.dll (API version 3944462).
LogModuleManager: Display: Found up-to-date module file ../../../Engine/Plugins/2D/Paper2D/Binaries/Win64/UE4Editor-PaperTiledImporter.dll (API version 3944462).
LogModuleManager: Display: Found up-to-date module file ../../../Engine/Plugins/2D/Paper2D/Binaries/Win64/UE4Editor-SmartSnapping.dll (API version 3944462).
LogModuleManager: Display: Found up-to-date module file ../../../Engine/Plugins/Blendables/LightPropagationVolume/Binaries/Win64/UE4Editor-LightPropagationVolumeRuntime.dll (API version 3944462).
LogModuleManager: Display: Found up-to-date module file ../../../Engine/Plugins/Blendables/LightPropagationVolume/Binaries/Win64/UE4Editor-LightPropagationVolumeEditor.dll (API version 3944462).
LogModuleManager: Display: Found up-to-date module file ../../../Engine/Plugins/Developer/CLionSourceCodeAccess/Binaries/Win64/UE4Editor-CLionSourceCodeAccess.dll (API version 3944462).
LogModuleManager: Display: Found up-to-date module file ../../../Engine/Plugins/Developer/GitSourceControl/Binaries/Win64/UE4Editor-GitSourceControl.dll (API version 3944462).
LogModuleManager: Display: Found up-to-date module file ../../../Engine/Plugins/Developer/PerforceSourceControl/Binaries/Win64/UE4Editor-PerforceSourceControl.dll (API version 3944462).
LogModuleManager: Display: Found up-to-date module file ../../../Engine/Plugins/Developer/SubversionSourceControl/Binaries/Win64/UE4Editor-SubversionSourceControl.dll (API version 3944462).
LogModuleManager: Display: Found up-to-date module file ../../../Engine/Plugins/Developer/UObjectPlugin/Binaries/Win64/UE4Editor-UObjectPlugin.dll (API version 3944462).
LogModuleManager: Display: Found up-to-date module file ../../../Engine/Plugins/Developer/VisualStudioCodeSourceCodeAccess/Binaries/Win64/UE4Editor-VisualStudioCodeSourceCodeAccess.dll (API version 3944462).
LogModuleManager: Display: Found up-to-date module file ../../../Engine/Plugins/Developer/VisualStudioSourceCodeAccess/Binaries/Win64/UE4Editor-VisualStudioSourceCodeAccess.dll (API version 3944462).
LogModuleManager: Display: Found up-to-date module file ../../../Engine/Plugins/Editor/AssetManagerEditor/Binaries/Win64/UE4Editor-AssetManagerEditor.dll (API version 3944462).
LogModuleManager: Display: Found up-to-date module file ../../../Engine/Plugins/Editor/CryptoKeys/Binaries/Win64/UE4Editor-CryptoKeys.dll (API version 3944462).
LogModuleManager: Display: Found up-to-date module file ../../../Engine/Plugins/Editor/CryptoKeys/Binaries/Win64/UE4Editor-CryptoKeysOpenSSL.dll (API version 3944462).
LogModuleManager: Display: Found up-to-date module file ../../../Engine/Plugins/Editor/DataValidation/Binaries/Win64/UE4Editor-DataValidation.dll (API version 3944462).
LogModuleManager: Display: Found up-to-date module file ../../../Engine/Plugins/Editor/FacialAnimation/Binaries/Win64/UE4Editor-FacialAnimation.dll (API version 3944462).
LogModuleManager: Display: Found up-to-date module file ../../../Engine/Plugins/Editor/FacialAnimation/Binaries/Win64/UE4Editor-FacialAnimationEditor.dll (API version 3944462).
LogModuleManager: Display: Found up-to-date module file ../../../Engine/Plugins/Editor/GameplayTagsEditor/Binaries/Win64/UE4Editor-GameplayTagsEditor.dll (API version 3944462).
LogModuleManager: Display: Found up-to-date module file ../../../Engine/Plugins/Editor/MobileLauncherProfileWizard/Binaries/Win64/UE4Editor-MobileLauncherProfileWizard.dll (API version 3944462).
LogModuleManager: Display: Found up-to-date module file ../../../Engine/Plugins/Editor/PluginBrowser/Binaries/Win64/UE4Editor-PluginBrowser.dll (API version 3944462).
LogModuleManager: Display: Found up-to-date module file ../../../Engine/Plugins/Editor/SpeedTreeImporter/Binaries/Win64/UE4Editor-SpeedTreeImporter.dll (API version 3944462).
LogModuleManager: Display: Found up-to-date module file ../../../Engine/Plugins/Enterprise/DatasmithContent/Binaries/Win64/UE4Editor-DatasmithContent.dll (API version 3944462).
LogModuleManager: Display: Found up-to-date module file ../../../Engine/Plugins/Experimental/AlembicImporter/Binaries/Win64/UE4Editor-AlembicImporter.dll (API version 3944462).
LogModuleManager: Display: Found up-to-date module file ../../../Engine/Plugins/Experimental/AlembicImporter/Binaries/Win64/UE4Editor-AlembicLibrary.dll (API version 3944462).
LogModuleManager: Display: Found up-to-date module file ../../../Engine/Plugins/Experimental/CharacterAI/Binaries/Win64/UE4Editor-CharacterAI.dll (API version 3944462).
LogModuleManager: Display: Found up-to-date module file ../../../Engine/Plugins/Experimental/HTML5Networking/Binaries/Win64/UE4Editor-HTML5Networking.dll (API version 3944462).
LogModuleManager: Display: Found up-to-date module file ../../../Engine/Plugins/Media/AndroidMedia/Binaries/Win64/UE4Editor-AndroidMediaEditor.dll (API version 3944462).
LogModuleManager: Display: Found up-to-date module file ../../../Engine/Plugins/Media/AndroidMedia/Binaries/Win64/UE4Editor-AndroidMediaFactory.dll (API version 3944462).
LogModuleManager: Display: Found up-to-date module file ../../../Engine/Plugins/Media/AvfMedia/Binaries/Win64/UE4Editor-AvfMediaEditor.dll (API version 3944462).
LogModuleManager: Display: Found up-to-date module file ../../../Engine/Plugins/Media/AvfMedia/Binaries/Win64/UE4Editor-AvfMediaFactory.dll (API version 3944462).
LogModuleManager: Display: Found up-to-date module file ../../../Engine/Plugins/Media/AvfMedia/Binaries/Win64/UE4Editor-AvfMediaFactory.dll (API version 3944462).
LogModuleManager: Display: Found up-to-date module file ../../../Engine/Plugins/Media/ImgMedia/Binaries/Win64/UE4Editor-ImgMedia.dll (API version 3944462).
LogModuleManager: Display: Found up-to-date module file ../../../Engine/Plugins/Media/ImgMedia/Binaries/Win64/UE4Editor-ImgMediaEditor.dll (API version 3944462).
LogModuleManager: Display: Found up-to-date module file ../../../Engine/Plugins/Media/ImgMedia/Binaries/Win64/UE4Editor-ImgMediaFactory.dll (API version 3944462).
LogModuleManager: Display: Found up-to-date module file ../../../Engine/Plugins/Media/ImgMedia/Binaries/Win64/UE4Editor-ImgMediaFactory.dll (API version 3944462).
LogModuleManager: Display: Found up-to-date module file ../../../Engine/Plugins/Media/ImgMedia/Binaries/Win64/UE4Editor-OpenExrWrapper.dll (API version 3944462).
LogModuleManager: Display: Found up-to-date module file ../../../Engine/Plugins/Media/LinearTimecode/Binaries/Win64/UE4Editor-LinearTimecode.dll (API version 3944462).
LogModuleManager: Display: Found up-to-date module file ../../../Engine/Plugins/Media/MediaCompositing/Binaries/Win64/UE4Editor-MediaCompositing.dll (API version 3944462).
LogModuleManager: Display: Found up-to-date module file ../../../Engine/Plugins/Media/MediaCompositing/Binaries/Win64/UE4Editor-MediaCompositingEditor.dll (API version 3944462).
LogModuleManager: Display: Found up-to-date module file ../../../Engine/Plugins/Media/MediaPlayerEditor/Binaries/Win64/UE4Editor-MediaPlayerEditor.dll (API version 3944462).
LogModuleManager: Display: Found up-to-date module file ../../../Engine/Plugins/Media/WmfMedia/Binaries/Win64/UE4Editor-WmfMedia.dll (API version 3944462).
LogModuleManager: Display: Found up-to-date module file ../../../Engine/Plugins/Media/WmfMedia/Binaries/Win64/UE4Editor-WmfMediaEditor.dll (API version 3944462).
LogModuleManager: Display: Found up-to-date module file ../../../Engine/Plugins/Media/WmfMedia/Binaries/Win64/UE4Editor-WmfMediaFactory.dll (API version 3944462).
LogModuleManager: Display: Found up-to-date module file ../../../Engine/Plugins/Media/WmfMedia/Binaries/Win64/UE4Editor-WmfMediaFactory.dll (API version 3944462).
LogModuleManager: Display: Found up-to-date module file ../../../Engine/Plugins/Messaging/TcpMessaging/Binaries/Win64/UE4Editor-TcpMessaging.dll (API version 3944462).
LogModuleManager: Display: Found up-to-date module file ../../../Engine/Plugins/Messaging/UdpMessaging/Binaries/Win64/UE4Editor-UdpMessaging.dll (API version 3944462).
LogModuleManager: Display: Found up-to-date module file ../../../Engine/Plugins/MovieScene/ActorSequence/Binaries/Win64/UE4Editor-ActorSequence.dll (API version 3944462).
LogModuleManager: Display: Found up-to-date module file ../../../Engine/Plugins/MovieScene/LevelSequenceEditor/Binaries/Win64/UE4Editor-LevelSequenceEditor.dll (API version 3944462).
LogModuleManager: Display: Found up-to-date module file ../../../Engine/Plugins/MovieScene/MatineeToLevelSequence/Binaries/Win64/UE4Editor-MatineeToLevelSequence.dll (API version 3944462).
LogModuleManager: Display: Found up-to-date module file ../../../Engine/Plugins/NetcodeUnitTest/NetcodeUnitTest/Binaries/Win64/UE4Editor-NetcodeUnitTest.dll (API version 3944462).
LogModuleManager: Display: Found up-to-date module file ../../../Engine/Plugins/NetcodeUnitTest/NUTUnrealEngine4/Binaries/Win64/UE4Editor-NUTUnrealEngine4.dll (API version 3944462).
LogModuleManager: Display: Found up-to-date module file ../../../Engine/Plugins/Runtime/AndroidPermission/Binaries/Win64/UE4Editor-AndroidPermission.dll (API version 3944462).
LogModuleManager: Display: Found up-to-date module file ../../../Engine/Plugins/Online/OnlineSubsystemNull/Binaries/Win64/UE4Editor-OnlineSubsystemNull.dll (API version 3944462).
LogModuleManager: Display: Found up-to-date module file ../../../Engine/Plugins/Runtime/AndroidDeviceProfileSelector/Binaries/Win64/UE4Editor-AndroidDeviceProfileSelector.dll (API version 3944462).
LogModuleManager: Display: Found up-to-date module file ../../../Engine/Plugins/Runtime/AppleARKit/Binaries/Win64/UE4Editor-AppleARKit.dll (API version 3944462).
LogModuleManager: Display: Found up-to-date module file ../../../Engine/Plugins/Runtime/ProceduralMeshComponent/Binaries/Win64/UE4Editor-ProceduralMeshComponent.dll (API version 3944462).
LogModuleManager: Display: Found up-to-date module file ../../../Engine/Plugins/Runtime/ProceduralMeshComponent/Binaries/Win64/UE4Editor-ProceduralMeshComponentEditor.dll (API version 3944462).
LogModuleManager: Display: Found up-to-date module file ../../../Engine/Plugins/Animation/LiveLink/Binaries/Win64/UE4Editor-LiveLink.dll (API version 3944462).
LogModuleManager: Display: Found up-to-date module file ../../../Engine/Plugins/Animation/LiveLink/Binaries/Win64/UE4Editor-LiveLinkEditor.dll (API version 3944462).
LogModuleManager: Display: Found up-to-date module file ../../../Engine/Plugins/Runtime/ArchVisCharacter/Binaries/Win64/UE4Editor-ArchVisCharacter.dll (API version 3944462).
LogModuleManager: Display: Found up-to-date module file ../../../Engine/Plugins/Runtime/AudioCapture/Binaries/Win64/UE4Editor-AudioCapture.dll (API version 3944462).
LogModuleManager: Display: Found up-to-date module file ../../../Engine/Plugins/Runtime/AudioCapture/Binaries/Win64/UE4Editor-AudioCaptureEditor.dll (API version 3944462).
LogModuleManager: Display: Found up-to-date module file ../../../Engine/Plugins/Runtime/CableComponent/Binaries/Win64/UE4Editor-CableComponent.dll (API version 3944462).
LogModuleManager: Display: Found up-to-date module file ../../../Engine/Plugins/Runtime/CustomMeshComponent/Binaries/Win64/UE4Editor-CustomMeshComponent.dll (API version 3944462).
LogModuleManager: Display: Found up-to-date module file ../../../Engine/Plugins/Runtime/ExampleDeviceProfileSelector/Binaries/Win64/UE4Editor-ExampleDeviceProfileSelector.dll (API version 3944462).
LogModuleManager: Display: Found up-to-date module file ../../../Engine/Plugins/Runtime/ImmediatePhysics/Binaries/Win64/UE4Editor-ImmediatePhysics.dll (API version 3944462).
LogModuleManager: Display: Found up-to-date module file ../../../Engine/Plugins/Runtime/ImmediatePhysics/Binaries/Win64/UE4Editor-ImmediatePhysicsEditor.dll (API version 3944462).
LogModuleManager: Display: Found up-to-date module file ../../../Engine/Plugins/Runtime/LocationServicesBPLibrary/Binaries/Win64/UE4Editor-LocationServicesBPLibrary.dll (API version 3944462).
LogModuleManager: Display: Found up-to-date module file ../../../Engine/Plugins/Runtime/MobilePatchingUtils/Binaries/Win64/UE4Editor-MobilePatchingUtils.dll (API version 3944462).
LogModuleManager: Display: Found up-to-date module file ../../../Engine/Plugins/Runtime/Oculus/OculusVR/Binaries/Win64/UE4Editor-OculusHMD.dll (API version 3944462).
LogModuleManager: Display: Found up-to-date module file ../../../Engine/Plugins/Runtime/Oculus/OculusVR/Binaries/Win64/UE4Editor-OculusInput.dll (API version 3944462).
LogModuleManager: Display: Found up-to-date module file ../../../Engine/Plugins/Runtime/Oculus/OculusVR/Binaries/Win64/UE4Editor-OculusEditor.dll (API version 3944462).
LogModuleManager: Display: Found up-to-date module file ../../../Engine/Plugins/Runtime/PhysXVehicles/Binaries/Win64/UE4Editor-PhysXVehicles.dll (API version 3944462).
LogModuleManager: Display: Found up-to-date module file ../../../Engine/Plugins/Runtime/PhysXVehicles/Binaries/Win64/UE4Editor-PhysXVehiclesEditor.dll (API version 3944462).
LogModuleManager: Display: Found up-to-date module file ../../../Engine/Plugins/Runtime/RuntimePhysXCooking/Binaries/Win64/UE4Editor-RuntimePhysXCooking.dll (API version 3944462).
LogModuleManager: Display: Found up-to-date module file ../../../Engine/Plugins/Runtime/Steam/SteamVR/Binaries/Win64/UE4Editor-SteamVR.dll (API version 3944462).
LogModuleManager: Display: Found up-to-date module file ../../../Engine/Plugins/Runtime/Steam/SteamVR/Binaries/Win64/UE4Editor-SteamVRController.dll (API version 3944462).
LogModuleManager: Display: Found up-to-date module file ../../../Engine/Plugins/Runtime/WindowsMoviePlayer/Binaries/Win64/UE4Editor-WindowsMoviePlayer.dll (API version 3944462).
LogPluginManager: Mounting plugin Paper2D
LogPluginManager: Mounting plugin LiveLink
LogPluginManager: Mounting plugin LightPropagationVolume
LogPluginManager: Mounting plugin CLionSourceCodeAccess
LogPluginManager: Mounting plugin CodeLiteSourceCodeAccess
LogPluginManager: Mounting plugin GitSourceControl
LogPluginManager: Mounting plugin KDevelopSourceCodeAccess
LogPluginManager: Mounting plugin NullSourceCodeAccess
LogPluginManager: Mounting plugin PerforceSourceControl
LogPluginManager: Mounting plugin SubversionSourceControl
LogPluginManager: Mounting plugin UObjectPlugin
LogPluginManager: Mounting plugin VisualStudioCodeSourceCodeAccess
LogPluginManager: Mounting plugin VisualStudioSourceCodeAccess
LogPluginManager: Mounting plugin XCodeSourceCodeAccess
LogPluginManager: Mounting plugin AssetManagerEditor
LogPluginManager: Mounting plugin CryptoKeys
LogPluginManager: Mounting plugin DataValidation
LogPluginManager: Mounting plugin FacialAnimation
LogPluginManager: Mounting plugin GameplayTagsEditor
LogPluginManager: Mounting plugin MobileLauncherProfileWizard
LogPluginManager: Mounting plugin PluginBrowser
LogPluginManager: Mounting plugin SpeedTreeImporter
LogPluginManager: Mounting plugin DatasmithContent
LogPluginManager: Mounting plugin AlembicImporter
LogPluginManager: Mounting plugin CharacterAI
LogPluginManager: Mounting plugin HTML5Networking
LogPluginManager: Mounting plugin AndroidMedia
LogPluginManager: Mounting plugin AvfMedia
LogPluginManager: Mounting plugin ImgMedia
LogPluginManager: Mounting plugin LinearTimecode
LogPluginManager: Mounting plugin MediaCompositing
LogPluginManager: Mounting plugin MediaPlayerEditor
LogPluginManager: Mounting plugin WmfMedia
LogPluginManager: Mounting plugin TcpMessaging
LogPluginManager: Mounting plugin UdpMessaging
LogPluginManager: Mounting plugin ActorSequence
LogPluginManager: Mounting plugin LevelSequenceEditor
LogPluginManager: Mounting plugin MatineeToLevelSequence
LogPluginManager: Mounting plugin NetcodeUnitTest
LogPluginManager: Mounting plugin NUTUnrealEngine4
LogPluginManager: Mounting plugin OnlineSubsystemGooglePlay
LogPluginManager: Mounting plugin OnlineSubsystemIOS
LogPluginManager: Mounting plugin OnlineSubsystem
LogPluginManager: Mounting plugin OnlineSubsystemNull
LogPluginManager: Mounting plugin OnlineSubsystemSteam
LogPluginManager: Mounting plugin OnlineSubsystemUtils
LogPluginManager: Mounting plugin AndroidDeviceProfileSelector
LogPluginManager: Mounting plugin AndroidMoviePlayer
LogPluginManager: Mounting plugin AndroidPermission
LogPluginManager: Mounting plugin AppleARKit
LogPluginManager: Mounting plugin AppleMoviePlayer
LogPluginManager: Mounting plugin ArchVisCharacter
LogPluginManager: Mounting plugin AudioCapture
LogPluginManager: Mounting plugin CableComponent
LogPluginManager: Mounting plugin CustomMeshComponent
LogPluginManager: Mounting plugin ExampleDeviceProfileSelector
LogPluginManager: Mounting plugin GoogleCloudMessaging
LogPluginManager: Mounting plugin ImmediatePhysics
LogPluginManager: Mounting plugin IOSDeviceProfileSelector
LogPluginManager: Mounting plugin LinuxDeviceProfileSelector
LogPluginManager: Mounting plugin LocationServicesBPLibrary
LogPluginManager: Mounting plugin MobilePatchingUtils
LogPluginManager: Mounting plugin OculusVR
LogPluginManager: Plugin shader directory ../../../Engine/Plugins/Runtime/Oculus/OculusVR/Shaders found
LogPluginManager: Mapping shader source directory ../../../Engine/Plugins/Runtime/Oculus/OculusVR/Shaders to virtual directory /Plugin/OculusVR
LogPluginManager: Mounting plugin PhysXVehicles
LogPluginManager: Mounting plugin ProceduralMeshComponent
LogPluginManager: Mounting plugin RuntimePhysXCooking
LogPluginManager: Mounting plugin SteamVR
LogPluginManager: Mounting plugin WindowsMoviePlayer
LogStreaming: Display: Took  3.523s to configure plugins.
LogInit: Using libcurl 7.47.1
LogInit:  - built for x86_64-pc-win32
LogInit:  - supports SSL with OpenSSL/1.0.2g
LogInit:  - supports HTTP deflate (compression) using libz 1.2.8
LogInit:  - other features:
LogInit:      CURL_VERSION_SSL
LogInit:      CURL_VERSION_LIBZ
LogInit:      CURL_VERSION_IPV6
LogInit:      CURL_VERSION_ASYNCHDNS
LogInit:      CURL_VERSION_LARGEFILE
LogInit:      CURL_VERSION_IDN
LogInit:  CurlRequestOptions (configurable via config and command line):
LogInit:  - bVerifyPeer = false  - Libcurl will NOT verify peer certificate
LogInit:  - bUseHttpProxy = false  - Libcurl will NOT use HTTP proxy
LogInit:  - bDontReuseConnections = false  - Libcurl will reuse connections
LogInit:  - CertBundlePath = nullptr  - Libcurl will use whatever was configured at build time.
LogInit:  - MaxHostConnections = 16  - Libcurl will limit the number of connections to a host
LogInit:  - LocalHostAddr = Default
LogOnline: Display: STEAM: Loading Steam SDK 1.39
LogOnline: Warning: STEAM: Steam API disabled!
LogOnline: Display: STEAM: OnlineSubsystemSteam::Shutdown()
LogInit: WinSock: version 1.1 (2.2), MaxSocks=32767, MaxUdp=65467
LogInit: WinSock: I am Max-PC (192.168.0.103:0)
LogInit: Build: ++UE4+Release-4.19-CL-4033788
LogInit: Engine Version: 4.19.2-4033788+++UE4+Release-4.19
LogInit: Compatible Engine Version: 4.19.0-3944462+++UE4+Release-4.19
LogInit: Net CL: 3944462
LogDevObjectVersion: Number of dev versions registered: 18
LogDevObjectVersion:   Dev-Blueprints (B0D832E4-1F89-4F0D-ACCF-7EB736FD4AA2): 10
LogDevObjectVersion:   Dev-Build (E1C64328-A22C-4D53-A36C-8E866417BD8C): 0
LogDevObjectVersion:   Dev-Core (375EC13C-06E4-48FB-B500-84F0262A717E): 2
LogDevObjectVersion:   Dev-Editor (E4B068ED-F494-42E9-A231-DA0B2E46BB41): 23
LogDevObjectVersion:   Dev-Framework (CFFC743F-43B0-4480-9391-14DF171D2073): 33
LogDevObjectVersion:   Dev-Mobile (B02B49B5-BB20-44E9-A304-32B752E40360): 2
LogDevObjectVersion:   Dev-Networking (A4E4105C-59A1-49B5-A7C5-40C4547EDFEE): 0
LogDevObjectVersion:   Dev-Online (39C831C9-5AE6-47DC-9A44-9C173E1C8E7C): 0
LogDevObjectVersion:   Dev-Physics (78F01B33-EBEA-4F98-B9B4-84EACCB95AA2): 0
LogDevObjectVersion:   Dev-Platform (6631380F-2D4D-43E0-8009-CF276956A95A): 0
LogDevObjectVersion:   Dev-Rendering (12F88B9F-8875-4AFC-A67C-D90C383ABD29): 25
LogDevObjectVersion:   Dev-Sequencer (7B5AE74C-D270-4C10-A958-57980B212A5A): 6
LogDevObjectVersion:   Dev-VR (D7296918-1DD6-4BDD-9DE2-64A83CC13884): 1
LogDevObjectVersion:   Dev-LoadTimes (C2A15278-BFE7-4AFE-6C17-90FF531DF755): 1
LogDevObjectVersion:   Private-Geometry (6EACA3D4-40EC-4CC1-B786-8BED09428FC5): 2
LogDevObjectVersion:   Dev-AnimPhys (29E575DD-E0A3-4627-9D10-D276232CDCEA): 16
LogDevObjectVersion:   Dev-ReflectionCapture (6B266CEC-1EC7-4B8F-A30B-E4D90942FC07): 1
LogDevObjectVersion:   Dev-Automation (0DF73D61-A23F-47EA-B727-89E90C41499A): 1
LogInit: Compiled (64-bit): Apr 27 2018 02:06:57
LogInit: Compiled with Visual C++: 19.00.24215.01
LogInit: Build Configuration: Development
LogInit: Branch Name: ++UE4+Release-4.19
LogInit: Command Line:  
LogInit: Base Directory: E:/UE_4.19/Engine/Binaries/Win64/
LogInit: Installed Engine Build: 1
LogStreaming: Display: Took  0.002s to delete old logs.
LogInit: Presizing for max 8388607 objects, including 0 objects not considered by GC, pre-allocating 0 bytes for permanent pool.
LogInit: Object subsystem initialized
[2018.08.29-05.28.07:466][  0]LogInit: Selected Device Profile: [Windows]
[2018.08.29-05.28.07:466][  0]LogInit: Applying CVar settings loaded from the selected device profile: [Windows]
[2018.08.29-05.28.07:573][  0]LogInit: Computer: MAX-PC
[2018.08.29-05.28.07:573][  0]LogInit: User: maxsa
[2018.08.29-05.28.07:573][  0]LogInit: CPU Page size=4096, Cores=4
[2018.08.29-05.28.07:573][  0]LogInit: High frequency timer resolution =3.320342 MHz
[2018.08.29-05.28.07:573][  0]LogMemory: Memory total: Physical=16.0GB (16GB approx)
[2018.08.29-05.28.07:573][  0]LogMemory: Platform Memory Stats for Windows
[2018.08.29-05.28.07:573][  0]LogMemory: Process Physical Memory: 273.95 MB used, 273.95 MB peak
[2018.08.29-05.28.07:573][  0]LogMemory: Process Virtual Memory: 264.28 MB used, 264.28 MB peak
[2018.08.29-05.28.07:573][  0]LogMemory: Physical Memory: 7505.84 MB used,  8829.02 MB free, 16334.86 MB total
[2018.08.29-05.28.07:573][  0]LogMemory: Virtual Memory: 4781.01 MB used,  8829.02 MB free, 134217728.00 MB total
[2018.08.29-05.28.08:541][  0]LogInit: Using OS detected language (en-US).
[2018.08.29-05.28.08:541][  0]LogInit: Using OS detected locale (en-CA).
[2018.08.29-05.28.09:068][  0]LogTextLocalizationManager: No specific localization for 'en-US' exists, so the 'en' localization will be used.
[2018.08.29-05.28.10:093][  0]LogStreaming: Display: Took  1.545s to EndInitTextLocalization.
[2018.08.29-05.28.10:135][  0]LogInit: Setting process to per monitor DPI aware
[2018.08.29-05.28.10:737][  0]LogSlate: New Slate User Created.  User Index 0, Is Virtual User: 0
[2018.08.29-05.28.10:737][  0]LogSlate: Slate User Registered.  User Index 0, Is Virtual User: 0
[2018.08.29-05.28.13:531][  0]LogD3D11RHI: D3D11 adapters:
[2018.08.29-05.28.13:603][  0]LogD3D11RHI:    0. 'NVIDIA GeForce GTX 1070' (Feature Level 11_0)
[2018.08.29-05.28.13:603][  0]LogD3D11RHI:       8088/0/8167 MB DedicatedVideo/DedicatedSystem/SharedSystem, Outputs:2, VendorId:0x10de
[2018.08.29-05.28.13:605][  0]LogD3D11RHI:    1. 'Microsoft Basic Render Driver' (Feature Level 11_0)
[2018.08.29-05.28.13:605][  0]LogD3D11RHI:       0/0/8167 MB DedicatedVideo/DedicatedSystem/SharedSystem, Outputs:0, VendorId:0x1414
[2018.08.29-05.28.13:605][  0]LogD3D11RHI: Chosen D3D11 Adapter: 0
[2018.08.29-05.28.13:617][  0]LogD3D11RHI: Creating new Direct3DDevice
[2018.08.29-05.28.13:620][  0]LogD3D11RHI:     GPU DeviceId: 0x1b81 (for the marketing name, search the web for "GPU Device Id")
[2018.08.29-05.28.13:620][  0]LogWindows: EnumDisplayDevices:
[2018.08.29-05.28.13:621][  0]LogWindows:    0. 'NVIDIA GeForce GTX 1070' (P:1 D:1)
[2018.08.29-05.28.13:621][  0]LogWindows:    1. 'NVIDIA GeForce GTX 1070' (P:0 D:1)
[2018.08.29-05.28.13:621][  0]LogWindows:    2. 'NVIDIA GeForce GTX 1070' (P:0 D:0)
[2018.08.29-05.28.13:621][  0]LogWindows:    3. 'NVIDIA GeForce GTX 1070' (P:0 D:0)
[2018.08.29-05.28.13:621][  0]LogWindows: DebugString: GetVideoDriverDetailsInvalid PrimaryIsNotTheChoosenAdapter GetVideoDriverDetailsInvalid PrimaryIsNotTheChoosenAdapter GetVideoDriverDetailsInvalid PrimaryIsNotTheChoosenAdapter GetVideoDriverDetailsInvalid PrimaryIsNotTheChoosenAdapter FoundDriverCount:0 
[2018.08.29-05.28.13:621][  0]LogD3D11RHI:     Adapter Name: NVIDIA GeForce GTX 1070
[2018.08.29-05.28.13:621][  0]LogD3D11RHI:   Driver Version: Unknown (internal:Unknown, unified:Unknown)
[2018.08.29-05.28.13:621][  0]LogD3D11RHI:      Driver Date: Unknown
[2018.08.29-05.28.13:621][  0]LogRHI: Texture pool is 5661 MB (70% of 8088 MB)
[2018.08.29-05.28.13:679][  0]LogD3D11RHI: [Aftermath] Aftermath enabled and primed
[2018.08.29-05.28.13:679][  0]LogD3D11RHI: [Aftermath] Aftermath enabled and primed
[2018.08.29-05.28.13:679][  0]LogD3D11RHI: Async texture creation enabled
[2018.08.29-05.28.13:967][  0]LogD3D11RHI: GPU Timing Frequency: 1000.000000 (Debug: 2 2)
[2018.08.29-05.28.14:119][  0]LogShaderCompilers: Guid format shader working directory is -5 characters bigger than the processId version (C:/Users/maxsa/Desktop/Unreal Projects/SteamProject/Intermediate/Shaders/WorkingDirectory/8180/).
[2018.08.29-05.28.14:129][  0]LogShaderCompilers: Cleaned the shader compiler working directory 'C:/Users/maxsa/AppData/Local/Temp/UnrealShaderWorkingDir/DF16C26C4D5105FACB00D682FB3D4E0C/'.
[2018.08.29-05.28.15:401][  0]LogTemp: Display: Loaded TP AllDesktopTargetPlatform
[2018.08.29-05.28.15:414][  0]LogTemp: Display: Loaded TP MacClientTargetPlatform
[2018.08.29-05.28.15:427][  0]LogTemp: Display: Loaded TP MacNoEditorTargetPlatform
[2018.08.29-05.28.15:440][  0]LogTemp: Display: Loaded TP MacServerTargetPlatform
[2018.08.29-05.28.15:478][  0]LogTemp: Display: Loaded TP MacTargetPlatform
[2018.08.29-05.28.15:491][  0]LogTemp: Display: Loaded TP WindowsClientTargetPlatform
[2018.08.29-05.28.15:504][  0]LogTemp: Display: Loaded TP WindowsNoEditorTargetPlatform
[2018.08.29-05.28.15:517][  0]LogTemp: Display: Loaded TP WindowsServerTargetPlatform
[2018.08.29-05.28.15:523][  0]LogTemp: Display: Loaded TP WindowsTargetPlatform
[2018.08.29-05.28.15:535][  0]LogTemp: Display: Loaded TP Android_ASTCTargetPlatform
[2018.08.29-05.28.15:547][  0]LogTemp: Display: Loaded TP Android_ATCTargetPlatform
[2018.08.29-05.28.15:559][  0]LogTemp: Display: Loaded TP Android_DXTTargetPlatform
[2018.08.29-05.28.15:571][  0]LogTemp: Display: Loaded TP Android_ETC1aTargetPlatform
[2018.08.29-05.28.15:583][  0]LogTemp: Display: Loaded TP Android_ETC1TargetPlatform
[2018.08.29-05.28.15:595][  0]LogTemp: Display: Loaded TP Android_ETC2TargetPlatform
[2018.08.29-05.28.15:619][  0]LogTemp: Display: Loaded TP Android_MultiTargetPlatform
[2018.08.29-05.28.15:619][  0]LogTemp: Display: Loaded TP Android_PVRTCTargetPlatform
[2018.08.29-05.28.15:637][  0]LogTemp: Display: Loaded TP AndroidTargetPlatform
[2018.08.29-05.28.15:638][  0]LogTemp: Display: Loaded TP HTML5TargetPlatform
[2018.08.29-05.28.15:768][  0]LogTemp: Display: Loaded TP IOSTargetPlatform
[2018.08.29-05.28.15:805][  0]LogTemp: Display: Loaded TP TVOSTargetPlatform
[2018.08.29-05.28.15:828][  0]LogTemp: Display: Loaded TP LinuxClientTargetPlatform
[2018.08.29-05.28.15:844][  0]LogTemp: Display: Loaded TP LinuxNoEditorTargetPlatform
[2018.08.29-05.28.15:861][  0]LogTemp: Display: Loaded TP LinuxServerTargetPlatform
[2018.08.29-05.28.15:893][  0]LogTemp: Display: Loaded TP LinuxTargetPlatform
[2018.08.29-05.28.15:893][  0]LogTargetPlatformManager: Display: Building Assets For Windows
[2018.08.29-05.28.16:922][  0]LogXGEController: Cleaning working directory: C:/Users/maxsa/AppData/Local/Temp/UnrealXGEWorkingDir/
[2018.08.29-05.28.16:923][  0]LogXGEController: Cannot use XGE Controller as Incredibuild is not installed on this machine.
[2018.08.29-05.28.16:931][  0]LogShaderCompilers: Cannot use XGE Shader Compiler as Incredibuild is not installed on this machine.
[2018.08.29-05.28.16:931][  0]LogShaderCompilers: Display: Using Local Shader Compiler.
[2018.08.29-05.28.20:078][  0]LogDerivedDataCache: Display: Max Cache Size: 512 MB
[2018.08.29-05.28.20:190][  0]LogDerivedDataCache: Loaded boot cache 0.11s 74MB C:/Users/maxsa/AppData/Local/UnrealEngine/4.19/DerivedDataCache/Boot.ddc.
[2018.08.29-05.28.20:190][  0]LogDerivedDataCache: Display: Loaded Boot cache: C:/Users/maxsa/AppData/Local/UnrealEngine/4.19/DerivedDataCache/Boot.ddc
[2018.08.29-05.28.20:190][  0]LogDerivedDataCache: FDerivedDataBackendGraph:  Pak pak cache file C:/Users/maxsa/Desktop/Unreal Projects/SteamProject/DerivedDataCache/DDC.ddp not found, will not use a pak cache.
[2018.08.29-05.28.20:190][  0]LogDerivedDataCache: Unable to find inner node Pak for hierarchical cache Hierarchy.
[2018.08.29-05.28.20:190][  0]LogDerivedDataCache: FDerivedDataBackendGraph:  CompressedPak pak cache file C:/Users/maxsa/Desktop/Unreal Projects/SteamProject/DerivedDataCache/Compressed.ddp not found, will not use a pak cache.
[2018.08.29-05.28.20:190][  0]LogDerivedDataCache: Unable to find inner node CompressedPak for hierarchical cache Hierarchy.
[2018.08.29-05.28.20:305][  0]LogDerivedDataCache: Display: Pak cache opened for reading ../../../Engine/DerivedDataCache/Compressed.ddp.
[2018.08.29-05.28.20:318][  0]LogDerivedDataCache: Using Local data cache path C:/Users/maxsa/AppData/Local/UnrealEngine/Common/DerivedDataCache: Writable
[2018.08.29-05.28.20:318][  0]LogDerivedDataCache: Shared data cache path not found in *engine.ini, will not use an Shared cache.
[2018.08.29-05.28.20:318][  0]LogDerivedDataCache: Unable to find inner node Shared for hierarchical cache Hierarchy.
[2018.08.29-05.28.20:387][  0]LogMaterial: Verifying Global Shaders for PCD3D_SM5
[2018.08.29-05.28.20:445][  0]LogSlate: Using Freetype 2.6.0
[2018.08.29-05.28.20:529][  0]LogSlate: SlateFontCache - WITH_FREETYPE: 1, WITH_HARFBUZZ: 1
[2018.08.29-05.28.20:529][  0]LogSlate: SlateFontCache - WITH_FREETYPE: 1, WITH_HARFBUZZ: 1
[2018.08.29-05.28.26:123][  0]LogAssetRegistry: FAssetRegistry took 0.0314 seconds to start up
[2018.08.29-05.28.30:575][  0]LogInit: Selected Device Profile: [Windows]
[2018.08.29-05.28.34:262][  0]LogSimplygon: Simplygon DLL not present - disabling.
[2018.08.29-05.28.34:293][  0]LogMeshReduction: Using SimplygonSwarm for distributed automatic mesh merging
[2018.08.29-05.28.34:304][  0]LogMeshReduction: Using QuadricMeshReduction for automatic static mesh reduction
[2018.08.29-05.28.34:305][  0]LogMeshReduction: No automatic skeletal mesh reduction module available
[2018.08.29-05.28.34:305][  0]LogMeshReduction: No automatic mesh merging module available
[2018.08.29-05.28.34:305][  0]LogMeshMerging: No automatic mesh merging module available
[2018.08.29-05.28.34:714][  0]LogNetVersion: SteamProject , NetCL: 3944462, EngineNetVer: 2, GameNetVer: 0 (Checksum: 2850268364)
[2018.08.29-05.28.39:381][  0]LogPackageLocalizationCache: Processed 9 localized package path(s) for 2 prioritized culture(s) in 0.120550 seconds
[2018.08.29-05.28.39:393][  0]LogUObjectArray: 36735 objects as part of root set at end of initial load.
[2018.08.29-05.28.39:394][  0]LogUObjectAllocator: 7528584 out of 0 bytes used by permanent object pool.
[2018.08.29-05.28.39:394][  0]LogUObjectArray: CloseDisregardForGC: 0/0 objects in disregard for GC pool
[2018.08.29-05.28.50:855][  0]LogTcpMessaging: Initializing TcpMessaging bridge
[2018.08.29-05.28.50:883][  0]LogUdpMessaging: Initializing bridge on interface 0.0.0.0:0 to multicast group 230.0.0.1:6666.
[2018.08.29-05.28.51:402][  0]SourceControl: Source control is disabled
[2018.08.29-05.28.51:402][  0]SourceControl: Source control is disabled
[2018.08.29-05.28.51:419][  0]SourceControl: Source control is disabled
[2018.08.29-05.28.51:435][  0]SourceControl: Source control is disabled
[2018.08.29-05.28.52:013][  0]LogAndroidPermission: UAndroidPermissionCallbackProxy::GetInstance
[2018.08.29-05.28.52:173][  0]LogOcInput: OculusInput pre-init called
[2018.08.29-05.28.52:617][  0]LogEngine: Initializing Engine...
[2018.08.29-05.28.52:782][  0]LogHMD: Failed to initialize OpenVR with code 105
[2018.08.29-05.28.52:815][  0]LogStats: UGameplayTagsManager::ConstructGameplayTagTree: Construct from data asset -  0.000 s
[2018.08.29-05.28.52:816][  0]LogStats: UGameplayTagsManager::ConstructGameplayTagTree: GameplayTagTreeChangedEvent.Broadcast -  0.000 s
[2018.08.29-05.28.53:878][  0]LogAIModule: Creating AISystem for world Untitled
[2018.08.29-05.28.54:031][  0]LogInit: XAudio2 using 'Headphones (Realtek High Definition Audio)' : 2 channels at 48 kHz using 32 bits per sample (channel mask 0x3)
[2018.08.29-05.28.54:047][  0]LogInit: FAudioDevice initialized.
[2018.08.29-05.28.54:094][  0]LogDerivedDataCache: Saved boot cache 0.05s 74MB C:/Users/maxsa/AppData/Local/UnrealEngine/4.19/DerivedDataCache/Boot.ddc.
[2018.08.29-05.28.54:123][  0]LogInit: Texture streaming: Enabled
[2018.08.29-05.28.54:195][  0]LogEngineSessionManager: EngineSessionManager initialized
[2018.08.29-05.28.54:348][  0]LogInit: Transaction tracking system initialized
[2018.08.29-05.28.54:632][  0]BlueprintLog: New page: Editor Load
[2018.08.29-05.28.55:479][  0]LocalizationService: Localization service is disabled
[2018.08.29-05.28.56:128][  0]LogConsoleResponse: Display: 
[2018.08.29-05.28.59:654][  0]LogFileCache: Scanning file cache for directory 'C:/Users/maxsa/Desktop/Unreal Projects/SteamProject/Content/' took 0.03s
[2018.08.29-05.28.59:654][  0]LogCook: Display: Max memory allowance for cook 16384mb min free memory 0mb
[2018.08.29-05.28.59:654][  0]LogCook: Display: Mobile HDR setting 1
[2018.08.29-05.28.59:654][  0]LogGameplayTags: Display: UGameplayTagsManager::DoneAddingNativeTags. DelegateIsBound: 0
[2018.08.29-05.28.59:654][  0]LogStats: UGameplayTagsManager::ConstructGameplayTagTree: Construct from data asset -  0.000 s
[2018.08.29-05.28.59:654][  0]LogStats: UGameplayTagsManager::ConstructGameplayTagTree: GameplayTagTreeChangedEvent.Broadcast -  0.000 s
[2018.08.29-05.29.02:607][  0]SourceControl: Source control is disabled
[2018.08.29-05.29.02:639][  0]Cmd: MAP LOAD FILE="C:/Users/maxsa/Desktop/Unreal Projects/SteamProject/Content/Maps/MainMenu.umap" TEMPLATE=0 SHOWPROGRESS=1 FEATURELEVEL=3
[2018.08.29-05.29.02:672][  0]LightingResults: New page: Lighting Build
[2018.08.29-05.29.02:766][  0]MapCheck: New page: Map Check
[2018.08.29-05.29.02:766][  0]LightingResults: New page: Lighting Build
[2018.08.29-05.29.03:257][  0]LogUObjectGlobals: Created PersistentFrame Addr=0x00000203cfd5d600, Size=504, Default__GameInfoInstance_C Function /Game/Blueprints/AllLevels/GameInfoInstance.GameInfoInstance_C:ExecuteUbergraph_GameInfoInstance
[2018.08.29-05.29.03:282][  0]LogUObjectGlobals: Created PersistentFrame Addr=0x00000203cfce5490, Size=80, Default__HostMenu_C Function /Game/UI/MainMenu/HostMenu.HostMenu_C:ExecuteUbergraph_HostMenu
[2018.08.29-05.29.03:295][  0]LogUObjectGlobals: Created PersistentFrame Addr=0x00000203ebabbd58, Size=40, Default__MainMenu_C Function /Game/UI/MainMenu/MainMenu.MainMenu_C:ExecuteUbergraph_MainMenu
[2018.08.29-05.29.03:312][  0]LogUObjectGlobals: Created PersistentFrame Addr=0x00000203ebff59f0, Size=104, Default__OptionsMenu_C Function /Game/UI/MainMenu/OptionsMenu.OptionsMenu_C:ExecuteUbergraph_OptionsMenu
[2018.08.29-05.29.03:339][  0]LogUObjectGlobals: Created PersistentFrame Addr=0x00000203eb6dc400, Size=608, Default__ServerMenu_C Function /Game/UI/MainMenu/ServerMenu.ServerMenu_C:ExecuteUbergraph_ServerMenu
[2018.08.29-05.29.03:625][  0]LogUObjectGlobals: Destroyed PersistentFrame Addr=0x00000203cfd5d600, Size=504
[2018.08.29-05.29.03:625][  0]LogUObjectGlobals: Created PersistentFrame Addr=0x00000203cd70c400, Size=504, Default__GameInfoInstance_C Function /Engine/Transient.REINST_GameInfoInstance_C_3:ExecuteUbergraph_GameInfoInstance
[2018.08.29-05.29.03:626][  0]LogUObjectGlobals: Destroyed PersistentFrame Addr=0x00000203cfce5490, Size=80
[2018.08.29-05.29.03:626][  0]LogUObjectGlobals: Created PersistentFrame Addr=0x00000203ce9d6f70, Size=80, Default__HostMenu_C Function /Engine/Transient.REINST_HostMenu_C_0:ExecuteUbergraph_HostMenu
[2018.08.29-05.29.03:626][  0]LogUObjectGlobals: Destroyed PersistentFrame Addr=0x00000203ebabbd58, Size=40
[2018.08.29-05.29.03:626][  0]LogUObjectGlobals: Created PersistentFrame Addr=0x00000203ebabbd58, Size=40, Default__MainMenu_C Function /Engine/Transient.REINST_MainMenu_C_2:ExecuteUbergraph_MainMenu
[2018.08.29-05.29.03:626][  0]LogUObjectGlobals: Destroyed PersistentFrame Addr=0x00000203ebff59f0, Size=104
[2018.08.29-05.29.03:626][  0]LogUObjectGlobals: Created PersistentFrame Addr=0x00000203ce9bc720, Size=104, Default__OptionsMenu_C Function /Engine/Transient.REINST_OptionsMenu_C_3:ExecuteUbergraph_OptionsMenu
[2018.08.29-05.29.03:627][  0]LogUObjectGlobals: Destroyed PersistentFrame Addr=0x00000203eb6dc400, Size=608
[2018.08.29-05.29.03:627][  0]LogUObjectGlobals: Created PersistentFrame Addr=0x00000203cea6f880, Size=608, Default__ServerMenu_C Function /Engine/Transient.REINST_ServerMenu_C_4:ExecuteUbergraph_ServerMenu
[2018.08.29-05.29.03:727][  0]LogUObjectGlobals: Created PersistentFrame Addr=0x00000203cec07200, Size=504, Default__GameInfoInstance_C Function /Game/Blueprints/AllLevels/GameInfoInstance.GameInfoInstance_C:ExecuteUbergraph_GameInfoInstance
[2018.08.29-05.29.03:730][  0]LogUObjectGlobals: Created PersistentFrame Addr=0x00000203cec59f80, Size=80, Default__HostMenu_C Function /Game/UI/MainMenu/HostMenu.HostMenu_C:ExecuteUbergraph_HostMenu
[2018.08.29-05.29.03:731][  0]LogUObjectGlobals: Created PersistentFrame Addr=0x00000203ebaba6d8, Size=40, Default__MainMenu_C Function /Game/UI/MainMenu/MainMenu.MainMenu_C:ExecuteUbergraph_MainMenu
[2018.08.29-05.29.03:734][  0]LogUObjectGlobals: Created PersistentFrame Addr=0x00000203cecb94b0, Size=104, Default__OptionsMenu_C Function /Game/UI/MainMenu/OptionsMenu.OptionsMenu_C:ExecuteUbergraph_OptionsMenu
[2018.08.29-05.29.03:739][  0]LogUObjectGlobals: Created PersistentFrame Addr=0x00000203cec1d800, Size=608, Default__ServerMenu_C Function /Game/UI/MainMenu/ServerMenu.ServerMenu_C:ExecuteUbergraph_ServerMenu
[2018.08.29-05.29.03:768][  0]LogUObjectGlobals: Created PersistentFrame Addr=0x00000203cf0c3f80, Size=32, Default__MainMenu_C Function /Game/Maps/MainMenu.MainMenu_C:ExecuteUbergraph_MainMenu
[2018.08.29-05.29.03:769][  0]LogUObjectGlobals: Destroyed PersistentFrame Addr=0x00000203cf0c3f80, Size=32
[2018.08.29-05.29.03:769][  0]LogUObjectGlobals: Created PersistentFrame Addr=0x00000203cf0c3f80, Size=32, MainMenu_C_0 Function /Engine/Transient.REINST_MainMenu_C_12:ExecuteUbergraph_MainMenu
[2018.08.29-05.29.03:770][  0]LogUObjectGlobals: Created PersistentFrame Addr=0x00000203cf0c3360, Size=32, Default__MainMenu_C Function /Game/Maps/MainMenu.MainMenu_C:ExecuteUbergraph_MainMenu
[2018.08.29-05.29.04:094][  0]LogAIModule: Creating AISystem for world MainMenu
[2018.08.29-05.29.04:192][  0]LogEditorServer: Finished looking for orphan Actors (0.000 secs)
[2018.08.29-05.29.04:280][  0]LogUObjectGlobals: Destroyed PersistentFrame Addr=0x00000203cd70c400, Size=504
[2018.08.29-05.29.04:280][  0]LogUObjectGlobals: Destroyed PersistentFrame Addr=0x00000203ce9d6f70, Size=80
[2018.08.29-05.29.04:280][  0]LogUObjectGlobals: Destroyed PersistentFrame Addr=0x00000203ebabbd58, Size=40
[2018.08.29-05.29.04:280][  0]LogUObjectGlobals: Destroyed PersistentFrame Addr=0x00000203ce9bc720, Size=104
[2018.08.29-05.29.04:280][  0]LogUObjectGlobals: Destroyed PersistentFrame Addr=0x00000203cea6f880, Size=608
[2018.08.29-05.29.04:281][  0]LogUObjectGlobals: Destroyed PersistentFrame Addr=0x00000203cf0c3f80, Size=32
[2018.08.29-05.29.04:305][  0]Cmd: MAP CHECKDEP NOCLEARLOG
[2018.08.29-05.29.04:349][  0]MapCheck: Map check complete: 0 Error(s), 0 Warning(s), took 43.93ms to complete.
[2018.08.29-05.29.04:349][  0]LogFileHelpers: Loading map 'MainMenu' took 1.717
[2018.08.29-05.29.05:611][  0]LogCollectionManager: Loaded 0 collections in 0.001604 seconds
[2018.08.29-05.29.05:802][  0]LogFileCache: Scanning file cache for directory 'C:/Users/maxsa/Desktop/Unreal Projects/SteamProject/Saved/Collections/' took 0.01s
[2018.08.29-05.29.05:802][  0]LogFileCache: Scanning file cache for directory 'C:/Users/maxsa/Desktop/Unreal Projects/SteamProject/Content/Developers/maxsa/Collections/' took 0.01s
[2018.08.29-05.29.05:802][  0]LogFileCache: Scanning file cache for directory 'C:/Users/maxsa/Desktop/Unreal Projects/SteamProject/Content/Collections/' took 0.01s
[2018.08.29-05.29.05:802][  0]LogCollectionManager: Rebuilt the GUID cache for 0 collections in 0.000000 seconds
[2018.08.29-05.29.05:819][  0]LogContentBrowser: Native class hierarchy populated in 0.0098 seconds. Added 2454 classes and 561 folders.
[2018.08.29-05.29.05:872][  0]LogContentBrowser: Native class hierarchy updated for 'WidgetCarousel' in 0.0002 seconds. Added 0 classes and 0 folders.
[2018.08.29-05.29.07:627][  0]LogContentBrowser: Native class hierarchy updated for 'AddContentDialog' in 0.0002 seconds. Added 0 classes and 0 folders.
[2018.08.29-05.29.07:672][  0]LogContentBrowser: Native class hierarchy updated for 'SceneOutliner' in 0.0003 seconds. Added 1 classes and 2 folders.
[2018.08.29-05.29.08:843][  0]LogSlate: Took 0.022617 seconds to synchronously load lazily loaded font '../../../Engine/Content/Slate/Fonts/Roboto-Regular.ttf' (155K)
[2018.08.29-05.29.08:869][  0]LogSlate: Took 0.023664 seconds to synchronously load lazily loaded font '../../../Engine/Content/Slate/Fonts/Roboto-Bold.ttf' (160K)
[2018.08.29-05.29.08:918][  0]LogSlate: Took 0.018357 seconds to synchronously load lazily loaded font '../../../Engine/Content/Editor/Slate/Fonts/FontAwesome.ttf' (139K)
[2018.08.29-05.29.09:612][  0]LogRenderer: Reallocating scene render targets to support 1208x576 Format 10 NumSamples 1 (Frame:1).
[2018.08.29-05.29.10:335][  0]LogContentBrowser: Native class hierarchy updated for 'HierarchicalLODOutliner' in 0.0003 seconds. Added 0 classes and 0 folders.
[2018.08.29-05.29.10:335][  0]LogLoad: (Engine Initialization) Total time: 82.13 seconds
[2018.08.29-05.29.10:335][  0]LogLoad: (Engine Initialization) Total Blueprint compile time: 0.00 seconds
[2018.08.29-05.29.10:746][  0]LogContentStreaming: Texture pool size now 1000 MB
[2018.08.29-05.29.11:144][  1]LogSlate: Took 0.030187 seconds to synchronously load lazily loaded font '../../../Engine/Content/Slate/Fonts/Roboto-Light.ttf' (167K)
[2018.08.29-05.29.11:365][  2]LogAssetRegistry: Asset discovery search completed in 45.2648 seconds
[2018.08.29-05.29.11:379][  2]LogCollectionManager: Rebuilt the object cache for 0 collections in 0.000000 seconds (found 0 objects)
[2018.08.29-05.29.11:379][  2]LogCollectionManager: Fixed up redirectors for 0 collections in 0.000074 seconds (updated 0 objects)
[2018.08.29-05.29.11:448][  3]LogUObjectGlobals: Created PersistentFrame Addr=0x0000020389b374c0, Size=28, Default__GameSettings_C Function /Game/UI/Lobby/GameSettings.GameSettings_C:ExecuteUbergraph_GameSettings
[2018.08.29-05.29.11:465][  3]LogUObjectGlobals: Destroyed PersistentFrame Addr=0x0000020389b374c0, Size=28
[2018.08.29-05.29.11:465][  3]LogUObjectGlobals: Created PersistentFrame Addr=0x0000020389b374c0, Size=28, Default__GameSettings_C Function /Engine/Transient.REINST_GameSettings_C_5:ExecuteUbergraph_GameSettings
[2018.08.29-05.29.11:469][  3]LogUObjectGlobals: Created PersistentFrame Addr=0x0000020389b34a60, Size=28, Default__GameSettings_C Function /Game/UI/Lobby/GameSettings.GameSettings_C:ExecuteUbergraph_GameSettings
[2018.08.29-05.29.11:553][  3]LogSlate: Took 0.000224 seconds to synchronously load lazily loaded font '../../../Engine/Content/Slate/Fonts/Roboto-Light.ttf' (167K)
[2018.08.29-05.29.12:252][  3]LogContentBrowser: Native class hierarchy updated for 'BlueprintGraph' in 0.0006 seconds. Added 116 classes and 0 folders.
[2018.08.29-05.29.12:768][  3]LogUObjectGlobals: Created PersistentFrame Addr=0x0000020391d286b0, Size=4, Default__SKEL_PROTO_BP_AnimBlueprint_0_C Function /Engine/Transient.SKEL_PROTO_BP_AnimBlueprint_0_C:ExecuteUbergraph_PROTO_BP_AnimBlueprint_0
[2018.08.29-05.29.12:769][  3]LogUObjectGlobals: Created PersistentFrame Addr=0x0000020391d286a8, Size=4, Default__PROTO_BP_AnimBlueprint_0_C Function /Engine/Transient.PROTO_BP_AnimBlueprint_0_C:ExecuteUbergraph_PROTO_BP_AnimBlueprint_0
[2018.08.29-05.29.14:106][  3]LogSlate: Took 0.015064 seconds to synchronously load lazily loaded font '../../../Engine/Content/Slate/Fonts/Roboto-BoldCondensed.ttf' (158K)
[2018.08.29-05.29.21:821][ 26]LogSlate: FSceneViewport::OnFocusLost() reason 0
[2018.08.29-05.29.41:592][218]LogUObjectGlobals: Created PersistentFrame Addr=0x00000203948e7c80, Size=4, Default__SKEL_GameSettings_C Function /Game/UI/Lobby/GameSettings.SKEL_GameSettings_C:ExecuteUbergraph_GameSettings
[2018.08.29-05.31.08:051][982]LogSlate: Took 0.017664 seconds to synchronously load lazily loaded font '../../../Engine/Content/Slate/Fonts/Roboto-Italic.ttf' (157K)
[2018.08.29-05.31.15:032][787]BlueprintLog: New page: Compile GameSettings
[2018.08.29-05.31.15:042][787]LogUObjectGlobals: Destroyed PersistentFrame Addr=0x00000203948e7c80, Size=4
[2018.08.29-05.31.15:042][787]LogUObjectGlobals: Created PersistentFrame Addr=0x0000020398e231f8, Size=4, Default__SKEL_GameSettings_C Function /Engine/Transient.REINST_SKEL_GameSettings_C_7:ExecuteUbergraph_GameSettings
[2018.08.29-05.31.15:052][787]LogUObjectGlobals: Destroyed PersistentFrame Addr=0x0000020389b34a60, Size=28
[2018.08.29-05.31.15:052][787]LogUObjectGlobals: Created PersistentFrame Addr=0x000002039dbbf160, Size=28, GameSettings_C_3 Function /Engine/Transient.REINST_GameSettings_C_8:ExecuteUbergraph_GameSettings
[2018.08.29-05.31.15:057][787]LogUObjectGlobals: Created PersistentFrame Addr=0x0000020385f49420, Size=28, Default__GameSettings_C Function /Game/UI/Lobby/GameSettings.GameSettings_C:ExecuteUbergraph_GameSettings
[2018.08.29-05.31.15:076][787]LogUObjectGlobals: Destroyed PersistentFrame Addr=0x0000020389b374c0, Size=28
[2018.08.29-05.31.15:076][787]LogUObjectGlobals: Destroyed PersistentFrame Addr=0x0000020398e231f8, Size=4
[2018.08.29-05.31.15:742][847]Cmd: OBJ SAVEPACKAGE PACKAGE="/Game/UI/Lobby/GameSettings" FILE="C:/Users/maxsa/Desktop/Unreal Projects/SteamProject/Content/UI/Lobby/GameSettings.uasset" SILENT=true
[2018.08.29-05.31.15:851][847]LogSavePackage: Save=62.25ms
[2018.08.29-05.31.15:851][847]LogSavePackage: Moving 'C:/Users/maxsa/Desktop/Unreal Projects/SteamProject/Saved/GameSettingsBD835F7D43E555A4D0F370B681EDCE47.tmp' to 'C:/Users/maxsa/Desktop/Unreal Projects/SteamProject/Content/UI/Lobby/GameSettings.uasset'
[2018.08.29-05.31.15:865][847]LogSavePackage: Display: Finished SavePackage C:/Users/maxsa/Desktop/Unreal Projects/SteamProject/Content/UI/Lobby/GameSettings.uasset
[2018.08.29-05.31.50:863][ 59]LogUObjectGlobals: Created PersistentFrame Addr=0x0000020398e3a430, Size=72, Default__0_BaseAnimBP_C Function /Game/InfinityBladeWarriors/Animations/0_BaseAnimBP.0_BaseAnimBP_C:ExecuteUbergraph_0_BaseAnimBP
[2018.08.29-05.31.50:885][ 59]LogUObjectGlobals: Destroyed PersistentFrame Addr=0x0000020398e3a430, Size=72
[2018.08.29-05.31.50:885][ 59]LogUObjectGlobals: Created PersistentFrame Addr=0x0000020390523dd0, Size=72, Default__0_BaseAnimBP_C Function /Engine/Transient.REINST_0_BaseAnimBP_C_0:ExecuteUbergraph_0_BaseAnimBP
[2018.08.29-05.31.50:892][ 59]LogUObjectGlobals: Created PersistentFrame Addr=0x000002038534b1a0, Size=72, Default__0_BaseAnimBP_C Function /Game/InfinityBladeWarriors/Animations/0_BaseAnimBP.0_BaseAnimBP_C:ExecuteUbergraph_0_BaseAnimBP
[2018.08.29-05.31.50:934][ 59]LogUObjectGlobals: Created PersistentFrame Addr=0x0000020393987240, Size=296, Default__0_Base_C Function /Game/Blueprints/Characters/0_Base.0_Base_C:ExecuteUbergraph_0_Base
[2018.08.29-05.31.50:941][ 59]LogUObjectGlobals: Destroyed PersistentFrame Addr=0x0000020393987240, Size=296
[2018.08.29-05.31.50:941][ 59]LogUObjectGlobals: Created PersistentFrame Addr=0x00000203f43b5bc0, Size=296, Default__0_Base_C Function /Engine/Transient.REINST_0_Base_C_31:ExecuteUbergraph_0_Base
[2018.08.29-05.31.50:947][ 59]LogUObjectGlobals: Created PersistentFrame Addr=0x00000203f43b7b00, Size=296, Default__0_Base_C Function /Game/Blueprints/Characters/0_Base.0_Base_C:ExecuteUbergraph_0_Base
[2018.08.29-05.31.50:970][ 59]LogUObjectGlobals: Created PersistentFrame Addr=0x000002039e153600, Size=528, Default__LobbyGM_C Function /Game/Blueprints/Lobby/LobbyGM.LobbyGM_C:ExecuteUbergraph_LobbyGM
[2018.08.29-05.31.50:972][ 59]LogUObjectGlobals: Created PersistentFrame Addr=0x000002039e153100, Size=640, Default__LobbyPC_C Function /Game/Blueprints/Lobby/LobbyPC.LobbyPC_C:ExecuteUbergraph_LobbyPC
[2018.08.29-05.31.50:997][ 59]LogUObjectGlobals: Created PersistentFrame Addr=0x0000020385a680f8, Size=4, Default__ConnectedPlayer_C Function /Game/UI/Lobby/ConnectedPlayer.ConnectedPlayer_C:ExecuteUbergraph_ConnectedPlayer
[2018.08.29-05.31.51:005][ 59]LogUObjectGlobals: Created PersistentFrame Addr=0x000002039c383600, Size=320, Default__LobbyMenu_C Function /Game/UI/Lobby/LobbyMenu.LobbyMenu_C:ExecuteUbergraph_LobbyMenu
[2018.08.29-05.31.51:038][ 59]LogUObjectGlobals: Destroyed PersistentFrame Addr=0x0000020385a680f8, Size=4
[2018.08.29-05.31.51:038][ 59]LogUObjectGlobals: Created PersistentFrame Addr=0x0000020383ed8908, Size=4, Default__ConnectedPlayer_C Function /Engine/Transient.REINST_ConnectedPlayer_C_11:ExecuteUbergraph_ConnectedPlayer
[2018.08.29-05.31.51:038][ 59]LogUObjectGlobals: Destroyed PersistentFrame Addr=0x000002039e153600, Size=528
[2018.08.29-05.31.51:038][ 59]LogUObjectGlobals: Created PersistentFrame Addr=0x0000020398779f80, Size=528, Default__LobbyGM_C Function /Engine/Transient.REINST_LobbyGM_C_33:ExecuteUbergraph_LobbyGM
[2018.08.29-05.31.51:039][ 59]LogUObjectGlobals: Destroyed PersistentFrame Addr=0x000002039c383600, Size=320
[2018.08.29-05.31.51:039][ 59]LogUObjectGlobals: Created PersistentFrame Addr=0x000002039c383600, Size=320, Default__LobbyMenu_C Function /Engine/Transient.REINST_LobbyMenu_C_12:ExecuteUbergraph_LobbyMenu
[2018.08.29-05.31.51:039][ 59]LogUObjectGlobals: Destroyed PersistentFrame Addr=0x000002039e153100, Size=640
[2018.08.29-05.31.51:039][ 59]LogUObjectGlobals: Created PersistentFrame Addr=0x0000020398779800, Size=640, Default__LobbyPC_C Function /Engine/Transient.REINST_LobbyPC_C_34:ExecuteUbergraph_LobbyPC
[2018.08.29-05.31.51:065][ 59]LogUObjectGlobals: Created PersistentFrame Addr=0x0000020383edb920, Size=4, Default__ConnectedPlayer_C Function /Game/UI/Lobby/ConnectedPlayer.ConnectedPlayer_C:ExecuteUbergraph_ConnectedPlayer
[2018.08.29-05.31.51:068][ 59]LogUObjectGlobals: Created PersistentFrame Addr=0x000002039ec63380, Size=528, Default__LobbyGM_C Function /Game/Blueprints/Lobby/LobbyGM.LobbyGM_C:ExecuteUbergraph_LobbyGM
[2018.08.29-05.31.51:073][ 59]LogUObjectGlobals: Created PersistentFrame Addr=0x000002039ec9b9c0, Size=320, Default__LobbyMenu_C Function /Game/UI/Lobby/LobbyMenu.LobbyMenu_C:ExecuteUbergraph_LobbyMenu
[2018.08.29-05.31.51:076][ 59]LogUObjectGlobals: Created PersistentFrame Addr=0x000002039ec61800, Size=640, Default__LobbyPC_C Function /Game/Blueprints/Lobby/LobbyPC.LobbyPC_C:ExecuteUbergraph_LobbyPC
[2018.08.29-05.31.51:137][ 59]LogSkeletalMesh: Skeletal Mesh found in DDC [4.970271ms] /Game/InfinityBladeWarriors/Character/CompleteCharacters/sk_CharM_Base.sk_CharM_Base
[2018.08.29-05.33.33:899][719]LogUObjectGlobals: Created PersistentFrame Addr=0x00000203948e6290, Size=4, Default__SKEL_GameSettings_C Function /Game/UI/Lobby/GameSettings.SKEL_GameSettings_C:ExecuteUbergraph_GameSettings
[2018.08.29-05.33.46:963][271]LogUObjectGlobals: Destroyed PersistentFrame Addr=0x00000203948e6290, Size=4
[2018.08.29-05.33.46:963][271]LogUObjectGlobals: Created PersistentFrame Addr=0x0000020398e22308, Size=4, Default__SKEL_GameSettings_C Function /Engine/Transient.REINST_SKEL_GameSettings_C_14:ExecuteUbergraph_GameSettings
[2018.08.29-05.33.46:965][271]LogUObjectGlobals: Created PersistentFrame Addr=0x0000020398e22d10, Size=4, Default__SKEL_GameSettings_C Function /Game/UI/Lobby/GameSettings.SKEL_GameSettings_C:ExecuteUbergraph_GameSettings
[2018.08.29-05.34.17:392][660]BlueprintLog: New page: Compile GameSettings
[2018.08.29-05.34.17:416][660]LogUObjectGlobals: Destroyed PersistentFrame Addr=0x0000020398e22d10, Size=4
[2018.08.29-05.34.17:416][660]LogUObjectGlobals: Created PersistentFrame Addr=0x00000203948e49a8, Size=4, Default__SKEL_GameSettings_C Function /Engine/Transient.REINST_SKEL_GameSettings_C_15:ExecuteUbergraph_GameSettings
[2018.08.29-05.34.17:442][660]LogUObjectGlobals: Destroyed PersistentFrame Addr=0x0000020385f49420, Size=28
[2018.08.29-05.34.17:442][660]LogUObjectGlobals: Created PersistentFrame Addr=0x00000203900b49e0, Size=28, Default__GameSettings_C Function /Engine/Transient.REINST_GameSettings_C_17:ExecuteUbergraph_GameSettings
[2018.08.29-05.34.17:448][660]LogUObjectGlobals: Created PersistentFrame Addr=0x0000020387afd050, Size=56, Default__GameSettings_C Function /Game/UI/Lobby/GameSettings.GameSettings_C:ExecuteUbergraph_GameSettings
[2018.08.29-05.34.17:583][660]LogUObjectGlobals: Destroyed PersistentFrame Addr=0x000002039c383600, Size=320
[2018.08.29-05.34.17:583][660]LogUObjectGlobals: Destroyed PersistentFrame Addr=0x0000020383ed8908, Size=4
[2018.08.29-05.34.17:583][660]LogUObjectGlobals: Destroyed PersistentFrame Addr=0x0000020398779800, Size=640
[2018.08.29-05.34.17:583][660]LogUObjectGlobals: Destroyed PersistentFrame Addr=0x0000020398779f80, Size=528
[2018.08.29-05.34.17:583][660]LogUObjectGlobals: Destroyed PersistentFrame Addr=0x00000203f43b5bc0, Size=296
[2018.08.29-05.34.17:583][660]LogUObjectGlobals: Destroyed PersistentFrame Addr=0x0000020390523dd0, Size=72
[2018.08.29-05.34.17:583][660]LogUObjectGlobals: Destroyed PersistentFrame Addr=0x0000020398e22308, Size=4
[2018.08.29-05.34.17:583][660]LogUObjectGlobals: Destroyed PersistentFrame Addr=0x00000203948e49a8, Size=4
[2018.08.29-05.34.18:086][706]Cmd: OBJ SAVEPACKAGE PACKAGE="/Game/UI/Lobby/GameSettings" FILE="C:/Users/maxsa/Desktop/Unreal Projects/SteamProject/Content/UI/Lobby/GameSettings.uasset" SILENT=true
[2018.08.29-05.34.18:150][706]LogSavePackage: Save=48.77ms
[2018.08.29-05.34.18:150][706]LogSavePackage: Moving 'C:/Users/maxsa/Desktop/Unreal Projects/SteamProject/Saved/GameSettingsA77FD9C24F682159F321C68EDE81930F.tmp' to 'C:/Users/maxsa/Desktop/Unreal Projects/SteamProject/Content/UI/Lobby/GameSettings.uasset'
[2018.08.29-05.34.18:153][706]LogSavePackage: Display: Finished SavePackage C:/Users/maxsa/Desktop/Unreal Projects/SteamProject/Content/UI/Lobby/GameSettings.uasset
[2018.08.29-05.35.09:331][419]LogSlate: Took 0.111590 seconds to synchronously load lazily loaded font '../../../Engine/Content/Slate/Fonts/DroidSansFallback.ttf' (3848K)
[2018.08.29-05.35.15:179][112]LogUObjectGlobals: Created PersistentFrame Addr=0x00000203948e55d0, Size=4, Default__SKEL_GameSettings_C Function /Game/UI/Lobby/GameSettings.SKEL_GameSettings_C:ExecuteUbergraph_GameSettings
[2018.08.29-05.35.19:180][579]BlueprintLog: New page: Compile GameSettings
[2018.08.29-05.35.19:192][579]LogUObjectGlobals: Destroyed PersistentFrame Addr=0x00000203948e55d0, Size=4
[2018.08.29-05.35.19:192][579]LogUObjectGlobals: Created PersistentFrame Addr=0x0000020398e23500, Size=4, Default__SKEL_GameSettings_C Function /Engine/Transient.REINST_SKEL_GameSettings_C_19:ExecuteUbergraph_GameSettings
[2018.08.29-05.35.19:208][579]LogUObjectGlobals: Destroyed PersistentFrame Addr=0x0000020387afd050, Size=56
[2018.08.29-05.35.19:208][579]LogUObjectGlobals: Created PersistentFrame Addr=0x00000203f86930e8, Size=56, GameSettings_C_15 Function /Engine/Transient.REINST_GameSettings_C_21:ExecuteUbergraph_GameSettings
[2018.08.29-05.35.19:213][579]LogUObjectGlobals: Created PersistentFrame Addr=0x00000203f8692cf8, Size=56, Default__GameSettings_C Function /Game/UI/Lobby/GameSettings.GameSettings_C:ExecuteUbergraph_GameSettings
[2018.08.29-05.35.19:237][579]LogUObjectGlobals: Destroyed PersistentFrame Addr=0x0000020398e23500, Size=4
[2018.08.29-05.35.19:763][630]Cmd: OBJ SAVEPACKAGE PACKAGE="/Game/UI/Lobby/GameSettings" FILE="C:/Users/maxsa/Desktop/Unreal Projects/SteamProject/Content/UI/Lobby/GameSettings.uasset" SILENT=true
[2018.08.29-05.35.19:828][630]LogSavePackage: Save=49.83ms
[2018.08.29-05.35.19:828][630]LogSavePackage: Moving 'C:/Users/maxsa/Desktop/Unreal Projects/SteamProject/Saved/GameSettingsCCD5E1EF47748F625ADC739F8B05584F.tmp' to 'C:/Users/maxsa/Desktop/Unreal Projects/SteamProject/Content/UI/Lobby/GameSettings.uasset'
[2018.08.29-05.35.19:831][630]LogSavePackage: Display: Finished SavePackage C:/Users/maxsa/Desktop/Unreal Projects/SteamProject/Content/UI/Lobby/GameSettings.uasset
[2018.08.29-05.35.28:201][566]LogUObjectGlobals: Created PersistentFrame Addr=0x00000203948e68d0, Size=4, Default__SKEL_GameSettings_C Function /Game/UI/Lobby/GameSettings.SKEL_GameSettings_C:ExecuteUbergraph_GameSettings
[2018.08.29-05.35.34:629][326]LogUObjectGlobals: Destroyed PersistentFrame Addr=0x00000203948e68d0, Size=4
[2018.08.29-05.35.34:629][326]LogUObjectGlobals: Created PersistentFrame Addr=0x0000020398e21f90, Size=4, Default__SKEL_GameSettings_C Function /Engine/Transient.REINST_SKEL_GameSettings_C_23:ExecuteUbergraph_GameSettings
[2018.08.29-05.35.34:632][326]LogUObjectGlobals: Created PersistentFrame Addr=0x0000020398e22498, Size=4, Default__SKEL_GameSettings_C Function /Game/UI/Lobby/GameSettings.SKEL_GameSettings_C:ExecuteUbergraph_GameSettings
[2018.08.29-05.36.32:016][730]LogUObjectGlobals: Destroyed PersistentFrame Addr=0x0000020398e22498, Size=4
[2018.08.29-05.36.32:016][730]LogUObjectGlobals: Created PersistentFrame Addr=0x000002039db7a9c8, Size=4, Default__SKEL_GameSettings_C Function /Engine/Transient.REINST_SKEL_GameSettings_C_24:ExecuteUbergraph_GameSettings
[2018.08.29-05.36.32:020][730]LogUObjectGlobals: Created PersistentFrame Addr=0x000002039db7b798, Size=4, Default__SKEL_GameSettings_C Function /Game/UI/Lobby/GameSettings.SKEL_GameSettings_C:ExecuteUbergraph_GameSettings
[2018.08.29-05.36.45:104][935]Cmd: OBJ SAVEPACKAGE PACKAGE="/Game/UI/Lobby/GameSettings" FILE="C:/Users/maxsa/Desktop/Unreal Projects/SteamProject/Content/UI/Lobby/GameSettings.uasset" SILENT=true
[2018.08.29-05.36.45:183][935]LogSavePackage: Save=52.89ms
[2018.08.29-05.36.45:183][935]LogSavePackage: Moving 'C:/Users/maxsa/Desktop/Unreal Projects/SteamProject/Saved/GameSettings653F110A43E86D05B397749080A0426B.tmp' to 'C:/Users/maxsa/Desktop/Unreal Projects/SteamProject/Content/UI/Lobby/GameSettings.uasset'
[2018.08.29-05.36.45:186][935]LogSavePackage: Display: Finished SavePackage C:/Users/maxsa/Desktop/Unreal Projects/SteamProject/Content/UI/Lobby/GameSettings.uasset
[2018.08.29-05.36.45:628][986]BlueprintLog: New page: Compile GameSettings
[2018.08.29-05.36.45:640][986]LogUObjectGlobals: Destroyed PersistentFrame Addr=0x000002039db7b798, Size=4
[2018.08.29-05.36.45:640][986]LogUObjectGlobals: Created PersistentFrame Addr=0x0000020401742548, Size=4, Default__SKEL_GameSettings_C Function /Engine/Transient.REINST_SKEL_GameSettings_C_25:ExecuteUbergraph_GameSettings
[2018.08.29-05.36.45:657][986]LogUObjectGlobals: Destroyed PersistentFrame Addr=0x00000203f8692cf8, Size=56
[2018.08.29-05.36.45:657][986]LogUObjectGlobals: Created PersistentFrame Addr=0x0000020405e2fa88, Size=56, GameSettings_C_22 Function /Engine/Transient.REINST_GameSettings_C_27:ExecuteUbergraph_GameSettings
[2018.08.29-05.36.45:663][986]LogUObjectGlobals: Created PersistentFrame Addr=0x0000020405e2c218, Size=56, Default__GameSettings_C Function /Game/UI/Lobby/GameSettings.GameSettings_C:ExecuteUbergraph_GameSettings
[2018.08.29-05.36.45:687][986]LogUObjectGlobals: Destroyed PersistentFrame Addr=0x0000020401742548, Size=4
[2018.08.29-05.36.45:687][986]LogUObjectGlobals: Destroyed PersistentFrame Addr=0x000002039db7a9c8, Size=4
[2018.08.29-05.36.45:687][986]LogUObjectGlobals: Destroyed PersistentFrame Addr=0x0000020398e21f90, Size=4
[2018.08.29-05.36.46:087][ 22]Cmd: OBJ SAVEPACKAGE PACKAGE="/Game/UI/Lobby/GameSettings" FILE="C:/Users/maxsa/Desktop/Unreal Projects/SteamProject/Content/UI/Lobby/GameSettings.uasset" SILENT=true
[2018.08.29-05.36.46:151][ 22]LogSavePackage: Save=53.24ms
[2018.08.29-05.36.46:151][ 22]LogSavePackage: Moving 'C:/Users/maxsa/Desktop/Unreal Projects/SteamProject/Saved/GameSettingsA10C03674EF29777CFD0B0BB2B370E3E.tmp' to 'C:/Users/maxsa/Desktop/Unreal Projects/SteamProject/Content/UI/Lobby/GameSettings.uasset'
[2018.08.29-05.36.46:153][ 22]LogSavePackage: Display: Finished SavePackage C:/Users/maxsa/Desktop/Unreal Projects/SteamProject/Content/UI/Lobby/GameSettings.uasset
[2018.08.29-05.37.48:262][490]LogSlate: Window 'SteamProject - Unreal Editor' being destroyed
[2018.08.29-05.37.48:452][491]Cmd: QUIT_EDITOR
[2018.08.29-05.37.48:561][491]LogWindowsTextInputMethodSystem: Display: IME system now deactivated.
[2018.08.29-05.37.48:573][491]LogSlate: Slate User Destroyed.  User Index 0, Is Virtual User: 0
[2018.08.29-05.37.48:582][491]LogExit: Preparing to exit.
[2018.08.29-05.37.49:427][491]LogExit: Editor shut down
[2018.08.29-05.37.49:429][491]LogExit: Transaction tracking system shut down
[2018.08.29-05.37.49:431][491]LogUObjectGlobals: Destroyed PersistentFrame Addr=0x000002039dbbf160, Size=28
[2018.08.29-05.37.49:431][491]LogUObjectGlobals: Destroyed PersistentFrame Addr=0x00000203cec07200, Size=504
[2018.08.29-05.37.49:431][491]LogUObjectGlobals: Destroyed PersistentFrame Addr=0x00000203cec59f80, Size=80
[2018.08.29-05.37.49:431][491]LogUObjectGlobals: Destroyed PersistentFrame Addr=0x00000203ebaba6d8, Size=40
[2018.08.29-05.37.49:431][491]LogUObjectGlobals: Destroyed PersistentFrame Addr=0x00000203cecb94b0, Size=104
[2018.08.29-05.37.49:431][491]LogUObjectGlobals: Destroyed PersistentFrame Addr=0x00000203cec1d800, Size=608
[2018.08.29-05.37.49:432][491]LogUObjectGlobals: Destroyed PersistentFrame Addr=0x00000203cf0c3360, Size=32
[2018.08.29-05.37.49:432][491]LogUObjectGlobals: Destroyed PersistentFrame Addr=0x00000203f43b7b00, Size=296
[2018.08.29-05.37.49:432][491]LogUObjectGlobals: Destroyed PersistentFrame Addr=0x0000020405e2c218, Size=56
[2018.08.29-05.37.49:432][491]LogUObjectGlobals: Destroyed PersistentFrame Addr=0x000002038534b1a0, Size=72
[2018.08.29-05.37.49:433][491]LogUObjectGlobals: Destroyed PersistentFrame Addr=0x0000020391d286b0, Size=4
[2018.08.29-05.37.49:433][491]LogUObjectGlobals: Destroyed PersistentFrame Addr=0x0000020391d286a8, Size=4
[2018.08.29-05.37.49:435][491]LogUObjectGlobals: Destroyed PersistentFrame Addr=0x0000020405e2fa88, Size=56
[2018.08.29-05.37.49:435][491]LogUObjectGlobals: Destroyed PersistentFrame Addr=0x00000203900b49e0, Size=28
[2018.08.29-05.37.49:435][491]LogUObjectGlobals: Destroyed PersistentFrame Addr=0x0000020383edb920, Size=4
[2018.08.29-05.37.49:435][491]LogUObjectGlobals: Destroyed PersistentFrame Addr=0x000002039ec63380, Size=528
[2018.08.29-05.37.49:435][491]LogUObjectGlobals: Destroyed PersistentFrame Addr=0x000002039ec9b9c0, Size=320
[2018.08.29-05.37.49:435][491]LogUObjectGlobals: Destroyed PersistentFrame Addr=0x000002039ec61800, Size=640
[2018.08.29-05.37.49:435][491]LogUObjectGlobals: Destroyed PersistentFrame Addr=0x00000203f86930e8, Size=56
[2018.08.29-05.37.49:675][491]LogDirectoryWatcher: A directory notification for '../../../Engine/Content/' was aborted.
[2018.08.29-05.37.49:675][491]LogDirectoryWatcher: A directory notification for 'C:/Users/maxsa/Desktop/Unreal Projects/SteamProject/Content/' was aborted.
[2018.08.29-05.37.49:675][491]LogDirectoryWatcher: A directory notification for '../../Plugins/2D/Paper2D/Content/' was aborted.
[2018.08.29-05.37.49:675][491]LogDirectoryWatcher: A directory notification for '../../Plugins/Enterprise/DatasmithContent/Content/' was aborted.
[2018.08.29-05.37.49:675][491]LogDirectoryWatcher: A directory notification for '../../Plugins/Media/MediaCompositing/Content/' was aborted.
[2018.08.29-05.37.49:675][491]LogDirectoryWatcher: A directory notification for '../../Plugins/Runtime/AppleARKit/Content/' was aborted.
[2018.08.29-05.37.49:675][491]LogDirectoryWatcher: A directory notification for '../../Plugins/Runtime/Oculus/OculusVR/Content/' was aborted.
[2018.08.29-05.37.49:676][491]LogDirectoryWatcher: A directory notification for '../../Plugins/Runtime/Steam/SteamVR/Content/' was aborted.
[2018.08.29-05.37.50:045][491]LogExit: Object subsystem successfully closed.
[2018.08.29-05.37.50:086][491]LogShaderCompilers: Display: Shaders left to compile 0
[2018.08.29-05.37.50:089][491]LogD3D11RHI: Shutdown
[2018.08.29-05.37.50:089][491]LogD3D11RHI: CleanupD3DDevice
[2018.08.29-05.37.50:091][491]LogD3D11RHI: ~FD3D11DynamicRHI
[2018.08.29-05.37.50:296][491]LogModuleManager: Shutting down and abandoning module SequencerWidgets (580)
[2018.08.29-05.37.50:296][491]LogModuleManager: Shutting down and abandoning module BlueprintGraph (578)
[2018.08.29-05.37.50:297][491]LogModuleManager: Shutting down and abandoning module HierarchicalLODOutliner (576)
[2018.08.29-05.37.50:297][491]LogModuleManager: Shutting down and abandoning module SceneOutliner (574)
[2018.08.29-05.37.50:297][491]LogModuleManager: Shutting down and abandoning module AddContentDialog (572)
[2018.08.29-05.37.50:306][491]LogDirectoryWatcher: A directory notification for 'E:/UE_4.19/FeaturePacks/' was aborted.
[2018.08.29-05.37.50:308][491]LogModuleManager: Shutting down and abandoning module WidgetCarousel (571)
[2018.08.29-05.37.50:308][491]LogModuleManager: Shutting down and abandoning module EditorWidgets (568)
[2018.08.29-05.37.50:308][491]LogModuleManager: Shutting down and abandoning module CollectionManager (566)
[2018.08.29-05.37.50:308][491]LogDirectoryWatcher: A directory notification for 'C:/Users/maxsa/Desktop/Unreal Projects/SteamProject/Content/Collections/' was aborted.
[2018.08.29-05.37.50:308][491]LogDirectoryWatcher: A directory notification for 'C:/Users/maxsa/Desktop/Unreal Projects/SteamProject/Content/Developers/maxsa/Collections/' was aborted.
[2018.08.29-05.37.50:308][491]LogDirectoryWatcher: A directory notification for 'C:/Users/maxsa/Desktop/Unreal Projects/SteamProject/Saved/Collections/' was aborted.
[2018.08.29-05.37.50:308][491]LogModuleManager: Shutting down and abandoning module StatsViewer (564)
[2018.08.29-05.37.50:308][491]LogModuleManager: Shutting down and abandoning module FoliageEdit (562)
[2018.08.29-05.37.50:309][491]LogModuleManager: Shutting down and abandoning module LandscapeEditor (560)
[2018.08.29-05.37.50:311][491]LogModuleManager: Shutting down and abandoning module MeshPaintMode (558)
[2018.08.29-05.37.50:312][491]LogModuleManager: Shutting down and abandoning module SceneDepthPickerMode (556)
[2018.08.29-05.37.50:312][491]LogModuleManager: Shutting down and abandoning module ActorPickerMode (554)
[2018.08.29-05.37.50:312][491]LogModuleManager: Shutting down and abandoning module GeometryMode (552)
[2018.08.29-05.37.50:312][491]LogModuleManager: Shutting down and abandoning module TextureAlignMode (550)
[2018.08.29-05.37.50:312][491]LogModuleManager: Shutting down and abandoning module BspMode (548)
[2018.08.29-05.37.50:312][491]LogModuleManager: Shutting down and abandoning module PIEPreviewDeviceProfileSelector (546)
[2018.08.29-05.37.50:312][491]LogModuleManager: Shutting down and abandoning module HardwareSurvey (544)
[2018.08.29-05.37.50:312][491]LogModuleManager: Shutting down and abandoning module SequenceRecorderSections (542)
[2018.08.29-05.37.50:312][491]LogModuleManager: Shutting down and abandoning module AutomationWorker (540)
[2018.08.29-05.37.50:312][491]LogModuleManager: Shutting down and abandoning module AudioCaptureEditor (538)
[2018.08.29-05.37.50:312][491]LogModuleManager: Shutting down and abandoning module SequenceRecorder (537)
[2018.08.29-05.37.50:312][491]LogModuleManager: Shutting down and abandoning module MatineeToLevelSequence (534)
[2018.08.29-05.37.50:312][491]LogModuleManager: Shutting down and abandoning module LevelSequenceEditor (532)
[2018.08.29-05.37.50:313][491]LogModuleManager: Shutting down and abandoning module PlacementMode (531)
[2018.08.29-05.37.50:313][491]LogModuleManager: Shutting down and abandoning module MaterialEditor (530)
[2018.08.29-05.37.50:341][491]LogModuleManager: Shutting down and abandoning module WmfMediaFactory (526)
[2018.08.29-05.37.50:341][491]LogModuleManager: Shutting down and abandoning module WmfMediaEditor (524)
[2018.08.29-05.37.50:341][491]LogModuleManager: Shutting down and abandoning module MediaPlayerEditor (522)
[2018.08.29-05.37.50:341][491]LogModuleManager: Shutting down and abandoning module OpenExrWrapper (520)
[2018.08.29-05.37.50:341][491]LogModuleManager: Shutting down and abandoning module ImgMediaFactory (518)
[2018.08.29-05.37.50:341][491]LogModuleManager: Shutting down and abandoning module ImgMediaEditor (516)
[2018.08.29-05.37.50:342][491]LogModuleManager: Shutting down and abandoning module AvfMediaFactory (514)
[2018.08.29-05.37.50:342][491]LogModuleManager: Shutting down and abandoning module AvfMediaEditor (512)
[2018.08.29-05.37.50:342][491]LogModuleManager: Shutting down and abandoning module AndroidMediaFactory (510)
[2018.08.29-05.37.50:342][491]LogModuleManager: Shutting down and abandoning module AndroidMediaEditor (508)
[2018.08.29-05.37.50:342][491]LogModuleManager: Shutting down and abandoning module CharacterAI (506)
[2018.08.29-05.37.50:342][491]LogModuleManager: Shutting down and abandoning module SmartSnapping (504)
[2018.08.29-05.37.50:342][491]LogModuleManager: Shutting down and abandoning module SessionServices (502)
[2018.08.29-05.37.50:342][491]LogModuleManager: Shutting down and abandoning module ViewportSnapping (500)
[2018.08.29-05.37.50:342][491]LogModuleManager: Shutting down and abandoning module ViewportInteraction (498)
[2018.08.29-05.37.50:342][491]LogModuleManager: Shutting down and abandoning module ClothPainter (496)
[2018.08.29-05.37.50:342][491]LogModuleManager: Shutting down and abandoning module SkeletalMeshEditor (495)
[2018.08.29-05.37.50:360][491]LogModuleManager: Shutting down and abandoning module LogVisualizer (492)
[2018.08.29-05.37.50:361][491]LogModuleManager: Shutting down and abandoning module IntroTutorials (490)
[2018.08.29-05.37.50:361][491]LogModuleManager: Shutting down and abandoning module GameProjectGeneration (489)
[2018.08.29-05.37.50:380][491]LogModuleManager: Shutting down and abandoning module IOSPlatformEditor (486)
[2018.08.29-05.37.50:380][491]LogModuleManager: Shutting down and abandoning module HTML5PlatformEditor (484)
[2018.08.29-05.37.50:380][491]LogModuleManager: Shutting down and abandoning module AndroidPlatformEditor (482)
[2018.08.29-05.37.50:380][491]LogModuleManager: Shutting down and abandoning module AndroidDeviceDetection (481)
[2018.08.29-05.37.50:946][491]LogModuleManager: Shutting down and abandoning module WindowsPlatformEditor (478)
[2018.08.29-05.37.50:946][491]LogModuleManager: Shutting down and abandoning module IOSRuntimeSettings (476)
[2018.08.29-05.37.50:946][491]LogModuleManager: Shutting down and abandoning module AndroidRuntimeSettings (474)
[2018.08.29-05.37.50:946][491]LogModuleManager: Shutting down and abandoning module InputBindingEditor (472)
[2018.08.29-05.37.50:946][491]LogModuleManager: Shutting down and abandoning module MergeActors (470)
[2018.08.29-05.37.50:948][491]LogModuleManager: Shutting down and abandoning module LocalizationDashboard (468)
[2018.08.29-05.37.50:953][491]LogModuleManager: Shutting down and abandoning module LocalizationService (467)
[2018.08.29-05.37.50:953][491]LogModuleManager: Shutting down and abandoning module HardwareTargeting (464)
[2018.08.29-05.37.50:953][491]LogModuleManager: Shutting down and abandoning module DeviceProfileEditor (462)
[2018.08.29-05.37.50:953][491]LogModuleManager: Shutting down and abandoning module UndoHistory (460)
[2018.08.29-05.37.50:953][491]LogModuleManager: Shutting down and abandoning module XmlParser (458)
[2018.08.29-05.37.50:953][491]LogModuleManager: Shutting down and abandoning module Blutility (456)
[2018.08.29-05.37.50:953][491]LogModuleManager: Shutting down and abandoning module ProjectSettingsViewer (454)
[2018.08.29-05.37.50:953][491]LogModuleManager: Shutting down and abandoning module ProjectTargetPlatformEditor (453)
[2018.08.29-05.37.50:954][491]LogModuleManager: Shutting down and abandoning module EditorSettingsViewer (450)
[2018.08.29-05.37.50:954][491]LogModuleManager: Shutting down and abandoning module SettingsEditor (448)
[2018.08.29-05.37.50:964][491]LogModuleManager: Shutting down and abandoning module ProjectLauncher (446)
[2018.08.29-05.37.50:974][491]LogModuleManager: Shutting down and abandoning module SessionFrontend (444)
[2018.08.29-05.37.50:974][491]LogModuleManager: Shutting down and abandoning module ProfilerClient (442)
[2018.08.29-05.37.50:982][491]LogModuleManager: Shutting down and abandoning module DeviceManager (440)
[2018.08.29-05.37.50:982][491]LogModuleManager: Shutting down and abandoning module TargetDeviceServices (439)
[2018.08.29-05.37.51:037][491]LogModuleManager: Shutting down and abandoning module AutomationController (436)
[2018.08.29-05.37.51:037][491]LogModuleManager: Shutting down and abandoning module AutomationWindow (434)
[2018.08.29-05.37.51:051][491]LogModuleManager: Shutting down and abandoning module Layers (432)
[2018.08.29-05.37.51:062][491]LogModuleManager: Shutting down and abandoning module ComponentVisualizers (430)
[2018.08.29-05.37.51:062][491]LogModuleManager: Shutting down and abandoning module DetailCustomizations (428)
[2018.08.29-05.37.51:062][491]LogModuleManager: Shutting down and abandoning module PackagesDialog (426)
[2018.08.29-05.37.51:063][491]LogModuleManager: Shutting down and abandoning module Persona (424)
[2018.08.29-05.37.51:071][491]LogModuleManager: Shutting down and abandoning module AdvancedPreviewScene (423)
[2018.08.29-05.37.51:071][491]LogModuleManager: Shutting down and abandoning module AnimGraph (421)
[2018.08.29-05.37.51:071][491]LogModuleManager: Shutting down and abandoning module Kismet (418)
[2018.08.29-05.37.51:082][491]LogModuleManager: Shutting down and abandoning module GraphEditor (416)
[2018.08.29-05.37.51:082][491]LogModuleManager: Shutting down and abandoning module ClassViewer (414)
[2018.08.29-05.37.51:082][491]LogModuleManager: Shutting down and abandoning module Toolbox (412)
[2018.08.29-05.37.51:082][491]LogModuleManager: Shutting down and abandoning module ModuleUI (410)
[2018.08.29-05.37.51:094][491]LogModuleManager: Shutting down and abandoning module MovieSceneTools (408)
[2018.08.29-05.37.51:094][491]LogModuleManager: Shutting down and abandoning module OutputLog (406)
[2018.08.29-05.37.51:106][491]LogModuleManager: Shutting down and abandoning module GammaUI (404)
[2018.08.29-05.37.51:106][491]LogModuleManager: Shutting down and abandoning module Documentation (402)
[2018.08.29-05.37.51:107][491]LogModuleManager: Shutting down and abandoning module MovieSceneTracks (400)
[2018.08.29-05.37.51:111][491]LogModuleManager: Shutting down and abandoning module MovieScene (398)
[2018.08.29-05.37.51:111][491]LogModuleManager: Shutting down and abandoning module StreamingPauseRendering (396)
[2018.08.29-05.37.51:112][491]LogModuleManager: Shutting down and abandoning module LauncherPlatform (394)
[2018.08.29-05.37.51:112][491]LogModuleManager: Shutting down and abandoning module AnalyticsET (392)
[2018.08.29-05.37.51:112][491]LogModuleManager: Shutting down and abandoning module PortalServices (390)
[2018.08.29-05.37.51:112][491]LogModuleManager: Shutting down and abandoning module PortalRpc (388)
[2018.08.29-05.37.51:112][491]LogModuleManager: Shutting down and abandoning module MessagingRpc (386)
[2018.08.29-05.37.51:112][491]LogModuleManager: Shutting down and abandoning module AIModule (384)
[2018.08.29-05.37.51:112][491]LogModuleManager: Shutting down and abandoning module GameplayDebugger (383)
[2018.08.29-05.37.51:112][491]LogModuleManager: Shutting down and abandoning module AITestSuite (381)
[2018.08.29-05.37.51:112][491]LogModuleManager: Shutting down and abandoning module DesktopPlatform (378)
[2018.08.29-05.37.51:112][491]LogModuleManager: Shutting down and abandoning module ProfilerService (376)
[2018.08.29-05.37.51:141][491]LogModuleManager: Shutting down and abandoning module TaskGraph (374)
[2018.08.29-05.37.51:141][491]LogModuleManager: Shutting down and abandoning module SteamVRController (372)
[2018.08.29-05.37.51:141][491]LogModuleManager: Shutting down and abandoning module ProceduralMeshComponentEditor (370)
[2018.08.29-05.37.51:141][491]LogModuleManager: Shutting down and abandoning module ProceduralMeshComponent (368)
[2018.08.29-05.37.51:141][491]LogModuleManager: Shutting down and abandoning module OculusInput (366)
[2018.08.29-05.37.51:141][491]LogModuleManager: Shutting down and abandoning module MobilePatchingUtils (364)
[2018.08.29-05.37.51:141][491]LogModuleManager: Shutting down and abandoning module CustomMeshComponent (362)
[2018.08.29-05.37.51:141][491]LogModuleManager: Shutting down and abandoning module CableComponent (360)
[2018.08.29-05.37.51:141][491]LogModuleManager: Shutting down and abandoning module AudioCapture (358)
[2018.08.29-05.37.51:141][491]LogModuleManager: Shutting down and abandoning module ArchVisCharacter (356)
[2018.08.29-05.37.51:141][491]LogModuleManager: Shutting down and abandoning module AndroidPermission (354)
[2018.08.29-05.37.51:141][491]LogModuleManager: Shutting down and abandoning module NUTUnrealEngine4 (352)
[2018.08.29-05.37.51:141][491]LogModuleManager: Shutting down and abandoning module NetcodeUnitTest (350)
[2018.08.29-05.37.51:141][491]LogModuleManager: Shutting down and abandoning module MediaCompositingEditor (348)
[2018.08.29-05.37.51:142][491]LogModuleManager: Shutting down and abandoning module MediaCompositing (346)
[2018.08.29-05.37.51:142][491]LogModuleManager: Shutting down and abandoning module LinearTimecode (344)
[2018.08.29-05.37.51:142][491]LogModuleManager: Shutting down and abandoning module ImgMedia (342)
[2018.08.29-05.37.51:148][491]LogModuleManager: Shutting down and abandoning module HTML5Networking (340)
[2018.08.29-05.37.51:148][491]LogModuleManager: Shutting down and abandoning module AlembicImporter (338)
[2018.08.29-05.37.51:148][491]LogModuleManager: Shutting down and abandoning module AlembicLibrary (337)
[2018.08.29-05.37.51:148][491]LogModuleManager: Shutting down and abandoning module GeometryCache (336)
[2018.08.29-05.37.51:148][491]LogModuleManager: Shutting down and abandoning module GeometryCacheEd (335)
[2018.08.29-05.37.51:148][491]LogModuleManager: Shutting down and abandoning module DatasmithContent (330)
[2018.08.29-05.37.51:148][491]LogModuleManager: Shutting down and abandoning module SpeedTreeImporter (328)
[2018.08.29-05.37.51:148][491]LogModuleManager: Shutting down and abandoning module PluginBrowser (326)
[2018.08.29-05.37.51:149][491]LogModuleManager: Shutting down and abandoning module MobileLauncherProfileWizard (324)
[2018.08.29-05.37.51:149][491]LogModuleManager: Shutting down and abandoning module CryptoKeysOpenSSL (322)
[2018.08.29-05.37.51:149][491]LogModuleManager: Shutting down and abandoning module CryptoKeys (320)
[2018.08.29-05.37.51:149][491]LogModuleManager: Shutting down and abandoning module VisualStudioSourceCodeAccess (318)
[2018.08.29-05.37.51:149][491]LogModuleManager: Shutting down and abandoning module VisualStudioCodeSourceCodeAccess (316)
[2018.08.29-05.37.51:149][491]LogModuleManager: Shutting down and abandoning module UObjectPlugin (314)
[2018.08.29-05.37.51:149][491]LogModuleManager: Shutting down and abandoning module SubversionSourceControl (312)
[2018.08.29-05.37.51:149][491]LogModuleManager: Shutting down and abandoning module PerforceSourceControl (310)
[2018.08.29-05.37.51:149][491]LogModuleManager: Shutting down and abandoning module GitSourceControl (308)
[2018.08.29-05.37.51:149][491]LogModuleManager: Shutting down and abandoning module SourceControl (307)
[2018.08.29-05.37.51:150][491]LogModuleManager: Shutting down and abandoning module CLionSourceCodeAccess (304)
[2018.08.29-05.37.51:150][491]LogModuleManager: Shutting down and abandoning module LightPropagationVolumeEditor (302)
[2018.08.29-05.37.51:150][491]LogModuleManager: Shutting down and abandoning module PaperTiledImporter (300)
[2018.08.29-05.37.51:150][491]LogModuleManager: Shutting down and abandoning module PaperSpriteSheetImporter (298)
[2018.08.29-05.37.51:150][491]LogModuleManager: Shutting down and abandoning module Paper2DEditor (296)
[2018.08.29-05.37.51:150][491]LogModuleManager: Shutting down and abandoning module MeshPaint (295)
[2018.08.29-05.37.51:151][491]LogModuleManager: Shutting down and abandoning module RuntimePhysXCooking (292)
[2018.08.29-05.37.51:151][491]LogModuleManager: Shutting down and abandoning module PhysXVehiclesEditor (290)
[2018.08.29-05.37.51:151][491]LogModuleManager: Shutting down and abandoning module PhysXVehicles (288)
[2018.08.29-05.37.51:151][491]LogModuleManager: Shutting down and abandoning module OculusEditor (286)
[2018.08.29-05.37.51:151][491]LogModuleManager: Shutting down and abandoning module LocationServicesBPLibrary (284)
[2018.08.29-05.37.51:151][491]LogModuleManager: Shutting down and abandoning module ImmediatePhysicsEditor (282)
[2018.08.29-05.37.51:151][491]LogModuleManager: Shutting down and abandoning module ImmediatePhysics (280)
[2018.08.29-05.37.51:151][491]LogModuleManager: Shutting down and abandoning module ActorSequence (278)
[2018.08.29-05.37.51:151][491]LogModuleManager: Shutting down and abandoning module UdpMessaging (276)
[2018.08.29-05.37.51:252][491]LogModuleManager: Shutting down and abandoning module TcpMessaging (274)
[2018.08.29-05.37.51:353][491]LogModuleManager: Shutting down and abandoning module GameplayTagsEditor (272)
[2018.08.29-05.37.51:353][491]LogModuleManager: Shutting down and abandoning module FacialAnimationEditor (270)
[2018.08.29-05.37.51:353][491]LogModuleManager: Shutting down and abandoning module FacialAnimation (268)
[2018.08.29-05.37.51:353][491]LogModuleManager: Shutting down and abandoning module DataValidation (266)
[2018.08.29-05.37.51:353][491]LogModuleManager: Shutting down and abandoning module AssetManagerEditor (264)
[2018.08.29-05.37.51:353][491]LogModuleManager: Shutting down and abandoning module LevelEditor (263)
[2018.08.29-05.37.51:355][491]LogModuleManager: Shutting down and abandoning module PixelInspectorModule (262)
[2018.08.29-05.37.51:355][491]LogModuleManager: Shutting down and abandoning module CommonMenuExtensions (260)
[2018.08.29-05.37.51:355][491]LogModuleManager: Shutting down and abandoning module MainFrame (258)
[2018.08.29-05.37.51:355][491]LogModuleManager: Shutting down and abandoning module HotReload (257)
[2018.08.29-05.37.51:356][491]LogModuleManager: Shutting down and abandoning module ContentBrowser (253)
[2018.08.29-05.37.51:358][491]LogModuleManager: Shutting down and abandoning module TreeMap (251)
[2018.08.29-05.37.51:358][491]LogModuleManager: Shutting down and abandoning module LightPropagationVolumeRuntime (248)
[2018.08.29-05.37.51:358][491]LogModuleManager: Shutting down and abandoning module LiveLinkEditor (246)
[2018.08.29-05.37.51:358][491]LogModuleManager: Shutting down and abandoning module LiveLink (244)
[2018.08.29-05.37.51:679][491]LogModuleManager: Shutting down and abandoning module Paper2D (242)
[2018.08.29-05.37.51:679][491]LogModuleManager: Shutting down and abandoning module WindowsMoviePlayer (240)
[2018.08.29-05.37.51:679][491]LogModuleManager: Shutting down and abandoning module WmfMedia (238)
[2018.08.29-05.37.51:682][491]LogModuleManager: Shutting down and abandoning module Media (237)
[2018.08.29-05.37.51:688][491]LogModuleManager: Shutting down and abandoning module PacketHandler (234)
[2018.08.29-05.37.51:689][491]LogModuleManager: Shutting down and abandoning module ClothingSystemEditor (232)
[2018.08.29-05.37.51:689][491]LogModuleManager: Shutting down and abandoning module ClothingSystemRuntime (230)
[2018.08.29-05.37.51:697][491]LogModuleManager: Shutting down and abandoning module MediaAssets (228)
[2018.08.29-05.37.51:697][491]LogModuleManager: Shutting down and abandoning module Overlay (226)
[2018.08.29-05.37.51:697][491]LogModuleManager: Shutting down and abandoning module OverlayEditor (225)
[2018.08.29-05.37.51:697][491]LogModuleManager: Shutting down and abandoning module VREditor (222)
[2018.08.29-05.37.51:712][491]LogModuleManager: Shutting down and abandoning module StringTableEditor (220)
[2018.08.29-05.37.51:712][491]LogModuleManager: Shutting down and abandoning module GameplayTasksEditor (218)
[2018.08.29-05.37.51:712][491]LogModuleManager: Shutting down and abandoning module BehaviorTreeEditor (216)
[2018.08.29-05.37.51:722][491]LogModuleManager: Shutting down and abandoning module FunctionalTesting (214)
[2018.08.29-05.37.51:722][491]LogModuleManager: Shutting down and abandoning module CollisionAnalyzer (212)
[2018.08.29-05.37.51:723][491]LogModuleManager: Shutting down and abandoning module WorkspaceMenuStructure (211)
[2018.08.29-05.37.51:723][491]LogModuleManager: Shutting down and abandoning module UMG (208)
[2018.08.29-05.37.51:723][491]LogModuleManager: Shutting down and abandoning module UMGEditor (207)
[2018.08.29-05.37.51:723][491]LogModuleManager: Shutting down and abandoning module Sequencer (206)
[2018.08.29-05.37.51:723][491]LogModuleManager: Shutting down and abandoning module MessageLog (203)
[2018.08.29-05.37.51:723][491]LogModuleManager: Shutting down and abandoning module SlateReflector (198)
[2018.08.29-05.37.51:758][491]LogModuleManager: Shutting down and abandoning module Slate (196)
[2018.08.29-05.37.51:758][491]LogModuleManager: Shutting down and abandoning module EditorStyle (194)
[2018.08.29-05.37.51:761][491]LogModuleManager: Shutting down and abandoning module MRMesh (192)
[2018.08.29-05.37.51:761][491]LogModuleManager: Shutting down and abandoning module SourceCodeAccess (190)
[2018.08.29-05.37.51:761][491]LogModuleManager: Shutting down and abandoning module HeadMountedDisplay (188)
[2018.08.29-05.37.51:761][491]LogModuleManager: Shutting down and abandoning module XAudio2 (186)
[2018.08.29-05.37.51:761][491]LogModuleManager: Shutting down and abandoning module Networking (184)
[2018.08.29-05.37.51:761][491]LogModuleManager: Shutting down and abandoning module Core (182)
[2018.08.29-05.37.51:761][491]LogModuleManager: Shutting down and abandoning module LevelSequence (180)
[2018.08.29-05.37.51:761][491]LogModuleManager: Shutting down and abandoning module KismetCompiler (178)
[2018.08.29-05.37.51:761][491]LogModuleManager: Shutting down and abandoning module MeshUtilities (176)
[2018.08.29-05.37.51:769][491]LogModuleManager: Shutting down and abandoning module MeshMergeUtilities (175)
[2018.08.29-05.37.51:778][491]LogModuleManager: Shutting down and abandoning module MeshReductionInterface (174)
[2018.08.29-05.37.51:778][491]LogModuleManager: Shutting down and abandoning module SimplygonSwarm (173)
[2018.08.29-05.37.51:778][491]LogModuleManager: Shutting down and abandoning module SimplygonMeshReduction (171)
[2018.08.29-05.37.51:778][491]LogModuleManager: Shutting down and abandoning module QuadricMeshReduction (169)
[2018.08.29-05.37.51:778][491]LogModuleManager: Shutting down and abandoning module MaterialBaking (165)
[2018.08.29-05.37.51:778][491]LogModuleManager: Shutting down and abandoning module DirectoryWatcher (161)
[2018.08.29-05.37.51:780][491]LogModuleManager: Shutting down and abandoning module DerivedDataCache (158)
[2018.08.29-05.37.51:836][491]LogDerivedDataCache: Shutdown
[2018.08.29-05.37.51:836][491]LogModuleManager: Shutting down and abandoning module XGEController (156)
[2018.08.29-05.37.51:836][491]LogXGEController: Cleaning working directory: C:/Users/maxsa/AppData/Local/Temp/UnrealXGEWorkingDir/
[2018.08.29-05.37.51:836][491]LogModuleManager: Shutting down and abandoning module TargetPlatform (154)
[2018.08.29-05.37.51:836][491]LogModuleManager: Shutting down and abandoning module VulkanShaderFormat (153)
[2018.08.29-05.37.51:836][491]LogModuleManager: Shutting down and abandoning module ShaderFormatVectorVM (151)
[2018.08.29-05.37.51:847][491]LogModuleManager: Shutting down and abandoning module ShaderFormatOpenGL (149)
[2018.08.29-05.37.51:850][491]LogModuleManager: Shutting down and abandoning module ShaderFormatD3D (147)
[2018.08.29-05.37.51:850][491]LogModuleManager: Shutting down and abandoning module MetalShaderFormat (145)
[2018.08.29-05.37.51:850][491]LogModuleManager: Shutting down and abandoning module TextureFormatUncompressed (143)
[2018.08.29-05.37.51:850][491]LogModuleManager: Shutting down and abandoning module TextureFormatPVR (141)
[2018.08.29-05.37.51:850][491]LogModuleManager: Shutting down and abandoning module TextureFormatDXT (139)
[2018.08.29-05.37.51:850][491]LogModuleManager: Shutting down and abandoning module TextureFormatIntelISPCTexComp (137)
[2018.08.29-05.37.51:851][491]LogModuleManager: Shutting down and abandoning module TextureFormatASTC (135)
[2018.08.29-05.37.51:851][491]LogModuleManager: Shutting down and abandoning module ImageWrapper (134)
[2018.08.29-05.37.51:851][491]LogModuleManager: Shutting down and abandoning module TextureFormatAndroid (131)
[2018.08.29-05.37.51:851][491]LogModuleManager: Shutting down and abandoning module AudioFormatOpus (129)
[2018.08.29-05.37.51:851][491]LogModuleManager: Shutting down and abandoning module AudioFormatOgg (127)
[2018.08.29-05.37.51:851][491]LogModuleManager: Shutting down and abandoning module AudioFormatADPCM (125)
[2018.08.29-05.37.51:851][491]LogModuleManager: Shutting down and abandoning module LinuxTargetPlatform (123)
[2018.08.29-05.37.51:851][491]LogModuleManager: Shutting down and abandoning module LinuxServerTargetPlatform (121)
[2018.08.29-05.37.51:851][491]LogModuleManager: Shutting down and abandoning module LinuxNoEditorTargetPlatform (119)
[2018.08.29-05.37.51:851][491]LogModuleManager: Shutting down and abandoning module LinuxClientTargetPlatform (117)
[2018.08.29-05.37.51:851][491]LogModuleManager: Shutting down and abandoning module TVOSTargetPlatform (115)
[2018.08.29-05.37.51:851][491]LogModuleManager: Shutting down and abandoning module Messaging (113)
[2018.08.29-05.37.51:851][491]LogModuleManager: Shutting down and abandoning module IOSTargetPlatform (111)
[2018.08.29-05.37.51:851][491]LogModuleManager: Shutting down and abandoning module HTML5TargetPlatform (109)
[2018.08.29-05.37.51:851][491]LogModuleManager: Shutting down and abandoning module AndroidTargetPlatform (107)
[2018.08.29-05.37.51:851][491]LogModuleManager: Shutting down and abandoning module Android_PVRTCTargetPlatform (105)
[2018.08.29-05.37.51:851][491]LogModuleManager: Shutting down and abandoning module Android_MultiTargetPlatform (103)
[2018.08.29-05.37.51:851][491]LogModuleManager: Shutting down and abandoning module Android_ETC2TargetPlatform (101)
[2018.08.29-05.37.51:851][491]LogModuleManager: Shutting down and abandoning module Android_ETC1TargetPlatform (99)
[2018.08.29-05.37.51:852][491]LogModuleManager: Shutting down and abandoning module Android_ETC1aTargetPlatform (97)
[2018.08.29-05.37.51:852][491]LogModuleManager: Shutting down and abandoning module Android_DXTTargetPlatform (95)
[2018.08.29-05.37.51:852][491]LogModuleManager: Shutting down and abandoning module Android_ATCTargetPlatform (93)
[2018.08.29-05.37.51:852][491]LogModuleManager: Shutting down and abandoning module Android_ASTCTargetPlatform (91)
[2018.08.29-05.37.51:852][491]LogModuleManager: Shutting down and abandoning module WindowsTargetPlatform (89)
[2018.08.29-05.37.51:852][491]LogModuleManager: Shutting down and abandoning module WindowsServerTargetPlatform (87)
[2018.08.29-05.37.51:852][491]LogModuleManager: Shutting down and abandoning module WindowsNoEditorTargetPlatform (85)
[2018.08.29-05.37.51:852][491]LogModuleManager: Shutting down and abandoning module WindowsClientTargetPlatform (83)
[2018.08.29-05.37.51:852][491]LogModuleManager: Shutting down and abandoning module MacTargetPlatform (81)
[2018.08.29-05.37.51:852][491]LogModuleManager: Shutting down and abandoning module MacServerTargetPlatform (79)
[2018.08.29-05.37.51:852][491]LogModuleManager: Shutting down and abandoning module MacNoEditorTargetPlatform (77)
[2018.08.29-05.37.51:852][491]LogModuleManager: Shutting down and abandoning module MacClientTargetPlatform (75)
[2018.08.29-05.37.51:852][491]LogModuleManager: Shutting down and abandoning module AllDesktopTargetPlatform (73)
[2018.08.29-05.37.51:852][491]LogModuleManager: Shutting down and abandoning module InputCore (70)
[2018.08.29-05.37.51:852][491]LogModuleManager: Shutting down and abandoning module Settings (68)
[2018.08.29-05.37.51:852][491]LogModuleManager: Shutting down and abandoning module PhysXCooking (66)
[2018.08.29-05.37.51:852][491]LogModuleManager: Shutting down and abandoning module SteamVR (64)
[2018.08.29-05.37.51:852][491]LogModuleManager: Shutting down and abandoning module OculusHMD (62)
[2018.08.29-05.37.51:853][491]LogModuleManager: Shutting down and abandoning module ExampleDeviceProfileSelector (60)
[2018.08.29-05.37.51:853][491]LogModuleManager: Shutting down and abandoning module AppleARKit (58)
[2018.08.29-05.37.51:853][491]LogModuleManager: Shutting down and abandoning module AugmentedReality (57)
[2018.08.29-05.37.51:853][491]LogModuleManager: Shutting down and abandoning module OnlineBlueprintSupport (54)
[2018.08.29-05.37.51:853][491]LogModuleManager: Shutting down and abandoning module OnlineSubsystem (50)
[2018.08.29-05.37.51:853][491]LogOnline: Display: OSS: FOnlineSubsystemNull::Shutdown()
[2018.08.29-05.37.51:853][491]LogOnline: Display: OSS: FOnlineAsyncTaskManager::Stop() ActiveTask:0000000000000000 Tasks[0/0]
[2018.08.29-05.37.51:854][491]LogOnline: Display: OSS: FOnlineAsyncTaskManager::Exit() started
[2018.08.29-05.37.51:854][491]LogOnline: Display: OSS: FOnlineAsyncTaskManager::Exit() finished
[2018.08.29-05.37.51:854][491]LogModuleManager: Shutting down and abandoning module XMPP (43)
[2018.08.29-05.37.51:858][491]LogModuleManager: Shutting down and abandoning module HTTP (41)
[2018.08.29-05.37.51:858][491]LogHttp: Display: Http module shutting down, but needs to wait on 1 outstanding Http requests:
[2018.08.29-05.37.51:858][491]LogHttp: Display: 	verb=[POST] url=[https://datarouter.ol.epicgames.com/datarouter/api/v1/public/data?SessionID=%7B4DFFB8A6-4BD0-D941-1B99-1AA9FD175293%7D&AppID=UEEditor.Rocket.Release&AppVersion=4.19.2-4033788%2B%2B%2BUE4%2BRelease-4.19&UserID=9b2d74f540de947067f12f85f0e10fc3%7C121cf0c067fc45bf8a47a34e1f08bd7e%7C6529c761-14eb-4014-bd30-d410aae9a07c&AppEnvironment=datacollector-binary&UploadType=eteventstream] status=Processing
[2018.08.29-05.37.51:878][491]LogModuleManager: Shutting down and abandoning module SSL (40)
[2018.08.29-05.37.51:881][491]LogModuleManager: Shutting down and abandoning module AnimationModifiers (36)
[2018.08.29-05.37.51:881][491]LogModuleManager: Shutting down and abandoning module PropertyEditor (35)
[2018.08.29-05.37.51:892][491]LogModuleManager: Shutting down and abandoning module AudioEditor (32)
[2018.08.29-05.37.51:901][491]LogModuleManager: Shutting down and abandoning module TextureCompressor (30)
[2018.08.29-05.37.51:901][491]LogModuleManager: Shutting down and abandoning module ShaderCore (28)
[2018.08.29-05.37.51:901][491]LogModuleManager: Shutting down and abandoning module Landscape (26)
[2018.08.29-05.37.51:901][491]LogModuleManager: Shutting down and abandoning module SlateRHIRenderer (24)
[2018.08.29-05.37.51:912][491]LogModuleManager: Shutting down and abandoning module OpenGLDrv (22)
[2018.08.29-05.37.51:919][491]LogModuleManager: Shutting down and abandoning module D3D11RHI (20)
[2018.08.29-05.37.51:919][491]LogModuleManager: Shutting down and abandoning module AnimGraphRuntime (18)
[2018.08.29-05.37.51:920][491]LogModuleManager: Shutting down and abandoning module Renderer (16)
[2018.08.29-05.37.51:920][491]LogModuleManager: Shutting down and abandoning module Engine (14)
[2018.08.29-05.37.51:920][491]LogModuleManager: Shutting down and abandoning module CoreUObject (12)
[2018.08.29-05.37.51:920][491]LogModuleManager: Shutting down and abandoning module NetworkFile (10)
[2018.08.29-05.37.51:920][491]LogModuleManager: Shutting down and abandoning module CookedIterativeFile (8)
[2018.08.29-05.37.51:920][491]LogModuleManager: Shutting down and abandoning module StreamingFile (6)
[2018.08.29-05.37.51:920][491]LogModuleManager: Shutting down and abandoning module SandboxFile (4)
[2018.08.29-05.37.51:920][491]LogModuleManager: Shutting down and abandoning module PakFile (2)
[2018.08.29-05.37.51:936][491]LogExit: Exiting.
[2018.08.29-05.37.51:973][491]Log file closed, 08/29/18 01:37:51
