Log file open, 08/28/18 12:00:48
LogWindows: Failed to load 'aqProf.dll' (GetLastError=126)
LogWindows: File 'aqProf.dll' does not exist
LogWindows: Failed to load 'VtuneApi.dll' (GetLastError=126)
LogWindows: File 'VtuneApi.dll' does not exist
LogWindows: Failed to load 'VtuneApi32e.dll' (GetLastError=126)
LogWindows: File 'VtuneApi32e.dll' does not exist
LogInit: Display: Running engine for game: SteamProject
LogPlatformFile: Not using cached read wrapper
LogInit: Display: RandInit(-1519662955) SRandInit(-1519662955).
LogInit: Read version file with build ID '3944462'
LogInit: Overriding engine version to CL 4033788, compatible CL 3944462
LogInit: Registered custom module enumerator with build ID '3944462'
LogTaskGraph: Started task graph with 5 named threads and 14 total threads with 3 sets of task threads.
LogStats: Stats thread started at 2.627506
LogD3D11RHI: Aftermath initialized
LogICUInternationalization: Display: ICU TimeZone Detection - Raw Offset: -5:00, Platform Override: ''
LogModuleManager: Display: Found up-to-date module file ../../../Engine/Plugins/Online/OnlineSubsystemSteam/Binaries/Win64/UE4Editor-OnlineSubsystemSteam.dll (API version 3944462).
LogModuleManager: Display: Found up-to-date module file ../../../Engine/Plugins/Online/OnlineSubsystem/Binaries/Win64/UE4Editor-OnlineSubsystem.dll (API version 3944462).
LogModuleManager: Display: Found up-to-date module file ../../../Engine/Plugins/Online/OnlineSubsystemUtils/Binaries/Win64/UE4Editor-OnlineSubsystemUtils.dll (API version 3944462).
LogModuleManager: Display: Found up-to-date module file ../../../Engine/Plugins/Online/OnlineSubsystemUtils/Binaries/Win64/UE4Editor-OnlineBlueprintSupport.dll (API version 3944462).
LogModuleManager: Display: Found up-to-date module file ../../../Engine/Plugins/2D/Paper2D/Binaries/Win64/UE4Editor-Paper2D.dll (API version 3944462).
LogModuleManager: Display: Found up-to-date module file ../../../Engine/Plugins/2D/Paper2D/Binaries/Win64/UE4Editor-Paper2DEditor.dll (API version 3944462).
LogModuleManager: Display: Found up-to-date module file ../../../Engine/Plugins/2D/Paper2D/Binaries/Win64/UE4Editor-PaperSpriteSheetImporter.dll (API version 3944462).
LogModuleManager: Display: Found up-to-date module file ../../../Engine/Plugins/2D/Paper2D/Binaries/Win64/UE4Editor-PaperTiledImporter.dll (API version 3944462).
LogModuleManager: Display: Found up-to-date module file ../../../Engine/Plugins/2D/Paper2D/Binaries/Win64/UE4Editor-SmartSnapping.dll (API version 3944462).
LogModuleManager: Display: Found up-to-date module file ../../../Engine/Plugins/Blendables/LightPropagationVolume/Binaries/Win64/UE4Editor-LightPropagationVolumeRuntime.dll (API version 3944462).
LogModuleManager: Display: Found up-to-date module file ../../../Engine/Plugins/Blendables/LightPropagationVolume/Binaries/Win64/UE4Editor-LightPropagationVolumeEditor.dll (API version 3944462).
LogModuleManager: Display: Found up-to-date module file ../../../Engine/Plugins/Developer/CLionSourceCodeAccess/Binaries/Win64/UE4Editor-CLionSourceCodeAccess.dll (API version 3944462).
LogModuleManager: Display: Found up-to-date module file ../../../Engine/Plugins/Developer/GitSourceControl/Binaries/Win64/UE4Editor-GitSourceControl.dll (API version 3944462).
LogModuleManager: Display: Found up-to-date module file ../../../Engine/Plugins/Developer/PerforceSourceControl/Binaries/Win64/UE4Editor-PerforceSourceControl.dll (API version 3944462).
LogModuleManager: Display: Found up-to-date module file ../../../Engine/Plugins/Developer/SubversionSourceControl/Binaries/Win64/UE4Editor-SubversionSourceControl.dll (API version 3944462).
LogModuleManager: Display: Found up-to-date module file ../../../Engine/Plugins/Developer/UObjectPlugin/Binaries/Win64/UE4Editor-UObjectPlugin.dll (API version 3944462).
LogModuleManager: Display: Found up-to-date module file ../../../Engine/Plugins/Developer/VisualStudioCodeSourceCodeAccess/Binaries/Win64/UE4Editor-VisualStudioCodeSourceCodeAccess.dll (API version 3944462).
LogModuleManager: Display: Found up-to-date module file ../../../Engine/Plugins/Developer/VisualStudioSourceCodeAccess/Binaries/Win64/UE4Editor-VisualStudioSourceCodeAccess.dll (API version 3944462).
LogModuleManager: Display: Found up-to-date module file ../../../Engine/Plugins/Editor/AssetManagerEditor/Binaries/Win64/UE4Editor-AssetManagerEditor.dll (API version 3944462).
LogModuleManager: Display: Found up-to-date module file ../../../Engine/Plugins/Editor/CryptoKeys/Binaries/Win64/UE4Editor-CryptoKeys.dll (API version 3944462).
LogModuleManager: Display: Found up-to-date module file ../../../Engine/Plugins/Editor/CryptoKeys/Binaries/Win64/UE4Editor-CryptoKeysOpenSSL.dll (API version 3944462).
LogModuleManager: Display: Found up-to-date module file ../../../Engine/Plugins/Editor/DataValidation/Binaries/Win64/UE4Editor-DataValidation.dll (API version 3944462).
LogModuleManager: Display: Found up-to-date module file ../../../Engine/Plugins/Editor/FacialAnimation/Binaries/Win64/UE4Editor-FacialAnimation.dll (API version 3944462).
LogModuleManager: Display: Found up-to-date module file ../../../Engine/Plugins/Editor/FacialAnimation/Binaries/Win64/UE4Editor-FacialAnimationEditor.dll (API version 3944462).
LogModuleManager: Display: Found up-to-date module file ../../../Engine/Plugins/Editor/GameplayTagsEditor/Binaries/Win64/UE4Editor-GameplayTagsEditor.dll (API version 3944462).
LogModuleManager: Display: Found up-to-date module file ../../../Engine/Plugins/Editor/MobileLauncherProfileWizard/Binaries/Win64/UE4Editor-MobileLauncherProfileWizard.dll (API version 3944462).
LogModuleManager: Display: Found up-to-date module file ../../../Engine/Plugins/Editor/PluginBrowser/Binaries/Win64/UE4Editor-PluginBrowser.dll (API version 3944462).
LogModuleManager: Display: Found up-to-date module file ../../../Engine/Plugins/Editor/SpeedTreeImporter/Binaries/Win64/UE4Editor-SpeedTreeImporter.dll (API version 3944462).
LogModuleManager: Display: Found up-to-date module file ../../../Engine/Plugins/Enterprise/DatasmithContent/Binaries/Win64/UE4Editor-DatasmithContent.dll (API version 3944462).
LogModuleManager: Display: Found up-to-date module file ../../../Engine/Plugins/Experimental/AlembicImporter/Binaries/Win64/UE4Editor-AlembicImporter.dll (API version 3944462).
LogModuleManager: Display: Found up-to-date module file ../../../Engine/Plugins/Experimental/AlembicImporter/Binaries/Win64/UE4Editor-AlembicLibrary.dll (API version 3944462).
LogModuleManager: Display: Found up-to-date module file ../../../Engine/Plugins/Experimental/CharacterAI/Binaries/Win64/UE4Editor-CharacterAI.dll (API version 3944462).
LogModuleManager: Display: Found up-to-date module file ../../../Engine/Plugins/Experimental/HTML5Networking/Binaries/Win64/UE4Editor-HTML5Networking.dll (API version 3944462).
LogModuleManager: Display: Found up-to-date module file ../../../Engine/Plugins/Media/AndroidMedia/Binaries/Win64/UE4Editor-AndroidMediaEditor.dll (API version 3944462).
LogModuleManager: Display: Found up-to-date module file ../../../Engine/Plugins/Media/AndroidMedia/Binaries/Win64/UE4Editor-AndroidMediaFactory.dll (API version 3944462).
LogModuleManager: Display: Found up-to-date module file ../../../Engine/Plugins/Media/AvfMedia/Binaries/Win64/UE4Editor-AvfMediaEditor.dll (API version 3944462).
LogModuleManager: Display: Found up-to-date module file ../../../Engine/Plugins/Media/AvfMedia/Binaries/Win64/UE4Editor-AvfMediaFactory.dll (API version 3944462).
LogModuleManager: Display: Found up-to-date module file ../../../Engine/Plugins/Media/AvfMedia/Binaries/Win64/UE4Editor-AvfMediaFactory.dll (API version 3944462).
LogModuleManager: Display: Found up-to-date module file ../../../Engine/Plugins/Media/ImgMedia/Binaries/Win64/UE4Editor-ImgMedia.dll (API version 3944462).
LogModuleManager: Display: Found up-to-date module file ../../../Engine/Plugins/Media/ImgMedia/Binaries/Win64/UE4Editor-ImgMediaEditor.dll (API version 3944462).
LogModuleManager: Display: Found up-to-date module file ../../../Engine/Plugins/Media/ImgMedia/Binaries/Win64/UE4Editor-ImgMediaFactory.dll (API version 3944462).
LogModuleManager: Display: Found up-to-date module file ../../../Engine/Plugins/Media/ImgMedia/Binaries/Win64/UE4Editor-ImgMediaFactory.dll (API version 3944462).
LogModuleManager: Display: Found up-to-date module file ../../../Engine/Plugins/Media/ImgMedia/Binaries/Win64/UE4Editor-OpenExrWrapper.dll (API version 3944462).
LogModuleManager: Display: Found up-to-date module file ../../../Engine/Plugins/Media/LinearTimecode/Binaries/Win64/UE4Editor-LinearTimecode.dll (API version 3944462).
LogModuleManager: Display: Found up-to-date module file ../../../Engine/Plugins/Media/MediaCompositing/Binaries/Win64/UE4Editor-MediaCompositing.dll (API version 3944462).
LogModuleManager: Display: Found up-to-date module file ../../../Engine/Plugins/Media/MediaCompositing/Binaries/Win64/UE4Editor-MediaCompositingEditor.dll (API version 3944462).
LogModuleManager: Display: Found up-to-date module file ../../../Engine/Plugins/Media/MediaPlayerEditor/Binaries/Win64/UE4Editor-MediaPlayerEditor.dll (API version 3944462).
LogModuleManager: Display: Found up-to-date module file ../../../Engine/Plugins/Media/WmfMedia/Binaries/Win64/UE4Editor-WmfMedia.dll (API version 3944462).
LogModuleManager: Display: Found up-to-date module file ../../../Engine/Plugins/Media/WmfMedia/Binaries/Win64/UE4Editor-WmfMediaEditor.dll (API version 3944462).
LogModuleManager: Display: Found up-to-date module file ../../../Engine/Plugins/Media/WmfMedia/Binaries/Win64/UE4Editor-WmfMediaFactory.dll (API version 3944462).
LogModuleManager: Display: Found up-to-date module file ../../../Engine/Plugins/Media/WmfMedia/Binaries/Win64/UE4Editor-WmfMediaFactory.dll (API version 3944462).
LogModuleManager: Display: Found up-to-date module file ../../../Engine/Plugins/Messaging/TcpMessaging/Binaries/Win64/UE4Editor-TcpMessaging.dll (API version 3944462).
LogModuleManager: Display: Found up-to-date module file ../../../Engine/Plugins/Messaging/UdpMessaging/Binaries/Win64/UE4Editor-UdpMessaging.dll (API version 3944462).
LogModuleManager: Display: Found up-to-date module file ../../../Engine/Plugins/MovieScene/ActorSequence/Binaries/Win64/UE4Editor-ActorSequence.dll (API version 3944462).
LogModuleManager: Display: Found up-to-date module file ../../../Engine/Plugins/MovieScene/LevelSequenceEditor/Binaries/Win64/UE4Editor-LevelSequenceEditor.dll (API version 3944462).
LogModuleManager: Display: Found up-to-date module file ../../../Engine/Plugins/MovieScene/MatineeToLevelSequence/Binaries/Win64/UE4Editor-MatineeToLevelSequence.dll (API version 3944462).
LogModuleManager: Display: Found up-to-date module file ../../../Engine/Plugins/NetcodeUnitTest/NetcodeUnitTest/Binaries/Win64/UE4Editor-NetcodeUnitTest.dll (API version 3944462).
LogModuleManager: Display: Found up-to-date module file ../../../Engine/Plugins/NetcodeUnitTest/NUTUnrealEngine4/Binaries/Win64/UE4Editor-NUTUnrealEngine4.dll (API version 3944462).
LogModuleManager: Display: Found up-to-date module file ../../../Engine/Plugins/Runtime/AndroidPermission/Binaries/Win64/UE4Editor-AndroidPermission.dll (API version 3944462).
LogModuleManager: Display: Found up-to-date module file ../../../Engine/Plugins/Online/OnlineSubsystemNull/Binaries/Win64/UE4Editor-OnlineSubsystemNull.dll (API version 3944462).
LogModuleManager: Display: Found up-to-date module file ../../../Engine/Plugins/Runtime/AndroidDeviceProfileSelector/Binaries/Win64/UE4Editor-AndroidDeviceProfileSelector.dll (API version 3944462).
LogModuleManager: Display: Found up-to-date module file ../../../Engine/Plugins/Runtime/AppleARKit/Binaries/Win64/UE4Editor-AppleARKit.dll (API version 3944462).
LogModuleManager: Display: Found up-to-date module file ../../../Engine/Plugins/Runtime/ProceduralMeshComponent/Binaries/Win64/UE4Editor-ProceduralMeshComponent.dll (API version 3944462).
LogModuleManager: Display: Found up-to-date module file ../../../Engine/Plugins/Runtime/ProceduralMeshComponent/Binaries/Win64/UE4Editor-ProceduralMeshComponentEditor.dll (API version 3944462).
LogModuleManager: Display: Found up-to-date module file ../../../Engine/Plugins/Animation/LiveLink/Binaries/Win64/UE4Editor-LiveLink.dll (API version 3944462).
LogModuleManager: Display: Found up-to-date module file ../../../Engine/Plugins/Animation/LiveLink/Binaries/Win64/UE4Editor-LiveLinkEditor.dll (API version 3944462).
LogModuleManager: Display: Found up-to-date module file ../../../Engine/Plugins/Runtime/ArchVisCharacter/Binaries/Win64/UE4Editor-ArchVisCharacter.dll (API version 3944462).
LogModuleManager: Display: Found up-to-date module file ../../../Engine/Plugins/Runtime/AudioCapture/Binaries/Win64/UE4Editor-AudioCapture.dll (API version 3944462).
LogModuleManager: Display: Found up-to-date module file ../../../Engine/Plugins/Runtime/AudioCapture/Binaries/Win64/UE4Editor-AudioCaptureEditor.dll (API version 3944462).
LogModuleManager: Display: Found up-to-date module file ../../../Engine/Plugins/Runtime/CableComponent/Binaries/Win64/UE4Editor-CableComponent.dll (API version 3944462).
LogModuleManager: Display: Found up-to-date module file ../../../Engine/Plugins/Runtime/CustomMeshComponent/Binaries/Win64/UE4Editor-CustomMeshComponent.dll (API version 3944462).
LogModuleManager: Display: Found up-to-date module file ../../../Engine/Plugins/Runtime/ExampleDeviceProfileSelector/Binaries/Win64/UE4Editor-ExampleDeviceProfileSelector.dll (API version 3944462).
LogModuleManager: Display: Found up-to-date module file ../../../Engine/Plugins/Runtime/ImmediatePhysics/Binaries/Win64/UE4Editor-ImmediatePhysics.dll (API version 3944462).
LogModuleManager: Display: Found up-to-date module file ../../../Engine/Plugins/Runtime/ImmediatePhysics/Binaries/Win64/UE4Editor-ImmediatePhysicsEditor.dll (API version 3944462).
LogModuleManager: Display: Found up-to-date module file ../../../Engine/Plugins/Runtime/LocationServicesBPLibrary/Binaries/Win64/UE4Editor-LocationServicesBPLibrary.dll (API version 3944462).
LogModuleManager: Display: Found up-to-date module file ../../../Engine/Plugins/Runtime/MobilePatchingUtils/Binaries/Win64/UE4Editor-MobilePatchingUtils.dll (API version 3944462).
LogModuleManager: Display: Found up-to-date module file ../../../Engine/Plugins/Runtime/Oculus/OculusVR/Binaries/Win64/UE4Editor-OculusHMD.dll (API version 3944462).
LogModuleManager: Display: Found up-to-date module file ../../../Engine/Plugins/Runtime/Oculus/OculusVR/Binaries/Win64/UE4Editor-OculusInput.dll (API version 3944462).
LogModuleManager: Display: Found up-to-date module file ../../../Engine/Plugins/Runtime/Oculus/OculusVR/Binaries/Win64/UE4Editor-OculusEditor.dll (API version 3944462).
LogModuleManager: Display: Found up-to-date module file ../../../Engine/Plugins/Runtime/PhysXVehicles/Binaries/Win64/UE4Editor-PhysXVehicles.dll (API version 3944462).
LogModuleManager: Display: Found up-to-date module file ../../../Engine/Plugins/Runtime/PhysXVehicles/Binaries/Win64/UE4Editor-PhysXVehiclesEditor.dll (API version 3944462).
LogModuleManager: Display: Found up-to-date module file ../../../Engine/Plugins/Runtime/RuntimePhysXCooking/Binaries/Win64/UE4Editor-RuntimePhysXCooking.dll (API version 3944462).
LogModuleManager: Display: Found up-to-date module file ../../../Engine/Plugins/Runtime/Steam/SteamVR/Binaries/Win64/UE4Editor-SteamVR.dll (API version 3944462).
LogModuleManager: Display: Found up-to-date module file ../../../Engine/Plugins/Runtime/Steam/SteamVR/Binaries/Win64/UE4Editor-SteamVRController.dll (API version 3944462).
LogModuleManager: Display: Found up-to-date module file ../../../Engine/Plugins/Runtime/WindowsMoviePlayer/Binaries/Win64/UE4Editor-WindowsMoviePlayer.dll (API version 3944462).
LogPluginManager: Mounting plugin Paper2D
LogPluginManager: Mounting plugin LiveLink
LogPluginManager: Mounting plugin LightPropagationVolume
LogPluginManager: Mounting plugin CLionSourceCodeAccess
LogPluginManager: Mounting plugin CodeLiteSourceCodeAccess
LogPluginManager: Mounting plugin GitSourceControl
LogPluginManager: Mounting plugin KDevelopSourceCodeAccess
LogPluginManager: Mounting plugin NullSourceCodeAccess
LogPluginManager: Mounting plugin PerforceSourceControl
LogPluginManager: Mounting plugin SubversionSourceControl
LogPluginManager: Mounting plugin UObjectPlugin
LogPluginManager: Mounting plugin VisualStudioCodeSourceCodeAccess
LogPluginManager: Mounting plugin VisualStudioSourceCodeAccess
LogPluginManager: Mounting plugin XCodeSourceCodeAccess
LogPluginManager: Mounting plugin AssetManagerEditor
LogPluginManager: Mounting plugin CryptoKeys
LogPluginManager: Mounting plugin DataValidation
LogPluginManager: Mounting plugin FacialAnimation
LogPluginManager: Mounting plugin GameplayTagsEditor
LogPluginManager: Mounting plugin MobileLauncherProfileWizard
LogPluginManager: Mounting plugin PluginBrowser
LogPluginManager: Mounting plugin SpeedTreeImporter
LogPluginManager: Mounting plugin DatasmithContent
LogPluginManager: Mounting plugin AlembicImporter
LogPluginManager: Mounting plugin CharacterAI
LogPluginManager: Mounting plugin HTML5Networking
LogPluginManager: Mounting plugin AndroidMedia
LogPluginManager: Mounting plugin AvfMedia
LogPluginManager: Mounting plugin ImgMedia
LogPluginManager: Mounting plugin LinearTimecode
LogPluginManager: Mounting plugin MediaCompositing
LogPluginManager: Mounting plugin MediaPlayerEditor
LogPluginManager: Mounting plugin WmfMedia
LogPluginManager: Mounting plugin TcpMessaging
LogPluginManager: Mounting plugin UdpMessaging
LogPluginManager: Mounting plugin ActorSequence
LogPluginManager: Mounting plugin LevelSequenceEditor
LogPluginManager: Mounting plugin MatineeToLevelSequence
LogPluginManager: Mounting plugin NetcodeUnitTest
LogPluginManager: Mounting plugin NUTUnrealEngine4
LogPluginManager: Mounting plugin OnlineSubsystemGooglePlay
LogPluginManager: Mounting plugin OnlineSubsystemIOS
LogPluginManager: Mounting plugin OnlineSubsystem
LogPluginManager: Mounting plugin OnlineSubsystemNull
LogPluginManager: Mounting plugin OnlineSubsystemSteam
LogPluginManager: Mounting plugin OnlineSubsystemUtils
LogPluginManager: Mounting plugin AndroidDeviceProfileSelector
LogPluginManager: Mounting plugin AndroidMoviePlayer
LogPluginManager: Mounting plugin AndroidPermission
LogPluginManager: Mounting plugin AppleARKit
LogPluginManager: Mounting plugin AppleMoviePlayer
LogPluginManager: Mounting plugin ArchVisCharacter
LogPluginManager: Mounting plugin AudioCapture
LogPluginManager: Mounting plugin CableComponent
LogPluginManager: Mounting plugin CustomMeshComponent
LogPluginManager: Mounting plugin ExampleDeviceProfileSelector
LogPluginManager: Mounting plugin GoogleCloudMessaging
LogPluginManager: Mounting plugin ImmediatePhysics
LogPluginManager: Mounting plugin IOSDeviceProfileSelector
LogPluginManager: Mounting plugin LinuxDeviceProfileSelector
LogPluginManager: Mounting plugin LocationServicesBPLibrary
LogPluginManager: Mounting plugin MobilePatchingUtils
LogPluginManager: Mounting plugin OculusVR
LogPluginManager: Plugin shader directory ../../../Engine/Plugins/Runtime/Oculus/OculusVR/Shaders found
LogPluginManager: Mapping shader source directory ../../../Engine/Plugins/Runtime/Oculus/OculusVR/Shaders to virtual directory /Plugin/OculusVR
LogPluginManager: Mounting plugin PhysXVehicles
LogPluginManager: Mounting plugin ProceduralMeshComponent
LogPluginManager: Mounting plugin RuntimePhysXCooking
LogPluginManager: Mounting plugin SteamVR
LogPluginManager: Mounting plugin WindowsMoviePlayer
LogStreaming: Display: Took  3.616s to configure plugins.
LogInit: Using libcurl 7.47.1
LogInit:  - built for x86_64-pc-win32
LogInit:  - supports SSL with OpenSSL/1.0.2g
LogInit:  - supports HTTP deflate (compression) using libz 1.2.8
LogInit:  - other features:
LogInit:      CURL_VERSION_SSL
LogInit:      CURL_VERSION_LIBZ
LogInit:      CURL_VERSION_IPV6
LogInit:      CURL_VERSION_ASYNCHDNS
LogInit:      CURL_VERSION_LARGEFILE
LogInit:      CURL_VERSION_IDN
LogInit:  CurlRequestOptions (configurable via config and command line):
LogInit:  - bVerifyPeer = false  - Libcurl will NOT verify peer certificate
LogInit:  - bUseHttpProxy = false  - Libcurl will NOT use HTTP proxy
LogInit:  - bDontReuseConnections = false  - Libcurl will reuse connections
LogInit:  - CertBundlePath = nullptr  - Libcurl will use whatever was configured at build time.
LogInit:  - MaxHostConnections = 16  - Libcurl will limit the number of connections to a host
LogInit:  - LocalHostAddr = Default
LogOnline: Display: STEAM: Loading Steam SDK 1.39
LogOnline: Warning: STEAM: Steam API disabled!
LogOnline: Display: STEAM: OnlineSubsystemSteam::Shutdown()
LogInit: WinSock: version 1.1 (2.2), MaxSocks=32767, MaxUdp=65467
LogInit: WinSock: I am Max-PC (192.168.0.103:0)
LogInit: Build: ++UE4+Release-4.19-CL-4033788
LogInit: Engine Version: 4.19.2-4033788+++UE4+Release-4.19
LogInit: Compatible Engine Version: 4.19.0-3944462+++UE4+Release-4.19
LogInit: Net CL: 3944462
LogDevObjectVersion: Number of dev versions registered: 18
LogDevObjectVersion:   Dev-Blueprints (B0D832E4-1F89-4F0D-ACCF-7EB736FD4AA2): 10
LogDevObjectVersion:   Dev-Build (E1C64328-A22C-4D53-A36C-8E866417BD8C): 0
LogDevObjectVersion:   Dev-Core (375EC13C-06E4-48FB-B500-84F0262A717E): 2
LogDevObjectVersion:   Dev-Editor (E4B068ED-F494-42E9-A231-DA0B2E46BB41): 23
LogDevObjectVersion:   Dev-Framework (CFFC743F-43B0-4480-9391-14DF171D2073): 33
LogDevObjectVersion:   Dev-Mobile (B02B49B5-BB20-44E9-A304-32B752E40360): 2
LogDevObjectVersion:   Dev-Networking (A4E4105C-59A1-49B5-A7C5-40C4547EDFEE): 0
LogDevObjectVersion:   Dev-Online (39C831C9-5AE6-47DC-9A44-9C173E1C8E7C): 0
LogDevObjectVersion:   Dev-Physics (78F01B33-EBEA-4F98-B9B4-84EACCB95AA2): 0
LogDevObjectVersion:   Dev-Platform (6631380F-2D4D-43E0-8009-CF276956A95A): 0
LogDevObjectVersion:   Dev-Rendering (12F88B9F-8875-4AFC-A67C-D90C383ABD29): 25
LogDevObjectVersion:   Dev-Sequencer (7B5AE74C-D270-4C10-A958-57980B212A5A): 6
LogDevObjectVersion:   Dev-VR (D7296918-1DD6-4BDD-9DE2-64A83CC13884): 1
LogDevObjectVersion:   Dev-LoadTimes (C2A15278-BFE7-4AFE-6C17-90FF531DF755): 1
LogDevObjectVersion:   Private-Geometry (6EACA3D4-40EC-4CC1-B786-8BED09428FC5): 2
LogDevObjectVersion:   Dev-AnimPhys (29E575DD-E0A3-4627-9D10-D276232CDCEA): 16
LogDevObjectVersion:   Dev-ReflectionCapture (6B266CEC-1EC7-4B8F-A30B-E4D90942FC07): 1
LogDevObjectVersion:   Dev-Automation (0DF73D61-A23F-47EA-B727-89E90C41499A): 1
LogInit: Compiled (64-bit): Apr 27 2018 02:06:57
LogInit: Compiled with Visual C++: 19.00.24215.01
LogInit: Build Configuration: Development
LogInit: Branch Name: ++UE4+Release-4.19
LogInit: Command Line:  
LogInit: Base Directory: E:/UE_4.19/Engine/Binaries/Win64/
LogInit: Installed Engine Build: 1
LogStreaming: Display: Took  0.003s to delete old logs.
LogInit: Presizing for max 8388607 objects, including 0 objects not considered by GC, pre-allocating 0 bytes for permanent pool.
LogInit: Object subsystem initialized
[2018.08.28-16.00.54:184][  0]LogInit: Selected Device Profile: [Windows]
[2018.08.28-16.00.54:184][  0]LogInit: Applying CVar settings loaded from the selected device profile: [Windows]
[2018.08.28-16.00.54:308][  0]LogInit: Computer: MAX-PC
[2018.08.28-16.00.54:308][  0]LogInit: User: maxsa
[2018.08.28-16.00.54:308][  0]LogInit: CPU Page size=4096, Cores=4
[2018.08.28-16.00.54:308][  0]LogInit: High frequency timer resolution =3.320342 MHz
[2018.08.28-16.00.54:308][  0]LogMemory: Memory total: Physical=16.0GB (16GB approx)
[2018.08.28-16.00.54:308][  0]LogMemory: Platform Memory Stats for Windows
[2018.08.28-16.00.54:308][  0]LogMemory: Process Physical Memory: 273.51 MB used, 273.51 MB peak
[2018.08.28-16.00.54:308][  0]LogMemory: Process Virtual Memory: 263.96 MB used, 263.96 MB peak
[2018.08.28-16.00.54:308][  0]LogMemory: Physical Memory: 7646.61 MB used,  8688.25 MB free, 16334.86 MB total
[2018.08.28-16.00.54:308][  0]LogMemory: Virtual Memory: 4781.01 MB used,  8688.25 MB free, 134217728.00 MB total
[2018.08.28-16.00.55:327][  0]LogInit: Using OS detected language (en-US).
[2018.08.28-16.00.55:327][  0]LogInit: Using OS detected locale (en-CA).
[2018.08.28-16.00.55:793][  0]LogTextLocalizationManager: No specific localization for 'en-US' exists, so the 'en' localization will be used.
[2018.08.28-16.00.56:728][  0]LogStreaming: Display: Took  1.409s to EndInitTextLocalization.
[2018.08.28-16.00.56:762][  0]LogInit: Setting process to per monitor DPI aware
[2018.08.28-16.00.57:397][  0]LogSlate: New Slate User Created.  User Index 0, Is Virtual User: 0
[2018.08.28-16.00.57:397][  0]LogSlate: Slate User Registered.  User Index 0, Is Virtual User: 0
[2018.08.28-16.01.00:894][  0]LogD3D11RHI: D3D11 adapters:
[2018.08.28-16.01.00:964][  0]LogD3D11RHI:    0. 'NVIDIA GeForce GTX 1070' (Feature Level 11_0)
[2018.08.28-16.01.00:964][  0]LogD3D11RHI:       8088/0/8167 MB DedicatedVideo/DedicatedSystem/SharedSystem, Outputs:2, VendorId:0x10de
[2018.08.28-16.01.00:966][  0]LogD3D11RHI:    1. 'Microsoft Basic Render Driver' (Feature Level 11_0)
[2018.08.28-16.01.00:966][  0]LogD3D11RHI:       0/0/8167 MB DedicatedVideo/DedicatedSystem/SharedSystem, Outputs:0, VendorId:0x1414
[2018.08.28-16.01.00:966][  0]LogD3D11RHI: Chosen D3D11 Adapter: 0
[2018.08.28-16.01.00:977][  0]LogD3D11RHI: Creating new Direct3DDevice
[2018.08.28-16.01.00:981][  0]LogD3D11RHI:     GPU DeviceId: 0x1b81 (for the marketing name, search the web for "GPU Device Id")
[2018.08.28-16.01.00:981][  0]LogWindows: EnumDisplayDevices:
[2018.08.28-16.01.00:981][  0]LogWindows:    0. 'NVIDIA GeForce GTX 1070' (P:1 D:1)
[2018.08.28-16.01.00:981][  0]LogWindows:    1. 'NVIDIA GeForce GTX 1070' (P:0 D:1)
[2018.08.28-16.01.00:981][  0]LogWindows:    2. 'NVIDIA GeForce GTX 1070' (P:0 D:0)
[2018.08.28-16.01.00:982][  0]LogWindows:    3. 'NVIDIA GeForce GTX 1070' (P:0 D:0)
[2018.08.28-16.01.00:982][  0]LogWindows: DebugString: GetVideoDriverDetailsInvalid PrimaryIsNotTheChoosenAdapter GetVideoDriverDetailsInvalid PrimaryIsNotTheChoosenAdapter GetVideoDriverDetailsInvalid PrimaryIsNotTheChoosenAdapter GetVideoDriverDetailsInvalid PrimaryIsNotTheChoosenAdapter FoundDriverCount:0 
[2018.08.28-16.01.00:982][  0]LogD3D11RHI:     Adapter Name: NVIDIA GeForce GTX 1070
[2018.08.28-16.01.00:982][  0]LogD3D11RHI:   Driver Version: Unknown (internal:Unknown, unified:Unknown)
[2018.08.28-16.01.00:982][  0]LogD3D11RHI:      Driver Date: Unknown
[2018.08.28-16.01.00:982][  0]LogRHI: Texture pool is 5661 MB (70% of 8088 MB)
[2018.08.28-16.01.01:048][  0]LogD3D11RHI: [Aftermath] Aftermath enabled and primed
[2018.08.28-16.01.01:048][  0]LogD3D11RHI: [Aftermath] Aftermath enabled and primed
[2018.08.28-16.01.01:048][  0]LogD3D11RHI: Async texture creation enabled
[2018.08.28-16.01.01:362][  0]LogD3D11RHI: GPU Timing Frequency: 1000.000000 (Debug: 2 2)
[2018.08.28-16.01.01:538][  0]LogShaderCompilers: Guid format shader working directory is -6 characters bigger than the processId version (C:/Users/maxsa/Desktop/Unreal Projects/SteamProject/Intermediate/Shaders/WorkingDirectory/11300/).
[2018.08.28-16.01.01:548][  0]LogShaderCompilers: Cleaned the shader compiler working directory 'C:/Users/maxsa/AppData/Local/Temp/UnrealShaderWorkingDir/F41D4218407B659C4C2FEF856EDF8A2E/'.
[2018.08.28-16.01.02:728][  0]LogTemp: Display: Loaded TP AllDesktopTargetPlatform
[2018.08.28-16.01.02:742][  0]LogTemp: Display: Loaded TP MacClientTargetPlatform
[2018.08.28-16.01.02:756][  0]LogTemp: Display: Loaded TP MacNoEditorTargetPlatform
[2018.08.28-16.01.02:769][  0]LogTemp: Display: Loaded TP MacServerTargetPlatform
[2018.08.28-16.01.02:813][  0]LogTemp: Display: Loaded TP MacTargetPlatform
[2018.08.28-16.01.02:827][  0]LogTemp: Display: Loaded TP WindowsClientTargetPlatform
[2018.08.28-16.01.02:842][  0]LogTemp: Display: Loaded TP WindowsNoEditorTargetPlatform
[2018.08.28-16.01.02:857][  0]LogTemp: Display: Loaded TP WindowsServerTargetPlatform
[2018.08.28-16.01.02:864][  0]LogTemp: Display: Loaded TP WindowsTargetPlatform
[2018.08.28-16.01.02:877][  0]LogTemp: Display: Loaded TP Android_ASTCTargetPlatform
[2018.08.28-16.01.02:890][  0]LogTemp: Display: Loaded TP Android_ATCTargetPlatform
[2018.08.28-16.01.02:903][  0]LogTemp: Display: Loaded TP Android_DXTTargetPlatform
[2018.08.28-16.01.02:917][  0]LogTemp: Display: Loaded TP Android_ETC1aTargetPlatform
[2018.08.28-16.01.02:930][  0]LogTemp: Display: Loaded TP Android_ETC1TargetPlatform
[2018.08.28-16.01.02:942][  0]LogTemp: Display: Loaded TP Android_ETC2TargetPlatform
[2018.08.28-16.01.02:969][  0]LogTemp: Display: Loaded TP Android_MultiTargetPlatform
[2018.08.28-16.01.02:969][  0]LogTemp: Display: Loaded TP Android_PVRTCTargetPlatform
[2018.08.28-16.01.02:997][  0]LogTemp: Display: Loaded TP AndroidTargetPlatform
[2018.08.28-16.01.02:999][  0]LogTemp: Display: Loaded TP HTML5TargetPlatform
[2018.08.28-16.01.03:121][  0]LogTemp: Display: Loaded TP IOSTargetPlatform
[2018.08.28-16.01.03:144][  0]LogTemp: Display: Loaded TP TVOSTargetPlatform
[2018.08.28-16.01.03:156][  0]LogTemp: Display: Loaded TP LinuxClientTargetPlatform
[2018.08.28-16.01.03:169][  0]LogTemp: Display: Loaded TP LinuxNoEditorTargetPlatform
[2018.08.28-16.01.03:183][  0]LogTemp: Display: Loaded TP LinuxServerTargetPlatform
[2018.08.28-16.01.03:211][  0]LogTemp: Display: Loaded TP LinuxTargetPlatform
[2018.08.28-16.01.03:212][  0]LogTargetPlatformManager: Display: Building Assets For Windows
[2018.08.28-16.01.04:417][  0]LogXGEController: Cleaning working directory: C:/Users/maxsa/AppData/Local/Temp/UnrealXGEWorkingDir/
[2018.08.28-16.01.04:417][  0]LogXGEController: Cannot use XGE Controller as Incredibuild is not installed on this machine.
[2018.08.28-16.01.04:425][  0]LogShaderCompilers: Cannot use XGE Shader Compiler as Incredibuild is not installed on this machine.
[2018.08.28-16.01.04:425][  0]LogShaderCompilers: Display: Using Local Shader Compiler.
[2018.08.28-16.01.07:931][  0]LogDerivedDataCache: Display: Max Cache Size: 512 MB
[2018.08.28-16.01.08:217][  0]LogDerivedDataCache: Loaded boot cache 0.29s 74MB C:/Users/maxsa/AppData/Local/UnrealEngine/4.19/DerivedDataCache/Boot.ddc.
[2018.08.28-16.01.08:217][  0]LogDerivedDataCache: Display: Loaded Boot cache: C:/Users/maxsa/AppData/Local/UnrealEngine/4.19/DerivedDataCache/Boot.ddc
[2018.08.28-16.01.08:217][  0]LogDerivedDataCache: FDerivedDataBackendGraph:  Pak pak cache file C:/Users/maxsa/Desktop/Unreal Projects/SteamProject/DerivedDataCache/DDC.ddp not found, will not use a pak cache.
[2018.08.28-16.01.08:217][  0]LogDerivedDataCache: Unable to find inner node Pak for hierarchical cache Hierarchy.
[2018.08.28-16.01.08:217][  0]LogDerivedDataCache: FDerivedDataBackendGraph:  CompressedPak pak cache file C:/Users/maxsa/Desktop/Unreal Projects/SteamProject/DerivedDataCache/Compressed.ddp not found, will not use a pak cache.
[2018.08.28-16.01.08:217][  0]LogDerivedDataCache: Unable to find inner node CompressedPak for hierarchical cache Hierarchy.
[2018.08.28-16.01.08:315][  0]LogDerivedDataCache: Display: Pak cache opened for reading ../../../Engine/DerivedDataCache/Compressed.ddp.
[2018.08.28-16.01.08:328][  0]LogDerivedDataCache: Using Local data cache path C:/Users/maxsa/AppData/Local/UnrealEngine/Common/DerivedDataCache: Writable
[2018.08.28-16.01.08:328][  0]LogDerivedDataCache: Shared data cache path not found in *engine.ini, will not use an Shared cache.
[2018.08.28-16.01.08:328][  0]LogDerivedDataCache: Unable to find inner node Shared for hierarchical cache Hierarchy.
[2018.08.28-16.01.08:397][  0]LogMaterial: Verifying Global Shaders for PCD3D_SM5
[2018.08.28-16.01.08:471][  0]LogSlate: Using Freetype 2.6.0
[2018.08.28-16.01.08:536][  0]LogSlate: SlateFontCache - WITH_FREETYPE: 1, WITH_HARFBUZZ: 1
[2018.08.28-16.01.08:536][  0]LogSlate: SlateFontCache - WITH_FREETYPE: 1, WITH_HARFBUZZ: 1
[2018.08.28-16.01.14:266][  0]LogAssetRegistry: FAssetRegistry took 0.0517 seconds to start up
[2018.08.28-16.01.18:751][  0]LogInit: Selected Device Profile: [Windows]
[2018.08.28-16.01.22:296][  0]LogSimplygon: Simplygon DLL not present - disabling.
[2018.08.28-16.01.22:336][  0]LogMeshReduction: Using SimplygonSwarm for distributed automatic mesh merging
[2018.08.28-16.01.22:339][  0]LogMeshReduction: Using QuadricMeshReduction for automatic static mesh reduction
[2018.08.28-16.01.22:347][  0]LogMeshReduction: No automatic skeletal mesh reduction module available
[2018.08.28-16.01.22:347][  0]LogMeshReduction: No automatic mesh merging module available
[2018.08.28-16.01.22:347][  0]LogMeshMerging: No automatic mesh merging module available
[2018.08.28-16.01.22:775][  0]LogNetVersion: SteamProject , NetCL: 3944462, EngineNetVer: 2, GameNetVer: 0 (Checksum: 2850268364)
[2018.08.28-16.01.27:734][  0]LogPackageLocalizationCache: Processed 9 localized package path(s) for 2 prioritized culture(s) in 0.130214 seconds
[2018.08.28-16.01.27:752][  0]LogUObjectArray: 36735 objects as part of root set at end of initial load.
[2018.08.28-16.01.27:752][  0]LogUObjectAllocator: 7528584 out of 0 bytes used by permanent object pool.
[2018.08.28-16.01.27:752][  0]LogUObjectArray: CloseDisregardForGC: 0/0 objects in disregard for GC pool
[2018.08.28-16.01.40:783][  0]LogTcpMessaging: Initializing TcpMessaging bridge
[2018.08.28-16.01.40:836][  0]LogUdpMessaging: Initializing bridge on interface 0.0.0.0:0 to multicast group 230.0.0.1:6666.
[2018.08.28-16.01.41:789][  0]SourceControl: Source control is disabled
[2018.08.28-16.01.41:789][  0]SourceControl: Source control is disabled
[2018.08.28-16.01.41:913][  0]SourceControl: Source control is disabled
[2018.08.28-16.01.41:955][  0]SourceControl: Source control is disabled
[2018.08.28-16.01.43:250][  0]LogAndroidPermission: UAndroidPermissionCallbackProxy::GetInstance
[2018.08.28-16.01.43:503][  0]LogOcInput: OculusInput pre-init called
[2018.08.28-16.01.44:443][  0]LogEngine: Initializing Engine...
[2018.08.28-16.01.44:665][  0]LogHMD: Failed to initialize OpenVR with code 105
[2018.08.28-16.01.44:725][  0]LogStats: UGameplayTagsManager::ConstructGameplayTagTree: Construct from data asset -  0.000 s
[2018.08.28-16.01.44:726][  0]LogStats: UGameplayTagsManager::ConstructGameplayTagTree: GameplayTagTreeChangedEvent.Broadcast -  0.000 s
[2018.08.28-16.01.46:308][  0]LogAIModule: Creating AISystem for world Untitled
[2018.08.28-16.01.46:744][  0]LogInit: XAudio2 using 'Headphones (Realtek High Definition Audio)' : 2 channels at 48 kHz using 32 bits per sample (channel mask 0x3)
[2018.08.28-16.01.46:775][  0]LogInit: FAudioDevice initialized.
[2018.08.28-16.01.46:861][  0]LogDerivedDataCache: Saved boot cache 0.04s 74MB C:/Users/maxsa/AppData/Local/UnrealEngine/4.19/DerivedDataCache/Boot.ddc.
[2018.08.28-16.01.46:889][  0]LogInit: Texture streaming: Enabled
[2018.08.28-16.01.47:077][  0]LogEngineSessionManager: EngineSessionManager initialized
[2018.08.28-16.01.47:350][  0]LogInit: Transaction tracking system initialized
[2018.08.28-16.01.47:883][  0]BlueprintLog: New page: Editor Load
[2018.08.28-16.01.49:496][  0]LocalizationService: Localization service is disabled
[2018.08.28-16.01.50:572][  0]LogConsoleResponse: Display: 
[2018.08.28-16.01.55:397][  0]LogFileCache: Scanning file cache for directory 'C:/Users/maxsa/Desktop/Unreal Projects/SteamProject/Content/' took 0.05s
[2018.08.28-16.01.55:397][  0]LogCook: Display: Max memory allowance for cook 16384mb min free memory 0mb
[2018.08.28-16.01.55:398][  0]LogCook: Display: Mobile HDR setting 1
[2018.08.28-16.01.55:436][  0]LogGameplayTags: Display: UGameplayTagsManager::DoneAddingNativeTags. DelegateIsBound: 0
[2018.08.28-16.01.55:443][  0]LogStats: UGameplayTagsManager::ConstructGameplayTagTree: Construct from data asset -  0.000 s
[2018.08.28-16.01.55:443][  0]LogStats: UGameplayTagsManager::ConstructGameplayTagTree: GameplayTagTreeChangedEvent.Broadcast -  0.000 s
[2018.08.28-16.01.59:740][  0]SourceControl: Source control is disabled
[2018.08.28-16.01.59:787][  0]Cmd: MAP LOAD FILE="C:/Users/maxsa/Desktop/Unreal Projects/SteamProject/Content/Maps/MainMenu.umap" TEMPLATE=0 SHOWPROGRESS=1 FEATURELEVEL=3
[2018.08.28-16.01.59:820][  0]LightingResults: New page: Lighting Build
[2018.08.28-16.02.00:267][  0]MapCheck: New page: Map Check
[2018.08.28-16.02.00:267][  0]LightingResults: New page: Lighting Build
[2018.08.28-16.02.02:007][  0]LogUObjectGlobals: Created PersistentFrame Addr=0x0000017c39951600, Size=504, Default__GameInfoInstance_C Function /Game/Blueprints/AllLevels/GameInfoInstance.GameInfoInstance_C:ExecuteUbergraph_GameInfoInstance
[2018.08.28-16.02.02:099][  0]LogUObjectGlobals: Created PersistentFrame Addr=0x0000017c39551530, Size=80, Default__HostMenu_C Function /Game/UI/MainMenu/HostMenu.HostMenu_C:ExecuteUbergraph_HostMenu
[2018.08.28-16.02.02:113][  0]LogUObjectGlobals: Created PersistentFrame Addr=0x0000017c394cfd58, Size=40, Default__MainMenu_C Function /Game/UI/MainMenu/MainMenu.MainMenu_C:ExecuteUbergraph_MainMenu
[2018.08.28-16.02.02:186][  0]LogUObjectGlobals: Created PersistentFrame Addr=0x0000017c39dfd9f0, Size=104, Default__OptionsMenu_C Function /Game/UI/MainMenu/OptionsMenu.OptionsMenu_C:ExecuteUbergraph_OptionsMenu
[2018.08.28-16.02.02:225][  0]LogUObjectGlobals: Created PersistentFrame Addr=0x0000017c39048400, Size=608, Default__ServerMenu_C Function /Game/UI/MainMenu/ServerMenu.ServerMenu_C:ExecuteUbergraph_ServerMenu
[2018.08.28-16.02.02:792][  0]LogUObjectGlobals: Destroyed PersistentFrame Addr=0x0000017c39951600, Size=504
[2018.08.28-16.02.02:792][  0]LogUObjectGlobals: Created PersistentFrame Addr=0x0000017c39b9c400, Size=504, Default__GameInfoInstance_C Function /Engine/Transient.REINST_GameInfoInstance_C_3:ExecuteUbergraph_GameInfoInstance
[2018.08.28-16.02.02:794][  0]LogUObjectGlobals: Destroyed PersistentFrame Addr=0x0000017c39551530, Size=80
[2018.08.28-16.02.02:794][  0]LogUObjectGlobals: Created PersistentFrame Addr=0x0000017c25d92e30, Size=80, Default__HostMenu_C Function /Engine/Transient.REINST_HostMenu_C_0:ExecuteUbergraph_HostMenu
[2018.08.28-16.02.02:794][  0]LogUObjectGlobals: Destroyed PersistentFrame Addr=0x0000017c394cfd58, Size=40
[2018.08.28-16.02.02:794][  0]LogUObjectGlobals: Created PersistentFrame Addr=0x0000017c394cfd58, Size=40, Default__MainMenu_C Function /Engine/Transient.REINST_MainMenu_C_2:ExecuteUbergraph_MainMenu
[2018.08.28-16.02.02:795][  0]LogUObjectGlobals: Destroyed PersistentFrame Addr=0x0000017c39dfd9f0, Size=104
[2018.08.28-16.02.02:795][  0]LogUObjectGlobals: Created PersistentFrame Addr=0x0000017c25d786b0, Size=104, Default__OptionsMenu_C Function /Engine/Transient.REINST_OptionsMenu_C_3:ExecuteUbergraph_OptionsMenu
[2018.08.28-16.02.02:795][  0]LogUObjectGlobals: Destroyed PersistentFrame Addr=0x0000017c39048400, Size=608
[2018.08.28-16.02.02:795][  0]LogUObjectGlobals: Created PersistentFrame Addr=0x0000017c1fb5f880, Size=608, Default__ServerMenu_C Function /Engine/Transient.REINST_ServerMenu_C_4:ExecuteUbergraph_ServerMenu
[2018.08.28-16.02.03:084][  0]LogUObjectGlobals: Created PersistentFrame Addr=0x0000017c1f9bf200, Size=504, Default__GameInfoInstance_C Function /Game/Blueprints/AllLevels/GameInfoInstance.GameInfoInstance_C:ExecuteUbergraph_GameInfoInstance
[2018.08.28-16.02.03:118][  0]LogUObjectGlobals: Created PersistentFrame Addr=0x0000017c1f96df30, Size=80, Default__HostMenu_C Function /Game/UI/MainMenu/HostMenu.HostMenu_C:ExecuteUbergraph_HostMenu
[2018.08.28-16.02.03:119][  0]LogUObjectGlobals: Created PersistentFrame Addr=0x0000017c394ce6b0, Size=40, Default__MainMenu_C Function /Game/UI/MainMenu/MainMenu.MainMenu_C:ExecuteUbergraph_MainMenu
[2018.08.28-16.02.03:123][  0]LogUObjectGlobals: Created PersistentFrame Addr=0x0000017c1f911440, Size=104, Default__OptionsMenu_C Function /Game/UI/MainMenu/OptionsMenu.OptionsMenu_C:ExecuteUbergraph_OptionsMenu
[2018.08.28-16.02.03:127][  0]LogUObjectGlobals: Created PersistentFrame Addr=0x0000017c1f9ad800, Size=608, Default__ServerMenu_C Function /Game/UI/MainMenu/ServerMenu.ServerMenu_C:ExecuteUbergraph_ServerMenu
[2018.08.28-16.02.03:182][  0]LogUObjectGlobals: Created PersistentFrame Addr=0x0000017c1f8b7f80, Size=32, Default__MainMenu_C Function /Game/Maps/MainMenu.MainMenu_C:ExecuteUbergraph_MainMenu
[2018.08.28-16.02.03:183][  0]LogUObjectGlobals: Destroyed PersistentFrame Addr=0x0000017c1f8b7f80, Size=32
[2018.08.28-16.02.03:183][  0]LogUObjectGlobals: Created PersistentFrame Addr=0x0000017c1f8b7f80, Size=32, MainMenu_C_0 Function /Engine/Transient.REINST_MainMenu_C_12:ExecuteUbergraph_MainMenu
[2018.08.28-16.02.03:184][  0]LogUObjectGlobals: Created PersistentFrame Addr=0x0000017c1f8b7360, Size=32, Default__MainMenu_C Function /Game/Maps/MainMenu.MainMenu_C:ExecuteUbergraph_MainMenu
[2018.08.28-16.02.03:770][  0]LogAIModule: Creating AISystem for world MainMenu
[2018.08.28-16.02.04:020][  0]LogEditorServer: Finished looking for orphan Actors (0.000 secs)
[2018.08.28-16.02.04:243][  0]LogUObjectGlobals: Destroyed PersistentFrame Addr=0x0000017c39b9c400, Size=504
[2018.08.28-16.02.04:243][  0]LogUObjectGlobals: Destroyed PersistentFrame Addr=0x0000017c25d92e30, Size=80
[2018.08.28-16.02.04:243][  0]LogUObjectGlobals: Destroyed PersistentFrame Addr=0x0000017c394cfd58, Size=40
[2018.08.28-16.02.04:243][  0]LogUObjectGlobals: Destroyed PersistentFrame Addr=0x0000017c25d786b0, Size=104
[2018.08.28-16.02.04:243][  0]LogUObjectGlobals: Destroyed PersistentFrame Addr=0x0000017c1fb5f880, Size=608
[2018.08.28-16.02.04:243][  0]LogUObjectGlobals: Destroyed PersistentFrame Addr=0x0000017c1f8b7f80, Size=32
[2018.08.28-16.02.04:307][  0]Cmd: MAP CHECKDEP NOCLEARLOG
[2018.08.28-16.02.04:384][  0]MapCheck: Map check complete: 0 Error(s), 0 Warning(s), took 73.843ms to complete.
[2018.08.28-16.02.04:385][  0]LogFileHelpers: Loading map 'MainMenu' took 4.614
[2018.08.28-16.02.07:303][  0]LogCollectionManager: Loaded 0 collections in 0.002076 seconds
[2018.08.28-16.02.07:593][  0]LogFileCache: Scanning file cache for directory 'C:/Users/maxsa/Desktop/Unreal Projects/SteamProject/Saved/Collections/' took 0.01s
[2018.08.28-16.02.07:593][  0]LogFileCache: Scanning file cache for directory 'C:/Users/maxsa/Desktop/Unreal Projects/SteamProject/Content/Developers/maxsa/Collections/' took 0.01s
[2018.08.28-16.02.07:593][  0]LogFileCache: Scanning file cache for directory 'C:/Users/maxsa/Desktop/Unreal Projects/SteamProject/Content/Collections/' took 0.01s
[2018.08.28-16.02.07:593][  0]LogCollectionManager: Rebuilt the GUID cache for 0 collections in 0.000000 seconds
[2018.08.28-16.02.07:634][  0]LogContentBrowser: Native class hierarchy populated in 0.0257 seconds. Added 2454 classes and 561 folders.
[2018.08.28-16.02.07:814][  0]LogContentBrowser: Native class hierarchy updated for 'WidgetCarousel' in 0.0003 seconds. Added 0 classes and 0 folders.
[2018.08.28-16.02.09:615][  0]LogContentBrowser: Native class hierarchy updated for 'AddContentDialog' in 0.0003 seconds. Added 0 classes and 0 folders.
[2018.08.28-16.02.09:717][  0]LogContentBrowser: Native class hierarchy updated for 'SceneOutliner' in 0.0003 seconds. Added 1 classes and 2 folders.
[2018.08.28-16.02.11:409][  0]LogSlate: Took 0.018825 seconds to synchronously load lazily loaded font '../../../Engine/Content/Slate/Fonts/Roboto-Regular.ttf' (155K)
[2018.08.28-16.02.11:431][  0]LogSlate: Took 0.018533 seconds to synchronously load lazily loaded font '../../../Engine/Content/Slate/Fonts/Roboto-Bold.ttf' (160K)
[2018.08.28-16.02.11:530][  0]LogSlate: Took 0.018330 seconds to synchronously load lazily loaded font '../../../Engine/Content/Editor/Slate/Fonts/FontAwesome.ttf' (139K)
[2018.08.28-16.02.12:507][  0]LogRenderer: Reallocating scene render targets to support 1208x576 Format 10 NumSamples 1 (Frame:1).
[2018.08.28-16.02.13:801][  0]LogContentBrowser: Native class hierarchy updated for 'HierarchicalLODOutliner' in 0.0004 seconds. Added 0 classes and 0 folders.
[2018.08.28-16.02.13:801][  0]LogLoad: (Engine Initialization) Total time: 98.70 seconds
[2018.08.28-16.02.13:801][  0]LogLoad: (Engine Initialization) Total Blueprint compile time: 0.00 seconds
[2018.08.28-16.02.14:494][  0]LogContentStreaming: Texture pool size now 1000 MB
[2018.08.28-16.02.15:066][  2]LogUObjectGlobals: Created PersistentFrame Addr=0x0000017c205274d0, Size=8, Default__GameSettings_C Function /Game/UI/Lobby/GameSettings.GameSettings_C:ExecuteUbergraph_GameSettings
[2018.08.28-16.02.15:091][  2]LogUObjectGlobals: Destroyed PersistentFrame Addr=0x0000017c205274d0, Size=8
[2018.08.28-16.02.15:091][  2]LogUObjectGlobals: Created PersistentFrame Addr=0x0000017c205274d0, Size=8, Default__GameSettings_C Function /Engine/Transient.REINST_GameSettings_C_5:ExecuteUbergraph_GameSettings
[2018.08.28-16.02.15:095][  2]LogUObjectGlobals: Created PersistentFrame Addr=0x0000017c20527158, Size=8, Default__GameSettings_C Function /Game/UI/Lobby/GameSettings.GameSettings_C:ExecuteUbergraph_GameSettings
[2018.08.28-16.02.15:222][  2]LogSlate: Took 0.022154 seconds to synchronously load lazily loaded font '../../../Engine/Content/Slate/Fonts/Roboto-Light.ttf' (167K)
[2018.08.28-16.02.16:443][  2]LogContentBrowser: Native class hierarchy updated for 'BlueprintGraph' in 0.0007 seconds. Added 116 classes and 0 folders.
[2018.08.28-16.02.17:201][  2]LogUObjectGlobals: Created PersistentFrame Addr=0x0000017c5cb6cae8, Size=4, Default__SKEL_PROTO_BP_AnimBlueprint_0_C Function /Engine/Transient.SKEL_PROTO_BP_AnimBlueprint_0_C:ExecuteUbergraph_PROTO_BP_AnimBlueprint_0
[2018.08.28-16.02.17:217][  2]LogUObjectGlobals: Created PersistentFrame Addr=0x0000017c5cb6cae0, Size=4, Default__PROTO_BP_AnimBlueprint_0_C Function /Engine/Transient.PROTO_BP_AnimBlueprint_0_C:ExecuteUbergraph_PROTO_BP_AnimBlueprint_0
[2018.08.28-16.02.19:324][  2]LogSlate: Took 0.021667 seconds to synchronously load lazily loaded font '../../../Engine/Content/Slate/Fonts/Roboto-BoldCondensed.ttf' (158K)
[2018.08.28-16.02.19:684][  3]LogAssetRegistry: Asset discovery search completed in 65.4499 seconds
[2018.08.28-16.02.19:736][  3]LogCollectionManager: Rebuilt the object cache for 0 collections in 0.000000 seconds (found 0 objects)
[2018.08.28-16.02.19:736][  3]LogCollectionManager: Fixed up redirectors for 0 collections in 0.000074 seconds (updated 0 objects)
[2018.08.28-16.03.05:434][140]LogSlate: FSceneViewport::OnFocusLost() reason 0
[2018.08.28-16.03.06:264][140]LogSlate: Took 0.119490 seconds to synchronously load lazily loaded font '../../../Engine/Content/Slate/Fonts/DroidSansFallback.ttf' (3848K)
[2018.08.28-16.03.09:074][382]LogUObjectGlobals: Created PersistentFrame Addr=0x0000017c1cf9c5a8, Size=4, Default__SKEL_GameSettings_C Function /Game/UI/Lobby/GameSettings.SKEL_GameSettings_C:ExecuteUbergraph_GameSettings
[2018.08.28-16.03.10:465][501]LogConsoleManager: Warning: Performance warning: Console object named 'r.DebugSafeZone.Mode' shows many (500) FindConsoleObject() calls (consider caching e.g. using static)
[2018.08.28-16.03.14:327][924]LogUObjectGlobals: Destroyed PersistentFrame Addr=0x0000017c1cf9c5a8, Size=4
[2018.08.28-16.03.14:327][924]LogUObjectGlobals: Created PersistentFrame Addr=0x0000017c529e00b0, Size=4, Default__SKEL_GameSettings_C Function /Engine/Transient.REINST_SKEL_GameSettings_C_7:ExecuteUbergraph_GameSettings
[2018.08.28-16.03.14:329][924]LogUObjectGlobals: Created PersistentFrame Addr=0x0000017c529e0188, Size=4, Default__SKEL_GameSettings_C Function /Game/UI/Lobby/GameSettings.SKEL_GameSettings_C:ExecuteUbergraph_GameSettings
[2018.08.28-16.03.21:662][752]LogEditorTransaction: Undo Rename Widget
[2018.08.28-16.03.21:725][752]LogUObjectGlobals: Destroyed PersistentFrame Addr=0x0000017c529e0188, Size=4
[2018.08.28-16.03.21:725][752]LogUObjectGlobals: Created PersistentFrame Addr=0x0000017c2db418f0, Size=4, Default__SKEL_GameSettings_C Function /Engine/Transient.REINST_SKEL_GameSettings_C_8:ExecuteUbergraph_GameSettings
[2018.08.28-16.03.21:727][752]LogUObjectGlobals: Created PersistentFrame Addr=0x0000017c2db417d8, Size=4, Default__SKEL_GameSettings_C Function /Game/UI/Lobby/GameSettings.SKEL_GameSettings_C:ExecuteUbergraph_GameSettings
[2018.08.28-16.03.22:456][807]LogEditorTransaction: Undo Rename Widget
[2018.08.28-16.03.22:458][807]LogUObjectGlobals: Destroyed PersistentFrame Addr=0x0000017c2db417d8, Size=4
[2018.08.28-16.03.22:458][807]LogUObjectGlobals: Created PersistentFrame Addr=0x0000017c2db417d8, Size=4, Default__SKEL_GameSettings_C Function /Engine/Transient.REINST_SKEL_GameSettings_C_9:ExecuteUbergraph_GameSettings
[2018.08.28-16.03.22:460][807]LogUObjectGlobals: Created PersistentFrame Addr=0x0000017c2db408f0, Size=4, Default__SKEL_GameSettings_C Function /Game/UI/Lobby/GameSettings.SKEL_GameSettings_C:ExecuteUbergraph_GameSettings
[2018.08.28-16.03.29:713][484]LogUObjectGlobals: Destroyed PersistentFrame Addr=0x0000017c2db408f0, Size=4
[2018.08.28-16.03.29:713][484]LogUObjectGlobals: Created PersistentFrame Addr=0x0000017c2db408f0, Size=4, Default__SKEL_GameSettings_C Function /Engine/Transient.REINST_SKEL_GameSettings_C_10:ExecuteUbergraph_GameSettings
[2018.08.28-16.03.29:715][484]LogUObjectGlobals: Created PersistentFrame Addr=0x0000017c2db402b0, Size=4, Default__SKEL_GameSettings_C Function /Game/UI/Lobby/GameSettings.SKEL_GameSettings_C:ExecuteUbergraph_GameSettings
[2018.08.28-16.03.34:353][ 13]LogUObjectGlobals: Destroyed PersistentFrame Addr=0x0000017c2db402b0, Size=4
[2018.08.28-16.03.34:353][ 13]LogUObjectGlobals: Created PersistentFrame Addr=0x0000017c2db402b0, Size=4, Default__SKEL_GameSettings_C Function /Engine/Transient.REINST_SKEL_GameSettings_C_11:ExecuteUbergraph_GameSettings
[2018.08.28-16.03.34:355][ 13]LogUObjectGlobals: Created PersistentFrame Addr=0x0000017c2db43498, Size=4, Default__SKEL_GameSettings_C Function /Game/UI/Lobby/GameSettings.SKEL_GameSettings_C:ExecuteUbergraph_GameSettings
[2018.08.28-16.03.40:891][154]BlueprintLog: New page: Compile GameSettings
[2018.08.28-16.03.40:907][154]LogUObjectGlobals: Destroyed PersistentFrame Addr=0x0000017c2db43498, Size=4
[2018.08.28-16.03.40:908][154]LogUObjectGlobals: Created PersistentFrame Addr=0x0000017c1cf9fd68, Size=4, Default__SKEL_GameSettings_C Function /Engine/Transient.REINST_SKEL_GameSettings_C_12:ExecuteUbergraph_GameSettings
[2018.08.28-16.03.40:914][154]LogUObjectGlobals: Destroyed PersistentFrame Addr=0x0000017c20527158, Size=8
[2018.08.28-16.03.40:914][154]LogUObjectGlobals: Created PersistentFrame Addr=0x0000017c1cf9fd00, Size=8, GameSettings_C_8 Function /Engine/Transient.REINST_GameSettings_C_13:ExecuteUbergraph_GameSettings
[2018.08.28-16.03.40:917][154]LogUObjectGlobals: Created PersistentFrame Addr=0x0000017c1cf9fbb0, Size=8, Default__GameSettings_C Function /Game/UI/Lobby/GameSettings.GameSettings_C:ExecuteUbergraph_GameSettings
[2018.08.28-16.03.40:982][154]LogUObjectGlobals: Destroyed PersistentFrame Addr=0x0000017c205274d0, Size=8
[2018.08.28-16.03.40:983][154]LogUObjectGlobals: Destroyed PersistentFrame Addr=0x0000017c529e00b0, Size=4
[2018.08.28-16.03.40:983][154]LogUObjectGlobals: Destroyed PersistentFrame Addr=0x0000017c2db418f0, Size=4
[2018.08.28-16.03.40:983][154]LogUObjectGlobals: Destroyed PersistentFrame Addr=0x0000017c2db417d8, Size=4
[2018.08.28-16.03.40:983][154]LogUObjectGlobals: Destroyed PersistentFrame Addr=0x0000017c2db408f0, Size=4
[2018.08.28-16.03.40:983][154]LogUObjectGlobals: Destroyed PersistentFrame Addr=0x0000017c2db402b0, Size=4
[2018.08.28-16.03.40:983][154]LogUObjectGlobals: Destroyed PersistentFrame Addr=0x0000017c1cf9fd68, Size=4
[2018.08.28-16.03.41:672][187]Cmd: OBJ SAVEPACKAGE PACKAGE="/Game/UI/Lobby/GameSettings" FILE="C:/Users/maxsa/Desktop/Unreal Projects/SteamProject/Content/UI/Lobby/GameSettings.uasset" SILENT=true
[2018.08.28-16.03.41:899][187]LogSavePackage: Save=124.81ms
[2018.08.28-16.03.41:899][187]LogSavePackage: Moving 'C:/Users/maxsa/Desktop/Unreal Projects/SteamProject/Saved/GameSettings7E79FFD54F7691D4BF50CC9A1788E287.tmp' to 'C:/Users/maxsa/Desktop/Unreal Projects/SteamProject/Content/UI/Lobby/GameSettings.uasset'
[2018.08.28-16.03.41:945][187]LogSavePackage: Display: Finished SavePackage C:/Users/maxsa/Desktop/Unreal Projects/SteamProject/Content/UI/Lobby/GameSettings.uasset
[2018.08.28-16.03.43:469][227]LogSlate: Took 0.016212 seconds to synchronously load lazily loaded font '../../../Engine/Content/Slate/Fonts/Roboto-Italic.ttf' (157K)
[2018.08.28-16.03.49:263][900]LogUObjectGlobals: Created PersistentFrame Addr=0x0000017c5c427b18, Size=4, Default__SKEL_GameSettings_C Function /Game/UI/Lobby/GameSettings.SKEL_GameSettings_C:ExecuteUbergraph_GameSettings
[2018.08.28-16.03.52:963][331]LogUObjectGlobals: Destroyed PersistentFrame Addr=0x0000017c5c427b18, Size=4
[2018.08.28-16.03.52:963][331]LogUObjectGlobals: Created PersistentFrame Addr=0x0000017c5e704688, Size=4, Default__SKEL_GameSettings_C Function /Engine/Transient.REINST_SKEL_GameSettings_C_15:ExecuteUbergraph_GameSettings
[2018.08.28-16.03.52:965][331]LogUObjectGlobals: Created PersistentFrame Addr=0x0000017c5e7045e8, Size=4, Default__SKEL_GameSettings_C Function /Game/UI/Lobby/GameSettings.SKEL_GameSettings_C:ExecuteUbergraph_GameSettings
[2018.08.28-16.07.07:353][986]LogUObjectGlobals: Destroyed PersistentFrame Addr=0x0000017c5e7045e8, Size=4
[2018.08.28-16.07.07:353][986]LogUObjectGlobals: Created PersistentFrame Addr=0x0000017c2db43aa8, Size=4, Default__SKEL_GameSettings_C Function /Engine/Transient.REINST_SKEL_GameSettings_C_16:ExecuteUbergraph_GameSettings
[2018.08.28-16.07.07:356][986]LogUObjectGlobals: Created PersistentFrame Addr=0x0000017c2db41fb8, Size=4, Default__SKEL_GameSettings_C Function /Game/UI/Lobby/GameSettings.SKEL_GameSettings_C:ExecuteUbergraph_GameSettings
[2018.08.28-16.07.23:900][733]Cmd: OBJ SAVEPACKAGE PACKAGE="/Game/UI/Lobby/GameSettings" FILE="C:/Users/maxsa/Desktop/Unreal Projects/SteamProject/Content/UI/Lobby/GameSettings.uasset" SILENT=true
[2018.08.28-16.07.23:973][733]LogSavePackage: Save=44.08ms
[2018.08.28-16.07.23:973][733]LogSavePackage: Moving 'C:/Users/maxsa/Desktop/Unreal Projects/SteamProject/Saved/GameSettings601F63904F3F1A68AB67CF919117D748.tmp' to 'C:/Users/maxsa/Desktop/Unreal Projects/SteamProject/Content/UI/Lobby/GameSettings.uasset'
[2018.08.28-16.07.23:978][733]LogSavePackage: Display: Finished SavePackage C:/Users/maxsa/Desktop/Unreal Projects/SteamProject/Content/UI/Lobby/GameSettings.uasset
[2018.08.28-16.07.25:580][916]BlueprintLog: New page: Compile GameSettings
[2018.08.28-16.07.25:589][916]LogUObjectGlobals: Destroyed PersistentFrame Addr=0x0000017c2db41fb8, Size=4
[2018.08.28-16.07.25:589][916]LogUObjectGlobals: Created PersistentFrame Addr=0x0000017c2db41fb8, Size=4, Default__SKEL_GameSettings_C Function /Engine/Transient.REINST_SKEL_GameSettings_C_17:ExecuteUbergraph_GameSettings
[2018.08.28-16.07.25:599][916]LogUObjectGlobals: Destroyed PersistentFrame Addr=0x0000017c1cf9fbb0, Size=8
[2018.08.28-16.07.25:599][916]LogUObjectGlobals: Created PersistentFrame Addr=0x0000017c2db41cc0, Size=8, Default__GameSettings_C Function /Engine/Transient.REINST_GameSettings_C_18:ExecuteUbergraph_GameSettings
[2018.08.28-16.07.25:604][916]LogUObjectGlobals: Created PersistentFrame Addr=0x0000017c29f73c60, Size=28, Default__GameSettings_C Function /Game/UI/Lobby/GameSettings.GameSettings_C:ExecuteUbergraph_GameSettings
[2018.08.28-16.07.25:622][916]LogUObjectGlobals: Destroyed PersistentFrame Addr=0x0000017c2db41fb8, Size=4
[2018.08.28-16.07.25:622][916]LogUObjectGlobals: Destroyed PersistentFrame Addr=0x0000017c2db43aa8, Size=4
[2018.08.28-16.07.25:622][916]LogUObjectGlobals: Destroyed PersistentFrame Addr=0x0000017c5e704688, Size=4
[2018.08.28-16.07.26:231][978]Cmd: OBJ SAVEPACKAGE PACKAGE="/Game/UI/Lobby/GameSettings" FILE="C:/Users/maxsa/Desktop/Unreal Projects/SteamProject/Content/UI/Lobby/GameSettings.uasset" SILENT=true
[2018.08.28-16.07.26:289][978]LogSavePackage: Save=44.75ms
[2018.08.28-16.07.26:289][978]LogSavePackage: Moving 'C:/Users/maxsa/Desktop/Unreal Projects/SteamProject/Saved/GameSettings8768EA394556E8D94A854D8E94CDA4ED.tmp' to 'C:/Users/maxsa/Desktop/Unreal Projects/SteamProject/Content/UI/Lobby/GameSettings.uasset'
[2018.08.28-16.07.26:290][978]LogSavePackage: Display: Finished SavePackage C:/Users/maxsa/Desktop/Unreal Projects/SteamProject/Content/UI/Lobby/GameSettings.uasset
[2018.08.28-16.20.58:528][403]LogSlate: Window 'SteamProject - Unreal Editor' being destroyed
[2018.08.28-16.20.59:067][404]Cmd: QUIT_EDITOR
[2018.08.28-16.20.59:419][404]LogWindowsTextInputMethodSystem: Display: IME system now deactivated.
[2018.08.28-16.20.59:476][404]LogSlate: Slate User Destroyed.  User Index 0, Is Virtual User: 0
[2018.08.28-16.20.59:509][404]LogExit: Preparing to exit.
[2018.08.28-16.21.01:222][404]LogExit: Editor shut down
[2018.08.28-16.21.01:241][404]LogExit: Transaction tracking system shut down
[2018.08.28-16.21.01:243][404]LogUObjectGlobals: Destroyed PersistentFrame Addr=0x0000017c1cf9fd00, Size=8
[2018.08.28-16.21.01:244][404]LogUObjectGlobals: Destroyed PersistentFrame Addr=0x0000017c1f9bf200, Size=504
[2018.08.28-16.21.01:244][404]LogUObjectGlobals: Destroyed PersistentFrame Addr=0x0000017c1f96df30, Size=80
[2018.08.28-16.21.01:244][404]LogUObjectGlobals: Destroyed PersistentFrame Addr=0x0000017c394ce6b0, Size=40
[2018.08.28-16.21.01:244][404]LogUObjectGlobals: Destroyed PersistentFrame Addr=0x0000017c1f911440, Size=104
[2018.08.28-16.21.01:244][404]LogUObjectGlobals: Destroyed PersistentFrame Addr=0x0000017c1f9ad800, Size=608
[2018.08.28-16.21.01:244][404]LogUObjectGlobals: Destroyed PersistentFrame Addr=0x0000017c1f8b7360, Size=32
[2018.08.28-16.21.01:246][404]LogUObjectGlobals: Destroyed PersistentFrame Addr=0x0000017c5cb6cae8, Size=4
[2018.08.28-16.21.01:246][404]LogUObjectGlobals: Destroyed PersistentFrame Addr=0x0000017c5cb6cae0, Size=4
[2018.08.28-16.21.01:247][404]LogUObjectGlobals: Destroyed PersistentFrame Addr=0x0000017c29f73c60, Size=28
[2018.08.28-16.21.01:247][404]LogUObjectGlobals: Destroyed PersistentFrame Addr=0x0000017c2db41cc0, Size=8
[2018.08.28-16.21.01:511][404]LogDirectoryWatcher: A directory notification for '../../../Engine/Content/' was aborted.
[2018.08.28-16.21.01:512][404]LogDirectoryWatcher: A directory notification for 'C:/Users/maxsa/Desktop/Unreal Projects/SteamProject/Content/' was aborted.
[2018.08.28-16.21.01:512][404]LogDirectoryWatcher: A directory notification for '../../Plugins/2D/Paper2D/Content/' was aborted.
[2018.08.28-16.21.01:512][404]LogDirectoryWatcher: A directory notification for '../../Plugins/Enterprise/DatasmithContent/Content/' was aborted.
[2018.08.28-16.21.01:512][404]LogDirectoryWatcher: A directory notification for '../../Plugins/Media/MediaCompositing/Content/' was aborted.
[2018.08.28-16.21.01:512][404]LogDirectoryWatcher: A directory notification for '../../Plugins/Runtime/AppleARKit/Content/' was aborted.
[2018.08.28-16.21.01:512][404]LogDirectoryWatcher: A directory notification for '../../Plugins/Runtime/Oculus/OculusVR/Content/' was aborted.
[2018.08.28-16.21.01:512][404]LogDirectoryWatcher: A directory notification for '../../Plugins/Runtime/Steam/SteamVR/Content/' was aborted.
[2018.08.28-16.21.02:988][404]LogExit: Object subsystem successfully closed.
[2018.08.28-16.21.03:167][404]LogShaderCompilers: Display: Shaders left to compile 0
[2018.08.28-16.21.03:185][404]LogD3D11RHI: Shutdown
[2018.08.28-16.21.03:185][404]LogD3D11RHI: CleanupD3DDevice
[2018.08.28-16.21.03:241][404]LogD3D11RHI: ~FD3D11DynamicRHI
[2018.08.28-16.21.04:217][404]LogModuleManager: Shutting down and abandoning module SequencerWidgets (580)
[2018.08.28-16.21.04:217][404]LogModuleManager: Shutting down and abandoning module BlueprintGraph (578)
[2018.08.28-16.21.04:217][404]LogModuleManager: Shutting down and abandoning module HierarchicalLODOutliner (576)
[2018.08.28-16.21.04:217][404]LogModuleManager: Shutting down and abandoning module SceneOutliner (574)
[2018.08.28-16.21.04:230][404]LogModuleManager: Shutting down and abandoning module AddContentDialog (572)
[2018.08.28-16.21.04:241][404]LogDirectoryWatcher: A directory notification for 'E:/UE_4.19/FeaturePacks/' was aborted.
[2018.08.28-16.21.04:243][404]LogModuleManager: Shutting down and abandoning module WidgetCarousel (571)
[2018.08.28-16.21.04:243][404]LogModuleManager: Shutting down and abandoning module EditorWidgets (568)
[2018.08.28-16.21.04:243][404]LogModuleManager: Shutting down and abandoning module CollectionManager (566)
[2018.08.28-16.21.04:249][404]LogDirectoryWatcher: A directory notification for 'C:/Users/maxsa/Desktop/Unreal Projects/SteamProject/Content/Collections/' was aborted.
[2018.08.28-16.21.04:250][404]LogDirectoryWatcher: A directory notification for 'C:/Users/maxsa/Desktop/Unreal Projects/SteamProject/Content/Developers/maxsa/Collections/' was aborted.
[2018.08.28-16.21.04:250][404]LogDirectoryWatcher: A directory notification for 'C:/Users/maxsa/Desktop/Unreal Projects/SteamProject/Saved/Collections/' was aborted.
[2018.08.28-16.21.04:250][404]LogModuleManager: Shutting down and abandoning module StatsViewer (564)
[2018.08.28-16.21.04:263][404]LogModuleManager: Shutting down and abandoning module FoliageEdit (562)
[2018.08.28-16.21.04:263][404]LogModuleManager: Shutting down and abandoning module LandscapeEditor (560)
[2018.08.28-16.21.04:280][404]LogModuleManager: Shutting down and abandoning module MeshPaintMode (558)
[2018.08.28-16.21.04:294][404]LogModuleManager: Shutting down and abandoning module SceneDepthPickerMode (556)
[2018.08.28-16.21.04:294][404]LogModuleManager: Shutting down and abandoning module ActorPickerMode (554)
[2018.08.28-16.21.04:294][404]LogModuleManager: Shutting down and abandoning module GeometryMode (552)
[2018.08.28-16.21.04:303][404]LogModuleManager: Shutting down and abandoning module TextureAlignMode (550)
[2018.08.28-16.21.04:303][404]LogModuleManager: Shutting down and abandoning module BspMode (548)
[2018.08.28-16.21.04:303][404]LogModuleManager: Shutting down and abandoning module PIEPreviewDeviceProfileSelector (546)
[2018.08.28-16.21.04:303][404]LogModuleManager: Shutting down and abandoning module HardwareSurvey (544)
[2018.08.28-16.21.04:303][404]LogModuleManager: Shutting down and abandoning module SequenceRecorderSections (542)
[2018.08.28-16.21.04:317][404]LogModuleManager: Shutting down and abandoning module AutomationWorker (540)
[2018.08.28-16.21.04:317][404]LogModuleManager: Shutting down and abandoning module AudioCaptureEditor (538)
[2018.08.28-16.21.04:318][404]LogModuleManager: Shutting down and abandoning module SequenceRecorder (537)
[2018.08.28-16.21.04:331][404]LogModuleManager: Shutting down and abandoning module MatineeToLevelSequence (534)
[2018.08.28-16.21.04:342][404]LogModuleManager: Shutting down and abandoning module LevelSequenceEditor (532)
[2018.08.28-16.21.04:364][404]LogModuleManager: Shutting down and abandoning module PlacementMode (531)
[2018.08.28-16.21.04:364][404]LogModuleManager: Shutting down and abandoning module MaterialEditor (530)
[2018.08.28-16.21.04:401][404]LogModuleManager: Shutting down and abandoning module WmfMediaFactory (526)
[2018.08.28-16.21.04:401][404]LogModuleManager: Shutting down and abandoning module WmfMediaEditor (524)
[2018.08.28-16.21.04:401][404]LogModuleManager: Shutting down and abandoning module MediaPlayerEditor (522)
[2018.08.28-16.21.04:428][404]LogModuleManager: Shutting down and abandoning module OpenExrWrapper (520)
[2018.08.28-16.21.04:428][404]LogModuleManager: Shutting down and abandoning module ImgMediaFactory (518)
[2018.08.28-16.21.04:428][404]LogModuleManager: Shutting down and abandoning module ImgMediaEditor (516)
[2018.08.28-16.21.04:428][404]LogModuleManager: Shutting down and abandoning module AvfMediaFactory (514)
[2018.08.28-16.21.04:428][404]LogModuleManager: Shutting down and abandoning module AvfMediaEditor (512)
[2018.08.28-16.21.04:428][404]LogModuleManager: Shutting down and abandoning module AndroidMediaFactory (510)
[2018.08.28-16.21.04:428][404]LogModuleManager: Shutting down and abandoning module AndroidMediaEditor (508)
[2018.08.28-16.21.04:428][404]LogModuleManager: Shutting down and abandoning module CharacterAI (506)
[2018.08.28-16.21.04:429][404]LogModuleManager: Shutting down and abandoning module SmartSnapping (504)
[2018.08.28-16.21.04:429][404]LogModuleManager: Shutting down and abandoning module SessionServices (502)
[2018.08.28-16.21.04:429][404]LogModuleManager: Shutting down and abandoning module ViewportSnapping (500)
[2018.08.28-16.21.04:429][404]LogModuleManager: Shutting down and abandoning module ViewportInteraction (498)
[2018.08.28-16.21.04:429][404]LogModuleManager: Shutting down and abandoning module ClothPainter (496)
[2018.08.28-16.21.04:443][404]LogModuleManager: Shutting down and abandoning module SkeletalMeshEditor (495)
[2018.08.28-16.21.04:463][404]LogModuleManager: Shutting down and abandoning module LogVisualizer (492)
[2018.08.28-16.21.04:492][404]LogModuleManager: Shutting down and abandoning module IntroTutorials (490)
[2018.08.28-16.21.04:507][404]LogModuleManager: Shutting down and abandoning module GameProjectGeneration (489)
[2018.08.28-16.21.04:516][404]LogModuleManager: Shutting down and abandoning module IOSPlatformEditor (486)
[2018.08.28-16.21.04:528][404]LogModuleManager: Shutting down and abandoning module HTML5PlatformEditor (484)
[2018.08.28-16.21.04:528][404]LogModuleManager: Shutting down and abandoning module AndroidPlatformEditor (482)
[2018.08.28-16.21.04:528][404]LogModuleManager: Shutting down and abandoning module AndroidDeviceDetection (481)
[2018.08.28-16.21.05:470][404]LogModuleManager: Shutting down and abandoning module WindowsPlatformEditor (478)
[2018.08.28-16.21.05:470][404]LogModuleManager: Shutting down and abandoning module IOSRuntimeSettings (476)
[2018.08.28-16.21.05:470][404]LogModuleManager: Shutting down and abandoning module AndroidRuntimeSettings (474)
[2018.08.28-16.21.05:470][404]LogModuleManager: Shutting down and abandoning module InputBindingEditor (472)
[2018.08.28-16.21.05:478][404]LogModuleManager: Shutting down and abandoning module MergeActors (470)
[2018.08.28-16.21.05:484][404]LogModuleManager: Shutting down and abandoning module LocalizationDashboard (468)
[2018.08.28-16.21.05:489][404]LogModuleManager: Shutting down and abandoning module LocalizationService (467)
[2018.08.28-16.21.05:493][404]LogModuleManager: Shutting down and abandoning module HardwareTargeting (464)
[2018.08.28-16.21.05:493][404]LogModuleManager: Shutting down and abandoning module DeviceProfileEditor (462)
[2018.08.28-16.21.05:498][404]LogModuleManager: Shutting down and abandoning module UndoHistory (460)
[2018.08.28-16.21.05:499][404]LogModuleManager: Shutting down and abandoning module XmlParser (458)
[2018.08.28-16.21.05:511][404]LogModuleManager: Shutting down and abandoning module Blutility (456)
[2018.08.28-16.21.05:511][404]LogModuleManager: Shutting down and abandoning module ProjectSettingsViewer (454)
[2018.08.28-16.21.05:511][404]LogModuleManager: Shutting down and abandoning module ProjectTargetPlatformEditor (453)
[2018.08.28-16.21.05:511][404]LogModuleManager: Shutting down and abandoning module EditorSettingsViewer (450)
[2018.08.28-16.21.05:511][404]LogModuleManager: Shutting down and abandoning module SettingsEditor (448)
[2018.08.28-16.21.05:548][404]LogModuleManager: Shutting down and abandoning module ProjectLauncher (446)
[2018.08.28-16.21.05:559][404]LogModuleManager: Shutting down and abandoning module SessionFrontend (444)
[2018.08.28-16.21.05:572][404]LogModuleManager: Shutting down and abandoning module ProfilerClient (442)
[2018.08.28-16.21.05:584][404]LogModuleManager: Shutting down and abandoning module DeviceManager (440)
[2018.08.28-16.21.05:589][404]LogModuleManager: Shutting down and abandoning module TargetDeviceServices (439)
[2018.08.28-16.21.05:652][404]LogModuleManager: Shutting down and abandoning module AutomationController (436)
[2018.08.28-16.21.05:666][404]LogModuleManager: Shutting down and abandoning module AutomationWindow (434)
[2018.08.28-16.21.05:684][404]LogModuleManager: Shutting down and abandoning module Layers (432)
[2018.08.28-16.21.05:697][404]LogModuleManager: Shutting down and abandoning module ComponentVisualizers (430)
[2018.08.28-16.21.05:697][404]LogModuleManager: Shutting down and abandoning module DetailCustomizations (428)
[2018.08.28-16.21.05:714][404]LogModuleManager: Shutting down and abandoning module PackagesDialog (426)
[2018.08.28-16.21.05:715][404]LogModuleManager: Shutting down and abandoning module Persona (424)
[2018.08.28-16.21.05:738][404]LogModuleManager: Shutting down and abandoning module AdvancedPreviewScene (423)
[2018.08.28-16.21.05:738][404]LogModuleManager: Shutting down and abandoning module AnimGraph (421)
[2018.08.28-16.21.05:738][404]LogModuleManager: Shutting down and abandoning module Kismet (418)
[2018.08.28-16.21.05:753][404]LogModuleManager: Shutting down and abandoning module GraphEditor (416)
[2018.08.28-16.21.05:753][404]LogModuleManager: Shutting down and abandoning module ClassViewer (414)
[2018.08.28-16.21.05:753][404]LogModuleManager: Shutting down and abandoning module Toolbox (412)
[2018.08.28-16.21.05:753][404]LogModuleManager: Shutting down and abandoning module ModuleUI (410)
[2018.08.28-16.21.05:771][404]LogModuleManager: Shutting down and abandoning module MovieSceneTools (408)
[2018.08.28-16.21.05:797][404]LogModuleManager: Shutting down and abandoning module OutputLog (406)
[2018.08.28-16.21.05:808][404]LogModuleManager: Shutting down and abandoning module GammaUI (404)
[2018.08.28-16.21.05:820][404]LogModuleManager: Shutting down and abandoning module Documentation (402)
[2018.08.28-16.21.05:820][404]LogModuleManager: Shutting down and abandoning module MovieSceneTracks (400)
[2018.08.28-16.21.05:820][404]LogModuleManager: Shutting down and abandoning module MovieScene (398)
[2018.08.28-16.21.05:820][404]LogModuleManager: Shutting down and abandoning module StreamingPauseRendering (396)
[2018.08.28-16.21.05:820][404]LogModuleManager: Shutting down and abandoning module LauncherPlatform (394)
[2018.08.28-16.21.05:820][404]LogModuleManager: Shutting down and abandoning module AnalyticsET (392)
[2018.08.28-16.21.05:820][404]LogModuleManager: Shutting down and abandoning module PortalServices (390)
[2018.08.28-16.21.05:820][404]LogModuleManager: Shutting down and abandoning module PortalRpc (388)
[2018.08.28-16.21.05:820][404]LogModuleManager: Shutting down and abandoning module MessagingRpc (386)
[2018.08.28-16.21.05:820][404]LogModuleManager: Shutting down and abandoning module AIModule (384)
[2018.08.28-16.21.05:820][404]LogModuleManager: Shutting down and abandoning module GameplayDebugger (383)
[2018.08.28-16.21.05:827][404]LogModuleManager: Shutting down and abandoning module AITestSuite (381)
[2018.08.28-16.21.05:842][404]LogModuleManager: Shutting down and abandoning module DesktopPlatform (378)
[2018.08.28-16.21.05:854][404]LogModuleManager: Shutting down and abandoning module ProfilerService (376)
[2018.08.28-16.21.05:940][404]LogModuleManager: Shutting down and abandoning module TaskGraph (374)
[2018.08.28-16.21.05:956][404]LogModuleManager: Shutting down and abandoning module SteamVRController (372)
[2018.08.28-16.21.05:956][404]LogModuleManager: Shutting down and abandoning module ProceduralMeshComponentEditor (370)
[2018.08.28-16.21.05:956][404]LogModuleManager: Shutting down and abandoning module ProceduralMeshComponent (368)
[2018.08.28-16.21.05:961][404]LogModuleManager: Shutting down and abandoning module OculusInput (366)
[2018.08.28-16.21.05:968][404]LogModuleManager: Shutting down and abandoning module MobilePatchingUtils (364)
[2018.08.28-16.21.05:969][404]LogModuleManager: Shutting down and abandoning module CustomMeshComponent (362)
[2018.08.28-16.21.05:969][404]LogModuleManager: Shutting down and abandoning module CableComponent (360)
[2018.08.28-16.21.05:984][404]LogModuleManager: Shutting down and abandoning module AudioCapture (358)
[2018.08.28-16.21.05:984][404]LogModuleManager: Shutting down and abandoning module ArchVisCharacter (356)
[2018.08.28-16.21.05:984][404]LogModuleManager: Shutting down and abandoning module AndroidPermission (354)
[2018.08.28-16.21.05:984][404]LogModuleManager: Shutting down and abandoning module NUTUnrealEngine4 (352)
[2018.08.28-16.21.05:984][404]LogModuleManager: Shutting down and abandoning module NetcodeUnitTest (350)
[2018.08.28-16.21.06:014][404]LogModuleManager: Shutting down and abandoning module MediaCompositingEditor (348)
[2018.08.28-16.21.06:014][404]LogModuleManager: Shutting down and abandoning module MediaCompositing (346)
[2018.08.28-16.21.06:015][404]LogModuleManager: Shutting down and abandoning module LinearTimecode (344)
[2018.08.28-16.21.06:015][404]LogModuleManager: Shutting down and abandoning module ImgMedia (342)
[2018.08.28-16.21.06:026][404]LogModuleManager: Shutting down and abandoning module HTML5Networking (340)
[2018.08.28-16.21.06:026][404]LogModuleManager: Shutting down and abandoning module AlembicImporter (338)
[2018.08.28-16.21.06:041][404]LogModuleManager: Shutting down and abandoning module AlembicLibrary (337)
[2018.08.28-16.21.06:041][404]LogModuleManager: Shutting down and abandoning module GeometryCache (336)
[2018.08.28-16.21.06:041][404]LogModuleManager: Shutting down and abandoning module GeometryCacheEd (335)
[2018.08.28-16.21.06:041][404]LogModuleManager: Shutting down and abandoning module DatasmithContent (330)
[2018.08.28-16.21.06:041][404]LogModuleManager: Shutting down and abandoning module SpeedTreeImporter (328)
[2018.08.28-16.21.06:041][404]LogModuleManager: Shutting down and abandoning module PluginBrowser (326)
[2018.08.28-16.21.06:058][404]LogModuleManager: Shutting down and abandoning module MobileLauncherProfileWizard (324)
[2018.08.28-16.21.06:065][404]LogModuleManager: Shutting down and abandoning module CryptoKeysOpenSSL (322)
[2018.08.28-16.21.06:075][404]LogModuleManager: Shutting down and abandoning module CryptoKeys (320)
[2018.08.28-16.21.06:075][404]LogModuleManager: Shutting down and abandoning module VisualStudioSourceCodeAccess (318)
[2018.08.28-16.21.06:075][404]LogModuleManager: Shutting down and abandoning module VisualStudioCodeSourceCodeAccess (316)
[2018.08.28-16.21.06:075][404]LogModuleManager: Shutting down and abandoning module UObjectPlugin (314)
[2018.08.28-16.21.06:075][404]LogModuleManager: Shutting down and abandoning module SubversionSourceControl (312)
[2018.08.28-16.21.06:083][404]LogModuleManager: Shutting down and abandoning module PerforceSourceControl (310)
[2018.08.28-16.21.06:122][404]LogModuleManager: Shutting down and abandoning module GitSourceControl (308)
[2018.08.28-16.21.06:137][404]LogModuleManager: Shutting down and abandoning module SourceControl (307)
[2018.08.28-16.21.06:156][404]LogModuleManager: Shutting down and abandoning module CLionSourceCodeAccess (304)
[2018.08.28-16.21.06:170][404]LogModuleManager: Shutting down and abandoning module LightPropagationVolumeEditor (302)
[2018.08.28-16.21.06:170][404]LogModuleManager: Shutting down and abandoning module PaperTiledImporter (300)
[2018.08.28-16.21.06:170][404]LogModuleManager: Shutting down and abandoning module PaperSpriteSheetImporter (298)
[2018.08.28-16.21.06:170][404]LogModuleManager: Shutting down and abandoning module Paper2DEditor (296)
[2018.08.28-16.21.06:186][404]LogModuleManager: Shutting down and abandoning module MeshPaint (295)
[2018.08.28-16.21.06:197][404]LogModuleManager: Shutting down and abandoning module RuntimePhysXCooking (292)
[2018.08.28-16.21.06:197][404]LogModuleManager: Shutting down and abandoning module PhysXVehiclesEditor (290)
[2018.08.28-16.21.06:197][404]LogModuleManager: Shutting down and abandoning module PhysXVehicles (288)
[2018.08.28-16.21.06:197][404]LogModuleManager: Shutting down and abandoning module OculusEditor (286)
[2018.08.28-16.21.06:197][404]LogModuleManager: Shutting down and abandoning module LocationServicesBPLibrary (284)
[2018.08.28-16.21.06:197][404]LogModuleManager: Shutting down and abandoning module ImmediatePhysicsEditor (282)
[2018.08.28-16.21.06:197][404]LogModuleManager: Shutting down and abandoning module ImmediatePhysics (280)
[2018.08.28-16.21.06:210][404]LogModuleManager: Shutting down and abandoning module ActorSequence (278)
[2018.08.28-16.21.06:211][404]LogModuleManager: Shutting down and abandoning module UdpMessaging (276)
[2018.08.28-16.21.06:321][404]LogModuleManager: Shutting down and abandoning module TcpMessaging (274)
[2018.08.28-16.21.06:436][404]LogModuleManager: Shutting down and abandoning module GameplayTagsEditor (272)
[2018.08.28-16.21.06:451][404]LogModuleManager: Shutting down and abandoning module FacialAnimationEditor (270)
[2018.08.28-16.21.06:452][404]LogModuleManager: Shutting down and abandoning module FacialAnimation (268)
[2018.08.28-16.21.06:452][404]LogModuleManager: Shutting down and abandoning module DataValidation (266)
[2018.08.28-16.21.06:460][404]LogModuleManager: Shutting down and abandoning module AssetManagerEditor (264)
[2018.08.28-16.21.06:481][404]LogModuleManager: Shutting down and abandoning module LevelEditor (263)
[2018.08.28-16.21.06:501][404]LogModuleManager: Shutting down and abandoning module PixelInspectorModule (262)
[2018.08.28-16.21.06:510][404]LogModuleManager: Shutting down and abandoning module CommonMenuExtensions (260)
[2018.08.28-16.21.06:510][404]LogModuleManager: Shutting down and abandoning module MainFrame (258)
[2018.08.28-16.21.06:510][404]LogModuleManager: Shutting down and abandoning module HotReload (257)
[2018.08.28-16.21.06:531][404]LogModuleManager: Shutting down and abandoning module ContentBrowser (253)
[2018.08.28-16.21.06:532][404]LogModuleManager: Shutting down and abandoning module TreeMap (251)
[2018.08.28-16.21.06:542][404]LogModuleManager: Shutting down and abandoning module LightPropagationVolumeRuntime (248)
[2018.08.28-16.21.06:542][404]LogModuleManager: Shutting down and abandoning module LiveLinkEditor (246)
[2018.08.28-16.21.06:560][404]LogModuleManager: Shutting down and abandoning module LiveLink (244)
[2018.08.28-16.21.07:468][404]LogModuleManager: Shutting down and abandoning module Paper2D (242)
[2018.08.28-16.21.07:482][404]LogModuleManager: Shutting down and abandoning module WindowsMoviePlayer (240)
[2018.08.28-16.21.07:491][404]LogModuleManager: Shutting down and abandoning module WmfMedia (238)
[2018.08.28-16.21.07:502][404]LogModuleManager: Shutting down and abandoning module Media (237)
[2018.08.28-16.21.07:509][404]LogModuleManager: Shutting down and abandoning module PacketHandler (234)
[2018.08.28-16.21.07:509][404]LogModuleManager: Shutting down and abandoning module ClothingSystemEditor (232)
[2018.08.28-16.21.07:509][404]LogModuleManager: Shutting down and abandoning module ClothingSystemRuntime (230)
[2018.08.28-16.21.07:523][404]LogModuleManager: Shutting down and abandoning module MediaAssets (228)
[2018.08.28-16.21.07:523][404]LogModuleManager: Shutting down and abandoning module Overlay (226)
[2018.08.28-16.21.07:523][404]LogModuleManager: Shutting down and abandoning module OverlayEditor (225)
[2018.08.28-16.21.07:523][404]LogModuleManager: Shutting down and abandoning module VREditor (222)
[2018.08.28-16.21.07:543][404]LogModuleManager: Shutting down and abandoning module StringTableEditor (220)
[2018.08.28-16.21.07:543][404]LogModuleManager: Shutting down and abandoning module GameplayTasksEditor (218)
[2018.08.28-16.21.07:543][404]LogModuleManager: Shutting down and abandoning module BehaviorTreeEditor (216)
[2018.08.28-16.21.07:583][404]LogModuleManager: Shutting down and abandoning module FunctionalTesting (214)
[2018.08.28-16.21.07:586][404]LogModuleManager: Shutting down and abandoning module CollisionAnalyzer (212)
[2018.08.28-16.21.07:602][404]LogModuleManager: Shutting down and abandoning module WorkspaceMenuStructure (211)
[2018.08.28-16.21.07:602][404]LogModuleManager: Shutting down and abandoning module UMG (208)
[2018.08.28-16.21.07:602][404]LogModuleManager: Shutting down and abandoning module UMGEditor (207)
[2018.08.28-16.21.07:602][404]LogModuleManager: Shutting down and abandoning module Sequencer (206)
[2018.08.28-16.21.07:603][404]LogModuleManager: Shutting down and abandoning module MessageLog (203)
[2018.08.28-16.21.07:603][404]LogModuleManager: Shutting down and abandoning module SlateReflector (198)
[2018.08.28-16.21.07:635][404]LogModuleManager: Shutting down and abandoning module Slate (196)
[2018.08.28-16.21.07:635][404]LogModuleManager: Shutting down and abandoning module EditorStyle (194)
[2018.08.28-16.21.07:637][404]LogModuleManager: Shutting down and abandoning module MRMesh (192)
[2018.08.28-16.21.07:638][404]LogModuleManager: Shutting down and abandoning module SourceCodeAccess (190)
[2018.08.28-16.21.07:638][404]LogModuleManager: Shutting down and abandoning module HeadMountedDisplay (188)
[2018.08.28-16.21.07:638][404]LogModuleManager: Shutting down and abandoning module XAudio2 (186)
[2018.08.28-16.21.07:638][404]LogModuleManager: Shutting down and abandoning module Networking (184)
[2018.08.28-16.21.07:638][404]LogModuleManager: Shutting down and abandoning module Core (182)
[2018.08.28-16.21.07:638][404]LogModuleManager: Shutting down and abandoning module LevelSequence (180)
[2018.08.28-16.21.07:651][404]LogModuleManager: Shutting down and abandoning module KismetCompiler (178)
[2018.08.28-16.21.07:651][404]LogModuleManager: Shutting down and abandoning module MeshUtilities (176)
[2018.08.28-16.21.07:665][404]LogModuleManager: Shutting down and abandoning module MeshMergeUtilities (175)
[2018.08.28-16.21.07:665][404]LogModuleManager: Shutting down and abandoning module MeshReductionInterface (174)
[2018.08.28-16.21.07:665][404]LogModuleManager: Shutting down and abandoning module SimplygonSwarm (173)
[2018.08.28-16.21.07:669][404]LogModuleManager: Shutting down and abandoning module SimplygonMeshReduction (171)
[2018.08.28-16.21.07:675][404]LogModuleManager: Shutting down and abandoning module QuadricMeshReduction (169)
[2018.08.28-16.21.07:681][404]LogModuleManager: Shutting down and abandoning module MaterialBaking (165)
[2018.08.28-16.21.07:692][404]LogModuleManager: Shutting down and abandoning module DirectoryWatcher (161)
[2018.08.28-16.21.07:695][404]LogModuleManager: Shutting down and abandoning module DerivedDataCache (158)
[2018.08.28-16.21.07:787][404]LogDerivedDataCache: Shutdown
[2018.08.28-16.21.07:787][404]LogModuleManager: Shutting down and abandoning module XGEController (156)
[2018.08.28-16.21.07:787][404]LogXGEController: Cleaning working directory: C:/Users/maxsa/AppData/Local/Temp/UnrealXGEWorkingDir/
[2018.08.28-16.21.07:787][404]LogModuleManager: Shutting down and abandoning module TargetPlatform (154)
[2018.08.28-16.21.07:787][404]LogModuleManager: Shutting down and abandoning module VulkanShaderFormat (153)
[2018.08.28-16.21.07:799][404]LogModuleManager: Shutting down and abandoning module ShaderFormatVectorVM (151)
[2018.08.28-16.21.07:806][404]LogModuleManager: Shutting down and abandoning module ShaderFormatOpenGL (149)
[2018.08.28-16.21.07:809][404]LogModuleManager: Shutting down and abandoning module ShaderFormatD3D (147)
[2018.08.28-16.21.07:818][404]LogModuleManager: Shutting down and abandoning module MetalShaderFormat (145)
[2018.08.28-16.21.07:834][404]LogModuleManager: Shutting down and abandoning module TextureFormatUncompressed (143)
[2018.08.28-16.21.07:834][404]LogModuleManager: Shutting down and abandoning module TextureFormatPVR (141)
[2018.08.28-16.21.07:834][404]LogModuleManager: Shutting down and abandoning module TextureFormatDXT (139)
[2018.08.28-16.21.07:840][404]LogModuleManager: Shutting down and abandoning module TextureFormatIntelISPCTexComp (137)
[2018.08.28-16.21.07:853][404]LogModuleManager: Shutting down and abandoning module TextureFormatASTC (135)
[2018.08.28-16.21.07:853][404]LogModuleManager: Shutting down and abandoning module ImageWrapper (134)
[2018.08.28-16.21.07:853][404]LogModuleManager: Shutting down and abandoning module TextureFormatAndroid (131)
[2018.08.28-16.21.07:853][404]LogModuleManager: Shutting down and abandoning module AudioFormatOpus (129)
[2018.08.28-16.21.07:853][404]LogModuleManager: Shutting down and abandoning module AudioFormatOgg (127)
[2018.08.28-16.21.07:853][404]LogModuleManager: Shutting down and abandoning module AudioFormatADPCM (125)
[2018.08.28-16.21.07:853][404]LogModuleManager: Shutting down and abandoning module LinuxTargetPlatform (123)
[2018.08.28-16.21.07:853][404]LogModuleManager: Shutting down and abandoning module LinuxServerTargetPlatform (121)
[2018.08.28-16.21.07:853][404]LogModuleManager: Shutting down and abandoning module LinuxNoEditorTargetPlatform (119)
[2018.08.28-16.21.07:861][404]LogModuleManager: Shutting down and abandoning module LinuxClientTargetPlatform (117)
[2018.08.28-16.21.07:861][404]LogModuleManager: Shutting down and abandoning module TVOSTargetPlatform (115)
[2018.08.28-16.21.07:861][404]LogModuleManager: Shutting down and abandoning module Messaging (113)
[2018.08.28-16.21.07:862][404]LogModuleManager: Shutting down and abandoning module IOSTargetPlatform (111)
[2018.08.28-16.21.07:862][404]LogModuleManager: Shutting down and abandoning module HTML5TargetPlatform (109)
[2018.08.28-16.21.07:862][404]LogModuleManager: Shutting down and abandoning module AndroidTargetPlatform (107)
[2018.08.28-16.21.07:862][404]LogModuleManager: Shutting down and abandoning module Android_PVRTCTargetPlatform (105)
[2018.08.28-16.21.07:862][404]LogModuleManager: Shutting down and abandoning module Android_MultiTargetPlatform (103)
[2018.08.28-16.21.07:862][404]LogModuleManager: Shutting down and abandoning module Android_ETC2TargetPlatform (101)
[2018.08.28-16.21.07:862][404]LogModuleManager: Shutting down and abandoning module Android_ETC1TargetPlatform (99)
[2018.08.28-16.21.07:862][404]LogModuleManager: Shutting down and abandoning module Android_ETC1aTargetPlatform (97)
[2018.08.28-16.21.07:862][404]LogModuleManager: Shutting down and abandoning module Android_DXTTargetPlatform (95)
[2018.08.28-16.21.07:862][404]LogModuleManager: Shutting down and abandoning module Android_ATCTargetPlatform (93)
[2018.08.28-16.21.07:862][404]LogModuleManager: Shutting down and abandoning module Android_ASTCTargetPlatform (91)
[2018.08.28-16.21.07:862][404]LogModuleManager: Shutting down and abandoning module WindowsTargetPlatform (89)
[2018.08.28-16.21.07:862][404]LogModuleManager: Shutting down and abandoning module WindowsServerTargetPlatform (87)
[2018.08.28-16.21.07:862][404]LogModuleManager: Shutting down and abandoning module WindowsNoEditorTargetPlatform (85)
[2018.08.28-16.21.07:862][404]LogModuleManager: Shutting down and abandoning module WindowsClientTargetPlatform (83)
[2018.08.28-16.21.07:862][404]LogModuleManager: Shutting down and abandoning module MacTargetPlatform (81)
[2018.08.28-16.21.07:862][404]LogModuleManager: Shutting down and abandoning module MacServerTargetPlatform (79)
[2018.08.28-16.21.07:862][404]LogModuleManager: Shutting down and abandoning module MacNoEditorTargetPlatform (77)
[2018.08.28-16.21.07:862][404]LogModuleManager: Shutting down and abandoning module MacClientTargetPlatform (75)
[2018.08.28-16.21.07:862][404]LogModuleManager: Shutting down and abandoning module AllDesktopTargetPlatform (73)
[2018.08.28-16.21.07:862][404]LogModuleManager: Shutting down and abandoning module InputCore (70)
[2018.08.28-16.21.07:862][404]LogModuleManager: Shutting down and abandoning module Settings (68)
[2018.08.28-16.21.07:863][404]LogModuleManager: Shutting down and abandoning module PhysXCooking (66)
[2018.08.28-16.21.07:863][404]LogModuleManager: Shutting down and abandoning module SteamVR (64)
[2018.08.28-16.21.07:863][404]LogModuleManager: Shutting down and abandoning module OculusHMD (62)
[2018.08.28-16.21.07:872][404]LogModuleManager: Shutting down and abandoning module ExampleDeviceProfileSelector (60)
[2018.08.28-16.21.07:872][404]LogModuleManager: Shutting down and abandoning module AppleARKit (58)
[2018.08.28-16.21.07:872][404]LogModuleManager: Shutting down and abandoning module AugmentedReality (57)
[2018.08.28-16.21.07:872][404]LogModuleManager: Shutting down and abandoning module OnlineBlueprintSupport (54)
[2018.08.28-16.21.07:872][404]LogModuleManager: Shutting down and abandoning module OnlineSubsystem (50)
[2018.08.28-16.21.07:885][404]LogOnline: Display: OSS: FOnlineSubsystemNull::Shutdown()
[2018.08.28-16.21.07:885][404]LogOnline: Display: OSS: FOnlineAsyncTaskManager::Stop() ActiveTask:0000000000000000 Tasks[0/0]
[2018.08.28-16.21.07:909][404]LogOnline: Display: OSS: FOnlineAsyncTaskManager::Exit() started
[2018.08.28-16.21.07:909][404]LogOnline: Display: OSS: FOnlineAsyncTaskManager::Exit() finished
[2018.08.28-16.21.07:909][404]LogModuleManager: Shutting down and abandoning module XMPP (43)
[2018.08.28-16.21.07:926][404]LogModuleManager: Shutting down and abandoning module HTTP (41)
[2018.08.28-16.21.07:946][404]LogHttp: Display: Http module shutting down, but needs to wait on 1 outstanding Http requests:
[2018.08.28-16.21.07:946][404]LogHttp: Display: 	verb=[POST] url=[https://datarouter.ol.epicgames.com/datarouter/api/v1/public/data?SessionID=%7B298FBEC7-4B4C-F3D7-526F-AB83F8B2C33B%7D&AppID=UEEditor.Rocket.Release&AppVersion=4.19.2-4033788%2B%2B%2BUE4%2BRelease-4.19&UserID=9b2d74f540de947067f12f85f0e10fc3%7C121cf0c067fc45bf8a47a34e1f08bd7e%7C6529c761-14eb-4014-bd30-d410aae9a07c&AppEnvironment=datacollector-binary&UploadType=eteventstream] status=Processing
[2018.08.28-16.21.07:958][404]LogModuleManager: Shutting down and abandoning module SSL (40)
[2018.08.28-16.21.07:980][404]LogModuleManager: Shutting down and abandoning module AnimationModifiers (36)
[2018.08.28-16.21.08:009][404]LogModuleManager: Shutting down and abandoning module PropertyEditor (35)
[2018.08.28-16.21.08:026][404]LogModuleManager: Shutting down and abandoning module AudioEditor (32)
[2018.08.28-16.21.08:044][404]LogModuleManager: Shutting down and abandoning module TextureCompressor (30)
[2018.08.28-16.21.08:063][404]LogModuleManager: Shutting down and abandoning module ShaderCore (28)
[2018.08.28-16.21.08:063][404]LogModuleManager: Shutting down and abandoning module Landscape (26)
[2018.08.28-16.21.08:063][404]LogModuleManager: Shutting down and abandoning module SlateRHIRenderer (24)
[2018.08.28-16.21.08:078][404]LogModuleManager: Shutting down and abandoning module OpenGLDrv (22)
[2018.08.28-16.21.08:087][404]LogModuleManager: Shutting down and abandoning module D3D11RHI (20)
[2018.08.28-16.21.08:087][404]LogModuleManager: Shutting down and abandoning module AnimGraphRuntime (18)
[2018.08.28-16.21.08:103][404]LogModuleManager: Shutting down and abandoning module Renderer (16)
[2018.08.28-16.21.08:103][404]LogModuleManager: Shutting down and abandoning module Engine (14)
[2018.08.28-16.21.08:103][404]LogModuleManager: Shutting down and abandoning module CoreUObject (12)
[2018.08.28-16.21.08:103][404]LogModuleManager: Shutting down and abandoning module NetworkFile (10)
[2018.08.28-16.21.08:108][404]LogModuleManager: Shutting down and abandoning module CookedIterativeFile (8)
[2018.08.28-16.21.08:108][404]LogModuleManager: Shutting down and abandoning module StreamingFile (6)
[2018.08.28-16.21.08:116][404]LogModuleManager: Shutting down and abandoning module SandboxFile (4)
[2018.08.28-16.21.08:127][404]LogModuleManager: Shutting down and abandoning module PakFile (2)
[2018.08.28-16.21.08:152][404]LogExit: Exiting.
[2018.08.28-16.21.08:184][404]Log file closed, 08/28/18 12:21:08
