Log file open, 09/25/18 00:23:35
LogWindows: Failed to load 'aqProf.dll' (GetLastError=126)
LogWindows: File 'aqProf.dll' does not exist
LogWindows: Failed to load 'VSPerf140.dll' (GetLastError=126)
LogWindows: File 'VSPerf140.dll' does not exist
LogWindows: Failed to load 'VtuneApi.dll' (GetLastError=126)
LogWindows: File 'VtuneApi.dll' does not exist
LogWindows: Failed to load 'VtuneApi32e.dll' (GetLastError=126)
LogWindows: File 'VtuneApi32e.dll' does not exist
LogInit: Display: Running engine for game: SteamProject
LogPlatformFile: Not using cached read wrapper
LogTaskGraph: Started task graph with 5 named threads and 14 total threads with 3 sets of task threads.
LogStats: Stats thread started at 4.482836
LogD3D11RHI: Loaded GFSDK_Aftermath_Lib.x64.dll
LogICUInternationalization: Display: ICU TimeZone Detection - Raw Offset: -5:00, Platform Override: ''
LogPluginManager: Mounting plugin Paper2D
LogPluginManager: Mounting plugin AISupport
LogPluginManager: Mounting plugin LightPropagationVolume
LogPluginManager: Mounting plugin CLionSourceCodeAccess
LogPluginManager: Mounting plugin CodeLiteSourceCodeAccess
LogPluginManager: Mounting plugin GitSourceControl
LogPluginManager: Mounting plugin KDevelopSourceCodeAccess
LogPluginManager: Mounting plugin NullSourceCodeAccess
LogPluginManager: Mounting plugin PerforceSourceControl
LogPluginManager: Mounting plugin SubversionSourceControl
LogPluginManager: Mounting plugin UObjectPlugin
LogPluginManager: Mounting plugin VisualStudioCodeSourceCodeAccess
LogPluginManager: Mounting plugin VisualStudioSourceCodeAccess
LogPluginManager: Mounting plugin XCodeSourceCodeAccess
LogPluginManager: Mounting plugin AssetManagerEditor
LogPluginManager: Mounting plugin CryptoKeys
LogPluginManager: Mounting plugin DataValidation
LogPluginManager: Mounting plugin FacialAnimation
LogPluginManager: Mounting plugin GameplayTagsEditor
LogPluginManager: Mounting plugin MacGraphicsSwitching
LogPluginManager: Mounting plugin MeshEditor
LogPluginManager: Mounting plugin MobileLauncherProfileWizard
LogPluginManager: Mounting plugin PluginBrowser
LogPluginManager: Mounting plugin SpeedTreeImporter
LogPluginManager: Mounting plugin DatasmithContent
LogPluginManager: Mounting plugin AlembicImporter
LogPluginManager: Mounting plugin AppleImageUtils
LogPluginManager: Mounting plugin AppleVision
LogPluginManager: Mounting plugin BackChannel
LogPluginManager: Mounting plugin CharacterAI
LogPluginManager: Mounting plugin GeometryCache
LogPluginManager: Mounting plugin HTML5Networking
LogPluginManager: Mounting plugin ProxyLODPlugin
LogPluginManager: Mounting plugin MagicLeap
LogPluginManager: Mounting plugin MagicLeapEmulator
LogPluginManager: Mounting plugin MagicLeapMedia
LogPluginManager: Mounting plugin AndroidMedia
LogPluginManager: Mounting plugin AvfMedia
LogPluginManager: Mounting plugin ImgMedia
LogPluginManager: Mounting plugin LinearTimecode
LogPluginManager: Mounting plugin MediaCompositing
LogPluginManager: Mounting plugin MediaPlayerEditor
LogPluginManager: Mounting plugin WmfMedia
LogPluginManager: Mounting plugin TcpMessaging
LogPluginManager: Mounting plugin UdpMessaging
LogPluginManager: Mounting plugin ActorSequence
LogPluginManager: Mounting plugin LevelSequenceEditor
LogPluginManager: Mounting plugin MatineeToLevelSequence
LogPluginManager: Mounting plugin NetcodeUnitTest
LogPluginManager: Mounting plugin NUTUnrealEngine4
LogPluginManager: Mounting plugin OnlineSubsystemGooglePlay
LogPluginManager: Mounting plugin OnlineSubsystemIOS
LogPluginManager: Mounting plugin OnlineSubsystem
LogPluginManager: Mounting plugin OnlineSubsystemNull
LogPluginManager: Mounting plugin OnlineSubsystemSteam
LogPluginManager: Mounting plugin OnlineSubsystemUtils
LogPluginManager: Mounting plugin LauncherChunkInstaller
LogPluginManager: Mounting plugin AndroidDeviceProfileSelector
LogPluginManager: Mounting plugin AndroidMoviePlayer
LogPluginManager: Mounting plugin AndroidPermission
LogPluginManager: Mounting plugin AppleMoviePlayer
LogPluginManager: Mounting plugin ArchVisCharacter
LogPluginManager: Mounting plugin AudioCapture
LogPluginManager: Mounting plugin CableComponent
LogPluginManager: Mounting plugin CustomMeshComponent
LogPluginManager: Mounting plugin EditableMesh
LogPluginManager: Mounting plugin ExampleDeviceProfileSelector
LogPluginManager: Mounting plugin GoogleCloudMessaging
LogPluginManager: Mounting plugin ImmediatePhysics
LogPluginManager: Mounting plugin IOSDeviceProfileSelector
LogPluginManager: Mounting plugin LinuxDeviceProfileSelector
LogPluginManager: Mounting plugin LocationServicesBPLibrary
LogPluginManager: Mounting plugin MobilePatchingUtils
LogPluginManager: Mounting plugin OculusVR
LogPluginManager: Plugin shader directory ../../../Engine/Plugins/Runtime/Oculus/OculusVR/Shaders found
LogPluginManager: Mapping shader source directory ../../../Engine/Plugins/Runtime/Oculus/OculusVR/Shaders to virtual directory /Plugin/OculusVR
LogPluginManager: Mounting plugin PhysXVehicles
LogPluginManager: Mounting plugin ProceduralMeshComponent
LogPluginManager: Mounting plugin RuntimePhysXCooking
LogPluginManager: Mounting plugin SteamVR
LogPluginManager: Mounting plugin WindowsMoviePlayer
LogStreaming: Display: Took  0.320s to configure plugins.
LogInit: Using libcurl 7.55.1-DEV
LogInit:  - built for x86_64-pc-win32
LogInit:  - supports SSL with OpenSSL/1.0.2h
LogInit:  - supports HTTP deflate (compression) using libz 1.2.8
LogInit:  - other features:
LogInit:      CURL_VERSION_SSL
LogInit:      CURL_VERSION_LIBZ
LogInit:      CURL_VERSION_IPV6
LogInit:      CURL_VERSION_ASYNCHDNS
LogInit:      CURL_VERSION_LARGEFILE
LogInit:      CURL_VERSION_IDN
LogInit:  CurlRequestOptions (configurable via config and command line):
LogInit:  - bVerifyPeer = false  - Libcurl will NOT verify peer certificate
LogInit:  - bUseHttpProxy = false  - Libcurl will NOT use HTTP proxy
LogInit:  - bDontReuseConnections = false  - Libcurl will reuse connections
LogInit:  - CertBundlePath = nullptr  - Libcurl will use whatever was configured at build time.
LogInit:  - MaxHostConnections = 16  - Libcurl will limit the number of connections to a host
LogInit:  - LocalHostAddr = Default
LogInit:  - BufferSize = 65536
LogOnline: Display: STEAM: Loading Steam SDK 1.39
LogOnline: Warning: STEAM: Steam API disabled!
LogOnline: Display: STEAM: OnlineSubsystemSteam::Shutdown()
LogInit: WinSock: version 1.1 (2.2), MaxSocks=32767, MaxUdp=65467
LogInit: Build: ++UE4+Release-4.20-CL-4302132
LogInit: Engine Version: 4.20.2-4302132+++UE4+Release-4.20
LogInit: Compatible Engine Version: 4.20.0-4212847+++UE4+Release-4.20
LogInit: Net CL: 4212847
LogInit: OS: Windows 10 (), CPU:        Intel(R) Core(TM) i5-3570K CPU @ 3.40GHz, GPU: NVIDIA GeForce GTX 1070
LogInit: Compiled (64-bit): Aug 21 2018 02:06:06
LogInit: Compiled with Visual C++: 19.13.26129.00
LogInit: Build Configuration: Development
LogInit: Branch Name: ++UE4+Release-4.20
LogInit: Command Line:  
LogInit: Base Directory: E:/UE_4.20/Engine/Binaries/Win64/
LogInit: Installed Engine Build: 1
LogDevObjectVersion: Number of dev versions registered: 20
LogDevObjectVersion:   Dev-Blueprints (B0D832E4-1F89-4F0D-ACCF-7EB736FD4AA2): 10
LogDevObjectVersion:   Dev-Build (E1C64328-A22C-4D53-A36C-8E866417BD8C): 0
LogDevObjectVersion:   Dev-Core (375EC13C-06E4-48FB-B500-84F0262A717E): 2
LogDevObjectVersion:   Dev-Editor (E4B068ED-F494-42E9-A231-DA0B2E46BB41): 24
LogDevObjectVersion:   Dev-Framework (CFFC743F-43B0-4480-9391-14DF171D2073): 34
LogDevObjectVersion:   Dev-Mobile (B02B49B5-BB20-44E9-A304-32B752E40360): 2
LogDevObjectVersion:   Dev-Networking (A4E4105C-59A1-49B5-A7C5-40C4547EDFEE): 0
LogDevObjectVersion:   Dev-Online (39C831C9-5AE6-47DC-9A44-9C173E1C8E7C): 0
LogDevObjectVersion:   Dev-Physics (78F01B33-EBEA-4F98-B9B4-84EACCB95AA2): 0
LogDevObjectVersion:   Dev-Platform (6631380F-2D4D-43E0-8009-CF276956A95A): 0
LogDevObjectVersion:   Dev-Rendering (12F88B9F-8875-4AFC-A67C-D90C383ABD29): 26
LogDevObjectVersion:   Dev-Sequencer (7B5AE74C-D270-4C10-A958-57980B212A5A): 9
LogDevObjectVersion:   Dev-VR (D7296918-1DD6-4BDD-9DE2-64A83CC13884): 2
LogDevObjectVersion:   Dev-LoadTimes (C2A15278-BFE7-4AFE-6C17-90FF531DF755): 1
LogDevObjectVersion:   Private-Geometry (6EACA3D4-40EC-4CC1-B786-8BED09428FC5): 3
LogDevObjectVersion:   Dev-AnimPhys (29E575DD-E0A3-4627-9D10-D276232CDCEA): 17
LogDevObjectVersion:   Dev-ReflectionCapture (6B266CEC-1EC7-4B8F-A30B-E4D90942FC07): 1
LogDevObjectVersion:   Dev-Automation (0DF73D61-A23F-47EA-B727-89E90C41499A): 1
LogDevObjectVersion:   FortniteMain (601D1886-AC64-4F84-AA16-D3DE0DEAC7D6): 12
LogDevObjectVersion:   Dev-Enterprise (9DFFBCD6-494F-0158-E221-12823C92A888): 1
LogStreaming: Display: Took  0.004s to delete old logs.
LogInit: Presizing for max 8388607 objects, including 0 objects not considered by GC, pre-allocating 0 bytes for permanent pool.
LogInit: Object subsystem initialized
[2018.09.25-04.23.39:016][  0]LogInit: Selected Device Profile: [Windows]
[2018.09.25-04.23.39:017][  0]LogInit: Applying CVar settings loaded from the selected device profile: [Windows]
[2018.09.25-04.23.39:069][  0]LogHAL: Display: Platform has ~ 16 GB [17128337408 / 17179869184 / 16], which maps to Larger [LargestMinGB=32, LargerMinGB=12, DefaultMinGB=8, SmallerMinGB=6, SmallestMinGB=0)
[2018.09.25-04.23.39:076][  0]LogInit: Setting Device Profile CVar: [[r.Vulkan.UseRealUBs:1]]
[2018.09.25-04.23.39:083][  0]LogInit: Going up to parent DeviceProfile []
[2018.09.25-04.23.39:147][  0]LogInit: Computer: MAX-PC
[2018.09.25-04.23.39:147][  0]LogInit: User: maxsa
[2018.09.25-04.23.39:147][  0]LogInit: CPU Page size=4096, Cores=4
[2018.09.25-04.23.39:147][  0]LogInit: High frequency timer resolution =3.420547 MHz
[2018.09.25-04.23.39:148][  0]LogMemory: Memory total: Physical=16.0GB (16GB approx)
[2018.09.25-04.23.39:148][  0]LogMemory: Platform Memory Stats for Windows
[2018.09.25-04.23.39:148][  0]LogMemory: Process Physical Memory: 101.21 MB used, 101.21 MB peak
[2018.09.25-04.23.39:148][  0]LogMemory: Process Virtual Memory: 89.79 MB used, 89.79 MB peak
[2018.09.25-04.23.39:148][  0]LogMemory: Physical Memory: 7453.30 MB used,  8881.56 MB free, 16334.86 MB total
[2018.09.25-04.23.39:148][  0]LogMemory: Virtual Memory: 4627.04 MB used,  8881.56 MB free, 134217728.00 MB total
[2018.09.25-04.23.40:157][  0]LogInit: Using OS detected language (en-US).
[2018.09.25-04.23.40:157][  0]LogInit: Using OS detected locale (en-CA).
[2018.09.25-04.23.40:210][  0]LogTextLocalizationManager: No specific localization for 'en-US' exists, so the 'en' localization will be used.
[2018.09.25-04.23.41:171][  0]LogStreaming: Display: Took  0.997s to InitEngineTextLocalization.
[2018.09.25-04.23.41:180][  0]LogInit: Setting process to per monitor DPI aware
[2018.09.25-04.23.41:905][  0]LogSlate: New Slate User Created.  User Index 0, Is Virtual User: 0
[2018.09.25-04.23.41:905][  0]LogSlate: Slate User Registered.  User Index 0, Is Virtual User: 0
[2018.09.25-04.23.45:324][  0]LogHMD: Failed to initialize OpenVR with code 105
[2018.09.25-04.23.45:324][  0]LogD3D11RHI: D3D11 adapters:
[2018.09.25-04.23.45:465][  0]LogD3D11RHI:    0. 'NVIDIA GeForce GTX 1070' (Feature Level 11_0)
[2018.09.25-04.23.45:465][  0]LogD3D11RHI:       8088/0/8167 MB DedicatedVideo/DedicatedSystem/SharedSystem, Outputs:2, VendorId:0x10de
[2018.09.25-04.23.45:468][  0]LogD3D11RHI:    1. 'Microsoft Basic Render Driver' (Feature Level 11_0)
[2018.09.25-04.23.45:468][  0]LogD3D11RHI:       0/0/8167 MB DedicatedVideo/DedicatedSystem/SharedSystem, Outputs:0, VendorId:0x1414
[2018.09.25-04.23.45:468][  0]LogD3D11RHI: Chosen D3D11 Adapter: 0
[2018.09.25-04.23.45:474][  0]LogD3D11RHI: Creating new Direct3DDevice
[2018.09.25-04.23.45:474][  0]LogD3D11RHI:     GPU DeviceId: 0x1b81 (for the marketing name, search the web for "GPU Device Id")
[2018.09.25-04.23.45:486][  0]LogWindows: EnumDisplayDevices:
[2018.09.25-04.23.45:486][  0]LogWindows:    0. 'NVIDIA GeForce GTX 1070' (P:1 D:1)
[2018.09.25-04.23.45:486][  0]LogWindows:    1. 'NVIDIA GeForce GTX 1070' (P:0 D:1)
[2018.09.25-04.23.45:486][  0]LogWindows:    2. 'NVIDIA GeForce GTX 1070' (P:0 D:0)
[2018.09.25-04.23.45:486][  0]LogWindows:    3. 'NVIDIA GeForce GTX 1070' (P:0 D:0)
[2018.09.25-04.23.45:486][  0]LogWindows: DebugString: FoundDriverCount:4 
[2018.09.25-04.23.45:486][  0]LogD3D11RHI:     Adapter Name: NVIDIA GeForce GTX 1070
[2018.09.25-04.23.45:498][  0]LogD3D11RHI:   Driver Version: 411.63 (internal:24.21.14.1163, unified:411.63)
[2018.09.25-04.23.45:498][  0]LogD3D11RHI:      Driver Date: 9-18-2018
[2018.09.25-04.23.45:498][  0]LogRHI: Texture pool is 5661 MB (70% of 8088 MB)
[2018.09.25-04.23.45:547][  0]LogD3D11RHI: Async texture creation enabled
[2018.09.25-04.23.45:760][  0]LogD3D11RHI: GPU Timing Frequency: 1000.000000 (Debug: 2 2)
[2018.09.25-04.23.45:874][  0]LogShaderCompilers: Guid format shader working directory is -6 characters bigger than the processId version (C:/Users/maxsa/Desktop/Unreal Projects/SteamProject/Intermediate/Shaders/WorkingDirectory/12696/).
[2018.09.25-04.23.45:874][  0]LogShaderCompilers: Cleaned the shader compiler working directory 'C:/Users/maxsa/AppData/Local/Temp/UnrealShaderWorkingDir/D96C136847188A09F1E38F96E3C85FB8/'.
[2018.09.25-04.23.47:015][  0]LogTemp: Display: Loaded TP AllDesktopTargetPlatform
[2018.09.25-04.23.47:068][  0]LogTemp: Display: Loaded TP MacClientTargetPlatform
[2018.09.25-04.23.47:101][  0]LogTemp: Display: Loaded TP MacNoEditorTargetPlatform
[2018.09.25-04.23.47:125][  0]LogTemp: Display: Loaded TP MacServerTargetPlatform
[2018.09.25-04.23.47:177][  0]LogTemp: Display: Loaded TP MacTargetPlatform
[2018.09.25-04.23.47:228][  0]LogTemp: Display: Loaded TP WindowsClientTargetPlatform
[2018.09.25-04.23.47:260][  0]LogTemp: Display: Loaded TP WindowsNoEditorTargetPlatform
[2018.09.25-04.23.47:296][  0]LogTemp: Display: Loaded TP WindowsServerTargetPlatform
[2018.09.25-04.23.47:325][  0]LogTemp: Display: Loaded TP WindowsTargetPlatform
[2018.09.25-04.23.47:537][  0]LogTemp: Display: Loaded TP AndroidTargetPlatform
[2018.09.25-04.23.47:537][  0]LogTemp: Display: Loaded TP AndroidTargetPlatform
[2018.09.25-04.23.47:537][  0]LogTemp: Display: Loaded TP AndroidTargetPlatform
[2018.09.25-04.23.47:537][  0]LogTemp: Display: Loaded TP AndroidTargetPlatform
[2018.09.25-04.23.47:537][  0]LogTemp: Display: Loaded TP AndroidTargetPlatform
[2018.09.25-04.23.47:537][  0]LogTemp: Display: Loaded TP AndroidTargetPlatform
[2018.09.25-04.23.47:537][  0]LogTemp: Display: Loaded TP AndroidTargetPlatform
[2018.09.25-04.23.47:537][  0]LogTemp: Display: Loaded TP AndroidTargetPlatform
[2018.09.25-04.23.47:537][  0]LogTemp: Display: Loaded TP AndroidTargetPlatform
[2018.09.25-04.23.47:537][  0]LogTemp: Display: Loaded TP AndroidTargetPlatform
[2018.09.25-04.23.47:537][  0]LogTemp: Display: Loaded TP AndroidTargetPlatform
[2018.09.25-04.23.47:537][  0]LogTemp: Display: Loaded TP AndroidTargetPlatform
[2018.09.25-04.23.47:537][  0]LogTemp: Display: Loaded TP AndroidTargetPlatform
[2018.09.25-04.23.47:537][  0]LogTemp: Display: Loaded TP AndroidTargetPlatform
[2018.09.25-04.23.47:537][  0]LogTemp: Display: Loaded TP AndroidTargetPlatform
[2018.09.25-04.23.47:537][  0]LogTemp: Display: Loaded TP AndroidTargetPlatform
[2018.09.25-04.23.47:537][  0]LogTemp: Display: Loaded TP AndroidTargetPlatform
[2018.09.25-04.23.47:537][  0]LogTemp: Display: Loaded TP AndroidTargetPlatform
[2018.09.25-04.23.47:558][  0]LogTemp: Display: Loaded TP HTML5TargetPlatform
[2018.09.25-04.23.47:702][  0]LogTemp: Display: Loaded TP IOSTargetPlatform
[2018.09.25-04.23.47:702][  0]LogTemp: Display: Loaded TP IOSTargetPlatform
[2018.09.25-04.23.47:736][  0]LogTemp: Display: Loaded TP TVOSTargetPlatform
[2018.09.25-04.23.47:736][  0]LogTemp: Display: Loaded TP TVOSTargetPlatform
[2018.09.25-04.23.47:760][  0]LogTemp: Display: Loaded TP LinuxClientTargetPlatform
[2018.09.25-04.23.47:783][  0]LogTemp: Display: Loaded TP LinuxNoEditorTargetPlatform
[2018.09.25-04.23.47:806][  0]LogTemp: Display: Loaded TP LinuxServerTargetPlatform
[2018.09.25-04.23.47:851][  0]LogTemp: Display: Loaded TP LinuxTargetPlatform
[2018.09.25-04.23.47:871][  0]LogTemp: Display: Loaded TP LuminTargetPlatform
[2018.09.25-04.23.47:871][  0]LogTargetPlatformManager: Display: Building Assets For Windows
[2018.09.25-04.23.48:899][  0]LogXGEController: Cleaning working directory: C:/Users/maxsa/AppData/Local/Temp/UnrealXGEWorkingDir/
[2018.09.25-04.23.48:899][  0]LogXGEController: Cannot use XGE Controller as Incredibuild is not installed on this machine.
[2018.09.25-04.23.48:899][  0]LogShaderCompilers: Cannot use XGE Shader Compiler as Incredibuild is not installed on this machine.
[2018.09.25-04.23.48:899][  0]LogShaderCompilers: Display: Using Local Shader Compiler.
[2018.09.25-04.23.53:107][  0]LogDerivedDataCache: Display: Max Cache Size: 512 MB
[2018.09.25-04.23.53:379][  0]LogDerivedDataCache: Loaded boot cache 0.27s 71MB C:/Users/maxsa/AppData/Local/UnrealEngine/4.20/DerivedDataCache/Boot.ddc.
[2018.09.25-04.23.53:380][  0]LogDerivedDataCache: Display: Loaded Boot cache: C:/Users/maxsa/AppData/Local/UnrealEngine/4.20/DerivedDataCache/Boot.ddc
[2018.09.25-04.23.53:380][  0]LogDerivedDataCache: FDerivedDataBackendGraph:  Pak pak cache file C:/Users/maxsa/Desktop/Unreal Projects/SteamProject/DerivedDataCache/DDC.ddp not found, will not use a pak cache.
[2018.09.25-04.23.53:380][  0]LogDerivedDataCache: Unable to find inner node Pak for hierarchical cache Hierarchy.
[2018.09.25-04.23.53:380][  0]LogDerivedDataCache: FDerivedDataBackendGraph:  CompressedPak pak cache file C:/Users/maxsa/Desktop/Unreal Projects/SteamProject/DerivedDataCache/Compressed.ddp not found, will not use a pak cache.
[2018.09.25-04.23.53:380][  0]LogDerivedDataCache: Unable to find inner node CompressedPak for hierarchical cache Hierarchy.
[2018.09.25-04.23.53:454][  0]LogDerivedDataCache: Display: Pak cache opened for reading ../../../Engine/DerivedDataCache/Compressed.ddp.
[2018.09.25-04.23.53:467][  0]LogDerivedDataCache: Using Local data cache path C:/Users/maxsa/AppData/Local/UnrealEngine/Common/DerivedDataCache: Writable
[2018.09.25-04.23.53:467][  0]LogDerivedDataCache: Shared data cache path not found in *engine.ini, will not use an Shared cache.
[2018.09.25-04.23.53:467][  0]LogDerivedDataCache: Unable to find inner node Shared for hierarchical cache Hierarchy.
[2018.09.25-04.23.53:520][  0]LogMaterial: Verifying Global Shaders for PCD3D_SM5
[2018.09.25-04.23.53:602][  0]LogSlate: Using FreeType 2.6.0
[2018.09.25-04.23.53:707][  0]LogSlate: SlateFontServices - WITH_FREETYPE: 1, WITH_HARFBUZZ: 1
[2018.09.25-04.23.54:571][  0]LogAssetRegistry: FAssetRegistry took 0.0326 seconds to start up
[2018.09.25-04.23.59:340][  0]LogInit: Selected Device Profile: [Windows]
[2018.09.25-04.24.03:638][  0]LogSimplygon: Simplygon DLL not present - disabling.
[2018.09.25-04.24.03:948][  0]LogMeshReduction: Using SimplygonSwarm for distributed automatic mesh merging
[2018.09.25-04.24.03:949][  0]LogMeshReduction: Using ProxyLODMeshReduction for automatic mesh merging
[2018.09.25-04.24.03:962][  0]LogMeshReduction: Using QuadricMeshReduction for automatic static mesh reduction
[2018.09.25-04.24.03:962][  0]LogMeshReduction: No automatic skeletal mesh reduction module available
[2018.09.25-04.24.04:778][  0]LogNetVersion: SteamProject 1.0.0, NetCL: 4212847, EngineNetVer: 5, GameNetVer: 0 (Checksum: 43773174)
[2018.09.25-04.24.10:544][  0]LogPackageLocalizationCache: Processed 11 localized package path(s) for 2 prioritized culture(s) in 0.132075 seconds
[2018.09.25-04.24.10:572][  0]LogUObjectArray: 38434 objects as part of root set at end of initial load.
[2018.09.25-04.24.10:572][  0]LogUObjectAllocator: 6701136 out of 0 bytes used by permanent object pool.
[2018.09.25-04.24.10:572][  0]LogUObjectArray: CloseDisregardForGC: 0/0 objects in disregard for GC pool
[2018.09.25-04.24.25:363][  0]LogTcpMessaging: Initializing TcpMessaging bridge
[2018.09.25-04.24.25:470][  0]LogUdpMessaging: Initializing bridge on interface 0.0.0.0:0 to multicast group 230.0.0.1:6666.
[2018.09.25-04.24.27:074][  0]SourceControl: Source control is disabled
[2018.09.25-04.24.27:083][  0]SourceControl: Source control is disabled
[2018.09.25-04.24.27:249][  0]SourceControl: Source control is disabled
[2018.09.25-04.24.27:307][  0]SourceControl: Source control is disabled
[2018.09.25-04.24.29:553][  0]LogAndroidPermission: UAndroidPermissionCallbackProxy::GetInstance
[2018.09.25-04.24.29:868][  0]LogOcInput: OculusInput pre-init called
[2018.09.25-04.24.30:488][  0]LogEngine: Initializing Engine...
[2018.09.25-04.24.30:522][  0]LogHMD: Failed to initialize OpenVR with code 105
[2018.09.25-04.24.30:536][  0]LogStats: UGameplayTagsManager::ConstructGameplayTagTree: ImportINI prefixes -  0.001 s
[2018.09.25-04.24.30:536][  0]LogStats: UGameplayTagsManager::ConstructGameplayTagTree: Construct from data asset -  0.000 s
[2018.09.25-04.24.30:536][  0]LogStats: UGameplayTagsManager::ConstructGameplayTagTree: ImportINI -  0.000 s
[2018.09.25-04.24.30:536][  0]LogStats: UGameplayTagsManager::ConstructGameplayTagTree: GameplayTagTreeChangedEvent.Broadcast -  0.000 s
[2018.09.25-04.24.31:621][  0]LogInit: Initializing FReadOnlyCVARCache
[2018.09.25-04.24.32:051][  0]LogAIModule: Creating AISystem for world Untitled
[2018.09.25-04.24.32:275][  0]LogInit: XAudio2 using 'Headphones (Realtek High Definition Audio)' : 2 channels at 48 kHz using 32 bits per sample (channel mask 0x3)
[2018.09.25-04.24.32:312][  0]LogInit: FAudioDevice initialized.
[2018.09.25-04.24.32:312][  0]LogNetVersion: Set ProjectVersion to 1.0.0.0. Version Checksum will be recalculated on next use.
[2018.09.25-04.24.32:360][  0]LogDerivedDataCache: Saved boot cache 0.05s 71MB C:/Users/maxsa/AppData/Local/UnrealEngine/4.20/DerivedDataCache/Boot.ddc.
[2018.09.25-04.24.32:370][  0]LogInit: Texture streaming: Enabled
[2018.09.25-04.24.32:492][  0]LogEngineSessionManager: EngineSessionManager initialized
[2018.09.25-04.24.32:673][  0]LogInit: Transaction tracking system initialized
[2018.09.25-04.24.33:105][  0]BlueprintLog: New page: Editor Load
[2018.09.25-04.24.34:694][  0]LocalizationService: Localization service is disabled
[2018.09.25-04.24.39:079][  0]LogFileCache: Scanning file cache for directory 'C:/Users/maxsa/Desktop/Unreal Projects/SteamProject/Content/' took 0.02s
[2018.09.25-04.24.39:079][  0]LogCook: Display: Max memory allowance for cook 16384mb min free memory 0mb
[2018.09.25-04.24.39:092][  0]LogCook: Display: Mobile HDR setting 1
[2018.09.25-04.24.39:104][  0]LogGameplayTags: Display: UGameplayTagsManager::DoneAddingNativeTags. DelegateIsBound: 0
[2018.09.25-04.24.39:104][  0]LogStats: UGameplayTagsManager::ConstructGameplayTagTree: ImportINI prefixes -  0.000 s
[2018.09.25-04.24.39:104][  0]LogStats: UGameplayTagsManager::ConstructGameplayTagTree: Construct from data asset -  0.000 s
[2018.09.25-04.24.39:105][  0]LogStats: UGameplayTagsManager::ConstructGameplayTagTree: ImportINI -  0.000 s
[2018.09.25-04.24.39:105][  0]LogStats: UGameplayTagsManager::ConstructGameplayTagTree: GameplayTagTreeChangedEvent.Broadcast -  0.000 s
[2018.09.25-04.24.45:416][  0]SourceControl: Source control is disabled
[2018.09.25-04.24.45:434][  0]Cmd: MAP LOAD FILE="C:/Users/maxsa/Desktop/Unreal Projects/SteamProject/Content/Maps/MainMenu.umap" TEMPLATE=0 SHOWPROGRESS=1 FEATURELEVEL=3
[2018.09.25-04.24.45:446][  0]LightingResults: New page: Lighting Build
[2018.09.25-04.24.45:608][  0]MapCheck: New page: Map Check
[2018.09.25-04.24.45:608][  0]LightingResults: New page: Lighting Build
[2018.09.25-04.24.47:273][  0]LogAIModule: Creating AISystem for world MainMenu
[2018.09.25-04.24.47:381][  0]LogEditorServer: Finished looking for orphan Actors (0.000 secs)
[2018.09.25-04.24.47:524][  0]Cmd: MAP CHECKDEP NOCLEARLOG
[2018.09.25-04.24.47:585][  0]MapCheck: Map check complete: 0 Error(s), 0 Warning(s), took 60.736ms to complete.
[2018.09.25-04.24.47:585][  0]LogFileHelpers: Loading map 'MainMenu' took 2.161
[2018.09.25-04.24.49:009][  0]LogSlate: Updating window title bar state: overlay mode, drag disabled, window buttons hidden, title bar hidden
[2018.09.25-04.24.49:051][  0]LogSlate: Updating window title bar state: overlay mode, drag disabled, window buttons hidden, title bar hidden
[2018.09.25-04.24.49:068][  0]LogSlate: Updating window title bar state: overlay mode, drag disabled, window buttons hidden, title bar hidden
[2018.09.25-04.24.49:079][  0]LogSlate: Updating window title bar state: overlay mode, drag disabled, window buttons hidden, title bar hidden
[2018.09.25-04.24.49:151][  0]LogCollectionManager: Loaded 0 collections in 0.002199 seconds
[2018.09.25-04.24.49:273][  0]LogFileCache: Scanning file cache for directory 'C:/Users/maxsa/Desktop/Unreal Projects/SteamProject/Saved/Collections/' took 0.01s
[2018.09.25-04.24.49:273][  0]LogFileCache: Scanning file cache for directory 'C:/Users/maxsa/Desktop/Unreal Projects/SteamProject/Content/Developers/maxsa/Collections/' took 0.01s
[2018.09.25-04.24.49:273][  0]LogFileCache: Scanning file cache for directory 'C:/Users/maxsa/Desktop/Unreal Projects/SteamProject/Content/Collections/' took 0.01s
[2018.09.25-04.24.49:273][  0]LogCollectionManager: Rebuilt the GUID cache for 0 collections in 0.000001 seconds
[2018.09.25-04.24.49:286][  0]LogContentBrowser: Native class hierarchy populated in 0.0130 seconds. Added 2575 classes and 607 folders.
[2018.09.25-04.24.49:335][  0]LogContentBrowser: Native class hierarchy updated for 'WidgetCarousel' in 0.0003 seconds. Added 0 classes and 0 folders.
[2018.09.25-04.24.51:133][  0]LogContentBrowser: Native class hierarchy updated for 'AddContentDialog' in 0.0005 seconds. Added 0 classes and 0 folders.
[2018.09.25-04.24.51:217][  0]LogContentBrowser: Native class hierarchy updated for 'SceneOutliner' in 0.0006 seconds. Added 1 classes and 2 folders.
[2018.09.25-04.24.51:791][  0]LogSlate: Took 0.021738 seconds to synchronously load lazily loaded font '../../../Engine/Content/Slate/Fonts/Roboto-Regular.ttf' (155K)
[2018.09.25-04.24.51:843][  0]LogSlate: Took 0.033919 seconds to synchronously load lazily loaded font '../../../Engine/Content/Slate/Fonts/Roboto-Bold.ttf' (160K)
[2018.09.25-04.24.51:935][  0]LogSlate: Took 0.021003 seconds to synchronously load lazily loaded font '../../../Engine/Content/Editor/Slate/Fonts/FontAwesome.ttf' (139K)
[2018.09.25-04.24.52:551][  0]LogRenderer: Reallocating scene render targets to support 1208x576 Format 10 NumSamples 1 (Frame:1).
[2018.09.25-04.24.53:407][  0]LogContentBrowser: Native class hierarchy updated for 'HierarchicalLODOutliner' in 0.0004 seconds. Added 0 classes and 0 folders.
[2018.09.25-04.24.53:407][  0]LogLoad: (Engine Initialization) Total time: 107.80 seconds
[2018.09.25-04.24.53:407][  0]LogLoad: (Engine Initialization) Total Blueprint compile time: 0.00 seconds
[2018.09.25-04.24.53:531][  0]LogContentStreaming: Texture pool size now 1000 MB
[2018.09.25-04.24.53:780][  2]LogSlate: Took 0.019397 seconds to synchronously load lazily loaded font '../../../Engine/Content/Slate/Fonts/Roboto-Light.ttf' (167K)
[2018.09.25-04.24.53:841][  3]LogAssetRegistry: Asset discovery search completed in 59.2923 seconds
[2018.09.25-04.24.53:844][  3]LogCollectionManager: Rebuilt the object cache for 0 collections in 0.000001 seconds (found 0 objects)
[2018.09.25-04.24.53:844][  3]LogCollectionManager: Fixed up redirectors for 0 collections in 0.000121 seconds (updated 0 objects)
[2018.09.25-04.24.56:786][  6]LogSlate: Took 0.000227 seconds to synchronously load lazily loaded font '../../../Engine/Content/Slate/Fonts/Roboto-Light.ttf' (167K)
[2018.09.25-04.24.56:799][  6]LogAssetEditorManager: Opening Asset editor for WidgetBlueprint /Game/UI/Lobby/LobbyMenu.LobbyMenu
[2018.09.25-04.24.57:989][  6]LogContentBrowser: Native class hierarchy updated for 'BlueprintGraph' in 0.0009 seconds. Added 116 classes and 0 folders.
[2018.09.25-04.25.00:664][  6]LogSlate: Took 0.045003 seconds to synchronously load lazily loaded font '../../../Engine/Content/Slate/Fonts/Roboto-BoldCondensed.ttf' (158K)
[2018.09.25-04.31.38:858][505]LogSlate: FSceneViewport::OnFocusLost() reason 0
[2018.09.25-04.31.51:500][393]LogSlate: Took 0.118152 seconds to synchronously load lazily loaded font '../../../Engine/Content/Slate/Fonts/DroidSansFallback.ttf' (3848K)
[2018.09.25-04.32.26:109][120]BlueprintLog: New page: Compile LobbyMenu
[2018.09.25-04.32.35:639][107]LogAssetEditorManager: Opening Asset editor for WidgetBlueprint /Game/UI/AllLevels/ChatWindow.ChatWindow
[2018.09.25-04.32.51:608][ 66]BlueprintLog: New page: Compile ChatWindow
[2018.09.25-04.32.52:513][ 99]Cmd: OBJ SAVEPACKAGE PACKAGE="/Game/UI/AllLevels/ChatWindow" FILE="C:/Users/maxsa/Desktop/Unreal Projects/SteamProject/Content/UI/AllLevels/ChatWindow.uasset" SILENT=true
[2018.09.25-04.32.52:610][ 99]LogSavePackage: Moving 'C:/Users/maxsa/Desktop/Unreal Projects/SteamProject/Saved/ChatWindowB4C8C9D84838DAB872E378B098D5B200.tmp' to 'C:/Users/maxsa/Desktop/Unreal Projects/SteamProject/Content/UI/AllLevels/ChatWindow.uasset'
[2018.09.25-04.33.00:489][769]Cmd: OBJ SAVEPACKAGE PACKAGE="/Game/UI/Lobby/LobbyMenu" FILE="C:/Users/maxsa/Desktop/Unreal Projects/SteamProject/Content/UI/Lobby/LobbyMenu.uasset" SILENT=true
[2018.09.25-04.33.00:584][769]LogSavePackage: Moving 'C:/Users/maxsa/Desktop/Unreal Projects/SteamProject/Saved/LobbyMenuEB2C5B214DC96167950F959346797280.tmp' to 'C:/Users/maxsa/Desktop/Unreal Projects/SteamProject/Content/UI/Lobby/LobbyMenu.uasset'
[2018.09.25-04.33.05:651][152]LogAssetEditorManager: Opening Asset editor for WidgetBlueprint /Game/UI/Lobby/GameSettings.GameSettings
[2018.09.25-04.33.17:372][ 98]BlueprintLog: New page: Compile GameSettings
[2018.09.25-04.33.19:181][231]Cmd: OBJ SAVEPACKAGE PACKAGE="/Game/UI/Lobby/GameSettings" FILE="C:/Users/maxsa/Desktop/Unreal Projects/SteamProject/Content/UI/Lobby/GameSettings.uasset" SILENT=true
[2018.09.25-04.33.19:267][231]LogSavePackage: Moving 'C:/Users/maxsa/Desktop/Unreal Projects/SteamProject/Saved/GameSettings5B22DDA04531D7E13502B9AAFBC14C12.tmp' to 'C:/Users/maxsa/Desktop/Unreal Projects/SteamProject/Content/UI/Lobby/GameSettings.uasset'
[2018.09.25-04.34.01:441][574]LogAssetEditorManager: Opening Asset editor for WidgetBlueprint /Game/UI/Lobby/CharacterSelect.CharacterSelect
[2018.09.25-04.34.20:922][424]BlueprintLog: New page: Compile CharacterSelect
[2018.09.25-04.34.21:686][445]Cmd: OBJ SAVEPACKAGE PACKAGE="/Game/UI/Lobby/CharacterSelect" FILE="C:/Users/maxsa/Desktop/Unreal Projects/SteamProject/Content/UI/Lobby/CharacterSelect.uasset" SILENT=true
[2018.09.25-04.34.21:757][445]LogSavePackage: Moving 'C:/Users/maxsa/Desktop/Unreal Projects/SteamProject/Saved/CharacterSelect431078DD4C922CCC968D9DB2E0BA3D93.tmp' to 'C:/Users/maxsa/Desktop/Unreal Projects/SteamProject/Content/UI/Lobby/CharacterSelect.uasset'
