Log file open, 08/21/18 12:45:55
LogWindows: Failed to load 'aqProf.dll' (GetLastError=126)
LogWindows: File 'aqProf.dll' does not exist
LogWindows: Failed to load 'VtuneApi.dll' (GetLastError=126)
LogWindows: File 'VtuneApi.dll' does not exist
LogWindows: Failed to load 'VtuneApi32e.dll' (GetLastError=126)
LogWindows: File 'VtuneApi32e.dll' does not exist
LogInit: Display: Running engine for game: SteamProject
LogPlatformFile: Not using cached read wrapper
LogInit: Display: RandInit(775705367) SRandInit(775705367).
LogInit: Read version file with build ID '3944462'
LogInit: Overriding engine version to CL 4033788, compatible CL 3944462
LogInit: Registered custom module enumerator with build ID '3944462'
LogTaskGraph: Started task graph with 5 named threads and 14 total threads with 3 sets of task threads.
LogStats: Stats thread started at 0.176131
LogD3D11RHI: Aftermath initialized
LogICUInternationalization: Display: ICU TimeZone Detection - Raw Offset: -5:00, Platform Override: ''
LogModuleManager: Display: Found up-to-date module file ../../../Engine/Plugins/Online/OnlineSubsystemSteam/Binaries/Win64/UE4Editor-OnlineSubsystemSteam.dll (API version 3944462).
LogModuleManager: Display: Found up-to-date module file ../../../Engine/Plugins/Online/OnlineSubsystem/Binaries/Win64/UE4Editor-OnlineSubsystem.dll (API version 3944462).
LogModuleManager: Display: Found up-to-date module file ../../../Engine/Plugins/Online/OnlineSubsystemUtils/Binaries/Win64/UE4Editor-OnlineSubsystemUtils.dll (API version 3944462).
LogModuleManager: Display: Found up-to-date module file ../../../Engine/Plugins/Online/OnlineSubsystemUtils/Binaries/Win64/UE4Editor-OnlineBlueprintSupport.dll (API version 3944462).
LogModuleManager: Display: Found up-to-date module file ../../../Engine/Plugins/2D/Paper2D/Binaries/Win64/UE4Editor-Paper2D.dll (API version 3944462).
LogModuleManager: Display: Found up-to-date module file ../../../Engine/Plugins/2D/Paper2D/Binaries/Win64/UE4Editor-Paper2DEditor.dll (API version 3944462).
LogModuleManager: Display: Found up-to-date module file ../../../Engine/Plugins/2D/Paper2D/Binaries/Win64/UE4Editor-PaperSpriteSheetImporter.dll (API version 3944462).
LogModuleManager: Display: Found up-to-date module file ../../../Engine/Plugins/2D/Paper2D/Binaries/Win64/UE4Editor-PaperTiledImporter.dll (API version 3944462).
LogModuleManager: Display: Found up-to-date module file ../../../Engine/Plugins/2D/Paper2D/Binaries/Win64/UE4Editor-SmartSnapping.dll (API version 3944462).
LogModuleManager: Display: Found up-to-date module file ../../../Engine/Plugins/Blendables/LightPropagationVolume/Binaries/Win64/UE4Editor-LightPropagationVolumeRuntime.dll (API version 3944462).
LogModuleManager: Display: Found up-to-date module file ../../../Engine/Plugins/Blendables/LightPropagationVolume/Binaries/Win64/UE4Editor-LightPropagationVolumeEditor.dll (API version 3944462).
LogModuleManager: Display: Found up-to-date module file ../../../Engine/Plugins/Developer/CLionSourceCodeAccess/Binaries/Win64/UE4Editor-CLionSourceCodeAccess.dll (API version 3944462).
LogModuleManager: Display: Found up-to-date module file ../../../Engine/Plugins/Developer/GitSourceControl/Binaries/Win64/UE4Editor-GitSourceControl.dll (API version 3944462).
LogModuleManager: Display: Found up-to-date module file ../../../Engine/Plugins/Developer/PerforceSourceControl/Binaries/Win64/UE4Editor-PerforceSourceControl.dll (API version 3944462).
LogModuleManager: Display: Found up-to-date module file ../../../Engine/Plugins/Developer/SubversionSourceControl/Binaries/Win64/UE4Editor-SubversionSourceControl.dll (API version 3944462).
LogModuleManager: Display: Found up-to-date module file ../../../Engine/Plugins/Developer/UObjectPlugin/Binaries/Win64/UE4Editor-UObjectPlugin.dll (API version 3944462).
LogModuleManager: Display: Found up-to-date module file ../../../Engine/Plugins/Developer/VisualStudioCodeSourceCodeAccess/Binaries/Win64/UE4Editor-VisualStudioCodeSourceCodeAccess.dll (API version 3944462).
LogModuleManager: Display: Found up-to-date module file ../../../Engine/Plugins/Developer/VisualStudioSourceCodeAccess/Binaries/Win64/UE4Editor-VisualStudioSourceCodeAccess.dll (API version 3944462).
LogModuleManager: Display: Found up-to-date module file ../../../Engine/Plugins/Editor/AssetManagerEditor/Binaries/Win64/UE4Editor-AssetManagerEditor.dll (API version 3944462).
LogModuleManager: Display: Found up-to-date module file ../../../Engine/Plugins/Editor/CryptoKeys/Binaries/Win64/UE4Editor-CryptoKeys.dll (API version 3944462).
LogModuleManager: Display: Found up-to-date module file ../../../Engine/Plugins/Editor/CryptoKeys/Binaries/Win64/UE4Editor-CryptoKeysOpenSSL.dll (API version 3944462).
LogModuleManager: Display: Found up-to-date module file ../../../Engine/Plugins/Editor/DataValidation/Binaries/Win64/UE4Editor-DataValidation.dll (API version 3944462).
LogModuleManager: Display: Found up-to-date module file ../../../Engine/Plugins/Editor/FacialAnimation/Binaries/Win64/UE4Editor-FacialAnimation.dll (API version 3944462).
LogModuleManager: Display: Found up-to-date module file ../../../Engine/Plugins/Editor/FacialAnimation/Binaries/Win64/UE4Editor-FacialAnimationEditor.dll (API version 3944462).
LogModuleManager: Display: Found up-to-date module file ../../../Engine/Plugins/Editor/GameplayTagsEditor/Binaries/Win64/UE4Editor-GameplayTagsEditor.dll (API version 3944462).
LogModuleManager: Display: Found up-to-date module file ../../../Engine/Plugins/Editor/MobileLauncherProfileWizard/Binaries/Win64/UE4Editor-MobileLauncherProfileWizard.dll (API version 3944462).
LogModuleManager: Display: Found up-to-date module file ../../../Engine/Plugins/Editor/PluginBrowser/Binaries/Win64/UE4Editor-PluginBrowser.dll (API version 3944462).
LogModuleManager: Display: Found up-to-date module file ../../../Engine/Plugins/Editor/SpeedTreeImporter/Binaries/Win64/UE4Editor-SpeedTreeImporter.dll (API version 3944462).
LogModuleManager: Display: Found up-to-date module file ../../../Engine/Plugins/Enterprise/DatasmithContent/Binaries/Win64/UE4Editor-DatasmithContent.dll (API version 3944462).
LogModuleManager: Display: Found up-to-date module file ../../../Engine/Plugins/Experimental/AlembicImporter/Binaries/Win64/UE4Editor-AlembicImporter.dll (API version 3944462).
LogModuleManager: Display: Found up-to-date module file ../../../Engine/Plugins/Experimental/AlembicImporter/Binaries/Win64/UE4Editor-AlembicLibrary.dll (API version 3944462).
LogModuleManager: Display: Found up-to-date module file ../../../Engine/Plugins/Experimental/CharacterAI/Binaries/Win64/UE4Editor-CharacterAI.dll (API version 3944462).
LogModuleManager: Display: Found up-to-date module file ../../../Engine/Plugins/Experimental/HTML5Networking/Binaries/Win64/UE4Editor-HTML5Networking.dll (API version 3944462).
LogModuleManager: Display: Found up-to-date module file ../../../Engine/Plugins/Media/AndroidMedia/Binaries/Win64/UE4Editor-AndroidMediaEditor.dll (API version 3944462).
LogModuleManager: Display: Found up-to-date module file ../../../Engine/Plugins/Media/AndroidMedia/Binaries/Win64/UE4Editor-AndroidMediaFactory.dll (API version 3944462).
LogModuleManager: Display: Found up-to-date module file ../../../Engine/Plugins/Media/AvfMedia/Binaries/Win64/UE4Editor-AvfMediaEditor.dll (API version 3944462).
LogModuleManager: Display: Found up-to-date module file ../../../Engine/Plugins/Media/AvfMedia/Binaries/Win64/UE4Editor-AvfMediaFactory.dll (API version 3944462).
LogModuleManager: Display: Found up-to-date module file ../../../Engine/Plugins/Media/AvfMedia/Binaries/Win64/UE4Editor-AvfMediaFactory.dll (API version 3944462).
LogModuleManager: Display: Found up-to-date module file ../../../Engine/Plugins/Media/ImgMedia/Binaries/Win64/UE4Editor-ImgMedia.dll (API version 3944462).
LogModuleManager: Display: Found up-to-date module file ../../../Engine/Plugins/Media/ImgMedia/Binaries/Win64/UE4Editor-ImgMediaEditor.dll (API version 3944462).
LogModuleManager: Display: Found up-to-date module file ../../../Engine/Plugins/Media/ImgMedia/Binaries/Win64/UE4Editor-ImgMediaFactory.dll (API version 3944462).
LogModuleManager: Display: Found up-to-date module file ../../../Engine/Plugins/Media/ImgMedia/Binaries/Win64/UE4Editor-ImgMediaFactory.dll (API version 3944462).
LogModuleManager: Display: Found up-to-date module file ../../../Engine/Plugins/Media/ImgMedia/Binaries/Win64/UE4Editor-OpenExrWrapper.dll (API version 3944462).
LogModuleManager: Display: Found up-to-date module file ../../../Engine/Plugins/Media/LinearTimecode/Binaries/Win64/UE4Editor-LinearTimecode.dll (API version 3944462).
LogModuleManager: Display: Found up-to-date module file ../../../Engine/Plugins/Media/MediaCompositing/Binaries/Win64/UE4Editor-MediaCompositing.dll (API version 3944462).
LogModuleManager: Display: Found up-to-date module file ../../../Engine/Plugins/Media/MediaCompositing/Binaries/Win64/UE4Editor-MediaCompositingEditor.dll (API version 3944462).
LogModuleManager: Display: Found up-to-date module file ../../../Engine/Plugins/Media/MediaPlayerEditor/Binaries/Win64/UE4Editor-MediaPlayerEditor.dll (API version 3944462).
LogModuleManager: Display: Found up-to-date module file ../../../Engine/Plugins/Media/WmfMedia/Binaries/Win64/UE4Editor-WmfMedia.dll (API version 3944462).
LogModuleManager: Display: Found up-to-date module file ../../../Engine/Plugins/Media/WmfMedia/Binaries/Win64/UE4Editor-WmfMediaEditor.dll (API version 3944462).
LogModuleManager: Display: Found up-to-date module file ../../../Engine/Plugins/Media/WmfMedia/Binaries/Win64/UE4Editor-WmfMediaFactory.dll (API version 3944462).
LogModuleManager: Display: Found up-to-date module file ../../../Engine/Plugins/Media/WmfMedia/Binaries/Win64/UE4Editor-WmfMediaFactory.dll (API version 3944462).
LogModuleManager: Display: Found up-to-date module file ../../../Engine/Plugins/Messaging/TcpMessaging/Binaries/Win64/UE4Editor-TcpMessaging.dll (API version 3944462).
LogModuleManager: Display: Found up-to-date module file ../../../Engine/Plugins/Messaging/UdpMessaging/Binaries/Win64/UE4Editor-UdpMessaging.dll (API version 3944462).
LogModuleManager: Display: Found up-to-date module file ../../../Engine/Plugins/MovieScene/ActorSequence/Binaries/Win64/UE4Editor-ActorSequence.dll (API version 3944462).
LogModuleManager: Display: Found up-to-date module file ../../../Engine/Plugins/MovieScene/LevelSequenceEditor/Binaries/Win64/UE4Editor-LevelSequenceEditor.dll (API version 3944462).
LogModuleManager: Display: Found up-to-date module file ../../../Engine/Plugins/MovieScene/MatineeToLevelSequence/Binaries/Win64/UE4Editor-MatineeToLevelSequence.dll (API version 3944462).
LogModuleManager: Display: Found up-to-date module file ../../../Engine/Plugins/NetcodeUnitTest/NetcodeUnitTest/Binaries/Win64/UE4Editor-NetcodeUnitTest.dll (API version 3944462).
LogModuleManager: Display: Found up-to-date module file ../../../Engine/Plugins/NetcodeUnitTest/NUTUnrealEngine4/Binaries/Win64/UE4Editor-NUTUnrealEngine4.dll (API version 3944462).
LogModuleManager: Display: Found up-to-date module file ../../../Engine/Plugins/Runtime/AndroidPermission/Binaries/Win64/UE4Editor-AndroidPermission.dll (API version 3944462).
LogModuleManager: Display: Found up-to-date module file ../../../Engine/Plugins/Online/OnlineSubsystemNull/Binaries/Win64/UE4Editor-OnlineSubsystemNull.dll (API version 3944462).
LogModuleManager: Display: Found up-to-date module file ../../../Engine/Plugins/Runtime/AndroidDeviceProfileSelector/Binaries/Win64/UE4Editor-AndroidDeviceProfileSelector.dll (API version 3944462).
LogModuleManager: Display: Found up-to-date module file ../../../Engine/Plugins/Runtime/AppleARKit/Binaries/Win64/UE4Editor-AppleARKit.dll (API version 3944462).
LogModuleManager: Display: Found up-to-date module file ../../../Engine/Plugins/Runtime/ProceduralMeshComponent/Binaries/Win64/UE4Editor-ProceduralMeshComponent.dll (API version 3944462).
LogModuleManager: Display: Found up-to-date module file ../../../Engine/Plugins/Runtime/ProceduralMeshComponent/Binaries/Win64/UE4Editor-ProceduralMeshComponentEditor.dll (API version 3944462).
LogModuleManager: Display: Found up-to-date module file ../../../Engine/Plugins/Animation/LiveLink/Binaries/Win64/UE4Editor-LiveLink.dll (API version 3944462).
LogModuleManager: Display: Found up-to-date module file ../../../Engine/Plugins/Animation/LiveLink/Binaries/Win64/UE4Editor-LiveLinkEditor.dll (API version 3944462).
LogModuleManager: Display: Found up-to-date module file ../../../Engine/Plugins/Runtime/ArchVisCharacter/Binaries/Win64/UE4Editor-ArchVisCharacter.dll (API version 3944462).
LogModuleManager: Display: Found up-to-date module file ../../../Engine/Plugins/Runtime/AudioCapture/Binaries/Win64/UE4Editor-AudioCapture.dll (API version 3944462).
LogModuleManager: Display: Found up-to-date module file ../../../Engine/Plugins/Runtime/AudioCapture/Binaries/Win64/UE4Editor-AudioCaptureEditor.dll (API version 3944462).
LogModuleManager: Display: Found up-to-date module file ../../../Engine/Plugins/Runtime/CableComponent/Binaries/Win64/UE4Editor-CableComponent.dll (API version 3944462).
LogModuleManager: Display: Found up-to-date module file ../../../Engine/Plugins/Runtime/CustomMeshComponent/Binaries/Win64/UE4Editor-CustomMeshComponent.dll (API version 3944462).
LogModuleManager: Display: Found up-to-date module file ../../../Engine/Plugins/Runtime/ExampleDeviceProfileSelector/Binaries/Win64/UE4Editor-ExampleDeviceProfileSelector.dll (API version 3944462).
LogModuleManager: Display: Found up-to-date module file ../../../Engine/Plugins/Runtime/ImmediatePhysics/Binaries/Win64/UE4Editor-ImmediatePhysics.dll (API version 3944462).
LogModuleManager: Display: Found up-to-date module file ../../../Engine/Plugins/Runtime/ImmediatePhysics/Binaries/Win64/UE4Editor-ImmediatePhysicsEditor.dll (API version 3944462).
LogModuleManager: Display: Found up-to-date module file ../../../Engine/Plugins/Runtime/LocationServicesBPLibrary/Binaries/Win64/UE4Editor-LocationServicesBPLibrary.dll (API version 3944462).
LogModuleManager: Display: Found up-to-date module file ../../../Engine/Plugins/Runtime/MobilePatchingUtils/Binaries/Win64/UE4Editor-MobilePatchingUtils.dll (API version 3944462).
LogModuleManager: Display: Found up-to-date module file ../../../Engine/Plugins/Runtime/Oculus/OculusVR/Binaries/Win64/UE4Editor-OculusHMD.dll (API version 3944462).
LogModuleManager: Display: Found up-to-date module file ../../../Engine/Plugins/Runtime/Oculus/OculusVR/Binaries/Win64/UE4Editor-OculusInput.dll (API version 3944462).
LogModuleManager: Display: Found up-to-date module file ../../../Engine/Plugins/Runtime/Oculus/OculusVR/Binaries/Win64/UE4Editor-OculusEditor.dll (API version 3944462).
LogModuleManager: Display: Found up-to-date module file ../../../Engine/Plugins/Runtime/PhysXVehicles/Binaries/Win64/UE4Editor-PhysXVehicles.dll (API version 3944462).
LogModuleManager: Display: Found up-to-date module file ../../../Engine/Plugins/Runtime/PhysXVehicles/Binaries/Win64/UE4Editor-PhysXVehiclesEditor.dll (API version 3944462).
LogModuleManager: Display: Found up-to-date module file ../../../Engine/Plugins/Runtime/RuntimePhysXCooking/Binaries/Win64/UE4Editor-RuntimePhysXCooking.dll (API version 3944462).
LogModuleManager: Display: Found up-to-date module file ../../../Engine/Plugins/Runtime/Steam/SteamVR/Binaries/Win64/UE4Editor-SteamVR.dll (API version 3944462).
LogModuleManager: Display: Found up-to-date module file ../../../Engine/Plugins/Runtime/Steam/SteamVR/Binaries/Win64/UE4Editor-SteamVRController.dll (API version 3944462).
LogModuleManager: Display: Found up-to-date module file ../../../Engine/Plugins/Runtime/WindowsMoviePlayer/Binaries/Win64/UE4Editor-WindowsMoviePlayer.dll (API version 3944462).
LogPluginManager: Mounting plugin Paper2D
LogPluginManager: Mounting plugin LiveLink
LogPluginManager: Mounting plugin LightPropagationVolume
LogPluginManager: Mounting plugin CLionSourceCodeAccess
LogPluginManager: Mounting plugin CodeLiteSourceCodeAccess
LogPluginManager: Mounting plugin GitSourceControl
LogPluginManager: Mounting plugin KDevelopSourceCodeAccess
LogPluginManager: Mounting plugin NullSourceCodeAccess
LogPluginManager: Mounting plugin PerforceSourceControl
LogPluginManager: Mounting plugin SubversionSourceControl
LogPluginManager: Mounting plugin UObjectPlugin
LogPluginManager: Mounting plugin VisualStudioCodeSourceCodeAccess
LogPluginManager: Mounting plugin VisualStudioSourceCodeAccess
LogPluginManager: Mounting plugin XCodeSourceCodeAccess
LogPluginManager: Mounting plugin AssetManagerEditor
LogPluginManager: Mounting plugin CryptoKeys
LogPluginManager: Mounting plugin DataValidation
LogPluginManager: Mounting plugin FacialAnimation
LogPluginManager: Mounting plugin GameplayTagsEditor
LogPluginManager: Mounting plugin MobileLauncherProfileWizard
LogPluginManager: Mounting plugin PluginBrowser
LogPluginManager: Mounting plugin SpeedTreeImporter
LogPluginManager: Mounting plugin DatasmithContent
LogPluginManager: Mounting plugin AlembicImporter
LogPluginManager: Mounting plugin CharacterAI
LogPluginManager: Mounting plugin HTML5Networking
LogPluginManager: Mounting plugin AndroidMedia
LogPluginManager: Mounting plugin AvfMedia
LogPluginManager: Mounting plugin ImgMedia
LogPluginManager: Mounting plugin LinearTimecode
LogPluginManager: Mounting plugin MediaCompositing
LogPluginManager: Mounting plugin MediaPlayerEditor
LogPluginManager: Mounting plugin WmfMedia
LogPluginManager: Mounting plugin TcpMessaging
LogPluginManager: Mounting plugin UdpMessaging
LogPluginManager: Mounting plugin ActorSequence
LogPluginManager: Mounting plugin LevelSequenceEditor
LogPluginManager: Mounting plugin MatineeToLevelSequence
LogPluginManager: Mounting plugin NetcodeUnitTest
LogPluginManager: Mounting plugin NUTUnrealEngine4
LogPluginManager: Mounting plugin OnlineSubsystemGooglePlay
LogPluginManager: Mounting plugin OnlineSubsystemIOS
LogPluginManager: Mounting plugin OnlineSubsystem
LogPluginManager: Mounting plugin OnlineSubsystemNull
LogPluginManager: Mounting plugin OnlineSubsystemSteam
LogPluginManager: Mounting plugin OnlineSubsystemUtils
LogPluginManager: Mounting plugin AndroidDeviceProfileSelector
LogPluginManager: Mounting plugin AndroidMoviePlayer
LogPluginManager: Mounting plugin AndroidPermission
LogPluginManager: Mounting plugin AppleARKit
LogPluginManager: Mounting plugin AppleMoviePlayer
LogPluginManager: Mounting plugin ArchVisCharacter
LogPluginManager: Mounting plugin AudioCapture
LogPluginManager: Mounting plugin CableComponent
LogPluginManager: Mounting plugin CustomMeshComponent
LogPluginManager: Mounting plugin ExampleDeviceProfileSelector
LogPluginManager: Mounting plugin GoogleCloudMessaging
LogPluginManager: Mounting plugin ImmediatePhysics
LogPluginManager: Mounting plugin IOSDeviceProfileSelector
LogPluginManager: Mounting plugin LinuxDeviceProfileSelector
LogPluginManager: Mounting plugin LocationServicesBPLibrary
LogPluginManager: Mounting plugin MobilePatchingUtils
LogPluginManager: Mounting plugin OculusVR
LogPluginManager: Plugin shader directory ../../../Engine/Plugins/Runtime/Oculus/OculusVR/Shaders found
LogPluginManager: Mapping shader source directory ../../../Engine/Plugins/Runtime/Oculus/OculusVR/Shaders to virtual directory /Plugin/OculusVR
LogPluginManager: Mounting plugin PhysXVehicles
LogPluginManager: Mounting plugin ProceduralMeshComponent
LogPluginManager: Mounting plugin RuntimePhysXCooking
LogPluginManager: Mounting plugin SteamVR
LogPluginManager: Mounting plugin WindowsMoviePlayer
LogStreaming: Display: Took  0.883s to configure plugins.
LogInit: Using libcurl 7.47.1
LogInit:  - built for x86_64-pc-win32
LogInit:  - supports SSL with OpenSSL/1.0.2g
LogInit:  - supports HTTP deflate (compression) using libz 1.2.8
LogInit:  - other features:
LogInit:      CURL_VERSION_SSL
LogInit:      CURL_VERSION_LIBZ
LogInit:      CURL_VERSION_IPV6
LogInit:      CURL_VERSION_ASYNCHDNS
LogInit:      CURL_VERSION_LARGEFILE
LogInit:      CURL_VERSION_IDN
LogInit:  CurlRequestOptions (configurable via config and command line):
LogInit:  - bVerifyPeer = false  - Libcurl will NOT verify peer certificate
LogInit:  - bUseHttpProxy = false  - Libcurl will NOT use HTTP proxy
LogInit:  - bDontReuseConnections = false  - Libcurl will reuse connections
LogInit:  - CertBundlePath = nullptr  - Libcurl will use whatever was configured at build time.
LogInit:  - MaxHostConnections = 16  - Libcurl will limit the number of connections to a host
LogInit:  - LocalHostAddr = Default
LogOnline: Display: STEAM: Loading Steam SDK 1.39
LogInit: WinSock: version 1.1 (2.2), MaxSocks=32767, MaxUdp=65467
LogAppleARKit: Warning: Failed to bind to the listen port (76561198065934505:11111) for LiveLink face AR receiving with error (SE_NO_ERROR)
LogInit: Build: ++UE4+Release-4.19-CL-4033788
LogInit: Engine Version: 4.19.2-4033788+++UE4+Release-4.19
LogInit: Compatible Engine Version: 4.19.0-3944462+++UE4+Release-4.19
LogInit: Net CL: 3944462
LogDevObjectVersion: Number of dev versions registered: 18
LogDevObjectVersion:   Dev-Blueprints (B0D832E4-1F89-4F0D-ACCF-7EB736FD4AA2): 10
LogDevObjectVersion:   Dev-Build (E1C64328-A22C-4D53-A36C-8E866417BD8C): 0
LogDevObjectVersion:   Dev-Core (375EC13C-06E4-48FB-B500-84F0262A717E): 2
LogDevObjectVersion:   Dev-Editor (E4B068ED-F494-42E9-A231-DA0B2E46BB41): 23
LogDevObjectVersion:   Dev-Framework (CFFC743F-43B0-4480-9391-14DF171D2073): 33
LogDevObjectVersion:   Dev-Mobile (B02B49B5-BB20-44E9-A304-32B752E40360): 2
LogDevObjectVersion:   Dev-Networking (A4E4105C-59A1-49B5-A7C5-40C4547EDFEE): 0
LogDevObjectVersion:   Dev-Online (39C831C9-5AE6-47DC-9A44-9C173E1C8E7C): 0
LogDevObjectVersion:   Dev-Physics (78F01B33-EBEA-4F98-B9B4-84EACCB95AA2): 0
LogDevObjectVersion:   Dev-Platform (6631380F-2D4D-43E0-8009-CF276956A95A): 0
LogDevObjectVersion:   Dev-Rendering (12F88B9F-8875-4AFC-A67C-D90C383ABD29): 25
LogDevObjectVersion:   Dev-Sequencer (7B5AE74C-D270-4C10-A958-57980B212A5A): 6
LogDevObjectVersion:   Dev-VR (D7296918-1DD6-4BDD-9DE2-64A83CC13884): 1
LogDevObjectVersion:   Dev-LoadTimes (C2A15278-BFE7-4AFE-6C17-90FF531DF755): 1
LogDevObjectVersion:   Private-Geometry (6EACA3D4-40EC-4CC1-B786-8BED09428FC5): 2
LogDevObjectVersion:   Dev-AnimPhys (29E575DD-E0A3-4627-9D10-D276232CDCEA): 16
LogDevObjectVersion:   Dev-ReflectionCapture (6B266CEC-1EC7-4B8F-A30B-E4D90942FC07): 1
LogDevObjectVersion:   Dev-Automation (0DF73D61-A23F-47EA-B727-89E90C41499A): 1
LogInit: Compiled (64-bit): Apr 27 2018 02:06:57
LogInit: Compiled with Visual C++: 19.00.24215.01
LogInit: Build Configuration: Development
LogInit: Branch Name: ++UE4+Release-4.19
LogInit: Command Line:  /Game/Maps/MainMenu -game -PIEVIACONSOLE -ResX=1280 -ResY=720  -Multiprocess -messaging -SessionName="Play in Standalone Game" -windowed 
LogInit: Base Directory: E:/UE_4.19/Engine/Binaries/Win64/
LogInit: Installed Engine Build: 1
LogStreaming: Display: Took  0.003s to delete old logs.
LogInit: Presizing for max 8388607 objects, including 0 objects not considered by GC, pre-allocating 0 bytes for permanent pool.
LogInit: Object subsystem initialized
[2018.08.21-16.45.57:239][  0]LogInit: Selected Device Profile: [Windows]
[2018.08.21-16.45.57:239][  0]LogInit: Applying CVar settings loaded from the selected device profile: [Windows]
[2018.08.21-16.45.57:243][  0]LogInit: Computer: MAX-PC
[2018.08.21-16.45.57:243][  0]LogInit: User: maxsa
[2018.08.21-16.45.57:243][  0]LogInit: CPU Page size=4096, Cores=4
[2018.08.21-16.45.57:243][  0]LogInit: High frequency timer resolution =3.320342 MHz
[2018.08.21-16.45.57:243][  0]LogMemory: Memory total: Physical=16.0GB (16GB approx)
[2018.08.21-16.45.57:243][  0]LogMemory: Platform Memory Stats for Windows
[2018.08.21-16.45.57:243][  0]LogMemory: Process Physical Memory: 304.95 MB used, 304.95 MB peak
[2018.08.21-16.45.57:243][  0]LogMemory: Process Virtual Memory: 276.98 MB used, 276.98 MB peak
[2018.08.21-16.45.57:243][  0]LogMemory: Physical Memory: 7790.06 MB used,  8544.80 MB free, 16334.86 MB total
[2018.08.21-16.45.57:243][  0]LogMemory: Virtual Memory: 4901.46 MB used,  8544.80 MB free, 134217728.00 MB total
[2018.08.21-16.45.57:272][  0]LogInit: Using OS detected language (en-US).
[2018.08.21-16.45.57:272][  0]LogInit: Using OS detected locale (en-CA).
[2018.08.21-16.45.57:273][  0]LogTextLocalizationManager: No localization for 'en-US' exists, so 'en' will be used for the language.
[2018.08.21-16.45.57:273][  0]LogTextLocalizationManager: No localization for 'en-CA' exists, so 'en' will be used for the locale.
[2018.08.21-16.45.57:741][  0]LogStreaming: Display: Took  0.469s to EndInitTextLocalization.
[2018.08.21-16.45.57:767][  0]LogSlate: New Slate User Created.  User Index 0, Is Virtual User: 0
[2018.08.21-16.45.57:767][  0]LogSlate: Slate User Registered.  User Index 0, Is Virtual User: 0
[2018.08.21-16.45.57:776][  0]LogD3D11RHI: D3D11 adapters:
[2018.08.21-16.45.57:857][  0]LogD3D11RHI:    0. 'NVIDIA GeForce GTX 1070' (Feature Level 11_0)
[2018.08.21-16.45.57:857][  0]LogD3D11RHI:       8088/0/8167 MB DedicatedVideo/DedicatedSystem/SharedSystem, Outputs:2, VendorId:0x10de
[2018.08.21-16.45.57:861][  0]LogD3D11RHI:    1. 'Microsoft Basic Render Driver' (Feature Level 11_0)
[2018.08.21-16.45.57:861][  0]LogD3D11RHI:       0/0/8167 MB DedicatedVideo/DedicatedSystem/SharedSystem, Outputs:0, VendorId:0x1414
[2018.08.21-16.45.57:861][  0]LogD3D11RHI: Chosen D3D11 Adapter: 0
[2018.08.21-16.45.57:869][  0]LogD3D11RHI: Creating new Direct3DDevice
[2018.08.21-16.45.57:870][  0]LogD3D11RHI:     GPU DeviceId: 0x1b81 (for the marketing name, search the web for "GPU Device Id")
[2018.08.21-16.45.57:870][  0]LogWindows: EnumDisplayDevices:
[2018.08.21-16.45.57:870][  0]LogWindows:    0. 'NVIDIA GeForce GTX 1070' (P:1 D:1)
[2018.08.21-16.45.57:870][  0]LogWindows:    1. 'NVIDIA GeForce GTX 1070' (P:0 D:1)
[2018.08.21-16.45.57:870][  0]LogWindows:    2. 'NVIDIA GeForce GTX 1070' (P:0 D:0)
[2018.08.21-16.45.57:870][  0]LogWindows:    3. 'NVIDIA GeForce GTX 1070' (P:0 D:0)
[2018.08.21-16.45.57:870][  0]LogWindows: DebugString: GetVideoDriverDetailsInvalid PrimaryIsNotTheChoosenAdapter GetVideoDriverDetailsInvalid PrimaryIsNotTheChoosenAdapter GetVideoDriverDetailsInvalid PrimaryIsNotTheChoosenAdapter GetVideoDriverDetailsInvalid PrimaryIsNotTheChoosenAdapter FoundDriverCount:0 
[2018.08.21-16.45.57:870][  0]LogD3D11RHI:     Adapter Name: NVIDIA GeForce GTX 1070
[2018.08.21-16.45.57:870][  0]LogD3D11RHI:   Driver Version: Unknown (internal:Unknown, unified:Unknown)
[2018.08.21-16.45.57:870][  0]LogD3D11RHI:      Driver Date: Unknown
[2018.08.21-16.45.57:870][  0]LogRHI: Texture pool is 5661 MB (70% of 8088 MB)
[2018.08.21-16.45.57:935][  0]LogD3D11RHI: [Aftermath] Aftermath enabled and primed
[2018.08.21-16.45.57:935][  0]LogD3D11RHI: [Aftermath] Aftermath enabled and primed
[2018.08.21-16.45.57:935][  0]LogD3D11RHI: Async texture creation enabled
[2018.08.21-16.45.57:973][  0]LogD3D11RHI: GPU Timing Frequency: 1000.000000 (Debug: 2 2)
[2018.08.21-16.45.58:016][  0]LogShaderCompilers: Guid format shader working directory is -5 characters bigger than the processId version (C:/Users/maxsa/Desktop/Unreal Projects/SteamProject/Intermediate/Shaders/WorkingDirectory/7060/).
[2018.08.21-16.45.58:016][  0]LogShaderCompilers: Cleaned the shader compiler working directory 'C:/Users/maxsa/AppData/Local/Temp/UnrealShaderWorkingDir/5B2074C2482972FD36B5FCAF78E15878/'.
[2018.08.21-16.45.58:249][  0]LogTemp: Display: Loaded TP WindowsClientTargetPlatform
[2018.08.21-16.45.58:263][  0]LogTemp: Display: Loaded TP WindowsNoEditorTargetPlatform
[2018.08.21-16.45.58:276][  0]LogTemp: Display: Loaded TP WindowsServerTargetPlatform
[2018.08.21-16.45.58:283][  0]LogTemp: Display: Loaded TP WindowsTargetPlatform
[2018.08.21-16.45.58:283][  0]LogTargetPlatformManager: Display: Building Assets For Windows
[2018.08.21-16.45.58:388][  0]LogXGEController: Cannot use XGE Controller as Incredibuild is not installed on this machine.
[2018.08.21-16.45.58:388][  0]LogShaderCompilers: Cannot use XGE Shader Compiler as Incredibuild is not installed on this machine.
[2018.08.21-16.45.58:388][  0]LogShaderCompilers: Display: Using Local Shader Compiler.
[2018.08.21-16.45.59:006][  0]LogDerivedDataCache: Display: Max Cache Size: 512 MB
[2018.08.21-16.45.59:068][  0]LogDerivedDataCache: Loaded boot cache 0.06s 74MB C:/Users/maxsa/AppData/Local/UnrealEngine/4.19/DerivedDataCache/Boot.ddc.
[2018.08.21-16.45.59:068][  0]LogDerivedDataCache: Display: Loaded Boot cache: C:/Users/maxsa/AppData/Local/UnrealEngine/4.19/DerivedDataCache/Boot.ddc
[2018.08.21-16.45.59:068][  0]LogDerivedDataCache: FDerivedDataBackendGraph:  Pak pak cache file C:/Users/maxsa/Desktop/Unreal Projects/SteamProject/DerivedDataCache/DDC.ddp not found, will not use a pak cache.
[2018.08.21-16.45.59:068][  0]LogDerivedDataCache: Unable to find inner node Pak for hierarchical cache Hierarchy.
[2018.08.21-16.45.59:068][  0]LogDerivedDataCache: FDerivedDataBackendGraph:  CompressedPak pak cache file C:/Users/maxsa/Desktop/Unreal Projects/SteamProject/DerivedDataCache/Compressed.ddp not found, will not use a pak cache.
[2018.08.21-16.45.59:068][  0]LogDerivedDataCache: Unable to find inner node CompressedPak for hierarchical cache Hierarchy.
[2018.08.21-16.45.59:082][  0]LogDerivedDataCache: Display: Pak cache opened for reading ../../../Engine/DerivedDataCache/Compressed.ddp.
[2018.08.21-16.45.59:094][  0]LogDerivedDataCache: Using Local data cache path C:/Users/maxsa/AppData/Local/UnrealEngine/Common/DerivedDataCache: Writable
[2018.08.21-16.45.59:094][  0]LogDerivedDataCache: Shared data cache path not found in *engine.ini, will not use an Shared cache.
[2018.08.21-16.45.59:094][  0]LogDerivedDataCache: Unable to find inner node Shared for hierarchical cache Hierarchy.
[2018.08.21-16.45.59:106][  0]LogMaterial: Verifying Global Shaders for PCD3D_SM5
[2018.08.21-16.45.59:110][  0]LogSlate: Using Freetype 2.6.0
[2018.08.21-16.45.59:110][  0]LogSlate: SlateFontCache - WITH_FREETYPE: 1, WITH_HARFBUZZ: 1
[2018.08.21-16.45.59:110][  0]LogSlate: SlateFontCache - WITH_FREETYPE: 1, WITH_HARFBUZZ: 1
[2018.08.21-16.45.59:313][  0]LogAssetRegistry: FAssetRegistry took 0.0041 seconds to start up
[2018.08.21-16.45.59:537][  0]LogPackageLocalizationCache: Processed 9 localized package path(s) for 1 prioritized culture(s) in 0.008992 seconds
[2018.08.21-16.45.59:630][  0]LogInit: Selected Device Profile: [Windows]
[2018.08.21-16.45.59:762][  0]LogSimplygon: Simplygon DLL not present - disabling.
[2018.08.21-16.45.59:765][  0]LogMeshReduction: Using SimplygonSwarm for distributed automatic mesh merging
[2018.08.21-16.45.59:765][  0]LogMeshReduction: Using QuadricMeshReduction for automatic static mesh reduction
[2018.08.21-16.45.59:766][  0]LogMeshReduction: No automatic skeletal mesh reduction module available
[2018.08.21-16.45.59:766][  0]LogMeshReduction: No automatic mesh merging module available
[2018.08.21-16.45.59:766][  0]LogMeshMerging: No automatic mesh merging module available
[2018.08.21-16.45.59:797][  0]LogNetVersion: SteamProject , NetCL: 3944462, EngineNetVer: 2, GameNetVer: 0 (Checksum: 2850268364)
[2018.08.21-16.46.00:374][  0]LogMoviePlayer: Initializing movie player
[2018.08.21-16.46.00:713][  0]LogTcpMessaging: Initializing TcpMessaging bridge
[2018.08.21-16.46.00:738][  0]LogUdpMessaging: Initializing bridge on interface 0.0.0.0:0 to multicast group 230.0.0.1:6666.
[2018.08.21-16.46.00:960][  0]SourceControl: Source control is disabled
[2018.08.21-16.46.00:960][  0]SourceControl: Source control is disabled
[2018.08.21-16.46.00:976][  0]SourceControl: Source control is disabled
[2018.08.21-16.46.01:309][  0]LogAndroidPermission: UAndroidPermissionCallbackProxy::GetInstance
[2018.08.21-16.46.01:476][  0]LogOcInput: OculusInput pre-init called
[2018.08.21-16.46.01:514][  0]LogUObjectArray: 40131 objects as part of root set at end of initial load.
[2018.08.21-16.46.01:514][  0]LogUObjectAllocator: 8578472 out of 0 bytes used by permanent object pool.
[2018.08.21-16.46.01:514][  0]LogUObjectArray: CloseDisregardForGC: 0/0 objects in disregard for GC pool
[2018.08.21-16.46.01:564][  0]LogEngine: Initializing Engine...
[2018.08.21-16.46.01:570][  0]LogHMD: Failed to initialize OpenVR with code 105
[2018.08.21-16.46.01:582][  0]LogStats: UGameplayTagsManager::ConstructGameplayTagTree: Construct from data asset -  0.000 s
[2018.08.21-16.46.01:582][  0]LogStats: UGameplayTagsManager::ConstructGameplayTagTree: GameplayTagTreeChangedEvent.Broadcast -  0.000 s
[2018.08.21-16.46.01:754][  0]LogInit: XAudio2 using 'Headphones (Realtek High Definition Audio)' : 2 channels at 48 kHz using 32 bits per sample (channel mask 0x3)
[2018.08.21-16.46.01:767][  0]LogInit: FAudioDevice initialized.
[2018.08.21-16.46.01:795][  0]LogInit: Texture streaming: Enabled
[2018.08.21-16.46.02:035][  0]LogUObjectGlobals: Created PersistentFrame Addr=0x0000027ffbe33600, Size=504, Default__GameInfoInstance_C Function /Game/Blueprints/AllLevels/GameInfoInstance.GameInfoInstance_C:ExecuteUbergraph_GameInfoInstance
[2018.08.21-16.46.02:038][  0]LogUObjectGlobals: Created PersistentFrame Addr=0x0000027feb418310, Size=80, Default__HostMenu_C Function /Game/UI/MainMenu/HostMenu.HostMenu_C:ExecuteUbergraph_HostMenu
[2018.08.21-16.46.02:046][  0]LogUObjectGlobals: Created PersistentFrame Addr=0x0000027ffa524130, Size=40, Default__MainMenu_C Function /Game/UI/MainMenu/MainMenu.MainMenu_C:ExecuteUbergraph_MainMenu
[2018.08.21-16.46.02:052][  0]LogUObjectGlobals: Created PersistentFrame Addr=0x0000027ffbe218a0, Size=104, Default__OptionsMenu_C Function /Game/UI/MainMenu/OptionsMenu.OptionsMenu_C:ExecuteUbergraph_OptionsMenu
[2018.08.21-16.46.02:076][  0]LogUObjectGlobals: Created PersistentFrame Addr=0x0000027ffbdc2700, Size=608, Default__ServerMenu_C Function /Game/UI/MainMenu/ServerMenu.ServerMenu_C:ExecuteUbergraph_ServerMenu
[2018.08.21-16.46.02:120][  0]LogUObjectGlobals: Destroyed PersistentFrame Addr=0x0000027ffbe33600, Size=504
[2018.08.21-16.46.02:120][  0]LogUObjectGlobals: Created PersistentFrame Addr=0x0000027ffba5bc00, Size=504, Default__GameInfoInstance_C Function /Engine/Transient.REINST_GameInfoInstance_C_2:ExecuteUbergraph_GameInfoInstance
[2018.08.21-16.46.02:120][  0]LogUObjectGlobals: Destroyed PersistentFrame Addr=0x0000027feb418310, Size=80
[2018.08.21-16.46.02:120][  0]LogUObjectGlobals: Created PersistentFrame Addr=0x0000027ffba32c50, Size=80, Default__HostMenu_C Function /Engine/Transient.REINST_HostMenu_C_0:ExecuteUbergraph_HostMenu
[2018.08.21-16.46.02:121][  0]LogUObjectGlobals: Destroyed PersistentFrame Addr=0x0000027ffa524130, Size=40
[2018.08.21-16.46.02:121][  0]LogUObjectGlobals: Created PersistentFrame Addr=0x0000027ffbdcd1e8, Size=40, Default__MainMenu_C Function /Engine/Transient.REINST_MainMenu_C_2:ExecuteUbergraph_MainMenu
[2018.08.21-16.46.02:121][  0]LogUObjectGlobals: Destroyed PersistentFrame Addr=0x0000027ffbe218a0, Size=104
[2018.08.21-16.46.02:121][  0]LogUObjectGlobals: Created PersistentFrame Addr=0x0000027ffb99f040, Size=104, Default__OptionsMenu_C Function /Engine/Transient.REINST_OptionsMenu_C_3:ExecuteUbergraph_OptionsMenu
[2018.08.21-16.46.02:121][  0]LogUObjectGlobals: Destroyed PersistentFrame Addr=0x0000027ffbdc2700, Size=608
[2018.08.21-16.46.02:121][  0]LogUObjectGlobals: Created PersistentFrame Addr=0x0000027ffbacd800, Size=608, Default__ServerMenu_C Function /Engine/Transient.REINST_ServerMenu_C_4:ExecuteUbergraph_ServerMenu
[2018.08.21-16.46.02:149][  0]LogUObjectGlobals: Created PersistentFrame Addr=0x0000027ffb820900, Size=520, Default__GameInfoInstance_C Function /Game/Blueprints/AllLevels/GameInfoInstance.GameInfoInstance_C:ExecuteUbergraph_GameInfoInstance
[2018.08.21-16.46.02:151][  0]LogUObjectGlobals: Created PersistentFrame Addr=0x0000027ffb79b970, Size=80, Default__HostMenu_C Function /Game/UI/MainMenu/HostMenu.HostMenu_C:ExecuteUbergraph_HostMenu
[2018.08.21-16.46.02:152][  0]LogUObjectGlobals: Created PersistentFrame Addr=0x0000027ffbdce1b0, Size=40, Default__MainMenu_C Function /Game/UI/MainMenu/MainMenu.MainMenu_C:ExecuteUbergraph_MainMenu
[2018.08.21-16.46.02:154][  0]LogUObjectGlobals: Created PersistentFrame Addr=0x0000027ffb744c60, Size=104, Default__OptionsMenu_C Function /Game/UI/MainMenu/OptionsMenu.OptionsMenu_C:ExecuteUbergraph_OptionsMenu
[2018.08.21-16.46.02:157][  0]LogUObjectGlobals: Created PersistentFrame Addr=0x0000027ffb786700, Size=592, Default__ServerMenu_C Function /Game/UI/MainMenu/ServerMenu.ServerMenu_C:ExecuteUbergraph_ServerMenu
[2018.08.21-16.46.02:212][  0]LogInit: Display: Game Engine Initialized.
[2018.08.21-16.46.02:212][  0]LogGameplayTags: Display: UGameplayTagsManager::DoneAddingNativeTags. DelegateIsBound: 0
[2018.08.21-16.46.02:212][  0]LogStats: UGameplayTagsManager::ConstructGameplayTagTree: Construct from data asset -  0.000 s
[2018.08.21-16.46.02:212][  0]LogStats: UGameplayTagsManager::ConstructGameplayTagTree: GameplayTagTreeChangedEvent.Broadcast -  0.000 s
[2018.08.21-16.46.02:301][  0]LogInit: Display: Starting Game.
[2018.08.21-16.46.02:309][  0]LogNet: Browse: /Game/Maps/MainMenu?Name=Player
[2018.08.21-16.46.02:309][  0]LogLoad: LoadMap: /Game/Maps/MainMenu?Name=Player
[2018.08.21-16.46.02:363][  0]LogUObjectGlobals: Destroyed PersistentFrame Addr=0x0000027ffba5bc00, Size=504
[2018.08.21-16.46.02:363][  0]LogUObjectGlobals: Destroyed PersistentFrame Addr=0x0000027ffba32c50, Size=80
[2018.08.21-16.46.02:363][  0]LogUObjectGlobals: Destroyed PersistentFrame Addr=0x0000027ffbdcd1e8, Size=40
[2018.08.21-16.46.02:363][  0]LogUObjectGlobals: Destroyed PersistentFrame Addr=0x0000027ffb99f040, Size=104
[2018.08.21-16.46.02:363][  0]LogUObjectGlobals: Destroyed PersistentFrame Addr=0x0000027ffbacd800, Size=608
[2018.08.21-16.46.02:366][  0]LogUObjectGlobals: Created PersistentFrame Addr=0x0000027ffb7eec00, Size=32, Default__MainMenu_C Function /Game/Maps/MainMenu.MainMenu_C:ExecuteUbergraph_MainMenu
[2018.08.21-16.46.02:367][  0]LogUObjectGlobals: Destroyed PersistentFrame Addr=0x0000027ffb7eec00, Size=32
[2018.08.21-16.46.02:367][  0]LogUObjectGlobals: Created PersistentFrame Addr=0x0000027ffb7eec00, Size=32, Default__MainMenu_C Function /Engine/Transient.REINST_MainMenu_C_12:ExecuteUbergraph_MainMenu
[2018.08.21-16.46.02:368][  0]LogUObjectGlobals: Created PersistentFrame Addr=0x0000027ffb7ee740, Size=32, Default__MainMenu_C Function /Game/Maps/MainMenu.MainMenu_C:ExecuteUbergraph_MainMenu
[2018.08.21-16.46.02:379][  0]LogAIModule: Creating AISystem for world MainMenu
[2018.08.21-16.46.02:395][  0]LogUObjectGlobals: Created PersistentFrame Addr=0x0000027ffb6eefc0, Size=296, Default__ThirdPersonCharacter_C Function /Game/ThirdPersonBP/Blueprints/ThirdPersonCharacter.ThirdPersonCharacter_C:ExecuteUbergraph_ThirdPersonCharacter
[2018.08.21-16.46.02:410][  0]LogUObjectGlobals: Created PersistentFrame Addr=0x0000027ffb6b5880, Size=64, Default__ThirdPerson_AnimBP_C Function /Game/Mannequin/Animations/ThirdPerson_AnimBP.ThirdPerson_AnimBP_C:ExecuteUbergraph_ThirdPerson_AnimBP
[2018.08.21-16.46.02:481][  0]LogUObjectGlobals: Destroyed PersistentFrame Addr=0x0000027ffb6b5880, Size=64
[2018.08.21-16.46.02:481][  0]LogUObjectGlobals: Created PersistentFrame Addr=0x0000027ffb8df940, Size=64, Default__ThirdPerson_AnimBP_C Function /Engine/Transient.REINST_ThirdPerson_AnimBP_C_0:ExecuteUbergraph_ThirdPerson_AnimBP
[2018.08.21-16.46.02:481][  0]LogUObjectGlobals: Destroyed PersistentFrame Addr=0x0000027ffb6eefc0, Size=296
[2018.08.21-16.46.02:481][  0]LogUObjectGlobals: Created PersistentFrame Addr=0x0000027ffb8adbc0, Size=296, Default__ThirdPersonCharacter_C Function /Engine/Transient.REINST_ThirdPersonCharacter_C_14:ExecuteUbergraph_ThirdPersonCharacter
[2018.08.21-16.46.02:494][  0]LogUObjectGlobals: Created PersistentFrame Addr=0x0000027ffb743ec0, Size=72, Default__ThirdPerson_AnimBP_C Function /Game/Mannequin/Animations/ThirdPerson_AnimBP.ThirdPerson_AnimBP_C:ExecuteUbergraph_ThirdPerson_AnimBP
[2018.08.21-16.46.02:495][  0]LogUObjectGlobals: Created PersistentFrame Addr=0x0000027ffb8afc40, Size=296, Default__ThirdPersonCharacter_C Function /Game/ThirdPersonBP/Blueprints/ThirdPersonCharacter.ThirdPersonCharacter_C:ExecuteUbergraph_ThirdPersonCharacter
[2018.08.21-16.46.02:861][  0]LogSkeletalMesh: Skeletal Mesh found in DDC [39.290230ms] /Game/Mannequin/Character/Mesh/SK_Mannequin.SK_Mannequin
[2018.08.21-16.46.02:868][  0]LogLoad: Game class is 'ThirdPersonGameMode_C'
[2018.08.21-16.46.02:869][  0]LogWorld: Bringing World /Game/Maps/MainMenu.MainMenu up for play (max tick rate 0) at 2018.08.21-12.46.02
[2018.08.21-16.46.02:869][  0]LogWorld: Bringing up level for play took: 0.000520
[2018.08.21-16.46.02:869][  0]LogGameMode: FindPlayerStart: PATHS NOT DEFINED or NO PLAYERSTART with positive rating
[2018.08.21-16.46.03:108][  0]LogLoad: Took 0.798318 seconds to LoadMap(/Game/Maps/MainMenu)
[2018.08.21-16.46.03:109][  0]LogSlate: Took 0.000174 seconds to synchronously load lazily loaded font '../../../Engine/Content/Slate/Fonts/Roboto-Regular.ttf' (155K)
[2018.08.21-16.46.03:188][  0]LogLoad: (Engine Initialization) Total time: 8.40 seconds
[2018.08.21-16.46.03:188][  0]LogLoad: (Engine Initialization) Total Blueprint compile time: 0.00 seconds
[2018.08.21-16.46.03:211][  0]LogRenderer: Reallocating scene render targets to support 1280x720 Format 10 NumSamples 1 (Frame:1).
[2018.08.21-16.46.03:263][  0]LogWindowsTextInputMethodSystem: Display: IME system now deactivated.
[2018.08.21-16.46.03:291][  0]LogContentStreaming: Texture pool size now 1000 MB
[2018.08.21-16.46.05:053][103]LogSlate: FSceneViewport::OnFocusLost() reason 0
[2018.08.21-16.46.14:683][700]LogNetVersion: SteamProject 1.0.0.0, NetCL: 3944462, EngineNetVer: 2, GameNetVer: 0 (Checksum: 140413965)
[2018.08.21-16.46.14:689][700]LogInit: WinSock: I am Max-PC (192.168.0.103:0)
[2018.08.21-16.46.14:801][700]LogPackageName: SearchForPackageOnDisk took   0.081s to resolve Lobby.umap.
[2018.08.21-16.46.14:874][700]LogPackageName: SearchForPackageOnDisk took   0.072s to resolve Lobby.umap.
[2018.08.21-16.46.14:874][700]LogNet: Browse: /Game/Maps/Lobby?listen
[2018.08.21-16.46.14:874][700]LogLoad: LoadMap: /Game/Maps/Lobby?listen
[2018.08.21-16.46.14:911][700]LogUObjectGlobals: Destroyed PersistentFrame Addr=0x0000027ffb8afc40, Size=296
[2018.08.21-16.46.14:911][700]LogUObjectGlobals: Destroyed PersistentFrame Addr=0x0000027ffb743ec0, Size=72
[2018.08.21-16.46.14:911][700]LogUObjectGlobals: Destroyed PersistentFrame Addr=0x0000027ffb8df940, Size=64
[2018.08.21-16.46.14:911][700]LogUObjectGlobals: Destroyed PersistentFrame Addr=0x0000027ffb8adbc0, Size=296
[2018.08.21-16.46.14:911][700]LogUObjectGlobals: Destroyed PersistentFrame Addr=0x0000027ffb7ee740, Size=32
[2018.08.21-16.46.14:911][700]LogUObjectGlobals: Destroyed PersistentFrame Addr=0x0000027ffb7eec00, Size=32
[2018.08.21-16.46.15:410][700]LogUObjectGlobals: Created PersistentFrame Addr=0x0000027ffb917880, Size=528, Default__LobbyGM_C Function /Game/Blueprints/Lobby/LobbyGM.LobbyGM_C:ExecuteUbergraph_LobbyGM
[2018.08.21-16.46.15:414][700]LogUObjectGlobals: Created PersistentFrame Addr=0x0000027ffbaf9940, Size=296, Default__0_Base_C Function /Game/Blueprints/Characters/0_Base.0_Base_C:ExecuteUbergraph_0_Base
[2018.08.21-16.46.15:420][700]LogUObjectGlobals: Created PersistentFrame Addr=0x0000027f8bff2570, Size=72, Default__0_BaseAnimBP_C Function /Game/InfinityBladeWarriors/Animations/0_BaseAnimBP.0_BaseAnimBP_C:ExecuteUbergraph_0_BaseAnimBP
[2018.08.21-16.46.15:455][700]LogUObjectGlobals: Created PersistentFrame Addr=0x0000027ffbacd080, Size=640, Default__LobbyPC_C Function /Game/Blueprints/Lobby/LobbyPC.LobbyPC_C:ExecuteUbergraph_LobbyPC
[2018.08.21-16.46.15:463][700]LogUObjectGlobals: Created PersistentFrame Addr=0x0000027f8bd13380, Size=312, Default__LobbyMenu_C Function /Game/UI/Lobby/LobbyMenu.LobbyMenu_C:ExecuteUbergraph_LobbyMenu
[2018.08.21-16.46.15:473][700]LogUObjectGlobals: Created PersistentFrame Addr=0x0000027f8c0077b8, Size=4, Default__GameSettings_C Function /Game/UI/Lobby/GameSettings.GameSettings_C:ExecuteUbergraph_GameSettings
[2018.08.21-16.46.15:506][700]LogUObjectGlobals: Destroyed PersistentFrame Addr=0x0000027f8bff2570, Size=72
[2018.08.21-16.46.15:506][700]LogUObjectGlobals: Created PersistentFrame Addr=0x0000027fda6578d0, Size=72, Default__0_BaseAnimBP_C Function /Engine/Transient.REINST_0_BaseAnimBP_C_1:ExecuteUbergraph_0_BaseAnimBP
[2018.08.21-16.46.15:507][700]LogUObjectGlobals: Destroyed PersistentFrame Addr=0x0000027ffbaf9940, Size=296
[2018.08.21-16.46.15:507][700]LogUObjectGlobals: Created PersistentFrame Addr=0x0000027ffb8aed40, Size=296, Default__0_Base_C Function /Engine/Transient.REINST_0_Base_C_22:ExecuteUbergraph_0_Base
[2018.08.21-16.46.15:507][700]LogUObjectGlobals: Destroyed PersistentFrame Addr=0x0000027f8c0077b8, Size=4
[2018.08.21-16.46.15:507][700]LogUObjectGlobals: Created PersistentFrame Addr=0x0000027f8c0077b8, Size=4, Default__GameSettings_C Function /Engine/Transient.REINST_GameSettings_C_8:ExecuteUbergraph_GameSettings
[2018.08.21-16.46.15:508][700]LogUObjectGlobals: Destroyed PersistentFrame Addr=0x0000027ffb917880, Size=528
[2018.08.21-16.46.15:508][700]LogUObjectGlobals: Created PersistentFrame Addr=0x0000027feb27f600, Size=528, Default__LobbyGM_C Function /Engine/Transient.REINST_LobbyGM_C_23:ExecuteUbergraph_LobbyGM
[2018.08.21-16.46.15:508][700]LogUObjectGlobals: Destroyed PersistentFrame Addr=0x0000027f8bd13380, Size=312
[2018.08.21-16.46.15:508][700]LogUObjectGlobals: Created PersistentFrame Addr=0x0000027ffb8afb00, Size=312, Default__LobbyMenu_C Function /Engine/Transient.REINST_LobbyMenu_C_9:ExecuteUbergraph_LobbyMenu
[2018.08.21-16.46.15:508][700]LogUObjectGlobals: Destroyed PersistentFrame Addr=0x0000027ffbacd080, Size=640
[2018.08.21-16.46.15:508][700]LogUObjectGlobals: Created PersistentFrame Addr=0x0000027feb27f100, Size=640, Default__LobbyPC_C Function /Engine/Transient.REINST_LobbyPC_C_24:ExecuteUbergraph_LobbyPC
[2018.08.21-16.46.15:540][700]LogUObjectGlobals: Created PersistentFrame Addr=0x0000027f8bf87010, Size=72, Default__0_BaseAnimBP_C Function /Game/InfinityBladeWarriors/Animations/0_BaseAnimBP.0_BaseAnimBP_C:ExecuteUbergraph_0_BaseAnimBP
[2018.08.21-16.46.15:542][700]LogUObjectGlobals: Created PersistentFrame Addr=0x0000027f8b4cb9c0, Size=296, Default__0_Base_C Function /Game/Blueprints/Characters/0_Base.0_Base_C:ExecuteUbergraph_0_Base
[2018.08.21-16.46.15:543][700]LogUObjectGlobals: Created PersistentFrame Addr=0x0000027f8c005eb0, Size=4, Default__GameSettings_C Function /Game/UI/Lobby/GameSettings.GameSettings_C:ExecuteUbergraph_GameSettings
[2018.08.21-16.46.15:545][700]LogUObjectGlobals: Created PersistentFrame Addr=0x0000027f8bf78b80, Size=528, Default__LobbyGM_C Function /Game/Blueprints/Lobby/LobbyGM.LobbyGM_C:ExecuteUbergraph_LobbyGM
[2018.08.21-16.46.15:548][700]LogUObjectGlobals: Created PersistentFrame Addr=0x0000027f8b4cbd80, Size=320, Default__LobbyMenu_C Function /Game/UI/Lobby/LobbyMenu.LobbyMenu_C:ExecuteUbergraph_LobbyMenu
[2018.08.21-16.46.15:551][700]LogUObjectGlobals: Created PersistentFrame Addr=0x0000027fdd23b380, Size=640, Default__LobbyPC_C Function /Game/Blueprints/Lobby/LobbyPC.LobbyPC_C:ExecuteUbergraph_LobbyPC
[2018.08.21-16.46.15:733][700]LogSkeletalMesh: Skeletal Mesh found in DDC [0.982429ms] /Game/InfinityBladeWarriors/Character/CompleteCharacters/sk_CharM_Base.sk_CharM_Base
[2018.08.21-16.46.15:788][700]LogAIModule: Creating AISystem for world Lobby
[2018.08.21-16.46.15:788][700]LogLoad: Game class is 'LobbyGM_C'
[2018.08.21-16.46.15:788][700]LogTemp: Display: ParseSettings for GameNetDriver
[2018.08.21-16.46.15:801][700]LogTemp: Display: ParseSettings for SteamNetDriver_0
[2018.08.21-16.46.15:801][700]LogTemp: Display: ParseSettings for GameNetDriver
[2018.08.21-16.46.15:802][700]LogNet: Display: SteamNetDriver_0 bound to port 7777
[2018.08.21-16.46.15:802][700]PacketHandlerLog: Loaded PacketHandler component: Engine.EngineHandlerComponentFactory (StatelessConnectHandlerComponent)
[2018.08.21-16.46.15:808][700]LogNet: GameNetDriver SteamNetDriver_0 IpNetDriver listening on port 7777
[2018.08.21-16.46.15:860][700]LogWorld: Bringing World /Game/Maps/Lobby.Lobby up for play (max tick rate 0) at 2018.08.21-12.46.15
[2018.08.21-16.46.15:860][700]LogWorld: Bringing up level for play took: 0.051925
[2018.08.21-16.46.15:953][700]LogLoad: Took 1.079035 seconds to LoadMap(/Game/Maps/Lobby)
[2018.08.21-16.47.04:369][693]LogUObjectGlobals: Destroyed PersistentFrame Addr=0x0000027feb27f600, Size=528
[2018.08.21-16.47.04:369][693]LogUObjectGlobals: Destroyed PersistentFrame Addr=0x0000027ffb8aed40, Size=296
[2018.08.21-16.47.04:369][693]LogUObjectGlobals: Destroyed PersistentFrame Addr=0x0000027fda6578d0, Size=72
[2018.08.21-16.47.04:369][693]LogUObjectGlobals: Destroyed PersistentFrame Addr=0x0000027feb27f100, Size=640
[2018.08.21-16.47.04:369][693]LogUObjectGlobals: Destroyed PersistentFrame Addr=0x0000027ffb8afb00, Size=312
[2018.08.21-16.47.04:369][693]LogUObjectGlobals: Destroyed PersistentFrame Addr=0x0000027f8c0077b8, Size=4
[2018.08.21-16.47.09:159][989]LogSlate: FSceneViewport::OnFocusLost() reason 0
[2018.08.21-16.47.15:337][366]LogSlate: Window 'SteamProject (64-bit, PCD3D_SM5) ' being destroyed
[2018.08.21-16.47.15:338][366]LogWindowsTextInputMethodSystem: Display: IME system now deactivated.
[2018.08.21-16.47.15:341][366]LogScriptCore: Warning: Script Msg: DestroySession - Invalid player state
[2018.08.21-16.47.15:341][366]LogEngine: All Windows Closed
[2018.08.21-16.47.15:342][366]LogWindows: FPlatformMisc::RequestExit(0)
[2018.08.21-16.47.15:354][367]LogNet: World NetDriver shutdown SteamNetDriver_0 [GameNetDriver]
[2018.08.21-16.47.15:354][367]LogNet: DestroyNamedNetDriver SteamNetDriver_0 [GameNetDriver]
[2018.08.21-16.47.15:354][367]LogExit: GameNetDriver SteamNetDriver_0 shut down
[2018.08.21-16.47.15:621][367]LogSlate: Slate User Destroyed.  User Index 0, Is Virtual User: 0
[2018.08.21-16.47.15:632][367]LogExit: Preparing to exit.
[2018.08.21-16.47.15:633][367]LogMoviePlayer: Shutting down movie player
[2018.08.21-16.47.15:887][367]LogExit: Game engine shut down
[2018.08.21-16.47.15:890][367]LogUObjectGlobals: Destroyed PersistentFrame Addr=0x0000027ffb820900, Size=520
[2018.08.21-16.47.15:890][367]LogUObjectGlobals: Destroyed PersistentFrame Addr=0x0000027ffb79b970, Size=80
[2018.08.21-16.47.15:890][367]LogUObjectGlobals: Destroyed PersistentFrame Addr=0x0000027ffbdce1b0, Size=40
[2018.08.21-16.47.15:890][367]LogUObjectGlobals: Destroyed PersistentFrame Addr=0x0000027ffb744c60, Size=104
[2018.08.21-16.47.15:890][367]LogUObjectGlobals: Destroyed PersistentFrame Addr=0x0000027ffb786700, Size=592
[2018.08.21-16.47.15:891][367]LogUObjectGlobals: Destroyed PersistentFrame Addr=0x0000027f8bf87010, Size=72
[2018.08.21-16.47.15:891][367]LogUObjectGlobals: Destroyed PersistentFrame Addr=0x0000027f8b4cb9c0, Size=296
[2018.08.21-16.47.15:891][367]LogUObjectGlobals: Destroyed PersistentFrame Addr=0x0000027f8c005eb0, Size=4
[2018.08.21-16.47.15:891][367]LogUObjectGlobals: Destroyed PersistentFrame Addr=0x0000027f8bf78b80, Size=528
[2018.08.21-16.47.15:891][367]LogUObjectGlobals: Destroyed PersistentFrame Addr=0x0000027f8b4cbd80, Size=320
[2018.08.21-16.47.15:891][367]LogUObjectGlobals: Destroyed PersistentFrame Addr=0x0000027fdd23b380, Size=640
[2018.08.21-16.47.16:199][367]LogExit: Object subsystem successfully closed.
[2018.08.21-16.47.16:235][367]LogShaderCompilers: Display: Shaders left to compile 0
[2018.08.21-16.47.16:238][367]LogD3D11RHI: Shutdown
[2018.08.21-16.47.16:238][367]LogD3D11RHI: CleanupD3DDevice
[2018.08.21-16.47.16:240][367]LogD3D11RHI: ~FD3D11DynamicRHI
[2018.08.21-16.47.16:356][367]LogModuleManager: Shutting down and abandoning module SequenceRecorderSections (334)
[2018.08.21-16.47.16:356][367]LogModuleManager: Shutting down and abandoning module SequenceRecorder (332)
[2018.08.21-16.47.16:356][367]LogModuleManager: Shutting down and abandoning module AutomationController (330)
[2018.08.21-16.47.16:356][367]LogModuleManager: Shutting down and abandoning module AutomationWorker (328)
[2018.08.21-16.47.16:356][367]LogModuleManager: Shutting down and abandoning module AIModule (326)
[2018.08.21-16.47.16:356][367]LogModuleManager: Shutting down and abandoning module GameplayDebugger (325)
[2018.08.21-16.47.16:356][367]LogModuleManager: Shutting down and abandoning module AITestSuite (323)
[2018.08.21-16.47.16:356][367]LogModuleManager: Shutting down and abandoning module WmfMediaFactory (320)
[2018.08.21-16.47.16:356][367]LogModuleManager: Shutting down and abandoning module OpenExrWrapper (318)
[2018.08.21-16.47.16:356][367]LogModuleManager: Shutting down and abandoning module ImgMediaFactory (316)
[2018.08.21-16.47.16:357][367]LogModuleManager: Shutting down and abandoning module AvfMediaFactory (314)
[2018.08.21-16.47.16:357][367]LogModuleManager: Shutting down and abandoning module CharacterAI (312)
[2018.08.21-16.47.16:357][367]LogModuleManager: Shutting down and abandoning module SessionServices (310)
[2018.08.21-16.47.16:357][367]LogModuleManager: Shutting down and abandoning module MovieSceneCapture (308)
[2018.08.21-16.47.16:357][367]LogModuleManager: Shutting down and abandoning module MovieSceneTracks (306)
[2018.08.21-16.47.16:363][367]LogModuleManager: Shutting down and abandoning module MovieScene (304)
[2018.08.21-16.47.16:363][367]LogModuleManager: Shutting down and abandoning module GeometryCache (302)
[2018.08.21-16.47.16:363][367]LogModuleManager: Shutting down and abandoning module GeometryCacheEd (301)
[2018.08.21-16.47.16:363][367]LogModuleManager: Shutting down and abandoning module StreamingPauseRendering (298)
[2018.08.21-16.47.16:363][367]LogModuleManager: Shutting down and abandoning module PortalServices (296)
[2018.08.21-16.47.16:363][367]LogModuleManager: Shutting down and abandoning module PortalRpc (294)
[2018.08.21-16.47.16:363][367]LogModuleManager: Shutting down and abandoning module MessagingRpc (292)
[2018.08.21-16.47.16:363][367]LogModuleManager: Shutting down and abandoning module ProfilerService (290)
[2018.08.21-16.47.16:482][367]LogModuleManager: Shutting down and abandoning module TaskGraph (288)
[2018.08.21-16.47.16:483][367]LogModuleManager: Shutting down and abandoning module SteamVRController (286)
[2018.08.21-16.47.16:483][367]LogModuleManager: Shutting down and abandoning module ProceduralMeshComponent (284)
[2018.08.21-16.47.16:483][367]LogModuleManager: Shutting down and abandoning module OculusInput (282)
[2018.08.21-16.47.16:483][367]LogModuleManager: Shutting down and abandoning module MobilePatchingUtils (280)
[2018.08.21-16.47.16:483][367]LogModuleManager: Shutting down and abandoning module CustomMeshComponent (278)
[2018.08.21-16.47.16:483][367]LogModuleManager: Shutting down and abandoning module CableComponent (276)
[2018.08.21-16.47.16:483][367]LogModuleManager: Shutting down and abandoning module AudioCapture (274)
[2018.08.21-16.47.16:483][367]LogModuleManager: Shutting down and abandoning module ArchVisCharacter (272)
[2018.08.21-16.47.16:483][367]LogModuleManager: Shutting down and abandoning module AndroidPermission (270)
[2018.08.21-16.47.16:483][367]LogModuleManager: Shutting down and abandoning module NUTUnrealEngine4 (266)
[2018.08.21-16.47.16:483][367]LogModuleManager: Shutting down and abandoning module NetcodeUnitTest (264)
[2018.08.21-16.47.16:483][367]LogModuleManager: Shutting down and abandoning module MediaCompositing (262)
[2018.08.21-16.47.16:483][367]LogModuleManager: Shutting down and abandoning module LinearTimecode (260)
[2018.08.21-16.47.16:483][367]LogModuleManager: Shutting down and abandoning module ImgMedia (258)
[2018.08.21-16.47.16:488][367]LogModuleManager: Shutting down and abandoning module HTML5Networking (256)
[2018.08.21-16.47.16:488][367]LogModuleManager: Shutting down and abandoning module DatasmithContent (254)
[2018.08.21-16.47.16:488][367]LogModuleManager: Shutting down and abandoning module CryptoKeysOpenSSL (252)
[2018.08.21-16.47.16:488][367]LogModuleManager: Shutting down and abandoning module CryptoKeys (250)
[2018.08.21-16.47.16:488][367]LogModuleManager: Shutting down and abandoning module VisualStudioSourceCodeAccess (248)
[2018.08.21-16.47.16:488][367]LogModuleManager: Shutting down and abandoning module HotReload (247)
[2018.08.21-16.47.16:488][367]LogModuleManager: Shutting down and abandoning module DirectoryWatcher (246)
[2018.08.21-16.47.16:488][367]LogModuleManager: Shutting down and abandoning module VisualStudioCodeSourceCodeAccess (242)
[2018.08.21-16.47.16:488][367]LogModuleManager: Shutting down and abandoning module UObjectPlugin (240)
[2018.08.21-16.47.16:488][367]LogModuleManager: Shutting down and abandoning module SubversionSourceControl (238)
[2018.08.21-16.47.16:488][367]LogModuleManager: Shutting down and abandoning module PerforceSourceControl (236)
[2018.08.21-16.47.16:489][367]LogModuleManager: Shutting down and abandoning module SourceControl (235)
[2018.08.21-16.47.16:489][367]LogModuleManager: Shutting down and abandoning module CLionSourceCodeAccess (232)
[2018.08.21-16.47.16:489][367]LogModuleManager: Shutting down and abandoning module RuntimePhysXCooking (230)
[2018.08.21-16.47.16:489][367]LogModuleManager: Shutting down and abandoning module PhysXVehiclesEditor (228)
[2018.08.21-16.47.16:489][367]LogModuleManager: Shutting down and abandoning module PhysXVehicles (226)
[2018.08.21-16.47.16:489][367]LogModuleManager: Shutting down and abandoning module LocationServicesBPLibrary (224)
[2018.08.21-16.47.16:489][367]LogModuleManager: Shutting down and abandoning module ImmediatePhysicsEditor (222)
[2018.08.21-16.47.16:489][367]LogModuleManager: Shutting down and abandoning module ImmediatePhysics (220)
[2018.08.21-16.47.16:489][367]LogModuleManager: Shutting down and abandoning module ActorSequence (218)
[2018.08.21-16.47.16:489][367]LogModuleManager: Shutting down and abandoning module UdpMessaging (216)
[2018.08.21-16.47.16:590][367]LogModuleManager: Shutting down and abandoning module TcpMessaging (214)
[2018.08.21-16.47.16:760][367]LogModuleManager: Shutting down and abandoning module GameplayTagsEditor (212)
[2018.08.21-16.47.16:760][367]LogModuleManager: Shutting down and abandoning module FacialAnimation (210)
[2018.08.21-16.47.16:760][367]LogModuleManager: Shutting down and abandoning module DataValidation (208)
[2018.08.21-16.47.16:760][367]LogModuleManager: Shutting down and abandoning module AssetManagerEditor (206)
[2018.08.21-16.47.16:760][367]LogModuleManager: Shutting down and abandoning module TreeMap (205)
[2018.08.21-16.47.16:760][367]LogModuleManager: Shutting down and abandoning module LightPropagationVolumeRuntime (202)
[2018.08.21-16.47.16:760][367]LogModuleManager: Shutting down and abandoning module LiveLink (200)
[2018.08.21-16.47.17:642][367]LogModuleManager: Shutting down and abandoning module Paper2D (198)
[2018.08.21-16.47.17:642][367]LogModuleManager: Shutting down and abandoning module PIEPreviewDeviceProfileSelector (196)
[2018.08.21-16.47.17:642][367]LogModuleManager: Shutting down and abandoning module WindowsMoviePlayer (194)
[2018.08.21-16.47.17:642][367]LogModuleManager: Shutting down and abandoning module WmfMedia (192)
[2018.08.21-16.47.17:643][367]LogModuleManager: Shutting down and abandoning module Media (191)
[2018.08.21-16.47.17:649][367]LogModuleManager: Shutting down and abandoning module PacketHandler (188)
[2018.08.21-16.47.17:649][367]LogModuleManager: Shutting down and abandoning module ClothingSystemEditor (186)
[2018.08.21-16.47.17:649][367]LogModuleManager: Shutting down and abandoning module ClothingSystemRuntime (184)
[2018.08.21-16.47.17:664][367]LogModuleManager: Shutting down and abandoning module MediaAssets (182)
[2018.08.21-16.47.17:664][367]LogModuleManager: Shutting down and abandoning module Overlay (180)
[2018.08.21-16.47.17:664][367]LogModuleManager: Shutting down and abandoning module OverlayEditor (179)
[2018.08.21-16.47.17:664][367]LogModuleManager: Shutting down and abandoning module VREditor (176)
[2018.08.21-16.47.17:665][367]LogModuleManager: Shutting down and abandoning module StringTableEditor (174)
[2018.08.21-16.47.17:665][367]LogModuleManager: Shutting down and abandoning module GameplayTasksEditor (172)
[2018.08.21-16.47.17:665][367]LogModuleManager: Shutting down and abandoning module BehaviorTreeEditor (170)
[2018.08.21-16.47.17:682][367]LogModuleManager: Shutting down and abandoning module FunctionalTesting (168)
[2018.08.21-16.47.17:682][367]LogModuleManager: Shutting down and abandoning module CollisionAnalyzer (166)
[2018.08.21-16.47.17:682][367]LogModuleManager: Shutting down and abandoning module WorkspaceMenuStructure (165)
[2018.08.21-16.47.17:682][367]LogModuleManager: Shutting down and abandoning module UMG (162)
[2018.08.21-16.47.17:682][367]LogModuleManager: Shutting down and abandoning module UMGEditor (161)
[2018.08.21-16.47.17:702][367]LogModuleManager: Shutting down and abandoning module Sequencer (160)
[2018.08.21-16.47.17:704][367]LogModuleManager: Shutting down and abandoning module MessageLog (157)
[2018.08.21-16.47.17:704][367]LogModuleManager: Shutting down and abandoning module SlateReflector (152)
[2018.08.21-16.47.17:734][367]LogModuleManager: Shutting down and abandoning module Slate (150)
[2018.08.21-16.47.17:734][367]LogModuleManager: Shutting down and abandoning module EditorStyle (148)
[2018.08.21-16.47.17:735][367]LogModuleManager: Shutting down and abandoning module MRMesh (146)
[2018.08.21-16.47.17:735][367]LogModuleManager: Shutting down and abandoning module Messaging (144)
[2018.08.21-16.47.17:735][367]LogModuleManager: Shutting down and abandoning module SourceCodeAccess (142)
[2018.08.21-16.47.17:735][367]LogModuleManager: Shutting down and abandoning module HeadMountedDisplay (140)
[2018.08.21-16.47.17:735][367]LogModuleManager: Shutting down and abandoning module XAudio2 (138)
[2018.08.21-16.47.17:735][367]LogModuleManager: Shutting down and abandoning module Networking (136)
[2018.08.21-16.47.17:735][367]LogModuleManager: Shutting down and abandoning module Core (134)
[2018.08.21-16.47.17:735][367]LogModuleManager: Shutting down and abandoning module LevelSequence (132)
[2018.08.21-16.47.17:735][367]LogModuleManager: Shutting down and abandoning module KismetCompiler (130)
[2018.08.21-16.47.17:735][367]LogModuleManager: Shutting down and abandoning module MeshUtilities (128)
[2018.08.21-16.47.17:745][367]LogModuleManager: Shutting down and abandoning module MeshMergeUtilities (127)
[2018.08.21-16.47.17:754][367]LogModuleManager: Shutting down and abandoning module MeshReductionInterface (126)
[2018.08.21-16.47.17:754][367]LogModuleManager: Shutting down and abandoning module SimplygonSwarm (125)
[2018.08.21-16.47.17:754][367]LogModuleManager: Shutting down and abandoning module SimplygonMeshReduction (123)
[2018.08.21-16.47.17:754][367]LogModuleManager: Shutting down and abandoning module QuadricMeshReduction (121)
[2018.08.21-16.47.17:754][367]LogModuleManager: Shutting down and abandoning module MaterialBaking (117)
[2018.08.21-16.47.17:754][367]LogModuleManager: Shutting down and abandoning module DerivedDataCache (112)
[2018.08.21-16.47.18:190][367]LogDerivedDataCache: Shutdown
[2018.08.21-16.47.18:190][367]LogModuleManager: Shutting down and abandoning module XGEController (110)
[2018.08.21-16.47.18:190][367]LogModuleManager: Shutting down and abandoning module TargetPlatform (108)
[2018.08.21-16.47.18:190][367]LogModuleManager: Shutting down and abandoning module VulkanShaderFormat (107)
[2018.08.21-16.47.18:190][367]LogModuleManager: Shutting down and abandoning module ShaderFormatVectorVM (105)
[2018.08.21-16.47.18:198][367]LogModuleManager: Shutting down and abandoning module ShaderFormatOpenGL (103)
[2018.08.21-16.47.18:201][367]LogModuleManager: Shutting down and abandoning module ShaderFormatD3D (101)
[2018.08.21-16.47.18:201][367]LogModuleManager: Shutting down and abandoning module MetalShaderFormat (99)
[2018.08.21-16.47.18:201][367]LogModuleManager: Shutting down and abandoning module TextureFormatUncompressed (97)
[2018.08.21-16.47.18:201][367]LogModuleManager: Shutting down and abandoning module TextureFormatPVR (95)
[2018.08.21-16.47.18:201][367]LogModuleManager: Shutting down and abandoning module TextureFormatDXT (93)
[2018.08.21-16.47.18:201][367]LogModuleManager: Shutting down and abandoning module TextureFormatIntelISPCTexComp (91)
[2018.08.21-16.47.18:202][367]LogModuleManager: Shutting down and abandoning module TextureFormatASTC (89)
[2018.08.21-16.47.18:202][367]LogModuleManager: Shutting down and abandoning module ImageWrapper (88)
[2018.08.21-16.47.18:202][367]LogModuleManager: Shutting down and abandoning module TextureFormatAndroid (85)
[2018.08.21-16.47.18:202][367]LogModuleManager: Shutting down and abandoning module AudioFormatOpus (83)
[2018.08.21-16.47.18:202][367]LogModuleManager: Shutting down and abandoning module AudioFormatOgg (81)
[2018.08.21-16.47.18:202][367]LogModuleManager: Shutting down and abandoning module AudioFormatADPCM (79)
[2018.08.21-16.47.18:202][367]LogModuleManager: Shutting down and abandoning module WindowsTargetPlatform (77)
[2018.08.21-16.47.18:202][367]LogModuleManager: Shutting down and abandoning module WindowsServerTargetPlatform (75)
[2018.08.21-16.47.18:202][367]LogModuleManager: Shutting down and abandoning module WindowsNoEditorTargetPlatform (73)
[2018.08.21-16.47.18:202][367]LogModuleManager: Shutting down and abandoning module WindowsClientTargetPlatform (71)
[2018.08.21-16.47.18:202][367]LogModuleManager: Shutting down and abandoning module InputCore (68)
[2018.08.21-16.47.18:202][367]LogModuleManager: Shutting down and abandoning module Settings (66)
[2018.08.21-16.47.18:202][367]LogModuleManager: Shutting down and abandoning module PhysXCooking (64)
[2018.08.21-16.47.18:202][367]LogModuleManager: Shutting down and abandoning module SteamVR (62)
[2018.08.21-16.47.18:202][367]LogModuleManager: Shutting down and abandoning module OculusHMD (60)
[2018.08.21-16.47.18:202][367]LogModuleManager: Shutting down and abandoning module ExampleDeviceProfileSelector (58)
[2018.08.21-16.47.18:202][367]LogModuleManager: Shutting down and abandoning module AppleARKit (56)
[2018.08.21-16.47.18:202][367]LogModuleManager: Shutting down and abandoning module AugmentedReality (55)
[2018.08.21-16.47.18:202][367]LogModuleManager: Shutting down and abandoning module OnlineBlueprintSupport (52)
[2018.08.21-16.47.18:202][367]LogModuleManager: Shutting down and abandoning module OnlineSubsystem (48)
[2018.08.21-16.47.18:202][367]LogOnline: Display: STEAM: OnlineSubsystemSteam::Shutdown()
[2018.08.21-16.47.18:202][367]LogOnline: Display: OSS: FOnlineAsyncTaskManager::Stop() ActiveTask:0000000000000000 Tasks[0/0]
[2018.08.21-16.47.18:251][367]LogOnline: Display: OSS: FOnlineAsyncTaskManager::Exit() started
[2018.08.21-16.47.18:251][367]LogOnline: Display: OSS: FOnlineAsyncTaskManager::Exit() finished
[2018.08.21-16.47.18:251][367]LogOnline: Display: STEAM: OnlineSubsystemSteam::Shutdown()
[2018.08.21-16.47.18:251][367]LogModuleManager: Shutting down and abandoning module XMPP (43)
[2018.08.21-16.47.18:259][367]LogModuleManager: Shutting down and abandoning module HTTP (41)
[2018.08.21-16.47.18:263][367]LogModuleManager: Shutting down and abandoning module SSL (40)
[2018.08.21-16.47.18:264][367]LogModuleManager: Shutting down and abandoning module AnimationModifiers (36)
[2018.08.21-16.47.18:264][367]LogModuleManager: Shutting down and abandoning module PropertyEditor (35)
[2018.08.21-16.47.18:277][367]LogModuleManager: Shutting down and abandoning module AudioEditor (32)
[2018.08.21-16.47.18:285][367]LogModuleManager: Shutting down and abandoning module TextureCompressor (30)
[2018.08.21-16.47.18:286][367]LogModuleManager: Shutting down and abandoning module ShaderCore (28)
[2018.08.21-16.47.18:286][367]LogModuleManager: Shutting down and abandoning module Landscape (26)
[2018.08.21-16.47.18:286][367]LogModuleManager: Shutting down and abandoning module SlateRHIRenderer (24)
[2018.08.21-16.47.18:301][367]LogModuleManager: Shutting down and abandoning module OpenGLDrv (22)
[2018.08.21-16.47.18:304][367]LogModuleManager: Shutting down and abandoning module D3D11RHI (20)
[2018.08.21-16.47.18:304][367]LogModuleManager: Shutting down and abandoning module AnimGraphRuntime (18)
[2018.08.21-16.47.18:304][367]LogModuleManager: Shutting down and abandoning module Renderer (16)
[2018.08.21-16.47.18:304][367]LogModuleManager: Shutting down and abandoning module Engine (14)
[2018.08.21-16.47.18:304][367]LogModuleManager: Shutting down and abandoning module CoreUObject (12)
[2018.08.21-16.47.18:304][367]LogModuleManager: Shutting down and abandoning module NetworkFile (10)
[2018.08.21-16.47.18:304][367]LogModuleManager: Shutting down and abandoning module CookedIterativeFile (8)
[2018.08.21-16.47.18:304][367]LogModuleManager: Shutting down and abandoning module StreamingFile (6)
[2018.08.21-16.47.18:304][367]LogModuleManager: Shutting down and abandoning module SandboxFile (4)
[2018.08.21-16.47.18:304][367]LogModuleManager: Shutting down and abandoning module PakFile (2)
[2018.08.21-16.47.18:314][367]LogExit: Exiting.
[2018.08.21-16.47.18:316][367]Log file closed, 08/21/18 12:47:18
