Log file open, 01/16/19 16:19:24
LogWindows: Failed to load 'aqProf.dll' (GetLastError=126)
LogWindows: File 'aqProf.dll' does not exist
LogWindows: Failed to load 'VtuneApi.dll' (GetLastError=126)
LogWindows: File 'VtuneApi.dll' does not exist
LogWindows: Failed to load 'VtuneApi32e.dll' (GetLastError=126)
LogWindows: File 'VtuneApi32e.dll' does not exist
LogConsoleResponse: Display: Failed to find resolution value strings in scalability ini. Falling back to default.
LogInit: Display: Running engine for game: SteamProject
LogPakFile: Registered encryption key '00000000000000000000000000000000': 0 pak files mounted, 0 remain pending
LogPlatformFile: Not using cached read wrapper
LogTaskGraph: Started task graph with 5 named threads and 14 total threads with 3 sets of task threads.
LogStats: Stats thread started at 0.213321
LogD3D11RHI: Loaded GFSDK_Aftermath_Lib.x64.dll
LogICUInternationalization: ICU TimeZone Detection - Raw Offset: -5:00, Platform Override: ''
LogPluginManager: Mounting plugin Paper2D
LogPluginManager: Mounting plugin AISupport
LogPluginManager: Mounting plugin LightPropagationVolume
LogPluginManager: Mounting plugin ActorLayerUtilities
LogPluginManager: Mounting plugin CLionSourceCodeAccess
LogPluginManager: Mounting plugin CodeLiteSourceCodeAccess
LogPluginManager: Mounting plugin GitSourceControl
LogPluginManager: Mounting plugin KDevelopSourceCodeAccess
LogPluginManager: Mounting plugin NullSourceCodeAccess
LogPluginManager: Mounting plugin PerforceSourceControl
LogPluginManager: Mounting plugin SubversionSourceControl
LogPluginManager: Mounting plugin UObjectPlugin
LogPluginManager: Mounting plugin VisualStudioCodeSourceCodeAccess
LogPluginManager: Mounting plugin VisualStudioSourceCodeAccess
LogPluginManager: Mounting plugin XCodeSourceCodeAccess
LogPluginManager: Mounting plugin AssetManagerEditor
LogPluginManager: Mounting plugin CryptoKeys
LogPluginManager: Mounting plugin DataValidation
LogPluginManager: Mounting plugin FacialAnimation
LogPluginManager: Mounting plugin GameplayTagsEditor
LogPluginManager: Mounting plugin MacGraphicsSwitching
LogPluginManager: Mounting plugin MeshEditor
LogPluginManager: Mounting plugin MobileLauncherProfileWizard
LogPluginManager: Mounting plugin PluginBrowser
LogPluginManager: Mounting plugin SpeedTreeImporter
LogPluginManager: Mounting plugin DatasmithContent
LogPluginManager: Mounting plugin VariantManagerContent
LogPluginManager: Mounting plugin AlembicImporter
LogPluginManager: Mounting plugin AppleImageUtils
LogPluginManager: Mounting plugin AppleVision
LogPluginManager: Mounting plugin BackChannel
LogPluginManager: Mounting plugin CharacterAI
LogPluginManager: Mounting plugin GeometryCache
LogPluginManager: Mounting plugin HTML5Networking
LogPluginManager: Mounting plugin ProxyLODPlugin
LogPluginManager: Mounting plugin MagicLeap
LogPluginManager: Mounting plugin MagicLeapMedia
LogPluginManager: Mounting plugin AndroidMedia
LogPluginManager: Mounting plugin AvfMedia
LogPluginManager: Mounting plugin ImgMedia
LogPluginManager: Mounting plugin LinearTimecode
LogPluginManager: Mounting plugin MediaCompositing
LogPluginManager: Mounting plugin MediaPlayerEditor
LogPluginManager: Mounting plugin WebMMedia
LogPluginManager: Mounting plugin WmfMedia
LogPluginManager: Mounting plugin TcpMessaging
LogPluginManager: Mounting plugin UdpMessaging
LogPluginManager: Mounting plugin ActorSequence
LogPluginManager: Mounting plugin LevelSequenceEditor
LogPluginManager: Mounting plugin MatineeToLevelSequence
LogPluginManager: Mounting plugin NetcodeUnitTest
LogPluginManager: Mounting plugin NUTUnrealEngine4
LogPluginManager: Mounting plugin OnlineSubsystemGooglePlay
LogPluginManager: Mounting plugin OnlineSubsystemIOS
LogPluginManager: Mounting plugin OnlineSubsystem
LogPluginManager: Mounting plugin OnlineSubsystemNull
LogPluginManager: Mounting plugin OnlineSubsystemSteam
LogPluginManager: Mounting plugin OnlineSubsystemUtils
LogPluginManager: Mounting plugin LauncherChunkInstaller
LogPluginManager: Mounting plugin AndroidDeviceProfileSelector
LogPluginManager: Mounting plugin AndroidMoviePlayer
LogPluginManager: Mounting plugin AndroidPermission
LogPluginManager: Mounting plugin AppleMoviePlayer
LogPluginManager: Mounting plugin ArchVisCharacter
LogPluginManager: Mounting plugin AudioCapture
LogPluginManager: Mounting plugin CableComponent
LogPluginManager: Mounting plugin CustomMeshComponent
LogPluginManager: Mounting plugin EditableMesh
LogPluginManager: Mounting plugin ExampleDeviceProfileSelector
LogPluginManager: Mounting plugin Firebase
LogPluginManager: Mounting plugin GoogleCloudMessaging
LogPluginManager: Mounting plugin IOSDeviceProfileSelector
LogPluginManager: Mounting plugin LinuxDeviceProfileSelector
LogPluginManager: Mounting plugin LocationServicesBPLibrary
LogPluginManager: Mounting plugin MobilePatchingUtils
LogPluginManager: Mounting plugin OculusVR
LogPluginManager: Mounting plugin PhysXVehicles
LogPluginManager: Mounting plugin ProceduralMeshComponent
LogPluginManager: Mounting plugin RuntimePhysXCooking
LogPluginManager: Mounting plugin SteamVR
LogPluginManager: Mounting plugin WebMMoviePlayer
LogPluginManager: Mounting plugin WindowsMoviePlayer
LogStreaming: Display: Took  0.109s to configure plugins.
LogInit: Using libcurl 7.55.1-DEV
LogInit:  - built for x86_64-pc-win32
LogInit:  - supports SSL with OpenSSL/1.0.2h
LogInit:  - supports HTTP deflate (compression) using libz 1.2.8
LogInit:  - other features:
LogInit:      CURL_VERSION_SSL
LogInit:      CURL_VERSION_LIBZ
LogInit:      CURL_VERSION_IPV6
LogInit:      CURL_VERSION_ASYNCHDNS
LogInit:      CURL_VERSION_LARGEFILE
LogInit:      CURL_VERSION_IDN
LogInit:  CurlRequestOptions (configurable via config and command line):
LogInit:  - bVerifyPeer = true  - Libcurl will verify peer certificate
LogInit:  - bUseHttpProxy = false  - Libcurl will NOT use HTTP proxy
LogInit:  - bDontReuseConnections = false  - Libcurl will reuse connections
LogInit:  - MaxHostConnections = 16  - Libcurl will limit the number of connections to a host
LogInit:  - LocalHostAddr = Default
LogInit:  - BufferSize = 65536
LogOnline: Display: STEAM: Loading Steam SDK 1.39
LogOnline: Warning: STEAM: Steam API disabled!
LogOnline: Display: STEAM: OnlineSubsystemSteam::Shutdown()
LogOnline: OSS: Unable to create OnlineSubsystem module Steam
LogInit: WinSock: version 1.1 (2.2), MaxSocks=32767, MaxUdp=65467
LogInit: Build: ++UE4+Release-4.21-CL-4613538
LogInit: Engine Version: 4.21.1-4613538+++UE4+Release-4.21
LogInit: Compatible Engine Version: 4.21.0-4541578+++UE4+Release-4.21
LogInit: Net CL: 4541578
LogInit: OS: Windows 10 (), CPU:        Intel(R) Core(TM) i5-3570K CPU @ 3.40GHz, GPU: NVIDIA GeForce GTX 1070
LogInit: Compiled (64-bit): Nov 30 2018 04:13:25
LogInit: Compiled with Visual C++: 19.13.26129.00
LogInit: Build Configuration: Development
LogInit: Branch Name: ++UE4+Release-4.21
LogInit: Command Line: 
LogInit: Base Directory: C:/UE_4.21/Engine/Binaries/Win64/
LogInit: Installed Engine Build: 1
LogDevObjectVersion: Number of dev versions registered: 22
LogDevObjectVersion:   Dev-Blueprints (B0D832E4-1F89-4F0D-ACCF-7EB736FD4AA2): 10
LogDevObjectVersion:   Dev-Build (E1C64328-A22C-4D53-A36C-8E866417BD8C): 0
LogDevObjectVersion:   Dev-Core (375EC13C-06E4-48FB-B500-84F0262A717E): 2
LogDevObjectVersion:   Dev-Editor (E4B068ED-F494-42E9-A231-DA0B2E46BB41): 26
LogDevObjectVersion:   Dev-Framework (CFFC743F-43B0-4480-9391-14DF171D2073): 34
LogDevObjectVersion:   Dev-Mobile (B02B49B5-BB20-44E9-A304-32B752E40360): 2
LogDevObjectVersion:   Dev-Networking (A4E4105C-59A1-49B5-A7C5-40C4547EDFEE): 0
LogDevObjectVersion:   Dev-Online (39C831C9-5AE6-47DC-9A44-9C173E1C8E7C): 0
LogDevObjectVersion:   Dev-Physics (78F01B33-EBEA-4F98-B9B4-84EACCB95AA2): 0
LogDevObjectVersion:   Dev-Platform (6631380F-2D4D-43E0-8009-CF276956A95A): 0
LogDevObjectVersion:   Dev-Rendering (12F88B9F-8875-4AFC-A67C-D90C383ABD29): 27
LogDevObjectVersion:   Dev-Sequencer (7B5AE74C-D270-4C10-A958-57980B212A5A): 9
LogDevObjectVersion:   Dev-VR (D7296918-1DD6-4BDD-9DE2-64A83CC13884): 2
LogDevObjectVersion:   Dev-LoadTimes (C2A15278-BFE7-4AFE-6C17-90FF531DF755): 1
LogDevObjectVersion:   Private-Geometry (6EACA3D4-40EC-4CC1-B786-8BED09428FC5): 3
LogDevObjectVersion:   Dev-AnimPhys (29E575DD-E0A3-4627-9D10-D276232CDCEA): 17
LogDevObjectVersion:   Dev-Anim (AF43A65D-7FD3-4947-9873-3E8ED9C1BB05): 2
LogDevObjectVersion:   Dev-ReflectionCapture (6B266CEC-1EC7-4B8F-A30B-E4D90942FC07): 1
LogDevObjectVersion:   Dev-Automation (0DF73D61-A23F-47EA-B727-89E90C41499A): 1
LogDevObjectVersion:   FortniteMain (601D1886-AC64-4F84-AA16-D3DE0DEAC7D6): 17
LogDevObjectVersion:   Dev-Enterprise (9DFFBCD6-494F-0158-E221-12823C92A888): 4
LogDevObjectVersion:   Dev-Niagara (F2AED0AC-9AFE-416F-8664-AA7FFA26D6FC): 1
LogStreaming: Display: Took  0.010s to delete old logs.
LogInit: Presizing for max 8388607 objects, including 0 objects not considered by GC, pre-allocating 0 bytes for permanent pool.
LogInit: Object subsystem initialized
LogConfig: Setting CVar [[con.DebugEarlyDefault:1]]
LogConfig: Setting CVar [[r.setres:1280x720]]
[2019.01.16-21.19.24:743][  0]LogConfig: Setting CVar [[r.VSync:0]]
[2019.01.16-21.19.24:743][  0]LogConfig: Setting CVar [[r.RHICmdBypass:0]]
[2019.01.16-21.19.24:743][  0]LogConfig: Applying CVar settings from Section [/Script/Engine.RendererSettings] File [C:/Users/maxsa/Desktop/Unreal Projects/SteamProject/Saved/Config/Windows/Engine.ini]
[2019.01.16-21.19.24:743][  0]LogConfig: Setting CVar [[r.GPUCrashDebugging:0]]
[2019.01.16-21.19.24:743][  0]LogConfig: Applying CVar settings from Section [/Script/Engine.RendererOverrideSettings] File [C:/Users/maxsa/Desktop/Unreal Projects/SteamProject/Saved/Config/Windows/Engine.ini]
[2019.01.16-21.19.24:743][  0]LogConfig: Applying CVar settings from Section [/Script/Engine.StreamingSettings] File [C:/Users/maxsa/Desktop/Unreal Projects/SteamProject/Saved/Config/Windows/Engine.ini]
[2019.01.16-21.19.24:743][  0]LogConfig: Setting CVar [[s.MinBulkDataSizeForAsyncLoading:131072]]
[2019.01.16-21.19.24:743][  0]LogConfig: Setting CVar [[s.AsyncLoadingThreadEnabled:0]]
[2019.01.16-21.19.24:743][  0]LogConfig: Setting CVar [[s.EventDrivenLoaderEnabled:1]]
[2019.01.16-21.19.24:743][  0]LogConfig: Setting CVar [[s.WarnIfTimeLimitExceeded:0]]
[2019.01.16-21.19.24:744][  0]LogConfig: Setting CVar [[s.TimeLimitExceededMultiplier:1.5]]
[2019.01.16-21.19.24:744][  0]LogConfig: Setting CVar [[s.TimeLimitExceededMinTime:0.005]]
[2019.01.16-21.19.24:744][  0]LogConfig: Setting CVar [[s.UseBackgroundLevelStreaming:1]]
[2019.01.16-21.19.24:744][  0]LogConfig: Setting CVar [[s.PriorityAsyncLoadingExtraTime:15.0]]
[2019.01.16-21.19.24:744][  0]LogConfig: Setting CVar [[s.LevelStreamingActorsUpdateTimeLimit:5.0]]
[2019.01.16-21.19.24:744][  0]LogConfig: Setting CVar [[s.PriorityLevelStreamingActorsUpdateExtraTime:5.0]]
[2019.01.16-21.19.24:744][  0]LogConfig: Setting CVar [[s.LevelStreamingComponentsRegistrationGranularity:10]]
[2019.01.16-21.19.24:744][  0]LogConfig: Setting CVar [[s.UnregisterComponentsTimeLimit:1.0]]
[2019.01.16-21.19.24:744][  0]LogConfig: Setting CVar [[s.LevelStreamingComponentsUnregistrationGranularity:5]]
[2019.01.16-21.19.24:744][  0]LogConfig: Applying CVar settings from Section [/Script/Engine.GarbageCollectionSettings] File [C:/Users/maxsa/Desktop/Unreal Projects/SteamProject/Saved/Config/Windows/Engine.ini]
[2019.01.16-21.19.24:744][  0]LogConfig: Setting CVar [[gc.MaxObjectsNotConsideredByGC:1]]
[2019.01.16-21.19.24:744][  0]LogConfig: Setting CVar [[gc.SizeOfPermanentObjectPool:0]]
[2019.01.16-21.19.24:744][  0]LogConfig: Setting CVar [[gc.FlushStreamingOnGC:0]]
[2019.01.16-21.19.24:744][  0]LogConfig: Setting CVar [[gc.NumRetriesBeforeForcingGC:10]]
[2019.01.16-21.19.24:744][  0]LogConfig: Setting CVar [[gc.AllowParallelGC:1]]
[2019.01.16-21.19.24:744][  0]LogConfig: Setting CVar [[gc.TimeBetweenPurgingPendingKillObjects:61.1]]
[2019.01.16-21.19.24:744][  0]LogConfig: Setting CVar [[gc.MaxObjectsInEditor:8388607]]
[2019.01.16-21.19.24:744][  0]LogConfig: Setting CVar [[gc.IncrementalBeginDestroyEnabled:1]]
[2019.01.16-21.19.24:744][  0]LogConfig: Setting CVar [[gc.CreateGCClusters:1]]
[2019.01.16-21.19.24:744][  0]LogConfig: Setting CVar [[gc.MergeGCClusters:0]]
[2019.01.16-21.19.24:744][  0]LogConfig: Setting CVar [[gc.MinGCClusterSize:5]]
[2019.01.16-21.19.24:744][  0]LogConfig: Setting CVar [[gc.ActorClusteringEnabled:0]]
[2019.01.16-21.19.24:744][  0]LogConfig: Setting CVar [[gc.BlueprintClusteringEnabled:0]]
[2019.01.16-21.19.24:744][  0]LogConfig: Setting CVar [[gc.UseDisregardForGCOnDedicatedServers:0]]
[2019.01.16-21.19.24:744][  0]LogConfig: Applying CVar settings from Section [/Script/Engine.NetworkSettings] File [C:/Users/maxsa/Desktop/Unreal Projects/SteamProject/Saved/Config/Windows/Engine.ini]
[2019.01.16-21.19.24:744][  0]LogConfig: Applying CVar settings from Section [/Script/UnrealEd.CookerSettings] File [C:/Users/maxsa/Desktop/Unreal Projects/SteamProject/Saved/Config/Windows/Engine.ini]
[2019.01.16-21.19.24:757][  0]LogConfig: Applying CVar settings from Section [ViewDistanceQuality@3] File [C:/Users/maxsa/Desktop/Unreal Projects/SteamProject/Saved/Config/Windows/Scalability.ini]
[2019.01.16-21.19.24:757][  0]LogConfig: Setting CVar [[r.SkeletalMeshLODBias:0]]
[2019.01.16-21.19.24:757][  0]LogConfig: Setting CVar [[r.ViewDistanceScale:1.0]]
[2019.01.16-21.19.24:757][  0]LogConfig: Applying CVar settings from Section [AntiAliasingQuality@3] File [C:/Users/maxsa/Desktop/Unreal Projects/SteamProject/Saved/Config/Windows/Scalability.ini]
[2019.01.16-21.19.24:757][  0]LogConfig: Setting CVar [[r.PostProcessAAQuality:4]]
[2019.01.16-21.19.24:757][  0]LogConfig: Applying CVar settings from Section [ShadowQuality@3] File [C:/Users/maxsa/Desktop/Unreal Projects/SteamProject/Saved/Config/Windows/Scalability.ini]
[2019.01.16-21.19.24:757][  0]LogConfig: Setting CVar [[r.LightFunctionQuality:1]]
[2019.01.16-21.19.24:757][  0]LogConfig: Setting CVar [[r.ShadowQuality:5]]
[2019.01.16-21.19.24:757][  0]LogConfig: Setting CVar [[r.Shadow.CSM.MaxCascades:10]]
[2019.01.16-21.19.24:757][  0]LogConfig: Setting CVar [[r.Shadow.MaxResolution:2048]]
[2019.01.16-21.19.24:757][  0]LogConfig: Setting CVar [[r.Shadow.MaxCSMResolution:2048]]
[2019.01.16-21.19.24:757][  0]LogConfig: Setting CVar [[r.Shadow.RadiusThreshold:0.01]]
[2019.01.16-21.19.24:757][  0]LogConfig: Setting CVar [[r.Shadow.DistanceScale:1.0]]
[2019.01.16-21.19.24:757][  0]LogConfig: Setting CVar [[r.Shadow.CSM.TransitionScale:1.0]]
[2019.01.16-21.19.24:757][  0]LogConfig: Setting CVar [[r.Shadow.PreShadowResolutionFactor:1.0]]
[2019.01.16-21.19.24:757][  0]LogConfig: Setting CVar [[r.DistanceFieldShadowing:1]]
[2019.01.16-21.19.24:757][  0]LogConfig: Setting CVar [[r.DistanceFieldAO:1]]
[2019.01.16-21.19.24:757][  0]LogConfig: Setting CVar [[r.AOQuality:2]]
[2019.01.16-21.19.24:757][  0]LogConfig: Setting CVar [[r.VolumetricFog:1]]
[2019.01.16-21.19.24:757][  0]LogConfig: Setting CVar [[r.VolumetricFog.GridPixelSize:8]]
[2019.01.16-21.19.24:757][  0]LogConfig: Setting CVar [[r.VolumetricFog.GridSizeZ:128]]
[2019.01.16-21.19.24:757][  0]LogConfig: Setting CVar [[r.VolumetricFog.HistoryMissSupersampleCount:4]]
[2019.01.16-21.19.24:757][  0]LogConfig: Setting CVar [[r.LightMaxDrawDistanceScale:1]]
[2019.01.16-21.19.24:757][  0]LogConfig: Setting CVar [[r.CapsuleShadows:1]]
[2019.01.16-21.19.24:757][  0]LogConfig: Applying CVar settings from Section [PostProcessQuality@3] File [C:/Users/maxsa/Desktop/Unreal Projects/SteamProject/Saved/Config/Windows/Scalability.ini]
[2019.01.16-21.19.24:757][  0]LogConfig: Setting CVar [[r.MotionBlurQuality:4]]
[2019.01.16-21.19.24:757][  0]LogConfig: Setting CVar [[r.AmbientOcclusionMipLevelFactor:0.4]]
[2019.01.16-21.19.24:757][  0]LogConfig: Setting CVar [[r.AmbientOcclusionMaxQuality:100]]
[2019.01.16-21.19.24:757][  0]LogConfig: Setting CVar [[r.AmbientOcclusionLevels:-1]]
[2019.01.16-21.19.24:757][  0]LogConfig: Setting CVar [[r.AmbientOcclusionRadiusScale:1.0]]
[2019.01.16-21.19.24:757][  0]LogConfig: Setting CVar [[r.DepthOfFieldQuality:2]]
[2019.01.16-21.19.24:757][  0]LogConfig: Setting CVar [[r.RenderTargetPoolMin:400]]
[2019.01.16-21.19.24:757][  0]LogConfig: Setting CVar [[r.LensFlareQuality:2]]
[2019.01.16-21.19.24:757][  0]LogConfig: Setting CVar [[r.SceneColorFringeQuality:1]]
[2019.01.16-21.19.24:757][  0]LogConfig: Setting CVar [[r.EyeAdaptationQuality:2]]
[2019.01.16-21.19.24:757][  0]LogConfig: Setting CVar [[r.BloomQuality:5]]
[2019.01.16-21.19.24:758][  0]LogConfig: Setting CVar [[r.FastBlurThreshold:100]]
[2019.01.16-21.19.24:758][  0]LogConfig: Setting CVar [[r.Upscale.Quality:3]]
[2019.01.16-21.19.24:758][  0]LogConfig: Setting CVar [[r.Tonemapper.GrainQuantization:1]]
[2019.01.16-21.19.24:758][  0]LogConfig: Setting CVar [[r.LightShaftQuality:1]]
[2019.01.16-21.19.24:758][  0]LogConfig: Setting CVar [[r.Filter.SizeScale:1]]
[2019.01.16-21.19.24:758][  0]LogConfig: Setting CVar [[r.Tonemapper.Quality:5]]
[2019.01.16-21.19.24:758][  0]LogConfig: Setting CVar [[r.DOF.Gather.AccumulatorQuality:1        ; higher gathering accumulator quality]]
[2019.01.16-21.19.24:758][  0]LogConfig: Setting CVar [[r.DOF.Gather.PostfilterMethod:1          ; Median3x3 postfilering method]]
[2019.01.16-21.19.24:758][  0]LogConfig: Setting CVar [[r.DOF.Gather.EnableBokehSettings:0       ; no bokeh simulation when gathering]]
[2019.01.16-21.19.24:758][  0]LogConfig: Setting CVar [[r.DOF.Gather.RingCount:4                 ; medium number of samples when gathering]]
[2019.01.16-21.19.24:758][  0]LogConfig: Setting CVar [[r.DOF.Scatter.ForegroundCompositing:1    ; additive foreground scattering]]
[2019.01.16-21.19.24:758][  0]LogConfig: Setting CVar [[r.DOF.Scatter.BackgroundCompositing:2    ; additive background scattering]]
[2019.01.16-21.19.24:758][  0]LogConfig: Setting CVar [[r.DOF.Scatter.EnableBokehSettings:1      ; bokeh simulation when scattering]]
[2019.01.16-21.19.24:758][  0]LogConfig: Setting CVar [[r.DOF.Scatter.MaxSpriteRatio:0.1         ; only a maximum of 10% of scattered bokeh]]
[2019.01.16-21.19.24:758][  0]LogConfig: Setting CVar [[r.DOF.Recombine.Quality:1                ; cheap slight out of focus]]
[2019.01.16-21.19.24:758][  0]LogConfig: Setting CVar [[r.DOF.Recombine.EnableBokehSettings:0    ; no bokeh simulation on slight out of focus]]
[2019.01.16-21.19.24:758][  0]LogConfig: Setting CVar [[r.DOF.TemporalAAQuality:1                ; more stable temporal accumulation]]
[2019.01.16-21.19.24:758][  0]LogConfig: Setting CVar [[r.DOF.Kernel.MaxForegroundRadius:0.025]]
[2019.01.16-21.19.24:758][  0]LogConfig: Setting CVar [[r.DOF.Kernel.MaxBackgroundRadius:0.025]]
[2019.01.16-21.19.24:758][  0]LogConfig: Applying CVar settings from Section [TextureQuality@3] File [C:/Users/maxsa/Desktop/Unreal Projects/SteamProject/Saved/Config/Windows/Scalability.ini]
[2019.01.16-21.19.24:758][  0]LogConfig: Setting CVar [[r.Streaming.MipBias:0]]
[2019.01.16-21.19.24:758][  0]LogConfig: Setting CVar [[r.Streaming.AmortizeCPUToGPUCopy:0]]
[2019.01.16-21.19.24:758][  0]LogConfig: Setting CVar [[r.Streaming.MaxNumTexturesToStreamPerFrame:0]]
[2019.01.16-21.19.24:758][  0]LogConfig: Setting CVar [[r.Streaming.Boost:1]]
[2019.01.16-21.19.24:758][  0]LogConfig: Setting CVar [[r.MaxAnisotropy:8]]
[2019.01.16-21.19.24:758][  0]LogConfig: Setting CVar [[r.Streaming.LimitPoolSizeToVRAM:0]]
[2019.01.16-21.19.24:758][  0]LogConfig: Setting CVar [[r.Streaming.PoolSize:1000]]
[2019.01.16-21.19.24:758][  0]LogConfig: Setting CVar [[r.Streaming.MaxEffectiveScreenSize:0]]
[2019.01.16-21.19.24:758][  0]LogConfig: Applying CVar settings from Section [EffectsQuality@3] File [C:/Users/maxsa/Desktop/Unreal Projects/SteamProject/Saved/Config/Windows/Scalability.ini]
[2019.01.16-21.19.24:758][  0]LogConfig: Setting CVar [[r.TranslucencyLightingVolumeDim:64]]
[2019.01.16-21.19.24:758][  0]LogConfig: Setting CVar [[r.RefractionQuality:2]]
[2019.01.16-21.19.24:758][  0]LogConfig: Setting CVar [[r.SSR.Quality:3]]
[2019.01.16-21.19.24:758][  0]LogConfig: Setting CVar [[r.SceneColorFormat:4]]
[2019.01.16-21.19.24:758][  0]LogConfig: Setting CVar [[r.DetailMode:2]]
[2019.01.16-21.19.24:758][  0]LogConfig: Setting CVar [[r.TranslucencyVolumeBlur:1]]
[2019.01.16-21.19.24:758][  0]LogConfig: Setting CVar [[r.MaterialQualityLevel:1 ; High quality]]
[2019.01.16-21.19.24:758][  0]LogConfig: Setting CVar [[r.SSS.Scale:1]]
[2019.01.16-21.19.24:758][  0]LogConfig: Setting CVar [[r.SSS.SampleSet:2]]
[2019.01.16-21.19.24:758][  0]LogConfig: Setting CVar [[r.SSS.Quality:1]]
[2019.01.16-21.19.24:758][  0]LogConfig: Setting CVar [[r.SSS.HalfRes:1]]
[2019.01.16-21.19.24:758][  0]LogConfig: Setting CVar [[r.EmitterSpawnRateScale:1.0]]
[2019.01.16-21.19.24:758][  0]LogConfig: Setting CVar [[r.ParticleLightQuality:2]]
[2019.01.16-21.19.24:758][  0]LogConfig: Applying CVar settings from Section [FoliageQuality@3] File [C:/Users/maxsa/Desktop/Unreal Projects/SteamProject/Saved/Config/Windows/Scalability.ini]
[2019.01.16-21.19.24:758][  0]LogConfig: Setting CVar [[foliage.DensityScale:1.0]]
[2019.01.16-21.19.24:758][  0]LogConfig: Setting CVar [[grass.DensityScale:1.0]]
[2019.01.16-21.19.24:759][  0]LogInit: Selected Device Profile: [Windows]
[2019.01.16-21.19.24:759][  0]LogInit: Applying CVar settings loaded from the selected device profile: [Windows]
[2019.01.16-21.19.24:783][  0]LogHAL: Display: Platform has ~ 16 GB [16855703552 / 17179869184 / 16], which maps to Larger [LargestMinGB=32, LargerMinGB=12, DefaultMinGB=8, SmallerMinGB=6, SmallestMinGB=0)
[2019.01.16-21.19.24:784][  0]LogConfig: Setting CVar [[r.Vulkan.UseRealUBs:1]]
[2019.01.16-21.19.24:784][  0]LogInit: Going up to parent DeviceProfile []
[2019.01.16-21.19.24:784][  0]LogConfig: Applying CVar settings from Section [ViewDistanceQuality@3] File [C:/Users/maxsa/Desktop/Unreal Projects/SteamProject/Saved/Config/Windows/Scalability.ini]
[2019.01.16-21.19.24:784][  0]LogConfig: Setting CVar [[r.SkeletalMeshLODBias:0]]
[2019.01.16-21.19.24:784][  0]LogConfig: Setting CVar [[r.ViewDistanceScale:1.0]]
[2019.01.16-21.19.24:784][  0]LogConfig: Applying CVar settings from Section [AntiAliasingQuality@3] File [C:/Users/maxsa/Desktop/Unreal Projects/SteamProject/Saved/Config/Windows/Scalability.ini]
[2019.01.16-21.19.24:785][  0]LogConfig: Setting CVar [[r.PostProcessAAQuality:4]]
[2019.01.16-21.19.24:785][  0]LogConfig: Applying CVar settings from Section [ShadowQuality@3] File [C:/Users/maxsa/Desktop/Unreal Projects/SteamProject/Saved/Config/Windows/Scalability.ini]
[2019.01.16-21.19.24:785][  0]LogConfig: Setting CVar [[r.LightFunctionQuality:1]]
[2019.01.16-21.19.24:785][  0]LogConfig: Setting CVar [[r.ShadowQuality:5]]
[2019.01.16-21.19.24:785][  0]LogConfig: Setting CVar [[r.Shadow.CSM.MaxCascades:10]]
[2019.01.16-21.19.24:785][  0]LogConfig: Setting CVar [[r.Shadow.MaxResolution:2048]]
[2019.01.16-21.19.24:785][  0]LogConfig: Setting CVar [[r.Shadow.MaxCSMResolution:2048]]
[2019.01.16-21.19.24:785][  0]LogConfig: Setting CVar [[r.Shadow.RadiusThreshold:0.01]]
[2019.01.16-21.19.24:785][  0]LogConfig: Setting CVar [[r.Shadow.DistanceScale:1.0]]
[2019.01.16-21.19.24:785][  0]LogConfig: Setting CVar [[r.Shadow.CSM.TransitionScale:1.0]]
[2019.01.16-21.19.24:785][  0]LogConfig: Setting CVar [[r.Shadow.PreShadowResolutionFactor:1.0]]
[2019.01.16-21.19.24:785][  0]LogConfig: Setting CVar [[r.DistanceFieldShadowing:1]]
[2019.01.16-21.19.24:785][  0]LogConfig: Setting CVar [[r.DistanceFieldAO:1]]
[2019.01.16-21.19.24:785][  0]LogConfig: Setting CVar [[r.AOQuality:2]]
[2019.01.16-21.19.24:785][  0]LogConfig: Setting CVar [[r.VolumetricFog:1]]
[2019.01.16-21.19.24:785][  0]LogConfig: Setting CVar [[r.VolumetricFog.GridPixelSize:8]]
[2019.01.16-21.19.24:785][  0]LogConfig: Setting CVar [[r.VolumetricFog.GridSizeZ:128]]
[2019.01.16-21.19.24:785][  0]LogConfig: Setting CVar [[r.VolumetricFog.HistoryMissSupersampleCount:4]]
[2019.01.16-21.19.24:785][  0]LogConfig: Setting CVar [[r.LightMaxDrawDistanceScale:1]]
[2019.01.16-21.19.24:785][  0]LogConfig: Setting CVar [[r.CapsuleShadows:1]]
[2019.01.16-21.19.24:785][  0]LogConfig: Applying CVar settings from Section [PostProcessQuality@3] File [C:/Users/maxsa/Desktop/Unreal Projects/SteamProject/Saved/Config/Windows/Scalability.ini]
[2019.01.16-21.19.24:785][  0]LogConfig: Setting CVar [[r.MotionBlurQuality:4]]
[2019.01.16-21.19.24:785][  0]LogConfig: Setting CVar [[r.AmbientOcclusionMipLevelFactor:0.4]]
[2019.01.16-21.19.24:785][  0]LogConfig: Setting CVar [[r.AmbientOcclusionMaxQuality:100]]
[2019.01.16-21.19.24:785][  0]LogConfig: Setting CVar [[r.AmbientOcclusionLevels:-1]]
[2019.01.16-21.19.24:785][  0]LogConfig: Setting CVar [[r.AmbientOcclusionRadiusScale:1.0]]
[2019.01.16-21.19.24:785][  0]LogConfig: Setting CVar [[r.DepthOfFieldQuality:2]]
[2019.01.16-21.19.24:785][  0]LogConfig: Setting CVar [[r.RenderTargetPoolMin:400]]
[2019.01.16-21.19.24:785][  0]LogConfig: Setting CVar [[r.LensFlareQuality:2]]
[2019.01.16-21.19.24:785][  0]LogConfig: Setting CVar [[r.SceneColorFringeQuality:1]]
[2019.01.16-21.19.24:785][  0]LogConfig: Setting CVar [[r.EyeAdaptationQuality:2]]
[2019.01.16-21.19.24:785][  0]LogConfig: Setting CVar [[r.BloomQuality:5]]
[2019.01.16-21.19.24:785][  0]LogConfig: Setting CVar [[r.FastBlurThreshold:100]]
[2019.01.16-21.19.24:785][  0]LogConfig: Setting CVar [[r.Upscale.Quality:3]]
[2019.01.16-21.19.24:785][  0]LogConfig: Setting CVar [[r.Tonemapper.GrainQuantization:1]]
[2019.01.16-21.19.24:785][  0]LogConfig: Setting CVar [[r.LightShaftQuality:1]]
[2019.01.16-21.19.24:785][  0]LogConfig: Setting CVar [[r.Filter.SizeScale:1]]
[2019.01.16-21.19.24:785][  0]LogConfig: Setting CVar [[r.Tonemapper.Quality:5]]
[2019.01.16-21.19.24:785][  0]LogConfig: Setting CVar [[r.DOF.Gather.AccumulatorQuality:1        ; higher gathering accumulator quality]]
[2019.01.16-21.19.24:785][  0]LogConfig: Setting CVar [[r.DOF.Gather.PostfilterMethod:1          ; Median3x3 postfilering method]]
[2019.01.16-21.19.24:785][  0]LogConfig: Setting CVar [[r.DOF.Gather.EnableBokehSettings:0       ; no bokeh simulation when gathering]]
[2019.01.16-21.19.24:785][  0]LogConfig: Setting CVar [[r.DOF.Gather.RingCount:4                 ; medium number of samples when gathering]]
[2019.01.16-21.19.24:785][  0]LogConfig: Setting CVar [[r.DOF.Scatter.ForegroundCompositing:1    ; additive foreground scattering]]
[2019.01.16-21.19.24:785][  0]LogConfig: Setting CVar [[r.DOF.Scatter.BackgroundCompositing:2    ; additive background scattering]]
[2019.01.16-21.19.24:785][  0]LogConfig: Setting CVar [[r.DOF.Scatter.EnableBokehSettings:1      ; bokeh simulation when scattering]]
[2019.01.16-21.19.24:785][  0]LogConfig: Setting CVar [[r.DOF.Scatter.MaxSpriteRatio:0.1         ; only a maximum of 10% of scattered bokeh]]
[2019.01.16-21.19.24:785][  0]LogConfig: Setting CVar [[r.DOF.Recombine.Quality:1                ; cheap slight out of focus]]
[2019.01.16-21.19.24:785][  0]LogConfig: Setting CVar [[r.DOF.Recombine.EnableBokehSettings:0    ; no bokeh simulation on slight out of focus]]
[2019.01.16-21.19.24:785][  0]LogConfig: Setting CVar [[r.DOF.TemporalAAQuality:1                ; more stable temporal accumulation]]
[2019.01.16-21.19.24:785][  0]LogConfig: Setting CVar [[r.DOF.Kernel.MaxForegroundRadius:0.025]]
[2019.01.16-21.19.24:785][  0]LogConfig: Setting CVar [[r.DOF.Kernel.MaxBackgroundRadius:0.025]]
[2019.01.16-21.19.24:785][  0]LogConfig: Applying CVar settings from Section [TextureQuality@3] File [C:/Users/maxsa/Desktop/Unreal Projects/SteamProject/Saved/Config/Windows/Scalability.ini]
[2019.01.16-21.19.24:785][  0]LogConfig: Setting CVar [[r.Streaming.MipBias:0]]
[2019.01.16-21.19.24:785][  0]LogConfig: Setting CVar [[r.Streaming.AmortizeCPUToGPUCopy:0]]
[2019.01.16-21.19.24:785][  0]LogConfig: Setting CVar [[r.Streaming.MaxNumTexturesToStreamPerFrame:0]]
[2019.01.16-21.19.24:785][  0]LogConfig: Setting CVar [[r.Streaming.Boost:1]]
[2019.01.16-21.19.24:785][  0]LogConfig: Setting CVar [[r.MaxAnisotropy:8]]
[2019.01.16-21.19.24:785][  0]LogConfig: Setting CVar [[r.Streaming.LimitPoolSizeToVRAM:0]]
[2019.01.16-21.19.24:785][  0]LogConfig: Setting CVar [[r.Streaming.PoolSize:1000]]
[2019.01.16-21.19.24:785][  0]LogConfig: Setting CVar [[r.Streaming.MaxEffectiveScreenSize:0]]
[2019.01.16-21.19.24:785][  0]LogConfig: Applying CVar settings from Section [EffectsQuality@3] File [C:/Users/maxsa/Desktop/Unreal Projects/SteamProject/Saved/Config/Windows/Scalability.ini]
[2019.01.16-21.19.24:785][  0]LogConfig: Setting CVar [[r.TranslucencyLightingVolumeDim:64]]
[2019.01.16-21.19.24:785][  0]LogConfig: Setting CVar [[r.RefractionQuality:2]]
[2019.01.16-21.19.24:785][  0]LogConfig: Setting CVar [[r.SSR.Quality:3]]
[2019.01.16-21.19.24:785][  0]LogConfig: Setting CVar [[r.SceneColorFormat:4]]
[2019.01.16-21.19.24:785][  0]LogConfig: Setting CVar [[r.DetailMode:2]]
[2019.01.16-21.19.24:785][  0]LogConfig: Setting CVar [[r.TranslucencyVolumeBlur:1]]
[2019.01.16-21.19.24:785][  0]LogConfig: Setting CVar [[r.MaterialQualityLevel:1 ; High quality]]
[2019.01.16-21.19.24:785][  0]LogConfig: Setting CVar [[r.SSS.Scale:1]]
[2019.01.16-21.19.24:785][  0]LogConfig: Setting CVar [[r.SSS.SampleSet:2]]
[2019.01.16-21.19.24:785][  0]LogConfig: Setting CVar [[r.SSS.Quality:1]]
[2019.01.16-21.19.24:785][  0]LogConfig: Setting CVar [[r.SSS.HalfRes:1]]
[2019.01.16-21.19.24:785][  0]LogConfig: Setting CVar [[r.EmitterSpawnRateScale:1.0]]
[2019.01.16-21.19.24:785][  0]LogConfig: Setting CVar [[r.ParticleLightQuality:2]]
[2019.01.16-21.19.24:785][  0]LogConfig: Applying CVar settings from Section [FoliageQuality@3] File [C:/Users/maxsa/Desktop/Unreal Projects/SteamProject/Saved/Config/Windows/Scalability.ini]
[2019.01.16-21.19.24:785][  0]LogConfig: Setting CVar [[foliage.DensityScale:1.0]]
[2019.01.16-21.19.24:785][  0]LogConfig: Setting CVar [[grass.DensityScale:1.0]]
[2019.01.16-21.19.24:785][  0]LogConfig: Applying CVar settings from Section [Startup] File [../../../Engine/Config/ConsoleVariables.ini]
[2019.01.16-21.19.24:790][  0]LogConfig: Setting CVar [[net.UseAdaptiveNetUpdateFrequency:0]]
[2019.01.16-21.19.24:790][  0]LogConfig: Applying CVar settings from Section [ConsoleVariables] File [C:/Users/maxsa/Desktop/Unreal Projects/SteamProject/Saved/Config/Windows/Engine.ini]
[2019.01.16-21.19.24:791][  0]LogInit: Computer: MAX-PC
[2019.01.16-21.19.24:791][  0]LogInit: User: maxsa
[2019.01.16-21.19.24:791][  0]LogInit: CPU Page size=4096, Cores=4
[2019.01.16-21.19.24:791][  0]LogInit: High frequency timer resolution =3.420552 MHz
[2019.01.16-21.19.24:791][  0]LogMemory: Memory total: Physical=15.7GB (16GB approx)
[2019.01.16-21.19.24:791][  0]LogMemory: Platform Memory Stats for Windows
[2019.01.16-21.19.24:791][  0]LogMemory: Process Physical Memory: 104.26 MB used, 104.26 MB peak
[2019.01.16-21.19.24:791][  0]LogMemory: Process Virtual Memory: 95.12 MB used, 95.12 MB peak
[2019.01.16-21.19.24:791][  0]LogMemory: Physical Memory: 6802.74 MB used,  9272.11 MB free, 16074.85 MB total
[2019.01.16-21.19.24:791][  0]LogMemory: Virtual Memory: 4639.68 MB used,  134213088.00 MB free, 134217728.00 MB total
[2019.01.16-21.19.24:973][  0]LogInit: Using OS detected language (en-US).
[2019.01.16-21.19.24:974][  0]LogInit: Using OS detected locale (en-CA).
[2019.01.16-21.19.24:976][  0]LogTextLocalizationManager: No specific localization for 'en-US' exists, so the 'en' localization will be used.
[2019.01.16-21.19.25:420][  0]LogStreaming: Display: Took  0.446s to InitEngineTextLocalization.
[2019.01.16-21.19.25:420][  0]LogInit: Setting process to per monitor DPI aware
[2019.01.16-21.19.25:511][  0]LogSlate: New Slate User Created.  User Index 0, Is Virtual User: 0
[2019.01.16-21.19.25:511][  0]LogSlate: Slate User Registered.  User Index 0, Is Virtual User: 0
[2019.01.16-21.19.27:686][  0]LogHMD: Failed to initialize OpenVR with code 105
[2019.01.16-21.19.27:686][  0]LogD3D11RHI: D3D11 adapters:
[2019.01.16-21.19.27:757][  0]LogD3D11RHI:    0. 'NVIDIA GeForce GTX 1070' (Feature Level 11_0)
[2019.01.16-21.19.27:757][  0]LogD3D11RHI:       8088/0/8037 MB DedicatedVideo/DedicatedSystem/SharedSystem, Outputs:2, VendorId:0x10de
[2019.01.16-21.19.27:760][  0]LogD3D11RHI:    1. 'Intel(R) HD Graphics 4000' (Feature Level 11_0)
[2019.01.16-21.19.27:760][  0]LogD3D11RHI:       224/0/1568 MB DedicatedVideo/DedicatedSystem/SharedSystem, Outputs:0, VendorId:0x8086
[2019.01.16-21.19.27:762][  0]LogD3D11RHI:    2. 'Microsoft Basic Render Driver' (Feature Level 11_0)
[2019.01.16-21.19.27:762][  0]LogD3D11RHI:       0/0/8037 MB DedicatedVideo/DedicatedSystem/SharedSystem, Outputs:0, VendorId:0x1414
[2019.01.16-21.19.27:762][  0]LogD3D11RHI: Chosen D3D11 Adapter: 0
[2019.01.16-21.19.27:768][  0]LogD3D11RHI: Creating new Direct3DDevice
[2019.01.16-21.19.27:768][  0]LogD3D11RHI:     GPU DeviceId: 0x1b81 (for the marketing name, search the web for "GPU Device Id")
[2019.01.16-21.19.27:768][  0]LogWindows: EnumDisplayDevices:
[2019.01.16-21.19.27:768][  0]LogWindows:    0. 'NVIDIA GeForce GTX 1070' (P:1 D:1)
[2019.01.16-21.19.27:768][  0]LogWindows:    1. 'NVIDIA GeForce GTX 1070' (P:0 D:1)
[2019.01.16-21.19.27:769][  0]LogWindows:    2. 'NVIDIA GeForce GTX 1070' (P:0 D:0)
[2019.01.16-21.19.27:769][  0]LogWindows:    3. 'NVIDIA GeForce GTX 1070' (P:0 D:0)
[2019.01.16-21.19.27:769][  0]LogWindows:    4. 'Intel(R) HD Graphics 4000' (P:0 D:0)
[2019.01.16-21.19.27:769][  0]LogWindows:    5. 'Intel(R) HD Graphics 4000' (P:0 D:0)
[2019.01.16-21.19.27:769][  0]LogWindows:    6. 'Intel(R) HD Graphics 4000' (P:0 D:0)
[2019.01.16-21.19.27:769][  0]LogWindows: DebugString: PrimaryIsNotTheChoosenAdapter PrimaryIsNotTheChoosenAdapter PrimaryIsNotTheChoosenAdapter FoundDriverCount:4 
[2019.01.16-21.19.27:769][  0]LogD3D11RHI:     Adapter Name: NVIDIA GeForce GTX 1070
[2019.01.16-21.19.27:770][  0]LogD3D11RHI:   Driver Version: 417.71 (internal:25.21.14.1771, unified:417.71)
[2019.01.16-21.19.27:770][  0]LogD3D11RHI:      Driver Date: 1-11-2019
[2019.01.16-21.19.27:770][  0]LogRHI: Texture pool is 5661 MB (70% of 8088 MB)
[2019.01.16-21.19.27:813][  0]LogD3D11RHI: Async texture creation enabled
[2019.01.16-21.19.27:854][  0]LogD3D11RHI: GPU Timing Frequency: 1000.000000 (Debug: 2 2)
[2019.01.16-21.19.28:210][  0]LogTemp: Display: Loaded TP AllDesktopTargetPlatform
[2019.01.16-21.19.28:223][  0]LogTemp: Display: Loaded TP MacClientTargetPlatform
[2019.01.16-21.19.28:236][  0]LogTemp: Display: Loaded TP MacNoEditorTargetPlatform
[2019.01.16-21.19.28:248][  0]LogTemp: Display: Loaded TP MacServerTargetPlatform
[2019.01.16-21.19.28:266][  0]LogTemp: Display: Loaded TP MacTargetPlatform
[2019.01.16-21.19.28:280][  0]LogTemp: Display: Loaded TP WindowsClientTargetPlatform
[2019.01.16-21.19.28:294][  0]LogTemp: Display: Loaded TP WindowsNoEditorTargetPlatform
[2019.01.16-21.19.28:307][  0]LogTemp: Display: Loaded TP WindowsServerTargetPlatform
[2019.01.16-21.19.28:315][  0]LogTemp: Display: Loaded TP WindowsTargetPlatform
[2019.01.16-21.19.28:397][  0]LogTemp: Display: Loaded TP AndroidTargetPlatform
[2019.01.16-21.19.28:397][  0]LogTemp: Display: Loaded TP AndroidTargetPlatform
[2019.01.16-21.19.28:397][  0]LogTemp: Display: Loaded TP AndroidTargetPlatform
[2019.01.16-21.19.28:397][  0]LogTemp: Display: Loaded TP AndroidTargetPlatform
[2019.01.16-21.19.28:397][  0]LogTemp: Display: Loaded TP AndroidTargetPlatform
[2019.01.16-21.19.28:397][  0]LogTemp: Display: Loaded TP AndroidTargetPlatform
[2019.01.16-21.19.28:397][  0]LogTemp: Display: Loaded TP AndroidTargetPlatform
[2019.01.16-21.19.28:397][  0]LogTemp: Display: Loaded TP AndroidTargetPlatform
[2019.01.16-21.19.28:397][  0]LogTemp: Display: Loaded TP AndroidTargetPlatform
[2019.01.16-21.19.28:397][  0]LogTemp: Display: Loaded TP AndroidTargetPlatform
[2019.01.16-21.19.28:397][  0]LogTemp: Display: Loaded TP AndroidTargetPlatform
[2019.01.16-21.19.28:397][  0]LogTemp: Display: Loaded TP AndroidTargetPlatform
[2019.01.16-21.19.28:397][  0]LogTemp: Display: Loaded TP AndroidTargetPlatform
[2019.01.16-21.19.28:397][  0]LogTemp: Display: Loaded TP AndroidTargetPlatform
[2019.01.16-21.19.28:397][  0]LogTemp: Display: Loaded TP AndroidTargetPlatform
[2019.01.16-21.19.28:397][  0]LogTemp: Display: Loaded TP AndroidTargetPlatform
[2019.01.16-21.19.28:397][  0]LogTemp: Display: Loaded TP AndroidTargetPlatform
[2019.01.16-21.19.28:397][  0]LogTemp: Display: Loaded TP AndroidTargetPlatform
[2019.01.16-21.19.28:399][  0]LogTemp: Display: Loaded TP HTML5TargetPlatform
[2019.01.16-21.19.28:470][  0]LogTemp: Display: Loaded TP IOSTargetPlatform
[2019.01.16-21.19.28:470][  0]LogTemp: Display: Loaded TP IOSTargetPlatform
[2019.01.16-21.19.28:493][  0]LogTemp: Display: Loaded TP TVOSTargetPlatform
[2019.01.16-21.19.28:493][  0]LogTemp: Display: Loaded TP TVOSTargetPlatform
[2019.01.16-21.19.28:506][  0]LogTemp: Display: Loaded TP LinuxClientTargetPlatform
[2019.01.16-21.19.28:519][  0]LogTemp: Display: Loaded TP LinuxNoEditorTargetPlatform
[2019.01.16-21.19.28:532][  0]LogTemp: Display: Loaded TP LinuxServerTargetPlatform
[2019.01.16-21.19.28:553][  0]LogTemp: Display: Loaded TP LinuxTargetPlatform
[2019.01.16-21.19.28:601][  0]LogTemp: Display: Loaded TP LuminTargetPlatform
[2019.01.16-21.19.28:601][  0]LogTemp: Display: Loaded TP LuminTargetPlatform
[2019.01.16-21.19.28:602][  0]LogTargetPlatformManager: Display: Building Assets For Windows
[2019.01.16-21.19.28:706][  0]LogShaderCompilers: Guid format shader working directory is -14 characters bigger than the processId version (../../../../Users/maxsa/Desktop/Unreal Projects/SteamProject/Intermediate/Shaders/WorkingDirectory/3740/).
[2019.01.16-21.19.28:706][  0]LogShaderCompilers: Cleaned the shader compiler working directory 'C:/Users/maxsa/AppData/Local/Temp/UnrealShaderWorkingDir/E6F80BEA4F8B9EE40F50FD993CC53ECB/'.
[2019.01.16-21.19.28:709][  0]LogXGEController: Cleaning working directory: C:/Users/maxsa/AppData/Local/Temp/UnrealXGEWorkingDir/
[2019.01.16-21.19.28:709][  0]LogXGEController: Cannot use XGE Controller as Incredibuild is not installed on this machine.
[2019.01.16-21.19.28:709][  0]LogShaderCompilers: Cannot use XGE Shader Compiler as Incredibuild is not installed on this machine.
[2019.01.16-21.19.28:709][  0]LogShaderCompilers: Display: Using Local Shader Compiler.
[2019.01.16-21.19.30:295][  0]LogDerivedDataCache: Display: Max Cache Size: 512 MB
[2019.01.16-21.19.30:502][  0]LogDerivedDataCache: Loaded boot cache 0.21s 71MB C:/Users/maxsa/AppData/Local/UnrealEngine/4.21/DerivedDataCache/Boot.ddc.
[2019.01.16-21.19.30:502][  0]LogDerivedDataCache: Display: Loaded Boot cache: C:/Users/maxsa/AppData/Local/UnrealEngine/4.21/DerivedDataCache/Boot.ddc
[2019.01.16-21.19.30:503][  0]LogDerivedDataCache: FDerivedDataBackendGraph:  Pak pak cache file ../../../../Users/maxsa/Desktop/Unreal Projects/SteamProject/DerivedDataCache/DDC.ddp not found, will not use a pak cache.
[2019.01.16-21.19.30:503][  0]LogDerivedDataCache: Unable to find inner node Pak for hierarchical cache Hierarchy.
[2019.01.16-21.19.30:503][  0]LogDerivedDataCache: FDerivedDataBackendGraph:  CompressedPak pak cache file ../../../../Users/maxsa/Desktop/Unreal Projects/SteamProject/DerivedDataCache/Compressed.ddp not found, will not use a pak cache.
[2019.01.16-21.19.30:503][  0]LogDerivedDataCache: Unable to find inner node CompressedPak for hierarchical cache Hierarchy.
[2019.01.16-21.19.30:522][  0]LogDerivedDataCache: Display: Pak cache opened for reading ../../../Engine/DerivedDataCache/Compressed.ddp.
[2019.01.16-21.19.30:522][  0]LogDerivedDataCache: FDerivedDataBackendGraph:  EnterprisePak pak cache file ../../../Enterprise/DerivedDataCache/Compressed.ddp not found, will not use a pak cache.
[2019.01.16-21.19.30:522][  0]LogDerivedDataCache: Unable to find inner node EnterprisePak for hierarchical cache Hierarchy.
[2019.01.16-21.19.30:534][  0]LogDerivedDataCache: Using Local data cache path C:/Users/maxsa/AppData/Local/UnrealEngine/Common/DerivedDataCache: Writable
[2019.01.16-21.19.30:534][  0]LogDerivedDataCache: Shared data cache path not found in *engine.ini, will not use an Shared cache.
[2019.01.16-21.19.30:534][  0]LogDerivedDataCache: Unable to find inner node Shared for hierarchical cache Hierarchy.
[2019.01.16-21.19.30:558][  0]LogMaterial: Verifying Global Shaders for PCD3D_SM5
[2019.01.16-21.19.30:563][  0]LogSlate: Using FreeType 2.6.0
[2019.01.16-21.19.30:578][  0]LogSlate: SlateFontServices - WITH_FREETYPE: 1, WITH_HARFBUZZ: 1
[2019.01.16-21.19.30:822][  0]LogAssetRegistry: FAssetRegistry took 0.0345 seconds to start up
[2019.01.16-21.19.31:272][  0]LogInit: Selected Device Profile: [Windows]
[2019.01.16-21.19.31:545][  0]LogSimplygon: Simplygon DLL not present - disabling.
[2019.01.16-21.19.31:558][  0]LogMeshReduction: Using SimplygonSwarm for distributed automatic mesh merging
[2019.01.16-21.19.31:558][  0]LogMeshReduction: Using ProxyLODMeshReduction for automatic mesh merging
[2019.01.16-21.19.31:559][  0]LogMeshReduction: Using QuadricMeshReduction for automatic static mesh reduction
[2019.01.16-21.19.31:559][  0]LogMeshReduction: No automatic skeletal mesh reduction module available
[2019.01.16-21.19.31:606][  0]LogNetVersion: SteamProject 1.0.0, NetCL: 4541578, EngineNetVer: 5, GameNetVer: 0 (Checksum: 554750876)
[2019.01.16-21.19.32:729][  0]LogPackageLocalizationCache: Processed 11 localized package path(s) for 2 prioritized culture(s) in 0.091429 seconds
[2019.01.16-21.19.32:735][  0]LogUObjectArray: 39784 objects as part of root set at end of initial load.
[2019.01.16-21.19.32:735][  0]LogUObjectAllocator: 6925464 out of 0 bytes used by permanent object pool.
[2019.01.16-21.19.32:735][  0]LogUObjectArray: CloseDisregardForGC: 0/0 objects in disregard for GC pool
[2019.01.16-21.19.35:411][  0]LogTcpMessaging: Initializing TcpMessaging bridge
[2019.01.16-21.19.35:426][  0]LogUdpMessaging: Initializing bridge on interface 0.0.0.0:0 to multicast group 230.0.0.1:6666.
[2019.01.16-21.19.36:262][  0]SourceControl: Source control is disabled
[2019.01.16-21.19.36:262][  0]SourceControl: Source control is disabled
[2019.01.16-21.19.36:269][  0]SourceControl: Source control is disabled
[2019.01.16-21.19.36:273][  0]SourceControl: Source control is disabled
[2019.01.16-21.19.36:541][  0]LogAndroidPermission: UAndroidPermissionCallbackProxy::GetInstance
[2019.01.16-21.19.36:655][  0]LogOcInput: OculusInput pre-init called
[2019.01.16-21.19.36:921][  0]LogEngine: Initializing Engine...
[2019.01.16-21.19.36:926][  0]LogHMD: Failed to initialize OpenVR with code 105
[2019.01.16-21.19.36:929][  0]LogStats: UGameplayTagsManager::ConstructGameplayTagTree: ImportINI prefixes -  0.000 s
[2019.01.16-21.19.36:929][  0]LogStats: UGameplayTagsManager::ConstructGameplayTagTree: Construct from data asset -  0.000 s
[2019.01.16-21.19.36:929][  0]LogStats: UGameplayTagsManager::ConstructGameplayTagTree: ImportINI -  0.000 s
[2019.01.16-21.19.36:929][  0]LogStats: UGameplayTagsManager::ConstructGameplayTagTree: GameplayTagTreeChangedEvent.Broadcast -  0.000 s
[2019.01.16-21.19.37:386][  0]LogInit: Initializing FReadOnlyCVARCache
[2019.01.16-21.19.37:423][  0]LogAIModule: Creating AISystem for world Untitled
[2019.01.16-21.19.37:453][  0]LogInit: XAudio2 using 'Headphones (Realtek High Definition Audio)' : 2 channels at 48 kHz using 32 bits per sample (channel mask 0x3)
[2019.01.16-21.19.37:496][  0]LogInit: FAudioDevice initialized.
[2019.01.16-21.19.37:496][  0]LogNetVersion: Set ProjectVersion to 1.0.0.0. Version Checksum will be recalculated on next use.
[2019.01.16-21.19.37:541][  0]LogDerivedDataCache: Saved boot cache 0.04s 71MB C:/Users/maxsa/AppData/Local/UnrealEngine/4.21/DerivedDataCache/Boot.ddc.
[2019.01.16-21.19.37:551][  0]LogInit: Texture streaming: Enabled
[2019.01.16-21.19.37:574][  0]LogEngineSessionManager: EngineSessionManager initialized
[2019.01.16-21.19.37:628][  0]LogInit: Transaction tracking system initialized
[2019.01.16-21.19.37:666][  0]BlueprintLog: New page: Editor Load
[2019.01.16-21.19.37:801][  0]LocalizationService: Localization service is disabled
[2019.01.16-21.19.38:534][  0]LogCook: Display: Max memory allowance for cook 16384mb min free memory 0mb
[2019.01.16-21.19.38:534][  0]LogCook: Display: Mobile HDR setting 1
[2019.01.16-21.19.38:534][  0]LogGameplayTags: Display: UGameplayTagsManager::DoneAddingNativeTags. DelegateIsBound: 0
[2019.01.16-21.19.38:534][  0]LogStats: UGameplayTagsManager::ConstructGameplayTagTree: ImportINI prefixes -  0.000 s
[2019.01.16-21.19.38:534][  0]LogStats: UGameplayTagsManager::ConstructGameplayTagTree: Construct from data asset -  0.000 s
[2019.01.16-21.19.38:534][  0]LogStats: UGameplayTagsManager::ConstructGameplayTagTree: ImportINI -  0.000 s
[2019.01.16-21.19.38:534][  0]LogStats: UGameplayTagsManager::ConstructGameplayTagTree: GameplayTagTreeChangedEvent.Broadcast -  0.000 s
[2019.01.16-21.19.38:832][  0]LogFileCache: Scanning file cache for directory 'C:/Users/maxsa/Desktop/Unreal Projects/SteamProject/Content/' took 0.04s
[2019.01.16-21.19.38:832][  0]SourceControl: Source control is disabled
[2019.01.16-21.19.38:833][  0]Cmd: MAP LOAD FILE="../../../../Users/maxsa/Desktop/Unreal Projects/SteamProject/Content/Maps/MainMenu.umap" TEMPLATE=0 SHOWPROGRESS=1 FEATURELEVEL=3
[2019.01.16-21.19.38:838][  0]LightingResults: New page: Lighting Build
[2019.01.16-21.19.38:845][  0]MapCheck: New page: Map Check
[2019.01.16-21.19.38:846][  0]LightingResults: New page: Lighting Build
[2019.01.16-21.19.39:339][  0]LogAIModule: Creating AISystem for world MainMenu
[2019.01.16-21.19.39:342][  0]LogEditorServer: Finished looking for orphan Actors (0.000 secs)
[2019.01.16-21.19.39:366][  0]Cmd: MAP CHECKDEP NOCLEARLOG
[2019.01.16-21.19.39:367][  0]MapCheck: Map check complete: 0 Error(s), 0 Warning(s), took 0.167ms to complete.
[2019.01.16-21.19.39:367][  0]LogFileHelpers: Loading map 'MainMenu' took 0.534
[2019.01.16-21.19.39:510][  0]LogSlate: Updating window title bar state: overlay mode, drag disabled, window buttons hidden, title bar hidden
[2019.01.16-21.19.39:517][  0]LogSlate: Updating window title bar state: overlay mode, drag disabled, window buttons hidden, title bar hidden
[2019.01.16-21.19.39:524][  0]LogSlate: Updating window title bar state: overlay mode, drag disabled, window buttons hidden, title bar hidden
[2019.01.16-21.19.39:532][  0]LogSlate: Updating window title bar state: overlay mode, drag disabled, window buttons hidden, title bar hidden
[2019.01.16-21.19.39:547][  0]LogCollectionManager: Loaded 0 collections in 0.001342 seconds
[2019.01.16-21.19.39:584][  0]LogFileCache: Scanning file cache for directory 'C:/Users/maxsa/Desktop/Unreal Projects/SteamProject/Saved/Collections/' took 0.01s
[2019.01.16-21.19.39:584][  0]LogFileCache: Scanning file cache for directory 'C:/Users/maxsa/Desktop/Unreal Projects/SteamProject/Content/Developers/maxsa/Collections/' took 0.01s
[2019.01.16-21.19.39:584][  0]LogFileCache: Scanning file cache for directory 'C:/Users/maxsa/Desktop/Unreal Projects/SteamProject/Content/Collections/' took 0.00s
[2019.01.16-21.19.39:584][  0]LogCollectionManager: Rebuilt the GUID cache for 0 collections in 0.000001 seconds
[2019.01.16-21.19.39:595][  0]LogContentBrowser: Native class hierarchy populated in 0.0098 seconds. Added 2654 classes and 624 folders.
[2019.01.16-21.19.39:605][  0]LogContentBrowser: Native class hierarchy updated for 'WidgetCarousel' in 0.0003 seconds. Added 0 classes and 0 folders.
[2019.01.16-21.19.39:614][  0]LogPakFile: Registered encryption key '00000000000000000000000000000000': 0 pak files mounted, 0 remain pending
[2019.01.16-21.19.39:623][  0]LogPakFile: Registered encryption key '00000000000000000000000000000000': 0 pak files mounted, 0 remain pending
[2019.01.16-21.19.39:646][  0]LogPakFile: Registered encryption key '00000000000000000000000000000000': 0 pak files mounted, 0 remain pending
[2019.01.16-21.19.39:652][  0]LogPakFile: Registered encryption key '00000000000000000000000000000000': 0 pak files mounted, 0 remain pending
[2019.01.16-21.19.39:657][  0]LogPakFile: Registered encryption key '00000000000000000000000000000000': 0 pak files mounted, 0 remain pending
[2019.01.16-21.19.39:663][  0]LogPakFile: Registered encryption key '00000000000000000000000000000000': 0 pak files mounted, 0 remain pending
[2019.01.16-21.19.39:668][  0]LogPakFile: Registered encryption key '00000000000000000000000000000000': 0 pak files mounted, 0 remain pending
[2019.01.16-21.19.39:673][  0]LogPakFile: Registered encryption key '00000000000000000000000000000000': 0 pak files mounted, 0 remain pending
[2019.01.16-21.19.39:680][  0]LogPakFile: Registered encryption key '00000000000000000000000000000000': 0 pak files mounted, 0 remain pending
[2019.01.16-21.19.39:686][  0]LogPakFile: Registered encryption key '00000000000000000000000000000000': 0 pak files mounted, 0 remain pending
[2019.01.16-21.19.39:692][  0]LogPakFile: Registered encryption key '00000000000000000000000000000000': 0 pak files mounted, 0 remain pending
[2019.01.16-21.19.39:697][  0]LogPakFile: Registered encryption key '00000000000000000000000000000000': 0 pak files mounted, 0 remain pending
[2019.01.16-21.19.39:703][  0]LogPakFile: Registered encryption key '00000000000000000000000000000000': 0 pak files mounted, 0 remain pending
[2019.01.16-21.19.39:709][  0]LogPakFile: Registered encryption key '00000000000000000000000000000000': 0 pak files mounted, 0 remain pending
[2019.01.16-21.19.39:714][  0]LogPakFile: Registered encryption key '00000000000000000000000000000000': 0 pak files mounted, 0 remain pending
[2019.01.16-21.19.39:720][  0]LogPakFile: Registered encryption key '00000000000000000000000000000000': 0 pak files mounted, 0 remain pending
[2019.01.16-21.19.39:753][  0]LogPakFile: Registered encryption key '00000000000000000000000000000000': 0 pak files mounted, 0 remain pending
[2019.01.16-21.19.39:759][  0]LogPakFile: Registered encryption key '00000000000000000000000000000000': 0 pak files mounted, 0 remain pending
[2019.01.16-21.19.39:764][  0]LogPakFile: Registered encryption key '00000000000000000000000000000000': 0 pak files mounted, 0 remain pending
[2019.01.16-21.19.39:770][  0]LogPakFile: Registered encryption key '00000000000000000000000000000000': 0 pak files mounted, 0 remain pending
[2019.01.16-21.19.39:812][  0]LogPakFile: Registered encryption key '00000000000000000000000000000000': 0 pak files mounted, 0 remain pending
[2019.01.16-21.19.39:817][  0]LogPakFile: Registered encryption key '00000000000000000000000000000000': 0 pak files mounted, 0 remain pending
[2019.01.16-21.19.39:823][  0]LogPakFile: Registered encryption key '00000000000000000000000000000000': 0 pak files mounted, 0 remain pending
[2019.01.16-21.19.39:829][  0]LogPakFile: Registered encryption key '00000000000000000000000000000000': 0 pak files mounted, 0 remain pending
[2019.01.16-21.19.39:835][  0]LogPakFile: Registered encryption key '00000000000000000000000000000000': 0 pak files mounted, 0 remain pending
[2019.01.16-21.19.39:840][  0]LogPakFile: Registered encryption key '00000000000000000000000000000000': 0 pak files mounted, 0 remain pending
[2019.01.16-21.19.39:996][  0]LogContentBrowser: Native class hierarchy updated for 'AddContentDialog' in 0.0003 seconds. Added 0 classes and 0 folders.
[2019.01.16-21.19.40:005][  0]LogContentBrowser: Native class hierarchy updated for 'SceneOutliner' in 0.0003 seconds. Added 1 classes and 2 folders.
[2019.01.16-21.19.40:061][  0]LogSlate: Took 0.005943 seconds to synchronously load lazily loaded font '../../../Engine/Content/Slate/Fonts/Roboto-Regular.ttf' (155K)
[2019.01.16-21.19.40:068][  0]LogSlate: Took 0.005216 seconds to synchronously load lazily loaded font '../../../Engine/Content/Slate/Fonts/Roboto-Bold.ttf' (160K)
[2019.01.16-21.19.40:081][  0]LogSlate: Took 0.005846 seconds to synchronously load lazily loaded font '../../../Engine/Content/Editor/Slate/Fonts/FontAwesome.ttf' (139K)
[2019.01.16-21.19.40:227][  0]LogRenderer: Reallocating scene render targets to support 1056x556 Format 10 NumSamples 1 (Frame:1).
[2019.01.16-21.19.40:409][  0]LogContentBrowser: Native class hierarchy updated for 'HierarchicalLODOutliner' in 0.0003 seconds. Added 0 classes and 0 folders.
[2019.01.16-21.19.40:409][  0]LogLoad: (Engine Initialization) Total time: 19.02 seconds
[2019.01.16-21.19.40:409][  0]LogLoad: (Engine Initialization) Total Blueprint compile time: 0.00 seconds
[2019.01.16-21.19.40:465][  0]LogContentStreaming: Texture pool size now 1000 MB
[2019.01.16-21.19.40:497][  0]LogSlate: Took 0.005327 seconds to synchronously load lazily loaded font '../../../Engine/Content/Slate/Fonts/Roboto-Light.ttf' (167K)
[2019.01.16-21.19.40:662][  3]LogAssetRegistry: Asset discovery search completed in 9.8618 seconds
[2019.01.16-21.19.40:665][  3]LogCollectionManager: Rebuilt the object cache for 0 collections in 0.000000 seconds (found 0 objects)
[2019.01.16-21.19.40:665][  3]LogCollectionManager: Fixed up redirectors for 0 collections in 0.000063 seconds (updated 0 objects)
[2019.01.16-21.19.43:711][ 92]LogSlate: Took 0.000187 seconds to synchronously load lazily loaded font '../../../Engine/Content/Slate/Fonts/Roboto-Light.ttf' (167K)
[2019.01.16-21.19.43:714][ 92]LogSlate: FSceneViewport::OnFocusLost() reason 2
[2019.01.16-21.19.43:719][ 92]LogAssetEditorManager: Opening Asset editor for Blueprint /Game/Blueprints/Characters/0_Base.0_Base
[2019.01.16-21.19.44:318][ 92]LogContentBrowser: Native class hierarchy updated for 'BlueprintGraph' in 0.0006 seconds. Added 117 classes and 0 folders.
[2019.01.16-21.19.45:320][ 92]LogAssetEditorManager: Opening Asset editor for Blueprint /Game/Blueprints/Gameplay/GameplayGM.GameplayGM
[2019.01.16-21.19.45:648][ 92]LogAssetEditorManager: Opening Asset editor for Blueprint /Game/Blueprints/Gameplay/GameplayPC.GameplayPC
[2019.01.16-21.19.45:977][ 92]LogAssetEditorManager: Opening Asset editor for WidgetBlueprint /Game/UI/AllLevels/ScoreboardHud.ScoreboardHud
[2019.01.16-21.19.46:382][ 92]LogAssetEditorManager: Opening Asset editor for WidgetBlueprint /Game/UI/AllLevels/ChatWindow.ChatWindow
[2019.01.16-21.19.46:736][ 92]LogAssetEditorManager: Opening Asset editor for WidgetBlueprint /Game/UI/AllLevels/ScoreboardPlayerName.ScoreboardPlayerName
[2019.01.16-21.19.47:123][ 92]LogSlate: Took 0.005097 seconds to synchronously load lazily loaded font '../../../Engine/Content/Slate/Fonts/Roboto-BoldCondensed.ttf' (158K)
[2019.01.16-21.20.05:371][227]LogSlate: Window 'ScoreboardPlayerName' being destroyed
[2019.01.16-21.20.16:664][477]LogSlate: Took 0.014332 seconds to synchronously load lazily loaded font '../../../Engine/Content/Slate/Fonts/DroidSansFallback.ttf' (3848K)
[2019.01.16-21.20.39:938][208]LogSlate: Took 0.004612 seconds to synchronously load lazily loaded font '../../../Engine/Content/Slate/Fonts/Roboto-Italic.ttf' (157K)
[2019.01.16-21.21.52:170][583]LogRenderer: Reallocating scene render targets to support 1208x576 Format 10 NumSamples 1 (Frame:3).
[2019.01.16-21.22.02:022][741]LogAssetEditorManager: Opening Asset editor for WidgetBlueprint /Game/UI/Lobby/ConnectedPlayer.ConnectedPlayer
[2019.01.16-21.24.14:095][247]LogSlate: Took 0.004936 seconds to synchronously load lazily loaded font '../../../Engine/Content/Slate/Fonts/Roboto-BoldCondensedItalic.ttf' (160K)
[2019.01.16-21.24.31:904][353]BlueprintLog: New page: Compile ScoreboardPlayerName
[2019.01.16-21.26.39:436][329]LogSlate: Window 'Change Variable Type' being destroyed
[2019.01.16-21.26.41:318][541]LogSlate: Window 'Find in Blueprints' being destroyed
[2019.01.16-21.26.41:320][541]LogSlate: Window 'Find in Blueprints' being destroyed
[2019.01.16-21.27.01:813][847]LogSlate: Window 'Change Variable Type' being destroyed
[2019.01.16-21.27.02:922][974]LogSlate: Window 'Find in Blueprints' being destroyed
[2019.01.16-21.27.02:924][974]LogSlate: Window 'Find in Blueprints' being destroyed
[2019.01.16-21.28.09:465][818]LogAssetEditorManager: Opening Asset editor for WidgetBlueprint /Game/UI/Lobby/LobbyMenu.LobbyMenu
[2019.01.16-21.29.32:628][940]LogAssetEditorManager: Opening Asset editor for WidgetBlueprint /Game/UI/Lobby/GameSettings.GameSettings
[2019.01.16-21.32.13:950][392]BlueprintLog: New page: Compile ScoreboardPlayerName
[2019.01.16-21.32.14:638][464]Cmd: OBJ SAVEPACKAGE PACKAGE="/Game/UI/AllLevels/ScoreboardPlayerName" FILE="../../../../Users/maxsa/Desktop/Unreal Projects/SteamProject/Content/UI/AllLevels/ScoreboardPlayerName.uasset" SILENT=true
[2019.01.16-21.32.14:849][464]LogSavePackage: Moving '../../../../Users/maxsa/Desktop/Unreal Projects/SteamProject/Saved/ScoreboardPlayerNameC4F7B9DD46D287E83F22309DAE091BD0.tmp' to '../../../../Users/maxsa/Desktop/Unreal Projects/SteamProject/Content/UI/AllLevels/ScoreboardPlayerName.uasset'
[2019.01.16-21.34.27:907][687]LogFileHelpers: Editor autosave (incl. sublevels) for '/Game/Maps/MainMenu' took 0.038
[2019.01.16-21.34.27:909][687]OBJ SavePackage: Generating thumbnails for [0] asset(s) in package [/Game/UI/AllLevels/ScoreboardPlayerName] ([1] browsable assets)...
[2019.01.16-21.34.27:909][687]OBJ SavePackage: Finished generating thumbnails for package [/Game/UI/AllLevels/ScoreboardPlayerName]
[2019.01.16-21.34.28:002][687]LogSavePackage: Moving '../../../../Users/maxsa/Desktop/Unreal Projects/SteamProject/Saved/ScoreboardPlayerName_Auto1F68FBBCD437F979AEA7E45843EC53F0C.tmp' to '../../../../Users/maxsa/Desktop/Unreal Projects/SteamProject/Saved/Autosaves/Game/UI/AllLevels/ScoreboardPlayerName_Auto1.uasset'
[2019.01.16-21.34.28:004][687]LogFileHelpers: Auto-saving content packages took 0.096
[2019.01.16-21.34.54:678][237]BlueprintLog: New page: Compile ScoreboardPlayerName
[2019.01.16-21.34.55:251][279]Cmd: OBJ SAVEPACKAGE PACKAGE="/Game/UI/AllLevels/ScoreboardPlayerName" FILE="../../../../Users/maxsa/Desktop/Unreal Projects/SteamProject/Content/UI/AllLevels/ScoreboardPlayerName.uasset" SILENT=true
[2019.01.16-21.34.55:346][279]LogSavePackage: Moving '../../../../Users/maxsa/Desktop/Unreal Projects/SteamProject/Saved/ScoreboardPlayerNameDAC670F241B4016F060B40AC29BBD294.tmp' to '../../../../Users/maxsa/Desktop/Unreal Projects/SteamProject/Content/UI/AllLevels/ScoreboardPlayerName.uasset'
[2019.01.16-21.38.53:192][902]BlueprintLog: New page: Compile ScoreboardPlayerName
[2019.01.16-21.38.53:651][932]Cmd: OBJ SAVEPACKAGE PACKAGE="/Game/UI/AllLevels/ScoreboardPlayerName" FILE="../../../../Users/maxsa/Desktop/Unreal Projects/SteamProject/Content/UI/AllLevels/ScoreboardPlayerName.uasset" SILENT=true
[2019.01.16-21.38.53:767][932]LogSavePackage: Moving '../../../../Users/maxsa/Desktop/Unreal Projects/SteamProject/Saved/ScoreboardPlayerName4097D9FB4E8649EB1DB4DBABEC8FE69D.tmp' to '../../../../Users/maxsa/Desktop/Unreal Projects/SteamProject/Content/UI/AllLevels/ScoreboardPlayerName.uasset'
[2019.01.16-21.39.00:756][532]BlueprintLog: New page: Compile ScoreboardHud
[2019.01.16-21.44.28:543][106]LogFileHelpers: Editor autosave (incl. sublevels) for '/Game/Maps/MainMenu' took 0.045
[2019.01.16-21.44.28:544][106]OBJ SavePackage: Generating thumbnails for [0] asset(s) in package [/Game/UI/AllLevels/ScoreboardHud] ([1] browsable assets)...
[2019.01.16-21.44.28:544][106]OBJ SavePackage: Finished generating thumbnails for package [/Game/UI/AllLevels/ScoreboardHud]
[2019.01.16-21.44.28:661][106]LogSavePackage: Moving '../../../../Users/maxsa/Desktop/Unreal Projects/SteamProject/Saved/ScoreboardHud_Auto2C37D839A46C9F657187AB799C65CFD20.tmp' to '../../../../Users/maxsa/Desktop/Unreal Projects/SteamProject/Saved/Autosaves/Game/UI/AllLevels/ScoreboardHud_Auto2.uasset'
[2019.01.16-21.44.28:662][106]LogFileHelpers: Auto-saving content packages took 0.118
[2019.01.16-21.45.57:918][709]LogSlate: Window 'LobbyMenu' being destroyed
[2019.01.16-21.46.01:388][987]LogSlate: Window 'Save Content' being destroyed
[2019.01.16-21.46.01:399][987]Cmd: OBJ SAVEPACKAGE PACKAGE="/Game/UI/AllLevels/ScoreboardHud" FILE="../../../../Users/maxsa/Desktop/Unreal Projects/SteamProject/Content/UI/AllLevels/ScoreboardHud.uasset" SILENT=true
[2019.01.16-21.46.01:506][987]LogSavePackage: Moving '../../../../Users/maxsa/Desktop/Unreal Projects/SteamProject/Saved/ScoreboardHud73B1C9D843C0CB710EA6A6BB67516DB3.tmp' to '../../../../Users/maxsa/Desktop/Unreal Projects/SteamProject/Content/UI/AllLevels/ScoreboardHud.uasset'
[2019.01.16-21.46.01:709][987]LogActorComponent: UnregisterComponent: (/Engine/Transient.EditorFloorComp) Not registered. Aborting.
[2019.01.16-21.46.01:763][987]LogActorComponent: UnregisterComponent: (/Engine/Transient.EditorFloorComp) Not registered. Aborting.
[2019.01.16-21.46.01:980][987]LogSlate: Window 'SteamProject - Unreal Editor' being destroyed
[2019.01.16-21.46.01:981][987]LogWindowsTextInputMethodSystem: Display: IME system now deactivated.
[2019.01.16-21.46.02:194][988]Cmd: QUIT_EDITOR
[2019.01.16-21.46.02:224][988]LogExit: Preparing to exit.
[2019.01.16-21.46.03:322][988]LogExit: Editor shut down
[2019.01.16-21.46.03:322][988]LogExit: Transaction tracking system shut down
[2019.01.16-21.46.03:589][988]LogExit: Object subsystem successfully closed.
[2019.01.16-21.46.03:603][988]LogShaderCompilers: Display: Shaders left to compile 0
[2019.01.16-21.46.03:606][988]LogD3D11RHI: Shutdown
[2019.01.16-21.46.03:606][988]LogD3D11RHI: CleanupD3DDevice
[2019.01.16-21.46.03:607][988]LogD3D11RHI: ~FD3D11DynamicRHI
[2019.01.16-21.46.03:634][988]LogModuleManager: Shutting down and abandoning module SequencerWidgets (628)
[2019.01.16-21.46.03:634][988]LogModuleManager: Shutting down and abandoning module BlueprintGraph (626)
[2019.01.16-21.46.03:634][988]LogModuleManager: Shutting down and abandoning module HierarchicalLODOutliner (624)
[2019.01.16-21.46.03:634][988]LogModuleManager: Shutting down and abandoning module SceneOutliner (622)
[2019.01.16-21.46.03:634][988]LogModuleManager: Shutting down and abandoning module AddContentDialog (620)
[2019.01.16-21.46.03:635][988]LogModuleManager: Shutting down and abandoning module WidgetCarousel (619)
[2019.01.16-21.46.03:635][988]LogModuleManager: Shutting down and abandoning module EditorWidgets (616)
[2019.01.16-21.46.03:635][988]LogModuleManager: Shutting down and abandoning module CollectionManager (614)
[2019.01.16-21.46.03:635][988]LogModuleManager: Shutting down and abandoning module StatsViewer (612)
[2019.01.16-21.46.03:635][988]LogModuleManager: Shutting down and abandoning module FoliageEdit (610)
[2019.01.16-21.46.03:635][988]LogModuleManager: Shutting down and abandoning module LandscapeEditor (608)
[2019.01.16-21.46.03:636][988]LogModuleManager: Shutting down and abandoning module MeshPaintMode (606)
[2019.01.16-21.46.03:636][988]LogModuleManager: Shutting down and abandoning module SceneDepthPickerMode (604)
[2019.01.16-21.46.03:636][988]LogModuleManager: Shutting down and abandoning module ActorPickerMode (602)
[2019.01.16-21.46.03:636][988]LogModuleManager: Shutting down and abandoning module GeometryMode (600)
[2019.01.16-21.46.03:636][988]LogModuleManager: Shutting down and abandoning module TextureAlignMode (598)
[2019.01.16-21.46.03:636][988]LogModuleManager: Shutting down and abandoning module BspMode (596)
[2019.01.16-21.46.03:636][988]LogModuleManager: Shutting down and abandoning module PIEPreviewDeviceProfileSelector (594)
[2019.01.16-21.46.03:636][988]LogModuleManager: Shutting down and abandoning module SequenceRecorderSections (592)
[2019.01.16-21.46.03:636][988]LogModuleManager: Shutting down and abandoning module AutomationWorker (590)
[2019.01.16-21.46.03:636][988]LogModuleManager: Shutting down and abandoning module AudioCaptureEditor (588)
[2019.01.16-21.46.03:636][988]LogModuleManager: Shutting down and abandoning module MatineeToLevelSequence (586)
[2019.01.16-21.46.03:636][988]LogModuleManager: Shutting down and abandoning module LevelSequenceEditor (584)
[2019.01.16-21.46.03:636][988]LogModuleManager: Shutting down and abandoning module PlacementMode (583)
[2019.01.16-21.46.03:636][988]LogModuleManager: Shutting down and abandoning module MaterialEditor (582)
[2019.01.16-21.46.03:637][988]LogModuleManager: Shutting down and abandoning module WmfMediaFactory (578)
[2019.01.16-21.46.03:637][988]LogModuleManager: Shutting down and abandoning module WmfMediaEditor (576)
[2019.01.16-21.46.03:637][988]LogModuleManager: Shutting down and abandoning module WebMMediaFactory (574)
[2019.01.16-21.46.03:637][988]LogModuleManager: Shutting down and abandoning module WebMMediaEditor (572)
[2019.01.16-21.46.03:637][988]LogModuleManager: Shutting down and abandoning module WebMMedia (570)
[2019.01.16-21.46.03:637][988]LogModuleManager: Shutting down and abandoning module MediaPlayerEditor (568)
[2019.01.16-21.46.03:637][988]LogModuleManager: Shutting down and abandoning module MediaCompositingEditor (566)
[2019.01.16-21.46.03:637][988]LogModuleManager: Shutting down and abandoning module SequenceRecorder (565)
[2019.01.16-21.46.03:637][988]LogModuleManager: Shutting down and abandoning module OpenExrWrapper (562)
[2019.01.16-21.46.03:637][988]LogModuleManager: Shutting down and abandoning module ImgMediaFactory (560)
[2019.01.16-21.46.03:637][988]LogModuleManager: Shutting down and abandoning module ImgMediaEditor (558)
[2019.01.16-21.46.03:637][988]LogModuleManager: Shutting down and abandoning module AvfMediaFactory (556)
[2019.01.16-21.46.03:637][988]LogModuleManager: Shutting down and abandoning module AvfMediaEditor (554)
[2019.01.16-21.46.03:637][988]LogModuleManager: Shutting down and abandoning module AndroidMediaFactory (552)
[2019.01.16-21.46.03:637][988]LogModuleManager: Shutting down and abandoning module AndroidMediaEditor (550)
[2019.01.16-21.46.03:637][988]LogModuleManager: Shutting down and abandoning module MagicLeapCameraPreviewFactory (548)
[2019.01.16-21.46.03:637][988]LogModuleManager: Shutting down and abandoning module MagicLeapMediaFactory (546)
[2019.01.16-21.46.03:637][988]LogModuleManager: Shutting down and abandoning module MagicLeapMediaEditor (544)
[2019.01.16-21.46.03:637][988]LogModuleManager: Shutting down and abandoning module CharacterAI (542)
[2019.01.16-21.46.03:637][988]LogModuleManager: Shutting down and abandoning module SmartSnapping (540)
[2019.01.16-21.46.03:637][988]LogModuleManager: Shutting down and abandoning module SessionServices (538)
[2019.01.16-21.46.03:637][988]LogModuleManager: Shutting down and abandoning module ViewportSnapping (536)
[2019.01.16-21.46.03:637][988]LogModuleManager: Shutting down and abandoning module ViewportInteraction (534)
[2019.01.16-21.46.03:637][988]LogModuleManager: Shutting down and abandoning module ClothPainter (532)
[2019.01.16-21.46.03:637][988]LogModuleManager: Shutting down and abandoning module SkeletalMeshEditor (531)
[2019.01.16-21.46.03:638][988]LogModuleManager: Shutting down and abandoning module LogVisualizer (528)
[2019.01.16-21.46.03:638][988]LogModuleManager: Shutting down and abandoning module IntroTutorials (526)
[2019.01.16-21.46.03:638][988]LogModuleManager: Shutting down and abandoning module GameProjectGeneration (525)
[2019.01.16-21.46.03:639][988]LogModuleManager: Shutting down and abandoning module LuminPlatformEditor (522)
[2019.01.16-21.46.03:639][988]LogModuleManager: Shutting down and abandoning module IOSPlatformEditor (520)
[2019.01.16-21.46.03:639][988]LogModuleManager: Shutting down and abandoning module HTML5PlatformEditor (518)
[2019.01.16-21.46.03:639][988]LogModuleManager: Shutting down and abandoning module AndroidPlatformEditor (516)
[2019.01.16-21.46.03:639][988]LogModuleManager: Shutting down and abandoning module AndroidDeviceDetection (515)
[2019.01.16-21.46.03:929][988]LogModuleManager: Shutting down and abandoning module WindowsPlatformEditor (512)
[2019.01.16-21.46.03:929][988]LogModuleManager: Shutting down and abandoning module LuminRuntimeSettings (510)
[2019.01.16-21.46.03:929][988]LogModuleManager: Shutting down and abandoning module IOSRuntimeSettings (508)
[2019.01.16-21.46.03:929][988]LogModuleManager: Shutting down and abandoning module AndroidRuntimeSettings (506)
[2019.01.16-21.46.03:929][988]LogModuleManager: Shutting down and abandoning module TimeManagementEditor (504)
[2019.01.16-21.46.03:929][988]LogModuleManager: Shutting down and abandoning module InputBindingEditor (502)
[2019.01.16-21.46.03:929][988]LogModuleManager: Shutting down and abandoning module MergeActors (500)
[2019.01.16-21.46.03:929][988]LogModuleManager: Shutting down and abandoning module LocalizationDashboard (498)
[2019.01.16-21.46.03:929][988]LogModuleManager: Shutting down and abandoning module LocalizationService (497)
[2019.01.16-21.46.03:930][988]LogModuleManager: Shutting down and abandoning module HardwareTargeting (494)
[2019.01.16-21.46.03:930][988]LogModuleManager: Shutting down and abandoning module DeviceProfileEditor (492)
[2019.01.16-21.46.03:930][988]LogModuleManager: Shutting down and abandoning module UndoHistory (490)
[2019.01.16-21.46.03:930][988]LogModuleManager: Shutting down and abandoning module XmlParser (488)
[2019.01.16-21.46.03:930][988]LogModuleManager: Shutting down and abandoning module Blutility (486)
[2019.01.16-21.46.03:930][988]LogModuleManager: Shutting down and abandoning module ProjectSettingsViewer (484)
[2019.01.16-21.46.03:930][988]LogModuleManager: Shutting down and abandoning module ProjectTargetPlatformEditor (483)
[2019.01.16-21.46.03:930][988]LogModuleManager: Shutting down and abandoning module EditorSettingsViewer (480)
[2019.01.16-21.46.03:930][988]LogModuleManager: Shutting down and abandoning module SettingsEditor (478)
[2019.01.16-21.46.03:930][988]LogModuleManager: Shutting down and abandoning module ProjectLauncher (476)
[2019.01.16-21.46.03:930][988]LogModuleManager: Shutting down and abandoning module SessionFrontend (474)
[2019.01.16-21.46.03:930][988]LogModuleManager: Shutting down and abandoning module ProfilerClient (472)
[2019.01.16-21.46.03:930][988]LogModuleManager: Shutting down and abandoning module DeviceManager (470)
[2019.01.16-21.46.03:930][988]LogModuleManager: Shutting down and abandoning module TargetDeviceServices (469)
[2019.01.16-21.46.03:984][988]LogModuleManager: Shutting down and abandoning module AutomationController (466)
[2019.01.16-21.46.03:984][988]LogModuleManager: Shutting down and abandoning module AutomationWindow (464)
[2019.01.16-21.46.03:985][988]LogModuleManager: Shutting down and abandoning module Layers (462)
[2019.01.16-21.46.03:986][988]LogModuleManager: Shutting down and abandoning module ComponentVisualizers (460)
[2019.01.16-21.46.03:986][988]LogModuleManager: Shutting down and abandoning module DetailCustomizations (458)
[2019.01.16-21.46.03:986][988]LogModuleManager: Shutting down and abandoning module PackagesDialog (456)
[2019.01.16-21.46.03:986][988]LogModuleManager: Shutting down and abandoning module Persona (454)
[2019.01.16-21.46.03:987][988]LogModuleManager: Shutting down and abandoning module AdvancedPreviewScene (453)
[2019.01.16-21.46.03:987][988]LogModuleManager: Shutting down and abandoning module AnimGraph (451)
[2019.01.16-21.46.03:987][988]LogModuleManager: Shutting down and abandoning module Kismet (448)
[2019.01.16-21.46.03:991][988]LogModuleManager: Shutting down and abandoning module GraphEditor (446)
[2019.01.16-21.46.03:991][988]LogModuleManager: Shutting down and abandoning module ClassViewer (444)
[2019.01.16-21.46.03:991][988]LogModuleManager: Shutting down and abandoning module Toolbox (442)
[2019.01.16-21.46.03:992][988]LogModuleManager: Shutting down and abandoning module ModuleUI (440)
[2019.01.16-21.46.03:992][988]LogModuleManager: Shutting down and abandoning module MovieSceneTools (438)
[2019.01.16-21.46.03:992][988]LogModuleManager: Shutting down and abandoning module OutputLog (436)
[2019.01.16-21.46.03:992][988]LogModuleManager: Shutting down and abandoning module GammaUI (434)
[2019.01.16-21.46.03:992][988]LogModuleManager: Shutting down and abandoning module Documentation (432)
[2019.01.16-21.46.03:992][988]LogModuleManager: Shutting down and abandoning module MovieSceneTracks (430)
[2019.01.16-21.46.03:992][988]LogModuleManager: Shutting down and abandoning module MovieScene (428)
[2019.01.16-21.46.03:992][988]LogModuleManager: Shutting down and abandoning module StreamingPauseRendering (426)
[2019.01.16-21.46.03:992][988]LogModuleManager: Shutting down and abandoning module LauncherPlatform (424)
[2019.01.16-21.46.03:992][988]LogModuleManager: Shutting down and abandoning module AnalyticsET (422)
[2019.01.16-21.46.03:992][988]LogModuleManager: Shutting down and abandoning module PortalServices (420)
[2019.01.16-21.46.03:992][988]LogModuleManager: Shutting down and abandoning module PortalRpc (418)
[2019.01.16-21.46.03:992][988]LogModuleManager: Shutting down and abandoning module MessagingRpc (416)
[2019.01.16-21.46.03:992][988]LogModuleManager: Shutting down and abandoning module AIModule (414)
[2019.01.16-21.46.03:992][988]LogModuleManager: Shutting down and abandoning module GameplayDebugger (413)
[2019.01.16-21.46.03:992][988]LogModuleManager: Shutting down and abandoning module AITestSuite (411)
[2019.01.16-21.46.03:992][988]LogModuleManager: Shutting down and abandoning module NavigationSystem (409)
[2019.01.16-21.46.03:992][988]LogModuleManager: Shutting down and abandoning module DesktopPlatform (406)
[2019.01.16-21.46.03:992][988]LogModuleManager: Shutting down and abandoning module ImageWriteQueue (404)
[2019.01.16-21.46.03:994][988]LogModuleManager: Shutting down and abandoning module ProfilerService (402)
[2019.01.16-21.46.04:132][988]LogModuleManager: Shutting down and abandoning module TaskGraph (400)
[2019.01.16-21.46.04:132][988]LogModuleManager: Shutting down and abandoning module SteamVRController (398)
[2019.01.16-21.46.04:132][988]LogModuleManager: Shutting down and abandoning module ProceduralMeshComponentEditor (396)
[2019.01.16-21.46.04:132][988]LogModuleManager: Shutting down and abandoning module ProceduralMeshComponent (394)
[2019.01.16-21.46.04:132][988]LogModuleManager: Shutting down and abandoning module OculusInput (392)
[2019.01.16-21.46.04:132][988]LogModuleManager: Shutting down and abandoning module MobilePatchingUtils (390)
[2019.01.16-21.46.04:132][988]LogModuleManager: Shutting down and abandoning module EditableMesh (388)
[2019.01.16-21.46.04:132][988]LogModuleManager: Shutting down and abandoning module CustomMeshComponent (386)
[2019.01.16-21.46.04:132][988]LogModuleManager: Shutting down and abandoning module CableComponent (384)
[2019.01.16-21.46.04:132][988]LogModuleManager: Shutting down and abandoning module AudioCapture (382)
[2019.01.16-21.46.04:132][988]LogModuleManager: Shutting down and abandoning module ArchVisCharacter (380)
[2019.01.16-21.46.04:132][988]LogModuleManager: Shutting down and abandoning module AndroidPermission (378)
[2019.01.16-21.46.04:132][988]LogModuleManager: Shutting down and abandoning module NUTUnrealEngine4 (376)
[2019.01.16-21.46.04:132][988]LogModuleManager: Shutting down and abandoning module NetcodeUnitTest (374)
[2019.01.16-21.46.04:132][988]LogModuleManager: Shutting down and abandoning module MediaCompositing (372)
[2019.01.16-21.46.04:132][988]LogModuleManager: Shutting down and abandoning module LinearTimecode (370)
[2019.01.16-21.46.04:132][988]LogModuleManager: Shutting down and abandoning module ImgMedia (368)
[2019.01.16-21.46.04:135][988]LogModuleManager: Shutting down and abandoning module HTML5Networking (366)
[2019.01.16-21.46.04:135][988]LogModuleManager: Shutting down and abandoning module GeometryCacheTracks (364)
[2019.01.16-21.46.04:135][988]LogModuleManager: Shutting down and abandoning module GeometryCacheSequencer (362)
[2019.01.16-21.46.04:135][988]LogModuleManager: Shutting down and abandoning module BackChannel (360)
[2019.01.16-21.46.04:135][988]LogModuleManager: Shutting down and abandoning module AppleVision (358)
[2019.01.16-21.46.04:135][988]LogModuleManager: Shutting down and abandoning module AppleImageUtilsBlueprintSupport (356)
[2019.01.16-21.46.04:135][988]LogModuleManager: Shutting down and abandoning module AppleImageUtils (354)
[2019.01.16-21.46.04:135][988]LogModuleManager: Shutting down and abandoning module AlembicImporter (352)
[2019.01.16-21.46.04:135][988]LogModuleManager: Shutting down and abandoning module AlembicLibrary (351)
[2019.01.16-21.46.04:135][988]LogModuleManager: Shutting down and abandoning module GeometryCache (350)
[2019.01.16-21.46.04:135][988]LogModuleManager: Shutting down and abandoning module GeometryCacheEd (349)
[2019.01.16-21.46.04:135][988]LogModuleManager: Shutting down and abandoning module VariantManagerContent (344)
[2019.01.16-21.46.04:135][988]LogModuleManager: Shutting down and abandoning module DatasmithContentEditor (342)
[2019.01.16-21.46.04:135][988]LogModuleManager: Shutting down and abandoning module SpeedTreeImporter (340)
[2019.01.16-21.46.04:135][988]LogModuleManager: Shutting down and abandoning module PluginBrowser (338)
[2019.01.16-21.46.04:135][988]LogModuleManager: Shutting down and abandoning module MobileLauncherProfileWizard (336)
[2019.01.16-21.46.04:136][988]LogModuleManager: Shutting down and abandoning module PolygonModeling (334)
[2019.01.16-21.46.04:136][988]LogModuleManager: Shutting down and abandoning module MeshEditor (332)
[2019.01.16-21.46.04:136][988]LogModuleManager: Shutting down and abandoning module CryptoKeysOpenSSL (330)
[2019.01.16-21.46.04:136][988]LogModuleManager: Shutting down and abandoning module CryptoKeys (328)
[2019.01.16-21.46.04:136][988]LogModuleManager: Shutting down and abandoning module VisualStudioSourceCodeAccess (326)
[2019.01.16-21.46.04:136][988]LogModuleManager: Shutting down and abandoning module VisualStudioCodeSourceCodeAccess (324)
[2019.01.16-21.46.04:136][988]LogModuleManager: Shutting down and abandoning module UObjectPlugin (322)
[2019.01.16-21.46.04:136][988]LogModuleManager: Shutting down and abandoning module SubversionSourceControl (320)
[2019.01.16-21.46.04:136][988]LogModuleManager: Shutting down and abandoning module PerforceSourceControl (318)
[2019.01.16-21.46.04:136][988]LogModuleManager: Shutting down and abandoning module GitSourceControl (316)
[2019.01.16-21.46.04:136][988]LogModuleManager: Shutting down and abandoning module SourceControl (315)
[2019.01.16-21.46.04:136][988]LogModuleManager: Shutting down and abandoning module CLionSourceCodeAccess (312)
[2019.01.16-21.46.04:136][988]LogModuleManager: Shutting down and abandoning module ActorLayerUtilitiesEditor (310)
[2019.01.16-21.46.04:136][988]LogModuleManager: Shutting down and abandoning module ActorLayerUtilities (308)
[2019.01.16-21.46.04:136][988]LogModuleManager: Shutting down and abandoning module LightPropagationVolumeEditor (306)
[2019.01.16-21.46.04:136][988]LogModuleManager: Shutting down and abandoning module PaperTiledImporter (304)
[2019.01.16-21.46.04:136][988]LogModuleManager: Shutting down and abandoning module PaperSpriteSheetImporter (302)
[2019.01.16-21.46.04:136][988]LogModuleManager: Shutting down and abandoning module Paper2DEditor (300)
[2019.01.16-21.46.04:136][988]LogModuleManager: Shutting down and abandoning module MeshPaint (299)
[2019.01.16-21.46.04:136][988]LogModuleManager: Shutting down and abandoning module RuntimePhysXCooking (296)
[2019.01.16-21.46.04:136][988]LogModuleManager: Shutting down and abandoning module PhysXVehiclesEditor (294)
[2019.01.16-21.46.04:136][988]LogModuleManager: Shutting down and abandoning module PhysXVehicles (292)
[2019.01.16-21.46.04:136][988]LogModuleManager: Shutting down and abandoning module OculusEditor (290)
[2019.01.16-21.46.04:137][988]LogModuleManager: Shutting down and abandoning module LocationServicesBPLibrary (288)
[2019.01.16-21.46.04:137][988]LogModuleManager: Shutting down and abandoning module ActorSequence (286)
[2019.01.16-21.46.04:137][988]LogModuleManager: Shutting down and abandoning module UdpMessaging (284)
[2019.01.16-21.46.04:237][988]LogModuleManager: Shutting down and abandoning module TcpMessaging (282)
[2019.01.16-21.46.04:338][988]LogModuleManager: Shutting down and abandoning module MagicLeapAudio (280)
[2019.01.16-21.46.04:338][988]LogModuleManager: Shutting down and abandoning module GameplayTagsEditor (278)
[2019.01.16-21.46.04:338][988]LogModuleManager: Shutting down and abandoning module FacialAnimationEditor (276)
[2019.01.16-21.46.04:338][988]LogModuleManager: Shutting down and abandoning module FacialAnimation (274)
[2019.01.16-21.46.04:338][988]LogModuleManager: Shutting down and abandoning module DataValidation (272)
[2019.01.16-21.46.04:338][988]LogModuleManager: Shutting down and abandoning module AssetManagerEditor (270)
[2019.01.16-21.46.04:339][988]LogModuleManager: Shutting down and abandoning module LevelEditor (269)
[2019.01.16-21.46.04:340][988]LogModuleManager: Shutting down and abandoning module PixelInspectorModule (268)
[2019.01.16-21.46.04:340][988]LogModuleManager: Shutting down and abandoning module CommonMenuExtensions (266)
[2019.01.16-21.46.04:340][988]LogModuleManager: Shutting down and abandoning module MainFrame (264)
[2019.01.16-21.46.04:340][988]LogModuleManager: Shutting down and abandoning module HotReload (263)
[2019.01.16-21.46.04:340][988]LogModuleManager: Shutting down and abandoning module ContentBrowser (259)
[2019.01.16-21.46.04:341][988]LogModuleManager: Shutting down and abandoning module TreeMap (257)
[2019.01.16-21.46.04:341][988]LogModuleManager: Shutting down and abandoning module LightPropagationVolumeRuntime (254)
[2019.01.16-21.46.04:341][988]LogModuleManager: Shutting down and abandoning module AISupportModule (252)
[2019.01.16-21.46.04:341][988]LogModuleManager: Shutting down and abandoning module Paper2D (250)
[2019.01.16-21.46.04:341][988]LogModuleManager: Shutting down and abandoning module WindowsMoviePlayer (248)
[2019.01.16-21.46.04:341][988]LogModuleManager: Shutting down and abandoning module WebMMoviePlayer (246)
[2019.01.16-21.46.04:341][988]LogModuleManager: Shutting down and abandoning module WmfMedia (244)
[2019.01.16-21.46.04:343][988]LogModuleManager: Shutting down and abandoning module Media (243)
[2019.01.16-21.46.04:349][988]LogModuleManager: Shutting down and abandoning module PacketHandler (240)
[2019.01.16-21.46.04:349][988]LogModuleManager: Shutting down and abandoning module ClothingSystemEditor (238)
[2019.01.16-21.46.04:349][988]LogModuleManager: Shutting down and abandoning module ClothingSystemRuntime (236)
[2019.01.16-21.46.04:350][988]LogModuleManager: Shutting down and abandoning module MediaAssets (234)
[2019.01.16-21.46.04:350][988]LogModuleManager: Shutting down and abandoning module Overlay (232)
[2019.01.16-21.46.04:350][988]LogModuleManager: Shutting down and abandoning module OverlayEditor (231)
[2019.01.16-21.46.04:350][988]LogModuleManager: Shutting down and abandoning module VREditor (228)
[2019.01.16-21.46.04:350][988]LogModuleManager: Shutting down and abandoning module StringTableEditor (226)
[2019.01.16-21.46.04:350][988]LogModuleManager: Shutting down and abandoning module GameplayTasksEditor (224)
[2019.01.16-21.46.04:350][988]LogModuleManager: Shutting down and abandoning module BehaviorTreeEditor (222)
[2019.01.16-21.46.04:350][988]LogModuleManager: Shutting down and abandoning module FunctionalTesting (220)
[2019.01.16-21.46.04:350][988]LogModuleManager: Shutting down and abandoning module CollisionAnalyzer (218)
[2019.01.16-21.46.04:350][988]LogModuleManager: Shutting down and abandoning module WorkspaceMenuStructure (217)
[2019.01.16-21.46.04:350][988]LogModuleManager: Shutting down and abandoning module UMG (214)
[2019.01.16-21.46.04:350][988]LogModuleManager: Shutting down and abandoning module UMGEditor (213)
[2019.01.16-21.46.04:351][988]LogModuleManager: Shutting down and abandoning module Sequencer (212)
[2019.01.16-21.46.04:351][988]LogModuleManager: Shutting down and abandoning module MessageLog (209)
[2019.01.16-21.46.04:351][988]LogModuleManager: Shutting down and abandoning module SlateReflector (204)
[2019.01.16-21.46.04:351][988]LogModuleManager: Shutting down and abandoning module Slate (202)
[2019.01.16-21.46.04:351][988]LogModuleManager: Shutting down and abandoning module EditorStyle (200)
[2019.01.16-21.46.04:352][988]LogModuleManager: Shutting down and abandoning module MRMesh (198)
[2019.01.16-21.46.04:353][988]LogModuleManager: Shutting down and abandoning module SourceCodeAccess (196)
[2019.01.16-21.46.04:353][988]LogModuleManager: Shutting down and abandoning module HeadMountedDisplay (194)
[2019.01.16-21.46.04:353][988]LogModuleManager: Shutting down and abandoning module XAudio2 (192)
[2019.01.16-21.46.04:353][988]LogModuleManager: Shutting down and abandoning module Networking (190)
[2019.01.16-21.46.04:353][988]LogModuleManager: Shutting down and abandoning module Core (188)
[2019.01.16-21.46.04:353][988]LogModuleManager: Shutting down and abandoning module LevelSequence (186)
[2019.01.16-21.46.04:353][988]LogModuleManager: Shutting down and abandoning module KismetCompiler (184)
[2019.01.16-21.46.04:353][988]LogModuleManager: Shutting down and abandoning module MeshUtilities (182)
[2019.01.16-21.46.04:353][988]LogModuleManager: Shutting down and abandoning module MeshMergeUtilities (181)
[2019.01.16-21.46.04:353][988]LogModuleManager: Shutting down and abandoning module MeshReductionInterface (180)
[2019.01.16-21.46.04:353][988]LogModuleManager: Shutting down and abandoning module SimplygonSwarm (179)
[2019.01.16-21.46.04:353][988]LogModuleManager: Shutting down and abandoning module ProxyLODMeshReduction (177)
[2019.01.16-21.46.04:353][988]LogModuleManager: Shutting down and abandoning module SimplygonMeshReduction (175)
[2019.01.16-21.46.04:353][988]LogModuleManager: Shutting down and abandoning module QuadricMeshReduction (173)
[2019.01.16-21.46.04:353][988]LogModuleManager: Shutting down and abandoning module MaterialBaking (169)
[2019.01.16-21.46.04:353][988]LogModuleManager: Shutting down and abandoning module DirectoryWatcher (165)
[2019.01.16-21.46.04:353][988]LogModuleManager: Shutting down and abandoning module DerivedDataCache (162)
[2019.01.16-21.46.04:429][988]LogDerivedDataCache: Shutdown
[2019.01.16-21.46.04:429][988]LogModuleManager: Shutting down and abandoning module XGEController (160)
[2019.01.16-21.46.04:429][988]LogXGEController: Cleaning working directory: C:/Users/maxsa/AppData/Local/Temp/UnrealXGEWorkingDir/
[2019.01.16-21.46.04:429][988]LogModuleManager: Shutting down and abandoning module TargetPlatform (158)
[2019.01.16-21.46.04:429][988]LogModuleManager: Shutting down and abandoning module VulkanShaderFormat (157)
[2019.01.16-21.46.04:430][988]LogModuleManager: Shutting down and abandoning module ShaderFormatVectorVM (155)
[2019.01.16-21.46.04:430][988]LogModuleManager: Shutting down and abandoning module ShaderFormatOpenGL (153)
[2019.01.16-21.46.04:430][988]LogModuleManager: Shutting down and abandoning module ShaderFormatD3D (151)
[2019.01.16-21.46.04:430][988]LogModuleManager: Shutting down and abandoning module MetalShaderFormat (149)
[2019.01.16-21.46.04:430][988]LogModuleManager: Shutting down and abandoning module TextureFormatUncompressed (147)
[2019.01.16-21.46.04:430][988]LogModuleManager: Shutting down and abandoning module TextureFormatPVR (145)
[2019.01.16-21.46.04:430][988]LogModuleManager: Shutting down and abandoning module TextureFormatDXT (143)
[2019.01.16-21.46.04:430][988]LogModuleManager: Shutting down and abandoning module TextureFormatIntelISPCTexComp (141)
[2019.01.16-21.46.04:430][988]LogModuleManager: Shutting down and abandoning module TextureFormatASTC (139)
[2019.01.16-21.46.04:430][988]LogModuleManager: Shutting down and abandoning module ImageWrapper (138)
[2019.01.16-21.46.04:430][988]LogModuleManager: Shutting down and abandoning module TextureFormatAndroid (135)
[2019.01.16-21.46.04:430][988]LogModuleManager: Shutting down and abandoning module AudioFormatOpus (133)
[2019.01.16-21.46.04:430][988]LogModuleManager: Shutting down and abandoning module AudioFormatOgg (131)
[2019.01.16-21.46.04:430][988]LogModuleManager: Shutting down and abandoning module AudioFormatADPCM (129)
[2019.01.16-21.46.04:430][988]LogModuleManager: Shutting down and abandoning module LuminTargetPlatform (127)
[2019.01.16-21.46.04:431][988]LogModuleManager: Shutting down and abandoning module LinuxTargetPlatform (125)
[2019.01.16-21.46.04:431][988]LogModuleManager: Shutting down and abandoning module LinuxServerTargetPlatform (123)
[2019.01.16-21.46.04:431][988]LogModuleManager: Shutting down and abandoning module LinuxNoEditorTargetPlatform (121)
[2019.01.16-21.46.04:431][988]LogModuleManager: Shutting down and abandoning module LinuxClientTargetPlatform (119)
[2019.01.16-21.46.04:431][988]LogModuleManager: Shutting down and abandoning module TVOSTargetPlatform (117)
[2019.01.16-21.46.04:432][988]LogModuleManager: Shutting down and abandoning module Messaging (115)
[2019.01.16-21.46.04:432][988]LogModuleManager: Shutting down and abandoning module IOSTargetPlatform (113)
[2019.01.16-21.46.04:432][988]LogModuleManager: Shutting down and abandoning module HTML5TargetPlatform (111)
[2019.01.16-21.46.04:432][988]LogModuleManager: Shutting down and abandoning module AndroidTargetPlatform (109)
[2019.01.16-21.46.04:438][988]LogModuleManager: Shutting down and abandoning module WindowsTargetPlatform (107)
[2019.01.16-21.46.04:438][988]LogModuleManager: Shutting down and abandoning module WindowsServerTargetPlatform (105)
[2019.01.16-21.46.04:438][988]LogModuleManager: Shutting down and abandoning module WindowsNoEditorTargetPlatform (103)
[2019.01.16-21.46.04:438][988]LogModuleManager: Shutting down and abandoning module WindowsClientTargetPlatform (101)
[2019.01.16-21.46.04:438][988]LogModuleManager: Shutting down and abandoning module MacTargetPlatform (99)
[2019.01.16-21.46.04:438][988]LogModuleManager: Shutting down and abandoning module MacServerTargetPlatform (97)
[2019.01.16-21.46.04:438][988]LogModuleManager: Shutting down and abandoning module MacNoEditorTargetPlatform (95)
[2019.01.16-21.46.04:438][988]LogModuleManager: Shutting down and abandoning module MacClientTargetPlatform (93)
[2019.01.16-21.46.04:438][988]LogModuleManager: Shutting down and abandoning module AllDesktopTargetPlatform (91)
[2019.01.16-21.46.04:438][988]LogModuleManager: Shutting down and abandoning module InputCore (88)
[2019.01.16-21.46.04:438][988]LogModuleManager: Shutting down and abandoning module Settings (86)
[2019.01.16-21.46.04:438][988]LogModuleManager: Shutting down and abandoning module PhysXCooking (84)
[2019.01.16-21.46.04:438][988]LogModuleManager: Shutting down and abandoning module SteamVR (82)
[2019.01.16-21.46.04:438][988]LogHMD: Freeing OpenVRDLLHandle.
[2019.01.16-21.46.04:438][988]LogModuleManager: Shutting down and abandoning module OculusHMD (80)
[2019.01.16-21.46.04:438][988]LogModuleManager: Shutting down and abandoning module ExampleDeviceProfileSelector (78)
[2019.01.16-21.46.04:438][988]LogModuleManager: Shutting down and abandoning module LauncherChunkInstaller (76)
[2019.01.16-21.46.04:438][988]LogModuleManager: Shutting down and abandoning module OnlineBlueprintSupport (74)
[2019.01.16-21.46.04:438][988]LogModuleManager: Shutting down and abandoning module OnlineSubsystem (70)
[2019.01.16-21.46.04:439][988]LogModuleManager: Shutting down and abandoning module XMPP (63)
[2019.01.16-21.46.04:440][988]LogModuleManager: Shutting down and abandoning module WebSockets (62)
[2019.01.16-21.46.04:467][988]LogModuleManager: Shutting down and abandoning module HTTP (59)
[2019.01.16-21.46.04:467][988]LogHttp: Display: Http module shutting down, but needs to wait on 1 outstanding Http requests:
[2019.01.16-21.46.04:467][988]LogHttp: Display: 	verb=[POST] url=[https://datarouter.ol.epicgames.com/datarouter/api/v1/public/data?SessionID=%7B6D5C518D-403B-23C8-E3C4-E595B9F092B5%7D&AppID=UEEditor.Rocket.Release&AppVersion=4.21.1-4613538%2B%2B%2BUE4%2BRelease-4.21&UserID=9b2d74f540de947067f12f85f0e10fc3%7C121cf0c067fc45bf8a47a34e1f08bd7e%7C6529c761-14eb-4014-bd30-d410aae9a07c&AppEnvironment=datacollector-binary&UploadType=eteventstream] status=Processing
[2019.01.16-21.46.04:470][988]LogModuleManager: Shutting down and abandoning module SSL (58)
[2019.01.16-21.46.04:471][988]LogModuleManager: Shutting down and abandoning module MagicLeapIdentity (54)
[2019.01.16-21.46.04:471][988]LogModuleManager: Shutting down and abandoning module MagicLeapHelperVulkan (52)
[2019.01.16-21.46.04:471][988]LogModuleManager: Shutting down and abandoning module MagicLeapHelperOpenGL (50)
[2019.01.16-21.46.04:471][988]LogModuleManager: Shutting down and abandoning module MagicLeapSecureStorage (48)
[2019.01.16-21.46.04:471][988]LogModuleManager: Shutting down and abandoning module MagicLeapHandTracking (46)
[2019.01.16-21.46.04:471][988]LogModuleManager: Shutting down and abandoning module MagicLeapEyeTracker (44)
[2019.01.16-21.46.04:471][988]LogModuleManager: Shutting down and abandoning module MagicLeapController (42)
[2019.01.16-21.46.04:471][988]LogSlate: Slate User Destroyed.  User Index 0, Is Virtual User: 0
[2019.01.16-21.46.04:471][988]LogModuleManager: Shutting down and abandoning module MagicLeap (40)
[2019.01.16-21.46.04:471][988]LogModuleManager: Shutting down and abandoning module DatasmithContent (38)
[2019.01.16-21.46.04:472][988]LogModuleManager: Shutting down and abandoning module AnimationModifiers (36)
[2019.01.16-21.46.04:472][988]LogModuleManager: Shutting down and abandoning module PropertyEditor (35)
[2019.01.16-21.46.04:472][988]LogModuleManager: Shutting down and abandoning module AudioEditor (32)
[2019.01.16-21.46.04:472][988]LogModuleManager: Shutting down and abandoning module TextureCompressor (30)
[2019.01.16-21.46.04:472][988]LogModuleManager: Shutting down and abandoning module ShaderCore (28)
[2019.01.16-21.46.04:472][988]LogModuleManager: Shutting down and abandoning module Landscape (26)
[2019.01.16-21.46.04:472][988]LogModuleManager: Shutting down and abandoning module SlateRHIRenderer (24)
[2019.01.16-21.46.04:473][988]LogModuleManager: Shutting down and abandoning module OpenGLDrv (22)
[2019.01.16-21.46.04:473][988]LogModuleManager: Shutting down and abandoning module D3D11RHI (20)
[2019.01.16-21.46.04:473][988]LogModuleManager: Shutting down and abandoning module AnimGraphRuntime (18)
[2019.01.16-21.46.04:473][988]LogModuleManager: Shutting down and abandoning module Renderer (16)
[2019.01.16-21.46.04:473][988]LogModuleManager: Shutting down and abandoning module Engine (14)
[2019.01.16-21.46.04:473][988]LogModuleManager: Shutting down and abandoning module CoreUObject (12)
[2019.01.16-21.46.04:473][988]LogModuleManager: Shutting down and abandoning module NetworkFile (10)
[2019.01.16-21.46.04:473][988]LogModuleManager: Shutting down and abandoning module CookedIterativeFile (8)
[2019.01.16-21.46.04:473][988]LogModuleManager: Shutting down and abandoning module StreamingFile (6)
[2019.01.16-21.46.04:473][988]LogModuleManager: Shutting down and abandoning module SandboxFile (4)
[2019.01.16-21.46.04:473][988]LogModuleManager: Shutting down and abandoning module PakFile (2)
[2019.01.16-21.46.04:487][988]LogExit: Exiting.
[2019.01.16-21.46.04:489][988]Log file closed, 01/16/19 16:46:04
