Log file open, 12/04/18 14:20:27
LogWindows: Failed to load 'aqProf.dll' (GetLastError=126)
LogWindows: File 'aqProf.dll' does not exist
LogWindows: Failed to load 'VSPerf140.dll' (GetLastError=126)
LogWindows: File 'VSPerf140.dll' does not exist
LogWindows: Failed to load 'VtuneApi.dll' (GetLastError=126)
LogWindows: File 'VtuneApi.dll' does not exist
LogWindows: Failed to load 'VtuneApi32e.dll' (GetLastError=126)
LogWindows: File 'VtuneApi32e.dll' does not exist
LogInit: Display: Running engine for game: SteamProject
LogPlatformFile: Not using cached read wrapper
LogTaskGraph: Started task graph with 5 named threads and 14 total threads with 3 sets of task threads.
LogStats: Stats thread started at 1.279894
LogD3D11RHI: Loaded GFSDK_Aftermath_Lib.x64.dll
LogICUInternationalization: Display: ICU TimeZone Detection - Raw Offset: -5:00, Platform Override: ''
LogPluginManager: Mounting plugin Paper2D
LogPluginManager: Mounting plugin AISupport
LogPluginManager: Mounting plugin LightPropagationVolume
LogPluginManager: Mounting plugin CLionSourceCodeAccess
LogPluginManager: Mounting plugin CodeLiteSourceCodeAccess
LogPluginManager: Mounting plugin GitSourceControl
LogPluginManager: Mounting plugin KDevelopSourceCodeAccess
LogPluginManager: Mounting plugin NullSourceCodeAccess
LogPluginManager: Mounting plugin PerforceSourceControl
LogPluginManager: Mounting plugin SubversionSourceControl
LogPluginManager: Mounting plugin UObjectPlugin
LogPluginManager: Mounting plugin VisualStudioCodeSourceCodeAccess
LogPluginManager: Mounting plugin VisualStudioSourceCodeAccess
LogPluginManager: Mounting plugin XCodeSourceCodeAccess
LogPluginManager: Mounting plugin AssetManagerEditor
LogPluginManager: Mounting plugin CryptoKeys
LogPluginManager: Mounting plugin DataValidation
LogPluginManager: Mounting plugin FacialAnimation
LogPluginManager: Mounting plugin GameplayTagsEditor
LogPluginManager: Mounting plugin MacGraphicsSwitching
LogPluginManager: Mounting plugin MeshEditor
LogPluginManager: Mounting plugin MobileLauncherProfileWizard
LogPluginManager: Mounting plugin PluginBrowser
LogPluginManager: Mounting plugin SpeedTreeImporter
LogPluginManager: Mounting plugin DatasmithContent
LogPluginManager: Mounting plugin AlembicImporter
LogPluginManager: Mounting plugin AppleImageUtils
LogPluginManager: Mounting plugin AppleVision
LogPluginManager: Mounting plugin BackChannel
LogPluginManager: Mounting plugin CharacterAI
LogPluginManager: Mounting plugin GeometryCache
LogPluginManager: Mounting plugin HTML5Networking
LogPluginManager: Mounting plugin ProxyLODPlugin
LogPluginManager: Mounting plugin MagicLeap
LogPluginManager: Mounting plugin MagicLeapEmulator
LogPluginManager: Mounting plugin MagicLeapMedia
LogPluginManager: Mounting plugin AndroidMedia
LogPluginManager: Mounting plugin AvfMedia
LogPluginManager: Mounting plugin ImgMedia
LogPluginManager: Mounting plugin LinearTimecode
LogPluginManager: Mounting plugin MediaCompositing
LogPluginManager: Mounting plugin MediaPlayerEditor
LogPluginManager: Mounting plugin WmfMedia
LogPluginManager: Mounting plugin TcpMessaging
LogPluginManager: Mounting plugin UdpMessaging
LogPluginManager: Mounting plugin ActorSequence
LogPluginManager: Mounting plugin LevelSequenceEditor
LogPluginManager: Mounting plugin MatineeToLevelSequence
LogPluginManager: Mounting plugin NetcodeUnitTest
LogPluginManager: Mounting plugin NUTUnrealEngine4
LogPluginManager: Mounting plugin OnlineSubsystemGooglePlay
LogPluginManager: Mounting plugin OnlineSubsystemIOS
LogPluginManager: Mounting plugin OnlineSubsystem
LogPluginManager: Mounting plugin OnlineSubsystemNull
LogPluginManager: Mounting plugin OnlineSubsystemSteam
LogPluginManager: Mounting plugin OnlineSubsystemUtils
LogPluginManager: Mounting plugin LauncherChunkInstaller
LogPluginManager: Mounting plugin AndroidDeviceProfileSelector
LogPluginManager: Mounting plugin AndroidMoviePlayer
LogPluginManager: Mounting plugin AndroidPermission
LogPluginManager: Mounting plugin AppleMoviePlayer
LogPluginManager: Mounting plugin ArchVisCharacter
LogPluginManager: Mounting plugin AudioCapture
LogPluginManager: Mounting plugin CableComponent
LogPluginManager: Mounting plugin CustomMeshComponent
LogPluginManager: Mounting plugin EditableMesh
LogPluginManager: Mounting plugin ExampleDeviceProfileSelector
LogPluginManager: Mounting plugin GoogleCloudMessaging
LogPluginManager: Mounting plugin ImmediatePhysics
LogPluginManager: Mounting plugin IOSDeviceProfileSelector
LogPluginManager: Mounting plugin LinuxDeviceProfileSelector
LogPluginManager: Mounting plugin LocationServicesBPLibrary
LogPluginManager: Mounting plugin MobilePatchingUtils
LogPluginManager: Mounting plugin OculusVR
LogPluginManager: Plugin shader directory ../../../Engine/Plugins/Runtime/Oculus/OculusVR/Shaders found
LogPluginManager: Mapping shader source directory ../../../Engine/Plugins/Runtime/Oculus/OculusVR/Shaders to virtual directory /Plugin/OculusVR
LogPluginManager: Mounting plugin PhysXVehicles
LogPluginManager: Mounting plugin ProceduralMeshComponent
LogPluginManager: Mounting plugin RuntimePhysXCooking
LogPluginManager: Mounting plugin SteamVR
LogPluginManager: Mounting plugin WindowsMoviePlayer
LogStreaming: Display: Took  0.172s to configure plugins.
LogInit: Using libcurl 7.55.1-DEV
LogInit:  - built for x86_64-pc-win32
LogInit:  - supports SSL with OpenSSL/1.0.2h
LogInit:  - supports HTTP deflate (compression) using libz 1.2.8
LogInit:  - other features:
LogInit:      CURL_VERSION_SSL
LogInit:      CURL_VERSION_LIBZ
LogInit:      CURL_VERSION_IPV6
LogInit:      CURL_VERSION_ASYNCHDNS
LogInit:      CURL_VERSION_LARGEFILE
LogInit:      CURL_VERSION_IDN
LogInit:  CurlRequestOptions (configurable via config and command line):
LogInit:  - bVerifyPeer = false  - Libcurl will NOT verify peer certificate
LogInit:  - bUseHttpProxy = false  - Libcurl will NOT use HTTP proxy
LogInit:  - bDontReuseConnections = false  - Libcurl will reuse connections
LogInit:  - CertBundlePath = nullptr  - Libcurl will use whatever was configured at build time.
LogInit:  - MaxHostConnections = 16  - Libcurl will limit the number of connections to a host
LogInit:  - LocalHostAddr = Default
LogInit:  - BufferSize = 65536
LogOnline: Display: STEAM: Loading Steam SDK 1.39
LogOnline: Warning: STEAM: Steam API disabled!
LogOnline: Display: STEAM: OnlineSubsystemSteam::Shutdown()
LogInit: WinSock: version 1.1 (2.2), MaxSocks=32767, MaxUdp=65467
LogInit: Build: ++UE4+Release-4.20-CL-4369336
LogInit: Engine Version: 4.20.3-4369336+++UE4+Release-4.20
LogInit: Compatible Engine Version: 4.20.0-4212847+++UE4+Release-4.20
LogInit: Net CL: 4212847
LogInit: OS: Windows 10 (), CPU:        Intel(R) Core(TM) i5-3570K CPU @ 3.40GHz, GPU: NVIDIA GeForce GTX 1070
LogInit: Compiled (64-bit): Sep 17 2018 12:26:19
LogInit: Compiled with Visual C++: 19.13.26129.00
LogInit: Build Configuration: Development
LogInit: Branch Name: ++UE4+Release-4.20
LogInit: Command Line:  
LogInit: Base Directory: E:/UE_4.20/Engine/Binaries/Win64/
LogInit: Installed Engine Build: 1
LogDevObjectVersion: Number of dev versions registered: 20
LogDevObjectVersion:   Dev-Blueprints (B0D832E4-1F89-4F0D-ACCF-7EB736FD4AA2): 10
LogDevObjectVersion:   Dev-Build (E1C64328-A22C-4D53-A36C-8E866417BD8C): 0
LogDevObjectVersion:   Dev-Core (375EC13C-06E4-48FB-B500-84F0262A717E): 2
LogDevObjectVersion:   Dev-Editor (E4B068ED-F494-42E9-A231-DA0B2E46BB41): 24
LogDevObjectVersion:   Dev-Framework (CFFC743F-43B0-4480-9391-14DF171D2073): 34
LogDevObjectVersion:   Dev-Mobile (B02B49B5-BB20-44E9-A304-32B752E40360): 2
LogDevObjectVersion:   Dev-Networking (A4E4105C-59A1-49B5-A7C5-40C4547EDFEE): 0
LogDevObjectVersion:   Dev-Online (39C831C9-5AE6-47DC-9A44-9C173E1C8E7C): 0
LogDevObjectVersion:   Dev-Physics (78F01B33-EBEA-4F98-B9B4-84EACCB95AA2): 0
LogDevObjectVersion:   Dev-Platform (6631380F-2D4D-43E0-8009-CF276956A95A): 0
LogDevObjectVersion:   Dev-Rendering (12F88B9F-8875-4AFC-A67C-D90C383ABD29): 26
LogDevObjectVersion:   Dev-Sequencer (7B5AE74C-D270-4C10-A958-57980B212A5A): 9
LogDevObjectVersion:   Dev-VR (D7296918-1DD6-4BDD-9DE2-64A83CC13884): 2
LogDevObjectVersion:   Dev-LoadTimes (C2A15278-BFE7-4AFE-6C17-90FF531DF755): 1
LogDevObjectVersion:   Private-Geometry (6EACA3D4-40EC-4CC1-B786-8BED09428FC5): 3
LogDevObjectVersion:   Dev-AnimPhys (29E575DD-E0A3-4627-9D10-D276232CDCEA): 17
LogDevObjectVersion:   Dev-ReflectionCapture (6B266CEC-1EC7-4B8F-A30B-E4D90942FC07): 1
LogDevObjectVersion:   Dev-Automation (0DF73D61-A23F-47EA-B727-89E90C41499A): 1
LogDevObjectVersion:   FortniteMain (601D1886-AC64-4F84-AA16-D3DE0DEAC7D6): 12
LogDevObjectVersion:   Dev-Enterprise (9DFFBCD6-494F-0158-E221-12823C92A888): 1
LogStreaming: Display: Took  0.003s to delete old logs.
LogInit: Presizing for max 8388607 objects, including 0 objects not considered by GC, pre-allocating 0 bytes for permanent pool.
LogInit: Object subsystem initialized
[2018.12.04-19.20.31:337][  0]LogInit: Selected Device Profile: [Windows]
[2018.12.04-19.20.31:337][  0]LogInit: Applying CVar settings loaded from the selected device profile: [Windows]
[2018.12.04-19.20.31:380][  0]LogHAL: Display: Platform has ~ 16 GB [16855703552 / 17179869184 / 16], which maps to Larger [LargestMinGB=32, LargerMinGB=12, DefaultMinGB=8, SmallerMinGB=6, SmallestMinGB=0)
[2018.12.04-19.20.31:380][  0]LogInit: Setting Device Profile CVar: [[r.Vulkan.UseRealUBs:1]]
[2018.12.04-19.20.31:380][  0]LogInit: Going up to parent DeviceProfile []
[2018.12.04-19.20.31:415][  0]LogInit: Computer: MAX-PC
[2018.12.04-19.20.31:415][  0]LogInit: User: maxsa
[2018.12.04-19.20.31:415][  0]LogInit: CPU Page size=4096, Cores=4
[2018.12.04-19.20.31:415][  0]LogInit: High frequency timer resolution =3.420551 MHz
[2018.12.04-19.20.31:415][  0]LogMemory: Memory total: Physical=15.7GB (16GB approx)
[2018.12.04-19.20.31:415][  0]LogMemory: Platform Memory Stats for Windows
[2018.12.04-19.20.31:415][  0]LogMemory: Process Physical Memory: 101.75 MB used, 101.75 MB peak
[2018.12.04-19.20.31:415][  0]LogMemory: Process Virtual Memory: 94.75 MB used, 94.75 MB peak
[2018.12.04-19.20.31:415][  0]LogMemory: Physical Memory: 7273.49 MB used,  8801.36 MB free, 16074.85 MB total
[2018.12.04-19.20.31:415][  0]LogMemory: Virtual Memory: 4631.98 MB used,  8801.36 MB free, 134217728.00 MB total
[2018.12.04-19.20.33:459][  0]LogInit: Using OS detected language (en-US).
[2018.12.04-19.20.33:459][  0]LogInit: Using OS detected locale (en-CA).
[2018.12.04-19.20.33:505][  0]LogTextLocalizationManager: No specific localization for 'en-US' exists, so the 'en' localization will be used.
[2018.12.04-19.20.34:559][  0]LogStreaming: Display: Took  1.100s to InitEngineTextLocalization.
[2018.12.04-19.20.34:559][  0]LogInit: Setting process to per monitor DPI aware
[2018.12.04-19.20.34:925][  0]LogSlate: New Slate User Created.  User Index 0, Is Virtual User: 0
[2018.12.04-19.20.34:925][  0]LogSlate: Slate User Registered.  User Index 0, Is Virtual User: 0
[2018.12.04-19.20.38:373][  0]LogHMD: Failed to initialize OpenVR with code 105
[2018.12.04-19.20.38:373][  0]LogD3D11RHI: D3D11 adapters:
[2018.12.04-19.20.38:461][  0]LogD3D11RHI:    0. 'NVIDIA GeForce GTX 1070' (Feature Level 11_0)
[2018.12.04-19.20.38:461][  0]LogD3D11RHI:       8088/0/8037 MB DedicatedVideo/DedicatedSystem/SharedSystem, Outputs:2, VendorId:0x10de
[2018.12.04-19.20.38:464][  0]LogD3D11RHI:    1. 'Intel(R) HD Graphics 4000' (Feature Level 11_0)
[2018.12.04-19.20.38:464][  0]LogD3D11RHI:       224/0/1568 MB DedicatedVideo/DedicatedSystem/SharedSystem, Outputs:0, VendorId:0x8086
[2018.12.04-19.20.38:467][  0]LogD3D11RHI:    2. 'Microsoft Basic Render Driver' (Feature Level 11_0)
[2018.12.04-19.20.38:467][  0]LogD3D11RHI:       0/0/8037 MB DedicatedVideo/DedicatedSystem/SharedSystem, Outputs:0, VendorId:0x1414
[2018.12.04-19.20.38:467][  0]LogD3D11RHI: Chosen D3D11 Adapter: 0
[2018.12.04-19.20.38:473][  0]LogD3D11RHI: Creating new Direct3DDevice
[2018.12.04-19.20.38:473][  0]LogD3D11RHI:     GPU DeviceId: 0x1b81 (for the marketing name, search the web for "GPU Device Id")
[2018.12.04-19.20.38:473][  0]LogWindows: EnumDisplayDevices:
[2018.12.04-19.20.38:473][  0]LogWindows:    0. 'NVIDIA GeForce GTX 1070' (P:1 D:1)
[2018.12.04-19.20.38:473][  0]LogWindows:    1. 'NVIDIA GeForce GTX 1070' (P:0 D:1)
[2018.12.04-19.20.38:474][  0]LogWindows:    2. 'NVIDIA GeForce GTX 1070' (P:0 D:0)
[2018.12.04-19.20.38:474][  0]LogWindows:    3. 'NVIDIA GeForce GTX 1070' (P:0 D:0)
[2018.12.04-19.20.38:474][  0]LogWindows:    4. 'Intel(R) HD Graphics 4000' (P:0 D:0)
[2018.12.04-19.20.38:474][  0]LogWindows:    5. 'Intel(R) HD Graphics 4000' (P:0 D:0)
[2018.12.04-19.20.38:474][  0]LogWindows:    6. 'Intel(R) HD Graphics 4000' (P:0 D:0)
[2018.12.04-19.20.38:474][  0]LogWindows: DebugString: PrimaryIsNotTheChoosenAdapter PrimaryIsNotTheChoosenAdapter PrimaryIsNotTheChoosenAdapter FoundDriverCount:4 
[2018.12.04-19.20.38:474][  0]LogD3D11RHI:     Adapter Name: NVIDIA GeForce GTX 1070
[2018.12.04-19.20.38:474][  0]LogD3D11RHI:   Driver Version: 417.22 (internal:25.21.14.1722, unified:417.22)
[2018.12.04-19.20.38:474][  0]LogD3D11RHI:      Driver Date: 11-29-2018
[2018.12.04-19.20.38:474][  0]LogRHI: Texture pool is 5661 MB (70% of 8088 MB)
[2018.12.04-19.20.38:517][  0]LogD3D11RHI: Async texture creation enabled
[2018.12.04-19.20.38:551][  0]LogD3D11RHI: GPU Timing Frequency: 1000.000000 (Debug: 2 2)
[2018.12.04-19.20.38:596][  0]LogShaderCompilers: Guid format shader working directory is -5 characters bigger than the processId version (C:/Users/maxsa/Desktop/Unreal Projects/SteamProject/Intermediate/Shaders/WorkingDirectory/8392/).
[2018.12.04-19.20.38:596][  0]LogShaderCompilers: Cleaned the shader compiler working directory 'C:/Users/maxsa/AppData/Local/Temp/UnrealShaderWorkingDir/BF58A44E4C3135FD548A5FA473095A0B/'.
[2018.12.04-19.20.39:376][  0]LogTemp: Display: Loaded TP AllDesktopTargetPlatform
[2018.12.04-19.20.39:408][  0]LogTemp: Display: Loaded TP MacClientTargetPlatform
[2018.12.04-19.20.39:447][  0]LogTemp: Display: Loaded TP MacNoEditorTargetPlatform
[2018.12.04-19.20.39:485][  0]LogTemp: Display: Loaded TP MacServerTargetPlatform
[2018.12.04-19.20.39:553][  0]LogTemp: Display: Loaded TP MacTargetPlatform
[2018.12.04-19.20.39:595][  0]LogTemp: Display: Loaded TP WindowsClientTargetPlatform
[2018.12.04-19.20.39:633][  0]LogTemp: Display: Loaded TP WindowsNoEditorTargetPlatform
[2018.12.04-19.20.39:670][  0]LogTemp: Display: Loaded TP WindowsServerTargetPlatform
[2018.12.04-19.20.39:702][  0]LogTemp: Display: Loaded TP WindowsTargetPlatform
[2018.12.04-19.20.39:866][  0]LogTemp: Display: Loaded TP AndroidTargetPlatform
[2018.12.04-19.20.39:866][  0]LogTemp: Display: Loaded TP AndroidTargetPlatform
[2018.12.04-19.20.39:867][  0]LogTemp: Display: Loaded TP AndroidTargetPlatform
[2018.12.04-19.20.39:867][  0]LogTemp: Display: Loaded TP AndroidTargetPlatform
[2018.12.04-19.20.39:867][  0]LogTemp: Display: Loaded TP AndroidTargetPlatform
[2018.12.04-19.20.39:867][  0]LogTemp: Display: Loaded TP AndroidTargetPlatform
[2018.12.04-19.20.39:867][  0]LogTemp: Display: Loaded TP AndroidTargetPlatform
[2018.12.04-19.20.39:867][  0]LogTemp: Display: Loaded TP AndroidTargetPlatform
[2018.12.04-19.20.39:867][  0]LogTemp: Display: Loaded TP AndroidTargetPlatform
[2018.12.04-19.20.39:867][  0]LogTemp: Display: Loaded TP AndroidTargetPlatform
[2018.12.04-19.20.39:867][  0]LogTemp: Display: Loaded TP AndroidTargetPlatform
[2018.12.04-19.20.39:867][  0]LogTemp: Display: Loaded TP AndroidTargetPlatform
[2018.12.04-19.20.39:867][  0]LogTemp: Display: Loaded TP AndroidTargetPlatform
[2018.12.04-19.20.39:867][  0]LogTemp: Display: Loaded TP AndroidTargetPlatform
[2018.12.04-19.20.39:867][  0]LogTemp: Display: Loaded TP AndroidTargetPlatform
[2018.12.04-19.20.39:867][  0]LogTemp: Display: Loaded TP AndroidTargetPlatform
[2018.12.04-19.20.39:867][  0]LogTemp: Display: Loaded TP AndroidTargetPlatform
[2018.12.04-19.20.39:867][  0]LogTemp: Display: Loaded TP AndroidTargetPlatform
[2018.12.04-19.20.39:899][  0]LogTemp: Display: Loaded TP HTML5TargetPlatform
[2018.12.04-19.20.40:071][  0]LogTemp: Display: Loaded TP IOSTargetPlatform
[2018.12.04-19.20.40:071][  0]LogTemp: Display: Loaded TP IOSTargetPlatform
[2018.12.04-19.20.40:122][  0]LogTemp: Display: Loaded TP TVOSTargetPlatform
[2018.12.04-19.20.40:122][  0]LogTemp: Display: Loaded TP TVOSTargetPlatform
[2018.12.04-19.20.40:157][  0]LogTemp: Display: Loaded TP LinuxClientTargetPlatform
[2018.12.04-19.20.40:179][  0]LogTemp: Display: Loaded TP LinuxNoEditorTargetPlatform
[2018.12.04-19.20.40:217][  0]LogTemp: Display: Loaded TP LinuxServerTargetPlatform
[2018.12.04-19.20.40:307][  0]LogTemp: Display: Loaded TP LinuxTargetPlatform
[2018.12.04-19.20.40:355][  0]LogTemp: Display: Loaded TP LuminTargetPlatform
[2018.12.04-19.20.40:356][  0]LogTargetPlatformManager: Display: Building Assets For Windows
[2018.12.04-19.20.42:197][  0]LogXGEController: Cleaning working directory: C:/Users/maxsa/AppData/Local/Temp/UnrealXGEWorkingDir/
[2018.12.04-19.20.42:197][  0]LogXGEController: Cannot use XGE Controller as Incredibuild is not installed on this machine.
[2018.12.04-19.20.42:197][  0]LogShaderCompilers: Cannot use XGE Shader Compiler as Incredibuild is not installed on this machine.
[2018.12.04-19.20.42:197][  0]LogShaderCompilers: Display: Using Local Shader Compiler.
[2018.12.04-19.20.46:589][  0]LogDerivedDataCache: Display: Max Cache Size: 512 MB
[2018.12.04-19.20.46:881][  0]LogDerivedDataCache: Loaded boot cache 0.29s 71MB C:/Users/maxsa/AppData/Local/UnrealEngine/4.20/DerivedDataCache/Boot.ddc.
[2018.12.04-19.20.46:881][  0]LogDerivedDataCache: Display: Loaded Boot cache: C:/Users/maxsa/AppData/Local/UnrealEngine/4.20/DerivedDataCache/Boot.ddc
[2018.12.04-19.20.46:881][  0]LogDerivedDataCache: FDerivedDataBackendGraph:  Pak pak cache file C:/Users/maxsa/Desktop/Unreal Projects/SteamProject/DerivedDataCache/DDC.ddp not found, will not use a pak cache.
[2018.12.04-19.20.46:881][  0]LogDerivedDataCache: Unable to find inner node Pak for hierarchical cache Hierarchy.
[2018.12.04-19.20.46:881][  0]LogDerivedDataCache: FDerivedDataBackendGraph:  CompressedPak pak cache file C:/Users/maxsa/Desktop/Unreal Projects/SteamProject/DerivedDataCache/Compressed.ddp not found, will not use a pak cache.
[2018.12.04-19.20.46:881][  0]LogDerivedDataCache: Unable to find inner node CompressedPak for hierarchical cache Hierarchy.
[2018.12.04-19.20.46:958][  0]LogDerivedDataCache: Display: Pak cache opened for reading ../../../Engine/DerivedDataCache/Compressed.ddp.
[2018.12.04-19.20.46:971][  0]LogDerivedDataCache: Using Local data cache path C:/Users/maxsa/AppData/Local/UnrealEngine/Common/DerivedDataCache: Writable
[2018.12.04-19.20.46:971][  0]LogDerivedDataCache: Shared data cache path not found in *engine.ini, will not use an Shared cache.
[2018.12.04-19.20.46:971][  0]LogDerivedDataCache: Unable to find inner node Shared for hierarchical cache Hierarchy.
[2018.12.04-19.20.46:989][  0]LogMaterial: Verifying Global Shaders for PCD3D_SM5
[2018.12.04-19.20.46:990][  0]LogSlate: Using FreeType 2.6.0
[2018.12.04-19.20.47:069][  0]LogSlate: SlateFontServices - WITH_FREETYPE: 1, WITH_HARFBUZZ: 1
[2018.12.04-19.20.47:594][  0]LogAssetRegistry: FAssetRegistry took 0.0262 seconds to start up
[2018.12.04-19.20.48:020][  0]LogInit: Selected Device Profile: [Windows]
[2018.12.04-19.20.50:503][  0]LogSimplygon: Simplygon DLL not present - disabling.
[2018.12.04-19.20.51:137][  0]LogMeshReduction: Using SimplygonSwarm for distributed automatic mesh merging
[2018.12.04-19.20.51:145][  0]LogMeshReduction: Using ProxyLODMeshReduction for automatic mesh merging
[2018.12.04-19.20.51:159][  0]LogMeshReduction: Using QuadricMeshReduction for automatic static mesh reduction
[2018.12.04-19.20.51:159][  0]LogMeshReduction: No automatic skeletal mesh reduction module available
[2018.12.04-19.20.51:524][  0]LogNetVersion: SteamProject 1.0.0, NetCL: 4212847, EngineNetVer: 5, GameNetVer: 0 (Checksum: 43773174)
[2018.12.04-19.20.56:942][  0]LogPackageLocalizationCache: Processed 11 localized package path(s) for 2 prioritized culture(s) in 0.132765 seconds
[2018.12.04-19.20.56:949][  0]LogUObjectArray: 38434 objects as part of root set at end of initial load.
[2018.12.04-19.20.56:949][  0]LogUObjectAllocator: 6701136 out of 0 bytes used by permanent object pool.
[2018.12.04-19.20.56:949][  0]LogUObjectArray: CloseDisregardForGC: 0/0 objects in disregard for GC pool
[2018.12.04-19.21.08:665][  0]LogTcpMessaging: Initializing TcpMessaging bridge
[2018.12.04-19.21.08:723][  0]LogUdpMessaging: Initializing bridge on interface 0.0.0.0:0 to multicast group 230.0.0.1:6666.
[2018.12.04-19.21.10:596][  0]SourceControl: Source control is disabled
[2018.12.04-19.21.10:606][  0]SourceControl: Source control is disabled
[2018.12.04-19.21.10:780][  0]SourceControl: Source control is disabled
[2018.12.04-19.21.10:836][  0]SourceControl: Source control is disabled
[2018.12.04-19.21.14:407][  0]LogAndroidPermission: UAndroidPermissionCallbackProxy::GetInstance
[2018.12.04-19.21.14:991][  0]LogOcInput: OculusInput pre-init called
[2018.12.04-19.21.15:559][  0]LogEngine: Initializing Engine...
[2018.12.04-19.21.15:562][  0]LogHMD: Failed to initialize OpenVR with code 105
[2018.12.04-19.21.15:564][  0]LogStats: UGameplayTagsManager::ConstructGameplayTagTree: ImportINI prefixes -  0.000 s
[2018.12.04-19.21.15:564][  0]LogStats: UGameplayTagsManager::ConstructGameplayTagTree: Construct from data asset -  0.000 s
[2018.12.04-19.21.15:564][  0]LogStats: UGameplayTagsManager::ConstructGameplayTagTree: ImportINI -  0.000 s
[2018.12.04-19.21.15:564][  0]LogStats: UGameplayTagsManager::ConstructGameplayTagTree: GameplayTagTreeChangedEvent.Broadcast -  0.000 s
[2018.12.04-19.21.16:805][  0]LogInit: Initializing FReadOnlyCVARCache
[2018.12.04-19.21.17:017][  0]LogAIModule: Creating AISystem for world Untitled
[2018.12.04-19.21.17:040][  0]LogInit: XAudio2 using 'Headphones (Realtek High Definition Audio)' : 2 channels at 48 kHz using 32 bits per sample (channel mask 0x3)
[2018.12.04-19.21.17:056][  0]LogInit: FAudioDevice initialized.
[2018.12.04-19.21.17:057][  0]LogNetVersion: Set ProjectVersion to 1.0.0.0. Version Checksum will be recalculated on next use.
[2018.12.04-19.21.17:102][  0]LogDerivedDataCache: Saved boot cache 0.05s 71MB C:/Users/maxsa/AppData/Local/UnrealEngine/4.20/DerivedDataCache/Boot.ddc.
[2018.12.04-19.21.17:105][  0]LogInit: Texture streaming: Enabled
[2018.12.04-19.21.17:188][  0]LogEngineSessionManager: EngineSessionManager initialized
[2018.12.04-19.21.17:220][  0]LogInit: Transaction tracking system initialized
[2018.12.04-19.21.17:385][  0]BlueprintLog: New page: Editor Load
[2018.12.04-19.21.20:288][  0]LocalizationService: Localization service is disabled
[2018.12.04-19.21.21:675][  0]LogLinker: Warning: Can't find file '/Game/FirstPersonBP/FirstPersonOverview'
[2018.12.04-19.21.21:675][  0]LogLinker: Warning: Can't find file '/Game/FirstPersonBP/FirstPersonOverview'
[2018.12.04-19.21.21:675][  0]LogUObjectGlobals: Warning: Failed to find object 'Class /Game/FirstPersonBP/FirstPersonOverview.FirstPersonOverview_C'
[2018.12.04-19.21.26:024][  0]LogCook: Display: Max memory allowance for cook 16384mb min free memory 0mb
[2018.12.04-19.21.26:024][  0]LogCook: Display: Mobile HDR setting 1
[2018.12.04-19.21.26:024][  0]LogGameplayTags: Display: UGameplayTagsManager::DoneAddingNativeTags. DelegateIsBound: 0
[2018.12.04-19.21.26:024][  0]LogStats: UGameplayTagsManager::ConstructGameplayTagTree: ImportINI prefixes -  0.000 s
[2018.12.04-19.21.26:024][  0]LogStats: UGameplayTagsManager::ConstructGameplayTagTree: Construct from data asset -  0.000 s
[2018.12.04-19.21.26:024][  0]LogStats: UGameplayTagsManager::ConstructGameplayTagTree: ImportINI -  0.000 s
[2018.12.04-19.21.26:024][  0]LogStats: UGameplayTagsManager::ConstructGameplayTagTree: GameplayTagTreeChangedEvent.Broadcast -  0.000 s
[2018.12.04-19.21.27:522][  0]LogFileCache: Scanning file cache for directory 'C:/Users/maxsa/Desktop/Unreal Projects/SteamProject/Content/' took 0.02s
[2018.12.04-19.21.31:984][  0]SourceControl: Source control is disabled
[2018.12.04-19.21.31:984][  0]Cmd: MAP LOAD FILE="C:/Users/maxsa/Desktop/Unreal Projects/SteamProject/Content/Maps/MainMenu.umap" TEMPLATE=0 SHOWPROGRESS=1 FEATURELEVEL=3
[2018.12.04-19.21.31:985][  0]LightingResults: New page: Lighting Build
[2018.12.04-19.21.31:987][  0]MapCheck: New page: Map Check
[2018.12.04-19.21.31:987][  0]LightingResults: New page: Lighting Build
[2018.12.04-19.21.32:717][  0]LogAIModule: Creating AISystem for world MainMenu
[2018.12.04-19.21.32:735][  0]LogEditorServer: Finished looking for orphan Actors (0.000 secs)
[2018.12.04-19.21.32:755][  0]Cmd: MAP CHECKDEP NOCLEARLOG
[2018.12.04-19.21.32:806][  0]MapCheck: Map check complete: 0 Error(s), 0 Warning(s), took 50.25ms to complete.
[2018.12.04-19.21.32:806][  0]LogFileHelpers: Loading map 'MainMenu' took 0.822
[2018.12.04-19.21.33:148][  0]LogSlate: Updating window title bar state: overlay mode, drag disabled, window buttons hidden, title bar hidden
[2018.12.04-19.21.33:160][  0]LogSlate: Updating window title bar state: overlay mode, drag disabled, window buttons hidden, title bar hidden
[2018.12.04-19.21.33:172][  0]LogSlate: Updating window title bar state: overlay mode, drag disabled, window buttons hidden, title bar hidden
[2018.12.04-19.21.33:183][  0]LogSlate: Updating window title bar state: overlay mode, drag disabled, window buttons hidden, title bar hidden
[2018.12.04-19.21.33:251][  0]LogCollectionManager: Loaded 0 collections in 0.001990 seconds
[2018.12.04-19.21.33:302][  0]LogFileCache: Scanning file cache for directory 'C:/Users/maxsa/Desktop/Unreal Projects/SteamProject/Saved/Collections/' took 0.01s
[2018.12.04-19.21.33:302][  0]LogFileCache: Scanning file cache for directory 'C:/Users/maxsa/Desktop/Unreal Projects/SteamProject/Content/Developers/maxsa/Collections/' took 0.01s
[2018.12.04-19.21.33:303][  0]LogFileCache: Scanning file cache for directory 'C:/Users/maxsa/Desktop/Unreal Projects/SteamProject/Content/Collections/' took 0.01s
[2018.12.04-19.21.33:303][  0]LogCollectionManager: Rebuilt the GUID cache for 0 collections in 0.000000 seconds
[2018.12.04-19.21.33:316][  0]LogContentBrowser: Native class hierarchy populated in 0.0133 seconds. Added 2575 classes and 607 folders.
[2018.12.04-19.21.33:325][  0]LogContentBrowser: Native class hierarchy updated for 'WidgetCarousel' in 0.0003 seconds. Added 0 classes and 0 folders.
[2018.12.04-19.21.35:576][  0]LogContentBrowser: Native class hierarchy updated for 'AddContentDialog' in 0.0005 seconds. Added 0 classes and 0 folders.
[2018.12.04-19.21.35:644][  0]LogContentBrowser: Native class hierarchy updated for 'SceneOutliner' in 0.0006 seconds. Added 1 classes and 2 folders.
[2018.12.04-19.21.35:818][  0]LogSlate: Took 0.021275 seconds to synchronously load lazily loaded font '../../../Engine/Content/Slate/Fonts/Roboto-Regular.ttf' (155K)
[2018.12.04-19.21.35:855][  0]LogSlate: Took 0.034459 seconds to synchronously load lazily loaded font '../../../Engine/Content/Slate/Fonts/Roboto-Bold.ttf' (160K)
[2018.12.04-19.21.35:882][  0]LogSlate: Took 0.017565 seconds to synchronously load lazily loaded font '../../../Engine/Content/Editor/Slate/Fonts/FontAwesome.ttf' (139K)
[2018.12.04-19.21.36:189][  0]LogRenderer: Reallocating scene render targets to support 1208x576 Format 10 NumSamples 1 (Frame:1).
[2018.12.04-19.21.36:363][  0]LogContentBrowser: Native class hierarchy updated for 'HierarchicalLODOutliner' in 0.0003 seconds. Added 0 classes and 0 folders.
[2018.12.04-19.21.36:363][  0]LogLoad: (Engine Initialization) Total time: 105.65 seconds
[2018.12.04-19.21.36:363][  0]LogLoad: (Engine Initialization) Total Blueprint compile time: 0.00 seconds
[2018.12.04-19.21.36:397][  0]LogContentStreaming: Texture pool size now 1000 MB
[2018.12.04-19.21.36:475][  0]LogSlate: Took 0.024923 seconds to synchronously load lazily loaded font '../../../Engine/Content/Slate/Fonts/Roboto-Light.ttf' (167K)
[2018.12.04-19.21.36:518][  1]LogAssetRegistry: Asset discovery search completed in 48.9465 seconds
[2018.12.04-19.21.36:521][  1]LogCollectionManager: Rebuilt the object cache for 0 collections in 0.000001 seconds (found 0 objects)
[2018.12.04-19.21.36:521][  1]LogCollectionManager: Fixed up redirectors for 0 collections in 0.000100 seconds (updated 0 objects)
[2018.12.04-19.27.50:615][630]LogSlate: FSceneViewport::OnFocusLost() reason 0
[2018.12.04-19.28.01:231][751]LogBlueprint: Warning: [Compiler Ue4ASP_Character] InputAction Event references unknown Action 'Crouch' for  InputAction Crouch
[2018.12.04-19.28.01:241][751]LogBlueprint: Warning: [Compiler Ue4ASP_Character] [0490.53] Compile of Ue4ASP_Character successful, but with 1 Warning(s) [in 40 ms] (/Game/AnimStarterPack/Ue4ASP_Character.Ue4ASP_Character)
[2018.12.04-19.28.02:137][751]LogSlate: Took 0.000362 seconds to synchronously load lazily loaded font '../../../Engine/Content/Slate/Fonts/Roboto-Light.ttf' (167K)
[2018.12.04-19.28.02:148][751]LogAssetEditorManager: Opening Asset editor for Blueprint /Game/Blueprints/Characters/0_Base.0_Base
[2018.12.04-19.28.03:333][751]LogContentBrowser: Native class hierarchy updated for 'BlueprintGraph' in 0.0006 seconds. Added 116 classes and 0 folders.
[2018.12.04-19.28.04:908][751]LogSlate: Took 0.042438 seconds to synchronously load lazily loaded font '../../../Engine/Content/Slate/Fonts/Roboto-BoldCondensed.ttf' (158K)
[2018.12.04-19.28.05:292][752]LogSlate: Took 0.014074 seconds to synchronously load lazily loaded font '../../../Engine/Content/Slate/Fonts/Roboto-Italic.ttf' (157K)
[2018.12.04-19.28.07:128][926]LogRenderer: Reallocating scene render targets to support 1208x712 Format 10 NumSamples 1 (Frame:1).
[2018.12.04-19.29.06:528][437]LogSlate: FSceneViewport::OnFocusLost() reason 0
[2018.12.04-19.29.25:616][693]LogSlate: FSceneViewport::OnFocusLost() reason 0
[2018.12.04-19.29.36:894][ 12]LogEditorTransaction: Undo Modify Component(s)
[2018.12.04-19.29.39:868][363]LogSlate: FSceneViewport::OnFocusLost() reason 0
[2018.12.04-19.30.44:590][603]LogSlate: FSceneViewport::OnFocusLost() reason 0
[2018.12.04-19.31.20:219][762]LogEditorTransaction: Undo Modify Component(s)
[2018.12.04-19.31.22:657][ 50]LogSlate: FSceneViewport::OnFocusLost() reason 0
[2018.12.04-19.32.01:454][638]LogEditorTransaction: Undo Modify Component(s)
[2018.12.04-19.32.05:262][ 78]LogSlate: FSceneViewport::OnFocusLost() reason 0
[2018.12.04-19.32.32:286][181]LogSlate: FSceneViewport::OnFocusLost() reason 0
[2018.12.04-19.33.22:063][292]LogFileHelpers: Editor autosave (incl. sublevels) for '/Game/Maps/MainMenu' took 0.045
[2018.12.04-19.33.22:065][292]OBJ SavePackage: Generating thumbnails for [1] asset(s) in package [/Game/Blueprints/Characters/0_Base] ([1] browsable assets)...
[2018.12.04-19.33.22:078][292]OBJ SavePackage:     Rendered thumbnail for [Blueprint /Game/Blueprints/Characters/0_Base.0_Base]
[2018.12.04-19.33.22:078][292]OBJ SavePackage: Finished generating thumbnails for package [/Game/Blueprints/Characters/0_Base]
[2018.12.04-19.33.22:171][292]LogSavePackage: Moving 'C:/Users/maxsa/Desktop/Unreal Projects/SteamProject/Saved/0_Base_Auto1E07E2BCA41BC56777B7F629CD6D4FEAF.tmp' to 'C:/Users/maxsa/Desktop/Unreal Projects/SteamProject/Saved/Autosaves/Game/Blueprints/Characters/0_Base_Auto1.uasset'
[2018.12.04-19.33.22:173][292]LogFileHelpers: Auto-saving content packages took 0.108
[2018.12.04-19.33.50:420][377]LogSlate: FSceneViewport::OnFocusLost() reason 0
[2018.12.04-19.34.08:828][379]LogSlate: FSceneViewport::OnFocusLost() reason 2
[2018.12.04-19.35.09:980][559]LogSlate: FSceneViewport::OnFocusLost() reason 0
[2018.12.04-19.36.04:686][332]LogSlate: FSceneViewport::OnFocusLost() reason 0
[2018.12.04-19.37.54:083][394]BlueprintLog: New page: Compile 0_Base
[2018.12.04-19.37.55:700][553]Cmd: OBJ SAVEPACKAGE PACKAGE="/Game/Blueprints/Characters/0_Base" FILE="C:/Users/maxsa/Desktop/Unreal Projects/SteamProject/Content/Blueprints/Characters/0_Base.uasset" SILENT=true
[2018.12.04-19.37.55:779][553]LogSavePackage: Moving 'C:/Users/maxsa/Desktop/Unreal Projects/SteamProject/Saved/0_BaseBD8F6F0241DA06B36EAE9097B3DAF36B.tmp' to 'C:/Users/maxsa/Desktop/Unreal Projects/SteamProject/Content/Blueprints/Characters/0_Base.uasset'
[2018.12.04-19.39.31:063][941]LogSlate: FSceneViewport::OnFocusLost() reason 0
[2018.12.04-19.40.46:051][953]LogSlate: Window 'Pick Parent Class' being destroyed
[2018.12.04-19.40.56:415][162]LogAssetEditorManager: Opening Asset editor for Blueprint /Game/FirstPersonBP/Blueprints/Gun.Gun
[2018.12.04-19.41.40:146][223]LogEditorTransaction: Undo Modify Component(s)
[2018.12.04-19.41.44:716][568]LogSlate: FSceneViewport::OnFocusLost() reason 0
[2018.12.04-19.42.12:276][619]LogSlate: FSceneViewport::OnFocusLost() reason 0
[2018.12.04-19.42.12:341][625]BlueprintLog: New page: Compile Gun
[2018.12.04-19.42.12:965][658]Cmd: OBJ SAVEPACKAGE PACKAGE="/Game/FirstPersonBP/Blueprints/Gun" FILE="C:/Users/maxsa/Desktop/Unreal Projects/SteamProject/Content/FirstPersonBP/Blueprints/Gun.uasset" SILENT=true
[2018.12.04-19.42.12:986][658]LogSavePackage: Moving 'C:/Users/maxsa/Desktop/Unreal Projects/SteamProject/Saved/GunFA19E79B46FE7F0A032F4DA118E6A52E.tmp' to 'C:/Users/maxsa/Desktop/Unreal Projects/SteamProject/Content/FirstPersonBP/Blueprints/Gun.uasset'
[2018.12.04-19.42.13:888][721]Cmd: OBJ SAVEPACKAGE PACKAGE="/Game/FirstPersonBP/Blueprints/Gun" FILE="C:/Users/maxsa/Desktop/Unreal Projects/SteamProject/Content/FirstPersonBP/Blueprints/Gun.uasset" SILENT=true
[2018.12.04-19.42.13:938][721]LogSavePackage: Moving 'C:/Users/maxsa/Desktop/Unreal Projects/SteamProject/Saved/Gun42B3C0EC44B086D46AED3B955E33FFF8.tmp' to 'C:/Users/maxsa/Desktop/Unreal Projects/SteamProject/Content/FirstPersonBP/Blueprints/Gun.uasset'
[2018.12.04-19.42.15:953][893]LogSlate: Window 'Gun' being destroyed
[2018.12.04-19.42.19:825][354]LogSlate: Prevented a slow task dialog from being summoned while a context menu was open
[2018.12.04-19.42.32:766][818]LogSlate: FSceneViewport::OnFocusLost() reason 0
[2018.12.04-19.43.43:781][709]LogSlate: FSceneViewport::OnFocusLost() reason 0
[2018.12.04-19.46.09:706][844]LogFileHelpers: Editor autosave (incl. sublevels) for '/Game/Maps/MainMenu' took 0.031
[2018.12.04-19.46.09:708][844]OBJ SavePackage: Generating thumbnails for [1] asset(s) in package [/Game/Blueprints/Characters/0_Base] ([1] browsable assets)...
[2018.12.04-19.46.09:721][844]OBJ SavePackage:     Rendered thumbnail for [Blueprint /Game/Blueprints/Characters/0_Base.0_Base]
[2018.12.04-19.46.09:721][844]OBJ SavePackage: Finished generating thumbnails for package [/Game/Blueprints/Characters/0_Base]
[2018.12.04-19.46.09:815][844]LogSavePackage: Moving 'C:/Users/maxsa/Desktop/Unreal Projects/SteamProject/Saved/0_Base_Auto22B1F205142C12EC22906A19CFE9936A5.tmp' to 'C:/Users/maxsa/Desktop/Unreal Projects/SteamProject/Saved/Autosaves/Game/Blueprints/Characters/0_Base_Auto2.uasset'
[2018.12.04-19.46.09:817][844]LogFileHelpers: Auto-saving content packages took 0.110
[2018.12.04-19.46.14:469][186]BlueprintLog: New page: Compile 0_Base
[2018.12.04-19.46.24:504][333]LogActorComponent: RegisterComponentWithWorld: (/Engine/Transient.World_0:PersistentLevel.DESTROYED_Gun_C_CHILDACTOR_49.DefaultSceneRoot) Trying to register component with IsPendingKill() == true. Aborting.
[2018.12.04-19.46.24:505][333]LogActorComponent: RegisterComponentWithWorld: (/Engine/Transient.World_1:PersistentLevel.DESTROYED_Gun_C_CHILDACTOR_31.DefaultSceneRoot) Trying to register component with IsPendingKill() == true. Aborting.
[2018.12.04-19.46.32:591][295]LogSlate: FSceneViewport::OnFocusLost() reason 0
[2018.12.04-19.46.32:680][305]LogActorComponent: RegisterComponentWithWorld: (/Engine/Transient.World_0:PersistentLevel.DESTROYED_Gun_C_CHILDACTOR_53.DefaultSceneRoot) Trying to register component with IsPendingKill() == true. Aborting.
[2018.12.04-19.46.32:682][305]LogActorComponent: RegisterComponentWithWorld: (/Engine/Transient.World_1:PersistentLevel.DESTROYED_Gun_C_CHILDACTOR_35.DefaultSceneRoot) Trying to register component with IsPendingKill() == true. Aborting.
[2018.12.04-19.46.35:434][631]LogSlate: FSceneViewport::OnFocusLost() reason 0
[2018.12.04-19.46.35:498][638]LogActorComponent: RegisterComponentWithWorld: (/Engine/Transient.World_0:PersistentLevel.DESTROYED_Gun_C_CHILDACTOR_57.DefaultSceneRoot) Trying to register component with IsPendingKill() == true. Aborting.
[2018.12.04-19.46.35:499][638]LogActorComponent: RegisterComponentWithWorld: (/Engine/Transient.World_1:PersistentLevel.DESTROYED_Gun_C_CHILDACTOR_39.DefaultSceneRoot) Trying to register component with IsPendingKill() == true. Aborting.
[2018.12.04-19.46.39:953][172]LogSlate: FSceneViewport::OnFocusLost() reason 0
[2018.12.04-19.46.54:823][950]LogEditorTransaction: Undo Edit Visible
[2018.12.04-19.46.55:473][ 26]LogEditorTransaction: Undo Edit Visible
[2018.12.04-19.46.56:012][ 90]LogEditorTransaction: Undo Remove Components
[2018.12.04-19.46.56:017][ 90]LogActorComponent: RegisterComponentWithWorld: (/Engine/Transient.World_0:PersistentLevel.DESTROYED_Gun_C_CHILDACTOR_59.DefaultSceneRoot) Trying to register component with IsPendingKill() == true. Aborting.
[2018.12.04-19.46.56:018][ 90]LogActorComponent: RegisterComponentWithWorld: (/Engine/Transient.World_1:PersistentLevel.DESTROYED_Gun_C_CHILDACTOR_41.DefaultSceneRoot) Trying to register component with IsPendingKill() == true. Aborting.
[2018.12.04-19.48.00:314][927]LogSlate: FSceneViewport::OnFocusLost() reason 2
[2018.12.04-19.48.00:554][927]LogSlate: FSceneViewport::OnFocusLost() reason 2
[2018.12.04-19.48.01:291][ 14]LogSlate: FSceneViewport::OnFocusLost() reason 2
[2018.12.04-19.48.02:069][106]LogSlate: FSceneViewport::OnFocusLost() reason 2
[2018.12.04-19.48.04:956][215]LogTemp: Executing iPhonePackager certificates Engine -bundlename com.YourCompany.SteamProject
[2018.12.04-19.48.04:956][215]LogTemp: CWD: E:\UE_4.20\Engine\Binaries\DotNET\IOS
[2018.12.04-19.48.04:956][215]LogTemp: Initial Dir: E:\UE_4.20
[2018.12.04-19.48.04:956][215]LogTemp: Env CWD: E:\UE_4.20\Engine\Binaries\DotNET\IOS
[2018.12.04-19.48.04:956][215]LogTemp: BranchPath = MAX-PC/E/UE_4.20/Engine/Binaries --- GameBranchPath = MAX-PC/E/UE_4.20/Engine/Binaries
[2018.12.04-19.48.04:956][215]LogSlate: Only BGRA pngs, bmps or icos are supported in by External Image Picker
[2018.12.04-19.48.05:000][215]LogTemp: IPP ERROR: Could not find provision directory 'C:\Users\maxsa\AppData\Local/Apple Computer/MobileDevice/Provisioning Profiles/'.
[2018.12.04-19.48.05:000][215]LogSlate: FSceneViewport::OnFocusLost() reason 2
[2018.12.04-19.49.12:581][223]Cmd: OBJ SAVEPACKAGE PACKAGE="/Game/FirstPersonBP/Blueprints/Gun" FILE="C:/Users/maxsa/Desktop/Unreal Projects/SteamProject/Content/FirstPersonBP/Blueprints/Gun.uasset" SILENT=true
[2018.12.04-19.49.12:636][223]LogSavePackage: Moving 'C:/Users/maxsa/Desktop/Unreal Projects/SteamProject/Saved/Gun51564DE3429EE1B738DAB7910407CCEE.tmp' to 'C:/Users/maxsa/Desktop/Unreal Projects/SteamProject/Content/FirstPersonBP/Blueprints/Gun.uasset'
[2018.12.04-19.50.06:752][431]LogSlate: FSceneViewport::OnFocusLost() reason 0
[2018.12.04-19.50.40:676][141]LogSlate: FSceneViewport::OnFocusLost() reason 0
[2018.12.04-19.50.40:751][150]BlueprintLog: New page: Compile 0_Base
[2018.12.04-19.50.41:385][194]Cmd: OBJ SAVEPACKAGE PACKAGE="/Game/Blueprints/Characters/0_Base" FILE="C:/Users/maxsa/Desktop/Unreal Projects/SteamProject/Content/Blueprints/Characters/0_Base.uasset" SILENT=true
[2018.12.04-19.50.41:464][194]LogSavePackage: Moving 'C:/Users/maxsa/Desktop/Unreal Projects/SteamProject/Saved/0_BaseC1FF7B554D896EBBEB5EFF924C2FF5F9.tmp' to 'C:/Users/maxsa/Desktop/Unreal Projects/SteamProject/Content/Blueprints/Characters/0_Base.uasset'
[2018.12.04-19.50.43:793][447]LogActorComponent: UnregisterComponent: (/Engine/Transient.EditorFloorComp) Not registered. Aborting.
[2018.12.04-19.50.43:863][447]LogSlate: Window 'SteamProject - Unreal Editor' being destroyed
[2018.12.04-19.50.44:055][448]Cmd: QUIT_EDITOR
[2018.12.04-19.50.44:071][448]LogWindowsTextInputMethodSystem: Display: IME system now deactivated.
[2018.12.04-19.50.44:080][448]LogExit: Preparing to exit.
[2018.12.04-19.50.44:943][448]LogExit: Editor shut down
[2018.12.04-19.50.44:943][448]LogExit: Transaction tracking system shut down
[2018.12.04-19.50.45:601][448]LogExit: Object subsystem successfully closed.
[2018.12.04-19.50.45:654][448]LogShaderCompilers: Display: Shaders left to compile 0
[2018.12.04-19.50.45:657][448]LogD3D11RHI: Shutdown
[2018.12.04-19.50.45:657][448]LogD3D11RHI: CleanupD3DDevice
[2018.12.04-19.50.45:659][448]LogD3D11RHI: ~FD3D11DynamicRHI
[2018.12.04-19.50.45:670][448]LogModuleManager: Shutting down and abandoning module ExternalImagePicker (616)
[2018.12.04-19.50.45:670][448]LogModuleManager: Shutting down and abandoning module BlueprintGraph (614)
[2018.12.04-19.50.45:670][448]LogModuleManager: Shutting down and abandoning module HierarchicalLODOutliner (612)
[2018.12.04-19.50.45:670][448]LogModuleManager: Shutting down and abandoning module SceneOutliner (610)
[2018.12.04-19.50.45:670][448]LogModuleManager: Shutting down and abandoning module AddContentDialog (608)
[2018.12.04-19.50.45:671][448]LogModuleManager: Shutting down and abandoning module WidgetCarousel (607)
[2018.12.04-19.50.45:671][448]LogModuleManager: Shutting down and abandoning module EditorWidgets (604)
[2018.12.04-19.50.45:671][448]LogModuleManager: Shutting down and abandoning module CollectionManager (602)
[2018.12.04-19.50.45:671][448]LogModuleManager: Shutting down and abandoning module StatsViewer (600)
[2018.12.04-19.50.45:671][448]LogModuleManager: Shutting down and abandoning module FoliageEdit (598)
[2018.12.04-19.50.45:671][448]LogModuleManager: Shutting down and abandoning module LandscapeEditor (596)
[2018.12.04-19.50.45:671][448]LogModuleManager: Shutting down and abandoning module MeshPaintMode (594)
[2018.12.04-19.50.45:671][448]LogModuleManager: Shutting down and abandoning module SceneDepthPickerMode (592)
[2018.12.04-19.50.45:671][448]LogModuleManager: Shutting down and abandoning module ActorPickerMode (590)
[2018.12.04-19.50.45:671][448]LogModuleManager: Shutting down and abandoning module GeometryMode (588)
[2018.12.04-19.50.45:671][448]LogModuleManager: Shutting down and abandoning module TextureAlignMode (586)
[2018.12.04-19.50.45:671][448]LogModuleManager: Shutting down and abandoning module BspMode (584)
[2018.12.04-19.50.45:671][448]LogModuleManager: Shutting down and abandoning module PIEPreviewDeviceProfileSelector (582)
[2018.12.04-19.50.45:671][448]LogModuleManager: Shutting down and abandoning module SequenceRecorderSections (580)
[2018.12.04-19.50.45:671][448]LogModuleManager: Shutting down and abandoning module AutomationWorker (578)
[2018.12.04-19.50.45:671][448]LogModuleManager: Shutting down and abandoning module AudioCaptureEditor (576)
[2018.12.04-19.50.45:671][448]LogModuleManager: Shutting down and abandoning module SequenceRecorder (575)
[2018.12.04-19.50.45:671][448]LogModuleManager: Shutting down and abandoning module MatineeToLevelSequence (572)
[2018.12.04-19.50.45:671][448]LogModuleManager: Shutting down and abandoning module LevelSequenceEditor (570)
[2018.12.04-19.50.45:672][448]LogModuleManager: Shutting down and abandoning module PlacementMode (569)
[2018.12.04-19.50.45:672][448]LogModuleManager: Shutting down and abandoning module MaterialEditor (568)
[2018.12.04-19.50.45:672][448]LogModuleManager: Shutting down and abandoning module WmfMediaFactory (564)
[2018.12.04-19.50.45:672][448]LogModuleManager: Shutting down and abandoning module WmfMediaEditor (562)
[2018.12.04-19.50.45:672][448]LogModuleManager: Shutting down and abandoning module MediaPlayerEditor (560)
[2018.12.04-19.50.45:672][448]LogModuleManager: Shutting down and abandoning module OpenExrWrapper (558)
[2018.12.04-19.50.45:672][448]LogModuleManager: Shutting down and abandoning module ImgMediaFactory (556)
[2018.12.04-19.50.45:672][448]LogModuleManager: Shutting down and abandoning module ImgMediaEditor (554)
[2018.12.04-19.50.45:672][448]LogModuleManager: Shutting down and abandoning module AvfMediaFactory (552)
[2018.12.04-19.50.45:672][448]LogModuleManager: Shutting down and abandoning module AvfMediaEditor (550)
[2018.12.04-19.50.45:672][448]LogModuleManager: Shutting down and abandoning module AndroidMediaFactory (548)
[2018.12.04-19.50.45:672][448]LogModuleManager: Shutting down and abandoning module AndroidMediaEditor (546)
[2018.12.04-19.50.45:672][448]LogModuleManager: Shutting down and abandoning module MagicLeapCameraPreviewFactory (544)
[2018.12.04-19.50.45:672][448]LogModuleManager: Shutting down and abandoning module MagicLeapMediaFactory (542)
[2018.12.04-19.50.45:672][448]LogModuleManager: Shutting down and abandoning module MagicLeapMediaEditor (540)
[2018.12.04-19.50.45:672][448]LogModuleManager: Shutting down and abandoning module CharacterAI (538)
[2018.12.04-19.50.45:672][448]LogModuleManager: Shutting down and abandoning module SmartSnapping (536)
[2018.12.04-19.50.45:672][448]LogModuleManager: Shutting down and abandoning module SessionServices (534)
[2018.12.04-19.50.45:672][448]LogModuleManager: Shutting down and abandoning module ViewportSnapping (532)
[2018.12.04-19.50.45:672][448]LogModuleManager: Shutting down and abandoning module ViewportInteraction (530)
[2018.12.04-19.50.45:672][448]LogModuleManager: Shutting down and abandoning module ClothPainter (528)
[2018.12.04-19.50.45:672][448]LogModuleManager: Shutting down and abandoning module SkeletalMeshEditor (527)
[2018.12.04-19.50.45:672][448]LogModuleManager: Shutting down and abandoning module LogVisualizer (524)
[2018.12.04-19.50.45:672][448]LogModuleManager: Shutting down and abandoning module IntroTutorials (522)
[2018.12.04-19.50.45:672][448]LogModuleManager: Shutting down and abandoning module GameProjectGeneration (521)
[2018.12.04-19.50.45:672][448]LogModuleManager: Shutting down and abandoning module LuminPlatformEditor (518)
[2018.12.04-19.50.45:672][448]LogModuleManager: Shutting down and abandoning module IOSPlatformEditor (516)
[2018.12.04-19.50.45:672][448]LogModuleManager: Shutting down and abandoning module HTML5PlatformEditor (514)
[2018.12.04-19.50.45:672][448]LogModuleManager: Shutting down and abandoning module AndroidPlatformEditor (512)
[2018.12.04-19.50.45:672][448]LogModuleManager: Shutting down and abandoning module AndroidDeviceDetection (511)
[2018.12.04-19.50.46:517][448]LogModuleManager: Shutting down and abandoning module WindowsPlatformEditor (508)
[2018.12.04-19.50.46:517][448]LogModuleManager: Shutting down and abandoning module LuminRuntimeSettings (506)
[2018.12.04-19.50.46:517][448]LogModuleManager: Shutting down and abandoning module IOSRuntimeSettings (504)
[2018.12.04-19.50.46:517][448]LogModuleManager: Shutting down and abandoning module AndroidRuntimeSettings (502)
[2018.12.04-19.50.46:517][448]LogModuleManager: Shutting down and abandoning module InputBindingEditor (500)
[2018.12.04-19.50.46:517][448]LogModuleManager: Shutting down and abandoning module MergeActors (498)
[2018.12.04-19.50.46:517][448]LogModuleManager: Shutting down and abandoning module LocalizationDashboard (496)
[2018.12.04-19.50.46:517][448]LogModuleManager: Shutting down and abandoning module LocalizationService (495)
[2018.12.04-19.50.46:517][448]LogModuleManager: Shutting down and abandoning module HardwareTargeting (492)
[2018.12.04-19.50.46:517][448]LogModuleManager: Shutting down and abandoning module DeviceProfileEditor (490)
[2018.12.04-19.50.46:517][448]LogModuleManager: Shutting down and abandoning module UndoHistory (488)
[2018.12.04-19.50.46:517][448]LogModuleManager: Shutting down and abandoning module XmlParser (486)
[2018.12.04-19.50.46:517][448]LogModuleManager: Shutting down and abandoning module Blutility (484)
[2018.12.04-19.50.46:518][448]LogModuleManager: Shutting down and abandoning module ProjectSettingsViewer (482)
[2018.12.04-19.50.46:518][448]LogModuleManager: Shutting down and abandoning module ProjectTargetPlatformEditor (481)
[2018.12.04-19.50.46:518][448]LogModuleManager: Shutting down and abandoning module EditorSettingsViewer (478)
[2018.12.04-19.50.46:518][448]LogModuleManager: Shutting down and abandoning module SettingsEditor (476)
[2018.12.04-19.50.46:518][448]LogModuleManager: Shutting down and abandoning module ProjectLauncher (474)
[2018.12.04-19.50.46:518][448]LogModuleManager: Shutting down and abandoning module SessionFrontend (472)
[2018.12.04-19.50.46:518][448]LogModuleManager: Shutting down and abandoning module ProfilerClient (470)
[2018.12.04-19.50.46:518][448]LogModuleManager: Shutting down and abandoning module DeviceManager (468)
[2018.12.04-19.50.46:518][448]LogModuleManager: Shutting down and abandoning module TargetDeviceServices (467)
[2018.12.04-19.50.46:574][448]LogModuleManager: Shutting down and abandoning module AutomationController (464)
[2018.12.04-19.50.46:574][448]LogModuleManager: Shutting down and abandoning module AutomationWindow (462)
[2018.12.04-19.50.46:574][448]LogModuleManager: Shutting down and abandoning module Layers (460)
[2018.12.04-19.50.46:574][448]LogModuleManager: Shutting down and abandoning module ComponentVisualizers (458)
[2018.12.04-19.50.46:574][448]LogModuleManager: Shutting down and abandoning module DetailCustomizations (456)
[2018.12.04-19.50.46:574][448]LogModuleManager: Shutting down and abandoning module PackagesDialog (454)
[2018.12.04-19.50.46:574][448]LogModuleManager: Shutting down and abandoning module Persona (452)
[2018.12.04-19.50.46:575][448]LogModuleManager: Shutting down and abandoning module AdvancedPreviewScene (451)
[2018.12.04-19.50.46:575][448]LogModuleManager: Shutting down and abandoning module AnimGraph (449)
[2018.12.04-19.50.46:575][448]LogModuleManager: Shutting down and abandoning module Kismet (446)
[2018.12.04-19.50.46:584][448]LogModuleManager: Shutting down and abandoning module GraphEditor (444)
[2018.12.04-19.50.46:584][448]LogModuleManager: Shutting down and abandoning module ClassViewer (442)
[2018.12.04-19.50.46:587][448]LogModuleManager: Shutting down and abandoning module Toolbox (440)
[2018.12.04-19.50.46:587][448]LogModuleManager: Shutting down and abandoning module ModuleUI (438)
[2018.12.04-19.50.46:587][448]LogModuleManager: Shutting down and abandoning module MovieSceneTools (436)
[2018.12.04-19.50.46:587][448]LogModuleManager: Shutting down and abandoning module OutputLog (434)
[2018.12.04-19.50.46:587][448]LogModuleManager: Shutting down and abandoning module GammaUI (432)
[2018.12.04-19.50.46:587][448]LogModuleManager: Shutting down and abandoning module Documentation (430)
[2018.12.04-19.50.46:587][448]LogModuleManager: Shutting down and abandoning module MovieSceneTracks (428)
[2018.12.04-19.50.46:587][448]LogModuleManager: Shutting down and abandoning module MovieScene (426)
[2018.12.04-19.50.46:587][448]LogModuleManager: Shutting down and abandoning module StreamingPauseRendering (424)
[2018.12.04-19.50.46:587][448]LogModuleManager: Shutting down and abandoning module LauncherPlatform (422)
[2018.12.04-19.50.46:587][448]LogModuleManager: Shutting down and abandoning module AnalyticsET (420)
[2018.12.04-19.50.46:588][448]LogModuleManager: Shutting down and abandoning module PortalServices (418)
[2018.12.04-19.50.46:588][448]LogModuleManager: Shutting down and abandoning module PortalRpc (416)
[2018.12.04-19.50.46:588][448]LogModuleManager: Shutting down and abandoning module MessagingRpc (414)
[2018.12.04-19.50.46:588][448]LogModuleManager: Shutting down and abandoning module AIModule (412)
[2018.12.04-19.50.46:588][448]LogModuleManager: Shutting down and abandoning module GameplayDebugger (411)
[2018.12.04-19.50.46:588][448]LogModuleManager: Shutting down and abandoning module AITestSuite (409)
[2018.12.04-19.50.46:588][448]LogModuleManager: Shutting down and abandoning module NavigationSystem (407)
[2018.12.04-19.50.46:588][448]LogModuleManager: Shutting down and abandoning module DesktopPlatform (404)
[2018.12.04-19.50.46:588][448]LogModuleManager: Shutting down and abandoning module ProfilerService (402)
[2018.12.04-19.50.46:664][448]LogModuleManager: Shutting down and abandoning module TaskGraph (400)
[2018.12.04-19.50.46:664][448]LogModuleManager: Shutting down and abandoning module SteamVRController (398)
[2018.12.04-19.50.46:664][448]LogModuleManager: Shutting down and abandoning module ProceduralMeshComponentEditor (396)
[2018.12.04-19.50.46:664][448]LogModuleManager: Shutting down and abandoning module ProceduralMeshComponent (394)
[2018.12.04-19.50.46:664][448]LogModuleManager: Shutting down and abandoning module OculusInput (392)
[2018.12.04-19.50.46:664][448]LogModuleManager: Shutting down and abandoning module MobilePatchingUtils (390)
[2018.12.04-19.50.46:664][448]LogModuleManager: Shutting down and abandoning module EditableMesh (388)
[2018.12.04-19.50.46:664][448]LogModuleManager: Shutting down and abandoning module CustomMeshComponent (386)
[2018.12.04-19.50.46:664][448]LogModuleManager: Shutting down and abandoning module CableComponent (384)
[2018.12.04-19.50.46:664][448]LogModuleManager: Shutting down and abandoning module AudioCapture (382)
[2018.12.04-19.50.46:665][448]LogModuleManager: Shutting down and abandoning module ArchVisCharacter (380)
[2018.12.04-19.50.46:665][448]LogModuleManager: Shutting down and abandoning module AndroidPermission (378)
[2018.12.04-19.50.46:665][448]LogModuleManager: Shutting down and abandoning module NUTUnrealEngine4 (376)
[2018.12.04-19.50.46:665][448]LogModuleManager: Shutting down and abandoning module NetcodeUnitTest (374)
[2018.12.04-19.50.46:665][448]LogModuleManager: Shutting down and abandoning module MediaCompositingEditor (372)
[2018.12.04-19.50.46:665][448]LogModuleManager: Shutting down and abandoning module MediaCompositing (370)
[2018.12.04-19.50.46:665][448]LogModuleManager: Shutting down and abandoning module LinearTimecode (368)
[2018.12.04-19.50.46:665][448]LogModuleManager: Shutting down and abandoning module ImgMedia (366)
[2018.12.04-19.50.46:670][448]LogModuleManager: Shutting down and abandoning module HTML5Networking (364)
[2018.12.04-19.50.46:670][448]LogModuleManager: Shutting down and abandoning module GeometryCacheTracks (362)
[2018.12.04-19.50.46:670][448]LogModuleManager: Shutting down and abandoning module GeometryCacheSequencer (360)
[2018.12.04-19.50.46:670][448]LogModuleManager: Shutting down and abandoning module BackChannel (358)
[2018.12.04-19.50.46:670][448]LogModuleManager: Shutting down and abandoning module AppleVision (356)
[2018.12.04-19.50.46:670][448]LogModuleManager: Shutting down and abandoning module AppleImageUtils (354)
[2018.12.04-19.50.46:670][448]LogModuleManager: Shutting down and abandoning module AlembicImporter (352)
[2018.12.04-19.50.46:670][448]LogModuleManager: Shutting down and abandoning module AlembicLibrary (351)
[2018.12.04-19.50.46:671][448]LogModuleManager: Shutting down and abandoning module GeometryCache (350)
[2018.12.04-19.50.46:671][448]LogModuleManager: Shutting down and abandoning module GeometryCacheEd (349)
[2018.12.04-19.50.46:671][448]LogModuleManager: Shutting down and abandoning module DatasmithContentEditor (344)
[2018.12.04-19.50.46:671][448]LogModuleManager: Shutting down and abandoning module DatasmithContent (342)
[2018.12.04-19.50.46:672][448]LogModuleManager: Shutting down and abandoning module SpeedTreeImporter (340)
[2018.12.04-19.50.46:672][448]LogModuleManager: Shutting down and abandoning module PluginBrowser (338)
[2018.12.04-19.50.46:673][448]LogModuleManager: Shutting down and abandoning module MobileLauncherProfileWizard (336)
[2018.12.04-19.50.46:673][448]LogModuleManager: Shutting down and abandoning module PolygonModeling (334)
[2018.12.04-19.50.46:673][448]LogModuleManager: Shutting down and abandoning module MeshEditor (332)
[2018.12.04-19.50.46:673][448]LogModuleManager: Shutting down and abandoning module CryptoKeysOpenSSL (330)
[2018.12.04-19.50.46:673][448]LogModuleManager: Shutting down and abandoning module CryptoKeys (328)
[2018.12.04-19.50.46:673][448]LogModuleManager: Shutting down and abandoning module VisualStudioSourceCodeAccess (326)
[2018.12.04-19.50.46:673][448]LogModuleManager: Shutting down and abandoning module VisualStudioCodeSourceCodeAccess (324)
[2018.12.04-19.50.46:673][448]LogModuleManager: Shutting down and abandoning module UObjectPlugin (322)
[2018.12.04-19.50.46:673][448]LogModuleManager: Shutting down and abandoning module SubversionSourceControl (320)
[2018.12.04-19.50.46:673][448]LogModuleManager: Shutting down and abandoning module PerforceSourceControl (318)
[2018.12.04-19.50.46:673][448]LogModuleManager: Shutting down and abandoning module GitSourceControl (316)
[2018.12.04-19.50.46:673][448]LogModuleManager: Shutting down and abandoning module SourceControl (315)
[2018.12.04-19.50.46:673][448]LogModuleManager: Shutting down and abandoning module CLionSourceCodeAccess (312)
[2018.12.04-19.50.46:673][448]LogModuleManager: Shutting down and abandoning module LightPropagationVolumeEditor (310)
[2018.12.04-19.50.46:673][448]LogModuleManager: Shutting down and abandoning module PaperTiledImporter (308)
[2018.12.04-19.50.46:674][448]LogModuleManager: Shutting down and abandoning module PaperSpriteSheetImporter (306)
[2018.12.04-19.50.46:674][448]LogModuleManager: Shutting down and abandoning module Paper2DEditor (304)
[2018.12.04-19.50.46:674][448]LogModuleManager: Shutting down and abandoning module MeshPaint (303)
[2018.12.04-19.50.46:674][448]LogModuleManager: Shutting down and abandoning module RuntimePhysXCooking (300)
[2018.12.04-19.50.46:674][448]LogModuleManager: Shutting down and abandoning module PhysXVehiclesEditor (298)
[2018.12.04-19.50.46:674][448]LogModuleManager: Shutting down and abandoning module PhysXVehicles (296)
[2018.12.04-19.50.46:674][448]LogModuleManager: Shutting down and abandoning module OculusEditor (294)
[2018.12.04-19.50.46:674][448]LogModuleManager: Shutting down and abandoning module LocationServicesBPLibrary (292)
[2018.12.04-19.50.46:674][448]LogModuleManager: Shutting down and abandoning module ImmediatePhysicsEditor (290)
[2018.12.04-19.50.46:674][448]LogModuleManager: Shutting down and abandoning module ImmediatePhysics (288)
[2018.12.04-19.50.46:674][448]LogModuleManager: Shutting down and abandoning module ActorSequence (286)
[2018.12.04-19.50.46:674][448]LogModuleManager: Shutting down and abandoning module UdpMessaging (284)
[2018.12.04-19.50.46:774][448]LogModuleManager: Shutting down and abandoning module TcpMessaging (282)
[2018.12.04-19.50.46:875][448]LogModuleManager: Shutting down and abandoning module MagicLeapAudio (280)
[2018.12.04-19.50.46:875][448]LogModuleManager: Shutting down and abandoning module GameplayTagsEditor (278)
[2018.12.04-19.50.46:875][448]LogModuleManager: Shutting down and abandoning module FacialAnimationEditor (276)
[2018.12.04-19.50.46:875][448]LogModuleManager: Shutting down and abandoning module FacialAnimation (274)
[2018.12.04-19.50.46:875][448]LogModuleManager: Shutting down and abandoning module DataValidation (272)
[2018.12.04-19.50.46:875][448]LogModuleManager: Shutting down and abandoning module AssetManagerEditor (270)
[2018.12.04-19.50.46:875][448]LogModuleManager: Shutting down and abandoning module LevelEditor (269)
[2018.12.04-19.50.46:876][448]LogModuleManager: Shutting down and abandoning module PixelInspectorModule (268)
[2018.12.04-19.50.46:876][448]LogModuleManager: Shutting down and abandoning module CommonMenuExtensions (266)
[2018.12.04-19.50.46:877][448]LogModuleManager: Shutting down and abandoning module MainFrame (264)
[2018.12.04-19.50.46:877][448]LogModuleManager: Shutting down and abandoning module HotReload (263)
[2018.12.04-19.50.46:879][448]LogModuleManager: Shutting down and abandoning module ContentBrowser (259)
[2018.12.04-19.50.46:881][448]LogModuleManager: Shutting down and abandoning module TreeMap (257)
[2018.12.04-19.50.46:881][448]LogModuleManager: Shutting down and abandoning module LightPropagationVolumeRuntime (254)
[2018.12.04-19.50.46:881][448]LogModuleManager: Shutting down and abandoning module AISupportModule (252)
[2018.12.04-19.50.46:881][448]LogModuleManager: Shutting down and abandoning module Paper2D (250)
[2018.12.04-19.50.46:881][448]LogModuleManager: Shutting down and abandoning module WindowsMoviePlayer (248)
[2018.12.04-19.50.46:881][448]LogModuleManager: Shutting down and abandoning module WmfMedia (246)
[2018.12.04-19.50.46:883][448]LogModuleManager: Shutting down and abandoning module Media (245)
[2018.12.04-19.50.46:891][448]LogModuleManager: Shutting down and abandoning module PacketHandler (242)
[2018.12.04-19.50.46:891][448]LogModuleManager: Shutting down and abandoning module ClothingSystemEditor (240)
[2018.12.04-19.50.46:891][448]LogModuleManager: Shutting down and abandoning module ClothingSystemRuntime (238)
[2018.12.04-19.50.46:903][448]LogModuleManager: Shutting down and abandoning module MediaAssets (236)
[2018.12.04-19.50.46:903][448]LogModuleManager: Shutting down and abandoning module Overlay (234)
[2018.12.04-19.50.46:903][448]LogModuleManager: Shutting down and abandoning module OverlayEditor (233)
[2018.12.04-19.50.46:903][448]LogModuleManager: Shutting down and abandoning module VREditor (230)
[2018.12.04-19.50.46:903][448]LogModuleManager: Shutting down and abandoning module StringTableEditor (228)
[2018.12.04-19.50.46:903][448]LogModuleManager: Shutting down and abandoning module GameplayTasksEditor (226)
[2018.12.04-19.50.46:903][448]LogModuleManager: Shutting down and abandoning module BehaviorTreeEditor (224)
[2018.12.04-19.50.46:904][448]LogModuleManager: Shutting down and abandoning module FunctionalTesting (222)
[2018.12.04-19.50.46:904][448]LogModuleManager: Shutting down and abandoning module CollisionAnalyzer (220)
[2018.12.04-19.50.46:904][448]LogModuleManager: Shutting down and abandoning module WorkspaceMenuStructure (219)
[2018.12.04-19.50.46:904][448]LogModuleManager: Shutting down and abandoning module UMG (216)
[2018.12.04-19.50.46:904][448]LogModuleManager: Shutting down and abandoning module UMGEditor (215)
[2018.12.04-19.50.46:904][448]LogModuleManager: Shutting down and abandoning module Sequencer (214)
[2018.12.04-19.50.46:904][448]LogModuleManager: Shutting down and abandoning module MessageLog (211)
[2018.12.04-19.50.46:904][448]LogModuleManager: Shutting down and abandoning module SlateReflector (206)
[2018.12.04-19.50.46:905][448]LogModuleManager: Shutting down and abandoning module Slate (204)
[2018.12.04-19.50.46:905][448]LogModuleManager: Shutting down and abandoning module EditorStyle (202)
[2018.12.04-19.50.46:908][448]LogModuleManager: Shutting down and abandoning module MRMesh (200)
[2018.12.04-19.50.46:908][448]LogModuleManager: Shutting down and abandoning module SourceCodeAccess (198)
[2018.12.04-19.50.46:908][448]LogModuleManager: Shutting down and abandoning module HeadMountedDisplay (196)
[2018.12.04-19.50.46:908][448]LogModuleManager: Shutting down and abandoning module XAudio2 (194)
[2018.12.04-19.50.46:908][448]LogModuleManager: Shutting down and abandoning module Networking (192)
[2018.12.04-19.50.46:908][448]LogModuleManager: Shutting down and abandoning module Core (190)
[2018.12.04-19.50.46:908][448]LogModuleManager: Shutting down and abandoning module LevelSequence (188)
[2018.12.04-19.50.46:908][448]LogModuleManager: Shutting down and abandoning module KismetCompiler (186)
[2018.12.04-19.50.46:908][448]LogModuleManager: Shutting down and abandoning module MeshUtilities (184)
[2018.12.04-19.50.46:909][448]LogModuleManager: Shutting down and abandoning module MeshMergeUtilities (183)
[2018.12.04-19.50.46:909][448]LogModuleManager: Shutting down and abandoning module MeshReductionInterface (182)
[2018.12.04-19.50.46:909][448]LogModuleManager: Shutting down and abandoning module SimplygonSwarm (181)
[2018.12.04-19.50.46:909][448]LogModuleManager: Shutting down and abandoning module ProxyLODMeshReduction (179)
[2018.12.04-19.50.46:909][448]LogModuleManager: Shutting down and abandoning module SimplygonMeshReduction (177)
[2018.12.04-19.50.46:909][448]LogModuleManager: Shutting down and abandoning module QuadricMeshReduction (175)
[2018.12.04-19.50.46:909][448]LogModuleManager: Shutting down and abandoning module MaterialBaking (171)
[2018.12.04-19.50.46:909][448]LogModuleManager: Shutting down and abandoning module DirectoryWatcher (167)
[2018.12.04-19.50.46:909][448]LogModuleManager: Shutting down and abandoning module DerivedDataCache (164)
[2018.12.04-19.50.46:978][448]LogDerivedDataCache: Shutdown
[2018.12.04-19.50.46:978][448]LogModuleManager: Shutting down and abandoning module XGEController (162)
[2018.12.04-19.50.46:978][448]LogXGEController: Cleaning working directory: C:/Users/maxsa/AppData/Local/Temp/UnrealXGEWorkingDir/
[2018.12.04-19.50.46:978][448]LogModuleManager: Shutting down and abandoning module TargetPlatform (160)
[2018.12.04-19.50.46:978][448]LogModuleManager: Shutting down and abandoning module VulkanShaderFormat (159)
[2018.12.04-19.50.46:978][448]LogModuleManager: Shutting down and abandoning module ShaderFormatVectorVM (157)
[2018.12.04-19.50.46:978][448]LogModuleManager: Shutting down and abandoning module ShaderFormatOpenGL (155)
[2018.12.04-19.50.46:978][448]LogModuleManager: Shutting down and abandoning module ShaderFormatD3D (153)
[2018.12.04-19.50.46:978][448]LogModuleManager: Shutting down and abandoning module MetalShaderFormat (151)
[2018.12.04-19.50.46:978][448]LogModuleManager: Shutting down and abandoning module TextureFormatUncompressed (149)
[2018.12.04-19.50.46:978][448]LogModuleManager: Shutting down and abandoning module TextureFormatPVR (147)
[2018.12.04-19.50.46:978][448]LogModuleManager: Shutting down and abandoning module TextureFormatDXT (145)
[2018.12.04-19.50.46:979][448]LogModuleManager: Shutting down and abandoning module TextureFormatIntelISPCTexComp (143)
[2018.12.04-19.50.46:979][448]LogModuleManager: Shutting down and abandoning module TextureFormatASTC (141)
[2018.12.04-19.50.46:979][448]LogModuleManager: Shutting down and abandoning module ImageWrapper (140)
[2018.12.04-19.50.46:979][448]LogModuleManager: Shutting down and abandoning module TextureFormatAndroid (137)
[2018.12.04-19.50.46:979][448]LogModuleManager: Shutting down and abandoning module AudioFormatOpus (135)
[2018.12.04-19.50.46:979][448]LogModuleManager: Shutting down and abandoning module AudioFormatOgg (133)
[2018.12.04-19.50.46:979][448]LogModuleManager: Shutting down and abandoning module AudioFormatADPCM (131)
[2018.12.04-19.50.46:979][448]LogModuleManager: Shutting down and abandoning module LuminTargetPlatform (129)
[2018.12.04-19.50.46:979][448]LogModuleManager: Shutting down and abandoning module LinuxTargetPlatform (127)
[2018.12.04-19.50.46:979][448]LogModuleManager: Shutting down and abandoning module LinuxServerTargetPlatform (125)
[2018.12.04-19.50.46:979][448]LogModuleManager: Shutting down and abandoning module LinuxNoEditorTargetPlatform (123)
[2018.12.04-19.50.46:979][448]LogModuleManager: Shutting down and abandoning module LinuxClientTargetPlatform (121)
[2018.12.04-19.50.46:979][448]LogModuleManager: Shutting down and abandoning module TVOSTargetPlatform (119)
[2018.12.04-19.50.46:981][448]LogModuleManager: Shutting down and abandoning module Messaging (117)
[2018.12.04-19.50.46:981][448]LogModuleManager: Shutting down and abandoning module IOSTargetPlatform (115)
[2018.12.04-19.50.46:982][448]LogModuleManager: Shutting down and abandoning module HTML5TargetPlatform (113)
[2018.12.04-19.50.46:982][448]LogModuleManager: Shutting down and abandoning module AndroidTargetPlatform (111)
[2018.12.04-19.50.46:993][448]LogModuleManager: Shutting down and abandoning module WindowsTargetPlatform (109)
[2018.12.04-19.50.46:993][448]LogModuleManager: Shutting down and abandoning module WindowsServerTargetPlatform (107)
[2018.12.04-19.50.46:993][448]LogModuleManager: Shutting down and abandoning module WindowsNoEditorTargetPlatform (105)
[2018.12.04-19.50.46:993][448]LogModuleManager: Shutting down and abandoning module WindowsClientTargetPlatform (103)
[2018.12.04-19.50.46:993][448]LogModuleManager: Shutting down and abandoning module MacTargetPlatform (101)
[2018.12.04-19.50.46:993][448]LogModuleManager: Shutting down and abandoning module MacServerTargetPlatform (99)
[2018.12.04-19.50.46:993][448]LogModuleManager: Shutting down and abandoning module MacNoEditorTargetPlatform (97)
[2018.12.04-19.50.46:993][448]LogModuleManager: Shutting down and abandoning module MacClientTargetPlatform (95)
[2018.12.04-19.50.46:993][448]LogModuleManager: Shutting down and abandoning module AllDesktopTargetPlatform (93)
[2018.12.04-19.50.46:993][448]LogModuleManager: Shutting down and abandoning module InputCore (90)
[2018.12.04-19.50.46:993][448]LogModuleManager: Shutting down and abandoning module Settings (88)
[2018.12.04-19.50.46:993][448]LogModuleManager: Shutting down and abandoning module PhysXCooking (86)
[2018.12.04-19.50.46:993][448]LogModuleManager: Shutting down and abandoning module SteamVR (84)
[2018.12.04-19.50.46:993][448]LogModuleManager: Shutting down and abandoning module OculusHMD (82)
[2018.12.04-19.50.46:993][448]LogModuleManager: Shutting down and abandoning module ExampleDeviceProfileSelector (80)
[2018.12.04-19.50.46:993][448]LogModuleManager: Shutting down and abandoning module LauncherChunkInstaller (78)
[2018.12.04-19.50.46:993][448]LogModuleManager: Shutting down and abandoning module OnlineBlueprintSupport (76)
[2018.12.04-19.50.46:993][448]LogModuleManager: Shutting down and abandoning module OnlineSubsystem (72)
[2018.12.04-19.50.46:995][448]LogModuleManager: Shutting down and abandoning module XMPP (65)
[2018.12.04-19.50.46:995][448]LogModuleManager: Shutting down and abandoning module WebSockets (64)
[2018.12.04-19.50.47:016][448]LogModuleManager: Shutting down and abandoning module HTTP (61)
[2018.12.04-19.50.47:016][448]LogHttp: Display: Http module shutting down, but needs to wait on 1 outstanding Http requests:
[2018.12.04-19.50.47:016][448]LogHttp: Display: 	verb=[POST] url=[https://datarouter.ol.epicgames.com/datarouter/api/v1/public/data?SessionID=%7B1F108400-4D0E-3001-1D55-4C93C4EB86DC%7D&AppID=UEEditor.Rocket.Release&AppVersion=4.20.3-4369336%2B%2B%2BUE4%2BRelease-4.20&UserID=9b2d74f540de947067f12f85f0e10fc3%7C121cf0c067fc45bf8a47a34e1f08bd7e%7C6529c761-14eb-4014-bd30-d410aae9a07c&AppEnvironment=datacollector-binary&UploadType=eteventstream] status=Processing
[2018.12.04-19.50.47:035][448]LogModuleManager: Shutting down and abandoning module SSL (60)
[2018.12.04-19.50.47:037][448]LogModuleManager: Shutting down and abandoning module MagicLeapEmulator (56)
[2018.12.04-19.50.47:038][448]LogModuleManager: Shutting down and abandoning module MagicLeapPrivileges (54)
[2018.12.04-19.50.47:038][448]LogModuleManager: Shutting down and abandoning module MagicLeapIdentity (52)
[2018.12.04-19.50.47:038][448]LogModuleManager: Shutting down and abandoning module MagicLeapHelperVulkan (50)
[2018.12.04-19.50.47:038][448]LogModuleManager: Shutting down and abandoning module MagicLeapHelperOpenGL (48)
[2018.12.04-19.50.47:038][448]LogModuleManager: Shutting down and abandoning module MagicLeapSecureStorage (46)
[2018.12.04-19.50.47:038][448]LogModuleManager: Shutting down and abandoning module MagicLeapGestures (44)
[2018.12.04-19.50.47:038][448]LogModuleManager: Shutting down and abandoning module MagicLeapEyeTracker (42)
[2018.12.04-19.50.47:038][448]LogModuleManager: Shutting down and abandoning module MagicLeapController (40)
[2018.12.04-19.50.47:038][448]LogSlate: Slate User Destroyed.  User Index 0, Is Virtual User: 0
[2018.12.04-19.50.47:038][448]LogModuleManager: Shutting down and abandoning module MagicLeap (38)
[2018.12.04-19.50.47:038][448]LogModuleManager: Shutting down and abandoning module AnimationModifiers (36)
[2018.12.04-19.50.47:039][448]LogModuleManager: Shutting down and abandoning module PropertyEditor (35)
[2018.12.04-19.50.47:039][448]LogModuleManager: Shutting down and abandoning module AudioEditor (32)
[2018.12.04-19.50.47:039][448]LogModuleManager: Shutting down and abandoning module TextureCompressor (30)
[2018.12.04-19.50.47:039][448]LogModuleManager: Shutting down and abandoning module ShaderCore (28)
[2018.12.04-19.50.47:039][448]LogModuleManager: Shutting down and abandoning module Landscape (26)
[2018.12.04-19.50.47:039][448]LogModuleManager: Shutting down and abandoning module SlateRHIRenderer (24)
[2018.12.04-19.50.47:040][448]LogModuleManager: Shutting down and abandoning module OpenGLDrv (22)
[2018.12.04-19.50.47:040][448]LogModuleManager: Shutting down and abandoning module D3D11RHI (20)
[2018.12.04-19.50.47:040][448]LogModuleManager: Shutting down and abandoning module AnimGraphRuntime (18)
[2018.12.04-19.50.47:040][448]LogModuleManager: Shutting down and abandoning module Renderer (16)
[2018.12.04-19.50.47:040][448]LogModuleManager: Shutting down and abandoning module Engine (14)
[2018.12.04-19.50.47:040][448]LogModuleManager: Shutting down and abandoning module CoreUObject (12)
[2018.12.04-19.50.47:040][448]LogModuleManager: Shutting down and abandoning module NetworkFile (10)
[2018.12.04-19.50.47:040][448]LogModuleManager: Shutting down and abandoning module CookedIterativeFile (8)
[2018.12.04-19.50.47:040][448]LogModuleManager: Shutting down and abandoning module StreamingFile (6)
[2018.12.04-19.50.47:040][448]LogModuleManager: Shutting down and abandoning module SandboxFile (4)
[2018.12.04-19.50.47:040][448]LogModuleManager: Shutting down and abandoning module PakFile (2)
[2018.12.04-19.50.47:046][448]LogExit: Exiting.
[2018.12.04-19.50.47:050][448]Log file closed, 12/04/18 14:50:47
