Log file open, 09/14/18 12:17:20
LogWindows: Failed to load 'aqProf.dll' (GetLastError=126)
LogWindows: File 'aqProf.dll' does not exist
LogWindows: Failed to load 'VSPerf140.dll' (GetLastError=126)
LogWindows: File 'VSPerf140.dll' does not exist
LogWindows: Failed to load 'VtuneApi.dll' (GetLastError=126)
LogWindows: File 'VtuneApi.dll' does not exist
LogWindows: Failed to load 'VtuneApi32e.dll' (GetLastError=126)
LogWindows: File 'VtuneApi32e.dll' does not exist
LogInit: Display: Running engine for game: SteamProject
LogPlatformFile: Not using cached read wrapper
LogTaskGraph: Started task graph with 5 named threads and 14 total threads with 3 sets of task threads.
LogStats: Stats thread started at 0.178716
LogD3D11RHI: Loaded GFSDK_Aftermath_Lib.x64.dll
LogICUInternationalization: Display: ICU TimeZone Detection - Raw Offset: -5:00, Platform Override: ''
LogPluginManager: Mounting plugin Paper2D
LogPluginManager: Mounting plugin AISupport
LogPluginManager: Mounting plugin LightPropagationVolume
LogPluginManager: Mounting plugin CLionSourceCodeAccess
LogPluginManager: Mounting plugin CodeLiteSourceCodeAccess
LogPluginManager: Mounting plugin GitSourceControl
LogPluginManager: Mounting plugin KDevelopSourceCodeAccess
LogPluginManager: Mounting plugin NullSourceCodeAccess
LogPluginManager: Mounting plugin PerforceSourceControl
LogPluginManager: Mounting plugin SubversionSourceControl
LogPluginManager: Mounting plugin UObjectPlugin
LogPluginManager: Mounting plugin VisualStudioCodeSourceCodeAccess
LogPluginManager: Mounting plugin VisualStudioSourceCodeAccess
LogPluginManager: Mounting plugin XCodeSourceCodeAccess
LogPluginManager: Mounting plugin AssetManagerEditor
LogPluginManager: Mounting plugin CryptoKeys
LogPluginManager: Mounting plugin DataValidation
LogPluginManager: Mounting plugin FacialAnimation
LogPluginManager: Mounting plugin GameplayTagsEditor
LogPluginManager: Mounting plugin MacGraphicsSwitching
LogPluginManager: Mounting plugin MeshEditor
LogPluginManager: Mounting plugin MobileLauncherProfileWizard
LogPluginManager: Mounting plugin PluginBrowser
LogPluginManager: Mounting plugin SpeedTreeImporter
LogPluginManager: Mounting plugin DatasmithContent
LogPluginManager: Mounting plugin AlembicImporter
LogPluginManager: Mounting plugin AppleImageUtils
LogPluginManager: Mounting plugin AppleVision
LogPluginManager: Mounting plugin BackChannel
LogPluginManager: Mounting plugin CharacterAI
LogPluginManager: Mounting plugin GeometryCache
LogPluginManager: Mounting plugin HTML5Networking
LogPluginManager: Mounting plugin ProxyLODPlugin
LogPluginManager: Mounting plugin MagicLeap
LogPluginManager: Mounting plugin MagicLeapEmulator
LogPluginManager: Mounting plugin MagicLeapMedia
LogPluginManager: Mounting plugin AndroidMedia
LogPluginManager: Mounting plugin AvfMedia
LogPluginManager: Mounting plugin ImgMedia
LogPluginManager: Mounting plugin LinearTimecode
LogPluginManager: Mounting plugin MediaCompositing
LogPluginManager: Mounting plugin MediaPlayerEditor
LogPluginManager: Mounting plugin WmfMedia
LogPluginManager: Mounting plugin TcpMessaging
LogPluginManager: Mounting plugin UdpMessaging
LogPluginManager: Mounting plugin ActorSequence
LogPluginManager: Mounting plugin LevelSequenceEditor
LogPluginManager: Mounting plugin MatineeToLevelSequence
LogPluginManager: Mounting plugin NetcodeUnitTest
LogPluginManager: Mounting plugin NUTUnrealEngine4
LogPluginManager: Mounting plugin OnlineSubsystemGooglePlay
LogPluginManager: Mounting plugin OnlineSubsystemIOS
LogPluginManager: Mounting plugin OnlineSubsystem
LogPluginManager: Mounting plugin OnlineSubsystemNull
LogPluginManager: Mounting plugin OnlineSubsystemSteam
LogPluginManager: Mounting plugin OnlineSubsystemUtils
LogPluginManager: Mounting plugin LauncherChunkInstaller
LogPluginManager: Mounting plugin AndroidDeviceProfileSelector
LogPluginManager: Mounting plugin AndroidMoviePlayer
LogPluginManager: Mounting plugin AndroidPermission
LogPluginManager: Mounting plugin AppleMoviePlayer
LogPluginManager: Mounting plugin ArchVisCharacter
LogPluginManager: Mounting plugin AudioCapture
LogPluginManager: Mounting plugin CableComponent
LogPluginManager: Mounting plugin CustomMeshComponent
LogPluginManager: Mounting plugin EditableMesh
LogPluginManager: Mounting plugin ExampleDeviceProfileSelector
LogPluginManager: Mounting plugin GoogleCloudMessaging
LogPluginManager: Mounting plugin ImmediatePhysics
LogPluginManager: Mounting plugin IOSDeviceProfileSelector
LogPluginManager: Mounting plugin LinuxDeviceProfileSelector
LogPluginManager: Mounting plugin LocationServicesBPLibrary
LogPluginManager: Mounting plugin MobilePatchingUtils
LogPluginManager: Mounting plugin OculusVR
LogPluginManager: Plugin shader directory ../../../Engine/Plugins/Runtime/Oculus/OculusVR/Shaders found
LogPluginManager: Mapping shader source directory ../../../Engine/Plugins/Runtime/Oculus/OculusVR/Shaders to virtual directory /Plugin/OculusVR
LogPluginManager: Mounting plugin PhysXVehicles
LogPluginManager: Mounting plugin ProceduralMeshComponent
LogPluginManager: Mounting plugin RuntimePhysXCooking
LogPluginManager: Mounting plugin SteamVR
LogPluginManager: Mounting plugin WindowsMoviePlayer
LogStreaming: Display: Took  0.245s to configure plugins.
LogInit: Using libcurl 7.55.1-DEV
LogInit:  - built for x86_64-pc-win32
LogInit:  - supports SSL with OpenSSL/1.0.2h
LogInit:  - supports HTTP deflate (compression) using libz 1.2.8
LogInit:  - other features:
LogInit:      CURL_VERSION_SSL
LogInit:      CURL_VERSION_LIBZ
LogInit:      CURL_VERSION_IPV6
LogInit:      CURL_VERSION_ASYNCHDNS
LogInit:      CURL_VERSION_LARGEFILE
LogInit:      CURL_VERSION_IDN
LogInit:  CurlRequestOptions (configurable via config and command line):
LogInit:  - bVerifyPeer = false  - Libcurl will NOT verify peer certificate
LogInit:  - bUseHttpProxy = false  - Libcurl will NOT use HTTP proxy
LogInit:  - bDontReuseConnections = false  - Libcurl will reuse connections
LogInit:  - CertBundlePath = nullptr  - Libcurl will use whatever was configured at build time.
LogInit:  - MaxHostConnections = 16  - Libcurl will limit the number of connections to a host
LogInit:  - LocalHostAddr = Default
LogInit:  - BufferSize = 65536
LogOnline: Display: STEAM: Loading Steam SDK 1.39
LogOnline: Warning: STEAM: Steam API disabled!
LogOnline: Display: STEAM: OnlineSubsystemSteam::Shutdown()
LogInit: WinSock: version 1.1 (2.2), MaxSocks=32767, MaxUdp=65467
LogInit: Build: ++UE4+Release-4.20-CL-4302132
LogInit: Engine Version: 4.20.2-4302132+++UE4+Release-4.20
LogInit: Compatible Engine Version: 4.20.0-4212847+++UE4+Release-4.20
LogInit: Net CL: 4212847
LogInit: OS: Windows 10 (), CPU:        Intel(R) Core(TM) i5-3570K CPU @ 3.40GHz, GPU: NVIDIA GeForce GTX 1070
LogInit: Compiled (64-bit): Aug 21 2018 02:06:06
LogInit: Compiled with Visual C++: 19.13.26129.00
LogInit: Build Configuration: Development
LogInit: Branch Name: ++UE4+Release-4.20
LogInit: Command Line:  
LogInit: Base Directory: E:/UE_4.20/Engine/Binaries/Win64/
LogInit: Installed Engine Build: 1
LogDevObjectVersion: Number of dev versions registered: 20
LogDevObjectVersion:   Dev-Blueprints (B0D832E4-1F89-4F0D-ACCF-7EB736FD4AA2): 10
LogDevObjectVersion:   Dev-Build (E1C64328-A22C-4D53-A36C-8E866417BD8C): 0
LogDevObjectVersion:   Dev-Core (375EC13C-06E4-48FB-B500-84F0262A717E): 2
LogDevObjectVersion:   Dev-Editor (E4B068ED-F494-42E9-A231-DA0B2E46BB41): 24
LogDevObjectVersion:   Dev-Framework (CFFC743F-43B0-4480-9391-14DF171D2073): 34
LogDevObjectVersion:   Dev-Mobile (B02B49B5-BB20-44E9-A304-32B752E40360): 2
LogDevObjectVersion:   Dev-Networking (A4E4105C-59A1-49B5-A7C5-40C4547EDFEE): 0
LogDevObjectVersion:   Dev-Online (39C831C9-5AE6-47DC-9A44-9C173E1C8E7C): 0
LogDevObjectVersion:   Dev-Physics (78F01B33-EBEA-4F98-B9B4-84EACCB95AA2): 0
LogDevObjectVersion:   Dev-Platform (6631380F-2D4D-43E0-8009-CF276956A95A): 0
LogDevObjectVersion:   Dev-Rendering (12F88B9F-8875-4AFC-A67C-D90C383ABD29): 26
LogDevObjectVersion:   Dev-Sequencer (7B5AE74C-D270-4C10-A958-57980B212A5A): 9
LogDevObjectVersion:   Dev-VR (D7296918-1DD6-4BDD-9DE2-64A83CC13884): 2
LogDevObjectVersion:   Dev-LoadTimes (C2A15278-BFE7-4AFE-6C17-90FF531DF755): 1
LogDevObjectVersion:   Private-Geometry (6EACA3D4-40EC-4CC1-B786-8BED09428FC5): 3
LogDevObjectVersion:   Dev-AnimPhys (29E575DD-E0A3-4627-9D10-D276232CDCEA): 17
LogDevObjectVersion:   Dev-ReflectionCapture (6B266CEC-1EC7-4B8F-A30B-E4D90942FC07): 1
LogDevObjectVersion:   Dev-Automation (0DF73D61-A23F-47EA-B727-89E90C41499A): 1
LogDevObjectVersion:   FortniteMain (601D1886-AC64-4F84-AA16-D3DE0DEAC7D6): 12
LogDevObjectVersion:   Dev-Enterprise (9DFFBCD6-494F-0158-E221-12823C92A888): 1
LogStreaming: Display: Took  0.005s to delete old logs.
LogInit: Presizing for max 8388607 objects, including 0 objects not considered by GC, pre-allocating 0 bytes for permanent pool.
LogInit: Object subsystem initialized
[2018.09.14-16.17.24:296][  0]LogInit: Selected Device Profile: [Windows]
[2018.09.14-16.17.24:297][  0]LogInit: Applying CVar settings loaded from the selected device profile: [Windows]
[2018.09.14-16.17.24:349][  0]LogHAL: Display: Platform has ~ 16 GB [17128337408 / 17179869184 / 16], which maps to Larger [LargestMinGB=32, LargerMinGB=12, DefaultMinGB=8, SmallerMinGB=6, SmallestMinGB=0)
[2018.09.14-16.17.24:356][  0]LogInit: Setting Device Profile CVar: [[r.Vulkan.UseRealUBs:1]]
[2018.09.14-16.17.24:363][  0]LogInit: Going up to parent DeviceProfile []
[2018.09.14-16.17.24:382][  0]LogInit: Computer: MAX-PC
[2018.09.14-16.17.24:382][  0]LogInit: User: maxsa
[2018.09.14-16.17.24:382][  0]LogInit: CPU Page size=4096, Cores=4
[2018.09.14-16.17.24:382][  0]LogInit: High frequency timer resolution =3.320332 MHz
[2018.09.14-16.17.24:382][  0]LogMemory: Memory total: Physical=16.0GB (16GB approx)
[2018.09.14-16.17.24:382][  0]LogMemory: Platform Memory Stats for Windows
[2018.09.14-16.17.24:382][  0]LogMemory: Process Physical Memory: 100.35 MB used, 100.35 MB peak
[2018.09.14-16.17.24:382][  0]LogMemory: Process Virtual Memory: 84.23 MB used, 84.23 MB peak
[2018.09.14-16.17.24:382][  0]LogMemory: Physical Memory: 7543.86 MB used,  8790.99 MB free, 16334.86 MB total
[2018.09.14-16.17.24:382][  0]LogMemory: Virtual Memory: 4621.54 MB used,  8790.99 MB free, 134217728.00 MB total
[2018.09.14-16.17.25:369][  0]LogInit: Using OS detected language (en-US).
[2018.09.14-16.17.25:369][  0]LogInit: Using OS detected locale (en-CA).
[2018.09.14-16.17.25:441][  0]LogTextLocalizationManager: No specific localization for 'en-US' exists, so the 'en' localization will be used.
[2018.09.14-16.17.26:376][  0]LogStreaming: Display: Took  0.989s to InitEngineTextLocalization.
[2018.09.14-16.17.26:384][  0]LogInit: Setting process to per monitor DPI aware
[2018.09.14-16.17.27:126][  0]LogSlate: New Slate User Created.  User Index 0, Is Virtual User: 0
[2018.09.14-16.17.27:126][  0]LogSlate: Slate User Registered.  User Index 0, Is Virtual User: 0
[2018.09.14-16.17.31:199][  0]LogHMD: Failed to initialize OpenVR with code 105
[2018.09.14-16.17.31:199][  0]LogD3D11RHI: D3D11 adapters:
[2018.09.14-16.17.31:268][  0]LogD3D11RHI:    0. 'NVIDIA GeForce GTX 1070' (Feature Level 11_0)
[2018.09.14-16.17.31:268][  0]LogD3D11RHI:       8088/0/8167 MB DedicatedVideo/DedicatedSystem/SharedSystem, Outputs:2, VendorId:0x10de
[2018.09.14-16.17.31:273][  0]LogD3D11RHI:    1. 'Microsoft Basic Render Driver' (Feature Level 11_0)
[2018.09.14-16.17.31:273][  0]LogD3D11RHI:       0/0/8167 MB DedicatedVideo/DedicatedSystem/SharedSystem, Outputs:0, VendorId:0x1414
[2018.09.14-16.17.31:273][  0]LogD3D11RHI: Chosen D3D11 Adapter: 0
[2018.09.14-16.17.31:278][  0]LogD3D11RHI: Creating new Direct3DDevice
[2018.09.14-16.17.31:279][  0]LogD3D11RHI:     GPU DeviceId: 0x1b81 (for the marketing name, search the web for "GPU Device Id")
[2018.09.14-16.17.31:282][  0]LogWindows: EnumDisplayDevices:
[2018.09.14-16.17.31:283][  0]LogWindows:    0. 'NVIDIA GeForce GTX 1070' (P:1 D:1)
[2018.09.14-16.17.31:283][  0]LogWindows:    1. 'NVIDIA GeForce GTX 1070' (P:0 D:1)
[2018.09.14-16.17.31:283][  0]LogWindows:    2. 'NVIDIA GeForce GTX 1070' (P:0 D:0)
[2018.09.14-16.17.31:283][  0]LogWindows:    3. 'NVIDIA GeForce GTX 1070' (P:0 D:0)
[2018.09.14-16.17.31:284][  0]LogWindows: DebugString: FoundDriverCount:4 
[2018.09.14-16.17.31:284][  0]LogD3D11RHI:     Adapter Name: NVIDIA GeForce GTX 1070
[2018.09.14-16.17.31:295][  0]LogD3D11RHI:   Driver Version: 399.24 (internal:24.21.13.9924, unified:399.24)
[2018.09.14-16.17.31:295][  0]LogD3D11RHI:      Driver Date: 9-5-2018
[2018.09.14-16.17.31:295][  0]LogRHI: Texture pool is 5661 MB (70% of 8088 MB)
[2018.09.14-16.17.31:344][  0]LogD3D11RHI: Async texture creation enabled
[2018.09.14-16.17.31:571][  0]LogD3D11RHI: GPU Timing Frequency: 1000.000000 (Debug: 2 2)
[2018.09.14-16.17.31:720][  0]LogShaderCompilers: Guid format shader working directory is -5 characters bigger than the processId version (C:/Users/maxsa/Desktop/Unreal Projects/SteamProject/Intermediate/Shaders/WorkingDirectory/4800/).
[2018.09.14-16.17.31:720][  0]LogShaderCompilers: Cleaned the shader compiler working directory 'C:/Users/maxsa/AppData/Local/Temp/UnrealShaderWorkingDir/82F49D7F474804732AAB3A88EAE4BC58/'.
[2018.09.14-16.17.32:246][  0]LogTemp: Display: Loaded TP AllDesktopTargetPlatform
[2018.09.14-16.17.32:280][  0]LogTemp: Display: Loaded TP MacClientTargetPlatform
[2018.09.14-16.17.32:316][  0]LogTemp: Display: Loaded TP MacNoEditorTargetPlatform
[2018.09.14-16.17.32:360][  0]LogTemp: Display: Loaded TP MacServerTargetPlatform
[2018.09.14-16.17.32:416][  0]LogTemp: Display: Loaded TP MacTargetPlatform
[2018.09.14-16.17.32:475][  0]LogTemp: Display: Loaded TP WindowsClientTargetPlatform
[2018.09.14-16.17.32:517][  0]LogTemp: Display: Loaded TP WindowsNoEditorTargetPlatform
[2018.09.14-16.17.32:569][  0]LogTemp: Display: Loaded TP WindowsServerTargetPlatform
[2018.09.14-16.17.32:605][  0]LogTemp: Display: Loaded TP WindowsTargetPlatform
[2018.09.14-16.17.32:794][  0]LogTemp: Display: Loaded TP AndroidTargetPlatform
[2018.09.14-16.17.32:794][  0]LogTemp: Display: Loaded TP AndroidTargetPlatform
[2018.09.14-16.17.32:794][  0]LogTemp: Display: Loaded TP AndroidTargetPlatform
[2018.09.14-16.17.32:794][  0]LogTemp: Display: Loaded TP AndroidTargetPlatform
[2018.09.14-16.17.32:794][  0]LogTemp: Display: Loaded TP AndroidTargetPlatform
[2018.09.14-16.17.32:794][  0]LogTemp: Display: Loaded TP AndroidTargetPlatform
[2018.09.14-16.17.32:794][  0]LogTemp: Display: Loaded TP AndroidTargetPlatform
[2018.09.14-16.17.32:794][  0]LogTemp: Display: Loaded TP AndroidTargetPlatform
[2018.09.14-16.17.32:794][  0]LogTemp: Display: Loaded TP AndroidTargetPlatform
[2018.09.14-16.17.32:794][  0]LogTemp: Display: Loaded TP AndroidTargetPlatform
[2018.09.14-16.17.32:794][  0]LogTemp: Display: Loaded TP AndroidTargetPlatform
[2018.09.14-16.17.32:794][  0]LogTemp: Display: Loaded TP AndroidTargetPlatform
[2018.09.14-16.17.32:794][  0]LogTemp: Display: Loaded TP AndroidTargetPlatform
[2018.09.14-16.17.32:794][  0]LogTemp: Display: Loaded TP AndroidTargetPlatform
[2018.09.14-16.17.32:794][  0]LogTemp: Display: Loaded TP AndroidTargetPlatform
[2018.09.14-16.17.32:794][  0]LogTemp: Display: Loaded TP AndroidTargetPlatform
[2018.09.14-16.17.32:794][  0]LogTemp: Display: Loaded TP AndroidTargetPlatform
[2018.09.14-16.17.32:794][  0]LogTemp: Display: Loaded TP AndroidTargetPlatform
[2018.09.14-16.17.32:813][  0]LogTemp: Display: Loaded TP HTML5TargetPlatform
[2018.09.14-16.17.32:982][  0]LogTemp: Display: Loaded TP IOSTargetPlatform
[2018.09.14-16.17.32:982][  0]LogTemp: Display: Loaded TP IOSTargetPlatform
[2018.09.14-16.17.33:016][  0]LogTemp: Display: Loaded TP TVOSTargetPlatform
[2018.09.14-16.17.33:016][  0]LogTemp: Display: Loaded TP TVOSTargetPlatform
[2018.09.14-16.17.33:045][  0]LogTemp: Display: Loaded TP LinuxClientTargetPlatform
[2018.09.14-16.17.33:069][  0]LogTemp: Display: Loaded TP LinuxNoEditorTargetPlatform
[2018.09.14-16.17.33:093][  0]LogTemp: Display: Loaded TP LinuxServerTargetPlatform
[2018.09.14-16.17.33:130][  0]LogTemp: Display: Loaded TP LinuxTargetPlatform
[2018.09.14-16.17.33:150][  0]LogTemp: Display: Loaded TP LuminTargetPlatform
[2018.09.14-16.17.33:150][  0]LogTargetPlatformManager: Display: Building Assets For Windows
[2018.09.14-16.17.34:129][  0]LogXGEController: Cannot use XGE Controller as Incredibuild is not installed on this machine.
[2018.09.14-16.17.34:129][  0]LogShaderCompilers: Cannot use XGE Shader Compiler as Incredibuild is not installed on this machine.
[2018.09.14-16.17.34:129][  0]LogShaderCompilers: Display: Using Local Shader Compiler.
[2018.09.14-16.17.38:428][  0]LogDerivedDataCache: Display: Max Cache Size: 512 MB
[2018.09.14-16.17.38:622][  0]LogDerivedDataCache: Loaded boot cache 0.19s 71MB C:/Users/maxsa/AppData/Local/UnrealEngine/4.20/DerivedDataCache/Boot.ddc.
[2018.09.14-16.17.38:622][  0]LogDerivedDataCache: Display: Loaded Boot cache: C:/Users/maxsa/AppData/Local/UnrealEngine/4.20/DerivedDataCache/Boot.ddc
[2018.09.14-16.17.38:622][  0]LogDerivedDataCache: FDerivedDataBackendGraph:  Pak pak cache file C:/Users/maxsa/Desktop/Unreal Projects/SteamProject/DerivedDataCache/DDC.ddp not found, will not use a pak cache.
[2018.09.14-16.17.38:623][  0]LogDerivedDataCache: Unable to find inner node Pak for hierarchical cache Hierarchy.
[2018.09.14-16.17.38:623][  0]LogDerivedDataCache: FDerivedDataBackendGraph:  CompressedPak pak cache file C:/Users/maxsa/Desktop/Unreal Projects/SteamProject/DerivedDataCache/Compressed.ddp not found, will not use a pak cache.
[2018.09.14-16.17.38:623][  0]LogDerivedDataCache: Unable to find inner node CompressedPak for hierarchical cache Hierarchy.
[2018.09.14-16.17.38:693][  0]LogDerivedDataCache: Display: Pak cache opened for reading ../../../Engine/DerivedDataCache/Compressed.ddp.
[2018.09.14-16.17.38:706][  0]LogDerivedDataCache: Using Local data cache path C:/Users/maxsa/AppData/Local/UnrealEngine/Common/DerivedDataCache: Writable
[2018.09.14-16.17.38:706][  0]LogDerivedDataCache: Shared data cache path not found in *engine.ini, will not use an Shared cache.
[2018.09.14-16.17.38:706][  0]LogDerivedDataCache: Unable to find inner node Shared for hierarchical cache Hierarchy.
[2018.09.14-16.17.38:758][  0]LogMaterial: Verifying Global Shaders for PCD3D_SM5
[2018.09.14-16.17.38:834][  0]LogSlate: Using FreeType 2.6.0
[2018.09.14-16.17.38:956][  0]LogSlate: SlateFontServices - WITH_FREETYPE: 1, WITH_HARFBUZZ: 1
[2018.09.14-16.17.39:718][  0]LogAssetRegistry: FAssetRegistry took 0.0325 seconds to start up
[2018.09.14-16.17.45:812][  0]LogInit: Selected Device Profile: [Windows]
[2018.09.14-16.17.51:948][  0]LogSimplygon: Simplygon DLL not present - disabling.
[2018.09.14-16.17.53:432][  0]LogMeshReduction: Using SimplygonSwarm for distributed automatic mesh merging
[2018.09.14-16.17.53:433][  0]LogMeshReduction: Using ProxyLODMeshReduction for automatic mesh merging
[2018.09.14-16.17.53:482][  0]LogMeshReduction: Using QuadricMeshReduction for automatic static mesh reduction
[2018.09.14-16.17.53:482][  0]LogMeshReduction: No automatic skeletal mesh reduction module available
[2018.09.14-16.17.54:892][  0]LogNetVersion: SteamProject 1.0.0, NetCL: 4212847, EngineNetVer: 5, GameNetVer: 0 (Checksum: 43773174)
[2018.09.14-16.18.05:628][  0]LogPackageLocalizationCache: Processed 11 localized package path(s) for 2 prioritized culture(s) in 0.174072 seconds
[2018.09.14-16.18.05:714][  0]LogUObjectArray: 38434 objects as part of root set at end of initial load.
[2018.09.14-16.18.05:714][  0]LogUObjectAllocator: 6701144 out of 0 bytes used by permanent object pool.
[2018.09.14-16.18.05:715][  0]LogUObjectArray: CloseDisregardForGC: 0/0 objects in disregard for GC pool
[2018.09.14-16.18.27:411][  0]LogTcpMessaging: Initializing TcpMessaging bridge
[2018.09.14-16.18.27:538][  0]LogUdpMessaging: Initializing bridge on interface 0.0.0.0:0 to multicast group 230.0.0.1:6666.
[2018.09.14-16.18.30:807][  0]SourceControl: Source control is disabled
[2018.09.14-16.18.30:822][  0]SourceControl: Source control is disabled
[2018.09.14-16.18.31:211][  0]SourceControl: Source control is disabled
[2018.09.14-16.18.31:371][  0]SourceControl: Source control is disabled
[2018.09.14-16.18.35:249][  0]LogAndroidPermission: UAndroidPermissionCallbackProxy::GetInstance
[2018.09.14-16.18.35:841][  0]LogOcInput: OculusInput pre-init called
[2018.09.14-16.18.37:001][  0]LogEngine: Initializing Engine...
[2018.09.14-16.18.37:085][  0]LogHMD: Failed to initialize OpenVR with code 105
[2018.09.14-16.18.37:173][  0]LogStats: UGameplayTagsManager::ConstructGameplayTagTree: ImportINI prefixes -  0.036 s
[2018.09.14-16.18.37:173][  0]LogStats: UGameplayTagsManager::ConstructGameplayTagTree: Construct from data asset -  0.000 s
[2018.09.14-16.18.37:174][  0]LogStats: UGameplayTagsManager::ConstructGameplayTagTree: ImportINI -  0.000 s
[2018.09.14-16.18.37:174][  0]LogStats: UGameplayTagsManager::ConstructGameplayTagTree: GameplayTagTreeChangedEvent.Broadcast -  0.000 s
[2018.09.14-16.18.37:509][  0]LogInit: Initializing FReadOnlyCVARCache
[2018.09.14-16.18.38:006][  0]LogAIModule: Creating AISystem for world Untitled
[2018.09.14-16.18.38:296][  0]LogInit: XAudio2 using 'Headphones (Realtek High Definition Audio)' : 2 channels at 48 kHz using 32 bits per sample (channel mask 0x3)
[2018.09.14-16.18.38:329][  0]LogInit: FAudioDevice initialized.
[2018.09.14-16.18.38:329][  0]LogNetVersion: Set ProjectVersion to 1.0.0.0. Version Checksum will be recalculated on next use.
[2018.09.14-16.18.38:337][  0]LogDerivedDataCache: Error: Could not save memory cache C:/Users/maxsa/AppData/Local/UnrealEngine/4.20/DerivedDataCache/Boot.ddc.
[2018.09.14-16.18.38:348][  0]LogInit: Texture streaming: Enabled
[2018.09.14-16.18.38:538][  0]LogEngineSessionManager: EngineSessionManager initialized
[2018.09.14-16.18.38:695][  0]LogInit: Transaction tracking system initialized
[2018.09.14-16.18.39:482][  0]BlueprintLog: New page: Editor Load
[2018.09.14-16.18.41:073][  0]LocalizationService: Localization service is disabled
[2018.09.14-16.18.43:868][  0]LogFileCache: Scanning file cache for directory 'C:/Users/maxsa/Desktop/Unreal Projects/SteamProject/Content/' took 0.02s
[2018.09.14-16.18.43:868][  0]LogCook: Display: Max memory allowance for cook 16384mb min free memory 0mb
[2018.09.14-16.18.43:874][  0]LogCook: Display: Mobile HDR setting 1
[2018.09.14-16.18.43:885][  0]LogGameplayTags: Display: UGameplayTagsManager::DoneAddingNativeTags. DelegateIsBound: 0
[2018.09.14-16.18.43:885][  0]LogStats: UGameplayTagsManager::ConstructGameplayTagTree: ImportINI prefixes -  0.000 s
[2018.09.14-16.18.43:885][  0]LogStats: UGameplayTagsManager::ConstructGameplayTagTree: Construct from data asset -  0.000 s
[2018.09.14-16.18.43:885][  0]LogStats: UGameplayTagsManager::ConstructGameplayTagTree: ImportINI -  0.000 s
[2018.09.14-16.18.43:885][  0]LogStats: UGameplayTagsManager::ConstructGameplayTagTree: GameplayTagTreeChangedEvent.Broadcast -  0.000 s
[2018.09.14-16.18.48:864][  0]SourceControl: Source control is disabled
[2018.09.14-16.18.48:898][  0]Cmd: MAP LOAD FILE="C:/Users/maxsa/Desktop/Unreal Projects/SteamProject/Content/Maps/MainMenu.umap" TEMPLATE=0 SHOWPROGRESS=1 FEATURELEVEL=3
[2018.09.14-16.18.48:952][  0]LightingResults: New page: Lighting Build
[2018.09.14-16.18.49:155][  0]MapCheck: New page: Map Check
[2018.09.14-16.18.49:155][  0]LightingResults: New page: Lighting Build
[2018.09.14-16.18.52:086][  0]LogAIModule: Creating AISystem for world MainMenu
[2018.09.14-16.18.52:427][  0]LogEditorServer: Finished looking for orphan Actors (0.000 secs)
[2018.09.14-16.18.52:970][  0]Cmd: MAP CHECKDEP NOCLEARLOG
[2018.09.14-16.18.53:025][  0]MapCheck: Map check complete: 0 Error(s), 0 Warning(s), took 55.065ms to complete.
[2018.09.14-16.18.53:025][  0]LogFileHelpers: Loading map 'MainMenu' took 4.137
[2018.09.14-16.18.55:085][  0]LogSlate: Updating window title bar state: overlay mode, drag disabled, window buttons hidden, title bar hidden
[2018.09.14-16.18.55:117][  0]LogSlate: Updating window title bar state: overlay mode, drag disabled, window buttons hidden, title bar hidden
[2018.09.14-16.18.55:127][  0]LogSlate: Updating window title bar state: overlay mode, drag disabled, window buttons hidden, title bar hidden
[2018.09.14-16.18.55:137][  0]LogSlate: Updating window title bar state: overlay mode, drag disabled, window buttons hidden, title bar hidden
[2018.09.14-16.18.55:187][  0]LogCollectionManager: Loaded 0 collections in 0.001467 seconds
[2018.09.14-16.18.55:293][  0]LogFileCache: Scanning file cache for directory 'C:/Users/maxsa/Desktop/Unreal Projects/SteamProject/Saved/Collections/' took 0.02s
[2018.09.14-16.18.55:293][  0]LogFileCache: Scanning file cache for directory 'C:/Users/maxsa/Desktop/Unreal Projects/SteamProject/Content/Developers/maxsa/Collections/' took 0.01s
[2018.09.14-16.18.55:293][  0]LogFileCache: Scanning file cache for directory 'C:/Users/maxsa/Desktop/Unreal Projects/SteamProject/Content/Collections/' took 0.01s
[2018.09.14-16.18.55:293][  0]LogCollectionManager: Rebuilt the GUID cache for 0 collections in 0.000000 seconds
[2018.09.14-16.18.55:304][  0]LogContentBrowser: Native class hierarchy populated in 0.0103 seconds. Added 2575 classes and 607 folders.
[2018.09.14-16.18.55:356][  0]LogContentBrowser: Native class hierarchy updated for 'WidgetCarousel' in 0.0002 seconds. Added 0 classes and 0 folders.
[2018.09.14-16.18.57:053][  0]LogContentBrowser: Native class hierarchy updated for 'AddContentDialog' in 0.0002 seconds. Added 0 classes and 0 folders.
[2018.09.14-16.18.57:123][  0]LogContentBrowser: Native class hierarchy updated for 'SceneOutliner' in 0.0003 seconds. Added 1 classes and 2 folders.
[2018.09.14-16.18.57:690][  0]LogSlate: Took 0.048693 seconds to synchronously load lazily loaded font '../../../Engine/Content/Slate/Fonts/Roboto-Regular.ttf' (155K)
[2018.09.14-16.18.57:750][  0]LogSlate: Took 0.044453 seconds to synchronously load lazily loaded font '../../../Engine/Content/Slate/Fonts/Roboto-Bold.ttf' (160K)
[2018.09.14-16.18.57:841][  0]LogSlate: Took 0.022197 seconds to synchronously load lazily loaded font '../../../Engine/Content/Editor/Slate/Fonts/FontAwesome.ttf' (139K)
[2018.09.14-16.18.58:531][  0]LogRenderer: Reallocating scene render targets to support 1208x576 Format 10 NumSamples 1 (Frame:1).
[2018.09.14-16.18.59:827][  0]LogSlate: FSceneViewport::OnFocusLost() reason 2
[2018.09.14-16.18.59:888][  0]LogSlate: Window 'Tutorials' being destroyed
[2018.09.14-16.19.00:003][  0]LogContentBrowser: Native class hierarchy updated for 'HierarchicalLODOutliner' in 0.0003 seconds. Added 0 classes and 0 folders.
[2018.09.14-16.19.00:003][  0]LogLoad: (Engine Initialization) Total time: 118.93 seconds
[2018.09.14-16.19.00:003][  0]LogLoad: (Engine Initialization) Total Blueprint compile time: 0.00 seconds
[2018.09.14-16.19.00:149][  0]LogContentStreaming: Texture pool size now 1000 MB
[2018.09.14-16.19.00:397][  2]LogAssetRegistry: Asset discovery search completed in 80.7018 seconds
[2018.09.14-16.19.00:400][  2]LogCollectionManager: Rebuilt the object cache for 0 collections in 0.000001 seconds (found 0 objects)
[2018.09.14-16.19.00:400][  2]LogCollectionManager: Fixed up redirectors for 0 collections in 0.000085 seconds (updated 0 objects)
[2018.09.14-16.19.00:462][  2]LogSlate: Took 0.028691 seconds to synchronously load lazily loaded font '../../../Engine/Content/Slate/Fonts/Roboto-Light.ttf' (167K)
[2018.09.14-16.19.01:434][  5]LogSlate: Took 0.000207 seconds to synchronously load lazily loaded font '../../../Engine/Content/Slate/Fonts/Roboto-Light.ttf' (167K)
[2018.09.14-16.19.01:438][  5]LogAssetEditorManager: Opening Asset editor for Blueprint /Game/Blueprints/Gameplay/GameplayGM.GameplayGM
[2018.09.14-16.19.02:503][  5]LogContentBrowser: Native class hierarchy updated for 'BlueprintGraph' in 0.0008 seconds. Added 116 classes and 0 folders.
[2018.09.14-16.19.04:814][  5]LogSlate: Took 0.037984 seconds to synchronously load lazily loaded font '../../../Engine/Content/Slate/Fonts/Roboto-BoldCondensed.ttf' (158K)
[2018.09.14-16.23.45:386][976]LogSlate: FSceneViewport::OnFocusLost() reason 0
[2018.09.14-16.23.45:882][ 26]LogSlate: Window 'GameplayGM' being destroyed
[2018.09.14-16.47.34:407][377]LogSlate: FSceneViewport::OnFocusLost() reason 0
[2018.09.14-16.47.35:785][387]LogSlate: Window 'SteamProject - Unreal Editor' being destroyed
[2018.09.14-16.47.36:276][388]Cmd: QUIT_EDITOR
[2018.09.14-16.47.36:610][388]LogWindowsTextInputMethodSystem: Display: IME system now deactivated.
[2018.09.14-16.47.36:643][388]LogExit: Preparing to exit.
[2018.09.14-16.47.38:602][388]LogExit: Editor shut down
[2018.09.14-16.47.38:603][388]LogExit: Transaction tracking system shut down
[2018.09.14-16.47.40:615][388]LogExit: Object subsystem successfully closed.
[2018.09.14-16.47.40:842][388]LogShaderCompilers: Display: Shaders left to compile 0
[2018.09.14-16.47.40:862][388]LogD3D11RHI: Shutdown
[2018.09.14-16.47.40:862][388]LogD3D11RHI: CleanupD3DDevice
[2018.09.14-16.47.40:970][388]LogD3D11RHI: ~FD3D11DynamicRHI
[2018.09.14-16.47.42:167][388]LogModuleManager: Shutting down and abandoning module BlueprintGraph (614)
[2018.09.14-16.47.42:167][388]LogModuleManager: Shutting down and abandoning module HierarchicalLODOutliner (612)
[2018.09.14-16.47.42:167][388]LogModuleManager: Shutting down and abandoning module SceneOutliner (610)
[2018.09.14-16.47.42:182][388]LogModuleManager: Shutting down and abandoning module AddContentDialog (608)
[2018.09.14-16.47.42:196][388]LogModuleManager: Shutting down and abandoning module WidgetCarousel (607)
[2018.09.14-16.47.42:196][388]LogModuleManager: Shutting down and abandoning module EditorWidgets (604)
[2018.09.14-16.47.42:196][388]LogModuleManager: Shutting down and abandoning module CollectionManager (602)
[2018.09.14-16.47.42:201][388]LogModuleManager: Shutting down and abandoning module StatsViewer (600)
[2018.09.14-16.47.42:203][388]LogModuleManager: Shutting down and abandoning module FoliageEdit (598)
[2018.09.14-16.47.42:208][388]LogModuleManager: Shutting down and abandoning module LandscapeEditor (596)
[2018.09.14-16.47.42:256][388]LogModuleManager: Shutting down and abandoning module MeshPaintMode (594)
[2018.09.14-16.47.42:260][388]LogModuleManager: Shutting down and abandoning module SceneDepthPickerMode (592)
[2018.09.14-16.47.42:261][388]LogModuleManager: Shutting down and abandoning module ActorPickerMode (590)
[2018.09.14-16.47.42:261][388]LogModuleManager: Shutting down and abandoning module GeometryMode (588)
[2018.09.14-16.47.42:261][388]LogModuleManager: Shutting down and abandoning module TextureAlignMode (586)
[2018.09.14-16.47.42:261][388]LogModuleManager: Shutting down and abandoning module BspMode (584)
[2018.09.14-16.47.42:261][388]LogModuleManager: Shutting down and abandoning module PIEPreviewDeviceProfileSelector (582)
[2018.09.14-16.47.42:269][388]LogModuleManager: Shutting down and abandoning module SequenceRecorderSections (580)
[2018.09.14-16.47.42:274][388]LogModuleManager: Shutting down and abandoning module AutomationWorker (578)
[2018.09.14-16.47.42:274][388]LogModuleManager: Shutting down and abandoning module AudioCaptureEditor (576)
[2018.09.14-16.47.42:274][388]LogModuleManager: Shutting down and abandoning module SequenceRecorder (575)
[2018.09.14-16.47.42:283][388]LogModuleManager: Shutting down and abandoning module MatineeToLevelSequence (572)
[2018.09.14-16.47.42:298][388]LogModuleManager: Shutting down and abandoning module LevelSequenceEditor (570)
[2018.09.14-16.47.42:320][388]LogModuleManager: Shutting down and abandoning module PlacementMode (569)
[2018.09.14-16.47.42:320][388]LogModuleManager: Shutting down and abandoning module MaterialEditor (568)
[2018.09.14-16.47.42:368][388]LogModuleManager: Shutting down and abandoning module WmfMediaFactory (564)
[2018.09.14-16.47.42:368][388]LogModuleManager: Shutting down and abandoning module WmfMediaEditor (562)
[2018.09.14-16.47.42:368][388]LogModuleManager: Shutting down and abandoning module MediaPlayerEditor (560)
[2018.09.14-16.47.42:410][388]LogModuleManager: Shutting down and abandoning module OpenExrWrapper (558)
[2018.09.14-16.47.42:410][388]LogModuleManager: Shutting down and abandoning module ImgMediaFactory (556)
[2018.09.14-16.47.42:410][388]LogModuleManager: Shutting down and abandoning module ImgMediaEditor (554)
[2018.09.14-16.47.42:410][388]LogModuleManager: Shutting down and abandoning module AvfMediaFactory (552)
[2018.09.14-16.47.42:410][388]LogModuleManager: Shutting down and abandoning module AvfMediaEditor (550)
[2018.09.14-16.47.42:411][388]LogModuleManager: Shutting down and abandoning module AndroidMediaFactory (548)
[2018.09.14-16.47.42:411][388]LogModuleManager: Shutting down and abandoning module AndroidMediaEditor (546)
[2018.09.14-16.47.42:411][388]LogModuleManager: Shutting down and abandoning module MagicLeapCameraPreviewFactory (544)
[2018.09.14-16.47.42:411][388]LogModuleManager: Shutting down and abandoning module MagicLeapMediaFactory (542)
[2018.09.14-16.47.42:420][388]LogModuleManager: Shutting down and abandoning module MagicLeapMediaEditor (540)
[2018.09.14-16.47.42:420][388]LogModuleManager: Shutting down and abandoning module CharacterAI (538)
[2018.09.14-16.47.42:420][388]LogModuleManager: Shutting down and abandoning module SmartSnapping (536)
[2018.09.14-16.47.42:420][388]LogModuleManager: Shutting down and abandoning module SessionServices (534)
[2018.09.14-16.47.42:420][388]LogModuleManager: Shutting down and abandoning module ViewportSnapping (532)
[2018.09.14-16.47.42:420][388]LogModuleManager: Shutting down and abandoning module ViewportInteraction (530)
[2018.09.14-16.47.42:420][388]LogModuleManager: Shutting down and abandoning module ClothPainter (528)
[2018.09.14-16.47.42:441][388]LogModuleManager: Shutting down and abandoning module SkeletalMeshEditor (527)
[2018.09.14-16.47.42:463][388]LogModuleManager: Shutting down and abandoning module LogVisualizer (524)
[2018.09.14-16.47.42:506][388]LogModuleManager: Shutting down and abandoning module IntroTutorials (522)
[2018.09.14-16.47.42:527][388]LogModuleManager: Shutting down and abandoning module GameProjectGeneration (521)
[2018.09.14-16.47.42:538][388]LogModuleManager: Shutting down and abandoning module LuminPlatformEditor (518)
[2018.09.14-16.47.42:538][388]LogModuleManager: Shutting down and abandoning module IOSPlatformEditor (516)
[2018.09.14-16.47.42:550][388]LogModuleManager: Shutting down and abandoning module HTML5PlatformEditor (514)
[2018.09.14-16.47.42:550][388]LogModuleManager: Shutting down and abandoning module AndroidPlatformEditor (512)
[2018.09.14-16.47.42:550][388]LogModuleManager: Shutting down and abandoning module AndroidDeviceDetection (511)
[2018.09.14-16.47.43:658][388]LogModuleManager: Shutting down and abandoning module WindowsPlatformEditor (508)
[2018.09.14-16.47.43:658][388]LogModuleManager: Shutting down and abandoning module LuminRuntimeSettings (506)
[2018.09.14-16.47.43:658][388]LogModuleManager: Shutting down and abandoning module IOSRuntimeSettings (504)
[2018.09.14-16.47.43:658][388]LogModuleManager: Shutting down and abandoning module AndroidRuntimeSettings (502)
[2018.09.14-16.47.43:658][388]LogModuleManager: Shutting down and abandoning module InputBindingEditor (500)
[2018.09.14-16.47.43:680][388]LogModuleManager: Shutting down and abandoning module MergeActors (498)
[2018.09.14-16.47.43:693][388]LogModuleManager: Shutting down and abandoning module LocalizationDashboard (496)
[2018.09.14-16.47.43:714][388]LogModuleManager: Shutting down and abandoning module LocalizationService (495)
[2018.09.14-16.47.43:722][388]LogModuleManager: Shutting down and abandoning module HardwareTargeting (492)
[2018.09.14-16.47.43:722][388]LogModuleManager: Shutting down and abandoning module DeviceProfileEditor (490)
[2018.09.14-16.47.43:722][388]LogModuleManager: Shutting down and abandoning module UndoHistory (488)
[2018.09.14-16.47.43:732][388]LogModuleManager: Shutting down and abandoning module XmlParser (486)
[2018.09.14-16.47.43:732][388]LogModuleManager: Shutting down and abandoning module Blutility (484)
[2018.09.14-16.47.43:743][388]LogModuleManager: Shutting down and abandoning module ProjectSettingsViewer (482)
[2018.09.14-16.47.43:743][388]LogModuleManager: Shutting down and abandoning module ProjectTargetPlatformEditor (481)
[2018.09.14-16.47.43:743][388]LogModuleManager: Shutting down and abandoning module EditorSettingsViewer (478)
[2018.09.14-16.47.43:753][388]LogModuleManager: Shutting down and abandoning module SettingsEditor (476)
[2018.09.14-16.47.43:785][388]LogModuleManager: Shutting down and abandoning module ProjectLauncher (474)
[2018.09.14-16.47.43:804][388]LogModuleManager: Shutting down and abandoning module SessionFrontend (472)
[2018.09.14-16.47.43:816][388]LogModuleManager: Shutting down and abandoning module ProfilerClient (470)
[2018.09.14-16.47.43:827][388]LogModuleManager: Shutting down and abandoning module DeviceManager (468)
[2018.09.14-16.47.43:844][388]LogModuleManager: Shutting down and abandoning module TargetDeviceServices (467)
[2018.09.14-16.47.43:911][388]LogModuleManager: Shutting down and abandoning module AutomationController (464)
[2018.09.14-16.47.43:930][388]LogModuleManager: Shutting down and abandoning module AutomationWindow (462)
[2018.09.14-16.47.43:943][388]LogModuleManager: Shutting down and abandoning module Layers (460)
[2018.09.14-16.47.43:967][388]LogModuleManager: Shutting down and abandoning module ComponentVisualizers (458)
[2018.09.14-16.47.43:967][388]LogModuleManager: Shutting down and abandoning module DetailCustomizations (456)
[2018.09.14-16.47.43:987][388]LogModuleManager: Shutting down and abandoning module PackagesDialog (454)
[2018.09.14-16.47.43:988][388]LogModuleManager: Shutting down and abandoning module Persona (452)
[2018.09.14-16.47.44:035][388]LogModuleManager: Shutting down and abandoning module AdvancedPreviewScene (451)
[2018.09.14-16.47.44:035][388]LogModuleManager: Shutting down and abandoning module AnimGraph (449)
[2018.09.14-16.47.44:049][388]LogModuleManager: Shutting down and abandoning module Kismet (446)
[2018.09.14-16.47.44:089][388]LogModuleManager: Shutting down and abandoning module GraphEditor (444)
[2018.09.14-16.47.44:089][388]LogModuleManager: Shutting down and abandoning module ClassViewer (442)
[2018.09.14-16.47.44:089][388]LogModuleManager: Shutting down and abandoning module Toolbox (440)
[2018.09.14-16.47.44:089][388]LogModuleManager: Shutting down and abandoning module ModuleUI (438)
[2018.09.14-16.47.44:095][388]LogModuleManager: Shutting down and abandoning module MovieSceneTools (436)
[2018.09.14-16.47.44:114][388]LogModuleManager: Shutting down and abandoning module OutputLog (434)
[2018.09.14-16.47.44:114][388]LogModuleManager: Shutting down and abandoning module GammaUI (432)
[2018.09.14-16.47.44:118][388]LogModuleManager: Shutting down and abandoning module Documentation (430)
[2018.09.14-16.47.44:118][388]LogModuleManager: Shutting down and abandoning module MovieSceneTracks (428)
[2018.09.14-16.47.44:118][388]LogModuleManager: Shutting down and abandoning module MovieScene (426)
[2018.09.14-16.47.44:128][388]LogModuleManager: Shutting down and abandoning module StreamingPauseRendering (424)
[2018.09.14-16.47.44:128][388]LogModuleManager: Shutting down and abandoning module LauncherPlatform (422)
[2018.09.14-16.47.44:128][388]LogModuleManager: Shutting down and abandoning module AnalyticsET (420)
[2018.09.14-16.47.44:128][388]LogModuleManager: Shutting down and abandoning module PortalServices (418)
[2018.09.14-16.47.44:128][388]LogModuleManager: Shutting down and abandoning module PortalRpc (416)
[2018.09.14-16.47.44:128][388]LogModuleManager: Shutting down and abandoning module MessagingRpc (414)
[2018.09.14-16.47.44:129][388]LogModuleManager: Shutting down and abandoning module AIModule (412)
[2018.09.14-16.47.44:147][388]LogModuleManager: Shutting down and abandoning module GameplayDebugger (411)
[2018.09.14-16.47.44:153][388]LogModuleManager: Shutting down and abandoning module AITestSuite (409)
[2018.09.14-16.47.44:164][388]LogModuleManager: Shutting down and abandoning module NavigationSystem (407)
[2018.09.14-16.47.44:164][388]LogModuleManager: Shutting down and abandoning module DesktopPlatform (404)
[2018.09.14-16.47.44:164][388]LogModuleManager: Shutting down and abandoning module ProfilerService (402)
[2018.09.14-16.47.44:213][388]LogModuleManager: Shutting down and abandoning module TaskGraph (400)
[2018.09.14-16.47.44:225][388]LogModuleManager: Shutting down and abandoning module SteamVRController (398)
[2018.09.14-16.47.44:225][388]LogModuleManager: Shutting down and abandoning module ProceduralMeshComponentEditor (396)
[2018.09.14-16.47.44:225][388]LogModuleManager: Shutting down and abandoning module ProceduralMeshComponent (394)
[2018.09.14-16.47.44:228][388]LogModuleManager: Shutting down and abandoning module OculusInput (392)
[2018.09.14-16.47.44:228][388]LogModuleManager: Shutting down and abandoning module MobilePatchingUtils (390)
[2018.09.14-16.47.44:228][388]LogModuleManager: Shutting down and abandoning module EditableMesh (388)
[2018.09.14-16.47.44:232][388]LogModuleManager: Shutting down and abandoning module CustomMeshComponent (386)
[2018.09.14-16.47.44:232][388]LogModuleManager: Shutting down and abandoning module CableComponent (384)
[2018.09.14-16.47.44:232][388]LogModuleManager: Shutting down and abandoning module AudioCapture (382)
[2018.09.14-16.47.44:232][388]LogModuleManager: Shutting down and abandoning module ArchVisCharacter (380)
[2018.09.14-16.47.44:232][388]LogModuleManager: Shutting down and abandoning module AndroidPermission (378)
[2018.09.14-16.47.44:232][388]LogModuleManager: Shutting down and abandoning module NUTUnrealEngine4 (376)
[2018.09.14-16.47.44:232][388]LogModuleManager: Shutting down and abandoning module NetcodeUnitTest (374)
[2018.09.14-16.47.44:262][388]LogModuleManager: Shutting down and abandoning module MediaCompositingEditor (372)
[2018.09.14-16.47.44:262][388]LogModuleManager: Shutting down and abandoning module MediaCompositing (370)
[2018.09.14-16.47.44:262][388]LogModuleManager: Shutting down and abandoning module LinearTimecode (368)
[2018.09.14-16.47.44:262][388]LogModuleManager: Shutting down and abandoning module ImgMedia (366)
[2018.09.14-16.47.44:271][388]LogModuleManager: Shutting down and abandoning module HTML5Networking (364)
[2018.09.14-16.47.44:271][388]LogModuleManager: Shutting down and abandoning module GeometryCacheTracks (362)
[2018.09.14-16.47.44:271][388]LogModuleManager: Shutting down and abandoning module GeometryCacheSequencer (360)
[2018.09.14-16.47.44:271][388]LogModuleManager: Shutting down and abandoning module BackChannel (358)
[2018.09.14-16.47.44:277][388]LogModuleManager: Shutting down and abandoning module AppleVision (356)
[2018.09.14-16.47.44:277][388]LogModuleManager: Shutting down and abandoning module AppleImageUtils (354)
[2018.09.14-16.47.44:277][388]LogModuleManager: Shutting down and abandoning module AlembicImporter (352)
[2018.09.14-16.47.44:277][388]LogModuleManager: Shutting down and abandoning module AlembicLibrary (351)
[2018.09.14-16.47.44:277][388]LogModuleManager: Shutting down and abandoning module GeometryCache (350)
[2018.09.14-16.47.44:277][388]LogModuleManager: Shutting down and abandoning module GeometryCacheEd (349)
[2018.09.14-16.47.44:277][388]LogModuleManager: Shutting down and abandoning module DatasmithContentEditor (344)
[2018.09.14-16.47.44:283][388]LogModuleManager: Shutting down and abandoning module DatasmithContent (342)
[2018.09.14-16.47.44:283][388]LogModuleManager: Shutting down and abandoning module SpeedTreeImporter (340)
[2018.09.14-16.47.44:283][388]LogModuleManager: Shutting down and abandoning module PluginBrowser (338)
[2018.09.14-16.47.44:310][388]LogModuleManager: Shutting down and abandoning module MobileLauncherProfileWizard (336)
[2018.09.14-16.47.44:321][388]LogModuleManager: Shutting down and abandoning module PolygonModeling (334)
[2018.09.14-16.47.44:321][388]LogModuleManager: Shutting down and abandoning module MeshEditor (332)
[2018.09.14-16.47.44:330][388]LogModuleManager: Shutting down and abandoning module CryptoKeysOpenSSL (330)
[2018.09.14-16.47.44:340][388]LogModuleManager: Shutting down and abandoning module CryptoKeys (328)
[2018.09.14-16.47.44:340][388]LogModuleManager: Shutting down and abandoning module VisualStudioSourceCodeAccess (326)
[2018.09.14-16.47.44:340][388]LogModuleManager: Shutting down and abandoning module VisualStudioCodeSourceCodeAccess (324)
[2018.09.14-16.47.44:340][388]LogModuleManager: Shutting down and abandoning module UObjectPlugin (322)
[2018.09.14-16.47.44:340][388]LogModuleManager: Shutting down and abandoning module SubversionSourceControl (320)
[2018.09.14-16.47.44:355][388]LogModuleManager: Shutting down and abandoning module PerforceSourceControl (318)
[2018.09.14-16.47.44:379][388]LogModuleManager: Shutting down and abandoning module GitSourceControl (316)
[2018.09.14-16.47.44:400][388]LogModuleManager: Shutting down and abandoning module SourceControl (315)
[2018.09.14-16.47.44:417][388]LogModuleManager: Shutting down and abandoning module CLionSourceCodeAccess (312)
[2018.09.14-16.47.44:417][388]LogModuleManager: Shutting down and abandoning module LightPropagationVolumeEditor (310)
[2018.09.14-16.47.44:417][388]LogModuleManager: Shutting down and abandoning module PaperTiledImporter (308)
[2018.09.14-16.47.44:417][388]LogModuleManager: Shutting down and abandoning module PaperSpriteSheetImporter (306)
[2018.09.14-16.47.44:417][388]LogModuleManager: Shutting down and abandoning module Paper2DEditor (304)
[2018.09.14-16.47.44:433][388]LogModuleManager: Shutting down and abandoning module MeshPaint (303)
[2018.09.14-16.47.44:446][388]LogModuleManager: Shutting down and abandoning module RuntimePhysXCooking (300)
[2018.09.14-16.47.44:446][388]LogModuleManager: Shutting down and abandoning module PhysXVehiclesEditor (298)
[2018.09.14-16.47.44:446][388]LogModuleManager: Shutting down and abandoning module PhysXVehicles (296)
[2018.09.14-16.47.44:446][388]LogModuleManager: Shutting down and abandoning module OculusEditor (294)
[2018.09.14-16.47.44:453][388]LogModuleManager: Shutting down and abandoning module LocationServicesBPLibrary (292)
[2018.09.14-16.47.44:453][388]LogModuleManager: Shutting down and abandoning module ImmediatePhysicsEditor (290)
[2018.09.14-16.47.44:453][388]LogModuleManager: Shutting down and abandoning module ImmediatePhysics (288)
[2018.09.14-16.47.44:465][388]LogModuleManager: Shutting down and abandoning module ActorSequence (286)
[2018.09.14-16.47.44:465][388]LogModuleManager: Shutting down and abandoning module UdpMessaging (284)
[2018.09.14-16.47.44:567][388]LogModuleManager: Shutting down and abandoning module TcpMessaging (282)
[2018.09.14-16.47.44:670][388]LogModuleManager: Shutting down and abandoning module MagicLeapAudio (280)
[2018.09.14-16.47.44:670][388]LogModuleManager: Shutting down and abandoning module GameplayTagsEditor (278)
[2018.09.14-16.47.44:691][388]LogModuleManager: Shutting down and abandoning module FacialAnimationEditor (276)
[2018.09.14-16.47.44:691][388]LogModuleManager: Shutting down and abandoning module FacialAnimation (274)
[2018.09.14-16.47.44:691][388]LogModuleManager: Shutting down and abandoning module DataValidation (272)
[2018.09.14-16.47.44:691][388]LogModuleManager: Shutting down and abandoning module AssetManagerEditor (270)
[2018.09.14-16.47.44:711][388]LogModuleManager: Shutting down and abandoning module LevelEditor (269)
[2018.09.14-16.47.44:738][388]LogModuleManager: Shutting down and abandoning module PixelInspectorModule (268)
[2018.09.14-16.47.44:750][388]LogModuleManager: Shutting down and abandoning module CommonMenuExtensions (266)
[2018.09.14-16.47.44:750][388]LogModuleManager: Shutting down and abandoning module MainFrame (264)
[2018.09.14-16.47.44:761][388]LogModuleManager: Shutting down and abandoning module HotReload (263)
[2018.09.14-16.47.44:766][388]LogModuleManager: Shutting down and abandoning module ContentBrowser (259)
[2018.09.14-16.47.44:767][388]LogModuleManager: Shutting down and abandoning module TreeMap (257)
[2018.09.14-16.47.44:775][388]LogModuleManager: Shutting down and abandoning module LightPropagationVolumeRuntime (254)
[2018.09.14-16.47.44:775][388]LogModuleManager: Shutting down and abandoning module AISupportModule (252)
[2018.09.14-16.47.44:775][388]LogModuleManager: Shutting down and abandoning module Paper2D (250)
[2018.09.14-16.47.44:788][388]LogModuleManager: Shutting down and abandoning module WindowsMoviePlayer (248)
[2018.09.14-16.47.44:799][388]LogModuleManager: Shutting down and abandoning module WmfMedia (246)
[2018.09.14-16.47.44:808][388]LogModuleManager: Shutting down and abandoning module Media (245)
[2018.09.14-16.47.44:814][388]LogModuleManager: Shutting down and abandoning module PacketHandler (242)
[2018.09.14-16.47.44:814][388]LogModuleManager: Shutting down and abandoning module ClothingSystemEditor (240)
[2018.09.14-16.47.44:814][388]LogModuleManager: Shutting down and abandoning module ClothingSystemRuntime (238)
[2018.09.14-16.47.44:832][388]LogModuleManager: Shutting down and abandoning module MediaAssets (236)
[2018.09.14-16.47.44:832][388]LogModuleManager: Shutting down and abandoning module Overlay (234)
[2018.09.14-16.47.44:832][388]LogModuleManager: Shutting down and abandoning module OverlayEditor (233)
[2018.09.14-16.47.44:832][388]LogModuleManager: Shutting down and abandoning module VREditor (230)
[2018.09.14-16.47.44:843][388]LogModuleManager: Shutting down and abandoning module StringTableEditor (228)
[2018.09.14-16.47.44:859][388]LogModuleManager: Shutting down and abandoning module GameplayTasksEditor (226)
[2018.09.14-16.47.44:859][388]LogModuleManager: Shutting down and abandoning module BehaviorTreeEditor (224)
[2018.09.14-16.47.44:888][388]LogModuleManager: Shutting down and abandoning module FunctionalTesting (222)
[2018.09.14-16.47.44:900][388]LogModuleManager: Shutting down and abandoning module CollisionAnalyzer (220)
[2018.09.14-16.47.44:910][388]LogModuleManager: Shutting down and abandoning module WorkspaceMenuStructure (219)
[2018.09.14-16.47.44:910][388]LogModuleManager: Shutting down and abandoning module UMG (216)
[2018.09.14-16.47.44:921][388]LogModuleManager: Shutting down and abandoning module UMGEditor (215)
[2018.09.14-16.47.44:953][388]LogModuleManager: Shutting down and abandoning module Sequencer (214)
[2018.09.14-16.47.44:986][388]LogModuleManager: Shutting down and abandoning module MessageLog (211)
[2018.09.14-16.47.44:986][388]LogModuleManager: Shutting down and abandoning module SlateReflector (206)
[2018.09.14-16.47.45:025][388]LogModuleManager: Shutting down and abandoning module Slate (204)
[2018.09.14-16.47.45:038][388]LogModuleManager: Shutting down and abandoning module EditorStyle (202)
[2018.09.14-16.47.45:040][388]LogModuleManager: Shutting down and abandoning module MRMesh (200)
[2018.09.14-16.47.45:045][388]LogModuleManager: Shutting down and abandoning module SourceCodeAccess (198)
[2018.09.14-16.47.45:045][388]LogModuleManager: Shutting down and abandoning module HeadMountedDisplay (196)
[2018.09.14-16.47.45:045][388]LogModuleManager: Shutting down and abandoning module XAudio2 (194)
[2018.09.14-16.47.45:045][388]LogModuleManager: Shutting down and abandoning module Networking (192)
[2018.09.14-16.47.45:045][388]LogModuleManager: Shutting down and abandoning module Core (190)
[2018.09.14-16.47.45:045][388]LogModuleManager: Shutting down and abandoning module LevelSequence (188)
[2018.09.14-16.47.45:045][388]LogModuleManager: Shutting down and abandoning module KismetCompiler (186)
[2018.09.14-16.47.45:045][388]LogModuleManager: Shutting down and abandoning module MeshUtilities (184)
[2018.09.14-16.47.45:057][388]LogModuleManager: Shutting down and abandoning module MeshMergeUtilities (183)
[2018.09.14-16.47.45:063][388]LogModuleManager: Shutting down and abandoning module MeshReductionInterface (182)
[2018.09.14-16.47.45:064][388]LogModuleManager: Shutting down and abandoning module SimplygonSwarm (181)
[2018.09.14-16.47.45:076][388]LogModuleManager: Shutting down and abandoning module ProxyLODMeshReduction (179)
[2018.09.14-16.47.45:103][388]LogModuleManager: Shutting down and abandoning module SimplygonMeshReduction (177)
[2018.09.14-16.47.45:103][388]LogModuleManager: Shutting down and abandoning module QuadricMeshReduction (175)
[2018.09.14-16.47.45:119][388]LogModuleManager: Shutting down and abandoning module MaterialBaking (171)
[2018.09.14-16.47.45:129][388]LogModuleManager: Shutting down and abandoning module DirectoryWatcher (167)
[2018.09.14-16.47.45:129][388]LogModuleManager: Shutting down and abandoning module DerivedDataCache (164)
[2018.09.14-16.47.45:143][388]LogDerivedDataCache: Shutdown
[2018.09.14-16.47.45:143][388]LogModuleManager: Shutting down and abandoning module XGEController (162)
[2018.09.14-16.47.45:154][388]LogModuleManager: Shutting down and abandoning module TargetPlatform (160)
[2018.09.14-16.47.45:162][388]LogModuleManager: Shutting down and abandoning module VulkanShaderFormat (159)
[2018.09.14-16.47.45:167][388]LogModuleManager: Shutting down and abandoning module ShaderFormatVectorVM (157)
[2018.09.14-16.47.45:180][388]LogModuleManager: Shutting down and abandoning module ShaderFormatOpenGL (155)
[2018.09.14-16.47.45:184][388]LogModuleManager: Shutting down and abandoning module ShaderFormatD3D (153)
[2018.09.14-16.47.45:184][388]LogModuleManager: Shutting down and abandoning module MetalShaderFormat (151)
[2018.09.14-16.47.45:203][388]LogModuleManager: Shutting down and abandoning module TextureFormatUncompressed (149)
[2018.09.14-16.47.45:203][388]LogModuleManager: Shutting down and abandoning module TextureFormatPVR (147)
[2018.09.14-16.47.45:203][388]LogModuleManager: Shutting down and abandoning module TextureFormatDXT (145)
[2018.09.14-16.47.45:211][388]LogModuleManager: Shutting down and abandoning module TextureFormatIntelISPCTexComp (143)
[2018.09.14-16.47.45:215][388]LogModuleManager: Shutting down and abandoning module TextureFormatASTC (141)
[2018.09.14-16.47.45:215][388]LogModuleManager: Shutting down and abandoning module ImageWrapper (140)
[2018.09.14-16.47.45:215][388]LogModuleManager: Shutting down and abandoning module TextureFormatAndroid (137)
[2018.09.14-16.47.45:215][388]LogModuleManager: Shutting down and abandoning module AudioFormatOpus (135)
[2018.09.14-16.47.45:215][388]LogModuleManager: Shutting down and abandoning module AudioFormatOgg (133)
[2018.09.14-16.47.45:215][388]LogModuleManager: Shutting down and abandoning module AudioFormatADPCM (131)
[2018.09.14-16.47.45:215][388]LogModuleManager: Shutting down and abandoning module LuminTargetPlatform (129)
[2018.09.14-16.47.45:215][388]LogModuleManager: Shutting down and abandoning module LinuxTargetPlatform (127)
[2018.09.14-16.47.45:215][388]LogModuleManager: Shutting down and abandoning module LinuxServerTargetPlatform (125)
[2018.09.14-16.47.45:215][388]LogModuleManager: Shutting down and abandoning module LinuxNoEditorTargetPlatform (123)
[2018.09.14-16.47.45:223][388]LogModuleManager: Shutting down and abandoning module LinuxClientTargetPlatform (121)
[2018.09.14-16.47.45:229][388]LogModuleManager: Shutting down and abandoning module TVOSTargetPlatform (119)
[2018.09.14-16.47.45:230][388]LogModuleManager: Shutting down and abandoning module Messaging (117)
[2018.09.14-16.47.45:230][388]LogModuleManager: Shutting down and abandoning module IOSTargetPlatform (115)
[2018.09.14-16.47.45:231][388]LogModuleManager: Shutting down and abandoning module HTML5TargetPlatform (113)
[2018.09.14-16.47.45:232][388]LogModuleManager: Shutting down and abandoning module AndroidTargetPlatform (111)
[2018.09.14-16.47.45:248][388]LogModuleManager: Shutting down and abandoning module WindowsTargetPlatform (109)
[2018.09.14-16.47.45:248][388]LogModuleManager: Shutting down and abandoning module WindowsServerTargetPlatform (107)
[2018.09.14-16.47.45:248][388]LogModuleManager: Shutting down and abandoning module WindowsNoEditorTargetPlatform (105)
[2018.09.14-16.47.45:248][388]LogModuleManager: Shutting down and abandoning module WindowsClientTargetPlatform (103)
[2018.09.14-16.47.45:248][388]LogModuleManager: Shutting down and abandoning module MacTargetPlatform (101)
[2018.09.14-16.47.45:248][388]LogModuleManager: Shutting down and abandoning module MacServerTargetPlatform (99)
[2018.09.14-16.47.45:249][388]LogModuleManager: Shutting down and abandoning module MacNoEditorTargetPlatform (97)
[2018.09.14-16.47.45:254][388]LogModuleManager: Shutting down and abandoning module MacClientTargetPlatform (95)
[2018.09.14-16.47.45:254][388]LogModuleManager: Shutting down and abandoning module AllDesktopTargetPlatform (93)
[2018.09.14-16.47.45:254][388]LogModuleManager: Shutting down and abandoning module InputCore (90)
[2018.09.14-16.47.45:254][388]LogModuleManager: Shutting down and abandoning module Settings (88)
[2018.09.14-16.47.45:254][388]LogModuleManager: Shutting down and abandoning module PhysXCooking (86)
[2018.09.14-16.47.45:254][388]LogModuleManager: Shutting down and abandoning module SteamVR (84)
[2018.09.14-16.47.45:254][388]LogModuleManager: Shutting down and abandoning module OculusHMD (82)
[2018.09.14-16.47.45:261][388]LogModuleManager: Shutting down and abandoning module ExampleDeviceProfileSelector (80)
[2018.09.14-16.47.45:261][388]LogModuleManager: Shutting down and abandoning module LauncherChunkInstaller (78)
[2018.09.14-16.47.45:261][388]LogModuleManager: Shutting down and abandoning module OnlineBlueprintSupport (76)
[2018.09.14-16.47.45:261][388]LogModuleManager: Shutting down and abandoning module OnlineSubsystem (72)
[2018.09.14-16.47.45:305][388]LogModuleManager: Shutting down and abandoning module XMPP (65)
[2018.09.14-16.47.45:329][388]LogModuleManager: Shutting down and abandoning module WebSockets (64)
[2018.09.14-16.47.45:370][388]LogModuleManager: Shutting down and abandoning module HTTP (61)
[2018.09.14-16.47.45:381][388]LogHttp: Display: Http module shutting down, but needs to wait on 1 outstanding Http requests:
[2018.09.14-16.47.45:381][388]LogHttp: Display: 	verb=[POST] url=[https://datarouter.ol.epicgames.com/datarouter/api/v1/public/data?SessionID=%7B0FEEB0EC-4700-8F56-F0E7-82B0828A6AC0%7D&AppID=UEEditor.Rocket.Release&AppVersion=4.20.2-4302132%2B%2B%2BUE4%2BRelease-4.20&UserID=9b2d74f540de947067f12f85f0e10fc3%7C121cf0c067fc45bf8a47a34e1f08bd7e%7C6529c761-14eb-4014-bd30-d410aae9a07c&AppEnvironment=datacollector-binary&UploadType=eteventstream] status=Processing
[2018.09.14-16.47.45:391][388]LogModuleManager: Shutting down and abandoning module SSL (60)
[2018.09.14-16.47.45:409][388]LogModuleManager: Shutting down and abandoning module MagicLeapEmulator (56)
[2018.09.14-16.47.45:409][388]LogModuleManager: Shutting down and abandoning module MagicLeapPrivileges (54)
[2018.09.14-16.47.45:409][388]LogModuleManager: Shutting down and abandoning module MagicLeapIdentity (52)
[2018.09.14-16.47.45:409][388]LogModuleManager: Shutting down and abandoning module MagicLeapHelperVulkan (50)
[2018.09.14-16.47.45:409][388]LogModuleManager: Shutting down and abandoning module MagicLeapHelperOpenGL (48)
[2018.09.14-16.47.45:409][388]LogModuleManager: Shutting down and abandoning module MagicLeapSecureStorage (46)
[2018.09.14-16.47.45:409][388]LogModuleManager: Shutting down and abandoning module MagicLeapGestures (44)
[2018.09.14-16.47.45:409][388]LogModuleManager: Shutting down and abandoning module MagicLeapEyeTracker (42)
[2018.09.14-16.47.45:409][388]LogModuleManager: Shutting down and abandoning module MagicLeapController (40)
[2018.09.14-16.47.45:410][388]LogSlate: Slate User Destroyed.  User Index 0, Is Virtual User: 0
[2018.09.14-16.47.45:410][388]LogModuleManager: Shutting down and abandoning module MagicLeap (38)
[2018.09.14-16.47.45:410][388]LogModuleManager: Shutting down and abandoning module AnimationModifiers (36)
[2018.09.14-16.47.45:426][388]LogModuleManager: Shutting down and abandoning module PropertyEditor (35)
[2018.09.14-16.47.45:439][388]LogModuleManager: Shutting down and abandoning module AudioEditor (32)
[2018.09.14-16.47.45:453][388]LogModuleManager: Shutting down and abandoning module TextureCompressor (30)
[2018.09.14-16.47.45:466][388]LogModuleManager: Shutting down and abandoning module ShaderCore (28)
[2018.09.14-16.47.45:467][388]LogModuleManager: Shutting down and abandoning module Landscape (26)
[2018.09.14-16.47.45:467][388]LogModuleManager: Shutting down and abandoning module SlateRHIRenderer (24)
[2018.09.14-16.47.45:481][388]LogModuleManager: Shutting down and abandoning module OpenGLDrv (22)
[2018.09.14-16.47.45:489][388]LogModuleManager: Shutting down and abandoning module D3D11RHI (20)
[2018.09.14-16.47.45:489][388]LogModuleManager: Shutting down and abandoning module AnimGraphRuntime (18)
[2018.09.14-16.47.45:499][388]LogModuleManager: Shutting down and abandoning module Renderer (16)
[2018.09.14-16.47.45:499][388]LogModuleManager: Shutting down and abandoning module Engine (14)
[2018.09.14-16.47.45:499][388]LogModuleManager: Shutting down and abandoning module CoreUObject (12)
[2018.09.14-16.47.45:499][388]LogModuleManager: Shutting down and abandoning module NetworkFile (10)
[2018.09.14-16.47.45:512][388]LogModuleManager: Shutting down and abandoning module CookedIterativeFile (8)
[2018.09.14-16.47.45:512][388]LogModuleManager: Shutting down and abandoning module StreamingFile (6)
[2018.09.14-16.47.45:517][388]LogModuleManager: Shutting down and abandoning module SandboxFile (4)
[2018.09.14-16.47.45:517][388]LogModuleManager: Shutting down and abandoning module PakFile (2)
[2018.09.14-16.47.45:554][388]LogExit: Exiting.
[2018.09.14-16.47.45:562][388]Log file closed, 09/14/18 12:47:45
