Log file open, 12/11/18 14:13:32
LogWindows: Failed to load 'aqProf.dll' (GetLastError=126)
LogWindows: File 'aqProf.dll' does not exist
LogWindows: Failed to load 'VtuneApi.dll' (GetLastError=126)
LogWindows: File 'VtuneApi.dll' does not exist
LogWindows: Failed to load 'VtuneApi32e.dll' (GetLastError=126)
LogWindows: File 'VtuneApi32e.dll' does not exist
LogConsoleResponse: Display: Failed to find resolution value strings in scalability ini. Falling back to default.
LogInit: Display: Running engine for game: SteamProject
LogPakFile: Registered encryption key '00000000000000000000000000000000': 0 pak files mounted, 0 remain pending
LogPlatformFile: Not using cached read wrapper
LogTaskGraph: Started task graph with 5 named threads and 14 total threads with 3 sets of task threads.
LogStats: Stats thread started at 0.171755
LogD3D11RHI: Loaded GFSDK_Aftermath_Lib.x64.dll
LogICUInternationalization: ICU TimeZone Detection - Raw Offset: -5:00, Platform Override: ''
LogPluginManager: Mounting plugin Paper2D
LogPluginManager: Mounting plugin AISupport
LogPluginManager: Mounting plugin LightPropagationVolume
LogPluginManager: Mounting plugin ActorLayerUtilities
LogPluginManager: Mounting plugin CLionSourceCodeAccess
LogPluginManager: Mounting plugin CodeLiteSourceCodeAccess
LogPluginManager: Mounting plugin GitSourceControl
LogPluginManager: Mounting plugin KDevelopSourceCodeAccess
LogPluginManager: Mounting plugin NullSourceCodeAccess
LogPluginManager: Mounting plugin PerforceSourceControl
LogPluginManager: Mounting plugin SubversionSourceControl
LogPluginManager: Mounting plugin UObjectPlugin
LogPluginManager: Mounting plugin VisualStudioCodeSourceCodeAccess
LogPluginManager: Mounting plugin VisualStudioSourceCodeAccess
LogPluginManager: Mounting plugin XCodeSourceCodeAccess
LogPluginManager: Mounting plugin AssetManagerEditor
LogPluginManager: Mounting plugin CryptoKeys
LogPluginManager: Mounting plugin DataValidation
LogPluginManager: Mounting plugin FacialAnimation
LogPluginManager: Mounting plugin GameplayTagsEditor
LogPluginManager: Mounting plugin MacGraphicsSwitching
LogPluginManager: Mounting plugin MeshEditor
LogPluginManager: Mounting plugin MobileLauncherProfileWizard
LogPluginManager: Mounting plugin PluginBrowser
LogPluginManager: Mounting plugin SpeedTreeImporter
LogPluginManager: Mounting plugin DatasmithContent
LogPluginManager: Mounting plugin VariantManagerContent
LogPluginManager: Mounting plugin AlembicImporter
LogPluginManager: Mounting plugin AppleImageUtils
LogPluginManager: Mounting plugin AppleVision
LogPluginManager: Mounting plugin BackChannel
LogPluginManager: Mounting plugin CharacterAI
LogPluginManager: Mounting plugin GeometryCache
LogPluginManager: Mounting plugin HTML5Networking
LogPluginManager: Mounting plugin ProxyLODPlugin
LogPluginManager: Mounting plugin MagicLeap
LogPluginManager: Mounting plugin MagicLeapMedia
LogPluginManager: Mounting plugin AndroidMedia
LogPluginManager: Mounting plugin AvfMedia
LogPluginManager: Mounting plugin ImgMedia
LogPluginManager: Mounting plugin LinearTimecode
LogPluginManager: Mounting plugin MediaCompositing
LogPluginManager: Mounting plugin MediaPlayerEditor
LogPluginManager: Mounting plugin WebMMedia
LogPluginManager: Mounting plugin WmfMedia
LogPluginManager: Mounting plugin TcpMessaging
LogPluginManager: Mounting plugin UdpMessaging
LogPluginManager: Mounting plugin ActorSequence
LogPluginManager: Mounting plugin LevelSequenceEditor
LogPluginManager: Mounting plugin MatineeToLevelSequence
LogPluginManager: Mounting plugin NetcodeUnitTest
LogPluginManager: Mounting plugin NUTUnrealEngine4
LogPluginManager: Mounting plugin OnlineSubsystemGooglePlay
LogPluginManager: Mounting plugin OnlineSubsystemIOS
LogPluginManager: Mounting plugin OnlineSubsystem
LogPluginManager: Mounting plugin OnlineSubsystemNull
LogPluginManager: Mounting plugin OnlineSubsystemSteam
LogPluginManager: Mounting plugin OnlineSubsystemUtils
LogPluginManager: Mounting plugin LauncherChunkInstaller
LogPluginManager: Mounting plugin AndroidDeviceProfileSelector
LogPluginManager: Mounting plugin AndroidMoviePlayer
LogPluginManager: Mounting plugin AndroidPermission
LogPluginManager: Mounting plugin AppleMoviePlayer
LogPluginManager: Mounting plugin ArchVisCharacter
LogPluginManager: Mounting plugin AudioCapture
LogPluginManager: Mounting plugin CableComponent
LogPluginManager: Mounting plugin CustomMeshComponent
LogPluginManager: Mounting plugin EditableMesh
LogPluginManager: Mounting plugin ExampleDeviceProfileSelector
LogPluginManager: Mounting plugin Firebase
LogPluginManager: Mounting plugin GoogleCloudMessaging
LogPluginManager: Mounting plugin IOSDeviceProfileSelector
LogPluginManager: Mounting plugin LinuxDeviceProfileSelector
LogPluginManager: Mounting plugin LocationServicesBPLibrary
LogPluginManager: Mounting plugin MobilePatchingUtils
LogPluginManager: Mounting plugin OculusVR
LogPluginManager: Mounting plugin PhysXVehicles
LogPluginManager: Mounting plugin ProceduralMeshComponent
LogPluginManager: Mounting plugin RuntimePhysXCooking
LogPluginManager: Mounting plugin SteamVR
LogPluginManager: Mounting plugin WebMMoviePlayer
LogPluginManager: Mounting plugin WindowsMoviePlayer
LogStreaming: Display: Took  0.113s to configure plugins.
LogInit: Using libcurl 7.55.1-DEV
LogInit:  - built for x86_64-pc-win32
LogInit:  - supports SSL with OpenSSL/1.0.2h
LogInit:  - supports HTTP deflate (compression) using libz 1.2.8
LogInit:  - other features:
LogInit:      CURL_VERSION_SSL
LogInit:      CURL_VERSION_LIBZ
LogInit:      CURL_VERSION_IPV6
LogInit:      CURL_VERSION_ASYNCHDNS
LogInit:      CURL_VERSION_LARGEFILE
LogInit:      CURL_VERSION_IDN
LogInit:  CurlRequestOptions (configurable via config and command line):
LogInit:  - bVerifyPeer = true  - Libcurl will verify peer certificate
LogInit:  - bUseHttpProxy = false  - Libcurl will NOT use HTTP proxy
LogInit:  - bDontReuseConnections = false  - Libcurl will reuse connections
LogInit:  - MaxHostConnections = 16  - Libcurl will limit the number of connections to a host
LogInit:  - LocalHostAddr = Default
LogInit:  - BufferSize = 65536
LogOnline: Display: STEAM: Loading Steam SDK 1.39
LogOnline: STEAM: Steam User is subscribed 1
LogOnline: STEAM: [AppId: 480] Client API initialized 1
LogOnline: STEAM: [AppId: 480] Game Server API initialized 1
LogInit: WinSock: version 1.1 (2.2), MaxSocks=32767, MaxUdp=65467
LogInit: Build: ++UE4+Release-4.21-CL-4613538
LogInit: Engine Version: 4.21.1-4613538+++UE4+Release-4.21
LogInit: Compatible Engine Version: 4.21.0-4541578+++UE4+Release-4.21
LogInit: Net CL: 4541578
LogInit: OS: Windows 10 (), CPU:        Intel(R) Core(TM) i5-3570K CPU @ 3.40GHz, GPU: NVIDIA GeForce GTX 1070
LogInit: Compiled (64-bit): Nov 30 2018 04:13:25
LogInit: Compiled with Visual C++: 19.13.26129.00
LogInit: Build Configuration: Development
LogInit: Branch Name: ++UE4+Release-4.21
LogInit: Command Line:  -game
LogInit: Base Directory: C:/UE_4.21/Engine/Binaries/Win64/
LogInit: Installed Engine Build: 1
LogDevObjectVersion: Number of dev versions registered: 22
LogDevObjectVersion:   Dev-Blueprints (B0D832E4-1F89-4F0D-ACCF-7EB736FD4AA2): 10
LogDevObjectVersion:   Dev-Build (E1C64328-A22C-4D53-A36C-8E866417BD8C): 0
LogDevObjectVersion:   Dev-Core (375EC13C-06E4-48FB-B500-84F0262A717E): 2
LogDevObjectVersion:   Dev-Editor (E4B068ED-F494-42E9-A231-DA0B2E46BB41): 26
LogDevObjectVersion:   Dev-Framework (CFFC743F-43B0-4480-9391-14DF171D2073): 34
LogDevObjectVersion:   Dev-Mobile (B02B49B5-BB20-44E9-A304-32B752E40360): 2
LogDevObjectVersion:   Dev-Networking (A4E4105C-59A1-49B5-A7C5-40C4547EDFEE): 0
LogDevObjectVersion:   Dev-Online (39C831C9-5AE6-47DC-9A44-9C173E1C8E7C): 0
LogDevObjectVersion:   Dev-Physics (78F01B33-EBEA-4F98-B9B4-84EACCB95AA2): 0
LogDevObjectVersion:   Dev-Platform (6631380F-2D4D-43E0-8009-CF276956A95A): 0
LogDevObjectVersion:   Dev-Rendering (12F88B9F-8875-4AFC-A67C-D90C383ABD29): 27
LogDevObjectVersion:   Dev-Sequencer (7B5AE74C-D270-4C10-A958-57980B212A5A): 9
LogDevObjectVersion:   Dev-VR (D7296918-1DD6-4BDD-9DE2-64A83CC13884): 2
LogDevObjectVersion:   Dev-LoadTimes (C2A15278-BFE7-4AFE-6C17-90FF531DF755): 1
LogDevObjectVersion:   Private-Geometry (6EACA3D4-40EC-4CC1-B786-8BED09428FC5): 3
LogDevObjectVersion:   Dev-AnimPhys (29E575DD-E0A3-4627-9D10-D276232CDCEA): 17
LogDevObjectVersion:   Dev-Anim (AF43A65D-7FD3-4947-9873-3E8ED9C1BB05): 2
LogDevObjectVersion:   Dev-ReflectionCapture (6B266CEC-1EC7-4B8F-A30B-E4D90942FC07): 1
LogDevObjectVersion:   Dev-Automation (0DF73D61-A23F-47EA-B727-89E90C41499A): 1
LogDevObjectVersion:   FortniteMain (601D1886-AC64-4F84-AA16-D3DE0DEAC7D6): 17
LogDevObjectVersion:   Dev-Enterprise (9DFFBCD6-494F-0158-E221-12823C92A888): 4
LogDevObjectVersion:   Dev-Niagara (F2AED0AC-9AFE-416F-8664-AA7FFA26D6FC): 1
LogStreaming: Display: Took  0.002s to delete old logs.
LogInit: Presizing for max 8388607 objects, including 0 objects not considered by GC, pre-allocating 0 bytes for permanent pool.
LogInit: Object subsystem initialized
LogConfig: Setting CVar [[con.DebugEarlyDefault:1]]
LogConfig: Setting CVar [[r.setres:1280x720]]
[2018.12.11-19.13.36:317][  0]LogConfig: Setting CVar [[con.DebugEarlyDefault:1]]
[2018.12.11-19.13.36:317][  0]LogConfig: Setting CVar [[r.setres:1280x720]]
[2018.12.11-19.13.36:317][  0]LogConfig: Applying CVar settings from Section [/Script/Engine.RendererSettings] File [C:/Users/maxsa/Desktop/Unreal Projects/SteamProject/Saved/Config/Windows/Engine.ini]
[2018.12.11-19.13.36:317][  0]LogConfig: Setting CVar [[r.GPUCrashDebugging:0]]
[2018.12.11-19.13.36:317][  0]LogConfig: Applying CVar settings from Section [/Script/Engine.RendererOverrideSettings] File [C:/Users/maxsa/Desktop/Unreal Projects/SteamProject/Saved/Config/Windows/Engine.ini]
[2018.12.11-19.13.36:317][  0]LogConfig: Applying CVar settings from Section [/Script/Engine.StreamingSettings] File [C:/Users/maxsa/Desktop/Unreal Projects/SteamProject/Saved/Config/Windows/Engine.ini]
[2018.12.11-19.13.36:317][  0]LogConfig: Setting CVar [[s.MinBulkDataSizeForAsyncLoading:131072]]
[2018.12.11-19.13.36:317][  0]LogConfig: Setting CVar [[s.AsyncLoadingThreadEnabled:0]]
[2018.12.11-19.13.36:317][  0]LogConfig: Setting CVar [[s.EventDrivenLoaderEnabled:1]]
[2018.12.11-19.13.36:317][  0]LogConfig: Setting CVar [[s.WarnIfTimeLimitExceeded:0]]
[2018.12.11-19.13.36:317][  0]LogConfig: Setting CVar [[s.TimeLimitExceededMultiplier:1.5]]
[2018.12.11-19.13.36:317][  0]LogConfig: Setting CVar [[s.TimeLimitExceededMinTime:0.005]]
[2018.12.11-19.13.36:317][  0]LogConfig: Setting CVar [[s.UseBackgroundLevelStreaming:1]]
[2018.12.11-19.13.36:317][  0]LogConfig: Setting CVar [[s.PriorityAsyncLoadingExtraTime:15.0]]
[2018.12.11-19.13.36:317][  0]LogConfig: Setting CVar [[s.LevelStreamingActorsUpdateTimeLimit:5.0]]
[2018.12.11-19.13.36:317][  0]LogConfig: Setting CVar [[s.PriorityLevelStreamingActorsUpdateExtraTime:5.0]]
[2018.12.11-19.13.36:317][  0]LogConfig: Setting CVar [[s.LevelStreamingComponentsRegistrationGranularity:10]]
[2018.12.11-19.13.36:317][  0]LogConfig: Setting CVar [[s.UnregisterComponentsTimeLimit:1.0]]
[2018.12.11-19.13.36:317][  0]LogConfig: Setting CVar [[s.LevelStreamingComponentsUnregistrationGranularity:5]]
[2018.12.11-19.13.36:317][  0]LogConfig: Applying CVar settings from Section [/Script/Engine.GarbageCollectionSettings] File [C:/Users/maxsa/Desktop/Unreal Projects/SteamProject/Saved/Config/Windows/Engine.ini]
[2018.12.11-19.13.36:317][  0]LogConfig: Setting CVar [[gc.MaxObjectsNotConsideredByGC:1]]
[2018.12.11-19.13.36:317][  0]LogConfig: Setting CVar [[gc.SizeOfPermanentObjectPool:0]]
[2018.12.11-19.13.36:317][  0]LogConfig: Setting CVar [[gc.FlushStreamingOnGC:0]]
[2018.12.11-19.13.36:318][  0]LogConfig: Setting CVar [[gc.NumRetriesBeforeForcingGC:10]]
[2018.12.11-19.13.36:318][  0]LogConfig: Setting CVar [[gc.AllowParallelGC:1]]
[2018.12.11-19.13.36:318][  0]LogConfig: Setting CVar [[gc.TimeBetweenPurgingPendingKillObjects:61.1]]
[2018.12.11-19.13.36:318][  0]LogConfig: Setting CVar [[gc.MaxObjectsInEditor:8388607]]
[2018.12.11-19.13.36:318][  0]LogConfig: Setting CVar [[gc.IncrementalBeginDestroyEnabled:1]]
[2018.12.11-19.13.36:318][  0]LogConfig: Setting CVar [[gc.CreateGCClusters:1]]
[2018.12.11-19.13.36:318][  0]LogConfig: Setting CVar [[gc.MergeGCClusters:0]]
[2018.12.11-19.13.36:318][  0]LogConfig: Setting CVar [[gc.MinGCClusterSize:5]]
[2018.12.11-19.13.36:318][  0]LogConfig: Setting CVar [[gc.ActorClusteringEnabled:0]]
[2018.12.11-19.13.36:318][  0]LogConfig: Setting CVar [[gc.BlueprintClusteringEnabled:0]]
[2018.12.11-19.13.36:318][  0]LogConfig: Setting CVar [[gc.UseDisregardForGCOnDedicatedServers:0]]
[2018.12.11-19.13.36:318][  0]LogConfig: Applying CVar settings from Section [/Script/Engine.NetworkSettings] File [C:/Users/maxsa/Desktop/Unreal Projects/SteamProject/Saved/Config/Windows/Engine.ini]
[2018.12.11-19.13.36:318][  0]LogConfig: Applying CVar settings from Section [/Script/UnrealEd.CookerSettings] File [C:/Users/maxsa/Desktop/Unreal Projects/SteamProject/Saved/Config/Windows/Engine.ini]
[2018.12.11-19.13.36:325][  0]LogConfig: Applying CVar settings from Section [ViewDistanceQuality@3] File [C:/Users/maxsa/Desktop/Unreal Projects/SteamProject/Saved/Config/Windows/Scalability.ini]
[2018.12.11-19.13.36:325][  0]LogConfig: Setting CVar [[r.SkeletalMeshLODBias:0]]
[2018.12.11-19.13.36:325][  0]LogConfig: Setting CVar [[r.ViewDistanceScale:1.0]]
[2018.12.11-19.13.36:325][  0]LogConfig: Applying CVar settings from Section [AntiAliasingQuality@3] File [C:/Users/maxsa/Desktop/Unreal Projects/SteamProject/Saved/Config/Windows/Scalability.ini]
[2018.12.11-19.13.36:325][  0]LogConfig: Setting CVar [[r.PostProcessAAQuality:4]]
[2018.12.11-19.13.36:325][  0]LogConfig: Applying CVar settings from Section [ShadowQuality@3] File [C:/Users/maxsa/Desktop/Unreal Projects/SteamProject/Saved/Config/Windows/Scalability.ini]
[2018.12.11-19.13.36:325][  0]LogConfig: Setting CVar [[r.LightFunctionQuality:1]]
[2018.12.11-19.13.36:325][  0]LogConfig: Setting CVar [[r.ShadowQuality:5]]
[2018.12.11-19.13.36:325][  0]LogConfig: Setting CVar [[r.Shadow.CSM.MaxCascades:10]]
[2018.12.11-19.13.36:325][  0]LogConfig: Setting CVar [[r.Shadow.MaxResolution:2048]]
[2018.12.11-19.13.36:325][  0]LogConfig: Setting CVar [[r.Shadow.MaxCSMResolution:2048]]
[2018.12.11-19.13.36:325][  0]LogConfig: Setting CVar [[r.Shadow.RadiusThreshold:0.01]]
[2018.12.11-19.13.36:325][  0]LogConfig: Setting CVar [[r.Shadow.DistanceScale:1.0]]
[2018.12.11-19.13.36:325][  0]LogConfig: Setting CVar [[r.Shadow.CSM.TransitionScale:1.0]]
[2018.12.11-19.13.36:325][  0]LogConfig: Setting CVar [[r.Shadow.PreShadowResolutionFactor:1.0]]
[2018.12.11-19.13.36:325][  0]LogConfig: Setting CVar [[r.DistanceFieldShadowing:1]]
[2018.12.11-19.13.36:325][  0]LogConfig: Setting CVar [[r.DistanceFieldAO:1]]
[2018.12.11-19.13.36:325][  0]LogConfig: Setting CVar [[r.AOQuality:2]]
[2018.12.11-19.13.36:325][  0]LogConfig: Setting CVar [[r.VolumetricFog:1]]
[2018.12.11-19.13.36:325][  0]LogConfig: Setting CVar [[r.VolumetricFog.GridPixelSize:8]]
[2018.12.11-19.13.36:325][  0]LogConfig: Setting CVar [[r.VolumetricFog.GridSizeZ:128]]
[2018.12.11-19.13.36:326][  0]LogConfig: Setting CVar [[r.VolumetricFog.HistoryMissSupersampleCount:4]]
[2018.12.11-19.13.36:326][  0]LogConfig: Setting CVar [[r.LightMaxDrawDistanceScale:1]]
[2018.12.11-19.13.36:326][  0]LogConfig: Setting CVar [[r.CapsuleShadows:1]]
[2018.12.11-19.13.36:326][  0]LogConfig: Applying CVar settings from Section [PostProcessQuality@3] File [C:/Users/maxsa/Desktop/Unreal Projects/SteamProject/Saved/Config/Windows/Scalability.ini]
[2018.12.11-19.13.36:326][  0]LogConfig: Setting CVar [[r.MotionBlurQuality:4]]
[2018.12.11-19.13.36:326][  0]LogConfig: Setting CVar [[r.AmbientOcclusionMipLevelFactor:0.4]]
[2018.12.11-19.13.36:326][  0]LogConfig: Setting CVar [[r.AmbientOcclusionMaxQuality:100]]
[2018.12.11-19.13.36:326][  0]LogConfig: Setting CVar [[r.AmbientOcclusionLevels:-1]]
[2018.12.11-19.13.36:326][  0]LogConfig: Setting CVar [[r.AmbientOcclusionRadiusScale:1.0]]
[2018.12.11-19.13.36:326][  0]LogConfig: Setting CVar [[r.DepthOfFieldQuality:2]]
[2018.12.11-19.13.36:326][  0]LogConfig: Setting CVar [[r.RenderTargetPoolMin:400]]
[2018.12.11-19.13.36:326][  0]LogConfig: Setting CVar [[r.LensFlareQuality:2]]
[2018.12.11-19.13.36:326][  0]LogConfig: Setting CVar [[r.SceneColorFringeQuality:1]]
[2018.12.11-19.13.36:326][  0]LogConfig: Setting CVar [[r.EyeAdaptationQuality:2]]
[2018.12.11-19.13.36:326][  0]LogConfig: Setting CVar [[r.BloomQuality:5]]
[2018.12.11-19.13.36:326][  0]LogConfig: Setting CVar [[r.FastBlurThreshold:100]]
[2018.12.11-19.13.36:326][  0]LogConfig: Setting CVar [[r.Upscale.Quality:3]]
[2018.12.11-19.13.36:326][  0]LogConfig: Setting CVar [[r.Tonemapper.GrainQuantization:1]]
[2018.12.11-19.13.36:326][  0]LogConfig: Setting CVar [[r.LightShaftQuality:1]]
[2018.12.11-19.13.36:326][  0]LogConfig: Setting CVar [[r.Filter.SizeScale:1]]
[2018.12.11-19.13.36:326][  0]LogConfig: Setting CVar [[r.Tonemapper.Quality:5]]
[2018.12.11-19.13.36:326][  0]LogConfig: Setting CVar [[r.DOF.Gather.AccumulatorQuality:1        ; higher gathering accumulator quality]]
[2018.12.11-19.13.36:326][  0]LogConfig: Setting CVar [[r.DOF.Gather.PostfilterMethod:1          ; Median3x3 postfilering method]]
[2018.12.11-19.13.36:326][  0]LogConfig: Setting CVar [[r.DOF.Gather.EnableBokehSettings:0       ; no bokeh simulation when gathering]]
[2018.12.11-19.13.36:326][  0]LogConfig: Setting CVar [[r.DOF.Gather.RingCount:4                 ; medium number of samples when gathering]]
[2018.12.11-19.13.36:326][  0]LogConfig: Setting CVar [[r.DOF.Scatter.ForegroundCompositing:1    ; additive foreground scattering]]
[2018.12.11-19.13.36:326][  0]LogConfig: Setting CVar [[r.DOF.Scatter.BackgroundCompositing:2    ; additive background scattering]]
[2018.12.11-19.13.36:326][  0]LogConfig: Setting CVar [[r.DOF.Scatter.EnableBokehSettings:1      ; bokeh simulation when scattering]]
[2018.12.11-19.13.36:326][  0]LogConfig: Setting CVar [[r.DOF.Scatter.MaxSpriteRatio:0.1         ; only a maximum of 10% of scattered bokeh]]
[2018.12.11-19.13.36:326][  0]LogConfig: Setting CVar [[r.DOF.Recombine.Quality:1                ; cheap slight out of focus]]
[2018.12.11-19.13.36:326][  0]LogConfig: Setting CVar [[r.DOF.Recombine.EnableBokehSettings:0    ; no bokeh simulation on slight out of focus]]
[2018.12.11-19.13.36:326][  0]LogConfig: Setting CVar [[r.DOF.TemporalAAQuality:1                ; more stable temporal accumulation]]
[2018.12.11-19.13.36:326][  0]LogConfig: Setting CVar [[r.DOF.Kernel.MaxForegroundRadius:0.025]]
[2018.12.11-19.13.36:326][  0]LogConfig: Setting CVar [[r.DOF.Kernel.MaxBackgroundRadius:0.025]]
[2018.12.11-19.13.36:326][  0]LogConfig: Applying CVar settings from Section [TextureQuality@3] File [C:/Users/maxsa/Desktop/Unreal Projects/SteamProject/Saved/Config/Windows/Scalability.ini]
[2018.12.11-19.13.36:326][  0]LogConfig: Setting CVar [[r.Streaming.MipBias:0]]
[2018.12.11-19.13.36:326][  0]LogConfig: Setting CVar [[r.Streaming.AmortizeCPUToGPUCopy:0]]
[2018.12.11-19.13.36:326][  0]LogConfig: Setting CVar [[r.Streaming.MaxNumTexturesToStreamPerFrame:0]]
[2018.12.11-19.13.36:326][  0]LogConfig: Setting CVar [[r.Streaming.Boost:1]]
[2018.12.11-19.13.36:326][  0]LogConfig: Setting CVar [[r.MaxAnisotropy:8]]
[2018.12.11-19.13.36:326][  0]LogConfig: Setting CVar [[r.Streaming.LimitPoolSizeToVRAM:0]]
[2018.12.11-19.13.36:326][  0]LogConfig: Setting CVar [[r.Streaming.PoolSize:1000]]
[2018.12.11-19.13.36:326][  0]LogConfig: Setting CVar [[r.Streaming.MaxEffectiveScreenSize:0]]
[2018.12.11-19.13.36:326][  0]LogConfig: Applying CVar settings from Section [EffectsQuality@3] File [C:/Users/maxsa/Desktop/Unreal Projects/SteamProject/Saved/Config/Windows/Scalability.ini]
[2018.12.11-19.13.36:326][  0]LogConfig: Setting CVar [[r.TranslucencyLightingVolumeDim:64]]
[2018.12.11-19.13.36:326][  0]LogConfig: Setting CVar [[r.RefractionQuality:2]]
[2018.12.11-19.13.36:326][  0]LogConfig: Setting CVar [[r.SSR.Quality:3]]
[2018.12.11-19.13.36:326][  0]LogConfig: Setting CVar [[r.SceneColorFormat:4]]
[2018.12.11-19.13.36:326][  0]LogConfig: Setting CVar [[r.DetailMode:2]]
[2018.12.11-19.13.36:326][  0]LogConfig: Setting CVar [[r.TranslucencyVolumeBlur:1]]
[2018.12.11-19.13.36:326][  0]LogConfig: Setting CVar [[r.MaterialQualityLevel:1 ; High quality]]
[2018.12.11-19.13.36:326][  0]LogConfig: Setting CVar [[r.SSS.Scale:1]]
[2018.12.11-19.13.36:326][  0]LogConfig: Setting CVar [[r.SSS.SampleSet:2]]
[2018.12.11-19.13.36:326][  0]LogConfig: Setting CVar [[r.SSS.Quality:1]]
[2018.12.11-19.13.36:326][  0]LogConfig: Setting CVar [[r.SSS.HalfRes:1]]
[2018.12.11-19.13.36:326][  0]LogConfig: Setting CVar [[r.EmitterSpawnRateScale:1.0]]
[2018.12.11-19.13.36:326][  0]LogConfig: Setting CVar [[r.ParticleLightQuality:2]]
[2018.12.11-19.13.36:326][  0]LogConfig: Applying CVar settings from Section [FoliageQuality@3] File [C:/Users/maxsa/Desktop/Unreal Projects/SteamProject/Saved/Config/Windows/Scalability.ini]
[2018.12.11-19.13.36:326][  0]LogConfig: Setting CVar [[foliage.DensityScale:1.0]]
[2018.12.11-19.13.36:326][  0]LogConfig: Setting CVar [[grass.DensityScale:1.0]]
[2018.12.11-19.13.36:326][  0]LogInit: Selected Device Profile: [Windows]
[2018.12.11-19.13.36:326][  0]LogInit: Applying CVar settings loaded from the selected device profile: [Windows]
[2018.12.11-19.13.36:341][  0]LogHAL: Display: Platform has ~ 16 GB [16855703552 / 17179869184 / 16], which maps to Larger [LargestMinGB=32, LargerMinGB=12, DefaultMinGB=8, SmallerMinGB=6, SmallestMinGB=0)
[2018.12.11-19.13.36:341][  0]LogConfig: Setting CVar [[r.Vulkan.UseRealUBs:1]]
[2018.12.11-19.13.36:341][  0]LogInit: Going up to parent DeviceProfile []
[2018.12.11-19.13.36:341][  0]LogConfig: Applying CVar settings from Section [ViewDistanceQuality@3] File [C:/Users/maxsa/Desktop/Unreal Projects/SteamProject/Saved/Config/Windows/Scalability.ini]
[2018.12.11-19.13.36:341][  0]LogConfig: Setting CVar [[r.SkeletalMeshLODBias:0]]
[2018.12.11-19.13.36:341][  0]LogConfig: Setting CVar [[r.ViewDistanceScale:1.0]]
[2018.12.11-19.13.36:341][  0]LogConfig: Applying CVar settings from Section [AntiAliasingQuality@3] File [C:/Users/maxsa/Desktop/Unreal Projects/SteamProject/Saved/Config/Windows/Scalability.ini]
[2018.12.11-19.13.36:341][  0]LogConfig: Setting CVar [[r.PostProcessAAQuality:4]]
[2018.12.11-19.13.36:341][  0]LogConfig: Applying CVar settings from Section [ShadowQuality@3] File [C:/Users/maxsa/Desktop/Unreal Projects/SteamProject/Saved/Config/Windows/Scalability.ini]
[2018.12.11-19.13.36:342][  0]LogConfig: Setting CVar [[r.LightFunctionQuality:1]]
[2018.12.11-19.13.36:342][  0]LogConfig: Setting CVar [[r.ShadowQuality:5]]
[2018.12.11-19.13.36:342][  0]LogConfig: Setting CVar [[r.Shadow.CSM.MaxCascades:10]]
[2018.12.11-19.13.36:342][  0]LogConfig: Setting CVar [[r.Shadow.MaxResolution:2048]]
[2018.12.11-19.13.36:342][  0]LogConfig: Setting CVar [[r.Shadow.MaxCSMResolution:2048]]
[2018.12.11-19.13.36:342][  0]LogConfig: Setting CVar [[r.Shadow.RadiusThreshold:0.01]]
[2018.12.11-19.13.36:342][  0]LogConfig: Setting CVar [[r.Shadow.DistanceScale:1.0]]
[2018.12.11-19.13.36:342][  0]LogConfig: Setting CVar [[r.Shadow.CSM.TransitionScale:1.0]]
[2018.12.11-19.13.36:342][  0]LogConfig: Setting CVar [[r.Shadow.PreShadowResolutionFactor:1.0]]
[2018.12.11-19.13.36:342][  0]LogConfig: Setting CVar [[r.DistanceFieldShadowing:1]]
[2018.12.11-19.13.36:342][  0]LogConfig: Setting CVar [[r.DistanceFieldAO:1]]
[2018.12.11-19.13.36:342][  0]LogConfig: Setting CVar [[r.AOQuality:2]]
[2018.12.11-19.13.36:342][  0]LogConfig: Setting CVar [[r.VolumetricFog:1]]
[2018.12.11-19.13.36:342][  0]LogConfig: Setting CVar [[r.VolumetricFog.GridPixelSize:8]]
[2018.12.11-19.13.36:342][  0]LogConfig: Setting CVar [[r.VolumetricFog.GridSizeZ:128]]
[2018.12.11-19.13.36:342][  0]LogConfig: Setting CVar [[r.VolumetricFog.HistoryMissSupersampleCount:4]]
[2018.12.11-19.13.36:342][  0]LogConfig: Setting CVar [[r.LightMaxDrawDistanceScale:1]]
[2018.12.11-19.13.36:342][  0]LogConfig: Setting CVar [[r.CapsuleShadows:1]]
[2018.12.11-19.13.36:342][  0]LogConfig: Applying CVar settings from Section [PostProcessQuality@3] File [C:/Users/maxsa/Desktop/Unreal Projects/SteamProject/Saved/Config/Windows/Scalability.ini]
[2018.12.11-19.13.36:342][  0]LogConfig: Setting CVar [[r.MotionBlurQuality:4]]
[2018.12.11-19.13.36:342][  0]LogConfig: Setting CVar [[r.AmbientOcclusionMipLevelFactor:0.4]]
[2018.12.11-19.13.36:342][  0]LogConfig: Setting CVar [[r.AmbientOcclusionMaxQuality:100]]
[2018.12.11-19.13.36:342][  0]LogConfig: Setting CVar [[r.AmbientOcclusionLevels:-1]]
[2018.12.11-19.13.36:342][  0]LogConfig: Setting CVar [[r.AmbientOcclusionRadiusScale:1.0]]
[2018.12.11-19.13.36:342][  0]LogConfig: Setting CVar [[r.DepthOfFieldQuality:2]]
[2018.12.11-19.13.36:342][  0]LogConfig: Setting CVar [[r.RenderTargetPoolMin:400]]
[2018.12.11-19.13.36:342][  0]LogConfig: Setting CVar [[r.LensFlareQuality:2]]
[2018.12.11-19.13.36:342][  0]LogConfig: Setting CVar [[r.SceneColorFringeQuality:1]]
[2018.12.11-19.13.36:342][  0]LogConfig: Setting CVar [[r.EyeAdaptationQuality:2]]
[2018.12.11-19.13.36:342][  0]LogConfig: Setting CVar [[r.BloomQuality:5]]
[2018.12.11-19.13.36:342][  0]LogConfig: Setting CVar [[r.FastBlurThreshold:100]]
[2018.12.11-19.13.36:342][  0]LogConfig: Setting CVar [[r.Upscale.Quality:3]]
[2018.12.11-19.13.36:342][  0]LogConfig: Setting CVar [[r.Tonemapper.GrainQuantization:1]]
[2018.12.11-19.13.36:342][  0]LogConfig: Setting CVar [[r.LightShaftQuality:1]]
[2018.12.11-19.13.36:342][  0]LogConfig: Setting CVar [[r.Filter.SizeScale:1]]
[2018.12.11-19.13.36:342][  0]LogConfig: Setting CVar [[r.Tonemapper.Quality:5]]
[2018.12.11-19.13.36:342][  0]LogConfig: Setting CVar [[r.DOF.Gather.AccumulatorQuality:1        ; higher gathering accumulator quality]]
[2018.12.11-19.13.36:342][  0]LogConfig: Setting CVar [[r.DOF.Gather.PostfilterMethod:1          ; Median3x3 postfilering method]]
[2018.12.11-19.13.36:342][  0]LogConfig: Setting CVar [[r.DOF.Gather.EnableBokehSettings:0       ; no bokeh simulation when gathering]]
[2018.12.11-19.13.36:342][  0]LogConfig: Setting CVar [[r.DOF.Gather.RingCount:4                 ; medium number of samples when gathering]]
[2018.12.11-19.13.36:342][  0]LogConfig: Setting CVar [[r.DOF.Scatter.ForegroundCompositing:1    ; additive foreground scattering]]
[2018.12.11-19.13.36:342][  0]LogConfig: Setting CVar [[r.DOF.Scatter.BackgroundCompositing:2    ; additive background scattering]]
[2018.12.11-19.13.36:342][  0]LogConfig: Setting CVar [[r.DOF.Scatter.EnableBokehSettings:1      ; bokeh simulation when scattering]]
[2018.12.11-19.13.36:342][  0]LogConfig: Setting CVar [[r.DOF.Scatter.MaxSpriteRatio:0.1         ; only a maximum of 10% of scattered bokeh]]
[2018.12.11-19.13.36:342][  0]LogConfig: Setting CVar [[r.DOF.Recombine.Quality:1                ; cheap slight out of focus]]
[2018.12.11-19.13.36:342][  0]LogConfig: Setting CVar [[r.DOF.Recombine.EnableBokehSettings:0    ; no bokeh simulation on slight out of focus]]
[2018.12.11-19.13.36:342][  0]LogConfig: Setting CVar [[r.DOF.TemporalAAQuality:1                ; more stable temporal accumulation]]
[2018.12.11-19.13.36:342][  0]LogConfig: Setting CVar [[r.DOF.Kernel.MaxForegroundRadius:0.025]]
[2018.12.11-19.13.36:342][  0]LogConfig: Setting CVar [[r.DOF.Kernel.MaxBackgroundRadius:0.025]]
[2018.12.11-19.13.36:342][  0]LogConfig: Applying CVar settings from Section [TextureQuality@3] File [C:/Users/maxsa/Desktop/Unreal Projects/SteamProject/Saved/Config/Windows/Scalability.ini]
[2018.12.11-19.13.36:342][  0]LogConfig: Setting CVar [[r.Streaming.MipBias:0]]
[2018.12.11-19.13.36:342][  0]LogConfig: Setting CVar [[r.Streaming.AmortizeCPUToGPUCopy:0]]
[2018.12.11-19.13.36:342][  0]LogConfig: Setting CVar [[r.Streaming.MaxNumTexturesToStreamPerFrame:0]]
[2018.12.11-19.13.36:342][  0]LogConfig: Setting CVar [[r.Streaming.Boost:1]]
[2018.12.11-19.13.36:342][  0]LogConfig: Setting CVar [[r.MaxAnisotropy:8]]
[2018.12.11-19.13.36:342][  0]LogConfig: Setting CVar [[r.Streaming.LimitPoolSizeToVRAM:0]]
[2018.12.11-19.13.36:342][  0]LogConfig: Setting CVar [[r.Streaming.PoolSize:1000]]
[2018.12.11-19.13.36:342][  0]LogConfig: Setting CVar [[r.Streaming.MaxEffectiveScreenSize:0]]
[2018.12.11-19.13.36:342][  0]LogConfig: Applying CVar settings from Section [EffectsQuality@3] File [C:/Users/maxsa/Desktop/Unreal Projects/SteamProject/Saved/Config/Windows/Scalability.ini]
[2018.12.11-19.13.36:342][  0]LogConfig: Setting CVar [[r.TranslucencyLightingVolumeDim:64]]
[2018.12.11-19.13.36:342][  0]LogConfig: Setting CVar [[r.RefractionQuality:2]]
[2018.12.11-19.13.36:342][  0]LogConfig: Setting CVar [[r.SSR.Quality:3]]
[2018.12.11-19.13.36:342][  0]LogConfig: Setting CVar [[r.SceneColorFormat:4]]
[2018.12.11-19.13.36:342][  0]LogConfig: Setting CVar [[r.DetailMode:2]]
[2018.12.11-19.13.36:342][  0]LogConfig: Setting CVar [[r.TranslucencyVolumeBlur:1]]
[2018.12.11-19.13.36:342][  0]LogConfig: Setting CVar [[r.MaterialQualityLevel:1 ; High quality]]
[2018.12.11-19.13.36:342][  0]LogConfig: Setting CVar [[r.SSS.Scale:1]]
[2018.12.11-19.13.36:342][  0]LogConfig: Setting CVar [[r.SSS.SampleSet:2]]
[2018.12.11-19.13.36:342][  0]LogConfig: Setting CVar [[r.SSS.Quality:1]]
[2018.12.11-19.13.36:342][  0]LogConfig: Setting CVar [[r.SSS.HalfRes:1]]
[2018.12.11-19.13.36:342][  0]LogConfig: Setting CVar [[r.EmitterSpawnRateScale:1.0]]
[2018.12.11-19.13.36:342][  0]LogConfig: Setting CVar [[r.ParticleLightQuality:2]]
[2018.12.11-19.13.36:342][  0]LogConfig: Applying CVar settings from Section [FoliageQuality@3] File [C:/Users/maxsa/Desktop/Unreal Projects/SteamProject/Saved/Config/Windows/Scalability.ini]
[2018.12.11-19.13.36:342][  0]LogConfig: Setting CVar [[foliage.DensityScale:1.0]]
[2018.12.11-19.13.36:342][  0]LogConfig: Setting CVar [[grass.DensityScale:1.0]]
[2018.12.11-19.13.36:342][  0]LogConfig: Applying CVar settings from Section [Startup] File [../../../Engine/Config/ConsoleVariables.ini]
[2018.12.11-19.13.36:343][  0]LogConfig: Setting CVar [[net.UseAdaptiveNetUpdateFrequency:0]]
[2018.12.11-19.13.36:343][  0]LogConfig: Applying CVar settings from Section [ConsoleVariables] File [C:/Users/maxsa/Desktop/Unreal Projects/SteamProject/Saved/Config/Windows/Engine.ini]
[2018.12.11-19.13.36:343][  0]LogInit: Computer: MAX-PC
[2018.12.11-19.13.36:343][  0]LogInit: User: maxsa
[2018.12.11-19.13.36:343][  0]LogInit: CPU Page size=4096, Cores=4
[2018.12.11-19.13.36:343][  0]LogInit: High frequency timer resolution =3.420552 MHz
[2018.12.11-19.13.36:343][  0]LogMemory: Memory total: Physical=15.7GB (16GB approx)
[2018.12.11-19.13.36:343][  0]LogMemory: Platform Memory Stats for Windows
[2018.12.11-19.13.36:343][  0]LogMemory: Process Physical Memory: 131.70 MB used, 131.70 MB peak
[2018.12.11-19.13.36:343][  0]LogMemory: Process Virtual Memory: 104.54 MB used, 104.54 MB peak
[2018.12.11-19.13.36:343][  0]LogMemory: Physical Memory: 9701.54 MB used,  6373.31 MB free, 16074.85 MB total
[2018.12.11-19.13.36:343][  0]LogMemory: Virtual Memory: 4758.43 MB used,  134212968.00 MB free, 134217728.00 MB total
[2018.12.11-19.13.36:376][  0]LogInit: Using OS detected language (en-US).
[2018.12.11-19.13.36:376][  0]LogInit: Using OS detected locale (en-CA).
[2018.12.11-19.13.36:376][  0]LogTextLocalizationManager: No specific localization for 'en-US' exists, so the 'en' localization will be used.
[2018.12.11-19.13.36:828][  0]LogStreaming: Display: Took  0.452s to InitEngineTextLocalization.
[2018.12.11-19.13.36:857][  0]LogSlate: New Slate User Created.  User Index 0, Is Virtual User: 0
[2018.12.11-19.13.36:857][  0]LogSlate: Slate User Registered.  User Index 0, Is Virtual User: 0
[2018.12.11-19.13.36:871][  0]LogHMD: Failed to initialize OpenVR with code 105
[2018.12.11-19.13.36:871][  0]LogD3D11RHI: D3D11 adapters:
[2018.12.11-19.13.36:972][  0]LogD3D11RHI:    0. 'NVIDIA GeForce GTX 1070' (Feature Level 11_0)
[2018.12.11-19.13.36:972][  0]LogD3D11RHI:       8088/0/8037 MB DedicatedVideo/DedicatedSystem/SharedSystem, Outputs:2, VendorId:0x10de
[2018.12.11-19.13.36:978][  0]LogD3D11RHI:    1. 'Intel(R) HD Graphics 4000' (Feature Level 11_0)
[2018.12.11-19.13.36:978][  0]LogD3D11RHI:       224/0/1568 MB DedicatedVideo/DedicatedSystem/SharedSystem, Outputs:0, VendorId:0x8086
[2018.12.11-19.13.36:981][  0]LogD3D11RHI:    2. 'Microsoft Basic Render Driver' (Feature Level 11_0)
[2018.12.11-19.13.36:982][  0]LogD3D11RHI:       0/0/8037 MB DedicatedVideo/DedicatedSystem/SharedSystem, Outputs:0, VendorId:0x1414
[2018.12.11-19.13.36:982][  0]LogD3D11RHI: Chosen D3D11 Adapter: 0
[2018.12.11-19.13.36:991][  0]LogD3D11RHI: Creating new Direct3DDevice
[2018.12.11-19.13.36:992][  0]LogD3D11RHI:     GPU DeviceId: 0x1b81 (for the marketing name, search the web for "GPU Device Id")
[2018.12.11-19.13.36:992][  0]LogWindows: EnumDisplayDevices:
[2018.12.11-19.13.36:992][  0]LogWindows:    0. 'NVIDIA GeForce GTX 1070' (P:1 D:1)
[2018.12.11-19.13.36:992][  0]LogWindows:    1. 'NVIDIA GeForce GTX 1070' (P:0 D:1)
[2018.12.11-19.13.36:993][  0]LogWindows:    2. 'NVIDIA GeForce GTX 1070' (P:0 D:0)
[2018.12.11-19.13.36:993][  0]LogWindows:    3. 'NVIDIA GeForce GTX 1070' (P:0 D:0)
[2018.12.11-19.13.36:993][  0]LogWindows:    4. 'Intel(R) HD Graphics 4000' (P:0 D:0)
[2018.12.11-19.13.36:993][  0]LogWindows:    5. 'Intel(R) HD Graphics 4000' (P:0 D:0)
[2018.12.11-19.13.36:993][  0]LogWindows:    6. 'Intel(R) HD Graphics 4000' (P:0 D:0)
[2018.12.11-19.13.36:994][  0]LogWindows: DebugString: PrimaryIsNotTheChoosenAdapter PrimaryIsNotTheChoosenAdapter PrimaryIsNotTheChoosenAdapter FoundDriverCount:4 
[2018.12.11-19.13.36:994][  0]LogD3D11RHI:     Adapter Name: NVIDIA GeForce GTX 1070
[2018.12.11-19.13.36:994][  0]LogD3D11RHI:   Driver Version: 417.22 (internal:25.21.14.1722, unified:417.22)
[2018.12.11-19.13.36:994][  0]LogD3D11RHI:      Driver Date: 11-29-2018
[2018.12.11-19.13.36:994][  0]LogRHI: Texture pool is 5661 MB (70% of 8088 MB)
[2018.12.11-19.13.37:044][  0]LogD3D11RHI: Async texture creation enabled
[2018.12.11-19.13.37:086][  0]LogD3D11RHI: GPU Timing Frequency: 1000.000000 (Debug: 2 2)
[2018.12.11-19.13.37:604][  0]LogTemp: Display: Loaded TP WindowsClientTargetPlatform
[2018.12.11-19.13.37:617][  0]LogTemp: Display: Loaded TP WindowsNoEditorTargetPlatform
[2018.12.11-19.13.37:631][  0]LogTemp: Display: Loaded TP WindowsServerTargetPlatform
[2018.12.11-19.13.37:644][  0]LogTemp: Display: Loaded TP WindowsTargetPlatform
[2018.12.11-19.13.37:644][  0]LogTargetPlatformManager: Display: Building Assets For Windows
[2018.12.11-19.13.37:701][  0]LogShaderCompilers: Guid format shader working directory is -15 characters bigger than the processId version (../../../../Users/maxsa/Desktop/Unreal Projects/SteamProject/Intermediate/Shaders/WorkingDirectory/15084/).
[2018.12.11-19.13.37:701][  0]LogShaderCompilers: Cleaned the shader compiler working directory 'C:/Users/maxsa/AppData/Local/Temp/UnrealShaderWorkingDir/837FD9EC4480DB04BDD978BC46DBC62E/'.
[2018.12.11-19.13.37:703][  0]LogXGEController: Cannot use XGE Controller as Incredibuild is not installed on this machine.
[2018.12.11-19.13.37:703][  0]LogShaderCompilers: Cannot use XGE Shader Compiler as Incredibuild is not installed on this machine.
[2018.12.11-19.13.37:703][  0]LogShaderCompilers: Display: Using Local Shader Compiler.
[2018.12.11-19.13.38:188][  0]LogDerivedDataCache: Display: Max Cache Size: 512 MB
[2018.12.11-19.13.38:235][  0]LogDerivedDataCache: Loaded boot cache 0.05s 71MB C:/Users/maxsa/AppData/Local/UnrealEngine/4.21/DerivedDataCache/Boot.ddc.
[2018.12.11-19.13.38:235][  0]LogDerivedDataCache: Display: Loaded Boot cache: C:/Users/maxsa/AppData/Local/UnrealEngine/4.21/DerivedDataCache/Boot.ddc
[2018.12.11-19.13.38:235][  0]LogDerivedDataCache: FDerivedDataBackendGraph:  Pak pak cache file ../../../../Users/maxsa/Desktop/Unreal Projects/SteamProject/DerivedDataCache/DDC.ddp not found, will not use a pak cache.
[2018.12.11-19.13.38:235][  0]LogDerivedDataCache: Unable to find inner node Pak for hierarchical cache Hierarchy.
[2018.12.11-19.13.38:235][  0]LogDerivedDataCache: FDerivedDataBackendGraph:  CompressedPak pak cache file ../../../../Users/maxsa/Desktop/Unreal Projects/SteamProject/DerivedDataCache/Compressed.ddp not found, will not use a pak cache.
[2018.12.11-19.13.38:235][  0]LogDerivedDataCache: Unable to find inner node CompressedPak for hierarchical cache Hierarchy.
[2018.12.11-19.13.38:247][  0]LogDerivedDataCache: Display: Pak cache opened for reading ../../../Engine/DerivedDataCache/Compressed.ddp.
[2018.12.11-19.13.38:247][  0]LogDerivedDataCache: FDerivedDataBackendGraph:  EnterprisePak pak cache file ../../../Enterprise/DerivedDataCache/Compressed.ddp not found, will not use a pak cache.
[2018.12.11-19.13.38:247][  0]LogDerivedDataCache: Unable to find inner node EnterprisePak for hierarchical cache Hierarchy.
[2018.12.11-19.13.38:259][  0]LogDerivedDataCache: Using Local data cache path C:/Users/maxsa/AppData/Local/UnrealEngine/Common/DerivedDataCache: Writable
[2018.12.11-19.13.38:259][  0]LogDerivedDataCache: Shared data cache path not found in *engine.ini, will not use an Shared cache.
[2018.12.11-19.13.38:259][  0]LogDerivedDataCache: Unable to find inner node Shared for hierarchical cache Hierarchy.
[2018.12.11-19.13.38:280][  0]LogMaterial: Verifying Global Shaders for PCD3D_SM5
[2018.12.11-19.13.38:283][  0]LogSlate: Using FreeType 2.6.0
[2018.12.11-19.13.38:283][  0]LogSlate: SlateFontServices - WITH_FREETYPE: 1, WITH_HARFBUZZ: 1
[2018.12.11-19.13.38:461][  0]LogInit: Using OS detected language (en-US).
[2018.12.11-19.13.38:461][  0]LogInit: Using OS detected locale (en-CA).
[2018.12.11-19.13.38:462][  0]LogTextLocalizationManager: No localization for 'en-US' exists, so 'en' will be used for the language.
[2018.12.11-19.13.38:462][  0]LogTextLocalizationManager: No localization for 'en-CA' exists, so 'en' will be used for the locale.
[2018.12.11-19.13.38:462][  0]LogSlate: FontCache flush requested. Reason: Culture for localization was changed
[2018.12.11-19.13.38:462][  0]LogSlate: FontCache flush requested. Reason: Culture for localization was changed
[2018.12.11-19.13.38:798][  0]LogStreaming: Display: Took  0.337s to InitGameTextLocalization.
[2018.12.11-19.13.38:805][  0]LogAssetRegistry: FAssetRegistry took 0.0038 seconds to start up
[2018.12.11-19.13.39:069][  0]LogPackageLocalizationCache: Processed 11 localized package path(s) for 1 prioritized culture(s) in 0.048697 seconds
[2018.12.11-19.13.39:183][  0]LogInit: Selected Device Profile: [Windows]
[2018.12.11-19.13.39:320][  0]LogSimplygon: Simplygon DLL not present - disabling.
[2018.12.11-19.13.39:324][  0]LogMeshReduction: Using SimplygonSwarm for distributed automatic mesh merging
[2018.12.11-19.13.39:324][  0]LogMeshReduction: Using ProxyLODMeshReduction for automatic mesh merging
[2018.12.11-19.13.39:324][  0]LogMeshReduction: Using QuadricMeshReduction for automatic static mesh reduction
[2018.12.11-19.13.39:324][  0]LogMeshReduction: No automatic skeletal mesh reduction module available
[2018.12.11-19.13.39:336][  0]LogNetVersion: SteamProject 1.0.0, NetCL: 4541578, EngineNetVer: 5, GameNetVer: 0 (Checksum: 554750876)
[2018.12.11-19.13.39:930][  0]LogMoviePlayer: Initializing movie player
[2018.12.11-19.13.40:061][  0]SourceControl: Source control is disabled
[2018.12.11-19.13.40:061][  0]SourceControl: Source control is disabled
[2018.12.11-19.13.40:062][  0]SourceControl: Source control is disabled
[2018.12.11-19.13.40:201][  0]LogAndroidPermission: UAndroidPermissionCallbackProxy::GetInstance
[2018.12.11-19.13.40:312][  0]LogOcInput: OculusInput pre-init called
[2018.12.11-19.13.40:321][  0]LogUObjectArray: 43235 objects as part of root set at end of initial load.
[2018.12.11-19.13.40:322][  0]LogUObjectAllocator: 7601016 out of 0 bytes used by permanent object pool.
[2018.12.11-19.13.40:322][  0]LogUObjectArray: CloseDisregardForGC: 0/0 objects in disregard for GC pool
[2018.12.11-19.13.40:448][  0]LogEngine: Initializing Engine...
[2018.12.11-19.13.40:451][  0]LogHMD: Failed to initialize OpenVR with code 105
[2018.12.11-19.13.40:464][  0]LogStats: UGameplayTagsManager::ConstructGameplayTagTree: ImportINI prefixes -  0.000 s
[2018.12.11-19.13.40:464][  0]LogStats: UGameplayTagsManager::ConstructGameplayTagTree: Construct from data asset -  0.000 s
[2018.12.11-19.13.40:464][  0]LogStats: UGameplayTagsManager::ConstructGameplayTagTree: ImportINI -  0.000 s
[2018.12.11-19.13.40:464][  0]LogStats: UGameplayTagsManager::ConstructGameplayTagTree: GameplayTagTreeChangedEvent.Broadcast -  0.000 s
[2018.12.11-19.13.40:632][  0]LogInit: Initializing FReadOnlyCVARCache
[2018.12.11-19.13.40:659][  0]LogInit: XAudio2 using 'Headphones (Realtek High Definition Audio)' : 2 channels at 48 kHz using 32 bits per sample (channel mask 0x3)
[2018.12.11-19.13.40:683][  0]LogInit: FAudioDevice initialized.
[2018.12.11-19.13.40:695][  0]LogNetVersion: Set ProjectVersion to 1.0.0.0. Version Checksum will be recalculated on next use.
[2018.12.11-19.13.40:742][  0]LogDerivedDataCache: Saved boot cache 0.05s 71MB C:/Users/maxsa/AppData/Local/UnrealEngine/4.21/DerivedDataCache/Boot.ddc.
[2018.12.11-19.13.40:752][  0]LogInit: Texture streaming: Enabled
[2018.12.11-19.13.41:098][  0]LogSlate: Updating window title bar state: overlay mode, drag disabled, window buttons hidden, title bar hidden
[2018.12.11-19.13.41:098][  0]LogInit: Display: Game Engine Initialized.
[2018.12.11-19.13.41:098][  0]LogGameplayTags: Display: UGameplayTagsManager::DoneAddingNativeTags. DelegateIsBound: 0
[2018.12.11-19.13.41:099][  0]LogStats: UGameplayTagsManager::ConstructGameplayTagTree: ImportINI prefixes -  0.000 s
[2018.12.11-19.13.41:099][  0]LogStats: UGameplayTagsManager::ConstructGameplayTagTree: Construct from data asset -  0.000 s
[2018.12.11-19.13.41:099][  0]LogStats: UGameplayTagsManager::ConstructGameplayTagTree: ImportINI -  0.000 s
[2018.12.11-19.13.41:099][  0]LogStats: UGameplayTagsManager::ConstructGameplayTagTree: GameplayTagTreeChangedEvent.Broadcast -  0.000 s
[2018.12.11-19.13.41:116][  0]LogInit: Display: Starting Game.
[2018.12.11-19.13.41:116][  0]LogNet: Browse: /Game/Maps/MainMenu?Name=Player
[2018.12.11-19.13.41:117][  0]LogLoad: LoadMap: /Game/Maps/MainMenu?Name=Player
[2018.12.11-19.13.41:155][  0]LogAIModule: Creating AISystem for world MainMenu
[2018.12.11-19.13.41:272][  0]LogBlueprint: Warning: [Compiler Ue4ASP_Character] InputAction Event references unknown Action 'Crouch' for  InputAction Crouch
[2018.12.11-19.13.41:290][  0]LogBlueprint: Warning: [Compiler Ue4ASP_Character] [0009.69] Compile of Ue4ASP_Character successful, but with 1 Warning(s) [in 62 ms] (/Game/AnimStarterPack/Ue4ASP_Character.Ue4ASP_Character)
[2018.12.11-19.13.41:425][  0]LogLoad: Game class is 'ThirdPersonGameMode_C'
[2018.12.11-19.13.41:426][  0]LogWorld: Bringing World /Game/Maps/MainMenu.MainMenu up for play (max tick rate 0) at 2018.12.11-14.13.41
[2018.12.11-19.13.41:426][  0]LogWorld: Bringing up level for play took: 0.000550
[2018.12.11-19.13.41:426][  0]LogGameMode: FindPlayerStart: PATHS NOT DEFINED or NO PLAYERSTART with positive rating
[2018.12.11-19.13.41:436][  0]LogLoad: Took 0.319490 seconds to LoadMap(/Game/Maps/MainMenu)
[2018.12.11-19.13.41:437][  0]LogSlate: Took 0.000120 seconds to synchronously load lazily loaded font '../../../Engine/Content/Slate/Fonts/Roboto-Regular.ttf' (155K)
[2018.12.11-19.13.41:497][  0]LogRenderer: Reallocating scene render targets to support 1920x1020 Format 10 NumSamples 1 (Frame:1).
[2018.12.11-19.13.41:497][  0]LogLoad: (Engine Initialization) Total time: 9.89 seconds
[2018.12.11-19.13.41:497][  0]LogLoad: (Engine Initialization) Total Blueprint compile time: 0.00 seconds
[2018.12.11-19.13.41:537][  0]LogWindowsTextInputMethodSystem: Display: IME system now deactivated.
[2018.12.11-19.13.41:540][  0]LogContentStreaming: Texture pool size now 1000 MB
[2018.12.11-19.13.41:553][  1]LogSlate: Took 0.000330 seconds to synchronously load lazily loaded font '../../../Engine/Content/Slate/Fonts/Roboto-Regular.ttf' (155K)
[2018.12.11-19.13.43:435][116]LogBlueprintUserMessages: [Gun_GEN_VARIABLE_Gun_C_CAT_0] 
[2018.12.11-19.13.44:708][190]LogSlate: FSceneViewport::OnFocusLost() reason 0
[2018.12.11-19.13.47:428][354]LogBlueprintUserMessages: [Gun_GEN_VARIABLE_Gun_C_CAT_0] 
[2018.12.11-19.13.47:862][379]LogSlate: FSceneViewport::OnFocusLost() reason 0
[2018.12.11-19.13.49:747][493]LogInit: WinSock: I am Max-PC (192.168.0.101:0)
[2018.12.11-19.13.49:878][493]LogPackageName: SearchForPackageOnDisk took   0.129s to resolve Lobby.umap.
[2018.12.11-19.13.50:004][493]LogPackageName: SearchForPackageOnDisk took   0.125s to resolve Lobby.umap.
[2018.12.11-19.13.50:004][493]LogNet: Browse: /Game/Maps/Lobby?listen
[2018.12.11-19.13.50:004][493]LogLoad: LoadMap: /Game/Maps/Lobby?listen
[2018.12.11-19.13.50:540][493]LogAIModule: Creating AISystem for world Lobby
[2018.12.11-19.13.50:540][493]LogLoad: Game class is 'LobbyGM_C'
[2018.12.11-19.13.50:541][493]LogTemp: Display: ParseSettings for GameNetDriver
[2018.12.11-19.13.50:541][493]LogTemp: Display: ParseSettings for SteamNetDriver_0
[2018.12.11-19.13.50:541][493]LogTemp: Display: ParseSettings for GameNetDriver
[2018.12.11-19.13.50:541][493]LogNet: ReplicationDriverClass is null! Not using ReplicationDriver.
[2018.12.11-19.13.50:541][493]PacketHandlerLog: DDoS detection status: detection enabled: 0 analytics enabled: 0
[2018.12.11-19.13.50:541][493]LogNet: Display: SteamNetDriver_0 bound to port 7777
[2018.12.11-19.13.50:541][493]PacketHandlerLog: Loaded PacketHandler component: Engine.EngineHandlerComponentFactory (StatelessConnectHandlerComponent)
[2018.12.11-19.13.50:541][493]LogNet: GameNetDriver SteamNetDriver_0 IpNetDriver listening on port 7777
[2018.12.11-19.13.50:543][493]LogWorld: Bringing World /Game/Maps/Lobby.Lobby up for play (max tick rate 0) at 2018.12.11-14.13.50
[2018.12.11-19.13.50:543][493]LogWorld: Bringing up level for play took: 0.001693
[2018.12.11-19.13.50:566][493]LogLoad: Took 0.561587 seconds to LoadMap(/Game/Maps/Lobby)
[2018.12.11-19.13.52:821][629]LogSlate: FSceneViewport::OnFocusLost() reason 0
[2018.12.11-19.13.54:468][728]PIE: Warning: This widget does not support focus.  If this is a UserWidget, you should set bIsFocusable to true.
[2018.12.11-19.13.54:823][750]LogBlueprintUserMessages: [Gun_GEN_VARIABLE_Gun_C_CAT_2] 
[2018.12.11-19.13.55:267][776]LogSlate: FSceneViewport::OnFocusLost() reason 0
[2018.12.11-19.14.00:315][ 81]LogSlate: FSceneViewport::OnFocusLost() reason 0
[2018.12.11-19.14.00:402][ 86]LogGameMode: ProcessServerTravel: /Game/Maps/Arena01
[2018.12.11-19.14.00:402][ 86]LogWorld: SeamlessTravel to: /Game/Maps/Arena01
[2018.12.11-19.14.00:438][ 87]LogAIModule: Creating AISystem for world TravelMap
[2018.12.11-19.14.00:439][ 87]LogStats:     SeamlessTravel FlushLevelStreaming  -  0.000 s
[2018.12.11-19.14.00:439][ 87]LogWorld: Bringing World /Game/Maps/TravelMap.TravelMap up for play (max tick rate 0) at 2018.12.11-14.14.00
[2018.12.11-19.14.00:439][ 87]LogWorld: Bringing up level for play took: 0.000270
[2018.12.11-19.14.00:439][ 87]LogWorld: Sending NotifyLoadedWorld for LP: LocalPlayer_0 PC: LobbyPC_C_0
[2018.12.11-19.14.00:439][ 87]LogNet: Verbose: NotifyLoadedWorld Begin
[2018.12.11-19.14.00:439][ 87]LogNet: VeryVerbose: GetFunctionCallspace Server calling Server function: ServerNotifyLoadedWorld Local
[2018.12.11-19.14.00:439][ 87]LogNet: Verbose: NotifyLoadedWorld End
[2018.12.11-19.14.00:439][ 87]LogWorld: StartLoadingDestination to: /Game/Maps/Arena01
[2018.12.11-19.14.00:642][ 94]LogAIModule: Creating AISystem for world Arena01
[2018.12.11-19.14.00:642][ 94]LogLoad: Game class is 'GameplayGM_C'
[2018.12.11-19.14.00:642][ 94]LogStats:     SeamlessTravel FlushLevelStreaming  -  0.000 s
[2018.12.11-19.14.00:645][ 94]LogWorld: Bringing World /Game/Maps/Arena01.Arena01 up for play (max tick rate 0) at 2018.12.11-14.14.00
[2018.12.11-19.14.00:645][ 94]LogWorld: Bringing up level for play took: 0.002793
[2018.12.11-19.14.00:645][ 94]LogWorld: Sending NotifyLoadedWorld for LP: LocalPlayer_0 PC: LobbyPC_C_0
[2018.12.11-19.14.00:645][ 94]LogNet: Verbose: NotifyLoadedWorld Begin
[2018.12.11-19.14.00:645][ 94]LogNet: VeryVerbose: GetFunctionCallspace Server calling Server function: ServerNotifyLoadedWorld Local
[2018.12.11-19.14.00:645][ 94]LogNet: Verbose: NotifyLoadedWorld End
[2018.12.11-19.14.00:646][ 94]LogWorld: ----SeamlessTravel finished in 0.24 seconds ------
[2018.12.11-19.14.00:647][ 94]LogScript: Warning: Script Msg: DestroySession - Invalid player state
[2018.12.11-19.14.00:649][ 94]LogSlate: Updating window title bar state: overlay mode, drag disabled, window buttons hidden, title bar hidden
[2018.12.11-19.14.09:752][642]LogBlueprintUserMessages: [Gun_GEN_VARIABLE_Gun_C_CAT_2] Wall9
[2018.12.11-19.14.10:124][665]LogBlueprintUserMessages: [Gun_GEN_VARIABLE_Gun_C_CAT_2] Wall9
[2018.12.11-19.14.10:701][698]LogBlueprintUserMessages: [Gun_GEN_VARIABLE_Gun_C_CAT_2] Wall9
[2018.12.11-19.14.11:756][761]LogBlueprintUserMessages: [Gun_GEN_VARIABLE_Gun_C_CAT_2] 
[2018.12.11-19.14.12:563][811]LogBlueprintUserMessages: [Gun_GEN_VARIABLE_Gun_C_CAT_2] 
[2018.12.11-19.14.12:905][831]LogBlueprintUserMessages: [Gun_GEN_VARIABLE_Gun_C_CAT_2] 
[2018.12.11-19.14.15:606][995]LogBlueprintUserMessages: [Gun_GEN_VARIABLE_Gun_C_CAT_2] 
[2018.12.11-19.14.16:967][ 76]LogBlueprintUserMessages: [Gun_GEN_VARIABLE_Gun_C_CAT_2] Wall10
[2018.12.11-19.14.18:068][144]LogBlueprintUserMessages: [Gun_GEN_VARIABLE_Gun_C_CAT_2] Wall10
[2018.12.11-19.14.18:648][180]LogBlueprintUserMessages: [Gun_GEN_VARIABLE_Gun_C_CAT_2] Floor
[2018.12.11-19.14.19:045][202]LogBlueprintUserMessages: [Gun_GEN_VARIABLE_Gun_C_CAT_2] Floor
[2018.12.11-19.14.19:596][237]LogBlueprintUserMessages: [Gun_GEN_VARIABLE_Gun_C_CAT_2] Floor
[2018.12.11-19.14.20:118][268]LogBlueprintUserMessages: [Gun_GEN_VARIABLE_Gun_C_CAT_2] Floor
[2018.12.11-19.14.20:603][298]LogBlueprintUserMessages: [Gun_GEN_VARIABLE_Gun_C_CAT_2] 
[2018.12.11-19.14.21:466][351]LogBlueprintUserMessages: [Gun_GEN_VARIABLE_Gun_C_CAT_2] 
[2018.12.11-19.14.21:918][379]LogBlueprintUserMessages: [Gun_GEN_VARIABLE_Gun_C_CAT_2] 
[2018.12.11-19.14.28:476][778]LogBlueprintUserMessages: [Gun_GEN_VARIABLE_Gun_C_CAT_2] 
[2018.12.11-19.14.30:907][927]LogBlueprintUserMessages: [Gun_GEN_VARIABLE_Gun_C_CAT_2] Linear_Stair_StaticMesh
[2018.12.11-19.14.32:746][ 37]LogBlueprintUserMessages: [Gun_GEN_VARIABLE_Gun_C_CAT_2] RightArm_StaticMesh
[2018.12.11-19.14.33:836][103]LogBlueprintUserMessages: [Gun_GEN_VARIABLE_Gun_C_CAT_2] 
[2018.12.11-19.14.35:005][175]LogBlueprintUserMessages: [Gun_GEN_VARIABLE_Gun_C_CAT_2] 
[2018.12.11-19.14.46:191][850]LogBlueprintUserMessages: [Gun_GEN_VARIABLE_Gun_C_CAT_2] 
[2018.12.11-19.14.46:642][878]LogSlate: FSceneViewport::OnFocusLost() reason 0
[2018.12.11-19.14.55:023][382]LogBlueprintUserMessages: [Gun_GEN_VARIABLE_Gun_C_CAT_2] Floor
[2018.12.11-19.14.57:110][508]LogBlueprintUserMessages: [Gun_GEN_VARIABLE_Gun_C_CAT_2] Bump_StaticMesh
[2018.12.11-19.14.57:465][530]LogBlueprintUserMessages: [Gun_GEN_VARIABLE_Gun_C_CAT_2] Linear_Stair_StaticMesh
[2018.12.11-19.14.57:701][543]LogBlueprintUserMessages: [Gun_GEN_VARIABLE_Gun_C_CAT_2] Linear_Stair_StaticMesh
[2018.12.11-19.14.58:072][566]LogBlueprintUserMessages: [Gun_GEN_VARIABLE_Gun_C_CAT_2] Linear_Stair_StaticMesh
[2018.12.11-19.14.58:282][579]LogBlueprintUserMessages: [Gun_GEN_VARIABLE_Gun_C_CAT_2] Linear_Stair_StaticMesh
[2018.12.11-19.14.58:475][591]LogBlueprintUserMessages: [Gun_GEN_VARIABLE_Gun_C_CAT_2] Floor
[2018.12.11-19.14.58:631][599]LogBlueprintUserMessages: [Gun_GEN_VARIABLE_Gun_C_CAT_2] Floor
[2018.12.11-19.14.58:792][609]LogBlueprintUserMessages: [Gun_GEN_VARIABLE_Gun_C_CAT_2] Linear_Stair_StaticMesh
[2018.12.11-19.15.04:583][961]LogBlueprintUserMessages: [Gun_GEN_VARIABLE_Gun_C_CAT_2] RightArm_StaticMesh
[2018.12.11-19.15.05:480][ 15]LogBlueprintUserMessages: [Gun_GEN_VARIABLE_Gun_C_CAT_2] Linear_Stair_StaticMesh
[2018.12.11-19.15.07:540][139]LogBlueprintUserMessages: [Gun_GEN_VARIABLE_Gun_C_CAT_2] Bump_StaticMesh
[2018.12.11-19.15.10:615][326]LogBlueprintUserMessages: [Gun_GEN_VARIABLE_Gun_C_CAT_2] 
[2018.12.11-19.15.11:357][372]LogBlueprintUserMessages: [Gun_GEN_VARIABLE_Gun_C_CAT_2] LeftArm_StaticMesh
[2018.12.11-19.15.11:599][387]LogBlueprintUserMessages: [Gun_GEN_VARIABLE_Gun_C_CAT_2] Bump_StaticMesh
[2018.12.11-19.15.11:776][398]LogBlueprintUserMessages: [Gun_GEN_VARIABLE_Gun_C_CAT_2] LeftArm_StaticMesh
[2018.12.11-19.15.12:782][459]LogBlueprintUserMessages: [Gun_GEN_VARIABLE_Gun_C_CAT_2] CubeMesh
[2018.12.11-19.15.13:504][502]LogBlueprintUserMessages: [Gun_GEN_VARIABLE_Gun_C_CAT_2] Floor
[2018.12.11-19.15.13:859][524]LogBlueprintUserMessages: [Gun_GEN_VARIABLE_Gun_C_CAT_2] 
[2018.12.11-19.15.14:084][538]LogBlueprintUserMessages: [Gun_GEN_VARIABLE_Gun_C_CAT_2] Floor
[2018.12.11-19.15.14:322][551]LogBlueprintUserMessages: [Gun_GEN_VARIABLE_Gun_C_CAT_2] CubeMesh
[2018.12.11-19.15.14:549][565]LogBlueprintUserMessages: [Gun_GEN_VARIABLE_Gun_C_CAT_2] CubeMesh
[2018.12.11-19.15.14:790][580]LogBlueprintUserMessages: [Gun_GEN_VARIABLE_Gun_C_CAT_2] 
[2018.12.11-19.15.15:016][594]LogBlueprintUserMessages: [Gun_GEN_VARIABLE_Gun_C_CAT_2] Floor
[2018.12.11-19.15.15:281][607]LogBlueprintUserMessages: [Gun_GEN_VARIABLE_Gun_C_CAT_2] 
[2018.12.11-19.15.15:406][615]LogBlueprintUserMessages: [Gun_GEN_VARIABLE_Gun_C_CAT_2] 
[2018.12.11-19.15.15:568][625]LogBlueprintUserMessages: [Gun_GEN_VARIABLE_Gun_C_CAT_2] Floor
[2018.12.11-19.15.15:777][638]LogBlueprintUserMessages: [Gun_GEN_VARIABLE_Gun_C_CAT_2] 
[2018.12.11-19.15.15:971][650]LogBlueprintUserMessages: [Gun_GEN_VARIABLE_Gun_C_CAT_2] 
[2018.12.11-19.15.16:164][662]LogBlueprintUserMessages: [Gun_GEN_VARIABLE_Gun_C_CAT_2] 
[2018.12.11-19.15.17:273][729]LogBlueprintUserMessages: [Gun_GEN_VARIABLE_Gun_C_CAT_2] 
[2018.12.11-19.15.17:842][763]LogBlueprintUserMessages: [Gun_GEN_VARIABLE_Gun_C_CAT_2] Linear_Stair_StaticMesh
[2018.12.11-19.15.18:310][792]LogBlueprintUserMessages: [Gun_GEN_VARIABLE_Gun_C_CAT_2] Linear_Stair_StaticMesh
[2018.12.11-19.15.19:373][855]LogBlueprintUserMessages: [Gun_GEN_VARIABLE_Gun_C_CAT_2] Wall7
[2018.12.11-19.15.19:866][884]LogBlueprintUserMessages: [Gun_GEN_VARIABLE_Gun_C_CAT_2] RightArm_StaticMesh
[2018.12.11-19.15.21:596][984]LogBlueprintUserMessages: [Gun_GEN_VARIABLE_Gun_C_CAT_2] Linear_Stair_StaticMesh
[2018.12.11-19.15.22:257][ 25]LogBlueprintUserMessages: [Gun_GEN_VARIABLE_Gun_C_CAT_2] Linear_Stair_StaticMesh
[2018.12.11-19.15.22:755][ 54]LogBlueprintUserMessages: [Gun_GEN_VARIABLE_Gun_C_CAT_2] Floor
[2018.12.11-19.15.23:239][ 84]LogBlueprintUserMessages: [Gun_GEN_VARIABLE_Gun_C_CAT_2] 
[2018.12.11-19.15.23:699][110]LogBlueprintUserMessages: [Gun_GEN_VARIABLE_Gun_C_CAT_2] Floor
[2018.12.11-19.15.24:086][134]LogBlueprintUserMessages: [Gun_GEN_VARIABLE_Gun_C_CAT_2] Floor
[2018.12.11-19.15.24:425][155]LogBlueprintUserMessages: [Gun_GEN_VARIABLE_Gun_C_CAT_2] Floor
[2018.12.11-19.15.25:366][212]LogBlueprintUserMessages: [Gun_GEN_VARIABLE_Gun_C_CAT_2] 
[2018.12.11-19.15.25:670][229]LogBlueprintUserMessages: [Gun_GEN_VARIABLE_Gun_C_CAT_2] 
[2018.12.11-19.15.25:829][239]LogBlueprintUserMessages: [Gun_GEN_VARIABLE_Gun_C_CAT_2] Floor
[2018.12.11-19.15.26:071][254]LogBlueprintUserMessages: [Gun_GEN_VARIABLE_Gun_C_CAT_2] Linear_Stair_StaticMesh
[2018.12.11-19.15.26:249][265]LogBlueprintUserMessages: [Gun_GEN_VARIABLE_Gun_C_CAT_2] Floor
[2018.12.11-19.15.26:458][278]LogBlueprintUserMessages: [Gun_GEN_VARIABLE_Gun_C_CAT_2] 
[2018.12.11-19.15.27:144][319]LogBlueprintUserMessages: [Gun_GEN_VARIABLE_Gun_C_CAT_2] 
[2018.12.11-19.15.27:401][335]LogBlueprintUserMessages: [Gun_GEN_VARIABLE_Gun_C_CAT_2] Linear_Stair_StaticMesh
[2018.12.11-19.15.27:611][348]LogBlueprintUserMessages: [Gun_GEN_VARIABLE_Gun_C_CAT_2] Linear_Stair_StaticMesh
[2018.12.11-19.15.27:833][360]LogBlueprintUserMessages: [Gun_GEN_VARIABLE_Gun_C_CAT_2] Floor
[2018.12.11-19.15.28:607][408]LogBlueprintUserMessages: [Gun_GEN_VARIABLE_Gun_C_CAT_2] Linear_Stair_StaticMesh
[2018.12.11-19.15.31:806][604]LogBlueprintUserMessages: [Gun_GEN_VARIABLE_Gun_C_CAT_2] Wall7
[2018.12.11-19.15.33:591][710]LogBlueprintUserMessages: [Gun_GEN_VARIABLE_Gun_C_CAT_2] Wall7
[2018.12.11-19.15.34:058][737]LogBlueprintUserMessages: [Gun_GEN_VARIABLE_Gun_C_CAT_2] RightArm_StaticMesh
[2018.12.11-19.15.34:366][757]LogBlueprintUserMessages: [Gun_GEN_VARIABLE_Gun_C_CAT_2] Linear_Stair_StaticMesh
[2018.12.11-19.15.36:464][885]LogBlueprintUserMessages: [Gun_GEN_VARIABLE_Gun_C_CAT_2] Wall7
[2018.12.11-19.15.38:079][984]LogBlueprintUserMessages: [Gun_GEN_VARIABLE_Gun_C_CAT_2] Linear_Stair_StaticMesh
[2018.12.11-19.15.40:876][150]LogBlueprintUserMessages: [Gun_GEN_VARIABLE_Gun_C_CAT_2] 
[2018.12.11-19.15.41:350][177]LogBlueprintUserMessages: [Gun_GEN_VARIABLE_Gun_C_CAT_2] 
[2018.12.11-19.15.41:841][208]LogBlueprintUserMessages: [Gun_GEN_VARIABLE_Gun_C_CAT_2] Wall7
[2018.12.11-19.15.42:475][245]LogBlueprintUserMessages: [Gun_GEN_VARIABLE_Gun_C_CAT_2] Wall7
[2018.12.11-19.15.42:814][266]LogBlueprintUserMessages: [Gun_GEN_VARIABLE_Gun_C_CAT_2] Wall7
[2018.12.11-19.15.43:039][280]LogBlueprintUserMessages: [Gun_GEN_VARIABLE_Gun_C_CAT_2] 
[2018.12.11-19.15.43:582][312]LogBlueprintUserMessages: [Gun_GEN_VARIABLE_Gun_C_CAT_2] 
[2018.12.11-19.15.44:036][340]LogBlueprintUserMessages: [Gun_GEN_VARIABLE_Gun_C_CAT_2] 
[2018.12.11-19.15.44:261][354]LogBlueprintUserMessages: [Gun_GEN_VARIABLE_Gun_C_CAT_2] 
[2018.12.11-19.15.45:587][433]LogBlueprintUserMessages: [Gun_GEN_VARIABLE_Gun_C_CAT_2] 
[2018.12.11-19.15.45:974][457]LogBlueprintUserMessages: [Gun_GEN_VARIABLE_Gun_C_CAT_2] 
[2018.12.11-19.15.46:232][473]LogBlueprintUserMessages: [Gun_GEN_VARIABLE_Gun_C_CAT_2] 
[2018.12.11-19.15.46:859][511]LogBlueprintUserMessages: [Gun_GEN_VARIABLE_Gun_C_CAT_2] Floor
[2018.12.11-19.15.47:068][524]LogBlueprintUserMessages: [Gun_GEN_VARIABLE_Gun_C_CAT_2] Ramp_StaticMesh
[2018.12.11-19.15.47:424][546]LogBlueprintUserMessages: [Gun_GEN_VARIABLE_Gun_C_CAT_2] LeftArm_StaticMesh
[2018.12.11-19.15.47:686][560]LogBlueprintUserMessages: [Gun_GEN_VARIABLE_Gun_C_CAT_2] Bump_StaticMesh
[2018.12.11-19.15.49:134][648]LogBlueprintUserMessages: [Gun_GEN_VARIABLE_Gun_C_CAT_2] CubeMesh
[2018.12.11-19.16.00:960][249]LogBlueprintUserMessages: [Gun_GEN_VARIABLE_Gun_C_CAT_2] 
[2018.12.11-19.16.02:426][336]LogBlueprintUserMessages: [Gun_GEN_VARIABLE_Gun_C_CAT_2] 
[2018.12.11-19.16.02:830][361]LogBlueprintUserMessages: [Gun_GEN_VARIABLE_Gun_C_CAT_2] 
[2018.12.11-19.16.03:072][376]LogBlueprintUserMessages: [Gun_GEN_VARIABLE_Gun_C_CAT_2] 
[2018.12.11-19.16.03:394][395]LogBlueprintUserMessages: [Gun_GEN_VARIABLE_Gun_C_CAT_2] 
[2018.12.11-19.16.07:915][665]Closing by request
[2018.12.11-19.16.07:915][665]LogWindows: FPlatformMisc::RequestExit(0)
[2018.12.11-19.16.07:916][665]LogSlate: FSceneViewport::OnFocusLost() reason 2
[2018.12.11-19.16.07:926][666]LogNet: World NetDriver shutdown SteamNetDriver_0 [GameNetDriver]
[2018.12.11-19.16.07:926][666]LogNet: DestroyNamedNetDriver SteamNetDriver_0 [GameNetDriver]
[2018.12.11-19.16.07:926][666]LogExit: GameNetDriver SteamNetDriver_0 shut down
[2018.12.11-19.16.08:576][666]LogSlate: Window 'SteamProject (64-bit Development PCD3D_SM5) ' being destroyed
[2018.12.11-19.16.08:576][666]LogWindowsTextInputMethodSystem: Display: IME system now deactivated.
[2018.12.11-19.16.08:578][666]LogWindowsTextInputMethodSystem: Display: IME system now deactivated.
[2018.12.11-19.16.08:590][666]LogExit: Preparing to exit.
[2018.12.11-19.16.08:590][666]LogMoviePlayer: Shutting down movie player
[2018.12.11-19.16.08:617][666]LogSlate: Updating window title bar state: overlay mode, drag disabled, window buttons hidden, title bar hidden
[2018.12.11-19.16.08:631][666]LogExit: Game engine shut down
[2018.12.11-19.16.08:709][666]LogExit: Object subsystem successfully closed.
[2018.12.11-19.16.08:731][666]LogShaderCompilers: Display: Shaders left to compile 0
[2018.12.11-19.16.08:733][666]LogD3D11RHI: Shutdown
[2018.12.11-19.16.08:733][666]LogD3D11RHI: CleanupD3DDevice
[2018.12.11-19.16.08:736][666]LogD3D11RHI: ~FD3D11DynamicRHI
[2018.12.11-19.16.08:760][666]LogModuleManager: Shutting down and abandoning module SequenceRecorderSections (384)
[2018.12.11-19.16.08:761][666]LogModuleManager: Shutting down and abandoning module SequenceRecorder (382)
[2018.12.11-19.16.08:761][666]LogModuleManager: Shutting down and abandoning module AutomationController (380)
[2018.12.11-19.16.08:762][666]LogModuleManager: Shutting down and abandoning module AutomationWorker (378)
[2018.12.11-19.16.08:762][666]LogModuleManager: Shutting down and abandoning module Voice (376)
[2018.12.11-19.16.08:762][666]LogModuleManager: Shutting down and abandoning module AIModule (374)
[2018.12.11-19.16.08:762][666]LogModuleManager: Shutting down and abandoning module GameplayDebugger (373)
[2018.12.11-19.16.08:762][666]LogModuleManager: Shutting down and abandoning module AITestSuite (371)
[2018.12.11-19.16.08:763][666]LogModuleManager: Shutting down and abandoning module NavigationSystem (369)
[2018.12.11-19.16.08:763][666]LogModuleManager: Shutting down and abandoning module WmfMediaFactory (366)
[2018.12.11-19.16.08:763][666]LogModuleManager: Shutting down and abandoning module WebMMediaFactory (364)
[2018.12.11-19.16.08:763][666]LogModuleManager: Shutting down and abandoning module WebMMedia (362)
[2018.12.11-19.16.08:763][666]LogModuleManager: Shutting down and abandoning module OpenExrWrapper (360)
[2018.12.11-19.16.08:763][666]LogModuleManager: Shutting down and abandoning module ImgMediaFactory (358)
[2018.12.11-19.16.08:763][666]LogModuleManager: Shutting down and abandoning module AvfMediaFactory (356)
[2018.12.11-19.16.08:763][666]LogModuleManager: Shutting down and abandoning module MagicLeapCameraPreviewFactory (354)
[2018.12.11-19.16.08:763][666]LogModuleManager: Shutting down and abandoning module MagicLeapMediaFactory (352)
[2018.12.11-19.16.08:763][666]LogModuleManager: Shutting down and abandoning module CharacterAI (350)
[2018.12.11-19.16.08:763][666]LogModuleManager: Shutting down and abandoning module SessionServices (348)
[2018.12.11-19.16.08:763][666]LogModuleManager: Shutting down and abandoning module MovieSceneCapture (346)
[2018.12.11-19.16.08:763][666]LogModuleManager: Shutting down and abandoning module MovieSceneTracks (344)
[2018.12.11-19.16.08:763][666]LogModuleManager: Shutting down and abandoning module MovieScene (342)
[2018.12.11-19.16.08:763][666]LogModuleManager: Shutting down and abandoning module StreamingPauseRendering (340)
[2018.12.11-19.16.08:763][666]LogModuleManager: Shutting down and abandoning module PortalServices (338)
[2018.12.11-19.16.08:763][666]LogModuleManager: Shutting down and abandoning module PortalRpc (336)
[2018.12.11-19.16.08:763][666]LogModuleManager: Shutting down and abandoning module MessagingRpc (334)
[2018.12.11-19.16.08:763][666]LogModuleManager: Shutting down and abandoning module ImageWriteQueue (332)
[2018.12.11-19.16.08:765][666]LogModuleManager: Shutting down and abandoning module ProfilerService (330)
[2018.12.11-19.16.08:877][666]LogModuleManager: Shutting down and abandoning module TaskGraph (328)
[2018.12.11-19.16.08:878][666]LogModuleManager: Shutting down and abandoning module SteamVRController (326)
[2018.12.11-19.16.08:878][666]LogModuleManager: Shutting down and abandoning module ProceduralMeshComponent (324)
[2018.12.11-19.16.08:878][666]LogModuleManager: Shutting down and abandoning module OculusInput (322)
[2018.12.11-19.16.08:878][666]LogModuleManager: Shutting down and abandoning module MobilePatchingUtils (320)
[2018.12.11-19.16.08:878][666]LogModuleManager: Shutting down and abandoning module EditableMesh (318)
[2018.12.11-19.16.08:878][666]LogModuleManager: Shutting down and abandoning module CustomMeshComponent (316)
[2018.12.11-19.16.08:878][666]LogModuleManager: Shutting down and abandoning module CableComponent (314)
[2018.12.11-19.16.08:879][666]LogModuleManager: Shutting down and abandoning module AudioCapture (312)
[2018.12.11-19.16.08:879][666]LogModuleManager: Shutting down and abandoning module ArchVisCharacter (310)
[2018.12.11-19.16.08:879][666]LogModuleManager: Shutting down and abandoning module AndroidPermission (308)
[2018.12.11-19.16.08:879][666]LogModuleManager: Shutting down and abandoning module NUTUnrealEngine4 (304)
[2018.12.11-19.16.08:879][666]LogModuleManager: Shutting down and abandoning module NetcodeUnitTest (302)
[2018.12.11-19.16.08:880][666]LogModuleManager: Shutting down and abandoning module MediaCompositing (300)
[2018.12.11-19.16.08:880][666]LogModuleManager: Shutting down and abandoning module LinearTimecode (298)
[2018.12.11-19.16.08:880][666]LogModuleManager: Shutting down and abandoning module ImgMedia (296)
[2018.12.11-19.16.08:881][666]LogModuleManager: Shutting down and abandoning module HTML5Networking (294)
[2018.12.11-19.16.08:881][666]LogModuleManager: Shutting down and abandoning module GeometryCacheTracks (292)
[2018.12.11-19.16.08:882][666]LogModuleManager: Shutting down and abandoning module GeometryCacheSequencer (291)
[2018.12.11-19.16.08:882][666]LogModuleManager: Shutting down and abandoning module GeometryCache (288)
[2018.12.11-19.16.08:882][666]LogModuleManager: Shutting down and abandoning module GeometryCacheEd (287)
[2018.12.11-19.16.08:882][666]LogModuleManager: Shutting down and abandoning module BackChannel (284)
[2018.12.11-19.16.08:882][666]LogModuleManager: Shutting down and abandoning module AppleVision (282)
[2018.12.11-19.16.08:882][666]LogModuleManager: Shutting down and abandoning module AppleImageUtilsBlueprintSupport (280)
[2018.12.11-19.16.08:882][666]LogModuleManager: Shutting down and abandoning module AppleImageUtils (278)
[2018.12.11-19.16.08:882][666]LogModuleManager: Shutting down and abandoning module VariantManagerContent (276)
[2018.12.11-19.16.08:882][666]LogModuleManager: Shutting down and abandoning module CryptoKeysOpenSSL (274)
[2018.12.11-19.16.08:882][666]LogModuleManager: Shutting down and abandoning module CryptoKeys (272)
[2018.12.11-19.16.08:882][666]LogModuleManager: Shutting down and abandoning module VisualStudioSourceCodeAccess (270)
[2018.12.11-19.16.08:882][666]LogModuleManager: Shutting down and abandoning module HotReload (269)
[2018.12.11-19.16.08:883][666]LogModuleManager: Shutting down and abandoning module DirectoryWatcher (268)
[2018.12.11-19.16.08:883][666]LogModuleManager: Shutting down and abandoning module VisualStudioCodeSourceCodeAccess (264)
[2018.12.11-19.16.08:883][666]LogModuleManager: Shutting down and abandoning module UObjectPlugin (262)
[2018.12.11-19.16.08:883][666]LogModuleManager: Shutting down and abandoning module SubversionSourceControl (260)
[2018.12.11-19.16.08:883][666]LogModuleManager: Shutting down and abandoning module PerforceSourceControl (258)
[2018.12.11-19.16.08:884][666]LogModuleManager: Shutting down and abandoning module SourceControl (257)
[2018.12.11-19.16.08:884][666]LogModuleManager: Shutting down and abandoning module CLionSourceCodeAccess (254)
[2018.12.11-19.16.08:884][666]LogModuleManager: Shutting down and abandoning module ActorLayerUtilities (252)
[2018.12.11-19.16.08:884][666]LogModuleManager: Shutting down and abandoning module RuntimePhysXCooking (250)
[2018.12.11-19.16.08:884][666]LogModuleManager: Shutting down and abandoning module PhysXVehiclesEditor (248)
[2018.12.11-19.16.08:884][666]LogModuleManager: Shutting down and abandoning module PhysXVehicles (246)
[2018.12.11-19.16.08:884][666]LogModuleManager: Shutting down and abandoning module LocationServicesBPLibrary (244)
[2018.12.11-19.16.08:884][666]LogModuleManager: Shutting down and abandoning module ActorSequence (242)
[2018.12.11-19.16.08:884][666]LogModuleManager: Shutting down and abandoning module UdpMessaging (240)
[2018.12.11-19.16.08:884][666]LogModuleManager: Shutting down and abandoning module TcpMessaging (238)
[2018.12.11-19.16.08:885][666]LogModuleManager: Shutting down and abandoning module MagicLeapAudio (236)
[2018.12.11-19.16.08:885][666]LogModuleManager: Shutting down and abandoning module GameplayTagsEditor (234)
[2018.12.11-19.16.08:885][666]LogModuleManager: Shutting down and abandoning module FacialAnimation (232)
[2018.12.11-19.16.08:885][666]LogModuleManager: Shutting down and abandoning module DataValidation (230)
[2018.12.11-19.16.08:885][666]LogModuleManager: Shutting down and abandoning module AssetManagerEditor (228)
[2018.12.11-19.16.08:885][666]LogModuleManager: Shutting down and abandoning module TreeMap (227)
[2018.12.11-19.16.08:885][666]LogModuleManager: Shutting down and abandoning module LightPropagationVolumeRuntime (224)
[2018.12.11-19.16.08:885][666]LogModuleManager: Shutting down and abandoning module AISupportModule (222)
[2018.12.11-19.16.08:885][666]LogModuleManager: Shutting down and abandoning module Paper2D (220)
[2018.12.11-19.16.08:886][666]LogModuleManager: Shutting down and abandoning module WindowsMoviePlayer (218)
[2018.12.11-19.16.08:886][666]LogModuleManager: Shutting down and abandoning module WebMMoviePlayer (216)
[2018.12.11-19.16.08:886][666]LogModuleManager: Shutting down and abandoning module WmfMedia (214)
[2018.12.11-19.16.08:887][666]LogModuleManager: Shutting down and abandoning module Media (213)
[2018.12.11-19.16.08:893][666]LogModuleManager: Shutting down and abandoning module PacketHandler (210)
[2018.12.11-19.16.08:893][666]LogModuleManager: Shutting down and abandoning module ClothingSystemEditor (208)
[2018.12.11-19.16.08:893][666]LogModuleManager: Shutting down and abandoning module ClothingSystemRuntime (206)
[2018.12.11-19.16.08:894][666]LogModuleManager: Shutting down and abandoning module MediaAssets (204)
[2018.12.11-19.16.08:894][666]LogModuleManager: Shutting down and abandoning module Overlay (202)
[2018.12.11-19.16.08:894][666]LogModuleManager: Shutting down and abandoning module OverlayEditor (201)
[2018.12.11-19.16.08:894][666]LogModuleManager: Shutting down and abandoning module VREditor (198)
[2018.12.11-19.16.08:894][666]LogModuleManager: Shutting down and abandoning module StringTableEditor (196)
[2018.12.11-19.16.08:894][666]LogModuleManager: Shutting down and abandoning module GameplayTasksEditor (194)
[2018.12.11-19.16.08:894][666]LogModuleManager: Shutting down and abandoning module BehaviorTreeEditor (192)
[2018.12.11-19.16.08:895][666]LogModuleManager: Shutting down and abandoning module FunctionalTesting (190)
[2018.12.11-19.16.08:895][666]LogModuleManager: Shutting down and abandoning module CollisionAnalyzer (188)
[2018.12.11-19.16.08:896][666]LogModuleManager: Shutting down and abandoning module WorkspaceMenuStructure (187)
[2018.12.11-19.16.08:896][666]LogModuleManager: Shutting down and abandoning module UMG (184)
[2018.12.11-19.16.08:896][666]LogModuleManager: Shutting down and abandoning module UMGEditor (183)
[2018.12.11-19.16.08:896][666]LogModuleManager: Shutting down and abandoning module Sequencer (182)
[2018.12.11-19.16.08:896][666]LogModuleManager: Shutting down and abandoning module MessageLog (179)
[2018.12.11-19.16.08:896][666]LogModuleManager: Shutting down and abandoning module SlateReflector (174)
[2018.12.11-19.16.08:897][666]LogModuleManager: Shutting down and abandoning module Slate (172)
[2018.12.11-19.16.08:897][666]LogModuleManager: Shutting down and abandoning module EditorStyle (170)
[2018.12.11-19.16.08:899][666]LogModuleManager: Shutting down and abandoning module MRMesh (168)
[2018.12.11-19.16.08:899][666]LogModuleManager: Shutting down and abandoning module Messaging (166)
[2018.12.11-19.16.08:899][666]LogModuleManager: Shutting down and abandoning module SourceCodeAccess (164)
[2018.12.11-19.16.08:899][666]LogModuleManager: Shutting down and abandoning module HeadMountedDisplay (162)
[2018.12.11-19.16.08:899][666]LogModuleManager: Shutting down and abandoning module XAudio2 (160)
[2018.12.11-19.16.08:899][666]LogModuleManager: Shutting down and abandoning module Networking (158)
[2018.12.11-19.16.08:899][666]LogModuleManager: Shutting down and abandoning module Core (156)
[2018.12.11-19.16.08:899][666]LogModuleManager: Shutting down and abandoning module LevelSequence (154)
[2018.12.11-19.16.08:899][666]LogModuleManager: Shutting down and abandoning module KismetCompiler (152)
[2018.12.11-19.16.08:899][666]LogModuleManager: Shutting down and abandoning module MeshUtilities (150)
[2018.12.11-19.16.08:899][666]LogModuleManager: Shutting down and abandoning module MeshMergeUtilities (149)
[2018.12.11-19.16.08:900][666]LogModuleManager: Shutting down and abandoning module MeshReductionInterface (148)
[2018.12.11-19.16.08:900][666]LogModuleManager: Shutting down and abandoning module SimplygonSwarm (147)
[2018.12.11-19.16.08:900][666]LogModuleManager: Shutting down and abandoning module ProxyLODMeshReduction (145)
[2018.12.11-19.16.08:900][666]LogModuleManager: Shutting down and abandoning module SimplygonMeshReduction (143)
[2018.12.11-19.16.08:900][666]LogModuleManager: Shutting down and abandoning module QuadricMeshReduction (141)
[2018.12.11-19.16.08:900][666]LogModuleManager: Shutting down and abandoning module MaterialBaking (137)
[2018.12.11-19.16.08:901][666]LogModuleManager: Shutting down and abandoning module PIEPreviewDeviceProfileSelector (132)
[2018.12.11-19.16.08:901][666]LogModuleManager: Shutting down and abandoning module DerivedDataCache (130)
[2018.12.11-19.16.08:906][666]LogDerivedDataCache: Shutdown
[2018.12.11-19.16.08:906][666]LogModuleManager: Shutting down and abandoning module XGEController (128)
[2018.12.11-19.16.08:906][666]LogModuleManager: Shutting down and abandoning module TargetPlatform (126)
[2018.12.11-19.16.08:906][666]LogModuleManager: Shutting down and abandoning module VulkanShaderFormat (125)
[2018.12.11-19.16.08:907][666]LogModuleManager: Shutting down and abandoning module ShaderFormatVectorVM (123)
[2018.12.11-19.16.08:907][666]LogModuleManager: Shutting down and abandoning module ShaderFormatOpenGL (121)
[2018.12.11-19.16.08:907][666]LogModuleManager: Shutting down and abandoning module ShaderFormatD3D (119)
[2018.12.11-19.16.08:907][666]LogModuleManager: Shutting down and abandoning module MetalShaderFormat (117)
[2018.12.11-19.16.08:907][666]LogModuleManager: Shutting down and abandoning module TextureFormatUncompressed (115)
[2018.12.11-19.16.08:907][666]LogModuleManager: Shutting down and abandoning module TextureFormatPVR (113)
[2018.12.11-19.16.08:908][666]LogModuleManager: Shutting down and abandoning module TextureFormatDXT (111)
[2018.12.11-19.16.08:908][666]LogModuleManager: Shutting down and abandoning module TextureFormatIntelISPCTexComp (109)
[2018.12.11-19.16.08:908][666]LogModuleManager: Shutting down and abandoning module TextureFormatASTC (107)
[2018.12.11-19.16.08:908][666]LogModuleManager: Shutting down and abandoning module ImageWrapper (106)
[2018.12.11-19.16.08:908][666]LogModuleManager: Shutting down and abandoning module TextureFormatAndroid (103)
[2018.12.11-19.16.08:908][666]LogModuleManager: Shutting down and abandoning module AudioFormatOpus (101)
[2018.12.11-19.16.08:908][666]LogModuleManager: Shutting down and abandoning module AudioFormatOgg (99)
[2018.12.11-19.16.08:908][666]LogModuleManager: Shutting down and abandoning module AudioFormatADPCM (97)
[2018.12.11-19.16.08:908][666]LogModuleManager: Shutting down and abandoning module WindowsTargetPlatform (95)
[2018.12.11-19.16.08:908][666]LogModuleManager: Shutting down and abandoning module WindowsServerTargetPlatform (93)
[2018.12.11-19.16.08:908][666]LogModuleManager: Shutting down and abandoning module WindowsNoEditorTargetPlatform (91)
[2018.12.11-19.16.08:908][666]LogModuleManager: Shutting down and abandoning module WindowsClientTargetPlatform (89)
[2018.12.11-19.16.08:908][666]LogModuleManager: Shutting down and abandoning module InputCore (86)
[2018.12.11-19.16.08:908][666]LogModuleManager: Shutting down and abandoning module Settings (84)
[2018.12.11-19.16.08:908][666]LogModuleManager: Shutting down and abandoning module PhysXCooking (82)
[2018.12.11-19.16.08:908][666]LogModuleManager: Shutting down and abandoning module SteamVR (80)
[2018.12.11-19.16.08:908][666]LogHMD: Freeing OpenVRDLLHandle.
[2018.12.11-19.16.08:908][666]LogModuleManager: Shutting down and abandoning module OculusHMD (78)
[2018.12.11-19.16.08:909][666]LogModuleManager: Shutting down and abandoning module ExampleDeviceProfileSelector (76)
[2018.12.11-19.16.08:909][666]LogModuleManager: Shutting down and abandoning module LauncherChunkInstaller (74)
[2018.12.11-19.16.08:909][666]LogModuleManager: Shutting down and abandoning module OnlineBlueprintSupport (72)
[2018.12.11-19.16.08:909][666]LogModuleManager: Shutting down and abandoning module OnlineSubsystem (68)
[2018.12.11-19.16.08:909][666]LogOnline: Display: STEAM: OnlineSubsystemSteam::Shutdown()
[2018.12.11-19.16.08:909][666]LogOnline: STEAM: AUTH: Revoking all tickets.
[2018.12.11-19.16.08:936][666]LogOnline: Display: STEAM: OnlineSubsystemSteam::Shutdown()
[2018.12.11-19.16.08:937][666]LogModuleManager: Shutting down and abandoning module XMPP (63)
[2018.12.11-19.16.08:937][666]LogModuleManager: Shutting down and abandoning module WebSockets (62)
[2018.12.11-19.16.08:970][666]LogModuleManager: Shutting down and abandoning module HTTP (59)
[2018.12.11-19.16.08:989][666]LogModuleManager: Shutting down and abandoning module SSL (58)
[2018.12.11-19.16.08:990][666]LogModuleManager: Shutting down and abandoning module MagicLeapIdentity (54)
[2018.12.11-19.16.08:990][666]LogModuleManager: Shutting down and abandoning module MagicLeapHelperVulkan (52)
[2018.12.11-19.16.08:990][666]LogModuleManager: Shutting down and abandoning module MagicLeapHelperOpenGL (50)
[2018.12.11-19.16.08:990][666]LogModuleManager: Shutting down and abandoning module MagicLeapSecureStorage (48)
[2018.12.11-19.16.08:990][666]LogModuleManager: Shutting down and abandoning module MagicLeapHandTracking (46)
[2018.12.11-19.16.08:990][666]LogModuleManager: Shutting down and abandoning module MagicLeapEyeTracker (44)
[2018.12.11-19.16.08:990][666]LogModuleManager: Shutting down and abandoning module MagicLeapController (42)
[2018.12.11-19.16.08:991][666]LogSlate: Slate User Destroyed.  User Index 0, Is Virtual User: 0
[2018.12.11-19.16.08:991][666]LogModuleManager: Shutting down and abandoning module MagicLeap (40)
[2018.12.11-19.16.08:992][666]LogModuleManager: Shutting down and abandoning module DatasmithContent (38)
[2018.12.11-19.16.08:992][666]LogModuleManager: Shutting down and abandoning module AnimationModifiers (36)
[2018.12.11-19.16.08:994][666]LogModuleManager: Shutting down and abandoning module PropertyEditor (35)
[2018.12.11-19.16.08:994][666]LogModuleManager: Shutting down and abandoning module AudioEditor (32)
[2018.12.11-19.16.08:995][666]LogModuleManager: Shutting down and abandoning module TextureCompressor (30)
[2018.12.11-19.16.08:996][666]LogModuleManager: Shutting down and abandoning module ShaderCore (28)
[2018.12.11-19.16.08:996][666]LogModuleManager: Shutting down and abandoning module Landscape (26)
[2018.12.11-19.16.08:996][666]LogModuleManager: Shutting down and abandoning module SlateRHIRenderer (24)
[2018.12.11-19.16.08:996][666]LogModuleManager: Shutting down and abandoning module OpenGLDrv (22)
[2018.12.11-19.16.08:997][666]LogModuleManager: Shutting down and abandoning module D3D11RHI (20)
[2018.12.11-19.16.08:997][666]LogModuleManager: Shutting down and abandoning module AnimGraphRuntime (18)
[2018.12.11-19.16.08:997][666]LogModuleManager: Shutting down and abandoning module Renderer (16)
[2018.12.11-19.16.08:997][666]LogModuleManager: Shutting down and abandoning module Engine (14)
[2018.12.11-19.16.08:997][666]LogModuleManager: Shutting down and abandoning module CoreUObject (12)
[2018.12.11-19.16.08:997][666]LogModuleManager: Shutting down and abandoning module NetworkFile (10)
[2018.12.11-19.16.08:997][666]LogModuleManager: Shutting down and abandoning module CookedIterativeFile (8)
[2018.12.11-19.16.08:997][666]LogModuleManager: Shutting down and abandoning module StreamingFile (6)
[2018.12.11-19.16.08:997][666]LogModuleManager: Shutting down and abandoning module SandboxFile (4)
[2018.12.11-19.16.08:997][666]LogModuleManager: Shutting down and abandoning module PakFile (2)
[2018.12.11-19.16.09:000][666]LogExit: Exiting.
[2018.12.11-19.16.09:011][666]Log file closed, 12/11/18 14:16:09
