Log file open, 11/07/18 09:40:12
LogWindows: Failed to load 'aqProf.dll' (GetLastError=126)
LogWindows: File 'aqProf.dll' does not exist
LogWindows: Failed to load 'VSPerf140.dll' (GetLastError=126)
LogWindows: File 'VSPerf140.dll' does not exist
LogWindows: Failed to load 'VtuneApi.dll' (GetLastError=126)
LogWindows: File 'VtuneApi.dll' does not exist
LogWindows: Failed to load 'VtuneApi32e.dll' (GetLastError=126)
LogWindows: File 'VtuneApi32e.dll' does not exist
LogInit: Display: Running engine for game: SteamProject
LogPlatformFile: Not using cached read wrapper
LogTaskGraph: Started task graph with 5 named threads and 14 total threads with 3 sets of task threads.
LogStats: Stats thread started at 5.448275
LogD3D11RHI: Loaded GFSDK_Aftermath_Lib.x64.dll
LogICUInternationalization: Display: ICU TimeZone Detection - Raw Offset: -5:00, Platform Override: ''
LogPluginManager: Mounting plugin Paper2D
LogPluginManager: Mounting plugin AISupport
LogPluginManager: Mounting plugin LightPropagationVolume
LogPluginManager: Mounting plugin CLionSourceCodeAccess
LogPluginManager: Mounting plugin CodeLiteSourceCodeAccess
LogPluginManager: Mounting plugin GitSourceControl
LogPluginManager: Mounting plugin KDevelopSourceCodeAccess
LogPluginManager: Mounting plugin NullSourceCodeAccess
LogPluginManager: Mounting plugin PerforceSourceControl
LogPluginManager: Mounting plugin SubversionSourceControl
LogPluginManager: Mounting plugin UObjectPlugin
LogPluginManager: Mounting plugin VisualStudioCodeSourceCodeAccess
LogPluginManager: Mounting plugin VisualStudioSourceCodeAccess
LogPluginManager: Mounting plugin XCodeSourceCodeAccess
LogPluginManager: Mounting plugin AssetManagerEditor
LogPluginManager: Mounting plugin CryptoKeys
LogPluginManager: Mounting plugin DataValidation
LogPluginManager: Mounting plugin FacialAnimation
LogPluginManager: Mounting plugin GameplayTagsEditor
LogPluginManager: Mounting plugin MacGraphicsSwitching
LogPluginManager: Mounting plugin MeshEditor
LogPluginManager: Mounting plugin MobileLauncherProfileWizard
LogPluginManager: Mounting plugin PluginBrowser
LogPluginManager: Mounting plugin SpeedTreeImporter
LogPluginManager: Mounting plugin DatasmithContent
LogPluginManager: Mounting plugin AlembicImporter
LogPluginManager: Mounting plugin AppleImageUtils
LogPluginManager: Mounting plugin AppleVision
LogPluginManager: Mounting plugin BackChannel
LogPluginManager: Mounting plugin CharacterAI
LogPluginManager: Mounting plugin GeometryCache
LogPluginManager: Mounting plugin HTML5Networking
LogPluginManager: Mounting plugin ProxyLODPlugin
LogPluginManager: Mounting plugin MagicLeap
LogPluginManager: Mounting plugin MagicLeapEmulator
LogPluginManager: Mounting plugin MagicLeapMedia
LogPluginManager: Mounting plugin AndroidMedia
LogPluginManager: Mounting plugin AvfMedia
LogPluginManager: Mounting plugin ImgMedia
LogPluginManager: Mounting plugin LinearTimecode
LogPluginManager: Mounting plugin MediaCompositing
LogPluginManager: Mounting plugin MediaPlayerEditor
LogPluginManager: Mounting plugin WmfMedia
LogPluginManager: Mounting plugin TcpMessaging
LogPluginManager: Mounting plugin UdpMessaging
LogPluginManager: Mounting plugin ActorSequence
LogPluginManager: Mounting plugin LevelSequenceEditor
LogPluginManager: Mounting plugin MatineeToLevelSequence
LogPluginManager: Mounting plugin NetcodeUnitTest
LogPluginManager: Mounting plugin NUTUnrealEngine4
LogPluginManager: Mounting plugin OnlineSubsystemGooglePlay
LogPluginManager: Mounting plugin OnlineSubsystemIOS
LogPluginManager: Mounting plugin OnlineSubsystem
LogPluginManager: Mounting plugin OnlineSubsystemNull
LogPluginManager: Mounting plugin OnlineSubsystemSteam
LogPluginManager: Mounting plugin OnlineSubsystemUtils
LogPluginManager: Mounting plugin LauncherChunkInstaller
LogPluginManager: Mounting plugin AndroidDeviceProfileSelector
LogPluginManager: Mounting plugin AndroidMoviePlayer
LogPluginManager: Mounting plugin AndroidPermission
LogPluginManager: Mounting plugin AppleMoviePlayer
LogPluginManager: Mounting plugin ArchVisCharacter
LogPluginManager: Mounting plugin AudioCapture
LogPluginManager: Mounting plugin CableComponent
LogPluginManager: Mounting plugin CustomMeshComponent
LogPluginManager: Mounting plugin EditableMesh
LogPluginManager: Mounting plugin ExampleDeviceProfileSelector
LogPluginManager: Mounting plugin GoogleCloudMessaging
LogPluginManager: Mounting plugin ImmediatePhysics
LogPluginManager: Mounting plugin IOSDeviceProfileSelector
LogPluginManager: Mounting plugin LinuxDeviceProfileSelector
LogPluginManager: Mounting plugin LocationServicesBPLibrary
LogPluginManager: Mounting plugin MobilePatchingUtils
LogPluginManager: Mounting plugin OculusVR
LogPluginManager: Plugin shader directory ../../../Engine/Plugins/Runtime/Oculus/OculusVR/Shaders found
LogPluginManager: Mapping shader source directory ../../../Engine/Plugins/Runtime/Oculus/OculusVR/Shaders to virtual directory /Plugin/OculusVR
LogPluginManager: Mounting plugin PhysXVehicles
LogPluginManager: Mounting plugin ProceduralMeshComponent
LogPluginManager: Mounting plugin RuntimePhysXCooking
LogPluginManager: Mounting plugin SteamVR
LogPluginManager: Mounting plugin WindowsMoviePlayer
LogStreaming: Display: Took  0.199s to configure plugins.
LogInit: Using libcurl 7.55.1-DEV
LogInit:  - built for x86_64-pc-win32
LogInit:  - supports SSL with OpenSSL/1.0.2h
LogInit:  - supports HTTP deflate (compression) using libz 1.2.8
LogInit:  - other features:
LogInit:      CURL_VERSION_SSL
LogInit:      CURL_VERSION_LIBZ
LogInit:      CURL_VERSION_IPV6
LogInit:      CURL_VERSION_ASYNCHDNS
LogInit:      CURL_VERSION_LARGEFILE
LogInit:      CURL_VERSION_IDN
LogInit:  CurlRequestOptions (configurable via config and command line):
LogInit:  - bVerifyPeer = false  - Libcurl will NOT verify peer certificate
LogInit:  - bUseHttpProxy = false  - Libcurl will NOT use HTTP proxy
LogInit:  - bDontReuseConnections = false  - Libcurl will reuse connections
LogInit:  - CertBundlePath = nullptr  - Libcurl will use whatever was configured at build time.
LogInit:  - MaxHostConnections = 16  - Libcurl will limit the number of connections to a host
LogInit:  - LocalHostAddr = Default
LogInit:  - BufferSize = 65536
LogOnline: Display: STEAM: Loading Steam SDK 1.39
LogInit: WinSock: version 1.1 (2.2), MaxSocks=32767, MaxUdp=65467
LogInit: Build: ++UE4+Release-4.20-CL-4369336
LogInit: Engine Version: 4.20.3-4369336+++UE4+Release-4.20
LogInit: Compatible Engine Version: 4.20.0-4212847+++UE4+Release-4.20
LogInit: Net CL: 4212847
LogInit: OS: Windows 10 (), CPU:        Intel(R) Core(TM) i5-3570K CPU @ 3.40GHz, GPU: NVIDIA GeForce GTX 1070
LogInit: Compiled (64-bit): Sep 17 2018 12:26:19
LogInit: Compiled with Visual C++: 19.13.26129.00
LogInit: Build Configuration: Development
LogInit: Branch Name: ++UE4+Release-4.20
LogInit: Command Line:  -game
LogInit: Base Directory: E:/UE_4.20/Engine/Binaries/Win64/
LogInit: Installed Engine Build: 1
LogDevObjectVersion: Number of dev versions registered: 20
LogDevObjectVersion:   Dev-Blueprints (B0D832E4-1F89-4F0D-ACCF-7EB736FD4AA2): 10
LogDevObjectVersion:   Dev-Build (E1C64328-A22C-4D53-A36C-8E866417BD8C): 0
LogDevObjectVersion:   Dev-Core (375EC13C-06E4-48FB-B500-84F0262A717E): 2
LogDevObjectVersion:   Dev-Editor (E4B068ED-F494-42E9-A231-DA0B2E46BB41): 24
LogDevObjectVersion:   Dev-Framework (CFFC743F-43B0-4480-9391-14DF171D2073): 34
LogDevObjectVersion:   Dev-Mobile (B02B49B5-BB20-44E9-A304-32B752E40360): 2
LogDevObjectVersion:   Dev-Networking (A4E4105C-59A1-49B5-A7C5-40C4547EDFEE): 0
LogDevObjectVersion:   Dev-Online (39C831C9-5AE6-47DC-9A44-9C173E1C8E7C): 0
LogDevObjectVersion:   Dev-Physics (78F01B33-EBEA-4F98-B9B4-84EACCB95AA2): 0
LogDevObjectVersion:   Dev-Platform (6631380F-2D4D-43E0-8009-CF276956A95A): 0
LogDevObjectVersion:   Dev-Rendering (12F88B9F-8875-4AFC-A67C-D90C383ABD29): 26
LogDevObjectVersion:   Dev-Sequencer (7B5AE74C-D270-4C10-A958-57980B212A5A): 9
LogDevObjectVersion:   Dev-VR (D7296918-1DD6-4BDD-9DE2-64A83CC13884): 2
LogDevObjectVersion:   Dev-LoadTimes (C2A15278-BFE7-4AFE-6C17-90FF531DF755): 1
LogDevObjectVersion:   Private-Geometry (6EACA3D4-40EC-4CC1-B786-8BED09428FC5): 3
LogDevObjectVersion:   Dev-AnimPhys (29E575DD-E0A3-4627-9D10-D276232CDCEA): 17
LogDevObjectVersion:   Dev-ReflectionCapture (6B266CEC-1EC7-4B8F-A30B-E4D90942FC07): 1
LogDevObjectVersion:   Dev-Automation (0DF73D61-A23F-47EA-B727-89E90C41499A): 1
LogDevObjectVersion:   FortniteMain (601D1886-AC64-4F84-AA16-D3DE0DEAC7D6): 12
LogDevObjectVersion:   Dev-Enterprise (9DFFBCD6-494F-0158-E221-12823C92A888): 1
LogStreaming: Display: Took  0.007s to delete old logs.
LogInit: Presizing for max 8388607 objects, including 0 objects not considered by GC, pre-allocating 0 bytes for permanent pool.
LogInit: Object subsystem initialized
[2018.11.07-14.40.18:480][  0]LogInit: Selected Device Profile: [Windows]
[2018.11.07-14.40.18:480][  0]LogInit: Applying CVar settings loaded from the selected device profile: [Windows]
[2018.11.07-14.40.18:523][  0]LogHAL: Display: Platform has ~ 16 GB [16855703552 / 17179869184 / 16], which maps to Larger [LargestMinGB=32, LargerMinGB=12, DefaultMinGB=8, SmallerMinGB=6, SmallestMinGB=0)
[2018.11.07-14.40.18:523][  0]LogInit: Setting Device Profile CVar: [[r.Vulkan.UseRealUBs:1]]
[2018.11.07-14.40.18:523][  0]LogInit: Going up to parent DeviceProfile []
[2018.11.07-14.40.18:544][  0]LogInit: Computer: MAX-PC
[2018.11.07-14.40.18:545][  0]LogInit: User: maxsa
[2018.11.07-14.40.18:545][  0]LogInit: CPU Page size=4096, Cores=4
[2018.11.07-14.40.18:545][  0]LogInit: High frequency timer resolution =3.420552 MHz
[2018.11.07-14.40.18:545][  0]LogMemory: Memory total: Physical=15.7GB (16GB approx)
[2018.11.07-14.40.18:545][  0]LogMemory: Platform Memory Stats for Windows
[2018.11.07-14.40.18:545][  0]LogMemory: Process Physical Memory: 128.04 MB used, 128.04 MB peak
[2018.11.07-14.40.18:545][  0]LogMemory: Process Virtual Memory: 94.67 MB used, 94.67 MB peak
[2018.11.07-14.40.18:545][  0]LogMemory: Physical Memory: 7684.25 MB used,  8390.60 MB free, 16074.85 MB total
[2018.11.07-14.40.18:545][  0]LogMemory: Virtual Memory: 4736.44 MB used,  8390.60 MB free, 134217728.00 MB total
[2018.11.07-14.40.22:356][  0]LogInit: Using OS detected language (en-US).
[2018.11.07-14.40.22:356][  0]LogInit: Using OS detected locale (en-CA).
[2018.11.07-14.40.22:356][  0]LogTextLocalizationManager: No specific localization for 'en-US' exists, so the 'en' localization will be used.
[2018.11.07-14.40.23:823][  0]LogStreaming: Display: Took  1.467s to InitEngineTextLocalization.
[2018.11.07-14.40.23:991][  0]LogSlate: New Slate User Created.  User Index 0, Is Virtual User: 0
[2018.11.07-14.40.23:991][  0]LogSlate: Slate User Registered.  User Index 0, Is Virtual User: 0
[2018.11.07-14.40.24:138][  0]LogHMD: Failed to initialize OpenVR with code 105
[2018.11.07-14.40.24:138][  0]LogD3D11RHI: D3D11 adapters:
[2018.11.07-14.40.24:224][  0]LogD3D11RHI:    0. 'NVIDIA GeForce GTX 1070' (Feature Level 11_0)
[2018.11.07-14.40.24:224][  0]LogD3D11RHI:       8088/0/8037 MB DedicatedVideo/DedicatedSystem/SharedSystem, Outputs:2, VendorId:0x10de
[2018.11.07-14.40.24:231][  0]LogD3D11RHI:    1. 'Intel(R) HD Graphics 4000' (Feature Level 11_0)
[2018.11.07-14.40.24:231][  0]LogD3D11RHI:       224/0/1568 MB DedicatedVideo/DedicatedSystem/SharedSystem, Outputs:0, VendorId:0x8086
[2018.11.07-14.40.24:234][  0]LogD3D11RHI:    2. 'Microsoft Basic Render Driver' (Feature Level 11_0)
[2018.11.07-14.40.24:234][  0]LogD3D11RHI:       0/0/8037 MB DedicatedVideo/DedicatedSystem/SharedSystem, Outputs:0, VendorId:0x1414
[2018.11.07-14.40.24:234][  0]LogD3D11RHI: Chosen D3D11 Adapter: 0
[2018.11.07-14.40.24:241][  0]LogD3D11RHI: Creating new Direct3DDevice
[2018.11.07-14.40.24:241][  0]LogD3D11RHI:     GPU DeviceId: 0x1b81 (for the marketing name, search the web for "GPU Device Id")
[2018.11.07-14.40.24:241][  0]LogWindows: EnumDisplayDevices:
[2018.11.07-14.40.24:241][  0]LogWindows:    0. 'NVIDIA GeForce GTX 1070' (P:1 D:1)
[2018.11.07-14.40.24:242][  0]LogWindows:    1. 'NVIDIA GeForce GTX 1070' (P:0 D:1)
[2018.11.07-14.40.24:242][  0]LogWindows:    2. 'NVIDIA GeForce GTX 1070' (P:0 D:0)
[2018.11.07-14.40.24:242][  0]LogWindows:    3. 'NVIDIA GeForce GTX 1070' (P:0 D:0)
[2018.11.07-14.40.24:242][  0]LogWindows:    4. 'Intel(R) HD Graphics 4000' (P:0 D:0)
[2018.11.07-14.40.24:242][  0]LogWindows:    5. 'Intel(R) HD Graphics 4000' (P:0 D:0)
[2018.11.07-14.40.24:243][  0]LogWindows:    6. 'Intel(R) HD Graphics 4000' (P:0 D:0)
[2018.11.07-14.40.24:243][  0]LogWindows: DebugString: PrimaryIsNotTheChoosenAdapter PrimaryIsNotTheChoosenAdapter PrimaryIsNotTheChoosenAdapter FoundDriverCount:4 
[2018.11.07-14.40.24:243][  0]LogD3D11RHI:     Adapter Name: NVIDIA GeForce GTX 1070
[2018.11.07-14.40.24:243][  0]LogD3D11RHI:   Driver Version: 416.34 (internal:25.21.14.1634, unified:416.34)
[2018.11.07-14.40.24:243][  0]LogD3D11RHI:      Driver Date: 10-10-2018
[2018.11.07-14.40.24:243][  0]LogRHI: Texture pool is 5661 MB (70% of 8088 MB)
[2018.11.07-14.40.24:296][  0]LogD3D11RHI: Async texture creation enabled
[2018.11.07-14.40.24:321][  0]LogD3D11RHI: GPU Timing Frequency: 1000.000000 (Debug: 2 2)
[2018.11.07-14.40.24:368][  0]LogShaderCompilers: Guid format shader working directory is -6 characters bigger than the processId version (C:/Users/maxsa/Desktop/Unreal Projects/SteamProject/Intermediate/Shaders/WorkingDirectory/11824/).
[2018.11.07-14.40.24:369][  0]LogShaderCompilers: Cleaned the shader compiler working directory 'C:/Users/maxsa/AppData/Local/Temp/UnrealShaderWorkingDir/0681BB6E40E1CA1841DA38A7355DED04/'.
[2018.11.07-14.40.25:382][  0]LogTemp: Display: Loaded TP WindowsClientTargetPlatform
[2018.11.07-14.40.25:405][  0]LogTemp: Display: Loaded TP WindowsNoEditorTargetPlatform
[2018.11.07-14.40.25:429][  0]LogTemp: Display: Loaded TP WindowsServerTargetPlatform
[2018.11.07-14.40.25:446][  0]LogTemp: Display: Loaded TP WindowsTargetPlatform
[2018.11.07-14.40.25:446][  0]LogTargetPlatformManager: Display: Building Assets For Windows
[2018.11.07-14.40.26:829][  0]LogXGEController: Cannot use XGE Controller as Incredibuild is not installed on this machine.
[2018.11.07-14.40.26:829][  0]LogShaderCompilers: Cannot use XGE Shader Compiler as Incredibuild is not installed on this machine.
[2018.11.07-14.40.26:829][  0]LogShaderCompilers: Display: Using Local Shader Compiler.
[2018.11.07-14.40.30:656][  0]LogDerivedDataCache: Display: Max Cache Size: 512 MB
[2018.11.07-14.40.30:961][  0]LogDerivedDataCache: Loaded boot cache 0.30s 71MB C:/Users/maxsa/AppData/Local/UnrealEngine/4.20/DerivedDataCache/Boot.ddc.
[2018.11.07-14.40.30:961][  0]LogDerivedDataCache: Display: Loaded Boot cache: C:/Users/maxsa/AppData/Local/UnrealEngine/4.20/DerivedDataCache/Boot.ddc
[2018.11.07-14.40.30:961][  0]LogDerivedDataCache: FDerivedDataBackendGraph:  Pak pak cache file C:/Users/maxsa/Desktop/Unreal Projects/SteamProject/DerivedDataCache/DDC.ddp not found, will not use a pak cache.
[2018.11.07-14.40.30:961][  0]LogDerivedDataCache: Unable to find inner node Pak for hierarchical cache Hierarchy.
[2018.11.07-14.40.30:961][  0]LogDerivedDataCache: FDerivedDataBackendGraph:  CompressedPak pak cache file C:/Users/maxsa/Desktop/Unreal Projects/SteamProject/DerivedDataCache/Compressed.ddp not found, will not use a pak cache.
[2018.11.07-14.40.30:962][  0]LogDerivedDataCache: Unable to find inner node CompressedPak for hierarchical cache Hierarchy.
[2018.11.07-14.40.31:045][  0]LogDerivedDataCache: Display: Pak cache opened for reading ../../../Engine/DerivedDataCache/Compressed.ddp.
[2018.11.07-14.40.31:058][  0]LogDerivedDataCache: Using Local data cache path C:/Users/maxsa/AppData/Local/UnrealEngine/Common/DerivedDataCache: Writable
[2018.11.07-14.40.31:058][  0]LogDerivedDataCache: Shared data cache path not found in *engine.ini, will not use an Shared cache.
[2018.11.07-14.40.31:058][  0]LogDerivedDataCache: Unable to find inner node Shared for hierarchical cache Hierarchy.
[2018.11.07-14.40.31:098][  0]LogMaterial: Verifying Global Shaders for PCD3D_SM5
[2018.11.07-14.40.31:100][  0]LogSlate: Using FreeType 2.6.0
[2018.11.07-14.40.31:101][  0]LogSlate: SlateFontServices - WITH_FREETYPE: 1, WITH_HARFBUZZ: 1
[2018.11.07-14.40.31:151][  0]LogInit: Using OS detected language (en-US).
[2018.11.07-14.40.31:151][  0]LogInit: Using OS detected locale (en-CA).
[2018.11.07-14.40.31:151][  0]LogTextLocalizationManager: No localization for 'en-US' exists, so 'en' will be used for the language.
[2018.11.07-14.40.31:151][  0]LogTextLocalizationManager: No localization for 'en-CA' exists, so 'en' will be used for the locale.
[2018.11.07-14.40.31:481][  0]LogStreaming: Display: Took  0.330s to InitGameTextLocalization.
[2018.11.07-14.40.31:489][  0]LogAssetRegistry: FAssetRegistry took 0.0042 seconds to start up
[2018.11.07-14.40.31:878][  0]LogPackageLocalizationCache: Processed 11 localized package path(s) for 1 prioritized culture(s) in 0.096482 seconds
[2018.11.07-14.40.32:195][  0]LogInit: Selected Device Profile: [Windows]
[2018.11.07-14.40.33:831][  0]LogSimplygon: Simplygon DLL not present - disabling.
[2018.11.07-14.40.34:085][  0]LogMeshReduction: Using SimplygonSwarm for distributed automatic mesh merging
[2018.11.07-14.40.34:085][  0]LogMeshReduction: Using ProxyLODMeshReduction for automatic mesh merging
[2018.11.07-14.40.34:085][  0]LogMeshReduction: Using QuadricMeshReduction for automatic static mesh reduction
[2018.11.07-14.40.34:085][  0]LogMeshReduction: No automatic skeletal mesh reduction module available
[2018.11.07-14.40.37:002][  0]LogNetVersion: SteamProject 1.0.0, NetCL: 4212847, EngineNetVer: 5, GameNetVer: 0 (Checksum: 43773174)
[2018.11.07-14.40.46:082][  0]LogMoviePlayer: Initializing movie player
[2018.11.07-14.40.48:820][  0]SourceControl: Source control is disabled
[2018.11.07-14.40.48:821][  0]SourceControl: Source control is disabled
[2018.11.07-14.40.48:858][  0]SourceControl: Source control is disabled
[2018.11.07-14.40.50:087][  0]LogAndroidPermission: UAndroidPermissionCallbackProxy::GetInstance
[2018.11.07-14.40.50:451][  0]LogOcInput: OculusInput pre-init called
[2018.11.07-14.40.50:549][  0]LogUObjectArray: 42177 objects as part of root set at end of initial load.
[2018.11.07-14.40.50:549][  0]LogUObjectAllocator: 7442616 out of 0 bytes used by permanent object pool.
[2018.11.07-14.40.50:549][  0]LogUObjectArray: CloseDisregardForGC: 0/0 objects in disregard for GC pool
[2018.11.07-14.40.51:459][  0]LogEngine: Initializing Engine...
[2018.11.07-14.40.51:522][  0]LogHMD: Failed to initialize OpenVR with code 105
[2018.11.07-14.40.51:562][  0]LogStats: UGameplayTagsManager::ConstructGameplayTagTree: ImportINI prefixes -  0.003 s
[2018.11.07-14.40.51:562][  0]LogStats: UGameplayTagsManager::ConstructGameplayTagTree: Construct from data asset -  0.000 s
[2018.11.07-14.40.51:562][  0]LogStats: UGameplayTagsManager::ConstructGameplayTagTree: ImportINI -  0.000 s
[2018.11.07-14.40.51:564][  0]LogStats: UGameplayTagsManager::ConstructGameplayTagTree: GameplayTagTreeChangedEvent.Broadcast -  0.002 s
[2018.11.07-14.40.52:335][  0]LogInit: Initializing FReadOnlyCVARCache
[2018.11.07-14.40.52:430][  0]LogInit: XAudio2 using 'Headphones (Realtek High Definition Audio)' : 2 channels at 48 kHz using 32 bits per sample (channel mask 0x3)
[2018.11.07-14.40.52:478][  0]LogInit: FAudioDevice initialized.
[2018.11.07-14.40.52:490][  0]LogNetVersion: Set ProjectVersion to 1.0.0.0. Version Checksum will be recalculated on next use.
[2018.11.07-14.40.52:549][  0]LogDerivedDataCache: Saved boot cache 0.06s 71MB C:/Users/maxsa/AppData/Local/UnrealEngine/4.20/DerivedDataCache/Boot.ddc.
[2018.11.07-14.40.52:553][  0]LogInit: Texture streaming: Enabled
[2018.11.07-14.40.57:444][  0]LogSlate: Updating window title bar state: overlay mode, drag disabled, window buttons hidden, title bar hidden
[2018.11.07-14.40.57:527][  0]LogInit: Display: Game Engine Initialized.
[2018.11.07-14.40.57:545][  0]LogGameplayTags: Display: UGameplayTagsManager::DoneAddingNativeTags. DelegateIsBound: 0
[2018.11.07-14.40.57:545][  0]LogStats: UGameplayTagsManager::ConstructGameplayTagTree: ImportINI prefixes -  0.000 s
[2018.11.07-14.40.57:545][  0]LogStats: UGameplayTagsManager::ConstructGameplayTagTree: Construct from data asset -  0.000 s
[2018.11.07-14.40.57:545][  0]LogStats: UGameplayTagsManager::ConstructGameplayTagTree: ImportINI -  0.000 s
[2018.11.07-14.40.57:545][  0]LogStats: UGameplayTagsManager::ConstructGameplayTagTree: GameplayTagTreeChangedEvent.Broadcast -  0.000 s
[2018.11.07-14.40.58:082][  0]LogInit: Display: Starting Game.
[2018.11.07-14.40.58:107][  0]LogNet: Browse: /Game/Maps/MainMenu?Name=Player
[2018.11.07-14.40.58:123][  0]LogLoad: LoadMap: /Game/Maps/MainMenu?Name=Player
[2018.11.07-14.41.00:513][  0]LogAIModule: Creating AISystem for world MainMenu
[2018.11.07-14.41.02:946][  0]LogLoad: Game class is 'ThirdPersonGameMode_C'
[2018.11.07-14.41.03:082][  0]LogWorld: Bringing World /Game/Maps/MainMenu.MainMenu up for play (max tick rate 0) at 2018.11.07-09.41.03
[2018.11.07-14.41.03:147][  0]LogWorld: Bringing up level for play took: 0.189008
[2018.11.07-14.41.03:269][  0]LogGameMode: FindPlayerStart: PATHS NOT DEFINED or NO PLAYERSTART with positive rating
[2018.11.07-14.41.05:145][  0]LogLoad: Took 7.022324 seconds to LoadMap(/Game/Maps/MainMenu)
[2018.11.07-14.41.05:312][  0]LogSlate: Took 0.000206 seconds to synchronously load lazily loaded font '../../../Engine/Content/Slate/Fonts/Roboto-Regular.ttf' (155K)
[2018.11.07-14.41.06:807][  0]LogRenderer: Reallocating scene render targets to support 1680x988 Format 10 NumSamples 1 (Frame:1).
[2018.11.07-14.41.06:807][  0]LogLoad: (Engine Initialization) Total time: 96.43 seconds
[2018.11.07-14.41.06:807][  0]LogLoad: (Engine Initialization) Total Blueprint compile time: 0.00 seconds
[2018.11.07-14.41.07:429][  0]LogContentStreaming: Texture pool size now 1000 MB
[2018.11.07-14.41.16:066][492]LogSlate: FSceneViewport::OnFocusLost() reason 0
[2018.11.07-14.41.39:937][922]LogRenderer: Reallocating scene render targets to support 1920x1020 Format 10 NumSamples 1 (Frame:1925).
[2018.11.07-14.41.45:300][252]LogSlate: FSceneViewport::OnFocusLost() reason 0
[2018.11.07-14.42.03:450][350]LogInit: WinSock: I am Max-PC (192.168.0.101:0)
[2018.11.07-14.42.06:349][350]LogPackageName: SearchForPackageOnDisk took   2.759s to resolve Lobby.umap.
[2018.11.07-14.42.06:448][350]LogPackageName: SearchForPackageOnDisk took   0.081s to resolve Lobby.umap.
[2018.11.07-14.42.06:448][350]LogNet: Browse: /Game/Maps/Lobby?listen
[2018.11.07-14.42.06:448][350]LogLoad: LoadMap: /Game/Maps/Lobby?listen
[2018.11.07-14.42.09:041][350]LogAIModule: Creating AISystem for world Lobby
[2018.11.07-14.42.09:042][350]LogLoad: Game class is 'LobbyGM_C'
[2018.11.07-14.42.09:066][350]LogTemp: Display: ParseSettings for GameNetDriver
[2018.11.07-14.42.09:076][350]LogTemp: Display: ParseSettings for SteamNetDriver_0
[2018.11.07-14.42.09:076][350]LogTemp: Display: ParseSettings for GameNetDriver
[2018.11.07-14.42.09:103][350]LogNet: ReplicationDriverClass is null! Not using ReplicationDriver.
[2018.11.07-14.42.09:112][350]LogNet: Display: SteamNetDriver_0 bound to port 7777
[2018.11.07-14.42.09:143][350]PacketHandlerLog: Loaded PacketHandler component: Engine.EngineHandlerComponentFactory (StatelessConnectHandlerComponent)
[2018.11.07-14.42.09:147][350]LogNet: GameNetDriver SteamNetDriver_0 IpNetDriver listening on port 7777
[2018.11.07-14.42.09:529][350]LogWorld: Bringing World /Game/Maps/Lobby.Lobby up for play (max tick rate 0) at 2018.11.07-09.42.09
[2018.11.07-14.42.09:598][350]LogWorld: Bringing up level for play took: 0.449337
[2018.11.07-14.42.10:293][350]LogLoad: Took 3.844754 seconds to LoadMap(/Game/Maps/Lobby)
[2018.11.07-14.42.10:634][351]LogNet: UNetDriver::TickDispatch: Very long time between ticks. DeltaTime: 7.26, Realtime: 0.29. SteamNetDriver_0
[2018.11.07-14.42.20:719][965]LogSlate: FSceneViewport::OnFocusLost() reason 0
[2018.11.07-14.42.42:608][305]PIE: Warning: This widget does not support focus.  If this is a UserWidget, you should set bIsFocusable to true.
[2018.11.07-14.42.43:011][330]LogSlate: FSceneViewport::OnFocusLost() reason 0
[2018.11.07-14.42.51:409][843]LogSlate: FSceneViewport::OnFocusLost() reason 0
[2018.11.07-14.42.51:795][848]LogGameMode: ProcessServerTravel: /Game/Maps/Arena02
[2018.11.07-14.42.51:795][848]LogWorld: SeamlessTravel to: /Game/Maps/Arena02
[2018.11.07-14.42.51:840][849]LogUObjectGlobals: Warning: Calling StaticLoadObject during PostLoad may result in hitches during streaming.
[2018.11.07-14.42.52:008][850]LogAIModule: Creating AISystem for world TravelMap
[2018.11.07-14.42.52:009][850]LogStats:     SeamlessTravel FlushLevelStreaming  -  0.000 s
[2018.11.07-14.42.52:009][850]LogWorld: Bringing World /Game/Maps/TravelMap.TravelMap up for play (max tick rate 0) at 2018.11.07-09.42.52
[2018.11.07-14.42.52:009][850]LogWorld: Bringing up level for play took: 0.000291
[2018.11.07-14.42.52:009][850]LogWorld: Sending NotifyLoadedWorld for LP: LocalPlayer_0 PC: LobbyPC_C_0
[2018.11.07-14.42.52:009][850]LogNet: Verbose: NotifyLoadedWorld Begin
[2018.11.07-14.42.52:009][850]LogNet: VeryVerbose: GetFunctionCallspace Server calling Server function: ServerNotifyLoadedWorld Local
[2018.11.07-14.42.52:009][850]LogNet: Verbose: NotifyLoadedWorld End
[2018.11.07-14.42.52:009][850]LogWorld: StartLoadingDestination to: /Game/Maps/Arena02
[2018.11.07-14.42.52:753][865]LogUObjectGlobals: Warning: Calling StaticLoadObject during PostLoad may result in hitches during streaming.
[2018.11.07-14.42.52:783][866]LogAIModule: Creating AISystem for world Arena02
[2018.11.07-14.42.52:784][866]LogLoad: Game class is 'GameplayGM_C'
[2018.11.07-14.42.52:784][866]LogStats:     SeamlessTravel FlushLevelStreaming  -  0.000 s
[2018.11.07-14.42.52:794][866]LogWorld: Bringing World /Game/Maps/Arena02.Arena02 up for play (max tick rate 0) at 2018.11.07-09.42.52
[2018.11.07-14.42.52:795][866]LogWorld: Bringing up level for play took: 0.010696
[2018.11.07-14.42.52:795][866]LogWorld: Sending NotifyLoadedWorld for LP: LocalPlayer_0 PC: LobbyPC_C_0
[2018.11.07-14.42.52:795][866]LogNet: Verbose: NotifyLoadedWorld Begin
[2018.11.07-14.42.52:795][866]LogNet: VeryVerbose: GetFunctionCallspace Server calling Server function: ServerNotifyLoadedWorld Local
[2018.11.07-14.42.52:795][866]LogNet: Verbose: NotifyLoadedWorld End
[2018.11.07-14.42.52:795][866]LogWorld: ----SeamlessTravel finished in 1.00 seconds ------
[2018.11.07-14.42.52:828][866]LogScript: Warning: Script Msg: DestroySession - Invalid player state
[2018.11.07-14.42.52:832][866]LogSlate: Updating window title bar state: overlay mode, drag disabled, window buttons hidden, title bar hidden
[2018.11.07-14.43.28:135][ 19]LogSlate: FSceneViewport::OnFocusLost() reason 0
[2018.11.07-14.43.34:157][387]LogSlate: FSceneViewport::OnFocusLost() reason 0
[2018.11.07-14.43.59:171][910]LogSlate: Window 'SteamProject (64-bit Development PCD3D_SM5) ' being destroyed
[2018.11.07-14.43.59:189][910]LogWindowsTextInputMethodSystem: Display: IME system now deactivated.
[2018.11.07-14.43.59:191][910]LogOnline: Warning: STEAM: No game present to leave for session (GameSession)
[2018.11.07-14.43.59:192][910]LogSlate: Updating window title bar state: overlay mode, drag disabled, window buttons hidden, title bar hidden
[2018.11.07-14.43.59:192][910]LogEngine: All Windows Closed
[2018.11.07-14.43.59:192][910]LogWindows: FPlatformMisc::RequestExit(0)
[2018.11.07-14.43.59:324][911]LogNet: World NetDriver shutdown SteamNetDriver_0 [GameNetDriver]
[2018.11.07-14.43.59:324][911]LogNet: DestroyNamedNetDriver SteamNetDriver_0 [GameNetDriver]
[2018.11.07-14.43.59:324][911]LogExit: GameNetDriver SteamNetDriver_0 shut down
[2018.11.07-14.43.59:656][911]LogExit: Preparing to exit.
[2018.11.07-14.43.59:678][911]LogMoviePlayer: Shutting down movie player
[2018.11.07-14.44.00:038][911]LogSlate: Updating window title bar state: overlay mode, drag disabled, window buttons hidden, title bar hidden
[2018.11.07-14.44.00:186][911]LogExit: Game engine shut down
[2018.11.07-14.44.01:861][911]LogExit: Object subsystem successfully closed.
[2018.11.07-14.44.02:030][911]LogShaderCompilers: Display: Shaders left to compile 0
[2018.11.07-14.44.02:044][911]LogD3D11RHI: Shutdown
[2018.11.07-14.44.02:044][911]LogD3D11RHI: CleanupD3DDevice
[2018.11.07-14.44.02:079][911]LogD3D11RHI: ~FD3D11DynamicRHI
[2018.11.07-14.44.03:397][911]LogModuleManager: Shutting down and abandoning module SequenceRecorderSections (376)
[2018.11.07-14.44.03:398][911]LogModuleManager: Shutting down and abandoning module SequenceRecorder (374)
[2018.11.07-14.44.03:409][911]LogModuleManager: Shutting down and abandoning module AutomationController (372)
[2018.11.07-14.44.03:427][911]LogModuleManager: Shutting down and abandoning module AutomationWorker (370)
[2018.11.07-14.44.03:427][911]LogModuleManager: Shutting down and abandoning module AIModule (368)
[2018.11.07-14.44.03:457][911]LogModuleManager: Shutting down and abandoning module GameplayDebugger (367)
[2018.11.07-14.44.03:487][911]LogModuleManager: Shutting down and abandoning module AITestSuite (365)
[2018.11.07-14.44.03:500][911]LogModuleManager: Shutting down and abandoning module NavigationSystem (363)
[2018.11.07-14.44.03:500][911]LogModuleManager: Shutting down and abandoning module WmfMediaFactory (360)
[2018.11.07-14.44.03:500][911]LogModuleManager: Shutting down and abandoning module OpenExrWrapper (358)
[2018.11.07-14.44.03:500][911]LogModuleManager: Shutting down and abandoning module ImgMediaFactory (356)
[2018.11.07-14.44.03:500][911]LogModuleManager: Shutting down and abandoning module AvfMediaFactory (354)
[2018.11.07-14.44.03:500][911]LogModuleManager: Shutting down and abandoning module MagicLeapCameraPreviewFactory (352)
[2018.11.07-14.44.03:501][911]LogModuleManager: Shutting down and abandoning module MagicLeapMediaFactory (350)
[2018.11.07-14.44.03:501][911]LogModuleManager: Shutting down and abandoning module CharacterAI (348)
[2018.11.07-14.44.03:501][911]LogModuleManager: Shutting down and abandoning module SessionServices (346)
[2018.11.07-14.44.03:501][911]LogModuleManager: Shutting down and abandoning module MovieSceneCapture (344)
[2018.11.07-14.44.03:501][911]LogModuleManager: Shutting down and abandoning module MovieSceneTracks (342)
[2018.11.07-14.44.03:501][911]LogModuleManager: Shutting down and abandoning module MovieScene (340)
[2018.11.07-14.44.03:518][911]LogModuleManager: Shutting down and abandoning module StreamingPauseRendering (338)
[2018.11.07-14.44.03:541][911]LogModuleManager: Shutting down and abandoning module PortalServices (336)
[2018.11.07-14.44.03:541][911]LogModuleManager: Shutting down and abandoning module PortalRpc (334)
[2018.11.07-14.44.03:541][911]LogModuleManager: Shutting down and abandoning module MessagingRpc (332)
[2018.11.07-14.44.03:541][911]LogModuleManager: Shutting down and abandoning module ProfilerService (330)
[2018.11.07-14.44.03:582][911]LogModuleManager: Shutting down and abandoning module TaskGraph (328)
[2018.11.07-14.44.03:625][911]LogModuleManager: Shutting down and abandoning module SteamVRController (326)
[2018.11.07-14.44.03:625][911]LogModuleManager: Shutting down and abandoning module ProceduralMeshComponent (324)
[2018.11.07-14.44.03:625][911]LogModuleManager: Shutting down and abandoning module OculusInput (322)
[2018.11.07-14.44.03:625][911]LogModuleManager: Shutting down and abandoning module MobilePatchingUtils (320)
[2018.11.07-14.44.03:625][911]LogModuleManager: Shutting down and abandoning module EditableMesh (318)
[2018.11.07-14.44.03:645][911]LogModuleManager: Shutting down and abandoning module CustomMeshComponent (316)
[2018.11.07-14.44.03:645][911]LogModuleManager: Shutting down and abandoning module CableComponent (314)
[2018.11.07-14.44.03:645][911]LogModuleManager: Shutting down and abandoning module AudioCapture (312)
[2018.11.07-14.44.03:645][911]LogModuleManager: Shutting down and abandoning module ArchVisCharacter (310)
[2018.11.07-14.44.03:645][911]LogModuleManager: Shutting down and abandoning module AndroidPermission (308)
[2018.11.07-14.44.03:645][911]LogModuleManager: Shutting down and abandoning module NUTUnrealEngine4 (304)
[2018.11.07-14.44.03:645][911]LogModuleManager: Shutting down and abandoning module NetcodeUnitTest (302)
[2018.11.07-14.44.03:679][911]LogModuleManager: Shutting down and abandoning module MediaCompositing (300)
[2018.11.07-14.44.03:679][911]LogModuleManager: Shutting down and abandoning module LinearTimecode (298)
[2018.11.07-14.44.03:679][911]LogModuleManager: Shutting down and abandoning module ImgMedia (296)
[2018.11.07-14.44.03:687][911]LogModuleManager: Shutting down and abandoning module HTML5Networking (294)
[2018.11.07-14.44.03:687][911]LogModuleManager: Shutting down and abandoning module GeometryCacheTracks (292)
[2018.11.07-14.44.03:687][911]LogModuleManager: Shutting down and abandoning module GeometryCacheSequencer (291)
[2018.11.07-14.44.03:702][911]LogModuleManager: Shutting down and abandoning module GeometryCache (288)
[2018.11.07-14.44.03:702][911]LogModuleManager: Shutting down and abandoning module GeometryCacheEd (287)
[2018.11.07-14.44.03:703][911]LogModuleManager: Shutting down and abandoning module BackChannel (284)
[2018.11.07-14.44.03:722][911]LogModuleManager: Shutting down and abandoning module AppleVision (282)
[2018.11.07-14.44.03:722][911]LogModuleManager: Shutting down and abandoning module AppleImageUtils (280)
[2018.11.07-14.44.03:722][911]LogModuleManager: Shutting down and abandoning module DatasmithContent (278)
[2018.11.07-14.44.03:722][911]LogModuleManager: Shutting down and abandoning module CryptoKeysOpenSSL (276)
[2018.11.07-14.44.03:736][911]LogModuleManager: Shutting down and abandoning module CryptoKeys (274)
[2018.11.07-14.44.03:736][911]LogModuleManager: Shutting down and abandoning module VisualStudioSourceCodeAccess (272)
[2018.11.07-14.44.03:736][911]LogModuleManager: Shutting down and abandoning module HotReload (271)
[2018.11.07-14.44.03:743][911]LogModuleManager: Shutting down and abandoning module DirectoryWatcher (270)
[2018.11.07-14.44.03:763][911]LogModuleManager: Shutting down and abandoning module VisualStudioCodeSourceCodeAccess (266)
[2018.11.07-14.44.03:763][911]LogModuleManager: Shutting down and abandoning module UObjectPlugin (264)
[2018.11.07-14.44.03:763][911]LogModuleManager: Shutting down and abandoning module SubversionSourceControl (262)
[2018.11.07-14.44.03:777][911]LogModuleManager: Shutting down and abandoning module PerforceSourceControl (260)
[2018.11.07-14.44.03:803][911]LogModuleManager: Shutting down and abandoning module SourceControl (259)
[2018.11.07-14.44.03:823][911]LogModuleManager: Shutting down and abandoning module CLionSourceCodeAccess (256)
[2018.11.07-14.44.03:823][911]LogModuleManager: Shutting down and abandoning module RuntimePhysXCooking (254)
[2018.11.07-14.44.03:823][911]LogModuleManager: Shutting down and abandoning module PhysXVehiclesEditor (252)
[2018.11.07-14.44.03:823][911]LogModuleManager: Shutting down and abandoning module PhysXVehicles (250)
[2018.11.07-14.44.03:823][911]LogModuleManager: Shutting down and abandoning module LocationServicesBPLibrary (248)
[2018.11.07-14.44.03:823][911]LogModuleManager: Shutting down and abandoning module ImmediatePhysicsEditor (246)
[2018.11.07-14.44.03:823][911]LogModuleManager: Shutting down and abandoning module ImmediatePhysics (244)
[2018.11.07-14.44.03:839][911]LogModuleManager: Shutting down and abandoning module ActorSequence (242)
[2018.11.07-14.44.03:839][911]LogModuleManager: Shutting down and abandoning module UdpMessaging (240)
[2018.11.07-14.44.03:854][911]LogModuleManager: Shutting down and abandoning module TcpMessaging (238)
[2018.11.07-14.44.03:865][911]LogModuleManager: Shutting down and abandoning module MagicLeapAudio (236)
[2018.11.07-14.44.03:865][911]LogModuleManager: Shutting down and abandoning module GameplayTagsEditor (234)
[2018.11.07-14.44.03:892][911]LogModuleManager: Shutting down and abandoning module FacialAnimation (232)
[2018.11.07-14.44.03:892][911]LogModuleManager: Shutting down and abandoning module DataValidation (230)
[2018.11.07-14.44.03:892][911]LogModuleManager: Shutting down and abandoning module AssetManagerEditor (228)
[2018.11.07-14.44.03:919][911]LogModuleManager: Shutting down and abandoning module TreeMap (227)
[2018.11.07-14.44.03:935][911]LogModuleManager: Shutting down and abandoning module LightPropagationVolumeRuntime (224)
[2018.11.07-14.44.03:935][911]LogModuleManager: Shutting down and abandoning module AISupportModule (222)
[2018.11.07-14.44.03:935][911]LogModuleManager: Shutting down and abandoning module Paper2D (220)
[2018.11.07-14.44.03:949][911]LogModuleManager: Shutting down and abandoning module PIEPreviewDeviceProfileSelector (218)
[2018.11.07-14.44.03:949][911]LogModuleManager: Shutting down and abandoning module WindowsMoviePlayer (216)
[2018.11.07-14.44.03:960][911]LogModuleManager: Shutting down and abandoning module WmfMedia (214)
[2018.11.07-14.44.03:975][911]LogModuleManager: Shutting down and abandoning module Media (213)
[2018.11.07-14.44.03:981][911]LogModuleManager: Shutting down and abandoning module PacketHandler (210)
[2018.11.07-14.44.03:981][911]LogModuleManager: Shutting down and abandoning module ClothingSystemEditor (208)
[2018.11.07-14.44.03:981][911]LogModuleManager: Shutting down and abandoning module ClothingSystemRuntime (206)
[2018.11.07-14.44.03:995][911]LogModuleManager: Shutting down and abandoning module MediaAssets (204)
[2018.11.07-14.44.03:995][911]LogModuleManager: Shutting down and abandoning module Overlay (202)
[2018.11.07-14.44.03:995][911]LogModuleManager: Shutting down and abandoning module OverlayEditor (201)
[2018.11.07-14.44.03:995][911]LogModuleManager: Shutting down and abandoning module VREditor (198)
[2018.11.07-14.44.04:015][911]LogModuleManager: Shutting down and abandoning module StringTableEditor (196)
[2018.11.07-14.44.04:032][911]LogModuleManager: Shutting down and abandoning module GameplayTasksEditor (194)
[2018.11.07-14.44.04:032][911]LogModuleManager: Shutting down and abandoning module BehaviorTreeEditor (192)
[2018.11.07-14.44.04:068][911]LogModuleManager: Shutting down and abandoning module FunctionalTesting (190)
[2018.11.07-14.44.04:075][911]LogModuleManager: Shutting down and abandoning module CollisionAnalyzer (188)
[2018.11.07-14.44.04:086][911]LogModuleManager: Shutting down and abandoning module WorkspaceMenuStructure (187)
[2018.11.07-14.44.04:099][911]LogModuleManager: Shutting down and abandoning module UMG (184)
[2018.11.07-14.44.04:099][911]LogModuleManager: Shutting down and abandoning module UMGEditor (183)
[2018.11.07-14.44.04:129][911]LogModuleManager: Shutting down and abandoning module Sequencer (182)
[2018.11.07-14.44.04:157][911]LogModuleManager: Shutting down and abandoning module MessageLog (179)
[2018.11.07-14.44.04:183][911]LogModuleManager: Shutting down and abandoning module SlateReflector (174)
[2018.11.07-14.44.04:201][911]LogModuleManager: Shutting down and abandoning module Slate (172)
[2018.11.07-14.44.04:201][911]LogModuleManager: Shutting down and abandoning module EditorStyle (170)
[2018.11.07-14.44.04:207][911]LogModuleManager: Shutting down and abandoning module MRMesh (168)
[2018.11.07-14.44.04:225][911]LogModuleManager: Shutting down and abandoning module Messaging (166)
[2018.11.07-14.44.04:225][911]LogModuleManager: Shutting down and abandoning module SourceCodeAccess (164)
[2018.11.07-14.44.04:225][911]LogModuleManager: Shutting down and abandoning module HeadMountedDisplay (162)
[2018.11.07-14.44.04:225][911]LogModuleManager: Shutting down and abandoning module XAudio2 (160)
[2018.11.07-14.44.04:225][911]LogModuleManager: Shutting down and abandoning module Networking (158)
[2018.11.07-14.44.04:225][911]LogModuleManager: Shutting down and abandoning module Core (156)
[2018.11.07-14.44.04:225][911]LogModuleManager: Shutting down and abandoning module LevelSequence (154)
[2018.11.07-14.44.04:225][911]LogModuleManager: Shutting down and abandoning module KismetCompiler (152)
[2018.11.07-14.44.04:225][911]LogModuleManager: Shutting down and abandoning module MeshUtilities (150)
[2018.11.07-14.44.04:237][911]LogModuleManager: Shutting down and abandoning module MeshMergeUtilities (149)
[2018.11.07-14.44.04:252][911]LogModuleManager: Shutting down and abandoning module MeshReductionInterface (148)
[2018.11.07-14.44.04:252][911]LogModuleManager: Shutting down and abandoning module SimplygonSwarm (147)
[2018.11.07-14.44.04:272][911]LogModuleManager: Shutting down and abandoning module ProxyLODMeshReduction (145)
[2018.11.07-14.44.04:286][911]LogModuleManager: Shutting down and abandoning module SimplygonMeshReduction (143)
[2018.11.07-14.44.04:286][911]LogModuleManager: Shutting down and abandoning module QuadricMeshReduction (141)
[2018.11.07-14.44.04:304][911]LogModuleManager: Shutting down and abandoning module MaterialBaking (137)
[2018.11.07-14.44.04:311][911]LogModuleManager: Shutting down and abandoning module DerivedDataCache (132)
[2018.11.07-14.44.04:376][911]LogDerivedDataCache: Shutdown
[2018.11.07-14.44.04:376][911]LogModuleManager: Shutting down and abandoning module XGEController (130)
[2018.11.07-14.44.04:376][911]LogModuleManager: Shutting down and abandoning module TargetPlatform (128)
[2018.11.07-14.44.04:376][911]LogModuleManager: Shutting down and abandoning module VulkanShaderFormat (127)
[2018.11.07-14.44.04:382][911]LogModuleManager: Shutting down and abandoning module ShaderFormatVectorVM (125)
[2018.11.07-14.44.04:392][911]LogModuleManager: Shutting down and abandoning module ShaderFormatOpenGL (123)
[2018.11.07-14.44.04:398][911]LogModuleManager: Shutting down and abandoning module ShaderFormatD3D (121)
[2018.11.07-14.44.04:398][911]LogModuleManager: Shutting down and abandoning module MetalShaderFormat (119)
[2018.11.07-14.44.04:412][911]LogModuleManager: Shutting down and abandoning module TextureFormatUncompressed (117)
[2018.11.07-14.44.04:412][911]LogModuleManager: Shutting down and abandoning module TextureFormatPVR (115)
[2018.11.07-14.44.04:412][911]LogModuleManager: Shutting down and abandoning module TextureFormatDXT (113)
[2018.11.07-14.44.04:431][911]LogModuleManager: Shutting down and abandoning module TextureFormatIntelISPCTexComp (111)
[2018.11.07-14.44.04:431][911]LogModuleManager: Shutting down and abandoning module TextureFormatASTC (109)
[2018.11.07-14.44.04:431][911]LogModuleManager: Shutting down and abandoning module ImageWrapper (108)
[2018.11.07-14.44.04:431][911]LogModuleManager: Shutting down and abandoning module TextureFormatAndroid (105)
[2018.11.07-14.44.04:431][911]LogModuleManager: Shutting down and abandoning module AudioFormatOpus (103)
[2018.11.07-14.44.04:431][911]LogModuleManager: Shutting down and abandoning module AudioFormatOgg (101)
[2018.11.07-14.44.04:431][911]LogModuleManager: Shutting down and abandoning module AudioFormatADPCM (99)
[2018.11.07-14.44.04:431][911]LogModuleManager: Shutting down and abandoning module WindowsTargetPlatform (97)
[2018.11.07-14.44.04:431][911]LogModuleManager: Shutting down and abandoning module WindowsServerTargetPlatform (95)
[2018.11.07-14.44.04:431][911]LogModuleManager: Shutting down and abandoning module WindowsNoEditorTargetPlatform (93)
[2018.11.07-14.44.04:431][911]LogModuleManager: Shutting down and abandoning module WindowsClientTargetPlatform (91)
[2018.11.07-14.44.04:431][911]LogModuleManager: Shutting down and abandoning module InputCore (88)
[2018.11.07-14.44.04:431][911]LogModuleManager: Shutting down and abandoning module Settings (86)
[2018.11.07-14.44.04:431][911]LogModuleManager: Shutting down and abandoning module PhysXCooking (84)
[2018.11.07-14.44.04:431][911]LogModuleManager: Shutting down and abandoning module SteamVR (82)
[2018.11.07-14.44.04:431][911]LogModuleManager: Shutting down and abandoning module OculusHMD (80)
[2018.11.07-14.44.04:442][911]LogModuleManager: Shutting down and abandoning module ExampleDeviceProfileSelector (78)
[2018.11.07-14.44.04:442][911]LogModuleManager: Shutting down and abandoning module LauncherChunkInstaller (76)
[2018.11.07-14.44.04:442][911]LogModuleManager: Shutting down and abandoning module OnlineBlueprintSupport (74)
[2018.11.07-14.44.04:442][911]LogModuleManager: Shutting down and abandoning module OnlineSubsystem (70)
[2018.11.07-14.44.04:442][911]LogOnline: Display: STEAM: OnlineSubsystemSteam::Shutdown()
[2018.11.07-14.44.04:824][911]LogOnline: Display: STEAM: OnlineSubsystemSteam::Shutdown()
[2018.11.07-14.44.04:825][911]LogModuleManager: Shutting down and abandoning module XMPP (65)
[2018.11.07-14.44.04:825][911]LogModuleManager: Shutting down and abandoning module WebSockets (64)
[2018.11.07-14.44.04:828][911]LogModuleManager: Shutting down and abandoning module HTTP (61)
[2018.11.07-14.44.04:845][911]LogModuleManager: Shutting down and abandoning module SSL (60)
[2018.11.07-14.44.04:847][911]LogModuleManager: Shutting down and abandoning module MagicLeapEmulator (56)
[2018.11.07-14.44.04:847][911]LogModuleManager: Shutting down and abandoning module MagicLeapPrivileges (54)
[2018.11.07-14.44.04:847][911]LogModuleManager: Shutting down and abandoning module MagicLeapIdentity (52)
[2018.11.07-14.44.04:847][911]LogModuleManager: Shutting down and abandoning module MagicLeapHelperVulkan (50)
[2018.11.07-14.44.04:847][911]LogModuleManager: Shutting down and abandoning module MagicLeapHelperOpenGL (48)
[2018.11.07-14.44.04:847][911]LogModuleManager: Shutting down and abandoning module MagicLeapSecureStorage (46)
[2018.11.07-14.44.04:847][911]LogModuleManager: Shutting down and abandoning module MagicLeapGestures (44)
[2018.11.07-14.44.04:848][911]LogModuleManager: Shutting down and abandoning module MagicLeapEyeTracker (42)
[2018.11.07-14.44.04:848][911]LogModuleManager: Shutting down and abandoning module MagicLeapController (40)
[2018.11.07-14.44.04:848][911]LogSlate: Slate User Destroyed.  User Index 0, Is Virtual User: 0
[2018.11.07-14.44.04:848][911]LogModuleManager: Shutting down and abandoning module MagicLeap (38)
[2018.11.07-14.44.04:848][911]LogModuleManager: Shutting down and abandoning module AnimationModifiers (36)
[2018.11.07-14.44.04:848][911]LogModuleManager: Shutting down and abandoning module PropertyEditor (35)
[2018.11.07-14.44.04:848][911]LogModuleManager: Shutting down and abandoning module AudioEditor (32)
[2018.11.07-14.44.04:848][911]LogModuleManager: Shutting down and abandoning module TextureCompressor (30)
[2018.11.07-14.44.04:848][911]LogModuleManager: Shutting down and abandoning module ShaderCore (28)
[2018.11.07-14.44.04:849][911]LogModuleManager: Shutting down and abandoning module Landscape (26)
[2018.11.07-14.44.04:849][911]LogModuleManager: Shutting down and abandoning module SlateRHIRenderer (24)
[2018.11.07-14.44.04:849][911]LogModuleManager: Shutting down and abandoning module OpenGLDrv (22)
[2018.11.07-14.44.04:849][911]LogModuleManager: Shutting down and abandoning module D3D11RHI (20)
[2018.11.07-14.44.04:849][911]LogModuleManager: Shutting down and abandoning module AnimGraphRuntime (18)
[2018.11.07-14.44.04:849][911]LogModuleManager: Shutting down and abandoning module Renderer (16)
[2018.11.07-14.44.04:849][911]LogModuleManager: Shutting down and abandoning module Engine (14)
[2018.11.07-14.44.04:849][911]LogModuleManager: Shutting down and abandoning module CoreUObject (12)
[2018.11.07-14.44.04:849][911]LogModuleManager: Shutting down and abandoning module NetworkFile (10)
[2018.11.07-14.44.04:849][911]LogModuleManager: Shutting down and abandoning module CookedIterativeFile (8)
[2018.11.07-14.44.04:849][911]LogModuleManager: Shutting down and abandoning module StreamingFile (6)
[2018.11.07-14.44.04:849][911]LogModuleManager: Shutting down and abandoning module SandboxFile (4)
[2018.11.07-14.44.04:849][911]LogModuleManager: Shutting down and abandoning module PakFile (2)
[2018.11.07-14.44.04:861][911]LogExit: Exiting.
[2018.11.07-14.44.04:893][911]Log file closed, 11/07/18 09:44:04
