Log file open, 09/19/18 01:29:35
LogWindows: Failed to load 'aqProf.dll' (GetLastError=126)
LogWindows: File 'aqProf.dll' does not exist
LogWindows: Failed to load 'VSPerf140.dll' (GetLastError=126)
LogWindows: File 'VSPerf140.dll' does not exist
LogWindows: Failed to load 'VtuneApi.dll' (GetLastError=126)
LogWindows: File 'VtuneApi.dll' does not exist
LogWindows: Failed to load 'VtuneApi32e.dll' (GetLastError=126)
LogWindows: File 'VtuneApi32e.dll' does not exist
LogInit: Display: Running engine for game: SteamProject
LogPlatformFile: Not using cached read wrapper
LogTaskGraph: Started task graph with 5 named threads and 14 total threads with 3 sets of task threads.
LogStats: Stats thread started at 0.394643
LogD3D11RHI: Loaded GFSDK_Aftermath_Lib.x64.dll
LogICUInternationalization: Display: ICU TimeZone Detection - Raw Offset: -5:00, Platform Override: ''
LogPluginManager: Mounting plugin Paper2D
LogPluginManager: Mounting plugin AISupport
LogPluginManager: Mounting plugin LightPropagationVolume
LogPluginManager: Mounting plugin CLionSourceCodeAccess
LogPluginManager: Mounting plugin CodeLiteSourceCodeAccess
LogPluginManager: Mounting plugin GitSourceControl
LogPluginManager: Mounting plugin KDevelopSourceCodeAccess
LogPluginManager: Mounting plugin NullSourceCodeAccess
LogPluginManager: Mounting plugin PerforceSourceControl
LogPluginManager: Mounting plugin SubversionSourceControl
LogPluginManager: Mounting plugin UObjectPlugin
LogPluginManager: Mounting plugin VisualStudioCodeSourceCodeAccess
LogPluginManager: Mounting plugin VisualStudioSourceCodeAccess
LogPluginManager: Mounting plugin XCodeSourceCodeAccess
LogPluginManager: Mounting plugin AssetManagerEditor
LogPluginManager: Mounting plugin CryptoKeys
LogPluginManager: Mounting plugin DataValidation
LogPluginManager: Mounting plugin FacialAnimation
LogPluginManager: Mounting plugin GameplayTagsEditor
LogPluginManager: Mounting plugin MacGraphicsSwitching
LogPluginManager: Mounting plugin MeshEditor
LogPluginManager: Mounting plugin MobileLauncherProfileWizard
LogPluginManager: Mounting plugin PluginBrowser
LogPluginManager: Mounting plugin SpeedTreeImporter
LogPluginManager: Mounting plugin DatasmithContent
LogPluginManager: Mounting plugin AlembicImporter
LogPluginManager: Mounting plugin AppleImageUtils
LogPluginManager: Mounting plugin AppleVision
LogPluginManager: Mounting plugin BackChannel
LogPluginManager: Mounting plugin CharacterAI
LogPluginManager: Mounting plugin GeometryCache
LogPluginManager: Mounting plugin HTML5Networking
LogPluginManager: Mounting plugin ProxyLODPlugin
LogPluginManager: Mounting plugin MagicLeap
LogPluginManager: Mounting plugin MagicLeapEmulator
LogPluginManager: Mounting plugin MagicLeapMedia
LogPluginManager: Mounting plugin AndroidMedia
LogPluginManager: Mounting plugin AvfMedia
LogPluginManager: Mounting plugin ImgMedia
LogPluginManager: Mounting plugin LinearTimecode
LogPluginManager: Mounting plugin MediaCompositing
LogPluginManager: Mounting plugin MediaPlayerEditor
LogPluginManager: Mounting plugin WmfMedia
LogPluginManager: Mounting plugin TcpMessaging
LogPluginManager: Mounting plugin UdpMessaging
LogPluginManager: Mounting plugin ActorSequence
LogPluginManager: Mounting plugin LevelSequenceEditor
LogPluginManager: Mounting plugin MatineeToLevelSequence
LogPluginManager: Mounting plugin NetcodeUnitTest
LogPluginManager: Mounting plugin NUTUnrealEngine4
LogPluginManager: Mounting plugin OnlineSubsystemGooglePlay
LogPluginManager: Mounting plugin OnlineSubsystemIOS
LogPluginManager: Mounting plugin OnlineSubsystem
LogPluginManager: Mounting plugin OnlineSubsystemNull
LogPluginManager: Mounting plugin OnlineSubsystemSteam
LogPluginManager: Mounting plugin OnlineSubsystemUtils
LogPluginManager: Mounting plugin LauncherChunkInstaller
LogPluginManager: Mounting plugin AndroidDeviceProfileSelector
LogPluginManager: Mounting plugin AndroidMoviePlayer
LogPluginManager: Mounting plugin AndroidPermission
LogPluginManager: Mounting plugin AppleMoviePlayer
LogPluginManager: Mounting plugin ArchVisCharacter
LogPluginManager: Mounting plugin AudioCapture
LogPluginManager: Mounting plugin CableComponent
LogPluginManager: Mounting plugin CustomMeshComponent
LogPluginManager: Mounting plugin EditableMesh
LogPluginManager: Mounting plugin ExampleDeviceProfileSelector
LogPluginManager: Mounting plugin GoogleCloudMessaging
LogPluginManager: Mounting plugin ImmediatePhysics
LogPluginManager: Mounting plugin IOSDeviceProfileSelector
LogPluginManager: Mounting plugin LinuxDeviceProfileSelector
LogPluginManager: Mounting plugin LocationServicesBPLibrary
LogPluginManager: Mounting plugin MobilePatchingUtils
LogPluginManager: Mounting plugin OculusVR
LogPluginManager: Plugin shader directory ../../../Engine/Plugins/Runtime/Oculus/OculusVR/Shaders found
LogPluginManager: Mapping shader source directory ../../../Engine/Plugins/Runtime/Oculus/OculusVR/Shaders to virtual directory /Plugin/OculusVR
LogPluginManager: Mounting plugin PhysXVehicles
LogPluginManager: Mounting plugin ProceduralMeshComponent
LogPluginManager: Mounting plugin RuntimePhysXCooking
LogPluginManager: Mounting plugin SteamVR
LogPluginManager: Mounting plugin WindowsMoviePlayer
LogStreaming: Display: Took  0.202s to configure plugins.
LogInit: Using libcurl 7.55.1-DEV
LogInit:  - built for x86_64-pc-win32
LogInit:  - supports SSL with OpenSSL/1.0.2h
LogInit:  - supports HTTP deflate (compression) using libz 1.2.8
LogInit:  - other features:
LogInit:      CURL_VERSION_SSL
LogInit:      CURL_VERSION_LIBZ
LogInit:      CURL_VERSION_IPV6
LogInit:      CURL_VERSION_ASYNCHDNS
LogInit:      CURL_VERSION_LARGEFILE
LogInit:      CURL_VERSION_IDN
LogInit:  CurlRequestOptions (configurable via config and command line):
LogInit:  - bVerifyPeer = false  - Libcurl will NOT verify peer certificate
LogInit:  - bUseHttpProxy = false  - Libcurl will NOT use HTTP proxy
LogInit:  - bDontReuseConnections = false  - Libcurl will reuse connections
LogInit:  - CertBundlePath = nullptr  - Libcurl will use whatever was configured at build time.
LogInit:  - MaxHostConnections = 16  - Libcurl will limit the number of connections to a host
LogInit:  - LocalHostAddr = Default
LogInit:  - BufferSize = 65536
LogOnline: Display: STEAM: Loading Steam SDK 1.39
LogOnline: Warning: STEAM: Steam API disabled!
LogOnline: Display: STEAM: OnlineSubsystemSteam::Shutdown()
LogInit: WinSock: version 1.1 (2.2), MaxSocks=32767, MaxUdp=65467
LogInit: Build: ++UE4+Release-4.20-CL-4302132
LogInit: Engine Version: 4.20.2-4302132+++UE4+Release-4.20
LogInit: Compatible Engine Version: 4.20.0-4212847+++UE4+Release-4.20
LogInit: Net CL: 4212847
LogInit: OS: Windows 10 (), CPU:        Intel(R) Core(TM) i5-3570K CPU @ 3.40GHz, GPU: NVIDIA GeForce GTX 1070
LogInit: Compiled (64-bit): Aug 21 2018 02:06:06
LogInit: Compiled with Visual C++: 19.13.26129.00
LogInit: Build Configuration: Development
LogInit: Branch Name: ++UE4+Release-4.20
LogInit: Command Line:  
LogInit: Base Directory: E:/UE_4.20/Engine/Binaries/Win64/
LogInit: Installed Engine Build: 1
LogDevObjectVersion: Number of dev versions registered: 20
LogDevObjectVersion:   Dev-Blueprints (B0D832E4-1F89-4F0D-ACCF-7EB736FD4AA2): 10
LogDevObjectVersion:   Dev-Build (E1C64328-A22C-4D53-A36C-8E866417BD8C): 0
LogDevObjectVersion:   Dev-Core (375EC13C-06E4-48FB-B500-84F0262A717E): 2
LogDevObjectVersion:   Dev-Editor (E4B068ED-F494-42E9-A231-DA0B2E46BB41): 24
LogDevObjectVersion:   Dev-Framework (CFFC743F-43B0-4480-9391-14DF171D2073): 34
LogDevObjectVersion:   Dev-Mobile (B02B49B5-BB20-44E9-A304-32B752E40360): 2
LogDevObjectVersion:   Dev-Networking (A4E4105C-59A1-49B5-A7C5-40C4547EDFEE): 0
LogDevObjectVersion:   Dev-Online (39C831C9-5AE6-47DC-9A44-9C173E1C8E7C): 0
LogDevObjectVersion:   Dev-Physics (78F01B33-EBEA-4F98-B9B4-84EACCB95AA2): 0
LogDevObjectVersion:   Dev-Platform (6631380F-2D4D-43E0-8009-CF276956A95A): 0
LogDevObjectVersion:   Dev-Rendering (12F88B9F-8875-4AFC-A67C-D90C383ABD29): 26
LogDevObjectVersion:   Dev-Sequencer (7B5AE74C-D270-4C10-A958-57980B212A5A): 9
LogDevObjectVersion:   Dev-VR (D7296918-1DD6-4BDD-9DE2-64A83CC13884): 2
LogDevObjectVersion:   Dev-LoadTimes (C2A15278-BFE7-4AFE-6C17-90FF531DF755): 1
LogDevObjectVersion:   Private-Geometry (6EACA3D4-40EC-4CC1-B786-8BED09428FC5): 3
LogDevObjectVersion:   Dev-AnimPhys (29E575DD-E0A3-4627-9D10-D276232CDCEA): 17
LogDevObjectVersion:   Dev-ReflectionCapture (6B266CEC-1EC7-4B8F-A30B-E4D90942FC07): 1
LogDevObjectVersion:   Dev-Automation (0DF73D61-A23F-47EA-B727-89E90C41499A): 1
LogDevObjectVersion:   FortniteMain (601D1886-AC64-4F84-AA16-D3DE0DEAC7D6): 12
LogDevObjectVersion:   Dev-Enterprise (9DFFBCD6-494F-0158-E221-12823C92A888): 1
LogStreaming: Display: Took  0.004s to delete old logs.
LogInit: Presizing for max 8388607 objects, including 0 objects not considered by GC, pre-allocating 0 bytes for permanent pool.
LogInit: Object subsystem initialized
[2018.09.19-05.29.38:936][  0]LogInit: Selected Device Profile: [Windows]
[2018.09.19-05.29.38:936][  0]LogInit: Applying CVar settings loaded from the selected device profile: [Windows]
[2018.09.19-05.29.38:971][  0]LogHAL: Display: Platform has ~ 16 GB [17128337408 / 17179869184 / 16], which maps to Larger [LargestMinGB=32, LargerMinGB=12, DefaultMinGB=8, SmallerMinGB=6, SmallestMinGB=0)
[2018.09.19-05.29.38:971][  0]LogInit: Setting Device Profile CVar: [[r.Vulkan.UseRealUBs:1]]
[2018.09.19-05.29.38:971][  0]LogInit: Going up to parent DeviceProfile []
[2018.09.19-05.29.39:046][  0]LogInit: Computer: MAX-PC
[2018.09.19-05.29.39:046][  0]LogInit: User: maxsa
[2018.09.19-05.29.39:046][  0]LogInit: CPU Page size=4096, Cores=4
[2018.09.19-05.29.39:046][  0]LogInit: High frequency timer resolution =3.420547 MHz
[2018.09.19-05.29.39:046][  0]LogMemory: Memory total: Physical=16.0GB (16GB approx)
[2018.09.19-05.29.39:046][  0]LogMemory: Platform Memory Stats for Windows
[2018.09.19-05.29.39:046][  0]LogMemory: Process Physical Memory: 100.36 MB used, 100.36 MB peak
[2018.09.19-05.29.39:046][  0]LogMemory: Process Virtual Memory: 84.23 MB used, 84.23 MB peak
[2018.09.19-05.29.39:046][  0]LogMemory: Physical Memory: 7822.01 MB used,  8512.84 MB free, 16334.86 MB total
[2018.09.19-05.29.39:046][  0]LogMemory: Virtual Memory: 4621.54 MB used,  8512.84 MB free, 134217728.00 MB total
[2018.09.19-05.29.40:556][  0]LogInit: Using OS detected language (en-US).
[2018.09.19-05.29.40:556][  0]LogInit: Using OS detected locale (en-CA).
[2018.09.19-05.29.40:604][  0]LogTextLocalizationManager: No specific localization for 'en-US' exists, so the 'en' localization will be used.
[2018.09.19-05.29.43:404][  0]LogStreaming: Display: Took  2.849s to InitEngineTextLocalization.
[2018.09.19-05.29.43:404][  0]LogInit: Setting process to per monitor DPI aware
[2018.09.19-05.29.43:946][  0]LogSlate: New Slate User Created.  User Index 0, Is Virtual User: 0
[2018.09.19-05.29.43:946][  0]LogSlate: Slate User Registered.  User Index 0, Is Virtual User: 0
[2018.09.19-05.29.47:265][  0]LogHMD: Failed to initialize OpenVR with code 105
[2018.09.19-05.29.47:265][  0]LogD3D11RHI: D3D11 adapters:
[2018.09.19-05.29.47:359][  0]LogD3D11RHI:    0. 'NVIDIA GeForce GTX 1070' (Feature Level 11_0)
[2018.09.19-05.29.47:359][  0]LogD3D11RHI:       8088/0/8167 MB DedicatedVideo/DedicatedSystem/SharedSystem, Outputs:2, VendorId:0x10de
[2018.09.19-05.29.47:361][  0]LogD3D11RHI:    1. 'Microsoft Basic Render Driver' (Feature Level 11_0)
[2018.09.19-05.29.47:361][  0]LogD3D11RHI:       0/0/8167 MB DedicatedVideo/DedicatedSystem/SharedSystem, Outputs:0, VendorId:0x1414
[2018.09.19-05.29.47:361][  0]LogD3D11RHI: Chosen D3D11 Adapter: 0
[2018.09.19-05.29.47:367][  0]LogD3D11RHI: Creating new Direct3DDevice
[2018.09.19-05.29.47:367][  0]LogD3D11RHI:     GPU DeviceId: 0x1b81 (for the marketing name, search the web for "GPU Device Id")
[2018.09.19-05.29.47:367][  0]LogWindows: EnumDisplayDevices:
[2018.09.19-05.29.47:367][  0]LogWindows:    0. 'NVIDIA GeForce GTX 1070' (P:1 D:1)
[2018.09.19-05.29.47:367][  0]LogWindows:    1. 'NVIDIA GeForce GTX 1070' (P:0 D:1)
[2018.09.19-05.29.47:368][  0]LogWindows:    2. 'NVIDIA GeForce GTX 1070' (P:0 D:0)
[2018.09.19-05.29.47:368][  0]LogWindows:    3. 'NVIDIA GeForce GTX 1070' (P:0 D:0)
[2018.09.19-05.29.47:368][  0]LogWindows: DebugString: FoundDriverCount:4 
[2018.09.19-05.29.47:368][  0]LogD3D11RHI:     Adapter Name: NVIDIA GeForce GTX 1070
[2018.09.19-05.29.47:368][  0]LogD3D11RHI:   Driver Version: 399.24 (internal:24.21.13.9924, unified:399.24)
[2018.09.19-05.29.47:368][  0]LogD3D11RHI:      Driver Date: 9-5-2018
[2018.09.19-05.29.47:368][  0]LogRHI: Texture pool is 5661 MB (70% of 8088 MB)
[2018.09.19-05.29.47:414][  0]LogD3D11RHI: Async texture creation enabled
[2018.09.19-05.29.47:448][  0]LogD3D11RHI: GPU Timing Frequency: 1000.000000 (Debug: 2 2)
[2018.09.19-05.29.47:495][  0]LogShaderCompilers: Guid format shader working directory is -6 characters bigger than the processId version (C:/Users/maxsa/Desktop/Unreal Projects/SteamProject/Intermediate/Shaders/WorkingDirectory/16048/).
[2018.09.19-05.29.47:495][  0]LogShaderCompilers: Cleaned the shader compiler working directory 'C:/Users/maxsa/AppData/Local/Temp/UnrealShaderWorkingDir/833871574FB8FE83F2F88DB876E3C4C8/'.
[2018.09.19-05.29.48:230][  0]LogTemp: Display: Loaded TP AllDesktopTargetPlatform
[2018.09.19-05.29.48:263][  0]LogTemp: Display: Loaded TP MacClientTargetPlatform
[2018.09.19-05.29.48:303][  0]LogTemp: Display: Loaded TP MacNoEditorTargetPlatform
[2018.09.19-05.29.48:326][  0]LogTemp: Display: Loaded TP MacServerTargetPlatform
[2018.09.19-05.29.48:383][  0]LogTemp: Display: Loaded TP MacTargetPlatform
[2018.09.19-05.29.48:422][  0]LogTemp: Display: Loaded TP WindowsClientTargetPlatform
[2018.09.19-05.29.48:449][  0]LogTemp: Display: Loaded TP WindowsNoEditorTargetPlatform
[2018.09.19-05.29.48:485][  0]LogTemp: Display: Loaded TP WindowsServerTargetPlatform
[2018.09.19-05.29.48:507][  0]LogTemp: Display: Loaded TP WindowsTargetPlatform
[2018.09.19-05.29.48:680][  0]LogTemp: Display: Loaded TP AndroidTargetPlatform
[2018.09.19-05.29.48:680][  0]LogTemp: Display: Loaded TP AndroidTargetPlatform
[2018.09.19-05.29.48:680][  0]LogTemp: Display: Loaded TP AndroidTargetPlatform
[2018.09.19-05.29.48:680][  0]LogTemp: Display: Loaded TP AndroidTargetPlatform
[2018.09.19-05.29.48:680][  0]LogTemp: Display: Loaded TP AndroidTargetPlatform
[2018.09.19-05.29.48:680][  0]LogTemp: Display: Loaded TP AndroidTargetPlatform
[2018.09.19-05.29.48:680][  0]LogTemp: Display: Loaded TP AndroidTargetPlatform
[2018.09.19-05.29.48:680][  0]LogTemp: Display: Loaded TP AndroidTargetPlatform
[2018.09.19-05.29.48:680][  0]LogTemp: Display: Loaded TP AndroidTargetPlatform
[2018.09.19-05.29.48:680][  0]LogTemp: Display: Loaded TP AndroidTargetPlatform
[2018.09.19-05.29.48:680][  0]LogTemp: Display: Loaded TP AndroidTargetPlatform
[2018.09.19-05.29.48:680][  0]LogTemp: Display: Loaded TP AndroidTargetPlatform
[2018.09.19-05.29.48:680][  0]LogTemp: Display: Loaded TP AndroidTargetPlatform
[2018.09.19-05.29.48:680][  0]LogTemp: Display: Loaded TP AndroidTargetPlatform
[2018.09.19-05.29.48:680][  0]LogTemp: Display: Loaded TP AndroidTargetPlatform
[2018.09.19-05.29.48:680][  0]LogTemp: Display: Loaded TP AndroidTargetPlatform
[2018.09.19-05.29.48:680][  0]LogTemp: Display: Loaded TP AndroidTargetPlatform
[2018.09.19-05.29.48:680][  0]LogTemp: Display: Loaded TP AndroidTargetPlatform
[2018.09.19-05.29.48:734][  0]LogTemp: Display: Loaded TP HTML5TargetPlatform
[2018.09.19-05.29.48:976][  0]LogTemp: Display: Loaded TP IOSTargetPlatform
[2018.09.19-05.29.48:976][  0]LogTemp: Display: Loaded TP IOSTargetPlatform
[2018.09.19-05.29.49:014][  0]LogTemp: Display: Loaded TP TVOSTargetPlatform
[2018.09.19-05.29.49:014][  0]LogTemp: Display: Loaded TP TVOSTargetPlatform
[2018.09.19-05.29.49:064][  0]LogTemp: Display: Loaded TP LinuxClientTargetPlatform
[2018.09.19-05.29.49:088][  0]LogTemp: Display: Loaded TP LinuxNoEditorTargetPlatform
[2018.09.19-05.29.49:110][  0]LogTemp: Display: Loaded TP LinuxServerTargetPlatform
[2018.09.19-05.29.49:149][  0]LogTemp: Display: Loaded TP LinuxTargetPlatform
[2018.09.19-05.29.49:167][  0]LogTemp: Display: Loaded TP LuminTargetPlatform
[2018.09.19-05.29.49:167][  0]LogTargetPlatformManager: Display: Building Assets For Windows
[2018.09.19-05.29.50:786][  0]LogXGEController: Cleaning working directory: C:/Users/maxsa/AppData/Local/Temp/UnrealXGEWorkingDir/
[2018.09.19-05.29.50:786][  0]LogXGEController: Cannot use XGE Controller as Incredibuild is not installed on this machine.
[2018.09.19-05.29.50:787][  0]LogShaderCompilers: Cannot use XGE Shader Compiler as Incredibuild is not installed on this machine.
[2018.09.19-05.29.50:787][  0]LogShaderCompilers: Display: Using Local Shader Compiler.
[2018.09.19-05.29.54:246][  0]LogDerivedDataCache: Display: Max Cache Size: 512 MB
[2018.09.19-05.29.54:521][  0]LogDerivedDataCache: Loaded boot cache 0.27s 71MB C:/Users/maxsa/AppData/Local/UnrealEngine/4.20/DerivedDataCache/Boot.ddc.
[2018.09.19-05.29.54:521][  0]LogDerivedDataCache: Display: Loaded Boot cache: C:/Users/maxsa/AppData/Local/UnrealEngine/4.20/DerivedDataCache/Boot.ddc
[2018.09.19-05.29.54:521][  0]LogDerivedDataCache: FDerivedDataBackendGraph:  Pak pak cache file C:/Users/maxsa/Desktop/Unreal Projects/SteamProject/DerivedDataCache/DDC.ddp not found, will not use a pak cache.
[2018.09.19-05.29.54:521][  0]LogDerivedDataCache: Unable to find inner node Pak for hierarchical cache Hierarchy.
[2018.09.19-05.29.54:521][  0]LogDerivedDataCache: FDerivedDataBackendGraph:  CompressedPak pak cache file C:/Users/maxsa/Desktop/Unreal Projects/SteamProject/DerivedDataCache/Compressed.ddp not found, will not use a pak cache.
[2018.09.19-05.29.54:521][  0]LogDerivedDataCache: Unable to find inner node CompressedPak for hierarchical cache Hierarchy.
[2018.09.19-05.29.54:629][  0]LogDerivedDataCache: Display: Pak cache opened for reading ../../../Engine/DerivedDataCache/Compressed.ddp.
[2018.09.19-05.29.54:642][  0]LogDerivedDataCache: Using Local data cache path C:/Users/maxsa/AppData/Local/UnrealEngine/Common/DerivedDataCache: Writable
[2018.09.19-05.29.54:642][  0]LogDerivedDataCache: Shared data cache path not found in *engine.ini, will not use an Shared cache.
[2018.09.19-05.29.54:642][  0]LogDerivedDataCache: Unable to find inner node Shared for hierarchical cache Hierarchy.
[2018.09.19-05.29.54:664][  0]LogMaterial: Verifying Global Shaders for PCD3D_SM5
[2018.09.19-05.29.54:665][  0]LogSlate: Using FreeType 2.6.0
[2018.09.19-05.29.54:788][  0]LogSlate: SlateFontServices - WITH_FREETYPE: 1, WITH_HARFBUZZ: 1
[2018.09.19-05.29.55:341][  0]LogAssetRegistry: FAssetRegistry took 0.0267 seconds to start up
[2018.09.19-05.29.55:707][  0]LogInit: Selected Device Profile: [Windows]
[2018.09.19-05.29.59:840][  0]LogSimplygon: Simplygon DLL not present - disabling.
[2018.09.19-05.30.01:274][  0]LogMeshReduction: Using SimplygonSwarm for distributed automatic mesh merging
[2018.09.19-05.30.01:275][  0]LogMeshReduction: Using ProxyLODMeshReduction for automatic mesh merging
[2018.09.19-05.30.01:312][  0]LogMeshReduction: Using QuadricMeshReduction for automatic static mesh reduction
[2018.09.19-05.30.01:312][  0]LogMeshReduction: No automatic skeletal mesh reduction module available
[2018.09.19-05.30.01:674][  0]LogNetVersion: SteamProject 1.0.0, NetCL: 4212847, EngineNetVer: 5, GameNetVer: 0 (Checksum: 43773174)
[2018.09.19-05.30.06:912][  0]LogPackageLocalizationCache: Processed 11 localized package path(s) for 2 prioritized culture(s) in 0.144320 seconds
[2018.09.19-05.30.06:918][  0]LogUObjectArray: 38434 objects as part of root set at end of initial load.
[2018.09.19-05.30.06:918][  0]LogUObjectAllocator: 6701144 out of 0 bytes used by permanent object pool.
[2018.09.19-05.30.06:919][  0]LogUObjectArray: CloseDisregardForGC: 0/0 objects in disregard for GC pool
[2018.09.19-05.30.20:257][  0]LogTcpMessaging: Initializing TcpMessaging bridge
[2018.09.19-05.30.20:339][  0]LogUdpMessaging: Initializing bridge on interface 0.0.0.0:0 to multicast group 230.0.0.1:6666.
[2018.09.19-05.30.22:490][  0]SourceControl: Source control is disabled
[2018.09.19-05.30.22:491][  0]SourceControl: Source control is disabled
[2018.09.19-05.30.22:677][  0]SourceControl: Source control is disabled
[2018.09.19-05.30.22:783][  0]SourceControl: Source control is disabled
[2018.09.19-05.30.25:886][  0]LogAndroidPermission: UAndroidPermissionCallbackProxy::GetInstance
[2018.09.19-05.30.26:301][  0]LogOcInput: OculusInput pre-init called
[2018.09.19-05.30.26:809][  0]LogEngine: Initializing Engine...
[2018.09.19-05.30.26:812][  0]LogHMD: Failed to initialize OpenVR with code 105
[2018.09.19-05.30.26:813][  0]LogStats: UGameplayTagsManager::ConstructGameplayTagTree: ImportINI prefixes -  0.000 s
[2018.09.19-05.30.26:813][  0]LogStats: UGameplayTagsManager::ConstructGameplayTagTree: Construct from data asset -  0.000 s
[2018.09.19-05.30.26:814][  0]LogStats: UGameplayTagsManager::ConstructGameplayTagTree: ImportINI -  0.000 s
[2018.09.19-05.30.26:814][  0]LogStats: UGameplayTagsManager::ConstructGameplayTagTree: GameplayTagTreeChangedEvent.Broadcast -  0.000 s
[2018.09.19-05.30.27:902][  0]LogInit: Initializing FReadOnlyCVARCache
[2018.09.19-05.30.27:971][  0]LogAIModule: Creating AISystem for world Untitled
[2018.09.19-05.30.27:994][  0]LogInit: XAudio2 using 'Headphones (Realtek High Definition Audio)' : 2 channels at 48 kHz using 32 bits per sample (channel mask 0x3)
[2018.09.19-05.30.28:029][  0]LogInit: FAudioDevice initialized.
[2018.09.19-05.30.28:029][  0]LogNetVersion: Set ProjectVersion to 1.0.0.0. Version Checksum will be recalculated on next use.
[2018.09.19-05.30.28:071][  0]LogDerivedDataCache: Saved boot cache 0.04s 71MB C:/Users/maxsa/AppData/Local/UnrealEngine/4.20/DerivedDataCache/Boot.ddc.
[2018.09.19-05.30.28:075][  0]LogInit: Texture streaming: Enabled
[2018.09.19-05.30.28:162][  0]LogEngineSessionManager: EngineSessionManager initialized
[2018.09.19-05.30.28:196][  0]LogInit: Transaction tracking system initialized
[2018.09.19-05.30.28:359][  0]BlueprintLog: New page: Editor Load
[2018.09.19-05.30.30:469][  0]LocalizationService: Localization service is disabled
[2018.09.19-05.30.37:028][  0]LogCook: Display: Max memory allowance for cook 16384mb min free memory 0mb
[2018.09.19-05.30.37:028][  0]LogCook: Display: Mobile HDR setting 1
[2018.09.19-05.30.37:028][  0]LogGameplayTags: Display: UGameplayTagsManager::DoneAddingNativeTags. DelegateIsBound: 0
[2018.09.19-05.30.37:029][  0]LogStats: UGameplayTagsManager::ConstructGameplayTagTree: ImportINI prefixes -  0.000 s
[2018.09.19-05.30.37:029][  0]LogStats: UGameplayTagsManager::ConstructGameplayTagTree: Construct from data asset -  0.000 s
[2018.09.19-05.30.37:029][  0]LogStats: UGameplayTagsManager::ConstructGameplayTagTree: ImportINI -  0.000 s
[2018.09.19-05.30.37:029][  0]LogStats: UGameplayTagsManager::ConstructGameplayTagTree: GameplayTagTreeChangedEvent.Broadcast -  0.000 s
[2018.09.19-05.30.37:275][  0]LogFileCache: Scanning file cache for directory 'C:/Users/maxsa/Desktop/Unreal Projects/SteamProject/Content/' took 0.03s
[2018.09.19-05.30.42:733][  0]SourceControl: Source control is disabled
[2018.09.19-05.30.42:733][  0]Cmd: MAP LOAD FILE="C:/Users/maxsa/Desktop/Unreal Projects/SteamProject/Content/Maps/MainMenu.umap" TEMPLATE=0 SHOWPROGRESS=1 FEATURELEVEL=3
[2018.09.19-05.30.42:744][  0]LightingResults: New page: Lighting Build
[2018.09.19-05.30.42:749][  0]MapCheck: New page: Map Check
[2018.09.19-05.30.42:749][  0]LightingResults: New page: Lighting Build
[2018.09.19-05.30.43:645][  0]LogAIModule: Creating AISystem for world MainMenu
[2018.09.19-05.30.43:646][  0]LogEditorServer: Finished looking for orphan Actors (0.000 secs)
[2018.09.19-05.30.43:665][  0]Cmd: MAP CHECKDEP NOCLEARLOG
[2018.09.19-05.30.43:715][  0]MapCheck: Map check complete: 0 Error(s), 0 Warning(s), took 49.335ms to complete.
[2018.09.19-05.30.43:715][  0]LogFileHelpers: Loading map 'MainMenu' took 0.982
[2018.09.19-05.30.44:038][  0]LogSlate: Updating window title bar state: overlay mode, drag disabled, window buttons hidden, title bar hidden
[2018.09.19-05.30.44:049][  0]LogSlate: Updating window title bar state: overlay mode, drag disabled, window buttons hidden, title bar hidden
[2018.09.19-05.30.44:060][  0]LogSlate: Updating window title bar state: overlay mode, drag disabled, window buttons hidden, title bar hidden
[2018.09.19-05.30.44:069][  0]LogSlate: Updating window title bar state: overlay mode, drag disabled, window buttons hidden, title bar hidden
[2018.09.19-05.30.44:152][  0]LogCollectionManager: Loaded 0 collections in 0.003199 seconds
[2018.09.19-05.30.44:199][  0]LogFileCache: Scanning file cache for directory 'C:/Users/maxsa/Desktop/Unreal Projects/SteamProject/Saved/Collections/' took 0.01s
[2018.09.19-05.30.44:199][  0]LogFileCache: Scanning file cache for directory 'C:/Users/maxsa/Desktop/Unreal Projects/SteamProject/Content/Developers/maxsa/Collections/' took 0.01s
[2018.09.19-05.30.44:199][  0]LogFileCache: Scanning file cache for directory 'C:/Users/maxsa/Desktop/Unreal Projects/SteamProject/Content/Collections/' took 0.01s
[2018.09.19-05.30.44:199][  0]LogCollectionManager: Rebuilt the GUID cache for 0 collections in 0.000000 seconds
[2018.09.19-05.30.44:208][  0]LogContentBrowser: Native class hierarchy populated in 0.0087 seconds. Added 2575 classes and 607 folders.
[2018.09.19-05.30.44:214][  0]LogContentBrowser: Native class hierarchy updated for 'WidgetCarousel' in 0.0002 seconds. Added 0 classes and 0 folders.
[2018.09.19-05.30.45:910][  0]LogContentBrowser: Native class hierarchy updated for 'AddContentDialog' in 0.0005 seconds. Added 0 classes and 0 folders.
[2018.09.19-05.30.46:000][  0]LogContentBrowser: Native class hierarchy updated for 'SceneOutliner' in 0.0004 seconds. Added 1 classes and 2 folders.
[2018.09.19-05.30.46:066][  0]LogSlate: Took 0.019941 seconds to synchronously load lazily loaded font '../../../Engine/Content/Slate/Fonts/Roboto-Regular.ttf' (155K)
[2018.09.19-05.30.46:101][  0]LogSlate: Took 0.034112 seconds to synchronously load lazily loaded font '../../../Engine/Content/Slate/Fonts/Roboto-Bold.ttf' (160K)
[2018.09.19-05.30.46:127][  0]LogSlate: Took 0.018408 seconds to synchronously load lazily loaded font '../../../Engine/Content/Editor/Slate/Fonts/FontAwesome.ttf' (139K)
[2018.09.19-05.30.46:570][  0]LogRenderer: Reallocating scene render targets to support 1208x576 Format 10 NumSamples 1 (Frame:1).
[2018.09.19-05.30.46:792][  0]LogContentBrowser: Native class hierarchy updated for 'HierarchicalLODOutliner' in 0.0005 seconds. Added 0 classes and 0 folders.
[2018.09.19-05.30.46:792][  0]LogLoad: (Engine Initialization) Total time: 112.63 seconds
[2018.09.19-05.30.46:792][  0]LogLoad: (Engine Initialization) Total Blueprint compile time: 0.00 seconds
[2018.09.19-05.30.46:834][  0]LogContentStreaming: Texture pool size now 1000 MB
[2018.09.19-05.30.46:934][  0]LogSlate: Took 0.026995 seconds to synchronously load lazily loaded font '../../../Engine/Content/Slate/Fonts/Roboto-Light.ttf' (167K)
[2018.09.19-05.30.47:012][  2]LogAssetRegistry: Asset discovery search completed in 51.6933 seconds
[2018.09.19-05.30.47:014][  2]LogCollectionManager: Rebuilt the object cache for 0 collections in 0.000001 seconds (found 0 objects)
[2018.09.19-05.30.47:014][  2]LogCollectionManager: Fixed up redirectors for 0 collections in 0.000068 seconds (updated 0 objects)
[2018.09.19-05.30.49:857][  6]LogSlate: Took 0.000249 seconds to synchronously load lazily loaded font '../../../Engine/Content/Slate/Fonts/Roboto-Light.ttf' (167K)
[2018.09.19-05.30.49:869][  6]LogAssetEditorManager: Opening Asset editor for WidgetBlueprint /Game/UI/AllLevels/ChatWindow.ChatWindow
[2018.09.19-05.30.50:790][  6]LogContentBrowser: Native class hierarchy updated for 'BlueprintGraph' in 0.0007 seconds. Added 116 classes and 0 folders.
[2018.09.19-05.30.51:994][  6]LogAssetEditorManager: Opening Asset editor for Blueprint /Game/Blueprints/Gameplay/GameplayGM.GameplayGM
[2018.09.19-05.30.52:707][  6]LogSlate: Took 0.047352 seconds to synchronously load lazily loaded font '../../../Engine/Content/Slate/Fonts/Roboto-BoldCondensed.ttf' (158K)
[2018.09.19-05.30.53:090][  7]LogSlate: Took 0.022897 seconds to synchronously load lazily loaded font '../../../Engine/Content/Slate/Fonts/Roboto-Italic.ttf' (157K)
[2018.09.19-05.34.55:845][503]LogSlate: FSceneViewport::OnFocusLost() reason 0
[2018.09.19-05.35.01:225][102]LogAssetEditorManager: Opening Asset editor for WidgetBlueprint /Game/UI/MainMenu/ErrorDialog.ErrorDialog
[2018.09.19-05.35.03:250][206]LogSlate: Window 'ErrorDialog' being destroyed
[2018.09.19-05.36.06:986][742]LogSlate: Took 0.111891 seconds to synchronously load lazily loaded font '../../../Engine/Content/Slate/Fonts/DroidSansFallback.ttf' (3848K)
[2018.09.19-05.37.55:425][609]LogSlate: Window 'Color Picker' being destroyed
[2018.09.19-05.38.07:167][609]BlueprintLog: New page: Compile ErrorDialog
[2018.09.19-05.38.07:764][640]Cmd: OBJ SAVEPACKAGE PACKAGE="/Game/UI/MainMenu/ErrorDialog" FILE="C:/Users/maxsa/Desktop/Unreal Projects/SteamProject/Content/UI/MainMenu/ErrorDialog.uasset" SILENT=true
[2018.09.19-05.38.07:807][640]LogSavePackage: Moving 'C:/Users/maxsa/Desktop/Unreal Projects/SteamProject/Saved/ErrorDialogA84B340B414237CBA45A0B8EC99DA4FB.tmp' to 'C:/Users/maxsa/Desktop/Unreal Projects/SteamProject/Content/UI/MainMenu/ErrorDialog.uasset'
[2018.09.19-05.38.11:696][815]Cmd: OBJ SAVEPACKAGE PACKAGE="/Game/UI/MainMenu/ErrorDialog" FILE="C:/Users/maxsa/Desktop/Unreal Projects/SteamProject/Content/UI/MainMenu/ErrorDialog.uasset" SILENT=true
[2018.09.19-05.38.11:722][815]LogSavePackage: Moving 'C:/Users/maxsa/Desktop/Unreal Projects/SteamProject/Saved/ErrorDialogF142D7E34FABE3D748692289A0112B76.tmp' to 'C:/Users/maxsa/Desktop/Unreal Projects/SteamProject/Content/UI/MainMenu/ErrorDialog.uasset'
[2018.09.19-05.41.18:978][ 36]Cmd: OBJ SAVEPACKAGE PACKAGE="/Game/UI/MainMenu/ErrorDialog" FILE="C:/Users/maxsa/Desktop/Unreal Projects/SteamProject/Content/UI/MainMenu/ErrorDialog.uasset" SILENT=true
[2018.09.19-05.41.19:012][ 36]LogSavePackage: Moving 'C:/Users/maxsa/Desktop/Unreal Projects/SteamProject/Saved/ErrorDialogCFA7E16F428CD846C86BBD8408F38A9E.tmp' to 'C:/Users/maxsa/Desktop/Unreal Projects/SteamProject/Content/UI/MainMenu/ErrorDialog.uasset'
[2018.09.19-05.41.20:242][183]BlueprintLog: New page: Compile ErrorDialog
[2018.09.19-05.41.20:676][228]Cmd: OBJ SAVEPACKAGE PACKAGE="/Game/UI/MainMenu/ErrorDialog" FILE="C:/Users/maxsa/Desktop/Unreal Projects/SteamProject/Content/UI/MainMenu/ErrorDialog.uasset" SILENT=true
[2018.09.19-05.41.20:705][228]LogSavePackage: Moving 'C:/Users/maxsa/Desktop/Unreal Projects/SteamProject/Saved/ErrorDialogCF51E9ED454A0F00D4DCB083F9DD6498.tmp' to 'C:/Users/maxsa/Desktop/Unreal Projects/SteamProject/Content/UI/MainMenu/ErrorDialog.uasset'
[2018.09.19-05.42.09:548][365]BlueprintLog: New page: Compile ErrorDialog
[2018.09.19-05.42.10:221][438]Cmd: OBJ SAVEPACKAGE PACKAGE="/Game/UI/MainMenu/ErrorDialog" FILE="C:/Users/maxsa/Desktop/Unreal Projects/SteamProject/Content/UI/MainMenu/ErrorDialog.uasset" SILENT=true
[2018.09.19-05.42.10:256][438]LogSavePackage: Moving 'C:/Users/maxsa/Desktop/Unreal Projects/SteamProject/Saved/ErrorDialog5B06E9804FA13A1C1F52508A72001A90.tmp' to 'C:/Users/maxsa/Desktop/Unreal Projects/SteamProject/Content/UI/MainMenu/ErrorDialog.uasset'
[2018.09.19-05.59.01:910][331]LogSlate: Window 'SteamProject - Unreal Editor' being destroyed
[2018.09.19-05.59.02:104][332]Cmd: QUIT_EDITOR
[2018.09.19-05.59.02:127][332]LogWindowsTextInputMethodSystem: Display: IME system now deactivated.
[2018.09.19-05.59.02:138][332]LogExit: Preparing to exit.
[2018.09.19-05.59.03:209][332]LogExit: Editor shut down
[2018.09.19-05.59.03:209][332]LogExit: Transaction tracking system shut down
[2018.09.19-05.59.03:720][332]LogExit: Object subsystem successfully closed.
[2018.09.19-05.59.03:733][332]LogShaderCompilers: Display: Shaders left to compile 0
[2018.09.19-05.59.03:736][332]LogD3D11RHI: Shutdown
[2018.09.19-05.59.03:736][332]LogD3D11RHI: CleanupD3DDevice
[2018.09.19-05.59.03:737][332]LogD3D11RHI: ~FD3D11DynamicRHI
[2018.09.19-05.59.03:748][332]LogModuleManager: Shutting down and abandoning module SequencerWidgets (616)
[2018.09.19-05.59.03:748][332]LogModuleManager: Shutting down and abandoning module BlueprintGraph (614)
[2018.09.19-05.59.03:748][332]LogModuleManager: Shutting down and abandoning module HierarchicalLODOutliner (612)
[2018.09.19-05.59.03:748][332]LogModuleManager: Shutting down and abandoning module SceneOutliner (610)
[2018.09.19-05.59.03:748][332]LogModuleManager: Shutting down and abandoning module AddContentDialog (608)
[2018.09.19-05.59.03:749][332]LogModuleManager: Shutting down and abandoning module WidgetCarousel (607)
[2018.09.19-05.59.03:749][332]LogModuleManager: Shutting down and abandoning module EditorWidgets (604)
[2018.09.19-05.59.03:749][332]LogModuleManager: Shutting down and abandoning module CollectionManager (602)
[2018.09.19-05.59.03:749][332]LogModuleManager: Shutting down and abandoning module StatsViewer (600)
[2018.09.19-05.59.03:749][332]LogModuleManager: Shutting down and abandoning module FoliageEdit (598)
[2018.09.19-05.59.03:749][332]LogModuleManager: Shutting down and abandoning module LandscapeEditor (596)
[2018.09.19-05.59.03:749][332]LogModuleManager: Shutting down and abandoning module MeshPaintMode (594)
[2018.09.19-05.59.03:749][332]LogModuleManager: Shutting down and abandoning module SceneDepthPickerMode (592)
[2018.09.19-05.59.03:749][332]LogModuleManager: Shutting down and abandoning module ActorPickerMode (590)
[2018.09.19-05.59.03:749][332]LogModuleManager: Shutting down and abandoning module GeometryMode (588)
[2018.09.19-05.59.03:749][332]LogModuleManager: Shutting down and abandoning module TextureAlignMode (586)
[2018.09.19-05.59.03:749][332]LogModuleManager: Shutting down and abandoning module BspMode (584)
[2018.09.19-05.59.03:749][332]LogModuleManager: Shutting down and abandoning module PIEPreviewDeviceProfileSelector (582)
[2018.09.19-05.59.03:749][332]LogModuleManager: Shutting down and abandoning module SequenceRecorderSections (580)
[2018.09.19-05.59.03:749][332]LogModuleManager: Shutting down and abandoning module AutomationWorker (578)
[2018.09.19-05.59.03:749][332]LogModuleManager: Shutting down and abandoning module AudioCaptureEditor (576)
[2018.09.19-05.59.03:749][332]LogModuleManager: Shutting down and abandoning module SequenceRecorder (575)
[2018.09.19-05.59.03:749][332]LogModuleManager: Shutting down and abandoning module MatineeToLevelSequence (572)
[2018.09.19-05.59.03:749][332]LogModuleManager: Shutting down and abandoning module LevelSequenceEditor (570)
[2018.09.19-05.59.03:749][332]LogModuleManager: Shutting down and abandoning module PlacementMode (569)
[2018.09.19-05.59.03:750][332]LogModuleManager: Shutting down and abandoning module MaterialEditor (568)
[2018.09.19-05.59.03:750][332]LogModuleManager: Shutting down and abandoning module WmfMediaFactory (564)
[2018.09.19-05.59.03:750][332]LogModuleManager: Shutting down and abandoning module WmfMediaEditor (562)
[2018.09.19-05.59.03:750][332]LogModuleManager: Shutting down and abandoning module MediaPlayerEditor (560)
[2018.09.19-05.59.03:750][332]LogModuleManager: Shutting down and abandoning module OpenExrWrapper (558)
[2018.09.19-05.59.03:750][332]LogModuleManager: Shutting down and abandoning module ImgMediaFactory (556)
[2018.09.19-05.59.03:750][332]LogModuleManager: Shutting down and abandoning module ImgMediaEditor (554)
[2018.09.19-05.59.03:750][332]LogModuleManager: Shutting down and abandoning module AvfMediaFactory (552)
[2018.09.19-05.59.03:750][332]LogModuleManager: Shutting down and abandoning module AvfMediaEditor (550)
[2018.09.19-05.59.03:750][332]LogModuleManager: Shutting down and abandoning module AndroidMediaFactory (548)
[2018.09.19-05.59.03:750][332]LogModuleManager: Shutting down and abandoning module AndroidMediaEditor (546)
[2018.09.19-05.59.03:750][332]LogModuleManager: Shutting down and abandoning module MagicLeapCameraPreviewFactory (544)
[2018.09.19-05.59.03:750][332]LogModuleManager: Shutting down and abandoning module MagicLeapMediaFactory (542)
[2018.09.19-05.59.03:750][332]LogModuleManager: Shutting down and abandoning module MagicLeapMediaEditor (540)
[2018.09.19-05.59.03:750][332]LogModuleManager: Shutting down and abandoning module CharacterAI (538)
[2018.09.19-05.59.03:750][332]LogModuleManager: Shutting down and abandoning module SmartSnapping (536)
[2018.09.19-05.59.03:750][332]LogModuleManager: Shutting down and abandoning module SessionServices (534)
[2018.09.19-05.59.03:750][332]LogModuleManager: Shutting down and abandoning module ViewportSnapping (532)
[2018.09.19-05.59.03:750][332]LogModuleManager: Shutting down and abandoning module ViewportInteraction (530)
[2018.09.19-05.59.03:750][332]LogModuleManager: Shutting down and abandoning module ClothPainter (528)
[2018.09.19-05.59.03:750][332]LogModuleManager: Shutting down and abandoning module SkeletalMeshEditor (527)
[2018.09.19-05.59.03:750][332]LogModuleManager: Shutting down and abandoning module LogVisualizer (524)
[2018.09.19-05.59.03:750][332]LogModuleManager: Shutting down and abandoning module IntroTutorials (522)
[2018.09.19-05.59.03:750][332]LogModuleManager: Shutting down and abandoning module GameProjectGeneration (521)
[2018.09.19-05.59.03:750][332]LogModuleManager: Shutting down and abandoning module LuminPlatformEditor (518)
[2018.09.19-05.59.03:750][332]LogModuleManager: Shutting down and abandoning module IOSPlatformEditor (516)
[2018.09.19-05.59.03:750][332]LogModuleManager: Shutting down and abandoning module HTML5PlatformEditor (514)
[2018.09.19-05.59.03:750][332]LogModuleManager: Shutting down and abandoning module AndroidPlatformEditor (512)
[2018.09.19-05.59.03:750][332]LogModuleManager: Shutting down and abandoning module AndroidDeviceDetection (511)
[2018.09.19-05.59.04:245][332]LogModuleManager: Shutting down and abandoning module WindowsPlatformEditor (508)
[2018.09.19-05.59.04:245][332]LogModuleManager: Shutting down and abandoning module LuminRuntimeSettings (506)
[2018.09.19-05.59.04:245][332]LogModuleManager: Shutting down and abandoning module IOSRuntimeSettings (504)
[2018.09.19-05.59.04:245][332]LogModuleManager: Shutting down and abandoning module AndroidRuntimeSettings (502)
[2018.09.19-05.59.04:245][332]LogModuleManager: Shutting down and abandoning module InputBindingEditor (500)
[2018.09.19-05.59.04:245][332]LogModuleManager: Shutting down and abandoning module MergeActors (498)
[2018.09.19-05.59.04:245][332]LogModuleManager: Shutting down and abandoning module LocalizationDashboard (496)
[2018.09.19-05.59.04:245][332]LogModuleManager: Shutting down and abandoning module LocalizationService (495)
[2018.09.19-05.59.04:245][332]LogModuleManager: Shutting down and abandoning module HardwareTargeting (492)
[2018.09.19-05.59.04:245][332]LogModuleManager: Shutting down and abandoning module DeviceProfileEditor (490)
[2018.09.19-05.59.04:245][332]LogModuleManager: Shutting down and abandoning module UndoHistory (488)
[2018.09.19-05.59.04:245][332]LogModuleManager: Shutting down and abandoning module XmlParser (486)
[2018.09.19-05.59.04:245][332]LogModuleManager: Shutting down and abandoning module Blutility (484)
[2018.09.19-05.59.04:245][332]LogModuleManager: Shutting down and abandoning module ProjectSettingsViewer (482)
[2018.09.19-05.59.04:246][332]LogModuleManager: Shutting down and abandoning module ProjectTargetPlatformEditor (481)
[2018.09.19-05.59.04:246][332]LogModuleManager: Shutting down and abandoning module EditorSettingsViewer (478)
[2018.09.19-05.59.04:246][332]LogModuleManager: Shutting down and abandoning module SettingsEditor (476)
[2018.09.19-05.59.04:246][332]LogModuleManager: Shutting down and abandoning module ProjectLauncher (474)
[2018.09.19-05.59.04:246][332]LogModuleManager: Shutting down and abandoning module SessionFrontend (472)
[2018.09.19-05.59.04:246][332]LogModuleManager: Shutting down and abandoning module ProfilerClient (470)
[2018.09.19-05.59.04:246][332]LogModuleManager: Shutting down and abandoning module DeviceManager (468)
[2018.09.19-05.59.04:246][332]LogModuleManager: Shutting down and abandoning module TargetDeviceServices (467)
[2018.09.19-05.59.04:301][332]LogModuleManager: Shutting down and abandoning module AutomationController (464)
[2018.09.19-05.59.04:301][332]LogModuleManager: Shutting down and abandoning module AutomationWindow (462)
[2018.09.19-05.59.04:301][332]LogModuleManager: Shutting down and abandoning module Layers (460)
[2018.09.19-05.59.04:302][332]LogModuleManager: Shutting down and abandoning module ComponentVisualizers (458)
[2018.09.19-05.59.04:302][332]LogModuleManager: Shutting down and abandoning module DetailCustomizations (456)
[2018.09.19-05.59.04:302][332]LogModuleManager: Shutting down and abandoning module PackagesDialog (454)
[2018.09.19-05.59.04:302][332]LogModuleManager: Shutting down and abandoning module Persona (452)
[2018.09.19-05.59.04:302][332]LogModuleManager: Shutting down and abandoning module AdvancedPreviewScene (451)
[2018.09.19-05.59.04:302][332]LogModuleManager: Shutting down and abandoning module AnimGraph (449)
[2018.09.19-05.59.04:302][332]LogModuleManager: Shutting down and abandoning module Kismet (446)
[2018.09.19-05.59.04:312][332]LogModuleManager: Shutting down and abandoning module GraphEditor (444)
[2018.09.19-05.59.04:312][332]LogModuleManager: Shutting down and abandoning module ClassViewer (442)
[2018.09.19-05.59.04:312][332]LogModuleManager: Shutting down and abandoning module Toolbox (440)
[2018.09.19-05.59.04:313][332]LogModuleManager: Shutting down and abandoning module ModuleUI (438)
[2018.09.19-05.59.04:313][332]LogModuleManager: Shutting down and abandoning module MovieSceneTools (436)
[2018.09.19-05.59.04:313][332]LogModuleManager: Shutting down and abandoning module OutputLog (434)
[2018.09.19-05.59.04:313][332]LogModuleManager: Shutting down and abandoning module GammaUI (432)
[2018.09.19-05.59.04:313][332]LogModuleManager: Shutting down and abandoning module Documentation (430)
[2018.09.19-05.59.04:313][332]LogModuleManager: Shutting down and abandoning module MovieSceneTracks (428)
[2018.09.19-05.59.04:313][332]LogModuleManager: Shutting down and abandoning module MovieScene (426)
[2018.09.19-05.59.04:313][332]LogModuleManager: Shutting down and abandoning module StreamingPauseRendering (424)
[2018.09.19-05.59.04:313][332]LogModuleManager: Shutting down and abandoning module LauncherPlatform (422)
[2018.09.19-05.59.04:313][332]LogModuleManager: Shutting down and abandoning module AnalyticsET (420)
[2018.09.19-05.59.04:313][332]LogModuleManager: Shutting down and abandoning module PortalServices (418)
[2018.09.19-05.59.04:313][332]LogModuleManager: Shutting down and abandoning module PortalRpc (416)
[2018.09.19-05.59.04:313][332]LogModuleManager: Shutting down and abandoning module MessagingRpc (414)
[2018.09.19-05.59.04:313][332]LogModuleManager: Shutting down and abandoning module AIModule (412)
[2018.09.19-05.59.04:314][332]LogModuleManager: Shutting down and abandoning module GameplayDebugger (411)
[2018.09.19-05.59.04:314][332]LogModuleManager: Shutting down and abandoning module AITestSuite (409)
[2018.09.19-05.59.04:314][332]LogModuleManager: Shutting down and abandoning module NavigationSystem (407)
[2018.09.19-05.59.04:314][332]LogModuleManager: Shutting down and abandoning module DesktopPlatform (404)
[2018.09.19-05.59.04:314][332]LogModuleManager: Shutting down and abandoning module ProfilerService (402)
[2018.09.19-05.59.04:347][332]LogModuleManager: Shutting down and abandoning module TaskGraph (400)
[2018.09.19-05.59.04:347][332]LogModuleManager: Shutting down and abandoning module SteamVRController (398)
[2018.09.19-05.59.04:347][332]LogModuleManager: Shutting down and abandoning module ProceduralMeshComponentEditor (396)
[2018.09.19-05.59.04:347][332]LogModuleManager: Shutting down and abandoning module ProceduralMeshComponent (394)
[2018.09.19-05.59.04:347][332]LogModuleManager: Shutting down and abandoning module OculusInput (392)
[2018.09.19-05.59.04:347][332]LogModuleManager: Shutting down and abandoning module MobilePatchingUtils (390)
[2018.09.19-05.59.04:347][332]LogModuleManager: Shutting down and abandoning module EditableMesh (388)
[2018.09.19-05.59.04:347][332]LogModuleManager: Shutting down and abandoning module CustomMeshComponent (386)
[2018.09.19-05.59.04:347][332]LogModuleManager: Shutting down and abandoning module CableComponent (384)
[2018.09.19-05.59.04:347][332]LogModuleManager: Shutting down and abandoning module AudioCapture (382)
[2018.09.19-05.59.04:347][332]LogModuleManager: Shutting down and abandoning module ArchVisCharacter (380)
[2018.09.19-05.59.04:347][332]LogModuleManager: Shutting down and abandoning module AndroidPermission (378)
[2018.09.19-05.59.04:347][332]LogModuleManager: Shutting down and abandoning module NUTUnrealEngine4 (376)
[2018.09.19-05.59.04:347][332]LogModuleManager: Shutting down and abandoning module NetcodeUnitTest (374)
[2018.09.19-05.59.04:348][332]LogModuleManager: Shutting down and abandoning module MediaCompositingEditor (372)
[2018.09.19-05.59.04:348][332]LogModuleManager: Shutting down and abandoning module MediaCompositing (370)
[2018.09.19-05.59.04:348][332]LogModuleManager: Shutting down and abandoning module LinearTimecode (368)
[2018.09.19-05.59.04:348][332]LogModuleManager: Shutting down and abandoning module ImgMedia (366)
[2018.09.19-05.59.04:351][332]LogModuleManager: Shutting down and abandoning module HTML5Networking (364)
[2018.09.19-05.59.04:351][332]LogModuleManager: Shutting down and abandoning module GeometryCacheTracks (362)
[2018.09.19-05.59.04:351][332]LogModuleManager: Shutting down and abandoning module GeometryCacheSequencer (360)
[2018.09.19-05.59.04:351][332]LogModuleManager: Shutting down and abandoning module BackChannel (358)
[2018.09.19-05.59.04:351][332]LogModuleManager: Shutting down and abandoning module AppleVision (356)
[2018.09.19-05.59.04:351][332]LogModuleManager: Shutting down and abandoning module AppleImageUtils (354)
[2018.09.19-05.59.04:351][332]LogModuleManager: Shutting down and abandoning module AlembicImporter (352)
[2018.09.19-05.59.04:351][332]LogModuleManager: Shutting down and abandoning module AlembicLibrary (351)
[2018.09.19-05.59.04:351][332]LogModuleManager: Shutting down and abandoning module GeometryCache (350)
[2018.09.19-05.59.04:351][332]LogModuleManager: Shutting down and abandoning module GeometryCacheEd (349)
[2018.09.19-05.59.04:351][332]LogModuleManager: Shutting down and abandoning module DatasmithContentEditor (344)
[2018.09.19-05.59.04:351][332]LogModuleManager: Shutting down and abandoning module DatasmithContent (342)
[2018.09.19-05.59.04:352][332]LogModuleManager: Shutting down and abandoning module SpeedTreeImporter (340)
[2018.09.19-05.59.04:352][332]LogModuleManager: Shutting down and abandoning module PluginBrowser (338)
[2018.09.19-05.59.04:352][332]LogModuleManager: Shutting down and abandoning module MobileLauncherProfileWizard (336)
[2018.09.19-05.59.04:352][332]LogModuleManager: Shutting down and abandoning module PolygonModeling (334)
[2018.09.19-05.59.04:352][332]LogModuleManager: Shutting down and abandoning module MeshEditor (332)
[2018.09.19-05.59.04:352][332]LogModuleManager: Shutting down and abandoning module CryptoKeysOpenSSL (330)
[2018.09.19-05.59.04:352][332]LogModuleManager: Shutting down and abandoning module CryptoKeys (328)
[2018.09.19-05.59.04:352][332]LogModuleManager: Shutting down and abandoning module VisualStudioSourceCodeAccess (326)
[2018.09.19-05.59.04:352][332]LogModuleManager: Shutting down and abandoning module VisualStudioCodeSourceCodeAccess (324)
[2018.09.19-05.59.04:352][332]LogModuleManager: Shutting down and abandoning module UObjectPlugin (322)
[2018.09.19-05.59.04:352][332]LogModuleManager: Shutting down and abandoning module SubversionSourceControl (320)
[2018.09.19-05.59.04:352][332]LogModuleManager: Shutting down and abandoning module PerforceSourceControl (318)
[2018.09.19-05.59.04:352][332]LogModuleManager: Shutting down and abandoning module GitSourceControl (316)
[2018.09.19-05.59.04:352][332]LogModuleManager: Shutting down and abandoning module SourceControl (315)
[2018.09.19-05.59.04:352][332]LogModuleManager: Shutting down and abandoning module CLionSourceCodeAccess (312)
[2018.09.19-05.59.04:352][332]LogModuleManager: Shutting down and abandoning module LightPropagationVolumeEditor (310)
[2018.09.19-05.59.04:352][332]LogModuleManager: Shutting down and abandoning module PaperTiledImporter (308)
[2018.09.19-05.59.04:352][332]LogModuleManager: Shutting down and abandoning module PaperSpriteSheetImporter (306)
[2018.09.19-05.59.04:352][332]LogModuleManager: Shutting down and abandoning module Paper2DEditor (304)
[2018.09.19-05.59.04:353][332]LogModuleManager: Shutting down and abandoning module MeshPaint (303)
[2018.09.19-05.59.04:353][332]LogModuleManager: Shutting down and abandoning module RuntimePhysXCooking (300)
[2018.09.19-05.59.04:353][332]LogModuleManager: Shutting down and abandoning module PhysXVehiclesEditor (298)
[2018.09.19-05.59.04:353][332]LogModuleManager: Shutting down and abandoning module PhysXVehicles (296)
[2018.09.19-05.59.04:353][332]LogModuleManager: Shutting down and abandoning module OculusEditor (294)
[2018.09.19-05.59.04:353][332]LogModuleManager: Shutting down and abandoning module LocationServicesBPLibrary (292)
[2018.09.19-05.59.04:353][332]LogModuleManager: Shutting down and abandoning module ImmediatePhysicsEditor (290)
[2018.09.19-05.59.04:353][332]LogModuleManager: Shutting down and abandoning module ImmediatePhysics (288)
[2018.09.19-05.59.04:353][332]LogModuleManager: Shutting down and abandoning module ActorSequence (286)
[2018.09.19-05.59.04:353][332]LogModuleManager: Shutting down and abandoning module UdpMessaging (284)
[2018.09.19-05.59.04:454][332]LogModuleManager: Shutting down and abandoning module TcpMessaging (282)
[2018.09.19-05.59.04:555][332]LogModuleManager: Shutting down and abandoning module MagicLeapAudio (280)
[2018.09.19-05.59.04:555][332]LogModuleManager: Shutting down and abandoning module GameplayTagsEditor (278)
[2018.09.19-05.59.04:555][332]LogModuleManager: Shutting down and abandoning module FacialAnimationEditor (276)
[2018.09.19-05.59.04:555][332]LogModuleManager: Shutting down and abandoning module FacialAnimation (274)
[2018.09.19-05.59.04:555][332]LogModuleManager: Shutting down and abandoning module DataValidation (272)
[2018.09.19-05.59.04:555][332]LogModuleManager: Shutting down and abandoning module AssetManagerEditor (270)
[2018.09.19-05.59.04:556][332]LogModuleManager: Shutting down and abandoning module LevelEditor (269)
[2018.09.19-05.59.04:557][332]LogModuleManager: Shutting down and abandoning module PixelInspectorModule (268)
[2018.09.19-05.59.04:557][332]LogModuleManager: Shutting down and abandoning module CommonMenuExtensions (266)
[2018.09.19-05.59.04:557][332]LogModuleManager: Shutting down and abandoning module MainFrame (264)
[2018.09.19-05.59.04:558][332]LogModuleManager: Shutting down and abandoning module HotReload (263)
[2018.09.19-05.59.04:558][332]LogModuleManager: Shutting down and abandoning module ContentBrowser (259)
[2018.09.19-05.59.04:560][332]LogModuleManager: Shutting down and abandoning module TreeMap (257)
[2018.09.19-05.59.04:560][332]LogModuleManager: Shutting down and abandoning module LightPropagationVolumeRuntime (254)
[2018.09.19-05.59.04:560][332]LogModuleManager: Shutting down and abandoning module AISupportModule (252)
[2018.09.19-05.59.04:560][332]LogModuleManager: Shutting down and abandoning module Paper2D (250)
[2018.09.19-05.59.04:560][332]LogModuleManager: Shutting down and abandoning module WindowsMoviePlayer (248)
[2018.09.19-05.59.04:560][332]LogModuleManager: Shutting down and abandoning module WmfMedia (246)
[2018.09.19-05.59.04:562][332]LogModuleManager: Shutting down and abandoning module Media (245)
[2018.09.19-05.59.04:569][332]LogModuleManager: Shutting down and abandoning module PacketHandler (242)
[2018.09.19-05.59.04:569][332]LogModuleManager: Shutting down and abandoning module ClothingSystemEditor (240)
[2018.09.19-05.59.04:569][332]LogModuleManager: Shutting down and abandoning module ClothingSystemRuntime (238)
[2018.09.19-05.59.04:570][332]LogModuleManager: Shutting down and abandoning module MediaAssets (236)
[2018.09.19-05.59.04:570][332]LogModuleManager: Shutting down and abandoning module Overlay (234)
[2018.09.19-05.59.04:570][332]LogModuleManager: Shutting down and abandoning module OverlayEditor (233)
[2018.09.19-05.59.04:570][332]LogModuleManager: Shutting down and abandoning module VREditor (230)
[2018.09.19-05.59.04:570][332]LogModuleManager: Shutting down and abandoning module StringTableEditor (228)
[2018.09.19-05.59.04:570][332]LogModuleManager: Shutting down and abandoning module GameplayTasksEditor (226)
[2018.09.19-05.59.04:570][332]LogModuleManager: Shutting down and abandoning module BehaviorTreeEditor (224)
[2018.09.19-05.59.04:570][332]LogModuleManager: Shutting down and abandoning module FunctionalTesting (222)
[2018.09.19-05.59.04:570][332]LogModuleManager: Shutting down and abandoning module CollisionAnalyzer (220)
[2018.09.19-05.59.04:570][332]LogModuleManager: Shutting down and abandoning module WorkspaceMenuStructure (219)
[2018.09.19-05.59.04:570][332]LogModuleManager: Shutting down and abandoning module UMG (216)
[2018.09.19-05.59.04:570][332]LogModuleManager: Shutting down and abandoning module UMGEditor (215)
[2018.09.19-05.59.04:570][332]LogModuleManager: Shutting down and abandoning module Sequencer (214)
[2018.09.19-05.59.04:571][332]LogModuleManager: Shutting down and abandoning module MessageLog (211)
[2018.09.19-05.59.04:571][332]LogModuleManager: Shutting down and abandoning module SlateReflector (206)
[2018.09.19-05.59.04:571][332]LogModuleManager: Shutting down and abandoning module Slate (204)
[2018.09.19-05.59.04:571][332]LogModuleManager: Shutting down and abandoning module EditorStyle (202)
[2018.09.19-05.59.04:574][332]LogModuleManager: Shutting down and abandoning module MRMesh (200)
[2018.09.19-05.59.04:574][332]LogModuleManager: Shutting down and abandoning module SourceCodeAccess (198)
[2018.09.19-05.59.04:574][332]LogModuleManager: Shutting down and abandoning module HeadMountedDisplay (196)
[2018.09.19-05.59.04:574][332]LogModuleManager: Shutting down and abandoning module XAudio2 (194)
[2018.09.19-05.59.04:574][332]LogModuleManager: Shutting down and abandoning module Networking (192)
[2018.09.19-05.59.04:574][332]LogModuleManager: Shutting down and abandoning module Core (190)
[2018.09.19-05.59.04:574][332]LogModuleManager: Shutting down and abandoning module LevelSequence (188)
[2018.09.19-05.59.04:574][332]LogModuleManager: Shutting down and abandoning module KismetCompiler (186)
[2018.09.19-05.59.04:574][332]LogModuleManager: Shutting down and abandoning module MeshUtilities (184)
[2018.09.19-05.59.04:574][332]LogModuleManager: Shutting down and abandoning module MeshMergeUtilities (183)
[2018.09.19-05.59.04:575][332]LogModuleManager: Shutting down and abandoning module MeshReductionInterface (182)
[2018.09.19-05.59.04:575][332]LogModuleManager: Shutting down and abandoning module SimplygonSwarm (181)
[2018.09.19-05.59.04:575][332]LogModuleManager: Shutting down and abandoning module ProxyLODMeshReduction (179)
[2018.09.19-05.59.04:575][332]LogModuleManager: Shutting down and abandoning module SimplygonMeshReduction (177)
[2018.09.19-05.59.04:575][332]LogModuleManager: Shutting down and abandoning module QuadricMeshReduction (175)
[2018.09.19-05.59.04:575][332]LogModuleManager: Shutting down and abandoning module MaterialBaking (171)
[2018.09.19-05.59.04:575][332]LogModuleManager: Shutting down and abandoning module DirectoryWatcher (167)
[2018.09.19-05.59.04:575][332]LogModuleManager: Shutting down and abandoning module DerivedDataCache (164)
[2018.09.19-05.59.04:603][332]LogDerivedDataCache: Shutdown
[2018.09.19-05.59.04:603][332]LogModuleManager: Shutting down and abandoning module XGEController (162)
[2018.09.19-05.59.04:603][332]LogXGEController: Cleaning working directory: C:/Users/maxsa/AppData/Local/Temp/UnrealXGEWorkingDir/
[2018.09.19-05.59.04:604][332]LogModuleManager: Shutting down and abandoning module TargetPlatform (160)
[2018.09.19-05.59.04:604][332]LogModuleManager: Shutting down and abandoning module VulkanShaderFormat (159)
[2018.09.19-05.59.04:604][332]LogModuleManager: Shutting down and abandoning module ShaderFormatVectorVM (157)
[2018.09.19-05.59.04:604][332]LogModuleManager: Shutting down and abandoning module ShaderFormatOpenGL (155)
[2018.09.19-05.59.04:604][332]LogModuleManager: Shutting down and abandoning module ShaderFormatD3D (153)
[2018.09.19-05.59.04:604][332]LogModuleManager: Shutting down and abandoning module MetalShaderFormat (151)
[2018.09.19-05.59.04:604][332]LogModuleManager: Shutting down and abandoning module TextureFormatUncompressed (149)
[2018.09.19-05.59.04:604][332]LogModuleManager: Shutting down and abandoning module TextureFormatPVR (147)
[2018.09.19-05.59.04:604][332]LogModuleManager: Shutting down and abandoning module TextureFormatDXT (145)
[2018.09.19-05.59.04:604][332]LogModuleManager: Shutting down and abandoning module TextureFormatIntelISPCTexComp (143)
[2018.09.19-05.59.04:604][332]LogModuleManager: Shutting down and abandoning module TextureFormatASTC (141)
[2018.09.19-05.59.04:604][332]LogModuleManager: Shutting down and abandoning module ImageWrapper (140)
[2018.09.19-05.59.04:605][332]LogModuleManager: Shutting down and abandoning module TextureFormatAndroid (137)
[2018.09.19-05.59.04:605][332]LogModuleManager: Shutting down and abandoning module AudioFormatOpus (135)
[2018.09.19-05.59.04:605][332]LogModuleManager: Shutting down and abandoning module AudioFormatOgg (133)
[2018.09.19-05.59.04:605][332]LogModuleManager: Shutting down and abandoning module AudioFormatADPCM (131)
[2018.09.19-05.59.04:605][332]LogModuleManager: Shutting down and abandoning module LuminTargetPlatform (129)
[2018.09.19-05.59.04:605][332]LogModuleManager: Shutting down and abandoning module LinuxTargetPlatform (127)
[2018.09.19-05.59.04:605][332]LogModuleManager: Shutting down and abandoning module LinuxServerTargetPlatform (125)
[2018.09.19-05.59.04:605][332]LogModuleManager: Shutting down and abandoning module LinuxNoEditorTargetPlatform (123)
[2018.09.19-05.59.04:605][332]LogModuleManager: Shutting down and abandoning module LinuxClientTargetPlatform (121)
[2018.09.19-05.59.04:605][332]LogModuleManager: Shutting down and abandoning module TVOSTargetPlatform (119)
[2018.09.19-05.59.04:606][332]LogModuleManager: Shutting down and abandoning module Messaging (117)
[2018.09.19-05.59.04:606][332]LogModuleManager: Shutting down and abandoning module IOSTargetPlatform (115)
[2018.09.19-05.59.04:608][332]LogModuleManager: Shutting down and abandoning module HTML5TargetPlatform (113)
[2018.09.19-05.59.04:608][332]LogModuleManager: Shutting down and abandoning module AndroidTargetPlatform (111)
[2018.09.19-05.59.04:620][332]LogModuleManager: Shutting down and abandoning module WindowsTargetPlatform (109)
[2018.09.19-05.59.04:620][332]LogModuleManager: Shutting down and abandoning module WindowsServerTargetPlatform (107)
[2018.09.19-05.59.04:620][332]LogModuleManager: Shutting down and abandoning module WindowsNoEditorTargetPlatform (105)
[2018.09.19-05.59.04:620][332]LogModuleManager: Shutting down and abandoning module WindowsClientTargetPlatform (103)
[2018.09.19-05.59.04:620][332]LogModuleManager: Shutting down and abandoning module MacTargetPlatform (101)
[2018.09.19-05.59.04:620][332]LogModuleManager: Shutting down and abandoning module MacServerTargetPlatform (99)
[2018.09.19-05.59.04:620][332]LogModuleManager: Shutting down and abandoning module MacNoEditorTargetPlatform (97)
[2018.09.19-05.59.04:620][332]LogModuleManager: Shutting down and abandoning module MacClientTargetPlatform (95)
[2018.09.19-05.59.04:620][332]LogModuleManager: Shutting down and abandoning module AllDesktopTargetPlatform (93)
[2018.09.19-05.59.04:621][332]LogModuleManager: Shutting down and abandoning module InputCore (90)
[2018.09.19-05.59.04:621][332]LogModuleManager: Shutting down and abandoning module Settings (88)
[2018.09.19-05.59.04:621][332]LogModuleManager: Shutting down and abandoning module PhysXCooking (86)
[2018.09.19-05.59.04:621][332]LogModuleManager: Shutting down and abandoning module SteamVR (84)
[2018.09.19-05.59.04:621][332]LogModuleManager: Shutting down and abandoning module OculusHMD (82)
[2018.09.19-05.59.04:621][332]LogModuleManager: Shutting down and abandoning module ExampleDeviceProfileSelector (80)
[2018.09.19-05.59.04:621][332]LogModuleManager: Shutting down and abandoning module LauncherChunkInstaller (78)
[2018.09.19-05.59.04:621][332]LogModuleManager: Shutting down and abandoning module OnlineBlueprintSupport (76)
[2018.09.19-05.59.04:621][332]LogModuleManager: Shutting down and abandoning module OnlineSubsystem (72)
[2018.09.19-05.59.04:638][332]LogModuleManager: Shutting down and abandoning module XMPP (65)
[2018.09.19-05.59.04:638][332]LogModuleManager: Shutting down and abandoning module WebSockets (64)
[2018.09.19-05.59.04:648][332]LogModuleManager: Shutting down and abandoning module HTTP (61)
[2018.09.19-05.59.04:649][332]LogHttp: Display: Http module shutting down, but needs to wait on 1 outstanding Http requests:
[2018.09.19-05.59.04:649][332]LogHttp: Display: 	verb=[POST] url=[https://datarouter.ol.epicgames.com/datarouter/api/v1/public/data?SessionID=%7BDAD7214C-434A-8542-0C6F-53908D252000%7D&AppID=UEEditor.Rocket.Release&AppVersion=4.20.2-4302132%2B%2B%2BUE4%2BRelease-4.20&UserID=9b2d74f540de947067f12f85f0e10fc3%7C121cf0c067fc45bf8a47a34e1f08bd7e%7C6529c761-14eb-4014-bd30-d410aae9a07c&AppEnvironment=datacollector-binary&UploadType=eteventstream] status=Processing
[2018.09.19-05.59.04:660][332]LogModuleManager: Shutting down and abandoning module SSL (60)
[2018.09.19-05.59.04:663][332]LogModuleManager: Shutting down and abandoning module MagicLeapEmulator (56)
[2018.09.19-05.59.04:663][332]LogModuleManager: Shutting down and abandoning module MagicLeapPrivileges (54)
[2018.09.19-05.59.04:663][332]LogModuleManager: Shutting down and abandoning module MagicLeapIdentity (52)
[2018.09.19-05.59.04:663][332]LogModuleManager: Shutting down and abandoning module MagicLeapHelperVulkan (50)
[2018.09.19-05.59.04:663][332]LogModuleManager: Shutting down and abandoning module MagicLeapHelperOpenGL (48)
[2018.09.19-05.59.04:663][332]LogModuleManager: Shutting down and abandoning module MagicLeapSecureStorage (46)
[2018.09.19-05.59.04:663][332]LogModuleManager: Shutting down and abandoning module MagicLeapGestures (44)
[2018.09.19-05.59.04:663][332]LogModuleManager: Shutting down and abandoning module MagicLeapEyeTracker (42)
[2018.09.19-05.59.04:663][332]LogModuleManager: Shutting down and abandoning module MagicLeapController (40)
[2018.09.19-05.59.04:663][332]LogSlate: Slate User Destroyed.  User Index 0, Is Virtual User: 0
[2018.09.19-05.59.04:663][332]LogModuleManager: Shutting down and abandoning module MagicLeap (38)
[2018.09.19-05.59.04:664][332]LogModuleManager: Shutting down and abandoning module AnimationModifiers (36)
[2018.09.19-05.59.04:664][332]LogModuleManager: Shutting down and abandoning module PropertyEditor (35)
[2018.09.19-05.59.04:664][332]LogModuleManager: Shutting down and abandoning module AudioEditor (32)
[2018.09.19-05.59.04:664][332]LogModuleManager: Shutting down and abandoning module TextureCompressor (30)
[2018.09.19-05.59.04:665][332]LogModuleManager: Shutting down and abandoning module ShaderCore (28)
[2018.09.19-05.59.04:665][332]LogModuleManager: Shutting down and abandoning module Landscape (26)
[2018.09.19-05.59.04:665][332]LogModuleManager: Shutting down and abandoning module SlateRHIRenderer (24)
[2018.09.19-05.59.04:666][332]LogModuleManager: Shutting down and abandoning module OpenGLDrv (22)
[2018.09.19-05.59.04:666][332]LogModuleManager: Shutting down and abandoning module D3D11RHI (20)
[2018.09.19-05.59.04:666][332]LogModuleManager: Shutting down and abandoning module AnimGraphRuntime (18)
[2018.09.19-05.59.04:667][332]LogModuleManager: Shutting down and abandoning module Renderer (16)
[2018.09.19-05.59.04:667][332]LogModuleManager: Shutting down and abandoning module Engine (14)
[2018.09.19-05.59.04:667][332]LogModuleManager: Shutting down and abandoning module CoreUObject (12)
[2018.09.19-05.59.04:667][332]LogModuleManager: Shutting down and abandoning module NetworkFile (10)
[2018.09.19-05.59.04:667][332]LogModuleManager: Shutting down and abandoning module CookedIterativeFile (8)
[2018.09.19-05.59.04:667][332]LogModuleManager: Shutting down and abandoning module StreamingFile (6)
[2018.09.19-05.59.04:667][332]LogModuleManager: Shutting down and abandoning module SandboxFile (4)
[2018.09.19-05.59.04:667][332]LogModuleManager: Shutting down and abandoning module PakFile (2)
[2018.09.19-05.59.04:674][332]LogExit: Exiting.
[2018.09.19-05.59.04:677][332]Log file closed, 09/19/18 01:59:04
