Log file open, 09/12/18 02:16:54
LogWindows: Failed to load 'aqProf.dll' (GetLastError=126)
LogWindows: File 'aqProf.dll' does not exist
LogWindows: Failed to load 'VSPerf140.dll' (GetLastError=126)
LogWindows: File 'VSPerf140.dll' does not exist
LogWindows: Failed to load 'VtuneApi.dll' (GetLastError=126)
LogWindows: File 'VtuneApi.dll' does not exist
LogWindows: Failed to load 'VtuneApi32e.dll' (GetLastError=126)
LogWindows: File 'VtuneApi32e.dll' does not exist
LogInit: Display: Running engine for game: SteamProject
LogPlatformFile: Not using cached read wrapper
LogTaskGraph: Started task graph with 5 named threads and 14 total threads with 3 sets of task threads.
LogStats: Stats thread started at 15.286468
LogD3D11RHI: Loaded GFSDK_Aftermath_Lib.x64.dll
LogICUInternationalization: Display: ICU TimeZone Detection - Raw Offset: -5:00, Platform Override: ''
LogPluginManager: Mounting plugin Paper2D
LogPluginManager: Mounting plugin AISupport
LogPluginManager: Mounting plugin LightPropagationVolume
LogPluginManager: Mounting plugin CLionSourceCodeAccess
LogPluginManager: Mounting plugin CodeLiteSourceCodeAccess
LogPluginManager: Mounting plugin GitSourceControl
LogPluginManager: Mounting plugin KDevelopSourceCodeAccess
LogPluginManager: Mounting plugin NullSourceCodeAccess
LogPluginManager: Mounting plugin PerforceSourceControl
LogPluginManager: Mounting plugin SubversionSourceControl
LogPluginManager: Mounting plugin UObjectPlugin
LogPluginManager: Mounting plugin VisualStudioCodeSourceCodeAccess
LogPluginManager: Mounting plugin VisualStudioSourceCodeAccess
LogPluginManager: Mounting plugin XCodeSourceCodeAccess
LogPluginManager: Mounting plugin AssetManagerEditor
LogPluginManager: Mounting plugin CryptoKeys
LogPluginManager: Mounting plugin DataValidation
LogPluginManager: Mounting plugin FacialAnimation
LogPluginManager: Mounting plugin GameplayTagsEditor
LogPluginManager: Mounting plugin MacGraphicsSwitching
LogPluginManager: Mounting plugin MeshEditor
LogPluginManager: Mounting plugin MobileLauncherProfileWizard
LogPluginManager: Mounting plugin PluginBrowser
LogPluginManager: Mounting plugin SpeedTreeImporter
LogPluginManager: Mounting plugin DatasmithContent
LogPluginManager: Mounting plugin AlembicImporter
LogPluginManager: Mounting plugin AppleImageUtils
LogPluginManager: Mounting plugin AppleVision
LogPluginManager: Mounting plugin BackChannel
LogPluginManager: Mounting plugin CharacterAI
LogPluginManager: Mounting plugin GeometryCache
LogPluginManager: Mounting plugin HTML5Networking
LogPluginManager: Mounting plugin ProxyLODPlugin
LogPluginManager: Mounting plugin MagicLeap
LogPluginManager: Mounting plugin MagicLeapEmulator
LogPluginManager: Mounting plugin MagicLeapMedia
LogPluginManager: Mounting plugin AndroidMedia
LogPluginManager: Mounting plugin AvfMedia
LogPluginManager: Mounting plugin ImgMedia
LogPluginManager: Mounting plugin LinearTimecode
LogPluginManager: Mounting plugin MediaCompositing
LogPluginManager: Mounting plugin MediaPlayerEditor
LogPluginManager: Mounting plugin WmfMedia
LogPluginManager: Mounting plugin TcpMessaging
LogPluginManager: Mounting plugin UdpMessaging
LogPluginManager: Mounting plugin ActorSequence
LogPluginManager: Mounting plugin LevelSequenceEditor
LogPluginManager: Mounting plugin MatineeToLevelSequence
LogPluginManager: Mounting plugin NetcodeUnitTest
LogPluginManager: Mounting plugin NUTUnrealEngine4
LogPluginManager: Mounting plugin OnlineSubsystemGooglePlay
LogPluginManager: Mounting plugin OnlineSubsystemIOS
LogPluginManager: Mounting plugin OnlineSubsystem
LogPluginManager: Mounting plugin OnlineSubsystemNull
LogPluginManager: Mounting plugin OnlineSubsystemSteam
LogPluginManager: Mounting plugin OnlineSubsystemUtils
LogPluginManager: Mounting plugin LauncherChunkInstaller
LogPluginManager: Mounting plugin AndroidDeviceProfileSelector
LogPluginManager: Mounting plugin AndroidMoviePlayer
LogPluginManager: Mounting plugin AndroidPermission
LogPluginManager: Mounting plugin AppleMoviePlayer
LogPluginManager: Mounting plugin ArchVisCharacter
LogPluginManager: Mounting plugin AudioCapture
LogPluginManager: Mounting plugin CableComponent
LogPluginManager: Mounting plugin CustomMeshComponent
LogPluginManager: Mounting plugin EditableMesh
LogPluginManager: Mounting plugin ExampleDeviceProfileSelector
LogPluginManager: Mounting plugin GoogleCloudMessaging
LogPluginManager: Mounting plugin ImmediatePhysics
LogPluginManager: Mounting plugin IOSDeviceProfileSelector
LogPluginManager: Mounting plugin LinuxDeviceProfileSelector
LogPluginManager: Mounting plugin LocationServicesBPLibrary
LogPluginManager: Mounting plugin MobilePatchingUtils
LogPluginManager: Mounting plugin OculusVR
LogPluginManager: Plugin shader directory ../../../Engine/Plugins/Runtime/Oculus/OculusVR/Shaders found
LogPluginManager: Mapping shader source directory ../../../Engine/Plugins/Runtime/Oculus/OculusVR/Shaders to virtual directory /Plugin/OculusVR
LogPluginManager: Mounting plugin PhysXVehicles
LogPluginManager: Mounting plugin ProceduralMeshComponent
LogPluginManager: Mounting plugin RuntimePhysXCooking
LogPluginManager: Mounting plugin SteamVR
LogPluginManager: Mounting plugin WindowsMoviePlayer
LogStreaming: Display: Took  0.223s to configure plugins.
LogInit: Using libcurl 7.55.1-DEV
LogInit:  - built for x86_64-pc-win32
LogInit:  - supports SSL with OpenSSL/1.0.2h
LogInit:  - supports HTTP deflate (compression) using libz 1.2.8
LogInit:  - other features:
LogInit:      CURL_VERSION_SSL
LogInit:      CURL_VERSION_LIBZ
LogInit:      CURL_VERSION_IPV6
LogInit:      CURL_VERSION_ASYNCHDNS
LogInit:      CURL_VERSION_LARGEFILE
LogInit:      CURL_VERSION_IDN
LogInit:  CurlRequestOptions (configurable via config and command line):
LogInit:  - bVerifyPeer = false  - Libcurl will NOT verify peer certificate
LogInit:  - bUseHttpProxy = false  - Libcurl will NOT use HTTP proxy
LogInit:  - bDontReuseConnections = false  - Libcurl will reuse connections
LogInit:  - CertBundlePath = nullptr  - Libcurl will use whatever was configured at build time.
LogInit:  - MaxHostConnections = 16  - Libcurl will limit the number of connections to a host
LogInit:  - LocalHostAddr = Default
LogInit:  - BufferSize = 65536
LogOnline: Display: STEAM: Loading Steam SDK 1.39
LogOnline: Warning: STEAM: Steam API disabled!
LogOnline: Display: STEAM: OnlineSubsystemSteam::Shutdown()
LogInit: WinSock: version 1.1 (2.2), MaxSocks=32767, MaxUdp=65467
LogInit: Build: ++UE4+Release-4.20-CL-4302132
LogInit: Engine Version: 4.20.2-4302132+++UE4+Release-4.20
LogInit: Compatible Engine Version: 4.20.0-4212847+++UE4+Release-4.20
LogInit: Net CL: 4212847
LogInit: OS: Windows 10 (), CPU:        Intel(R) Core(TM) i5-3570K CPU @ 3.40GHz, GPU: NVIDIA GeForce GTX 1070
LogInit: Compiled (64-bit): Aug 21 2018 02:06:06
LogInit: Compiled with Visual C++: 19.13.26129.00
LogInit: Build Configuration: Development
LogInit: Branch Name: ++UE4+Release-4.20
LogInit: Command Line:  
LogInit: Base Directory: E:/UE_4.20/Engine/Binaries/Win64/
LogInit: Installed Engine Build: 1
LogDevObjectVersion: Number of dev versions registered: 20
LogDevObjectVersion:   Dev-Blueprints (B0D832E4-1F89-4F0D-ACCF-7EB736FD4AA2): 10
LogDevObjectVersion:   Dev-Build (E1C64328-A22C-4D53-A36C-8E866417BD8C): 0
LogDevObjectVersion:   Dev-Core (375EC13C-06E4-48FB-B500-84F0262A717E): 2
LogDevObjectVersion:   Dev-Editor (E4B068ED-F494-42E9-A231-DA0B2E46BB41): 24
LogDevObjectVersion:   Dev-Framework (CFFC743F-43B0-4480-9391-14DF171D2073): 34
LogDevObjectVersion:   Dev-Mobile (B02B49B5-BB20-44E9-A304-32B752E40360): 2
LogDevObjectVersion:   Dev-Networking (A4E4105C-59A1-49B5-A7C5-40C4547EDFEE): 0
LogDevObjectVersion:   Dev-Online (39C831C9-5AE6-47DC-9A44-9C173E1C8E7C): 0
LogDevObjectVersion:   Dev-Physics (78F01B33-EBEA-4F98-B9B4-84EACCB95AA2): 0
LogDevObjectVersion:   Dev-Platform (6631380F-2D4D-43E0-8009-CF276956A95A): 0
LogDevObjectVersion:   Dev-Rendering (12F88B9F-8875-4AFC-A67C-D90C383ABD29): 26
LogDevObjectVersion:   Dev-Sequencer (7B5AE74C-D270-4C10-A958-57980B212A5A): 9
LogDevObjectVersion:   Dev-VR (D7296918-1DD6-4BDD-9DE2-64A83CC13884): 2
LogDevObjectVersion:   Dev-LoadTimes (C2A15278-BFE7-4AFE-6C17-90FF531DF755): 1
LogDevObjectVersion:   Private-Geometry (6EACA3D4-40EC-4CC1-B786-8BED09428FC5): 3
LogDevObjectVersion:   Dev-AnimPhys (29E575DD-E0A3-4627-9D10-D276232CDCEA): 17
LogDevObjectVersion:   Dev-ReflectionCapture (6B266CEC-1EC7-4B8F-A30B-E4D90942FC07): 1
LogDevObjectVersion:   Dev-Automation (0DF73D61-A23F-47EA-B727-89E90C41499A): 1
LogDevObjectVersion:   FortniteMain (601D1886-AC64-4F84-AA16-D3DE0DEAC7D6): 12
LogDevObjectVersion:   Dev-Enterprise (9DFFBCD6-494F-0158-E221-12823C92A888): 1
LogStreaming: Display: Took  0.002s to delete old logs.
LogInit: Presizing for max 8388607 objects, including 0 objects not considered by GC, pre-allocating 0 bytes for permanent pool.
LogInit: Object subsystem initialized
[2018.09.12-06.17.03:478][  0]LogInit: Selected Device Profile: [Windows]
[2018.09.12-06.17.03:478][  0]LogInit: Applying CVar settings loaded from the selected device profile: [Windows]
[2018.09.12-06.17.03:514][  0]LogHAL: Display: Platform has ~ 16 GB [17128337408 / 17179869184 / 16], which maps to Larger [LargestMinGB=32, LargerMinGB=12, DefaultMinGB=8, SmallerMinGB=6, SmallestMinGB=0)
[2018.09.12-06.17.03:514][  0]LogInit: Setting Device Profile CVar: [[r.Vulkan.UseRealUBs:1]]
[2018.09.12-06.17.03:514][  0]LogInit: Going up to parent DeviceProfile []
[2018.09.12-06.17.03:534][  0]LogInit: Computer: MAX-PC
[2018.09.12-06.17.03:535][  0]LogInit: User: maxsa
[2018.09.12-06.17.03:535][  0]LogInit: CPU Page size=4096, Cores=4
[2018.09.12-06.17.03:535][  0]LogInit: High frequency timer resolution =3.320336 MHz
[2018.09.12-06.17.03:535][  0]LogMemory: Memory total: Physical=16.0GB (16GB approx)
[2018.09.12-06.17.03:535][  0]LogMemory: Platform Memory Stats for Windows
[2018.09.12-06.17.03:535][  0]LogMemory: Process Physical Memory: 99.66 MB used, 99.66 MB peak
[2018.09.12-06.17.03:535][  0]LogMemory: Process Virtual Memory: 90.80 MB used, 90.80 MB peak
[2018.09.12-06.17.03:535][  0]LogMemory: Physical Memory: 8728.11 MB used,  7606.75 MB free, 16334.86 MB total
[2018.09.12-06.17.03:535][  0]LogMemory: Virtual Memory: 4627.98 MB used,  7606.75 MB free, 134217728.00 MB total
[2018.09.12-06.17.07:200][  0]LogInit: Using OS detected language (en-US).
[2018.09.12-06.17.07:200][  0]LogInit: Using OS detected locale (en-CA).
[2018.09.12-06.17.07:422][  0]LogTextLocalizationManager: No specific localization for 'en-US' exists, so the 'en' localization will be used.
[2018.09.12-06.17.12:073][  0]LogStreaming: Display: Took  4.873s to InitEngineTextLocalization.
[2018.09.12-06.17.12:073][  0]LogInit: Setting process to per monitor DPI aware
[2018.09.12-06.17.12:815][  0]LogSlate: New Slate User Created.  User Index 0, Is Virtual User: 0
[2018.09.12-06.17.12:815][  0]LogSlate: Slate User Registered.  User Index 0, Is Virtual User: 0
[2018.09.12-06.17.20:260][  0]LogHMD: Failed to initialize OpenVR with code 105
[2018.09.12-06.17.20:260][  0]LogD3D11RHI: D3D11 adapters:
[2018.09.12-06.17.20:361][  0]LogD3D11RHI:    0. 'NVIDIA GeForce GTX 1070' (Feature Level 11_0)
[2018.09.12-06.17.20:361][  0]LogD3D11RHI:       8088/0/8167 MB DedicatedVideo/DedicatedSystem/SharedSystem, Outputs:2, VendorId:0x10de
[2018.09.12-06.17.20:364][  0]LogD3D11RHI:    1. 'Microsoft Basic Render Driver' (Feature Level 11_0)
[2018.09.12-06.17.20:364][  0]LogD3D11RHI:       0/0/8167 MB DedicatedVideo/DedicatedSystem/SharedSystem, Outputs:0, VendorId:0x1414
[2018.09.12-06.17.20:364][  0]LogD3D11RHI: Chosen D3D11 Adapter: 0
[2018.09.12-06.17.20:371][  0]LogD3D11RHI: Creating new Direct3DDevice
[2018.09.12-06.17.20:371][  0]LogD3D11RHI:     GPU DeviceId: 0x1b81 (for the marketing name, search the web for "GPU Device Id")
[2018.09.12-06.17.20:371][  0]LogWindows: EnumDisplayDevices:
[2018.09.12-06.17.20:372][  0]LogWindows:    0. 'NVIDIA GeForce GTX 1070' (P:1 D:1)
[2018.09.12-06.17.20:372][  0]LogWindows:    1. 'NVIDIA GeForce GTX 1070' (P:0 D:1)
[2018.09.12-06.17.20:372][  0]LogWindows:    2. 'NVIDIA GeForce GTX 1070' (P:0 D:0)
[2018.09.12-06.17.20:372][  0]LogWindows:    3. 'NVIDIA GeForce GTX 1070' (P:0 D:0)
[2018.09.12-06.17.20:372][  0]LogWindows: DebugString: FoundDriverCount:4 
[2018.09.12-06.17.20:372][  0]LogD3D11RHI:     Adapter Name: NVIDIA GeForce GTX 1070
[2018.09.12-06.17.20:372][  0]LogD3D11RHI:   Driver Version: 399.24 (internal:24.21.13.9924, unified:399.24)
[2018.09.12-06.17.20:372][  0]LogD3D11RHI:      Driver Date: 9-5-2018
[2018.09.12-06.17.20:372][  0]LogRHI: Texture pool is 5661 MB (70% of 8088 MB)
[2018.09.12-06.17.20:447][  0]LogD3D11RHI: Async texture creation enabled
[2018.09.12-06.17.20:491][  0]LogD3D11RHI: GPU Timing Frequency: 1000.000000 (Debug: 2 2)
[2018.09.12-06.17.20:535][  0]LogShaderCompilers: Guid format shader working directory is -4 characters bigger than the processId version (C:/Users/maxsa/Desktop/Unreal Projects/SteamProject/Intermediate/Shaders/WorkingDirectory/864/).
[2018.09.12-06.17.20:535][  0]LogShaderCompilers: Cleaned the shader compiler working directory 'C:/Users/maxsa/AppData/Local/Temp/UnrealShaderWorkingDir/5D5B84294E37A869E1BCCEBE496DF1A3/'.
[2018.09.12-06.17.23:035][  0]LogTemp: Display: Loaded TP AllDesktopTargetPlatform
[2018.09.12-06.17.23:048][  0]LogTemp: Display: Loaded TP MacClientTargetPlatform
[2018.09.12-06.17.23:062][  0]LogTemp: Display: Loaded TP MacNoEditorTargetPlatform
[2018.09.12-06.17.23:075][  0]LogTemp: Display: Loaded TP MacServerTargetPlatform
[2018.09.12-06.17.23:090][  0]LogTemp: Display: Loaded TP MacTargetPlatform
[2018.09.12-06.17.23:103][  0]LogTemp: Display: Loaded TP WindowsClientTargetPlatform
[2018.09.12-06.17.23:116][  0]LogTemp: Display: Loaded TP WindowsNoEditorTargetPlatform
[2018.09.12-06.17.23:128][  0]LogTemp: Display: Loaded TP WindowsServerTargetPlatform
[2018.09.12-06.17.23:134][  0]LogTemp: Display: Loaded TP WindowsTargetPlatform
[2018.09.12-06.17.23:215][  0]LogTemp: Display: Loaded TP AndroidTargetPlatform
[2018.09.12-06.17.23:215][  0]LogTemp: Display: Loaded TP AndroidTargetPlatform
[2018.09.12-06.17.23:215][  0]LogTemp: Display: Loaded TP AndroidTargetPlatform
[2018.09.12-06.17.23:215][  0]LogTemp: Display: Loaded TP AndroidTargetPlatform
[2018.09.12-06.17.23:215][  0]LogTemp: Display: Loaded TP AndroidTargetPlatform
[2018.09.12-06.17.23:215][  0]LogTemp: Display: Loaded TP AndroidTargetPlatform
[2018.09.12-06.17.23:215][  0]LogTemp: Display: Loaded TP AndroidTargetPlatform
[2018.09.12-06.17.23:215][  0]LogTemp: Display: Loaded TP AndroidTargetPlatform
[2018.09.12-06.17.23:215][  0]LogTemp: Display: Loaded TP AndroidTargetPlatform
[2018.09.12-06.17.23:215][  0]LogTemp: Display: Loaded TP AndroidTargetPlatform
[2018.09.12-06.17.23:215][  0]LogTemp: Display: Loaded TP AndroidTargetPlatform
[2018.09.12-06.17.23:215][  0]LogTemp: Display: Loaded TP AndroidTargetPlatform
[2018.09.12-06.17.23:215][  0]LogTemp: Display: Loaded TP AndroidTargetPlatform
[2018.09.12-06.17.23:215][  0]LogTemp: Display: Loaded TP AndroidTargetPlatform
[2018.09.12-06.17.23:215][  0]LogTemp: Display: Loaded TP AndroidTargetPlatform
[2018.09.12-06.17.23:215][  0]LogTemp: Display: Loaded TP AndroidTargetPlatform
[2018.09.12-06.17.23:215][  0]LogTemp: Display: Loaded TP AndroidTargetPlatform
[2018.09.12-06.17.23:215][  0]LogTemp: Display: Loaded TP AndroidTargetPlatform
[2018.09.12-06.17.23:216][  0]LogTemp: Display: Loaded TP HTML5TargetPlatform
[2018.09.12-06.17.23:491][  0]LogTemp: Display: Loaded TP IOSTargetPlatform
[2018.09.12-06.17.23:491][  0]LogTemp: Display: Loaded TP IOSTargetPlatform
[2018.09.12-06.17.23:538][  0]LogTemp: Display: Loaded TP TVOSTargetPlatform
[2018.09.12-06.17.23:538][  0]LogTemp: Display: Loaded TP TVOSTargetPlatform
[2018.09.12-06.17.23:601][  0]LogTemp: Display: Loaded TP LinuxClientTargetPlatform
[2018.09.12-06.17.23:643][  0]LogTemp: Display: Loaded TP LinuxNoEditorTargetPlatform
[2018.09.12-06.17.23:711][  0]LogTemp: Display: Loaded TP LinuxServerTargetPlatform
[2018.09.12-06.17.23:772][  0]LogTemp: Display: Loaded TP LinuxTargetPlatform
[2018.09.12-06.17.23:842][  0]LogTemp: Display: Loaded TP LuminTargetPlatform
[2018.09.12-06.17.23:842][  0]LogTargetPlatformManager: Display: Building Assets For Windows
[2018.09.12-06.17.27:993][  0]LogXGEController: Cleaning working directory: C:/Users/maxsa/AppData/Local/Temp/UnrealXGEWorkingDir/
[2018.09.12-06.17.27:994][  0]LogXGEController: Cannot use XGE Controller as Incredibuild is not installed on this machine.
[2018.09.12-06.17.27:994][  0]LogShaderCompilers: Cannot use XGE Shader Compiler as Incredibuild is not installed on this machine.
[2018.09.12-06.17.27:994][  0]LogShaderCompilers: Display: Using Local Shader Compiler.
[2018.09.12-06.17.37:685][  0]LogDerivedDataCache: Display: Max Cache Size: 512 MB
[2018.09.12-06.17.37:685][  0]LogDerivedDataCache: Display: Starting with empty Boot cache
[2018.09.12-06.17.37:686][  0]LogDerivedDataCache: FDerivedDataBackendGraph:  Pak pak cache file C:/Users/maxsa/Desktop/Unreal Projects/SteamProject/DerivedDataCache/DDC.ddp not found, will not use a pak cache.
[2018.09.12-06.17.37:686][  0]LogDerivedDataCache: Unable to find inner node Pak for hierarchical cache Hierarchy.
[2018.09.12-06.17.37:686][  0]LogDerivedDataCache: FDerivedDataBackendGraph:  CompressedPak pak cache file C:/Users/maxsa/Desktop/Unreal Projects/SteamProject/DerivedDataCache/Compressed.ddp not found, will not use a pak cache.
[2018.09.12-06.17.37:686][  0]LogDerivedDataCache: Unable to find inner node CompressedPak for hierarchical cache Hierarchy.
[2018.09.12-06.17.37:903][  0]LogDerivedDataCache: Display: Pak cache opened for reading ../../../Engine/DerivedDataCache/Compressed.ddp.
[2018.09.12-06.17.37:916][  0]LogDerivedDataCache: Using Local data cache path C:/Users/maxsa/AppData/Local/UnrealEngine/Common/DerivedDataCache: Writable
[2018.09.12-06.17.37:916][  0]LogDerivedDataCache: Shared data cache path not found in *engine.ini, will not use an Shared cache.
[2018.09.12-06.17.37:916][  0]LogDerivedDataCache: Unable to find inner node Shared for hierarchical cache Hierarchy.
[2018.09.12-06.17.39:655][  0]LogMaterial: Verifying Global Shaders for PCD3D_SM5
[2018.09.12-06.17.40:015][  0]LogSlate: Using FreeType 2.6.0
[2018.09.12-06.17.40:285][  0]LogSlate: SlateFontServices - WITH_FREETYPE: 1, WITH_HARFBUZZ: 1
[2018.09.12-06.17.42:129][  0]LogAssetRegistry: FAssetRegistry took 0.1595 seconds to start up
[2018.09.12-06.18.01:191][  0]LogInit: Selected Device Profile: [Windows]
[2018.09.12-06.18.15:905][  0]LogSimplygon: Simplygon DLL not present - disabling.
[2018.09.12-06.18.18:453][  0]LogMeshReduction: Using SimplygonSwarm for distributed automatic mesh merging
[2018.09.12-06.18.18:466][  0]LogMeshReduction: Using ProxyLODMeshReduction for automatic mesh merging
[2018.09.12-06.18.18:478][  0]LogMeshReduction: Using QuadricMeshReduction for automatic static mesh reduction
[2018.09.12-06.18.18:478][  0]LogMeshReduction: No automatic skeletal mesh reduction module available
[2018.09.12-06.18.22:127][  0]LogNetVersion: SteamProject 1.0.0, NetCL: 4212847, EngineNetVer: 5, GameNetVer: 0 (Checksum: 43773174)
[2018.09.12-06.18.49:336][  0]LogDerivedDataCache: FFileSystemDerivedDataBackend: Move collision, attempt at redundant update, OK C:/Users/maxsa/AppData/Local/UnrealEngine/Common/DerivedDataCache/4/0/2/MESHDATAKEY_STATICMESH_42190ADE250046AC958045C7DA930FECA3E9E442F5784050BCAF878E4E80EE44_A969A2F1F26F637DF998C96EE0162401.udd.
[2018.09.12-06.18.49:336][  0]LogDerivedDataCache: FFileSystemDerivedDataBackend: Move collision, attempt at redundant update, OK C:/Users/maxsa/AppData/Local/UnrealEngine/Common/DerivedDataCache/0/6/0/MESHDATAKEY_STATICMESH_42190ADE250046AC958045C7DA930FECA3E9E442F5784050BCAF878E4E80EE44_7E6F17A5E0B96E25BD275F48EE7DCDA6.udd.
[2018.09.12-06.18.49:336][  0]LogDerivedDataCache: FFileSystemDerivedDataBackend: Move collision, attempt at redundant update, OK C:/Users/maxsa/AppData/Local/UnrealEngine/Common/DerivedDataCache/4/5/2/MESHDATAKEY_STATICMESH_42190ADE250046AC958045C7DA930FECA3E9E442F5784050BCAF878E4E80EE44_353103AD67DEC9491804D317650AE223.udd.
[2018.09.12-06.18.49:336][  0]LogDerivedDataCache: FFileSystemDerivedDataBackend: Move collision, attempt at redundant update, OK C:/Users/maxsa/AppData/Local/UnrealEngine/Common/DerivedDataCache/6/8/9/MESHDATAKEY_STATICMESH_42190ADE250046AC958045C7DA930FECA3E9E442F5784050BCAF878E4E80EE44_8E83C5FF1A10FB13A03C876E0F730EB8.udd.
[2018.09.12-06.18.49:336][  0]LogDerivedDataCache: FFileSystemDerivedDataBackend: Move collision, attempt at redundant update, OK C:/Users/maxsa/AppData/Local/UnrealEngine/Common/DerivedDataCache/8/8/4/MESHDATAKEY_STATICMESH_42190ADE250046AC958045C7DA930FECA3E9E442F5784050BCAF878E4E80EE44_37A8596F0D217239CEF009A0CFD8671E.udd.
[2018.09.12-06.18.49:336][  0]LogDerivedDataCache: FFileSystemDerivedDataBackend: Move collision, attempt at redundant update, OK C:/Users/maxsa/AppData/Local/UnrealEngine/Common/DerivedDataCache/2/4/1/MESHDATAKEY_STATICMESH_42190ADE250046AC958045C7DA930FECA3E9E442F5784050BCAF878E4E80EE44_1587ADF86410945E315603F244E6639C.udd.
[2018.09.12-06.18.49:336][  0]LogDerivedDataCache: FFileSystemDerivedDataBackend: Move collision, attempt at redundant update, OK C:/Users/maxsa/AppData/Local/UnrealEngine/Common/DerivedDataCache/6/8/5/MESHDATAKEY_STATICMESH_42190ADE250046AC958045C7DA930FECA3E9E442F5784050BCAF878E4E80EE44_F7E3DC0BC06AE383274EE089B59D1845.udd.
[2018.09.12-06.18.49:336][  0]LogDerivedDataCache: FFileSystemDerivedDataBackend: Move collision, attempt at redundant update, OK C:/Users/maxsa/AppData/Local/UnrealEngine/Common/DerivedDataCache/4/1/6/MESHDATAKEY_STATICMESH_42190ADE250046AC958045C7DA930FECA3E9E442F5784050BCAF878E4E80EE44_D4285B847286BB52BFF48D8A80B7C241.udd.
[2018.09.12-06.18.49:336][  0]LogDerivedDataCache: FFileSystemDerivedDataBackend: Move collision, attempt at redundant update, OK C:/Users/maxsa/AppData/Local/UnrealEngine/Common/DerivedDataCache/1/7/5/MESHDATAKEY_STATICMESH_42190ADE250046AC958045C7DA930FECA3E9E442F5784050BCAF878E4E80EE44_9562EB1DD0AC9739813D7AD0F3CEAC48.udd.
[2018.09.12-06.18.49:336][  0]LogDerivedDataCache: FFileSystemDerivedDataBackend: Move collision, attempt at redundant update, OK C:/Users/maxsa/AppData/Local/UnrealEngine/Common/DerivedDataCache/8/3/7/MESHDATAKEY_STATICMESH_42190ADE250046AC958045C7DA930FECA3E9E442F5784050BCAF878E4E80EE44_8F8EA9BE7DB777580F37295B5436FC44.udd.
[2018.09.12-06.18.49:336][  0]LogDerivedDataCache: FFileSystemDerivedDataBackend: Move collision, attempt at redundant update, OK C:/Users/maxsa/AppData/Local/UnrealEngine/Common/DerivedDataCache/5/9/9/MESHDATAKEY_STATICMESH_42190ADE250046AC958045C7DA930FECA3E9E442F5784050BCAF878E4E80EE44_EA83E7EF0318AD996D03555C77635D5F.udd.
[2018.09.12-06.18.49:336][  0]LogAssetRegistry: Error: Failed to open file for write C:/Users/maxsa/Desktop/Unreal Projects/SteamProject/Intermediate/AssetRegistryCache/2657c409.bin
[2018.09.12-06.18.49:352][  0]LogAssetRegistry: Error: Failed to open file for write C:/Users/maxsa/Desktop/Unreal Projects/SteamProject/Intermediate/AssetRegistryCache/866581fd.bin
[2018.09.12-06.18.49:369][  0]LogAssetRegistry: Error: Failed to open file for write C:/Users/maxsa/Desktop/Unreal Projects/SteamProject/Intermediate/AssetRegistryCache/8c0e1344.bin
[2018.09.12-06.18.49:378][  0]LogAssetRegistry: Error: Failed to open file for write C:/Users/maxsa/Desktop/Unreal Projects/SteamProject/Intermediate/AssetRegistryCache/c9e91a3f.bin
[2018.09.12-06.18.49:385][  0]LogAssetRegistry: Error: Failed to open file for write C:/Users/maxsa/Desktop/Unreal Projects/SteamProject/Intermediate/AssetRegistryCache/30e2b9c2.bin
[2018.09.12-06.18.49:393][  0]LogAssetRegistry: Error: Failed to open file for write C:/Users/maxsa/Desktop/Unreal Projects/SteamProject/Intermediate/AssetRegistryCache/50a675f9.bin
[2018.09.12-06.18.49:399][  0]LogAssetRegistry: Error: Failed to open file for write C:/Users/maxsa/Desktop/Unreal Projects/SteamProject/Intermediate/AssetRegistryCache/8e9331e2.bin
[2018.09.12-06.18.49:406][  0]LogAssetRegistry: Error: Failed to open file for write C:/Users/maxsa/Desktop/Unreal Projects/SteamProject/Intermediate/AssetRegistryCache/12424d50.bin
[2018.09.12-06.18.49:410][  0]LogAssetRegistry: Error: Failed to open file for write C:/Users/maxsa/Desktop/Unreal Projects/SteamProject/Intermediate/AssetRegistryCache/44c3f9c9.bin
[2018.09.12-06.18.49:418][  0]LogAssetRegistry: Error: Failed to open file for write C:/Users/maxsa/Desktop/Unreal Projects/SteamProject/Intermediate/AssetRegistryCache/cef2e191.bin
[2018.09.12-06.18.49:425][  0]LogAssetRegistry: Error: Failed to open file for write C:/Users/maxsa/Desktop/Unreal Projects/SteamProject/Intermediate/AssetRegistryCache/bf121eca.bin
[2018.09.12-06.18.49:432][  0]LogPackageLocalizationCache: Processed 11 localized package path(s) for 2 prioritized culture(s) in 0.383580 seconds
[2018.09.12-06.18.49:601][  0]LogUObjectArray: 38456 objects as part of root set at end of initial load.
[2018.09.12-06.18.49:601][  0]LogUObjectAllocator: 6702904 out of 0 bytes used by permanent object pool.
[2018.09.12-06.18.49:627][  0]LogUObjectArray: CloseDisregardForGC: 0/0 objects in disregard for GC pool
[2018.09.12-06.19.45:418][  0]LogTcpMessaging: Initializing TcpMessaging bridge
[2018.09.12-06.19.45:505][  0]LogUdpMessaging: Initializing bridge on interface 0.0.0.0:0 to multicast group 230.0.0.1:6666.
[2018.09.12-06.19.56:950][  0]SourceControl: Source control is disabled
[2018.09.12-06.19.57:035][  0]SourceControl: Source control is disabled
[2018.09.12-06.19.58:088][  0]SourceControl: Source control is disabled
[2018.09.12-06.19.58:519][  0]SourceControl: Source control is disabled
[2018.09.12-06.20.10:201][  0]LogAndroidPermission: UAndroidPermissionCallbackProxy::GetInstance
[2018.09.12-06.20.11:631][  0]LogOcInput: OculusInput pre-init called
[2018.09.12-06.20.16:525][  0]LogEngine: Initializing Engine...
[2018.09.12-06.20.16:877][  0]LogHMD: Failed to initialize OpenVR with code 105
[2018.09.12-06.20.17:199][  0]LogStats: UGameplayTagsManager::ConstructGameplayTagTree: ImportINI prefixes -  0.037 s
[2018.09.12-06.20.17:199][  0]LogStats: UGameplayTagsManager::ConstructGameplayTagTree: Construct from data asset -  0.000 s
[2018.09.12-06.20.17:217][  0]LogStats: UGameplayTagsManager::ConstructGameplayTagTree: ImportINI -  0.018 s
[2018.09.12-06.20.17:241][  0]LogStats: UGameplayTagsManager::ConstructGameplayTagTree: GameplayTagTreeChangedEvent.Broadcast -  0.024 s
[2018.09.12-06.20.23:102][  0]LogInit: Initializing FReadOnlyCVARCache
[2018.09.12-06.20.25:256][  0]LogAIModule: Creating AISystem for world Untitled
[2018.09.12-06.20.26:208][  0]LogInit: XAudio2 using 'Headphones (Realtek High Definition Audio)' : 2 channels at 48 kHz using 32 bits per sample (channel mask 0x3)
[2018.09.12-06.20.26:243][  0]LogInit: FAudioDevice initialized.
[2018.09.12-06.20.26:253][  0]LogNetVersion: Set ProjectVersion to 1.0.0.0. Version Checksum will be recalculated on next use.
[2018.09.12-06.20.26:295][  0]LogDerivedDataCache: Saved boot cache 0.04s 81MB C:/Users/maxsa/AppData/Local/UnrealEngine/4.20/DerivedDataCache/Boot.ddc.
[2018.09.12-06.20.26:300][  0]LogInit: Texture streaming: Enabled
[2018.09.12-06.20.26:925][  0]LogEngineSessionManager: EngineSessionManager initialized
[2018.09.12-06.20.27:496][  0]LogInit: Transaction tracking system initialized
[2018.09.12-06.20.29:932][  0]BlueprintLog: New page: Editor Load
[2018.09.12-06.20.38:398][  0]LocalizationService: Localization service is disabled
[2018.09.12-06.20.50:160][  0]LogFileCache: Scanning file cache for directory 'C:/Users/maxsa/Desktop/Unreal Projects/SteamProject/Content/' took 0.05s
[2018.09.12-06.20.50:160][  0]LogCook: Display: Max memory allowance for cook 16384mb min free memory 0mb
[2018.09.12-06.20.50:202][  0]LogCook: Display: Mobile HDR setting 1
[2018.09.12-06.20.50:372][  0]LogGameplayTags: Display: UGameplayTagsManager::DoneAddingNativeTags. DelegateIsBound: 0
[2018.09.12-06.20.50:458][  0]LogStats: UGameplayTagsManager::ConstructGameplayTagTree: ImportINI prefixes -  0.000 s
[2018.09.12-06.20.50:458][  0]LogStats: UGameplayTagsManager::ConstructGameplayTagTree: Construct from data asset -  0.000 s
[2018.09.12-06.20.50:458][  0]LogStats: UGameplayTagsManager::ConstructGameplayTagTree: ImportINI -  0.000 s
[2018.09.12-06.20.50:458][  0]LogStats: UGameplayTagsManager::ConstructGameplayTagTree: GameplayTagTreeChangedEvent.Broadcast -  0.000 s
[2018.09.12-06.20.57:259][  0]LogDerivedDataCache: FFileSystemDerivedDataBackend: Move collision, attempt at redundant update, OK C:/Users/maxsa/AppData/Local/UnrealEngine/Common/DerivedDataCache/8/3/9/MESHDATAKEY_STATICMESH_42190ADE250046AC958045C7DA930FECA3E9E442F5784050BCAF878E4E80EE44_8027C826C57AD83DD7B1640694B248F9.udd.
[2018.09.12-06.20.57:259][  0]LogDerivedDataCache: FFileSystemDerivedDataBackend: Move collision, attempt at redundant update, OK C:/Users/maxsa/AppData/Local/UnrealEngine/Common/DerivedDataCache/0/3/4/MESHDATAKEY_STATICMESH_42190ADE250046AC958045C7DA930FECA3E9E442F5784050BCAF878E4E80EE44_F46ED1FE0BB636E1E1EC3A17DC4099FE.udd.
[2018.09.12-06.21.04:777][  0]SourceControl: Source control is disabled
[2018.09.12-06.21.04:980][  0]Cmd: MAP LOAD FILE="C:/Users/maxsa/Desktop/Unreal Projects/SteamProject/Content/Maps/MainMenu.umap" TEMPLATE=0 SHOWPROGRESS=1 FEATURELEVEL=3
[2018.09.12-06.21.05:181][  0]LightingResults: New page: Lighting Build
[2018.09.12-06.21.06:671][  0]MapCheck: New page: Map Check
[2018.09.12-06.21.06:671][  0]LightingResults: New page: Lighting Build
[2018.09.12-06.21.18:981][  0]LogTexture: Display: Building textures: CharM_Forge_MetalMask (AutoDXT, 2048X2048)
[2018.09.12-06.21.18:981][  0]LogTexture: Display: Building textures: T_CharM_Golden_Mask (AutoDXT, 2048X2048)
[2018.09.12-06.21.18:981][  0]LogTexture: Display: Building textures: T_CharM_Barbarous_MetalMask (DXT1, 2048X2048)
[2018.09.12-06.21.18:981][  0]LogTexture: Display: Building textures: T_MeterGrid_01_M (BGRA8, 2048X2048)
[2018.09.12-06.21.19:449][  0]LogTexture: Display: Building textures: T_CharM_Pit_Mask (AutoDXT, 2048X2048)
[2018.09.12-06.21.19:525][  0]LogAIModule: Creating AISystem for world MainMenu
[2018.09.12-06.21.19:936][  0]LogEditorServer: Finished looking for orphan Actors (0.004 secs)
[2018.09.12-06.21.20:559][  0]Cmd: MAP CHECKDEP NOCLEARLOG
[2018.09.12-06.21.20:808][  0]MapCheck: Map check complete: 0 Error(s), 0 Warning(s), took 248.059ms to complete.
[2018.09.12-06.21.20:856][  0]LogFileHelpers: Loading map 'MainMenu' took 16.052
[2018.09.12-06.21.32:152][  0]LogSlate: Updating window title bar state: overlay mode, drag disabled, window buttons hidden, title bar hidden
[2018.09.12-06.21.32:518][  0]LogSlate: Updating window title bar state: overlay mode, drag disabled, window buttons hidden, title bar hidden
[2018.09.12-06.21.32:534][  0]LogSlate: Updating window title bar state: overlay mode, drag disabled, window buttons hidden, title bar hidden
[2018.09.12-06.21.32:545][  0]LogSlate: Updating window title bar state: overlay mode, drag disabled, window buttons hidden, title bar hidden
[2018.09.12-06.21.33:194][  0]LogCollectionManager: Loaded 0 collections in 0.001863 seconds
[2018.09.12-06.21.34:243][  0]LogFileCache: Scanning file cache for directory 'C:/Users/maxsa/Desktop/Unreal Projects/SteamProject/Saved/Collections/' took 0.01s
[2018.09.12-06.21.34:244][  0]LogFileCache: Scanning file cache for directory 'C:/Users/maxsa/Desktop/Unreal Projects/SteamProject/Content/Developers/maxsa/Collections/' took 0.01s
[2018.09.12-06.21.34:244][  0]LogFileCache: Scanning file cache for directory 'C:/Users/maxsa/Desktop/Unreal Projects/SteamProject/Content/Collections/' took 0.01s
[2018.09.12-06.21.34:244][  0]LogCollectionManager: Rebuilt the GUID cache for 0 collections in 0.000000 seconds
[2018.09.12-06.21.34:528][  0]LogContentBrowser: Native class hierarchy populated in 0.1209 seconds. Added 2575 classes and 607 folders.
[2018.09.12-06.21.35:207][  0]LogContentBrowser: Native class hierarchy updated for 'WidgetCarousel' in 0.0005 seconds. Added 0 classes and 0 folders.
[2018.09.12-06.21.41:165][  0]LogContentBrowser: Native class hierarchy updated for 'AddContentDialog' in 0.0003 seconds. Added 0 classes and 0 folders.
[2018.09.12-06.21.41:273][  0]LogContentBrowser: Native class hierarchy updated for 'SceneOutliner' in 0.0003 seconds. Added 1 classes and 2 folders.
[2018.09.12-06.21.46:239][  0]LogSlate: Took 0.051333 seconds to synchronously load lazily loaded font '../../../Engine/Content/Slate/Fonts/Roboto-Regular.ttf' (155K)
[2018.09.12-06.21.46:442][  0]LogSlate: Took 0.095569 seconds to synchronously load lazily loaded font '../../../Engine/Content/Slate/Fonts/Roboto-Bold.ttf' (160K)
[2018.09.12-06.21.46:690][  0]LogSlate: Took 0.020736 seconds to synchronously load lazily loaded font '../../../Engine/Content/Editor/Slate/Fonts/FontAwesome.ttf' (139K)
[2018.09.12-06.21.49:074][  0]LogRenderer: Reallocating scene render targets to support 1208x576 Format 10 NumSamples 1 (Frame:1).
[2018.09.12-06.21.54:037][  0]LogSlate: FSceneViewport::OnFocusLost() reason 2
[2018.09.12-06.21.54:194][  0]LogSlate: Window 'Tutorials' being destroyed
[2018.09.12-06.21.54:386][  0]LogContentBrowser: Native class hierarchy updated for 'HierarchicalLODOutliner' in 0.0003 seconds. Added 0 classes and 0 folders.
[2018.09.12-06.21.54:386][  0]LogLoad: (Engine Initialization) Total time: 413.28 seconds
[2018.09.12-06.21.54:386][  0]LogLoad: (Engine Initialization) Total Blueprint compile time: 0.00 seconds
[2018.09.12-06.21.55:937][  0]LogContentStreaming: Texture pool size now 1000 MB
[2018.09.12-06.22.20:636][  2]LogTexture: Display: Building textures: T_CharM_Barbarous_D (DXT1, 2048X2048)
[2018.09.12-06.22.20:636][  2]LogTexture: Display: Building textures: T_CharM_Barbarous_N (BC5, 2048X2048)
[2018.09.12-06.22.20:636][  2]LogTexture: Display: Building textures: T_CharM_Base_M (AutoDXT, 1024X1024)
[2018.09.12-06.22.20:636][  2]LogTexture: Display: Building textures: T_CharM_Base_D (DXT1, 1024X1024)
[2018.09.12-06.22.20:636][  2]LogTexture: Display: Building textures: T_CharM_Base_N (BC5, 1024X1024)
[2018.09.12-06.22.20:636][  2]LogTexture: Display: Building textures: T_CharM_Natural_Mask (AutoDXT, 2048X2048)
[2018.09.12-06.22.20:636][  2]LogTexture: Display: Building textures: T_CharM_Natural_D (DXT1, 2048X2048)
[2018.09.12-06.22.20:636][  2]LogDerivedDataCache: FFileSystemDerivedDataBackend: Move collision, attempt at redundant update, OK C:/Users/maxsa/AppData/Local/UnrealEngine/Common/DerivedDataCache/3/4/9/TEXTURE_68A083899C6F4316B8CE0E2958EDE2C2_DXT1_921B1CEE478D3EDEA84BC29B4AF56900__42E3C4B842D2EB2FAFD25E20D259D8A82134A26A.udd.
[2018.09.12-06.22.20:636][  2]LogTexture: Display: Building textures: T_CharM_WarriorB_Mask (AutoDXT, 2048X2048)
[2018.09.12-06.22.20:636][  2]LogTexture: Display: Building textures: frosty (BGRA8, 368X518)
[2018.09.12-06.22.20:636][  2]LogTexture: Display: Building textures: forge (BGRA8, 330X491)
[2018.09.12-06.22.20:636][  2]LogTexture: Display: Building textures: barb (BGRA8, 324X514)
[2018.09.12-06.22.20:636][  2]LogTexture: Display: Building textures: arena02 (BGRA8, 685X539)
[2018.09.12-06.22.20:636][  2]LogTexture: Display: Building textures: arena01 (BGRA8, 556X494)
[2018.09.12-06.22.20:636][  2]LogTexture: Display: Building textures: T_CharM_Pit_N (BC5, 2048X2048)
[2018.09.12-06.22.20:636][  2]LogTexture: Display: Building textures: T_CharM_Pit_D (DXT1, 2048X2048)
[2018.09.12-06.22.20:636][  2]LogTexture: Display: Building textures: T_CharM_Natural_N (AutoDXT, 2048X2048)
[2018.09.12-06.22.32:258][  2]LogTexture: Display: Building textures: T_CharM_WarriorB_D (DXT1, 2048X2048)
[2018.09.12-06.22.32:258][  2]LogTexture: Display: Building textures: T_Char_M_FrostGiant_MaterialMask (AutoDXT, 2048X2048)
[2018.09.12-06.22.32:258][  2]LogTexture: Display: Building textures: T_Char_M_FrostGiant_Masks (AutoDXT, 2048X2048)
[2018.09.12-06.22.32:258][  2]LogTexture: Display: Building textures: T_Char_M_FrostGiant_D (DXT1, 2048X2048)
[2018.09.12-06.22.32:258][  2]LogMaterial: Display: Missing cached shader map for material M_Char_Natural, compiling. 
[2018.09.12-06.22.32:373][  2]LogShaderCompilers: Display: Shaders left to compile 60
[2018.09.12-06.22.32:373][  2]LogShaderCompilers: Display: Shaders left to compile 50
[2018.09.12-06.22.32:373][  2]LogShaderCompilers: Display: Shaders left to compile 40
[2018.09.12-06.22.32:373][  2]LogMaterial: Display: Missing cached shader map for material M_Char_Barbrous, compiling. 
[2018.09.12-06.22.32:488][  2]LogMaterial: Display: Missing cached shader map for material M_CharM_Base, compiling. 
[2018.09.12-06.22.32:880][  2]LogMaterial: Display: Missing cached shader map for material M_Char_Pit, compiling. 
[2018.09.12-06.22.32:931][  2]LogMaterial: Display: Missing cached shader map for material M_Char_FrostGiant, compiling. 
[2018.09.12-06.22.32:986][  2]LogMaterial: Display: Missing cached shader map for material M_Char_Forge, compiling. 
[2018.09.12-06.22.33:167][  2]LogMaterial: Display: Missing cached shader map for material M_Char_Robo, compiling. 
[2018.09.12-06.22.33:315][  2]LogMaterial: Display: Missing cached shader map for material M_Char_Warrior_B, compiling. 
[2018.09.12-06.22.33:495][  2]LogMaterial: Display: Missing cached shader map for material M_Char_Tusk, compiling. 
[2018.09.12-06.22.33:582][  2]LogSlate: Took 0.000167 seconds to synchronously load lazily loaded font '../../../Engine/Content/Slate/Fonts/Roboto-Light.ttf' (167K)
[2018.09.12-06.22.33:988][  2]LogAssetEditorManager: Opening Asset editor for Blueprint /Game/Blueprints/Lobby/LobbyPC.LobbyPC
[2018.09.12-06.22.34:041][  2]LogContentBrowser: Native class hierarchy updated for 'BlueprintGraph' in 0.0007 seconds. Added 116 classes and 0 folders.
[2018.09.12-06.22.45:123][  2]LogAssetEditorManager: Opening Asset editor for WidgetBlueprint /Game/UI/AllLevels/ChatWindow.ChatWindow
[2018.09.12-06.22.47:634][  2]LogAssetEditorManager: Opening Asset editor for WidgetBlueprint /Game/UI/Lobby/LobbyMenu.LobbyMenu
[2018.09.12-06.23.03:967][  2]LogShaderCompilers: Display: Shaders left to compile 510
[2018.09.12-06.23.03:967][  2]LogShaderCompilers: Display: Shaders left to compile 500
[2018.09.12-06.23.03:967][  2]LogShaderCompilers: Display: Shaders left to compile 490
[2018.09.12-06.23.03:967][  2]LogShaderCompilers: Display: Shaders left to compile 480
[2018.09.12-06.23.03:967][  2]LogShaderCompilers: Display: Shaders left to compile 470
[2018.09.12-06.23.03:967][  2]LogShaderCompilers: Display: Shaders left to compile 460
[2018.09.12-06.23.03:967][  2]LogShaderCompilers: Display: Shaders left to compile 450
[2018.09.12-06.23.50:028][  2]LogShaderCompilers: Display: Shaders left to compile 440
[2018.09.12-06.23.50:029][  2]LogShaderCompilers: Display: Shaders left to compile 430
[2018.09.12-06.23.50:029][  2]LogShaderCompilers: Display: Shaders left to compile 420
[2018.09.12-06.23.50:029][  2]LogShaderCompilers: Display: Shaders left to compile 410
[2018.09.12-06.23.50:029][  2]LogShaderCompilers: Display: Shaders left to compile 400
[2018.09.12-06.23.50:029][  2]LogShaderCompilers: Display: Shaders left to compile 390
[2018.09.12-06.23.50:029][  2]LogShaderCompilers: Display: Shaders left to compile 380
[2018.09.12-06.23.50:029][  2]LogShaderCompilers: Display: Shaders left to compile 370
[2018.09.12-06.23.50:029][  2]LogShaderCompilers: Display: Shaders left to compile 360
[2018.09.12-06.23.50:029][  2]LogShaderCompilers: Display: Shaders left to compile 350
[2018.09.12-06.23.50:029][  2]LogShaderCompilers: Display: Shaders left to compile 340
[2018.09.12-06.23.50:029][  2]LogShaderCompilers: Display: Shaders left to compile 330
[2018.09.12-06.23.50:356][  2]LogSlate: Took 0.000185 seconds to synchronously load lazily loaded font '../../../Engine/Content/Slate/Fonts/Roboto-BoldCondensed.ttf' (158K)
[2018.09.12-06.23.53:304][ 13]LogAssetRegistry: Asset discovery search completed in 371.3052 seconds
[2018.09.12-06.23.53:439][ 13]LogCollectionManager: Rebuilt the object cache for 0 collections in 0.000000 seconds (found 0 objects)
[2018.09.12-06.23.53:439][ 13]LogCollectionManager: Fixed up redirectors for 0 collections in 0.000072 seconds (updated 0 objects)
[2018.09.12-06.24.02:435][185]LogShaderCompilers: Display: Shaders left to compile 320
[2018.09.12-06.24.02:659][190]LogShaderCompilers: Display: Shaders left to compile 310
[2018.09.12-06.24.09:920][229]LogShaderCompilers: Display: Shaders left to compile 300
[2018.09.12-06.24.15:859][230]LogShaderCompilers: Display: Shaders left to compile 290
[2018.09.12-06.24.17:964][262]LogShaderCompilers: Display: Shaders left to compile 280
[2018.09.12-06.24.19:210][287]LogShaderCompilers: Display: Shaders left to compile 270
[2018.09.12-06.24.41:730][742]LogShaderCompilers: Display: Shaders left to compile 260
[2018.09.12-06.24.45:338][832]LogShaderCompilers: Display: Shaders left to compile 250
[2018.09.12-06.24.49:740][936]LogShaderCompilers: Display: Shaders left to compile 240
[2018.09.12-06.25.05:752][ 94]LogShaderCompilers: Display: Shaders left to compile 230
[2018.09.12-06.25.05:752][ 94]LogShaderCompilers: Display: Shaders left to compile 220
[2018.09.12-06.25.05:752][ 94]LogShaderCompilers: Display: Shaders left to compile 210
[2018.09.12-06.25.15:118][208]LogShaderCompilers: Display: Shaders left to compile 200
[2018.09.12-06.25.16:754][249]LogShaderCompilers: Display: Shaders left to compile 190
[2018.09.12-06.25.17:467][272]LogSlate: FSceneViewport::OnFocusLost() reason 0
[2018.09.12-06.25.17:921][296]LogSlate: Window 'ChatWindow' being destroyed
[2018.09.12-06.25.30:172][992]LogShaderCompilers: Display: Shaders left to compile 180
[2018.09.12-06.25.34:758][345]LogShaderCompilers: Display: Shaders left to compile 170
[2018.09.12-06.25.52:040][946]LogShaderCompilers: Display: Shaders left to compile 160
[2018.09.12-06.25.52:040][946]LogShaderCompilers: Display: Shaders left to compile 150
[2018.09.12-06.25.52:755][946]LogShaderCompilers: Display: Shaders left to compile 140
[2018.09.12-06.25.52:755][946]LogShaderCompilers: Display: Shaders left to compile 130
[2018.09.12-06.25.53:452][946]LogSlate: Window 'SteamProject - Unreal Editor' being destroyed
[2018.09.12-06.25.53:452][946]LogWindowsTextInputMethodSystem: Display: IME system now deactivated.
[2018.09.12-06.25.59:922][946]LogShaderCompilers: Display: Shaders left to compile 120
[2018.09.12-06.25.59:922][946]LogShaderCompilers: Display: Shaders left to compile 110
[2018.09.12-06.26.00:370][947]Cmd: QUIT_EDITOR
[2018.09.12-06.26.01:014][947]LogExit: Preparing to exit.
[2018.09.12-06.26.02:342][947]LogShaderCompilers: Display: Shaders left to compile 100
[2018.09.12-06.26.02:915][947]LogShaderCompilers: Display: Shaders left to compile 90
[2018.09.12-06.26.03:429][947]LogExit: Editor shut down
[2018.09.12-06.26.03:556][947]LogExit: Transaction tracking system shut down
[2018.09.12-06.26.06:386][947]LogExit: Object subsystem successfully closed.
[2018.09.12-06.26.06:558][947]LogShaderCompilers: Display: Shaders left to compile 0
[2018.09.12-06.26.06:574][947]LogD3D11RHI: Shutdown
[2018.09.12-06.26.06:574][947]LogD3D11RHI: CleanupD3DDevice
[2018.09.12-06.26.06:622][947]LogD3D11RHI: ~FD3D11DynamicRHI
[2018.09.12-06.26.07:630][947]LogModuleManager: Shutting down and abandoning module SequencerWidgets (616)
[2018.09.12-06.26.07:630][947]LogModuleManager: Shutting down and abandoning module BlueprintGraph (614)
[2018.09.12-06.26.07:630][947]LogModuleManager: Shutting down and abandoning module HierarchicalLODOutliner (612)
[2018.09.12-06.26.07:630][947]LogModuleManager: Shutting down and abandoning module SceneOutliner (610)
[2018.09.12-06.26.07:644][947]LogModuleManager: Shutting down and abandoning module AddContentDialog (608)
[2018.09.12-06.26.07:653][947]LogModuleManager: Shutting down and abandoning module WidgetCarousel (607)
[2018.09.12-06.26.07:653][947]LogModuleManager: Shutting down and abandoning module EditorWidgets (604)
[2018.09.12-06.26.07:653][947]LogModuleManager: Shutting down and abandoning module CollectionManager (602)
[2018.09.12-06.26.07:663][947]LogModuleManager: Shutting down and abandoning module StatsViewer (600)
[2018.09.12-06.26.07:666][947]LogModuleManager: Shutting down and abandoning module FoliageEdit (598)
[2018.09.12-06.26.07:671][947]LogModuleManager: Shutting down and abandoning module LandscapeEditor (596)
[2018.09.12-06.26.07:711][947]LogModuleManager: Shutting down and abandoning module MeshPaintMode (594)
[2018.09.12-06.26.07:715][947]LogModuleManager: Shutting down and abandoning module SceneDepthPickerMode (592)
[2018.09.12-06.26.07:715][947]LogModuleManager: Shutting down and abandoning module ActorPickerMode (590)
[2018.09.12-06.26.07:715][947]LogModuleManager: Shutting down and abandoning module GeometryMode (588)
[2018.09.12-06.26.07:715][947]LogModuleManager: Shutting down and abandoning module TextureAlignMode (586)
[2018.09.12-06.26.07:715][947]LogModuleManager: Shutting down and abandoning module BspMode (584)
[2018.09.12-06.26.07:715][947]LogModuleManager: Shutting down and abandoning module PIEPreviewDeviceProfileSelector (582)
[2018.09.12-06.26.07:723][947]LogModuleManager: Shutting down and abandoning module SequenceRecorderSections (580)
[2018.09.12-06.26.07:729][947]LogModuleManager: Shutting down and abandoning module AutomationWorker (578)
[2018.09.12-06.26.07:729][947]LogModuleManager: Shutting down and abandoning module AudioCaptureEditor (576)
[2018.09.12-06.26.07:729][947]LogModuleManager: Shutting down and abandoning module SequenceRecorder (575)
[2018.09.12-06.26.07:738][947]LogModuleManager: Shutting down and abandoning module MatineeToLevelSequence (572)
[2018.09.12-06.26.07:745][947]LogModuleManager: Shutting down and abandoning module LevelSequenceEditor (570)
[2018.09.12-06.26.07:766][947]LogModuleManager: Shutting down and abandoning module PlacementMode (569)
[2018.09.12-06.26.07:766][947]LogModuleManager: Shutting down and abandoning module MaterialEditor (568)
[2018.09.12-06.26.07:804][947]LogModuleManager: Shutting down and abandoning module WmfMediaFactory (564)
[2018.09.12-06.26.07:804][947]LogModuleManager: Shutting down and abandoning module WmfMediaEditor (562)
[2018.09.12-06.26.07:804][947]LogModuleManager: Shutting down and abandoning module MediaPlayerEditor (560)
[2018.09.12-06.26.07:826][947]LogModuleManager: Shutting down and abandoning module OpenExrWrapper (558)
[2018.09.12-06.26.07:826][947]LogModuleManager: Shutting down and abandoning module ImgMediaFactory (556)
[2018.09.12-06.26.07:826][947]LogModuleManager: Shutting down and abandoning module ImgMediaEditor (554)
[2018.09.12-06.26.07:826][947]LogModuleManager: Shutting down and abandoning module AvfMediaFactory (552)
[2018.09.12-06.26.07:826][947]LogModuleManager: Shutting down and abandoning module AvfMediaEditor (550)
[2018.09.12-06.26.07:826][947]LogModuleManager: Shutting down and abandoning module AndroidMediaFactory (548)
[2018.09.12-06.26.07:826][947]LogModuleManager: Shutting down and abandoning module AndroidMediaEditor (546)
[2018.09.12-06.26.07:826][947]LogModuleManager: Shutting down and abandoning module MagicLeapCameraPreviewFactory (544)
[2018.09.12-06.26.07:826][947]LogModuleManager: Shutting down and abandoning module MagicLeapMediaFactory (542)
[2018.09.12-06.26.07:826][947]LogModuleManager: Shutting down and abandoning module MagicLeapMediaEditor (540)
[2018.09.12-06.26.07:826][947]LogModuleManager: Shutting down and abandoning module CharacterAI (538)
[2018.09.12-06.26.07:826][947]LogModuleManager: Shutting down and abandoning module SmartSnapping (536)
[2018.09.12-06.26.07:826][947]LogModuleManager: Shutting down and abandoning module SessionServices (534)
[2018.09.12-06.26.07:826][947]LogModuleManager: Shutting down and abandoning module ViewportSnapping (532)
[2018.09.12-06.26.07:826][947]LogModuleManager: Shutting down and abandoning module ViewportInteraction (530)
[2018.09.12-06.26.07:826][947]LogModuleManager: Shutting down and abandoning module ClothPainter (528)
[2018.09.12-06.26.07:846][947]LogModuleManager: Shutting down and abandoning module SkeletalMeshEditor (527)
[2018.09.12-06.26.07:867][947]LogModuleManager: Shutting down and abandoning module LogVisualizer (524)
[2018.09.12-06.26.07:898][947]LogModuleManager: Shutting down and abandoning module IntroTutorials (522)
[2018.09.12-06.26.07:906][947]LogModuleManager: Shutting down and abandoning module GameProjectGeneration (521)
[2018.09.12-06.26.07:917][947]LogModuleManager: Shutting down and abandoning module LuminPlatformEditor (518)
[2018.09.12-06.26.07:917][947]LogModuleManager: Shutting down and abandoning module IOSPlatformEditor (516)
[2018.09.12-06.26.07:930][947]LogModuleManager: Shutting down and abandoning module HTML5PlatformEditor (514)
[2018.09.12-06.26.07:930][947]LogModuleManager: Shutting down and abandoning module AndroidPlatformEditor (512)
[2018.09.12-06.26.07:930][947]LogModuleManager: Shutting down and abandoning module AndroidDeviceDetection (511)
[2018.09.12-06.26.08:998][947]LogModuleManager: Shutting down and abandoning module WindowsPlatformEditor (508)
[2018.09.12-06.26.08:998][947]LogModuleManager: Shutting down and abandoning module LuminRuntimeSettings (506)
[2018.09.12-06.26.08:998][947]LogModuleManager: Shutting down and abandoning module IOSRuntimeSettings (504)
[2018.09.12-06.26.08:998][947]LogModuleManager: Shutting down and abandoning module AndroidRuntimeSettings (502)
[2018.09.12-06.26.08:998][947]LogModuleManager: Shutting down and abandoning module InputBindingEditor (500)
[2018.09.12-06.26.09:018][947]LogModuleManager: Shutting down and abandoning module MergeActors (498)
[2018.09.12-06.26.09:031][947]LogModuleManager: Shutting down and abandoning module LocalizationDashboard (496)
[2018.09.12-06.26.09:051][947]LogModuleManager: Shutting down and abandoning module LocalizationService (495)
[2018.09.12-06.26.09:059][947]LogModuleManager: Shutting down and abandoning module HardwareTargeting (492)
[2018.09.12-06.26.09:059][947]LogModuleManager: Shutting down and abandoning module DeviceProfileEditor (490)
[2018.09.12-06.26.09:059][947]LogModuleManager: Shutting down and abandoning module UndoHistory (488)
[2018.09.12-06.26.09:069][947]LogModuleManager: Shutting down and abandoning module XmlParser (486)
[2018.09.12-06.26.09:069][947]LogModuleManager: Shutting down and abandoning module Blutility (484)
[2018.09.12-06.26.09:081][947]LogModuleManager: Shutting down and abandoning module ProjectSettingsViewer (482)
[2018.09.12-06.26.09:081][947]LogModuleManager: Shutting down and abandoning module ProjectTargetPlatformEditor (481)
[2018.09.12-06.26.09:081][947]LogModuleManager: Shutting down and abandoning module EditorSettingsViewer (478)
[2018.09.12-06.26.09:081][947]LogModuleManager: Shutting down and abandoning module SettingsEditor (476)
[2018.09.12-06.26.09:114][947]LogModuleManager: Shutting down and abandoning module ProjectLauncher (474)
[2018.09.12-06.26.09:125][947]LogModuleManager: Shutting down and abandoning module SessionFrontend (472)
[2018.09.12-06.26.09:136][947]LogModuleManager: Shutting down and abandoning module ProfilerClient (470)
[2018.09.12-06.26.09:147][947]LogModuleManager: Shutting down and abandoning module DeviceManager (468)
[2018.09.12-06.26.09:158][947]LogModuleManager: Shutting down and abandoning module TargetDeviceServices (467)
[2018.09.12-06.26.09:213][947]LogModuleManager: Shutting down and abandoning module AutomationController (464)
[2018.09.12-06.26.09:225][947]LogModuleManager: Shutting down and abandoning module AutomationWindow (462)
[2018.09.12-06.26.09:246][947]LogModuleManager: Shutting down and abandoning module Layers (460)
[2018.09.12-06.26.09:271][947]LogModuleManager: Shutting down and abandoning module ComponentVisualizers (458)
[2018.09.12-06.26.09:271][947]LogModuleManager: Shutting down and abandoning module DetailCustomizations (456)
[2018.09.12-06.26.09:291][947]LogModuleManager: Shutting down and abandoning module PackagesDialog (454)
[2018.09.12-06.26.09:292][947]LogModuleManager: Shutting down and abandoning module Persona (452)
[2018.09.12-06.26.09:314][947]LogModuleManager: Shutting down and abandoning module AdvancedPreviewScene (451)
[2018.09.12-06.26.09:314][947]LogModuleManager: Shutting down and abandoning module AnimGraph (449)
[2018.09.12-06.26.09:327][947]LogModuleManager: Shutting down and abandoning module Kismet (446)
[2018.09.12-06.26.09:332][947]LogModuleManager: Shutting down and abandoning module GraphEditor (444)
[2018.09.12-06.26.09:332][947]LogModuleManager: Shutting down and abandoning module ClassViewer (442)
[2018.09.12-06.26.09:332][947]LogModuleManager: Shutting down and abandoning module Toolbox (440)
[2018.09.12-06.26.09:332][947]LogModuleManager: Shutting down and abandoning module ModuleUI (438)
[2018.09.12-06.26.09:341][947]LogModuleManager: Shutting down and abandoning module MovieSceneTools (436)
[2018.09.12-06.26.09:345][947]LogModuleManager: Shutting down and abandoning module OutputLog (434)
[2018.09.12-06.26.09:345][947]LogModuleManager: Shutting down and abandoning module GammaUI (432)
[2018.09.12-06.26.09:355][947]LogModuleManager: Shutting down and abandoning module Documentation (430)
[2018.09.12-06.26.09:355][947]LogModuleManager: Shutting down and abandoning module MovieSceneTracks (428)
[2018.09.12-06.26.09:355][947]LogModuleManager: Shutting down and abandoning module MovieScene (426)
[2018.09.12-06.26.09:355][947]LogModuleManager: Shutting down and abandoning module StreamingPauseRendering (424)
[2018.09.12-06.26.09:368][947]LogModuleManager: Shutting down and abandoning module LauncherPlatform (422)
[2018.09.12-06.26.09:368][947]LogModuleManager: Shutting down and abandoning module AnalyticsET (420)
[2018.09.12-06.26.09:368][947]LogModuleManager: Shutting down and abandoning module PortalServices (418)
[2018.09.12-06.26.09:368][947]LogModuleManager: Shutting down and abandoning module PortalRpc (416)
[2018.09.12-06.26.09:368][947]LogModuleManager: Shutting down and abandoning module MessagingRpc (414)
[2018.09.12-06.26.09:369][947]LogModuleManager: Shutting down and abandoning module AIModule (412)
[2018.09.12-06.26.09:392][947]LogModuleManager: Shutting down and abandoning module GameplayDebugger (411)
[2018.09.12-06.26.09:398][947]LogModuleManager: Shutting down and abandoning module AITestSuite (409)
[2018.09.12-06.26.09:410][947]LogModuleManager: Shutting down and abandoning module NavigationSystem (407)
[2018.09.12-06.26.09:410][947]LogModuleManager: Shutting down and abandoning module DesktopPlatform (404)
[2018.09.12-06.26.09:410][947]LogModuleManager: Shutting down and abandoning module ProfilerService (402)
[2018.09.12-06.26.09:449][947]LogModuleManager: Shutting down and abandoning module TaskGraph (400)
[2018.09.12-06.26.09:461][947]LogModuleManager: Shutting down and abandoning module SteamVRController (398)
[2018.09.12-06.26.09:461][947]LogModuleManager: Shutting down and abandoning module ProceduralMeshComponentEditor (396)
[2018.09.12-06.26.09:461][947]LogModuleManager: Shutting down and abandoning module ProceduralMeshComponent (394)
[2018.09.12-06.26.09:466][947]LogModuleManager: Shutting down and abandoning module OculusInput (392)
[2018.09.12-06.26.09:466][947]LogModuleManager: Shutting down and abandoning module MobilePatchingUtils (390)
[2018.09.12-06.26.09:466][947]LogModuleManager: Shutting down and abandoning module EditableMesh (388)
[2018.09.12-06.26.09:470][947]LogModuleManager: Shutting down and abandoning module CustomMeshComponent (386)
[2018.09.12-06.26.09:470][947]LogModuleManager: Shutting down and abandoning module CableComponent (384)
[2018.09.12-06.26.09:471][947]LogModuleManager: Shutting down and abandoning module AudioCapture (382)
[2018.09.12-06.26.09:471][947]LogModuleManager: Shutting down and abandoning module ArchVisCharacter (380)
[2018.09.12-06.26.09:471][947]LogModuleManager: Shutting down and abandoning module AndroidPermission (378)
[2018.09.12-06.26.09:471][947]LogModuleManager: Shutting down and abandoning module NUTUnrealEngine4 (376)
[2018.09.12-06.26.09:471][947]LogModuleManager: Shutting down and abandoning module NetcodeUnitTest (374)
[2018.09.12-06.26.09:500][947]LogModuleManager: Shutting down and abandoning module MediaCompositingEditor (372)
[2018.09.12-06.26.09:500][947]LogModuleManager: Shutting down and abandoning module MediaCompositing (370)
[2018.09.12-06.26.09:500][947]LogModuleManager: Shutting down and abandoning module LinearTimecode (368)
[2018.09.12-06.26.09:500][947]LogModuleManager: Shutting down and abandoning module ImgMedia (366)
[2018.09.12-06.26.09:510][947]LogModuleManager: Shutting down and abandoning module HTML5Networking (364)
[2018.09.12-06.26.09:510][947]LogModuleManager: Shutting down and abandoning module GeometryCacheTracks (362)
[2018.09.12-06.26.09:510][947]LogModuleManager: Shutting down and abandoning module GeometryCacheSequencer (360)
[2018.09.12-06.26.09:510][947]LogModuleManager: Shutting down and abandoning module BackChannel (358)
[2018.09.12-06.26.09:515][947]LogModuleManager: Shutting down and abandoning module AppleVision (356)
[2018.09.12-06.26.09:516][947]LogModuleManager: Shutting down and abandoning module AppleImageUtils (354)
[2018.09.12-06.26.09:516][947]LogModuleManager: Shutting down and abandoning module AlembicImporter (352)
[2018.09.12-06.26.09:516][947]LogModuleManager: Shutting down and abandoning module AlembicLibrary (351)
[2018.09.12-06.26.09:516][947]LogModuleManager: Shutting down and abandoning module GeometryCache (350)
[2018.09.12-06.26.09:516][947]LogModuleManager: Shutting down and abandoning module GeometryCacheEd (349)
[2018.09.12-06.26.09:516][947]LogModuleManager: Shutting down and abandoning module DatasmithContentEditor (344)
[2018.09.12-06.26.09:521][947]LogModuleManager: Shutting down and abandoning module DatasmithContent (342)
[2018.09.12-06.26.09:521][947]LogModuleManager: Shutting down and abandoning module SpeedTreeImporter (340)
[2018.09.12-06.26.09:522][947]LogModuleManager: Shutting down and abandoning module PluginBrowser (338)
[2018.09.12-06.26.09:549][947]LogModuleManager: Shutting down and abandoning module MobileLauncherProfileWizard (336)
[2018.09.12-06.26.09:559][947]LogModuleManager: Shutting down and abandoning module PolygonModeling (334)
[2018.09.12-06.26.09:559][947]LogModuleManager: Shutting down and abandoning module MeshEditor (332)
[2018.09.12-06.26.09:568][947]LogModuleManager: Shutting down and abandoning module CryptoKeysOpenSSL (330)
[2018.09.12-06.26.09:578][947]LogModuleManager: Shutting down and abandoning module CryptoKeys (328)
[2018.09.12-06.26.09:578][947]LogModuleManager: Shutting down and abandoning module VisualStudioSourceCodeAccess (326)
[2018.09.12-06.26.09:578][947]LogModuleManager: Shutting down and abandoning module VisualStudioCodeSourceCodeAccess (324)
[2018.09.12-06.26.09:578][947]LogModuleManager: Shutting down and abandoning module UObjectPlugin (322)
[2018.09.12-06.26.09:578][947]LogModuleManager: Shutting down and abandoning module SubversionSourceControl (320)
[2018.09.12-06.26.09:600][947]LogModuleManager: Shutting down and abandoning module PerforceSourceControl (318)
[2018.09.12-06.26.09:617][947]LogModuleManager: Shutting down and abandoning module GitSourceControl (316)
[2018.09.12-06.26.09:639][947]LogModuleManager: Shutting down and abandoning module SourceControl (315)
[2018.09.12-06.26.09:646][947]LogModuleManager: Shutting down and abandoning module CLionSourceCodeAccess (312)
[2018.09.12-06.26.09:647][947]LogModuleManager: Shutting down and abandoning module LightPropagationVolumeEditor (310)
[2018.09.12-06.26.09:647][947]LogModuleManager: Shutting down and abandoning module PaperTiledImporter (308)
[2018.09.12-06.26.09:647][947]LogModuleManager: Shutting down and abandoning module PaperSpriteSheetImporter (306)
[2018.09.12-06.26.09:647][947]LogModuleManager: Shutting down and abandoning module Paper2DEditor (304)
[2018.09.12-06.26.09:663][947]LogModuleManager: Shutting down and abandoning module MeshPaint (303)
[2018.09.12-06.26.09:676][947]LogModuleManager: Shutting down and abandoning module RuntimePhysXCooking (300)
[2018.09.12-06.26.09:676][947]LogModuleManager: Shutting down and abandoning module PhysXVehiclesEditor (298)
[2018.09.12-06.26.09:676][947]LogModuleManager: Shutting down and abandoning module PhysXVehicles (296)
[2018.09.12-06.26.09:676][947]LogModuleManager: Shutting down and abandoning module OculusEditor (294)
[2018.09.12-06.26.09:683][947]LogModuleManager: Shutting down and abandoning module LocationServicesBPLibrary (292)
[2018.09.12-06.26.09:683][947]LogModuleManager: Shutting down and abandoning module ImmediatePhysicsEditor (290)
[2018.09.12-06.26.09:683][947]LogModuleManager: Shutting down and abandoning module ImmediatePhysics (288)
[2018.09.12-06.26.09:689][947]LogModuleManager: Shutting down and abandoning module ActorSequence (286)
[2018.09.12-06.26.09:689][947]LogModuleManager: Shutting down and abandoning module UdpMessaging (284)
[2018.09.12-06.26.09:831][947]LogModuleManager: Shutting down and abandoning module TcpMessaging (282)
[2018.09.12-06.26.09:945][947]LogModuleManager: Shutting down and abandoning module MagicLeapAudio (280)
[2018.09.12-06.26.09:945][947]LogModuleManager: Shutting down and abandoning module GameplayTagsEditor (278)
[2018.09.12-06.26.09:962][947]LogModuleManager: Shutting down and abandoning module FacialAnimationEditor (276)
[2018.09.12-06.26.09:962][947]LogModuleManager: Shutting down and abandoning module FacialAnimation (274)
[2018.09.12-06.26.09:962][947]LogModuleManager: Shutting down and abandoning module DataValidation (272)
[2018.09.12-06.26.09:962][947]LogModuleManager: Shutting down and abandoning module AssetManagerEditor (270)
[2018.09.12-06.26.09:980][947]LogModuleManager: Shutting down and abandoning module LevelEditor (269)
[2018.09.12-06.26.09:993][947]LogModuleManager: Shutting down and abandoning module PixelInspectorModule (268)
[2018.09.12-06.26.10:003][947]LogModuleManager: Shutting down and abandoning module CommonMenuExtensions (266)
[2018.09.12-06.26.10:003][947]LogModuleManager: Shutting down and abandoning module MainFrame (264)
[2018.09.12-06.26.10:014][947]LogModuleManager: Shutting down and abandoning module HotReload (263)
[2018.09.12-06.26.10:019][947]LogModuleManager: Shutting down and abandoning module ContentBrowser (259)
[2018.09.12-06.26.10:022][947]LogModuleManager: Shutting down and abandoning module TreeMap (257)
[2018.09.12-06.26.10:036][947]LogModuleManager: Shutting down and abandoning module LightPropagationVolumeRuntime (254)
[2018.09.12-06.26.10:036][947]LogModuleManager: Shutting down and abandoning module AISupportModule (252)
[2018.09.12-06.26.10:036][947]LogModuleManager: Shutting down and abandoning module Paper2D (250)
[2018.09.12-06.26.10:049][947]LogModuleManager: Shutting down and abandoning module WindowsMoviePlayer (248)
[2018.09.12-06.26.10:060][947]LogModuleManager: Shutting down and abandoning module WmfMedia (246)
[2018.09.12-06.26.10:070][947]LogModuleManager: Shutting down and abandoning module Media (245)
[2018.09.12-06.26.10:077][947]LogModuleManager: Shutting down and abandoning module PacketHandler (242)
[2018.09.12-06.26.10:077][947]LogModuleManager: Shutting down and abandoning module ClothingSystemEditor (240)
[2018.09.12-06.26.10:077][947]LogModuleManager: Shutting down and abandoning module ClothingSystemRuntime (238)
[2018.09.12-06.26.10:093][947]LogModuleManager: Shutting down and abandoning module MediaAssets (236)
[2018.09.12-06.26.10:093][947]LogModuleManager: Shutting down and abandoning module Overlay (234)
[2018.09.12-06.26.10:093][947]LogModuleManager: Shutting down and abandoning module OverlayEditor (233)
[2018.09.12-06.26.10:093][947]LogModuleManager: Shutting down and abandoning module VREditor (230)
[2018.09.12-06.26.10:106][947]LogModuleManager: Shutting down and abandoning module StringTableEditor (228)
[2018.09.12-06.26.10:121][947]LogModuleManager: Shutting down and abandoning module GameplayTasksEditor (226)
[2018.09.12-06.26.10:121][947]LogModuleManager: Shutting down and abandoning module BehaviorTreeEditor (224)
[2018.09.12-06.26.10:158][947]LogModuleManager: Shutting down and abandoning module FunctionalTesting (222)
[2018.09.12-06.26.10:170][947]LogModuleManager: Shutting down and abandoning module CollisionAnalyzer (220)
[2018.09.12-06.26.10:179][947]LogModuleManager: Shutting down and abandoning module WorkspaceMenuStructure (219)
[2018.09.12-06.26.10:179][947]LogModuleManager: Shutting down and abandoning module UMG (216)
[2018.09.12-06.26.10:179][947]LogModuleManager: Shutting down and abandoning module UMGEditor (215)
[2018.09.12-06.26.10:180][947]LogModuleManager: Shutting down and abandoning module Sequencer (214)
[2018.09.12-06.26.10:180][947]LogModuleManager: Shutting down and abandoning module MessageLog (211)
[2018.09.12-06.26.10:180][947]LogModuleManager: Shutting down and abandoning module SlateReflector (206)
[2018.09.12-06.26.10:220][947]LogModuleManager: Shutting down and abandoning module Slate (204)
[2018.09.12-06.26.10:220][947]LogModuleManager: Shutting down and abandoning module EditorStyle (202)
[2018.09.12-06.26.10:221][947]LogModuleManager: Shutting down and abandoning module MRMesh (200)
[2018.09.12-06.26.10:232][947]LogModuleManager: Shutting down and abandoning module SourceCodeAccess (198)
[2018.09.12-06.26.10:232][947]LogModuleManager: Shutting down and abandoning module HeadMountedDisplay (196)
[2018.09.12-06.26.10:232][947]LogModuleManager: Shutting down and abandoning module XAudio2 (194)
[2018.09.12-06.26.10:232][947]LogModuleManager: Shutting down and abandoning module Networking (192)
[2018.09.12-06.26.10:232][947]LogModuleManager: Shutting down and abandoning module Core (190)
[2018.09.12-06.26.10:232][947]LogModuleManager: Shutting down and abandoning module LevelSequence (188)
[2018.09.12-06.26.10:232][947]LogModuleManager: Shutting down and abandoning module KismetCompiler (186)
[2018.09.12-06.26.10:232][947]LogModuleManager: Shutting down and abandoning module MeshUtilities (184)
[2018.09.12-06.26.10:244][947]LogModuleManager: Shutting down and abandoning module MeshMergeUtilities (183)
[2018.09.12-06.26.10:251][947]LogModuleManager: Shutting down and abandoning module MeshReductionInterface (182)
[2018.09.12-06.26.10:251][947]LogModuleManager: Shutting down and abandoning module SimplygonSwarm (181)
[2018.09.12-06.26.10:263][947]LogModuleManager: Shutting down and abandoning module ProxyLODMeshReduction (179)
[2018.09.12-06.26.10:274][947]LogModuleManager: Shutting down and abandoning module SimplygonMeshReduction (177)
[2018.09.12-06.26.10:274][947]LogModuleManager: Shutting down and abandoning module QuadricMeshReduction (175)
[2018.09.12-06.26.10:289][947]LogModuleManager: Shutting down and abandoning module MaterialBaking (171)
[2018.09.12-06.26.10:300][947]LogModuleManager: Shutting down and abandoning module DirectoryWatcher (167)
[2018.09.12-06.26.10:300][947]LogModuleManager: Shutting down and abandoning module DerivedDataCache (164)
[2018.09.12-06.26.10:390][947]LogDerivedDataCache: Shutdown
[2018.09.12-06.26.10:390][947]LogModuleManager: Shutting down and abandoning module XGEController (162)
[2018.09.12-06.26.10:390][947]LogXGEController: Cleaning working directory: C:/Users/maxsa/AppData/Local/Temp/UnrealXGEWorkingDir/
[2018.09.12-06.26.10:399][947]LogModuleManager: Shutting down and abandoning module TargetPlatform (160)
[2018.09.12-06.26.10:399][947]LogModuleManager: Shutting down and abandoning module VulkanShaderFormat (159)
[2018.09.12-06.26.10:405][947]LogModuleManager: Shutting down and abandoning module ShaderFormatVectorVM (157)
[2018.09.12-06.26.10:417][947]LogModuleManager: Shutting down and abandoning module ShaderFormatOpenGL (155)
[2018.09.12-06.26.10:421][947]LogModuleManager: Shutting down and abandoning module ShaderFormatD3D (153)
[2018.09.12-06.26.10:421][947]LogModuleManager: Shutting down and abandoning module MetalShaderFormat (151)
[2018.09.12-06.26.10:435][947]LogModuleManager: Shutting down and abandoning module TextureFormatUncompressed (149)
[2018.09.12-06.26.10:435][947]LogModuleManager: Shutting down and abandoning module TextureFormatPVR (147)
[2018.09.12-06.26.10:435][947]LogModuleManager: Shutting down and abandoning module TextureFormatDXT (145)
[2018.09.12-06.26.10:435][947]LogModuleManager: Shutting down and abandoning module TextureFormatIntelISPCTexComp (143)
[2018.09.12-06.26.10:442][947]LogModuleManager: Shutting down and abandoning module TextureFormatASTC (141)
[2018.09.12-06.26.10:442][947]LogModuleManager: Shutting down and abandoning module ImageWrapper (140)
[2018.09.12-06.26.10:442][947]LogModuleManager: Shutting down and abandoning module TextureFormatAndroid (137)
[2018.09.12-06.26.10:442][947]LogModuleManager: Shutting down and abandoning module AudioFormatOpus (135)
[2018.09.12-06.26.10:442][947]LogModuleManager: Shutting down and abandoning module AudioFormatOgg (133)
[2018.09.12-06.26.10:442][947]LogModuleManager: Shutting down and abandoning module AudioFormatADPCM (131)
[2018.09.12-06.26.10:442][947]LogModuleManager: Shutting down and abandoning module LuminTargetPlatform (129)
[2018.09.12-06.26.10:442][947]LogModuleManager: Shutting down and abandoning module LinuxTargetPlatform (127)
[2018.09.12-06.26.10:442][947]LogModuleManager: Shutting down and abandoning module LinuxServerTargetPlatform (125)
[2018.09.12-06.26.10:442][947]LogModuleManager: Shutting down and abandoning module LinuxNoEditorTargetPlatform (123)
[2018.09.12-06.26.10:453][947]LogModuleManager: Shutting down and abandoning module LinuxClientTargetPlatform (121)
[2018.09.12-06.26.10:458][947]LogModuleManager: Shutting down and abandoning module TVOSTargetPlatform (119)
[2018.09.12-06.26.10:460][947]LogModuleManager: Shutting down and abandoning module Messaging (117)
[2018.09.12-06.26.10:460][947]LogModuleManager: Shutting down and abandoning module IOSTargetPlatform (115)
[2018.09.12-06.26.10:460][947]LogModuleManager: Shutting down and abandoning module HTML5TargetPlatform (113)
[2018.09.12-06.26.10:460][947]LogModuleManager: Shutting down and abandoning module AndroidTargetPlatform (111)
[2018.09.12-06.26.10:478][947]LogModuleManager: Shutting down and abandoning module WindowsTargetPlatform (109)
[2018.09.12-06.26.10:478][947]LogModuleManager: Shutting down and abandoning module WindowsServerTargetPlatform (107)
[2018.09.12-06.26.10:478][947]LogModuleManager: Shutting down and abandoning module WindowsNoEditorTargetPlatform (105)
[2018.09.12-06.26.10:478][947]LogModuleManager: Shutting down and abandoning module WindowsClientTargetPlatform (103)
[2018.09.12-06.26.10:478][947]LogModuleManager: Shutting down and abandoning module MacTargetPlatform (101)
[2018.09.12-06.26.10:478][947]LogModuleManager: Shutting down and abandoning module MacServerTargetPlatform (99)
[2018.09.12-06.26.10:478][947]LogModuleManager: Shutting down and abandoning module MacNoEditorTargetPlatform (97)
[2018.09.12-06.26.10:478][947]LogModuleManager: Shutting down and abandoning module MacClientTargetPlatform (95)
[2018.09.12-06.26.10:478][947]LogModuleManager: Shutting down and abandoning module AllDesktopTargetPlatform (93)
[2018.09.12-06.26.10:478][947]LogModuleManager: Shutting down and abandoning module InputCore (90)
[2018.09.12-06.26.10:478][947]LogModuleManager: Shutting down and abandoning module Settings (88)
[2018.09.12-06.26.10:478][947]LogModuleManager: Shutting down and abandoning module PhysXCooking (86)
[2018.09.12-06.26.10:478][947]LogModuleManager: Shutting down and abandoning module SteamVR (84)
[2018.09.12-06.26.10:478][947]LogModuleManager: Shutting down and abandoning module OculusHMD (82)
[2018.09.12-06.26.10:490][947]LogModuleManager: Shutting down and abandoning module ExampleDeviceProfileSelector (80)
[2018.09.12-06.26.10:490][947]LogModuleManager: Shutting down and abandoning module LauncherChunkInstaller (78)
[2018.09.12-06.26.10:490][947]LogModuleManager: Shutting down and abandoning module OnlineBlueprintSupport (76)
[2018.09.12-06.26.10:490][947]LogModuleManager: Shutting down and abandoning module OnlineSubsystem (72)
[2018.09.12-06.26.10:534][947]LogModuleManager: Shutting down and abandoning module XMPP (65)
[2018.09.12-06.26.10:558][947]LogModuleManager: Shutting down and abandoning module WebSockets (64)
[2018.09.12-06.26.10:608][947]LogModuleManager: Shutting down and abandoning module HTTP (61)
[2018.09.12-06.26.10:608][947]LogHttp: Display: Http module shutting down, but needs to wait on 1 outstanding Http requests:
[2018.09.12-06.26.10:608][947]LogHttp: Display: 	verb=[POST] url=[https://datarouter.ol.epicgames.com/datarouter/api/v1/public/data?SessionID=%7BDC44274C-4D22-12AE-9475-5D8E67B65253%7D&AppID=UEEditor.Rocket.Release&AppVersion=4.20.2-4302132%2B%2B%2BUE4%2BRelease-4.20&UserID=9b2d74f540de947067f12f85f0e10fc3%7C121cf0c067fc45bf8a47a34e1f08bd7e%7C6529c761-14eb-4014-bd30-d410aae9a07c&AppEnvironment=datacollector-binary&UploadType=eteventstream] status=Processing
[2018.09.12-06.26.10:630][947]LogModuleManager: Shutting down and abandoning module SSL (60)
[2018.09.12-06.26.10:646][947]LogModuleManager: Shutting down and abandoning module MagicLeapEmulator (56)
[2018.09.12-06.26.10:646][947]LogModuleManager: Shutting down and abandoning module MagicLeapPrivileges (54)
[2018.09.12-06.26.10:646][947]LogModuleManager: Shutting down and abandoning module MagicLeapIdentity (52)
[2018.09.12-06.26.10:646][947]LogModuleManager: Shutting down and abandoning module MagicLeapHelperVulkan (50)
[2018.09.12-06.26.10:646][947]LogModuleManager: Shutting down and abandoning module MagicLeapHelperOpenGL (48)
[2018.09.12-06.26.10:646][947]LogModuleManager: Shutting down and abandoning module MagicLeapSecureStorage (46)
[2018.09.12-06.26.10:646][947]LogModuleManager: Shutting down and abandoning module MagicLeapGestures (44)
[2018.09.12-06.26.10:646][947]LogModuleManager: Shutting down and abandoning module MagicLeapEyeTracker (42)
[2018.09.12-06.26.10:646][947]LogModuleManager: Shutting down and abandoning module MagicLeapController (40)
[2018.09.12-06.26.10:646][947]LogSlate: Slate User Destroyed.  User Index 0, Is Virtual User: 0
[2018.09.12-06.26.10:646][947]LogModuleManager: Shutting down and abandoning module MagicLeap (38)
[2018.09.12-06.26.10:646][947]LogModuleManager: Shutting down and abandoning module AnimationModifiers (36)
[2018.09.12-06.26.10:663][947]LogModuleManager: Shutting down and abandoning module PropertyEditor (35)
[2018.09.12-06.26.10:678][947]LogModuleManager: Shutting down and abandoning module AudioEditor (32)
[2018.09.12-06.26.10:699][947]LogModuleManager: Shutting down and abandoning module TextureCompressor (30)
[2018.09.12-06.26.10:699][947]LogModuleManager: Shutting down and abandoning module ShaderCore (28)
[2018.09.12-06.26.10:699][947]LogModuleManager: Shutting down and abandoning module Landscape (26)
[2018.09.12-06.26.10:699][947]LogModuleManager: Shutting down and abandoning module SlateRHIRenderer (24)
[2018.09.12-06.26.10:712][947]LogModuleManager: Shutting down and abandoning module OpenGLDrv (22)
[2018.09.12-06.26.10:718][947]LogModuleManager: Shutting down and abandoning module D3D11RHI (20)
[2018.09.12-06.26.10:718][947]LogModuleManager: Shutting down and abandoning module AnimGraphRuntime (18)
[2018.09.12-06.26.10:728][947]LogModuleManager: Shutting down and abandoning module Renderer (16)
[2018.09.12-06.26.10:728][947]LogModuleManager: Shutting down and abandoning module Engine (14)
[2018.09.12-06.26.10:728][947]LogModuleManager: Shutting down and abandoning module CoreUObject (12)
[2018.09.12-06.26.10:728][947]LogModuleManager: Shutting down and abandoning module NetworkFile (10)
[2018.09.12-06.26.10:741][947]LogModuleManager: Shutting down and abandoning module CookedIterativeFile (8)
[2018.09.12-06.26.10:741][947]LogModuleManager: Shutting down and abandoning module StreamingFile (6)
[2018.09.12-06.26.10:746][947]LogModuleManager: Shutting down and abandoning module SandboxFile (4)
[2018.09.12-06.26.10:746][947]LogModuleManager: Shutting down and abandoning module PakFile (2)
[2018.09.12-06.26.10:800][947]LogExit: Exiting.
[2018.09.12-06.26.10:845][947]Log file closed, 09/12/18 02:26:10
