Log file open, 09/15/18 02:33:52
LogWindows: Failed to load 'aqProf.dll' (GetLastError=126)
LogWindows: File 'aqProf.dll' does not exist
LogWindows: Failed to load 'VSPerf140.dll' (GetLastError=126)
LogWindows: File 'VSPerf140.dll' does not exist
LogWindows: Failed to load 'VtuneApi.dll' (GetLastError=126)
LogWindows: File 'VtuneApi.dll' does not exist
LogWindows: Failed to load 'VtuneApi32e.dll' (GetLastError=126)
LogWindows: File 'VtuneApi32e.dll' does not exist
LogInit: Display: Running engine for game: SteamProject
LogPlatformFile: Not using cached read wrapper
LogTaskGraph: Started task graph with 5 named threads and 14 total threads with 3 sets of task threads.
LogStats: Stats thread started at 4.432932
LogD3D11RHI: Loaded GFSDK_Aftermath_Lib.x64.dll
LogICUInternationalization: Display: ICU TimeZone Detection - Raw Offset: -5:00, Platform Override: ''
LogPluginManager: Mounting plugin Paper2D
LogPluginManager: Mounting plugin AISupport
LogPluginManager: Mounting plugin LightPropagationVolume
LogPluginManager: Mounting plugin CLionSourceCodeAccess
LogPluginManager: Mounting plugin CodeLiteSourceCodeAccess
LogPluginManager: Mounting plugin GitSourceControl
LogPluginManager: Mounting plugin KDevelopSourceCodeAccess
LogPluginManager: Mounting plugin NullSourceCodeAccess
LogPluginManager: Mounting plugin PerforceSourceControl
LogPluginManager: Mounting plugin SubversionSourceControl
LogPluginManager: Mounting plugin UObjectPlugin
LogPluginManager: Mounting plugin VisualStudioCodeSourceCodeAccess
LogPluginManager: Mounting plugin VisualStudioSourceCodeAccess
LogPluginManager: Mounting plugin XCodeSourceCodeAccess
LogPluginManager: Mounting plugin AssetManagerEditor
LogPluginManager: Mounting plugin CryptoKeys
LogPluginManager: Mounting plugin DataValidation
LogPluginManager: Mounting plugin FacialAnimation
LogPluginManager: Mounting plugin GameplayTagsEditor
LogPluginManager: Mounting plugin MacGraphicsSwitching
LogPluginManager: Mounting plugin MeshEditor
LogPluginManager: Mounting plugin MobileLauncherProfileWizard
LogPluginManager: Mounting plugin PluginBrowser
LogPluginManager: Mounting plugin SpeedTreeImporter
LogPluginManager: Mounting plugin DatasmithContent
LogPluginManager: Mounting plugin AlembicImporter
LogPluginManager: Mounting plugin AppleImageUtils
LogPluginManager: Mounting plugin AppleVision
LogPluginManager: Mounting plugin BackChannel
LogPluginManager: Mounting plugin CharacterAI
LogPluginManager: Mounting plugin GeometryCache
LogPluginManager: Mounting plugin HTML5Networking
LogPluginManager: Mounting plugin ProxyLODPlugin
LogPluginManager: Mounting plugin MagicLeap
LogPluginManager: Mounting plugin MagicLeapEmulator
LogPluginManager: Mounting plugin MagicLeapMedia
LogPluginManager: Mounting plugin AndroidMedia
LogPluginManager: Mounting plugin AvfMedia
LogPluginManager: Mounting plugin ImgMedia
LogPluginManager: Mounting plugin LinearTimecode
LogPluginManager: Mounting plugin MediaCompositing
LogPluginManager: Mounting plugin MediaPlayerEditor
LogPluginManager: Mounting plugin WmfMedia
LogPluginManager: Mounting plugin TcpMessaging
LogPluginManager: Mounting plugin UdpMessaging
LogPluginManager: Mounting plugin ActorSequence
LogPluginManager: Mounting plugin LevelSequenceEditor
LogPluginManager: Mounting plugin MatineeToLevelSequence
LogPluginManager: Mounting plugin NetcodeUnitTest
LogPluginManager: Mounting plugin NUTUnrealEngine4
LogPluginManager: Mounting plugin OnlineSubsystemGooglePlay
LogPluginManager: Mounting plugin OnlineSubsystemIOS
LogPluginManager: Mounting plugin OnlineSubsystem
LogPluginManager: Mounting plugin OnlineSubsystemNull
LogPluginManager: Mounting plugin OnlineSubsystemSteam
LogPluginManager: Mounting plugin OnlineSubsystemUtils
LogPluginManager: Mounting plugin LauncherChunkInstaller
LogPluginManager: Mounting plugin AndroidDeviceProfileSelector
LogPluginManager: Mounting plugin AndroidMoviePlayer
LogPluginManager: Mounting plugin AndroidPermission
LogPluginManager: Mounting plugin AppleMoviePlayer
LogPluginManager: Mounting plugin ArchVisCharacter
LogPluginManager: Mounting plugin AudioCapture
LogPluginManager: Mounting plugin CableComponent
LogPluginManager: Mounting plugin CustomMeshComponent
LogPluginManager: Mounting plugin EditableMesh
LogPluginManager: Mounting plugin ExampleDeviceProfileSelector
LogPluginManager: Mounting plugin GoogleCloudMessaging
LogPluginManager: Mounting plugin ImmediatePhysics
LogPluginManager: Mounting plugin IOSDeviceProfileSelector
LogPluginManager: Mounting plugin LinuxDeviceProfileSelector
LogPluginManager: Mounting plugin LocationServicesBPLibrary
LogPluginManager: Mounting plugin MobilePatchingUtils
LogPluginManager: Mounting plugin OculusVR
LogPluginManager: Plugin shader directory ../../../Engine/Plugins/Runtime/Oculus/OculusVR/Shaders found
LogPluginManager: Mapping shader source directory ../../../Engine/Plugins/Runtime/Oculus/OculusVR/Shaders to virtual directory /Plugin/OculusVR
LogPluginManager: Mounting plugin PhysXVehicles
LogPluginManager: Mounting plugin ProceduralMeshComponent
LogPluginManager: Mounting plugin RuntimePhysXCooking
LogPluginManager: Mounting plugin SteamVR
LogPluginManager: Mounting plugin WindowsMoviePlayer
LogStreaming: Display: Took  0.231s to configure plugins.
LogInit: Using libcurl 7.55.1-DEV
LogInit:  - built for x86_64-pc-win32
LogInit:  - supports SSL with OpenSSL/1.0.2h
LogInit:  - supports HTTP deflate (compression) using libz 1.2.8
LogInit:  - other features:
LogInit:      CURL_VERSION_SSL
LogInit:      CURL_VERSION_LIBZ
LogInit:      CURL_VERSION_IPV6
LogInit:      CURL_VERSION_ASYNCHDNS
LogInit:      CURL_VERSION_LARGEFILE
LogInit:      CURL_VERSION_IDN
LogInit:  CurlRequestOptions (configurable via config and command line):
LogInit:  - bVerifyPeer = false  - Libcurl will NOT verify peer certificate
LogInit:  - bUseHttpProxy = false  - Libcurl will NOT use HTTP proxy
LogInit:  - bDontReuseConnections = false  - Libcurl will reuse connections
LogInit:  - CertBundlePath = nullptr  - Libcurl will use whatever was configured at build time.
LogInit:  - MaxHostConnections = 16  - Libcurl will limit the number of connections to a host
LogInit:  - LocalHostAddr = Default
LogInit:  - BufferSize = 65536
LogOnline: Display: STEAM: Loading Steam SDK 1.39
LogOnline: Warning: STEAM: Steam API disabled!
LogOnline: Display: STEAM: OnlineSubsystemSteam::Shutdown()
LogInit: WinSock: version 1.1 (2.2), MaxSocks=32767, MaxUdp=65467
LogInit: Build: ++UE4+Release-4.20-CL-4302132
LogInit: Engine Version: 4.20.2-4302132+++UE4+Release-4.20
LogInit: Compatible Engine Version: 4.20.0-4212847+++UE4+Release-4.20
LogInit: Net CL: 4212847
LogInit: OS: Windows 10 (), CPU:        Intel(R) Core(TM) i5-3570K CPU @ 3.40GHz, GPU: NVIDIA GeForce GTX 1070
LogInit: Compiled (64-bit): Aug 21 2018 02:06:06
LogInit: Compiled with Visual C++: 19.13.26129.00
LogInit: Build Configuration: Development
LogInit: Branch Name: ++UE4+Release-4.20
LogInit: Command Line:  
LogInit: Base Directory: E:/UE_4.20/Engine/Binaries/Win64/
LogInit: Installed Engine Build: 1
LogDevObjectVersion: Number of dev versions registered: 20
LogDevObjectVersion:   Dev-Blueprints (B0D832E4-1F89-4F0D-ACCF-7EB736FD4AA2): 10
LogDevObjectVersion:   Dev-Build (E1C64328-A22C-4D53-A36C-8E866417BD8C): 0
LogDevObjectVersion:   Dev-Core (375EC13C-06E4-48FB-B500-84F0262A717E): 2
LogDevObjectVersion:   Dev-Editor (E4B068ED-F494-42E9-A231-DA0B2E46BB41): 24
LogDevObjectVersion:   Dev-Framework (CFFC743F-43B0-4480-9391-14DF171D2073): 34
LogDevObjectVersion:   Dev-Mobile (B02B49B5-BB20-44E9-A304-32B752E40360): 2
LogDevObjectVersion:   Dev-Networking (A4E4105C-59A1-49B5-A7C5-40C4547EDFEE): 0
LogDevObjectVersion:   Dev-Online (39C831C9-5AE6-47DC-9A44-9C173E1C8E7C): 0
LogDevObjectVersion:   Dev-Physics (78F01B33-EBEA-4F98-B9B4-84EACCB95AA2): 0
LogDevObjectVersion:   Dev-Platform (6631380F-2D4D-43E0-8009-CF276956A95A): 0
LogDevObjectVersion:   Dev-Rendering (12F88B9F-8875-4AFC-A67C-D90C383ABD29): 26
LogDevObjectVersion:   Dev-Sequencer (7B5AE74C-D270-4C10-A958-57980B212A5A): 9
LogDevObjectVersion:   Dev-VR (D7296918-1DD6-4BDD-9DE2-64A83CC13884): 2
LogDevObjectVersion:   Dev-LoadTimes (C2A15278-BFE7-4AFE-6C17-90FF531DF755): 1
LogDevObjectVersion:   Private-Geometry (6EACA3D4-40EC-4CC1-B786-8BED09428FC5): 3
LogDevObjectVersion:   Dev-AnimPhys (29E575DD-E0A3-4627-9D10-D276232CDCEA): 17
LogDevObjectVersion:   Dev-ReflectionCapture (6B266CEC-1EC7-4B8F-A30B-E4D90942FC07): 1
LogDevObjectVersion:   Dev-Automation (0DF73D61-A23F-47EA-B727-89E90C41499A): 1
LogDevObjectVersion:   FortniteMain (601D1886-AC64-4F84-AA16-D3DE0DEAC7D6): 12
LogDevObjectVersion:   Dev-Enterprise (9DFFBCD6-494F-0158-E221-12823C92A888): 1
LogStreaming: Display: Took  0.004s to delete old logs.
LogInit: Presizing for max 8388607 objects, including 0 objects not considered by GC, pre-allocating 0 bytes for permanent pool.
LogInit: Object subsystem initialized
[2018.09.15-06.33.55:949][  0]LogInit: Selected Device Profile: [Windows]
[2018.09.15-06.33.55:949][  0]LogInit: Applying CVar settings loaded from the selected device profile: [Windows]
[2018.09.15-06.33.56:002][  0]LogHAL: Display: Platform has ~ 16 GB [17128337408 / 17179869184 / 16], which maps to Larger [LargestMinGB=32, LargerMinGB=12, DefaultMinGB=8, SmallerMinGB=6, SmallestMinGB=0)
[2018.09.15-06.33.56:008][  0]LogInit: Setting Device Profile CVar: [[r.Vulkan.UseRealUBs:1]]
[2018.09.15-06.33.56:015][  0]LogInit: Going up to parent DeviceProfile []
[2018.09.15-06.33.56:068][  0]LogInit: Computer: MAX-PC
[2018.09.15-06.33.56:068][  0]LogInit: User: maxsa
[2018.09.15-06.33.56:068][  0]LogInit: CPU Page size=4096, Cores=4
[2018.09.15-06.33.56:068][  0]LogInit: High frequency timer resolution =3.420547 MHz
[2018.09.15-06.33.56:068][  0]LogMemory: Memory total: Physical=16.0GB (16GB approx)
[2018.09.15-06.33.56:068][  0]LogMemory: Platform Memory Stats for Windows
[2018.09.15-06.33.56:068][  0]LogMemory: Process Physical Memory: 100.13 MB used, 100.13 MB peak
[2018.09.15-06.33.56:068][  0]LogMemory: Process Virtual Memory: 84.39 MB used, 84.39 MB peak
[2018.09.15-06.33.56:068][  0]LogMemory: Physical Memory: 7478.07 MB used,  8856.79 MB free, 16334.86 MB total
[2018.09.15-06.33.56:068][  0]LogMemory: Virtual Memory: 4621.54 MB used,  8856.79 MB free, 134217728.00 MB total
[2018.09.15-06.33.57:030][  0]LogInit: Using OS detected language (en-US).
[2018.09.15-06.33.57:030][  0]LogInit: Using OS detected locale (en-CA).
[2018.09.15-06.33.57:093][  0]LogTextLocalizationManager: No specific localization for 'en-US' exists, so the 'en' localization will be used.
[2018.09.15-06.33.58:045][  0]LogStreaming: Display: Took  0.996s to InitEngineTextLocalization.
[2018.09.15-06.33.58:054][  0]LogInit: Setting process to per monitor DPI aware
[2018.09.15-06.33.58:870][  0]LogSlate: New Slate User Created.  User Index 0, Is Virtual User: 0
[2018.09.15-06.33.58:870][  0]LogSlate: Slate User Registered.  User Index 0, Is Virtual User: 0
[2018.09.15-06.34.02:240][  0]LogHMD: Failed to initialize OpenVR with code 105
[2018.09.15-06.34.02:240][  0]LogD3D11RHI: D3D11 adapters:
[2018.09.15-06.34.02:313][  0]LogD3D11RHI:    0. 'NVIDIA GeForce GTX 1070' (Feature Level 11_0)
[2018.09.15-06.34.02:313][  0]LogD3D11RHI:       8088/0/8167 MB DedicatedVideo/DedicatedSystem/SharedSystem, Outputs:2, VendorId:0x10de
[2018.09.15-06.34.02:316][  0]LogD3D11RHI:    1. 'Microsoft Basic Render Driver' (Feature Level 11_0)
[2018.09.15-06.34.02:316][  0]LogD3D11RHI:       0/0/8167 MB DedicatedVideo/DedicatedSystem/SharedSystem, Outputs:0, VendorId:0x1414
[2018.09.15-06.34.02:316][  0]LogD3D11RHI: Chosen D3D11 Adapter: 0
[2018.09.15-06.34.02:322][  0]LogD3D11RHI: Creating new Direct3DDevice
[2018.09.15-06.34.02:322][  0]LogD3D11RHI:     GPU DeviceId: 0x1b81 (for the marketing name, search the web for "GPU Device Id")
[2018.09.15-06.34.02:335][  0]LogWindows: EnumDisplayDevices:
[2018.09.15-06.34.02:335][  0]LogWindows:    0. 'NVIDIA GeForce GTX 1070' (P:1 D:1)
[2018.09.15-06.34.02:335][  0]LogWindows:    1. 'NVIDIA GeForce GTX 1070' (P:0 D:1)
[2018.09.15-06.34.02:335][  0]LogWindows:    2. 'NVIDIA GeForce GTX 1070' (P:0 D:0)
[2018.09.15-06.34.02:335][  0]LogWindows:    3. 'NVIDIA GeForce GTX 1070' (P:0 D:0)
[2018.09.15-06.34.02:335][  0]LogWindows: DebugString: FoundDriverCount:4 
[2018.09.15-06.34.02:335][  0]LogD3D11RHI:     Adapter Name: NVIDIA GeForce GTX 1070
[2018.09.15-06.34.02:347][  0]LogD3D11RHI:   Driver Version: 399.24 (internal:24.21.13.9924, unified:399.24)
[2018.09.15-06.34.02:347][  0]LogD3D11RHI:      Driver Date: 9-5-2018
[2018.09.15-06.34.02:347][  0]LogRHI: Texture pool is 5661 MB (70% of 8088 MB)
[2018.09.15-06.34.02:393][  0]LogD3D11RHI: Async texture creation enabled
[2018.09.15-06.34.02:606][  0]LogD3D11RHI: GPU Timing Frequency: 1000.000000 (Debug: 2 2)
[2018.09.15-06.34.02:723][  0]LogShaderCompilers: Guid format shader working directory is -5 characters bigger than the processId version (C:/Users/maxsa/Desktop/Unreal Projects/SteamProject/Intermediate/Shaders/WorkingDirectory/9812/).
[2018.09.15-06.34.02:723][  0]LogShaderCompilers: Cleaned the shader compiler working directory 'C:/Users/maxsa/AppData/Local/Temp/UnrealShaderWorkingDir/430B7C80495EFEEEC1882FB7E84324A4/'.
[2018.09.15-06.34.03:490][  0]LogTemp: Display: Loaded TP AllDesktopTargetPlatform
[2018.09.15-06.34.03:523][  0]LogTemp: Display: Loaded TP MacClientTargetPlatform
[2018.09.15-06.34.03:559][  0]LogTemp: Display: Loaded TP MacNoEditorTargetPlatform
[2018.09.15-06.34.03:582][  0]LogTemp: Display: Loaded TP MacServerTargetPlatform
[2018.09.15-06.34.03:626][  0]LogTemp: Display: Loaded TP MacTargetPlatform
[2018.09.15-06.34.03:677][  0]LogTemp: Display: Loaded TP WindowsClientTargetPlatform
[2018.09.15-06.34.03:709][  0]LogTemp: Display: Loaded TP WindowsNoEditorTargetPlatform
[2018.09.15-06.34.03:746][  0]LogTemp: Display: Loaded TP WindowsServerTargetPlatform
[2018.09.15-06.34.03:773][  0]LogTemp: Display: Loaded TP WindowsTargetPlatform
[2018.09.15-06.34.03:928][  0]LogTemp: Display: Loaded TP AndroidTargetPlatform
[2018.09.15-06.34.03:928][  0]LogTemp: Display: Loaded TP AndroidTargetPlatform
[2018.09.15-06.34.03:928][  0]LogTemp: Display: Loaded TP AndroidTargetPlatform
[2018.09.15-06.34.03:928][  0]LogTemp: Display: Loaded TP AndroidTargetPlatform
[2018.09.15-06.34.03:928][  0]LogTemp: Display: Loaded TP AndroidTargetPlatform
[2018.09.15-06.34.03:928][  0]LogTemp: Display: Loaded TP AndroidTargetPlatform
[2018.09.15-06.34.03:928][  0]LogTemp: Display: Loaded TP AndroidTargetPlatform
[2018.09.15-06.34.03:928][  0]LogTemp: Display: Loaded TP AndroidTargetPlatform
[2018.09.15-06.34.03:928][  0]LogTemp: Display: Loaded TP AndroidTargetPlatform
[2018.09.15-06.34.03:928][  0]LogTemp: Display: Loaded TP AndroidTargetPlatform
[2018.09.15-06.34.03:928][  0]LogTemp: Display: Loaded TP AndroidTargetPlatform
[2018.09.15-06.34.03:928][  0]LogTemp: Display: Loaded TP AndroidTargetPlatform
[2018.09.15-06.34.03:928][  0]LogTemp: Display: Loaded TP AndroidTargetPlatform
[2018.09.15-06.34.03:928][  0]LogTemp: Display: Loaded TP AndroidTargetPlatform
[2018.09.15-06.34.03:928][  0]LogTemp: Display: Loaded TP AndroidTargetPlatform
[2018.09.15-06.34.03:928][  0]LogTemp: Display: Loaded TP AndroidTargetPlatform
[2018.09.15-06.34.03:928][  0]LogTemp: Display: Loaded TP AndroidTargetPlatform
[2018.09.15-06.34.03:928][  0]LogTemp: Display: Loaded TP AndroidTargetPlatform
[2018.09.15-06.34.03:949][  0]LogTemp: Display: Loaded TP HTML5TargetPlatform
[2018.09.15-06.34.04:120][  0]LogTemp: Display: Loaded TP IOSTargetPlatform
[2018.09.15-06.34.04:120][  0]LogTemp: Display: Loaded TP IOSTargetPlatform
[2018.09.15-06.34.04:154][  0]LogTemp: Display: Loaded TP TVOSTargetPlatform
[2018.09.15-06.34.04:154][  0]LogTemp: Display: Loaded TP TVOSTargetPlatform
[2018.09.15-06.34.04:212][  0]LogTemp: Display: Loaded TP LinuxClientTargetPlatform
[2018.09.15-06.34.04:235][  0]LogTemp: Display: Loaded TP LinuxNoEditorTargetPlatform
[2018.09.15-06.34.04:258][  0]LogTemp: Display: Loaded TP LinuxServerTargetPlatform
[2018.09.15-06.34.04:308][  0]LogTemp: Display: Loaded TP LinuxTargetPlatform
[2018.09.15-06.34.04:328][  0]LogTemp: Display: Loaded TP LuminTargetPlatform
[2018.09.15-06.34.04:328][  0]LogTargetPlatformManager: Display: Building Assets For Windows
[2018.09.15-06.34.05:248][  0]LogXGEController: Cleaning working directory: C:/Users/maxsa/AppData/Local/Temp/UnrealXGEWorkingDir/
[2018.09.15-06.34.05:248][  0]LogXGEController: Cannot use XGE Controller as Incredibuild is not installed on this machine.
[2018.09.15-06.34.05:248][  0]LogShaderCompilers: Cannot use XGE Shader Compiler as Incredibuild is not installed on this machine.
[2018.09.15-06.34.05:248][  0]LogShaderCompilers: Display: Using Local Shader Compiler.
[2018.09.15-06.34.09:314][  0]LogDerivedDataCache: Display: Max Cache Size: 512 MB
[2018.09.15-06.34.09:582][  0]LogDerivedDataCache: Loaded boot cache 0.27s 71MB C:/Users/maxsa/AppData/Local/UnrealEngine/4.20/DerivedDataCache/Boot.ddc.
[2018.09.15-06.34.09:583][  0]LogDerivedDataCache: Display: Loaded Boot cache: C:/Users/maxsa/AppData/Local/UnrealEngine/4.20/DerivedDataCache/Boot.ddc
[2018.09.15-06.34.09:583][  0]LogDerivedDataCache: FDerivedDataBackendGraph:  Pak pak cache file C:/Users/maxsa/Desktop/Unreal Projects/SteamProject/DerivedDataCache/DDC.ddp not found, will not use a pak cache.
[2018.09.15-06.34.09:583][  0]LogDerivedDataCache: Unable to find inner node Pak for hierarchical cache Hierarchy.
[2018.09.15-06.34.09:583][  0]LogDerivedDataCache: FDerivedDataBackendGraph:  CompressedPak pak cache file C:/Users/maxsa/Desktop/Unreal Projects/SteamProject/DerivedDataCache/Compressed.ddp not found, will not use a pak cache.
[2018.09.15-06.34.09:583][  0]LogDerivedDataCache: Unable to find inner node CompressedPak for hierarchical cache Hierarchy.
[2018.09.15-06.34.09:662][  0]LogDerivedDataCache: Display: Pak cache opened for reading ../../../Engine/DerivedDataCache/Compressed.ddp.
[2018.09.15-06.34.09:674][  0]LogDerivedDataCache: Using Local data cache path C:/Users/maxsa/AppData/Local/UnrealEngine/Common/DerivedDataCache: Writable
[2018.09.15-06.34.09:674][  0]LogDerivedDataCache: Shared data cache path not found in *engine.ini, will not use an Shared cache.
[2018.09.15-06.34.09:674][  0]LogDerivedDataCache: Unable to find inner node Shared for hierarchical cache Hierarchy.
[2018.09.15-06.34.09:728][  0]LogMaterial: Verifying Global Shaders for PCD3D_SM5
[2018.09.15-06.34.09:829][  0]LogSlate: Using FreeType 2.6.0
[2018.09.15-06.34.09:950][  0]LogSlate: SlateFontServices - WITH_FREETYPE: 1, WITH_HARFBUZZ: 1
[2018.09.15-06.34.10:612][  0]LogAssetRegistry: FAssetRegistry took 0.0325 seconds to start up
[2018.09.15-06.34.15:012][  0]LogInit: Selected Device Profile: [Windows]
[2018.09.15-06.34.20:363][  0]LogSimplygon: Simplygon DLL not present - disabling.
[2018.09.15-06.34.21:353][  0]LogMeshReduction: Using SimplygonSwarm for distributed automatic mesh merging
[2018.09.15-06.34.21:353][  0]LogMeshReduction: Using ProxyLODMeshReduction for automatic mesh merging
[2018.09.15-06.34.21:370][  0]LogMeshReduction: Using QuadricMeshReduction for automatic static mesh reduction
[2018.09.15-06.34.21:370][  0]LogMeshReduction: No automatic skeletal mesh reduction module available
[2018.09.15-06.34.21:851][  0]LogNetVersion: SteamProject 1.0.0, NetCL: 4212847, EngineNetVer: 5, GameNetVer: 0 (Checksum: 43773174)
[2018.09.15-06.34.27:255][  0]LogPackageLocalizationCache: Processed 11 localized package path(s) for 2 prioritized culture(s) in 0.136516 seconds
[2018.09.15-06.34.27:279][  0]LogUObjectArray: 38434 objects as part of root set at end of initial load.
[2018.09.15-06.34.27:279][  0]LogUObjectAllocator: 6701136 out of 0 bytes used by permanent object pool.
[2018.09.15-06.34.27:279][  0]LogUObjectArray: CloseDisregardForGC: 0/0 objects in disregard for GC pool
[2018.09.15-06.34.40:196][  0]LogTcpMessaging: Initializing TcpMessaging bridge
[2018.09.15-06.34.40:264][  0]LogUdpMessaging: Initializing bridge on interface 0.0.0.0:0 to multicast group 230.0.0.1:6666.
[2018.09.15-06.34.41:918][  0]SourceControl: Source control is disabled
[2018.09.15-06.34.41:925][  0]SourceControl: Source control is disabled
[2018.09.15-06.34.42:099][  0]SourceControl: Source control is disabled
[2018.09.15-06.34.42:162][  0]SourceControl: Source control is disabled
[2018.09.15-06.34.44:303][  0]LogAndroidPermission: UAndroidPermissionCallbackProxy::GetInstance
[2018.09.15-06.34.44:639][  0]LogOcInput: OculusInput pre-init called
[2018.09.15-06.34.45:230][  0]LogEngine: Initializing Engine...
[2018.09.15-06.34.45:264][  0]LogHMD: Failed to initialize OpenVR with code 105
[2018.09.15-06.34.45:276][  0]LogStats: UGameplayTagsManager::ConstructGameplayTagTree: ImportINI prefixes -  0.001 s
[2018.09.15-06.34.45:276][  0]LogStats: UGameplayTagsManager::ConstructGameplayTagTree: Construct from data asset -  0.000 s
[2018.09.15-06.34.45:276][  0]LogStats: UGameplayTagsManager::ConstructGameplayTagTree: ImportINI -  0.000 s
[2018.09.15-06.34.45:276][  0]LogStats: UGameplayTagsManager::ConstructGameplayTagTree: GameplayTagTreeChangedEvent.Broadcast -  0.000 s
[2018.09.15-06.34.46:171][  0]LogInit: Initializing FReadOnlyCVARCache
[2018.09.15-06.34.46:609][  0]LogAIModule: Creating AISystem for world Untitled
[2018.09.15-06.34.46:798][  0]LogInit: XAudio2 using 'Headphones (Realtek High Definition Audio)' : 2 channels at 48 kHz using 32 bits per sample (channel mask 0x3)
[2018.09.15-06.34.46:823][  0]LogInit: FAudioDevice initialized.
[2018.09.15-06.34.46:823][  0]LogNetVersion: Set ProjectVersion to 1.0.0.0. Version Checksum will be recalculated on next use.
[2018.09.15-06.34.46:866][  0]LogDerivedDataCache: Saved boot cache 0.04s 71MB C:/Users/maxsa/AppData/Local/UnrealEngine/4.20/DerivedDataCache/Boot.ddc.
[2018.09.15-06.34.46:876][  0]LogInit: Texture streaming: Enabled
[2018.09.15-06.34.47:000][  0]LogEngineSessionManager: EngineSessionManager initialized
[2018.09.15-06.34.47:090][  0]LogInit: Transaction tracking system initialized
[2018.09.15-06.34.47:538][  0]BlueprintLog: New page: Editor Load
[2018.09.15-06.34.49:252][  0]LocalizationService: Localization service is disabled
[2018.09.15-06.34.53:829][  0]LogFileCache: Scanning file cache for directory 'C:/Users/maxsa/Desktop/Unreal Projects/SteamProject/Content/' took 0.03s
[2018.09.15-06.34.53:829][  0]LogCook: Display: Max memory allowance for cook 16384mb min free memory 0mb
[2018.09.15-06.34.53:829][  0]LogCook: Display: Mobile HDR setting 1
[2018.09.15-06.34.53:846][  0]LogGameplayTags: Display: UGameplayTagsManager::DoneAddingNativeTags. DelegateIsBound: 0
[2018.09.15-06.34.53:846][  0]LogStats: UGameplayTagsManager::ConstructGameplayTagTree: ImportINI prefixes -  0.000 s
[2018.09.15-06.34.53:846][  0]LogStats: UGameplayTagsManager::ConstructGameplayTagTree: Construct from data asset -  0.000 s
[2018.09.15-06.34.53:846][  0]LogStats: UGameplayTagsManager::ConstructGameplayTagTree: ImportINI -  0.000 s
[2018.09.15-06.34.53:846][  0]LogStats: UGameplayTagsManager::ConstructGameplayTagTree: GameplayTagTreeChangedEvent.Broadcast -  0.000 s
[2018.09.15-06.35.00:634][  0]SourceControl: Source control is disabled
[2018.09.15-06.35.00:651][  0]Cmd: MAP LOAD FILE="C:/Users/maxsa/Desktop/Unreal Projects/SteamProject/Content/Maps/MainMenu.umap" TEMPLATE=0 SHOWPROGRESS=1 FEATURELEVEL=3
[2018.09.15-06.35.00:671][  0]LightingResults: New page: Lighting Build
[2018.09.15-06.35.00:799][  0]MapCheck: New page: Map Check
[2018.09.15-06.35.00:800][  0]LightingResults: New page: Lighting Build
[2018.09.15-06.35.02:506][  0]LogAIModule: Creating AISystem for world MainMenu
[2018.09.15-06.35.02:614][  0]LogEditorServer: Finished looking for orphan Actors (0.000 secs)
[2018.09.15-06.35.02:749][  0]Cmd: MAP CHECKDEP NOCLEARLOG
[2018.09.15-06.35.02:815][  0]MapCheck: Map check complete: 0 Error(s), 0 Warning(s), took 66.159ms to complete.
[2018.09.15-06.35.02:815][  0]LogFileHelpers: Loading map 'MainMenu' took 2.174
[2018.09.15-06.35.04:200][  0]LogSlate: Updating window title bar state: overlay mode, drag disabled, window buttons hidden, title bar hidden
[2018.09.15-06.35.04:231][  0]LogSlate: Updating window title bar state: overlay mode, drag disabled, window buttons hidden, title bar hidden
[2018.09.15-06.35.04:238][  0]LogSlate: Updating window title bar state: overlay mode, drag disabled, window buttons hidden, title bar hidden
[2018.09.15-06.35.04:246][  0]LogSlate: Updating window title bar state: overlay mode, drag disabled, window buttons hidden, title bar hidden
[2018.09.15-06.35.04:314][  0]LogCollectionManager: Loaded 0 collections in 0.001331 seconds
[2018.09.15-06.35.04:413][  0]LogFileCache: Scanning file cache for directory 'C:/Users/maxsa/Desktop/Unreal Projects/SteamProject/Saved/Collections/' took 0.01s
[2018.09.15-06.35.04:413][  0]LogFileCache: Scanning file cache for directory 'C:/Users/maxsa/Desktop/Unreal Projects/SteamProject/Content/Developers/maxsa/Collections/' took 0.01s
[2018.09.15-06.35.04:413][  0]LogFileCache: Scanning file cache for directory 'C:/Users/maxsa/Desktop/Unreal Projects/SteamProject/Content/Collections/' took 0.01s
[2018.09.15-06.35.04:413][  0]LogCollectionManager: Rebuilt the GUID cache for 0 collections in 0.000001 seconds
[2018.09.15-06.35.04:422][  0]LogContentBrowser: Native class hierarchy populated in 0.0092 seconds. Added 2575 classes and 607 folders.
[2018.09.15-06.35.04:476][  0]LogContentBrowser: Native class hierarchy updated for 'WidgetCarousel' in 0.0002 seconds. Added 0 classes and 0 folders.
[2018.09.15-06.35.06:189][  0]LogContentBrowser: Native class hierarchy updated for 'AddContentDialog' in 0.0003 seconds. Added 0 classes and 0 folders.
[2018.09.15-06.35.06:268][  0]LogContentBrowser: Native class hierarchy updated for 'SceneOutliner' in 0.0006 seconds. Added 1 classes and 2 folders.
[2018.09.15-06.35.06:781][  0]LogSlate: Took 0.020109 seconds to synchronously load lazily loaded font '../../../Engine/Content/Slate/Fonts/Roboto-Regular.ttf' (155K)
[2018.09.15-06.35.06:833][  0]LogSlate: Took 0.033316 seconds to synchronously load lazily loaded font '../../../Engine/Content/Slate/Fonts/Roboto-Bold.ttf' (160K)
[2018.09.15-06.35.06:925][  0]LogSlate: Took 0.020434 seconds to synchronously load lazily loaded font '../../../Engine/Content/Editor/Slate/Fonts/FontAwesome.ttf' (139K)
[2018.09.15-06.35.07:610][  0]LogRenderer: Reallocating scene render targets to support 1208x576 Format 10 NumSamples 1 (Frame:1).
[2018.09.15-06.35.08:343][  0]LogSlate: FSceneViewport::OnFocusLost() reason 2
[2018.09.15-06.35.08:573][  0]LogSlate: Window 'Tutorials' being destroyed
[2018.09.15-06.35.08:682][  0]LogContentBrowser: Native class hierarchy updated for 'HierarchicalLODOutliner' in 0.0003 seconds. Added 0 classes and 0 folders.
[2018.09.15-06.35.08:682][  0]LogLoad: (Engine Initialization) Total time: 105.40 seconds
[2018.09.15-06.35.08:682][  0]LogLoad: (Engine Initialization) Total Blueprint compile time: 0.00 seconds
[2018.09.15-06.35.08:797][  0]LogContentStreaming: Texture pool size now 1000 MB
[2018.09.15-06.35.09:010][  2]LogAssetRegistry: Asset discovery search completed in 58.4213 seconds
[2018.09.15-06.35.09:012][  2]LogCollectionManager: Rebuilt the object cache for 0 collections in 0.000000 seconds (found 0 objects)
[2018.09.15-06.35.09:012][  2]LogCollectionManager: Fixed up redirectors for 0 collections in 0.000067 seconds (updated 0 objects)
[2018.09.15-06.35.09:061][  2]LogSlate: Took 0.024044 seconds to synchronously load lazily loaded font '../../../Engine/Content/Slate/Fonts/Roboto-Light.ttf' (167K)
[2018.09.15-06.35.10:565][  6]LogSlate: Took 0.000250 seconds to synchronously load lazily loaded font '../../../Engine/Content/Slate/Fonts/Roboto-Light.ttf' (167K)
[2018.09.15-06.35.10:571][  6]LogAssetEditorManager: Opening Asset editor for Blueprint /Game/Blueprints/Gameplay/GameplayPC.GameplayPC
[2018.09.15-06.35.11:847][  6]LogContentBrowser: Native class hierarchy updated for 'BlueprintGraph' in 0.0006 seconds. Added 116 classes and 0 folders.
[2018.09.15-06.35.14:027][  6]LogSlate: Took 0.038427 seconds to synchronously load lazily loaded font '../../../Engine/Content/Slate/Fonts/Roboto-BoldCondensed.ttf' (158K)
[2018.09.15-06.35.15:005][  7]LogSlate: Took 0.019695 seconds to synchronously load lazily loaded font '../../../Engine/Content/Slate/Fonts/Roboto-Italic.ttf' (157K)
[2018.09.15-06.36.07:701][244]LogSlate: FSceneViewport::OnFocusLost() reason 0
[2018.09.15-06.36.08:438][311]LogSlate: Window 'GameplayPC' being destroyed
[2018.09.15-06.36.09:064][379]LogSlate: FSceneViewport::OnFocusLost() reason 0
[2018.09.15-06.36.15:183][ 22]LogSlate: Window 'Tutorials' being destroyed
[2018.09.15-06.36.15:185][ 22]LogSlate: Window 'Tutorials' being destroyed
[2018.09.15-06.36.47:430][776]LogSlate: Took 0.017049 seconds to synchronously load lazily loaded font '../../../Engine/Content/Slate/Fonts/Roboto-BoldCondensedItalic.ttf' (160K)
[2018.09.15-06.37.24:136][409]LogSlate: Prevented a slow task dialog from being summoned while a context menu was open
[2018.09.15-06.38.24:800][ 46]BlueprintLog: New page: Compile GameplayPC
[2018.09.15-06.38.25:546][ 78]Cmd: OBJ SAVEPACKAGE PACKAGE="/Game/Blueprints/Gameplay/GameplayPC" FILE="C:/Users/maxsa/Desktop/Unreal Projects/SteamProject/Content/Blueprints/Gameplay/GameplayPC.uasset" SILENT=true
[2018.09.15-06.38.25:644][ 78]LogSavePackage: Moving 'C:/Users/maxsa/Desktop/Unreal Projects/SteamProject/Saved/GameplayPCD0747C5E4FE392DFB1D9D28DF3E30372.tmp' to 'C:/Users/maxsa/Desktop/Unreal Projects/SteamProject/Content/Blueprints/Gameplay/GameplayPC.uasset'
[2018.09.15-06.39.00:677][238]LogSlate: Window 'SteamProject - Unreal Editor' being destroyed
[2018.09.15-06.39.00:678][238]LogWindowsTextInputMethodSystem: Display: IME system now deactivated.
[2018.09.15-06.39.00:882][239]Cmd: QUIT_EDITOR
[2018.09.15-06.39.00:975][239]LogExit: Preparing to exit.
[2018.09.15-06.39.01:564][239]LogExit: Editor shut down
[2018.09.15-06.39.01:564][239]LogExit: Transaction tracking system shut down
[2018.09.15-06.39.02:522][239]LogExit: Object subsystem successfully closed.
[2018.09.15-06.39.02:598][239]LogShaderCompilers: Display: Shaders left to compile 0
[2018.09.15-06.39.02:617][239]LogD3D11RHI: Shutdown
[2018.09.15-06.39.02:617][239]LogD3D11RHI: CleanupD3DDevice
[2018.09.15-06.39.02:630][239]LogD3D11RHI: ~FD3D11DynamicRHI
[2018.09.15-06.39.02:963][239]LogModuleManager: Shutting down and abandoning module BlueprintGraph (614)
[2018.09.15-06.39.02:963][239]LogModuleManager: Shutting down and abandoning module HierarchicalLODOutliner (612)
[2018.09.15-06.39.02:963][239]LogModuleManager: Shutting down and abandoning module SceneOutliner (610)
[2018.09.15-06.39.02:963][239]LogModuleManager: Shutting down and abandoning module AddContentDialog (608)
[2018.09.15-06.39.02:964][239]LogModuleManager: Shutting down and abandoning module WidgetCarousel (607)
[2018.09.15-06.39.02:964][239]LogModuleManager: Shutting down and abandoning module EditorWidgets (604)
[2018.09.15-06.39.02:964][239]LogModuleManager: Shutting down and abandoning module CollectionManager (602)
[2018.09.15-06.39.02:965][239]LogModuleManager: Shutting down and abandoning module StatsViewer (600)
[2018.09.15-06.39.02:965][239]LogModuleManager: Shutting down and abandoning module FoliageEdit (598)
[2018.09.15-06.39.02:965][239]LogModuleManager: Shutting down and abandoning module LandscapeEditor (596)
[2018.09.15-06.39.02:998][239]LogModuleManager: Shutting down and abandoning module MeshPaintMode (594)
[2018.09.15-06.39.02:998][239]LogModuleManager: Shutting down and abandoning module SceneDepthPickerMode (592)
[2018.09.15-06.39.02:998][239]LogModuleManager: Shutting down and abandoning module ActorPickerMode (590)
[2018.09.15-06.39.02:998][239]LogModuleManager: Shutting down and abandoning module GeometryMode (588)
[2018.09.15-06.39.02:998][239]LogModuleManager: Shutting down and abandoning module TextureAlignMode (586)
[2018.09.15-06.39.02:998][239]LogModuleManager: Shutting down and abandoning module BspMode (584)
[2018.09.15-06.39.02:998][239]LogModuleManager: Shutting down and abandoning module PIEPreviewDeviceProfileSelector (582)
[2018.09.15-06.39.02:998][239]LogModuleManager: Shutting down and abandoning module SequenceRecorderSections (580)
[2018.09.15-06.39.02:998][239]LogModuleManager: Shutting down and abandoning module AutomationWorker (578)
[2018.09.15-06.39.02:998][239]LogModuleManager: Shutting down and abandoning module AudioCaptureEditor (576)
[2018.09.15-06.39.02:998][239]LogModuleManager: Shutting down and abandoning module SequenceRecorder (575)
[2018.09.15-06.39.02:998][239]LogModuleManager: Shutting down and abandoning module MatineeToLevelSequence (572)
[2018.09.15-06.39.02:998][239]LogModuleManager: Shutting down and abandoning module LevelSequenceEditor (570)
[2018.09.15-06.39.03:004][239]LogModuleManager: Shutting down and abandoning module PlacementMode (569)
[2018.09.15-06.39.03:004][239]LogModuleManager: Shutting down and abandoning module MaterialEditor (568)
[2018.09.15-06.39.03:036][239]LogModuleManager: Shutting down and abandoning module WmfMediaFactory (564)
[2018.09.15-06.39.03:036][239]LogModuleManager: Shutting down and abandoning module WmfMediaEditor (562)
[2018.09.15-06.39.03:036][239]LogModuleManager: Shutting down and abandoning module MediaPlayerEditor (560)
[2018.09.15-06.39.03:036][239]LogModuleManager: Shutting down and abandoning module OpenExrWrapper (558)
[2018.09.15-06.39.03:036][239]LogModuleManager: Shutting down and abandoning module ImgMediaFactory (556)
[2018.09.15-06.39.03:036][239]LogModuleManager: Shutting down and abandoning module ImgMediaEditor (554)
[2018.09.15-06.39.03:036][239]LogModuleManager: Shutting down and abandoning module AvfMediaFactory (552)
[2018.09.15-06.39.03:036][239]LogModuleManager: Shutting down and abandoning module AvfMediaEditor (550)
[2018.09.15-06.39.03:036][239]LogModuleManager: Shutting down and abandoning module AndroidMediaFactory (548)
[2018.09.15-06.39.03:036][239]LogModuleManager: Shutting down and abandoning module AndroidMediaEditor (546)
[2018.09.15-06.39.03:036][239]LogModuleManager: Shutting down and abandoning module MagicLeapCameraPreviewFactory (544)
[2018.09.15-06.39.03:036][239]LogModuleManager: Shutting down and abandoning module MagicLeapMediaFactory (542)
[2018.09.15-06.39.03:036][239]LogModuleManager: Shutting down and abandoning module MagicLeapMediaEditor (540)
[2018.09.15-06.39.03:036][239]LogModuleManager: Shutting down and abandoning module CharacterAI (538)
[2018.09.15-06.39.03:036][239]LogModuleManager: Shutting down and abandoning module SmartSnapping (536)
[2018.09.15-06.39.03:036][239]LogModuleManager: Shutting down and abandoning module SessionServices (534)
[2018.09.15-06.39.03:036][239]LogModuleManager: Shutting down and abandoning module ViewportSnapping (532)
[2018.09.15-06.39.03:036][239]LogModuleManager: Shutting down and abandoning module ViewportInteraction (530)
[2018.09.15-06.39.03:045][239]LogModuleManager: Shutting down and abandoning module ClothPainter (528)
[2018.09.15-06.39.03:045][239]LogModuleManager: Shutting down and abandoning module SkeletalMeshEditor (527)
[2018.09.15-06.39.03:058][239]LogModuleManager: Shutting down and abandoning module LogVisualizer (524)
[2018.09.15-06.39.03:064][239]LogModuleManager: Shutting down and abandoning module IntroTutorials (522)
[2018.09.15-06.39.03:064][239]LogModuleManager: Shutting down and abandoning module GameProjectGeneration (521)
[2018.09.15-06.39.03:077][239]LogModuleManager: Shutting down and abandoning module LuminPlatformEditor (518)
[2018.09.15-06.39.03:077][239]LogModuleManager: Shutting down and abandoning module IOSPlatformEditor (516)
[2018.09.15-06.39.03:077][239]LogModuleManager: Shutting down and abandoning module HTML5PlatformEditor (514)
[2018.09.15-06.39.03:077][239]LogModuleManager: Shutting down and abandoning module AndroidPlatformEditor (512)
[2018.09.15-06.39.03:077][239]LogModuleManager: Shutting down and abandoning module AndroidDeviceDetection (511)
[2018.09.15-06.39.03:922][239]LogModuleManager: Shutting down and abandoning module WindowsPlatformEditor (508)
[2018.09.15-06.39.03:922][239]LogModuleManager: Shutting down and abandoning module LuminRuntimeSettings (506)
[2018.09.15-06.39.03:922][239]LogModuleManager: Shutting down and abandoning module IOSRuntimeSettings (504)
[2018.09.15-06.39.03:922][239]LogModuleManager: Shutting down and abandoning module AndroidRuntimeSettings (502)
[2018.09.15-06.39.03:922][239]LogModuleManager: Shutting down and abandoning module InputBindingEditor (500)
[2018.09.15-06.39.03:930][239]LogModuleManager: Shutting down and abandoning module MergeActors (498)
[2018.09.15-06.39.03:930][239]LogModuleManager: Shutting down and abandoning module LocalizationDashboard (496)
[2018.09.15-06.39.03:930][239]LogModuleManager: Shutting down and abandoning module LocalizationService (495)
[2018.09.15-06.39.03:930][239]LogModuleManager: Shutting down and abandoning module HardwareTargeting (492)
[2018.09.15-06.39.03:930][239]LogModuleManager: Shutting down and abandoning module DeviceProfileEditor (490)
[2018.09.15-06.39.03:930][239]LogModuleManager: Shutting down and abandoning module UndoHistory (488)
[2018.09.15-06.39.03:930][239]LogModuleManager: Shutting down and abandoning module XmlParser (486)
[2018.09.15-06.39.03:930][239]LogModuleManager: Shutting down and abandoning module Blutility (484)
[2018.09.15-06.39.03:930][239]LogModuleManager: Shutting down and abandoning module ProjectSettingsViewer (482)
[2018.09.15-06.39.03:930][239]LogModuleManager: Shutting down and abandoning module ProjectTargetPlatformEditor (481)
[2018.09.15-06.39.03:930][239]LogModuleManager: Shutting down and abandoning module EditorSettingsViewer (478)
[2018.09.15-06.39.03:930][239]LogModuleManager: Shutting down and abandoning module SettingsEditor (476)
[2018.09.15-06.39.03:930][239]LogModuleManager: Shutting down and abandoning module ProjectLauncher (474)
[2018.09.15-06.39.03:945][239]LogModuleManager: Shutting down and abandoning module SessionFrontend (472)
[2018.09.15-06.39.03:945][239]LogModuleManager: Shutting down and abandoning module ProfilerClient (470)
[2018.09.15-06.39.03:950][239]LogModuleManager: Shutting down and abandoning module DeviceManager (468)
[2018.09.15-06.39.03:951][239]LogModuleManager: Shutting down and abandoning module TargetDeviceServices (467)
[2018.09.15-06.39.04:003][239]LogModuleManager: Shutting down and abandoning module AutomationController (464)
[2018.09.15-06.39.04:003][239]LogModuleManager: Shutting down and abandoning module AutomationWindow (462)
[2018.09.15-06.39.04:016][239]LogModuleManager: Shutting down and abandoning module Layers (460)
[2018.09.15-06.39.04:033][239]LogModuleManager: Shutting down and abandoning module ComponentVisualizers (458)
[2018.09.15-06.39.04:033][239]LogModuleManager: Shutting down and abandoning module DetailCustomizations (456)
[2018.09.15-06.39.04:033][239]LogModuleManager: Shutting down and abandoning module PackagesDialog (454)
[2018.09.15-06.39.04:033][239]LogModuleManager: Shutting down and abandoning module Persona (452)
[2018.09.15-06.39.04:047][239]LogModuleManager: Shutting down and abandoning module AdvancedPreviewScene (451)
[2018.09.15-06.39.04:048][239]LogModuleManager: Shutting down and abandoning module AnimGraph (449)
[2018.09.15-06.39.04:048][239]LogModuleManager: Shutting down and abandoning module Kismet (446)
[2018.09.15-06.39.04:052][239]LogModuleManager: Shutting down and abandoning module GraphEditor (444)
[2018.09.15-06.39.04:052][239]LogModuleManager: Shutting down and abandoning module ClassViewer (442)
[2018.09.15-06.39.04:053][239]LogModuleManager: Shutting down and abandoning module Toolbox (440)
[2018.09.15-06.39.04:053][239]LogModuleManager: Shutting down and abandoning module ModuleUI (438)
[2018.09.15-06.39.04:061][239]LogModuleManager: Shutting down and abandoning module MovieSceneTools (436)
[2018.09.15-06.39.04:061][239]LogModuleManager: Shutting down and abandoning module OutputLog (434)
[2018.09.15-06.39.04:061][239]LogModuleManager: Shutting down and abandoning module GammaUI (432)
[2018.09.15-06.39.04:062][239]LogModuleManager: Shutting down and abandoning module Documentation (430)
[2018.09.15-06.39.04:062][239]LogModuleManager: Shutting down and abandoning module MovieSceneTracks (428)
[2018.09.15-06.39.04:070][239]LogModuleManager: Shutting down and abandoning module MovieScene (426)
[2018.09.15-06.39.04:070][239]LogModuleManager: Shutting down and abandoning module StreamingPauseRendering (424)
[2018.09.15-06.39.04:070][239]LogModuleManager: Shutting down and abandoning module LauncherPlatform (422)
[2018.09.15-06.39.04:070][239]LogModuleManager: Shutting down and abandoning module AnalyticsET (420)
[2018.09.15-06.39.04:070][239]LogModuleManager: Shutting down and abandoning module PortalServices (418)
[2018.09.15-06.39.04:070][239]LogModuleManager: Shutting down and abandoning module PortalRpc (416)
[2018.09.15-06.39.04:070][239]LogModuleManager: Shutting down and abandoning module MessagingRpc (414)
[2018.09.15-06.39.04:070][239]LogModuleManager: Shutting down and abandoning module AIModule (412)
[2018.09.15-06.39.04:071][239]LogModuleManager: Shutting down and abandoning module GameplayDebugger (411)
[2018.09.15-06.39.04:071][239]LogModuleManager: Shutting down and abandoning module AITestSuite (409)
[2018.09.15-06.39.04:071][239]LogModuleManager: Shutting down and abandoning module NavigationSystem (407)
[2018.09.15-06.39.04:071][239]LogModuleManager: Shutting down and abandoning module DesktopPlatform (404)
[2018.09.15-06.39.04:071][239]LogModuleManager: Shutting down and abandoning module ProfilerService (402)
[2018.09.15-06.39.04:095][239]LogModuleManager: Shutting down and abandoning module TaskGraph (400)
[2018.09.15-06.39.04:095][239]LogModuleManager: Shutting down and abandoning module SteamVRController (398)
[2018.09.15-06.39.04:095][239]LogModuleManager: Shutting down and abandoning module ProceduralMeshComponentEditor (396)
[2018.09.15-06.39.04:095][239]LogModuleManager: Shutting down and abandoning module ProceduralMeshComponent (394)
[2018.09.15-06.39.04:095][239]LogModuleManager: Shutting down and abandoning module OculusInput (392)
[2018.09.15-06.39.04:095][239]LogModuleManager: Shutting down and abandoning module MobilePatchingUtils (390)
[2018.09.15-06.39.04:095][239]LogModuleManager: Shutting down and abandoning module EditableMesh (388)
[2018.09.15-06.39.04:095][239]LogModuleManager: Shutting down and abandoning module CustomMeshComponent (386)
[2018.09.15-06.39.04:095][239]LogModuleManager: Shutting down and abandoning module CableComponent (384)
[2018.09.15-06.39.04:095][239]LogModuleManager: Shutting down and abandoning module AudioCapture (382)
[2018.09.15-06.39.04:095][239]LogModuleManager: Shutting down and abandoning module ArchVisCharacter (380)
[2018.09.15-06.39.04:095][239]LogModuleManager: Shutting down and abandoning module AndroidPermission (378)
[2018.09.15-06.39.04:095][239]LogModuleManager: Shutting down and abandoning module NUTUnrealEngine4 (376)
[2018.09.15-06.39.04:095][239]LogModuleManager: Shutting down and abandoning module NetcodeUnitTest (374)
[2018.09.15-06.39.04:111][239]LogModuleManager: Shutting down and abandoning module MediaCompositingEditor (372)
[2018.09.15-06.39.04:111][239]LogModuleManager: Shutting down and abandoning module MediaCompositing (370)
[2018.09.15-06.39.04:111][239]LogModuleManager: Shutting down and abandoning module LinearTimecode (368)
[2018.09.15-06.39.04:111][239]LogModuleManager: Shutting down and abandoning module ImgMedia (366)
[2018.09.15-06.39.04:122][239]LogModuleManager: Shutting down and abandoning module HTML5Networking (364)
[2018.09.15-06.39.04:122][239]LogModuleManager: Shutting down and abandoning module GeometryCacheTracks (362)
[2018.09.15-06.39.04:122][239]LogModuleManager: Shutting down and abandoning module GeometryCacheSequencer (360)
[2018.09.15-06.39.04:122][239]LogModuleManager: Shutting down and abandoning module BackChannel (358)
[2018.09.15-06.39.04:127][239]LogModuleManager: Shutting down and abandoning module AppleVision (356)
[2018.09.15-06.39.04:127][239]LogModuleManager: Shutting down and abandoning module AppleImageUtils (354)
[2018.09.15-06.39.04:127][239]LogModuleManager: Shutting down and abandoning module AlembicImporter (352)
[2018.09.15-06.39.04:127][239]LogModuleManager: Shutting down and abandoning module AlembicLibrary (351)
[2018.09.15-06.39.04:127][239]LogModuleManager: Shutting down and abandoning module GeometryCache (350)
[2018.09.15-06.39.04:127][239]LogModuleManager: Shutting down and abandoning module GeometryCacheEd (349)
[2018.09.15-06.39.04:127][239]LogModuleManager: Shutting down and abandoning module DatasmithContentEditor (344)
[2018.09.15-06.39.04:127][239]LogModuleManager: Shutting down and abandoning module DatasmithContent (342)
[2018.09.15-06.39.04:127][239]LogModuleManager: Shutting down and abandoning module SpeedTreeImporter (340)
[2018.09.15-06.39.04:127][239]LogModuleManager: Shutting down and abandoning module PluginBrowser (338)
[2018.09.15-06.39.04:139][239]LogModuleManager: Shutting down and abandoning module MobileLauncherProfileWizard (336)
[2018.09.15-06.39.04:145][239]LogModuleManager: Shutting down and abandoning module PolygonModeling (334)
[2018.09.15-06.39.04:145][239]LogModuleManager: Shutting down and abandoning module MeshEditor (332)
[2018.09.15-06.39.04:145][239]LogModuleManager: Shutting down and abandoning module CryptoKeysOpenSSL (330)
[2018.09.15-06.39.04:145][239]LogModuleManager: Shutting down and abandoning module CryptoKeys (328)
[2018.09.15-06.39.04:145][239]LogModuleManager: Shutting down and abandoning module VisualStudioSourceCodeAccess (326)
[2018.09.15-06.39.04:146][239]LogModuleManager: Shutting down and abandoning module VisualStudioCodeSourceCodeAccess (324)
[2018.09.15-06.39.04:146][239]LogModuleManager: Shutting down and abandoning module UObjectPlugin (322)
[2018.09.15-06.39.04:146][239]LogModuleManager: Shutting down and abandoning module SubversionSourceControl (320)
[2018.09.15-06.39.04:146][239]LogModuleManager: Shutting down and abandoning module PerforceSourceControl (318)
[2018.09.15-06.39.04:154][239]LogModuleManager: Shutting down and abandoning module GitSourceControl (316)
[2018.09.15-06.39.04:154][239]LogModuleManager: Shutting down and abandoning module SourceControl (315)
[2018.09.15-06.39.04:154][239]LogModuleManager: Shutting down and abandoning module CLionSourceCodeAccess (312)
[2018.09.15-06.39.04:154][239]LogModuleManager: Shutting down and abandoning module LightPropagationVolumeEditor (310)
[2018.09.15-06.39.04:154][239]LogModuleManager: Shutting down and abandoning module PaperTiledImporter (308)
[2018.09.15-06.39.04:154][239]LogModuleManager: Shutting down and abandoning module PaperSpriteSheetImporter (306)
[2018.09.15-06.39.04:154][239]LogModuleManager: Shutting down and abandoning module Paper2DEditor (304)
[2018.09.15-06.39.04:175][239]LogModuleManager: Shutting down and abandoning module MeshPaint (303)
[2018.09.15-06.39.04:175][239]LogModuleManager: Shutting down and abandoning module RuntimePhysXCooking (300)
[2018.09.15-06.39.04:175][239]LogModuleManager: Shutting down and abandoning module PhysXVehiclesEditor (298)
[2018.09.15-06.39.04:175][239]LogModuleManager: Shutting down and abandoning module PhysXVehicles (296)
[2018.09.15-06.39.04:175][239]LogModuleManager: Shutting down and abandoning module OculusEditor (294)
[2018.09.15-06.39.04:175][239]LogModuleManager: Shutting down and abandoning module LocationServicesBPLibrary (292)
[2018.09.15-06.39.04:175][239]LogModuleManager: Shutting down and abandoning module ImmediatePhysicsEditor (290)
[2018.09.15-06.39.04:175][239]LogModuleManager: Shutting down and abandoning module ImmediatePhysics (288)
[2018.09.15-06.39.04:175][239]LogModuleManager: Shutting down and abandoning module ActorSequence (286)
[2018.09.15-06.39.04:175][239]LogModuleManager: Shutting down and abandoning module UdpMessaging (284)
[2018.09.15-06.39.04:276][239]LogModuleManager: Shutting down and abandoning module TcpMessaging (282)
[2018.09.15-06.39.04:380][239]LogModuleManager: Shutting down and abandoning module MagicLeapAudio (280)
[2018.09.15-06.39.04:380][239]LogModuleManager: Shutting down and abandoning module GameplayTagsEditor (278)
[2018.09.15-06.39.04:390][239]LogModuleManager: Shutting down and abandoning module FacialAnimationEditor (276)
[2018.09.15-06.39.04:390][239]LogModuleManager: Shutting down and abandoning module FacialAnimation (274)
[2018.09.15-06.39.04:390][239]LogModuleManager: Shutting down and abandoning module DataValidation (272)
[2018.09.15-06.39.04:390][239]LogModuleManager: Shutting down and abandoning module AssetManagerEditor (270)
[2018.09.15-06.39.04:409][239]LogModuleManager: Shutting down and abandoning module LevelEditor (269)
[2018.09.15-06.39.04:410][239]LogModuleManager: Shutting down and abandoning module PixelInspectorModule (268)
[2018.09.15-06.39.04:410][239]LogModuleManager: Shutting down and abandoning module CommonMenuExtensions (266)
[2018.09.15-06.39.04:410][239]LogModuleManager: Shutting down and abandoning module MainFrame (264)
[2018.09.15-06.39.04:411][239]LogModuleManager: Shutting down and abandoning module HotReload (263)
[2018.09.15-06.39.04:411][239]LogModuleManager: Shutting down and abandoning module ContentBrowser (259)
[2018.09.15-06.39.04:412][239]LogModuleManager: Shutting down and abandoning module TreeMap (257)
[2018.09.15-06.39.04:412][239]LogModuleManager: Shutting down and abandoning module LightPropagationVolumeRuntime (254)
[2018.09.15-06.39.04:412][239]LogModuleManager: Shutting down and abandoning module AISupportModule (252)
[2018.09.15-06.39.04:412][239]LogModuleManager: Shutting down and abandoning module Paper2D (250)
[2018.09.15-06.39.04:412][239]LogModuleManager: Shutting down and abandoning module WindowsMoviePlayer (248)
[2018.09.15-06.39.04:412][239]LogModuleManager: Shutting down and abandoning module WmfMedia (246)
[2018.09.15-06.39.04:424][239]LogModuleManager: Shutting down and abandoning module Media (245)
[2018.09.15-06.39.04:431][239]LogModuleManager: Shutting down and abandoning module PacketHandler (242)
[2018.09.15-06.39.04:431][239]LogModuleManager: Shutting down and abandoning module ClothingSystemEditor (240)
[2018.09.15-06.39.04:431][239]LogModuleManager: Shutting down and abandoning module ClothingSystemRuntime (238)
[2018.09.15-06.39.04:440][239]LogModuleManager: Shutting down and abandoning module MediaAssets (236)
[2018.09.15-06.39.04:440][239]LogModuleManager: Shutting down and abandoning module Overlay (234)
[2018.09.15-06.39.04:440][239]LogModuleManager: Shutting down and abandoning module OverlayEditor (233)
[2018.09.15-06.39.04:440][239]LogModuleManager: Shutting down and abandoning module VREditor (230)
[2018.09.15-06.39.04:451][239]LogModuleManager: Shutting down and abandoning module StringTableEditor (228)
[2018.09.15-06.39.04:458][239]LogModuleManager: Shutting down and abandoning module GameplayTasksEditor (226)
[2018.09.15-06.39.04:459][239]LogModuleManager: Shutting down and abandoning module BehaviorTreeEditor (224)
[2018.09.15-06.39.04:470][239]LogModuleManager: Shutting down and abandoning module FunctionalTesting (222)
[2018.09.15-06.39.04:470][239]LogModuleManager: Shutting down and abandoning module CollisionAnalyzer (220)
[2018.09.15-06.39.04:470][239]LogModuleManager: Shutting down and abandoning module WorkspaceMenuStructure (219)
[2018.09.15-06.39.04:470][239]LogModuleManager: Shutting down and abandoning module UMG (216)
[2018.09.15-06.39.04:478][239]LogModuleManager: Shutting down and abandoning module UMGEditor (215)
[2018.09.15-06.39.04:485][239]LogModuleManager: Shutting down and abandoning module Sequencer (214)
[2018.09.15-06.39.04:504][239]LogModuleManager: Shutting down and abandoning module MessageLog (211)
[2018.09.15-06.39.04:504][239]LogModuleManager: Shutting down and abandoning module SlateReflector (206)
[2018.09.15-06.39.04:522][239]LogModuleManager: Shutting down and abandoning module Slate (204)
[2018.09.15-06.39.04:522][239]LogModuleManager: Shutting down and abandoning module EditorStyle (202)
[2018.09.15-06.39.04:524][239]LogModuleManager: Shutting down and abandoning module MRMesh (200)
[2018.09.15-06.39.04:524][239]LogModuleManager: Shutting down and abandoning module SourceCodeAccess (198)
[2018.09.15-06.39.04:524][239]LogModuleManager: Shutting down and abandoning module HeadMountedDisplay (196)
[2018.09.15-06.39.04:524][239]LogModuleManager: Shutting down and abandoning module XAudio2 (194)
[2018.09.15-06.39.04:524][239]LogModuleManager: Shutting down and abandoning module Networking (192)
[2018.09.15-06.39.04:524][239]LogModuleManager: Shutting down and abandoning module Core (190)
[2018.09.15-06.39.04:524][239]LogModuleManager: Shutting down and abandoning module LevelSequence (188)
[2018.09.15-06.39.04:524][239]LogModuleManager: Shutting down and abandoning module KismetCompiler (186)
[2018.09.15-06.39.04:524][239]LogModuleManager: Shutting down and abandoning module MeshUtilities (184)
[2018.09.15-06.39.04:524][239]LogModuleManager: Shutting down and abandoning module MeshMergeUtilities (183)
[2018.09.15-06.39.04:524][239]LogModuleManager: Shutting down and abandoning module MeshReductionInterface (182)
[2018.09.15-06.39.04:524][239]LogModuleManager: Shutting down and abandoning module SimplygonSwarm (181)
[2018.09.15-06.39.04:535][239]LogModuleManager: Shutting down and abandoning module ProxyLODMeshReduction (179)
[2018.09.15-06.39.04:551][239]LogModuleManager: Shutting down and abandoning module SimplygonMeshReduction (177)
[2018.09.15-06.39.04:551][239]LogModuleManager: Shutting down and abandoning module QuadricMeshReduction (175)
[2018.09.15-06.39.04:561][239]LogModuleManager: Shutting down and abandoning module MaterialBaking (171)
[2018.09.15-06.39.04:561][239]LogModuleManager: Shutting down and abandoning module DirectoryWatcher (167)
[2018.09.15-06.39.04:561][239]LogModuleManager: Shutting down and abandoning module DerivedDataCache (164)
[2018.09.15-06.39.04:618][239]LogDerivedDataCache: Shutdown
[2018.09.15-06.39.04:618][239]LogModuleManager: Shutting down and abandoning module XGEController (162)
[2018.09.15-06.39.04:618][239]LogXGEController: Cleaning working directory: C:/Users/maxsa/AppData/Local/Temp/UnrealXGEWorkingDir/
[2018.09.15-06.39.04:618][239]LogModuleManager: Shutting down and abandoning module TargetPlatform (160)
[2018.09.15-06.39.04:618][239]LogModuleManager: Shutting down and abandoning module VulkanShaderFormat (159)
[2018.09.15-06.39.04:618][239]LogModuleManager: Shutting down and abandoning module ShaderFormatVectorVM (157)
[2018.09.15-06.39.04:618][239]LogModuleManager: Shutting down and abandoning module ShaderFormatOpenGL (155)
[2018.09.15-06.39.04:626][239]LogModuleManager: Shutting down and abandoning module ShaderFormatD3D (153)
[2018.09.15-06.39.04:626][239]LogModuleManager: Shutting down and abandoning module MetalShaderFormat (151)
[2018.09.15-06.39.04:636][239]LogModuleManager: Shutting down and abandoning module TextureFormatUncompressed (149)
[2018.09.15-06.39.04:637][239]LogModuleManager: Shutting down and abandoning module TextureFormatPVR (147)
[2018.09.15-06.39.04:637][239]LogModuleManager: Shutting down and abandoning module TextureFormatDXT (145)
[2018.09.15-06.39.04:637][239]LogModuleManager: Shutting down and abandoning module TextureFormatIntelISPCTexComp (143)
[2018.09.15-06.39.04:637][239]LogModuleManager: Shutting down and abandoning module TextureFormatASTC (141)
[2018.09.15-06.39.04:637][239]LogModuleManager: Shutting down and abandoning module ImageWrapper (140)
[2018.09.15-06.39.04:637][239]LogModuleManager: Shutting down and abandoning module TextureFormatAndroid (137)
[2018.09.15-06.39.04:637][239]LogModuleManager: Shutting down and abandoning module AudioFormatOpus (135)
[2018.09.15-06.39.04:637][239]LogModuleManager: Shutting down and abandoning module AudioFormatOgg (133)
[2018.09.15-06.39.04:637][239]LogModuleManager: Shutting down and abandoning module AudioFormatADPCM (131)
[2018.09.15-06.39.04:637][239]LogModuleManager: Shutting down and abandoning module LuminTargetPlatform (129)
[2018.09.15-06.39.04:637][239]LogModuleManager: Shutting down and abandoning module LinuxTargetPlatform (127)
[2018.09.15-06.39.04:637][239]LogModuleManager: Shutting down and abandoning module LinuxServerTargetPlatform (125)
[2018.09.15-06.39.04:637][239]LogModuleManager: Shutting down and abandoning module LinuxNoEditorTargetPlatform (123)
[2018.09.15-06.39.04:637][239]LogModuleManager: Shutting down and abandoning module LinuxClientTargetPlatform (121)
[2018.09.15-06.39.04:637][239]LogModuleManager: Shutting down and abandoning module TVOSTargetPlatform (119)
[2018.09.15-06.39.04:638][239]LogModuleManager: Shutting down and abandoning module Messaging (117)
[2018.09.15-06.39.04:638][239]LogModuleManager: Shutting down and abandoning module IOSTargetPlatform (115)
[2018.09.15-06.39.04:638][239]LogModuleManager: Shutting down and abandoning module HTML5TargetPlatform (113)
[2018.09.15-06.39.04:638][239]LogModuleManager: Shutting down and abandoning module AndroidTargetPlatform (111)
[2018.09.15-06.39.04:644][239]LogModuleManager: Shutting down and abandoning module WindowsTargetPlatform (109)
[2018.09.15-06.39.04:644][239]LogModuleManager: Shutting down and abandoning module WindowsServerTargetPlatform (107)
[2018.09.15-06.39.04:644][239]LogModuleManager: Shutting down and abandoning module WindowsNoEditorTargetPlatform (105)
[2018.09.15-06.39.04:644][239]LogModuleManager: Shutting down and abandoning module WindowsClientTargetPlatform (103)
[2018.09.15-06.39.04:644][239]LogModuleManager: Shutting down and abandoning module MacTargetPlatform (101)
[2018.09.15-06.39.04:644][239]LogModuleManager: Shutting down and abandoning module MacServerTargetPlatform (99)
[2018.09.15-06.39.04:644][239]LogModuleManager: Shutting down and abandoning module MacNoEditorTargetPlatform (97)
[2018.09.15-06.39.04:644][239]LogModuleManager: Shutting down and abandoning module MacClientTargetPlatform (95)
[2018.09.15-06.39.04:644][239]LogModuleManager: Shutting down and abandoning module AllDesktopTargetPlatform (93)
[2018.09.15-06.39.04:644][239]LogModuleManager: Shutting down and abandoning module InputCore (90)
[2018.09.15-06.39.04:644][239]LogModuleManager: Shutting down and abandoning module Settings (88)
[2018.09.15-06.39.04:644][239]LogModuleManager: Shutting down and abandoning module PhysXCooking (86)
[2018.09.15-06.39.04:644][239]LogModuleManager: Shutting down and abandoning module SteamVR (84)
[2018.09.15-06.39.04:644][239]LogModuleManager: Shutting down and abandoning module OculusHMD (82)
[2018.09.15-06.39.04:644][239]LogModuleManager: Shutting down and abandoning module ExampleDeviceProfileSelector (80)
[2018.09.15-06.39.04:644][239]LogModuleManager: Shutting down and abandoning module LauncherChunkInstaller (78)
[2018.09.15-06.39.04:644][239]LogModuleManager: Shutting down and abandoning module OnlineBlueprintSupport (76)
[2018.09.15-06.39.04:644][239]LogModuleManager: Shutting down and abandoning module OnlineSubsystem (72)
[2018.09.15-06.39.04:672][239]LogModuleManager: Shutting down and abandoning module XMPP (65)
[2018.09.15-06.39.04:687][239]LogModuleManager: Shutting down and abandoning module WebSockets (64)
[2018.09.15-06.39.04:729][239]LogModuleManager: Shutting down and abandoning module HTTP (61)
[2018.09.15-06.39.04:729][239]LogHttp: Display: Http module shutting down, but needs to wait on 1 outstanding Http requests:
[2018.09.15-06.39.04:729][239]LogHttp: Display: 	verb=[POST] url=[https://datarouter.ol.epicgames.com/datarouter/api/v1/public/data?SessionID=%7BE73221F0-409B-70A4-AF7B-94B04C46CBC6%7D&AppID=UEEditor.Rocket.Release&AppVersion=4.20.2-4302132%2B%2B%2BUE4%2BRelease-4.20&UserID=9b2d74f540de947067f12f85f0e10fc3%7C121cf0c067fc45bf8a47a34e1f08bd7e%7C6529c761-14eb-4014-bd30-d410aae9a07c&AppEnvironment=datacollector-binary&UploadType=eteventstream] status=Processing
[2018.09.15-06.39.04:745][239]LogModuleManager: Shutting down and abandoning module SSL (60)
[2018.09.15-06.39.04:750][239]LogModuleManager: Shutting down and abandoning module MagicLeapEmulator (56)
[2018.09.15-06.39.04:750][239]LogModuleManager: Shutting down and abandoning module MagicLeapPrivileges (54)
[2018.09.15-06.39.04:751][239]LogModuleManager: Shutting down and abandoning module MagicLeapIdentity (52)
[2018.09.15-06.39.04:751][239]LogModuleManager: Shutting down and abandoning module MagicLeapHelperVulkan (50)
[2018.09.15-06.39.04:751][239]LogModuleManager: Shutting down and abandoning module MagicLeapHelperOpenGL (48)
[2018.09.15-06.39.04:751][239]LogModuleManager: Shutting down and abandoning module MagicLeapSecureStorage (46)
[2018.09.15-06.39.04:751][239]LogModuleManager: Shutting down and abandoning module MagicLeapGestures (44)
[2018.09.15-06.39.04:751][239]LogModuleManager: Shutting down and abandoning module MagicLeapEyeTracker (42)
[2018.09.15-06.39.04:751][239]LogModuleManager: Shutting down and abandoning module MagicLeapController (40)
[2018.09.15-06.39.04:751][239]LogSlate: Slate User Destroyed.  User Index 0, Is Virtual User: 0
[2018.09.15-06.39.04:751][239]LogModuleManager: Shutting down and abandoning module MagicLeap (38)
[2018.09.15-06.39.04:752][239]LogModuleManager: Shutting down and abandoning module AnimationModifiers (36)
[2018.09.15-06.39.04:759][239]LogModuleManager: Shutting down and abandoning module PropertyEditor (35)
[2018.09.15-06.39.04:759][239]LogModuleManager: Shutting down and abandoning module AudioEditor (32)
[2018.09.15-06.39.04:762][239]LogModuleManager: Shutting down and abandoning module TextureCompressor (30)
[2018.09.15-06.39.04:763][239]LogModuleManager: Shutting down and abandoning module ShaderCore (28)
[2018.09.15-06.39.04:763][239]LogModuleManager: Shutting down and abandoning module Landscape (26)
[2018.09.15-06.39.04:763][239]LogModuleManager: Shutting down and abandoning module SlateRHIRenderer (24)
[2018.09.15-06.39.04:774][239]LogModuleManager: Shutting down and abandoning module OpenGLDrv (22)
[2018.09.15-06.39.04:781][239]LogModuleManager: Shutting down and abandoning module D3D11RHI (20)
[2018.09.15-06.39.04:781][239]LogModuleManager: Shutting down and abandoning module AnimGraphRuntime (18)
[2018.09.15-06.39.04:781][239]LogModuleManager: Shutting down and abandoning module Renderer (16)
[2018.09.15-06.39.04:781][239]LogModuleManager: Shutting down and abandoning module Engine (14)
[2018.09.15-06.39.04:781][239]LogModuleManager: Shutting down and abandoning module CoreUObject (12)
[2018.09.15-06.39.04:781][239]LogModuleManager: Shutting down and abandoning module NetworkFile (10)
[2018.09.15-06.39.04:781][239]LogModuleManager: Shutting down and abandoning module CookedIterativeFile (8)
[2018.09.15-06.39.04:781][239]LogModuleManager: Shutting down and abandoning module StreamingFile (6)
[2018.09.15-06.39.04:781][239]LogModuleManager: Shutting down and abandoning module SandboxFile (4)
[2018.09.15-06.39.04:781][239]LogModuleManager: Shutting down and abandoning module PakFile (2)
[2018.09.15-06.39.04:784][239]LogExit: Exiting.
[2018.09.15-06.39.04:796][239]Log file closed, 09/15/18 02:39:04
