Log file open, 08/04/18 10:17:24
LogWindows: Failed to load 'aqProf.dll' (GetLastError=126)
LogWindows: File 'aqProf.dll' does not exist
LogWindows: Failed to load 'VtuneApi.dll' (GetLastError=126)
LogWindows: File 'VtuneApi.dll' does not exist
LogWindows: Failed to load 'VtuneApi32e.dll' (GetLastError=126)
LogWindows: File 'VtuneApi32e.dll' does not exist
LogInit: Display: Running engine for game: SteamProject
LogPlatformFile: Not using cached read wrapper
LogInit: Display: RandInit(-1492873056) SRandInit(-1492873056).
LogInit: Read version file with build ID '3944462'
LogInit: Overriding engine version to CL 4033788, compatible CL 3944462
LogInit: Registered custom module enumerator with build ID '3944462'
LogTaskGraph: Started task graph with 5 named threads and 14 total threads with 3 sets of task threads.
LogStats: Stats thread started at 0.177331
LogD3D11RHI: Aftermath initialized
LogICUInternationalization: Display: ICU TimeZone Detection - Raw Offset: -5:00, Platform Override: ''
LogModuleManager: Display: Found up-to-date module file ../../../Engine/Plugins/2D/Paper2D/Binaries/Win64/UE4Editor-Paper2D.dll (API version 3944462).
LogModuleManager: Display: Found up-to-date module file ../../../Engine/Plugins/2D/Paper2D/Binaries/Win64/UE4Editor-Paper2DEditor.dll (API version 3944462).
LogModuleManager: Display: Found up-to-date module file ../../../Engine/Plugins/2D/Paper2D/Binaries/Win64/UE4Editor-PaperSpriteSheetImporter.dll (API version 3944462).
LogModuleManager: Display: Found up-to-date module file ../../../Engine/Plugins/2D/Paper2D/Binaries/Win64/UE4Editor-PaperTiledImporter.dll (API version 3944462).
LogModuleManager: Display: Found up-to-date module file ../../../Engine/Plugins/2D/Paper2D/Binaries/Win64/UE4Editor-SmartSnapping.dll (API version 3944462).
LogModuleManager: Display: Found up-to-date module file ../../../Engine/Plugins/Blendables/LightPropagationVolume/Binaries/Win64/UE4Editor-LightPropagationVolumeRuntime.dll (API version 3944462).
LogModuleManager: Display: Found up-to-date module file ../../../Engine/Plugins/Blendables/LightPropagationVolume/Binaries/Win64/UE4Editor-LightPropagationVolumeEditor.dll (API version 3944462).
LogModuleManager: Display: Found up-to-date module file ../../../Engine/Plugins/Developer/CLionSourceCodeAccess/Binaries/Win64/UE4Editor-CLionSourceCodeAccess.dll (API version 3944462).
LogModuleManager: Display: Found up-to-date module file ../../../Engine/Plugins/Developer/GitSourceControl/Binaries/Win64/UE4Editor-GitSourceControl.dll (API version 3944462).
LogModuleManager: Display: Found up-to-date module file ../../../Engine/Plugins/Developer/PerforceSourceControl/Binaries/Win64/UE4Editor-PerforceSourceControl.dll (API version 3944462).
LogModuleManager: Display: Found up-to-date module file ../../../Engine/Plugins/Developer/SubversionSourceControl/Binaries/Win64/UE4Editor-SubversionSourceControl.dll (API version 3944462).
LogModuleManager: Display: Found up-to-date module file ../../../Engine/Plugins/Developer/UObjectPlugin/Binaries/Win64/UE4Editor-UObjectPlugin.dll (API version 3944462).
LogModuleManager: Display: Found up-to-date module file ../../../Engine/Plugins/Developer/VisualStudioCodeSourceCodeAccess/Binaries/Win64/UE4Editor-VisualStudioCodeSourceCodeAccess.dll (API version 3944462).
LogModuleManager: Display: Found up-to-date module file ../../../Engine/Plugins/Developer/VisualStudioSourceCodeAccess/Binaries/Win64/UE4Editor-VisualStudioSourceCodeAccess.dll (API version 3944462).
LogModuleManager: Display: Found up-to-date module file ../../../Engine/Plugins/Editor/AssetManagerEditor/Binaries/Win64/UE4Editor-AssetManagerEditor.dll (API version 3944462).
LogModuleManager: Display: Found up-to-date module file ../../../Engine/Plugins/Editor/CryptoKeys/Binaries/Win64/UE4Editor-CryptoKeys.dll (API version 3944462).
LogModuleManager: Display: Found up-to-date module file ../../../Engine/Plugins/Editor/CryptoKeys/Binaries/Win64/UE4Editor-CryptoKeysOpenSSL.dll (API version 3944462).
LogModuleManager: Display: Found up-to-date module file ../../../Engine/Plugins/Editor/DataValidation/Binaries/Win64/UE4Editor-DataValidation.dll (API version 3944462).
LogModuleManager: Display: Found up-to-date module file ../../../Engine/Plugins/Editor/FacialAnimation/Binaries/Win64/UE4Editor-FacialAnimation.dll (API version 3944462).
LogModuleManager: Display: Found up-to-date module file ../../../Engine/Plugins/Editor/FacialAnimation/Binaries/Win64/UE4Editor-FacialAnimationEditor.dll (API version 3944462).
LogModuleManager: Display: Found up-to-date module file ../../../Engine/Plugins/Editor/GameplayTagsEditor/Binaries/Win64/UE4Editor-GameplayTagsEditor.dll (API version 3944462).
LogModuleManager: Display: Found up-to-date module file ../../../Engine/Plugins/Editor/MobileLauncherProfileWizard/Binaries/Win64/UE4Editor-MobileLauncherProfileWizard.dll (API version 3944462).
LogModuleManager: Display: Found up-to-date module file ../../../Engine/Plugins/Editor/PluginBrowser/Binaries/Win64/UE4Editor-PluginBrowser.dll (API version 3944462).
LogModuleManager: Display: Found up-to-date module file ../../../Engine/Plugins/Editor/SpeedTreeImporter/Binaries/Win64/UE4Editor-SpeedTreeImporter.dll (API version 3944462).
LogModuleManager: Display: Found up-to-date module file ../../../Engine/Plugins/Enterprise/DatasmithContent/Binaries/Win64/UE4Editor-DatasmithContent.dll (API version 3944462).
LogModuleManager: Display: Found up-to-date module file ../../../Engine/Plugins/Experimental/AlembicImporter/Binaries/Win64/UE4Editor-AlembicImporter.dll (API version 3944462).
LogModuleManager: Display: Found up-to-date module file ../../../Engine/Plugins/Experimental/AlembicImporter/Binaries/Win64/UE4Editor-AlembicLibrary.dll (API version 3944462).
LogModuleManager: Display: Found up-to-date module file ../../../Engine/Plugins/Experimental/CharacterAI/Binaries/Win64/UE4Editor-CharacterAI.dll (API version 3944462).
LogModuleManager: Display: Found up-to-date module file ../../../Engine/Plugins/Experimental/HTML5Networking/Binaries/Win64/UE4Editor-HTML5Networking.dll (API version 3944462).
LogModuleManager: Display: Found up-to-date module file ../../../Engine/Plugins/Media/AndroidMedia/Binaries/Win64/UE4Editor-AndroidMediaEditor.dll (API version 3944462).
LogModuleManager: Display: Found up-to-date module file ../../../Engine/Plugins/Media/AndroidMedia/Binaries/Win64/UE4Editor-AndroidMediaFactory.dll (API version 3944462).
LogModuleManager: Display: Found up-to-date module file ../../../Engine/Plugins/Media/AvfMedia/Binaries/Win64/UE4Editor-AvfMediaEditor.dll (API version 3944462).
LogModuleManager: Display: Found up-to-date module file ../../../Engine/Plugins/Media/AvfMedia/Binaries/Win64/UE4Editor-AvfMediaFactory.dll (API version 3944462).
LogModuleManager: Display: Found up-to-date module file ../../../Engine/Plugins/Media/AvfMedia/Binaries/Win64/UE4Editor-AvfMediaFactory.dll (API version 3944462).
LogModuleManager: Display: Found up-to-date module file ../../../Engine/Plugins/Media/ImgMedia/Binaries/Win64/UE4Editor-ImgMedia.dll (API version 3944462).
LogModuleManager: Display: Found up-to-date module file ../../../Engine/Plugins/Media/ImgMedia/Binaries/Win64/UE4Editor-ImgMediaEditor.dll (API version 3944462).
LogModuleManager: Display: Found up-to-date module file ../../../Engine/Plugins/Media/ImgMedia/Binaries/Win64/UE4Editor-ImgMediaFactory.dll (API version 3944462).
LogModuleManager: Display: Found up-to-date module file ../../../Engine/Plugins/Media/ImgMedia/Binaries/Win64/UE4Editor-ImgMediaFactory.dll (API version 3944462).
LogModuleManager: Display: Found up-to-date module file ../../../Engine/Plugins/Media/ImgMedia/Binaries/Win64/UE4Editor-OpenExrWrapper.dll (API version 3944462).
LogModuleManager: Display: Found up-to-date module file ../../../Engine/Plugins/Media/LinearTimecode/Binaries/Win64/UE4Editor-LinearTimecode.dll (API version 3944462).
LogModuleManager: Display: Found up-to-date module file ../../../Engine/Plugins/Media/MediaCompositing/Binaries/Win64/UE4Editor-MediaCompositing.dll (API version 3944462).
LogModuleManager: Display: Found up-to-date module file ../../../Engine/Plugins/Media/MediaCompositing/Binaries/Win64/UE4Editor-MediaCompositingEditor.dll (API version 3944462).
LogModuleManager: Display: Found up-to-date module file ../../../Engine/Plugins/Media/MediaPlayerEditor/Binaries/Win64/UE4Editor-MediaPlayerEditor.dll (API version 3944462).
LogModuleManager: Display: Found up-to-date module file ../../../Engine/Plugins/Media/WmfMedia/Binaries/Win64/UE4Editor-WmfMedia.dll (API version 3944462).
LogModuleManager: Display: Found up-to-date module file ../../../Engine/Plugins/Media/WmfMedia/Binaries/Win64/UE4Editor-WmfMediaEditor.dll (API version 3944462).
LogModuleManager: Display: Found up-to-date module file ../../../Engine/Plugins/Media/WmfMedia/Binaries/Win64/UE4Editor-WmfMediaFactory.dll (API version 3944462).
LogModuleManager: Display: Found up-to-date module file ../../../Engine/Plugins/Media/WmfMedia/Binaries/Win64/UE4Editor-WmfMediaFactory.dll (API version 3944462).
LogModuleManager: Display: Found up-to-date module file ../../../Engine/Plugins/Messaging/TcpMessaging/Binaries/Win64/UE4Editor-TcpMessaging.dll (API version 3944462).
LogModuleManager: Display: Found up-to-date module file ../../../Engine/Plugins/Messaging/UdpMessaging/Binaries/Win64/UE4Editor-UdpMessaging.dll (API version 3944462).
LogModuleManager: Display: Found up-to-date module file ../../../Engine/Plugins/MovieScene/ActorSequence/Binaries/Win64/UE4Editor-ActorSequence.dll (API version 3944462).
LogModuleManager: Display: Found up-to-date module file ../../../Engine/Plugins/MovieScene/LevelSequenceEditor/Binaries/Win64/UE4Editor-LevelSequenceEditor.dll (API version 3944462).
LogModuleManager: Display: Found up-to-date module file ../../../Engine/Plugins/MovieScene/MatineeToLevelSequence/Binaries/Win64/UE4Editor-MatineeToLevelSequence.dll (API version 3944462).
LogModuleManager: Display: Found up-to-date module file ../../../Engine/Plugins/NetcodeUnitTest/NetcodeUnitTest/Binaries/Win64/UE4Editor-NetcodeUnitTest.dll (API version 3944462).
LogModuleManager: Display: Found up-to-date module file ../../../Engine/Plugins/NetcodeUnitTest/NUTUnrealEngine4/Binaries/Win64/UE4Editor-NUTUnrealEngine4.dll (API version 3944462).
LogModuleManager: Display: Found up-to-date module file ../../../Engine/Plugins/Online/OnlineSubsystem/Binaries/Win64/UE4Editor-OnlineSubsystem.dll (API version 3944462).
LogModuleManager: Display: Found up-to-date module file ../../../Engine/Plugins/Runtime/AndroidPermission/Binaries/Win64/UE4Editor-AndroidPermission.dll (API version 3944462).
LogModuleManager: Display: Found up-to-date module file ../../../Engine/Plugins/Online/OnlineSubsystemNull/Binaries/Win64/UE4Editor-OnlineSubsystemNull.dll (API version 3944462).
LogModuleManager: Display: Found up-to-date module file ../../../Engine/Plugins/Online/OnlineSubsystemUtils/Binaries/Win64/UE4Editor-OnlineSubsystemUtils.dll (API version 3944462).
LogModuleManager: Display: Found up-to-date module file ../../../Engine/Plugins/Online/OnlineSubsystemUtils/Binaries/Win64/UE4Editor-OnlineBlueprintSupport.dll (API version 3944462).
LogModuleManager: Display: Found up-to-date module file ../../../Engine/Plugins/Runtime/AndroidDeviceProfileSelector/Binaries/Win64/UE4Editor-AndroidDeviceProfileSelector.dll (API version 3944462).
LogModuleManager: Display: Found up-to-date module file ../../../Engine/Plugins/Runtime/AppleARKit/Binaries/Win64/UE4Editor-AppleARKit.dll (API version 3944462).
LogModuleManager: Display: Found up-to-date module file ../../../Engine/Plugins/Runtime/ProceduralMeshComponent/Binaries/Win64/UE4Editor-ProceduralMeshComponent.dll (API version 3944462).
LogModuleManager: Display: Found up-to-date module file ../../../Engine/Plugins/Runtime/ProceduralMeshComponent/Binaries/Win64/UE4Editor-ProceduralMeshComponentEditor.dll (API version 3944462).
LogModuleManager: Display: Found up-to-date module file ../../../Engine/Plugins/Animation/LiveLink/Binaries/Win64/UE4Editor-LiveLink.dll (API version 3944462).
LogModuleManager: Display: Found up-to-date module file ../../../Engine/Plugins/Animation/LiveLink/Binaries/Win64/UE4Editor-LiveLinkEditor.dll (API version 3944462).
LogModuleManager: Display: Found up-to-date module file ../../../Engine/Plugins/Runtime/ArchVisCharacter/Binaries/Win64/UE4Editor-ArchVisCharacter.dll (API version 3944462).
LogModuleManager: Display: Found up-to-date module file ../../../Engine/Plugins/Runtime/AudioCapture/Binaries/Win64/UE4Editor-AudioCapture.dll (API version 3944462).
LogModuleManager: Display: Found up-to-date module file ../../../Engine/Plugins/Runtime/AudioCapture/Binaries/Win64/UE4Editor-AudioCaptureEditor.dll (API version 3944462).
LogModuleManager: Display: Found up-to-date module file ../../../Engine/Plugins/Runtime/CableComponent/Binaries/Win64/UE4Editor-CableComponent.dll (API version 3944462).
LogModuleManager: Display: Found up-to-date module file ../../../Engine/Plugins/Runtime/CustomMeshComponent/Binaries/Win64/UE4Editor-CustomMeshComponent.dll (API version 3944462).
LogModuleManager: Display: Found up-to-date module file ../../../Engine/Plugins/Runtime/ExampleDeviceProfileSelector/Binaries/Win64/UE4Editor-ExampleDeviceProfileSelector.dll (API version 3944462).
LogModuleManager: Display: Found up-to-date module file ../../../Engine/Plugins/Runtime/ImmediatePhysics/Binaries/Win64/UE4Editor-ImmediatePhysics.dll (API version 3944462).
LogModuleManager: Display: Found up-to-date module file ../../../Engine/Plugins/Runtime/ImmediatePhysics/Binaries/Win64/UE4Editor-ImmediatePhysicsEditor.dll (API version 3944462).
LogModuleManager: Display: Found up-to-date module file ../../../Engine/Plugins/Runtime/LocationServicesBPLibrary/Binaries/Win64/UE4Editor-LocationServicesBPLibrary.dll (API version 3944462).
LogModuleManager: Display: Found up-to-date module file ../../../Engine/Plugins/Runtime/MobilePatchingUtils/Binaries/Win64/UE4Editor-MobilePatchingUtils.dll (API version 3944462).
LogModuleManager: Display: Found up-to-date module file ../../../Engine/Plugins/Runtime/Oculus/OculusVR/Binaries/Win64/UE4Editor-OculusHMD.dll (API version 3944462).
LogModuleManager: Display: Found up-to-date module file ../../../Engine/Plugins/Runtime/Oculus/OculusVR/Binaries/Win64/UE4Editor-OculusInput.dll (API version 3944462).
LogModuleManager: Display: Found up-to-date module file ../../../Engine/Plugins/Runtime/Oculus/OculusVR/Binaries/Win64/UE4Editor-OculusEditor.dll (API version 3944462).
LogModuleManager: Display: Found up-to-date module file ../../../Engine/Plugins/Runtime/PhysXVehicles/Binaries/Win64/UE4Editor-PhysXVehicles.dll (API version 3944462).
LogModuleManager: Display: Found up-to-date module file ../../../Engine/Plugins/Runtime/PhysXVehicles/Binaries/Win64/UE4Editor-PhysXVehiclesEditor.dll (API version 3944462).
LogModuleManager: Display: Found up-to-date module file ../../../Engine/Plugins/Runtime/RuntimePhysXCooking/Binaries/Win64/UE4Editor-RuntimePhysXCooking.dll (API version 3944462).
LogModuleManager: Display: Found up-to-date module file ../../../Engine/Plugins/Runtime/Steam/SteamVR/Binaries/Win64/UE4Editor-SteamVR.dll (API version 3944462).
LogModuleManager: Display: Found up-to-date module file ../../../Engine/Plugins/Runtime/Steam/SteamVR/Binaries/Win64/UE4Editor-SteamVRController.dll (API version 3944462).
LogModuleManager: Display: Found up-to-date module file ../../../Engine/Plugins/Runtime/WindowsMoviePlayer/Binaries/Win64/UE4Editor-WindowsMoviePlayer.dll (API version 3944462).
LogPluginManager: Mounting plugin Paper2D
LogPluginManager: Mounting plugin LiveLink
LogPluginManager: Mounting plugin LightPropagationVolume
LogPluginManager: Mounting plugin CLionSourceCodeAccess
LogPluginManager: Mounting plugin CodeLiteSourceCodeAccess
LogPluginManager: Mounting plugin GitSourceControl
LogPluginManager: Mounting plugin KDevelopSourceCodeAccess
LogPluginManager: Mounting plugin NullSourceCodeAccess
LogPluginManager: Mounting plugin PerforceSourceControl
LogPluginManager: Mounting plugin SubversionSourceControl
LogPluginManager: Mounting plugin UObjectPlugin
LogPluginManager: Mounting plugin VisualStudioCodeSourceCodeAccess
LogPluginManager: Mounting plugin VisualStudioSourceCodeAccess
LogPluginManager: Mounting plugin XCodeSourceCodeAccess
LogPluginManager: Mounting plugin AssetManagerEditor
LogPluginManager: Mounting plugin CryptoKeys
LogPluginManager: Mounting plugin DataValidation
LogPluginManager: Mounting plugin FacialAnimation
LogPluginManager: Mounting plugin GameplayTagsEditor
LogPluginManager: Mounting plugin MobileLauncherProfileWizard
LogPluginManager: Mounting plugin PluginBrowser
LogPluginManager: Mounting plugin SpeedTreeImporter
LogPluginManager: Mounting plugin DatasmithContent
LogPluginManager: Mounting plugin AlembicImporter
LogPluginManager: Mounting plugin CharacterAI
LogPluginManager: Mounting plugin HTML5Networking
LogPluginManager: Mounting plugin AndroidMedia
LogPluginManager: Mounting plugin AvfMedia
LogPluginManager: Mounting plugin ImgMedia
LogPluginManager: Mounting plugin LinearTimecode
LogPluginManager: Mounting plugin MediaCompositing
LogPluginManager: Mounting plugin MediaPlayerEditor
LogPluginManager: Mounting plugin WmfMedia
LogPluginManager: Mounting plugin TcpMessaging
LogPluginManager: Mounting plugin UdpMessaging
LogPluginManager: Mounting plugin ActorSequence
LogPluginManager: Mounting plugin LevelSequenceEditor
LogPluginManager: Mounting plugin MatineeToLevelSequence
LogPluginManager: Mounting plugin NetcodeUnitTest
LogPluginManager: Mounting plugin NUTUnrealEngine4
LogPluginManager: Mounting plugin OnlineSubsystemGooglePlay
LogPluginManager: Mounting plugin OnlineSubsystemIOS
LogPluginManager: Mounting plugin OnlineSubsystem
LogPluginManager: Mounting plugin OnlineSubsystemNull
LogPluginManager: Mounting plugin OnlineSubsystemUtils
LogPluginManager: Mounting plugin AndroidDeviceProfileSelector
LogPluginManager: Mounting plugin AndroidMoviePlayer
LogPluginManager: Mounting plugin AndroidPermission
LogPluginManager: Mounting plugin AppleARKit
LogPluginManager: Mounting plugin AppleMoviePlayer
LogPluginManager: Mounting plugin ArchVisCharacter
LogPluginManager: Mounting plugin AudioCapture
LogPluginManager: Mounting plugin CableComponent
LogPluginManager: Mounting plugin CustomMeshComponent
LogPluginManager: Mounting plugin ExampleDeviceProfileSelector
LogPluginManager: Mounting plugin GoogleCloudMessaging
LogPluginManager: Mounting plugin ImmediatePhysics
LogPluginManager: Mounting plugin IOSDeviceProfileSelector
LogPluginManager: Mounting plugin LinuxDeviceProfileSelector
LogPluginManager: Mounting plugin LocationServicesBPLibrary
LogPluginManager: Mounting plugin MobilePatchingUtils
LogPluginManager: Mounting plugin OculusVR
LogPluginManager: Plugin shader directory ../../../Engine/Plugins/Runtime/Oculus/OculusVR/Shaders found
LogPluginManager: Mapping shader source directory ../../../Engine/Plugins/Runtime/Oculus/OculusVR/Shaders to virtual directory /Plugin/OculusVR
LogPluginManager: Mounting plugin PhysXVehicles
LogPluginManager: Mounting plugin ProceduralMeshComponent
LogPluginManager: Mounting plugin RuntimePhysXCooking
LogPluginManager: Mounting plugin SteamVR
LogPluginManager: Mounting plugin WindowsMoviePlayer
LogStreaming: Display: Took  0.914s to configure plugins.
LogInit: Using libcurl 7.47.1
LogInit:  - built for x86_64-pc-win32
LogInit:  - supports SSL with OpenSSL/1.0.2g
LogInit:  - supports HTTP deflate (compression) using libz 1.2.8
LogInit:  - other features:
LogInit:      CURL_VERSION_SSL
LogInit:      CURL_VERSION_LIBZ
LogInit:      CURL_VERSION_IPV6
LogInit:      CURL_VERSION_ASYNCHDNS
LogInit:      CURL_VERSION_LARGEFILE
LogInit:      CURL_VERSION_IDN
LogInit:  CurlRequestOptions (configurable via config and command line):
LogInit:  - bVerifyPeer = false  - Libcurl will NOT verify peer certificate
LogInit:  - bUseHttpProxy = false  - Libcurl will NOT use HTTP proxy
LogInit:  - bDontReuseConnections = false  - Libcurl will reuse connections
LogInit:  - CertBundlePath = nullptr  - Libcurl will use whatever was configured at build time.
LogInit:  - MaxHostConnections = 16  - Libcurl will limit the number of connections to a host
LogInit:  - LocalHostAddr = Default
LogModuleManager: Warning: No filename provided for module OnlineSubsystemSteam
LogModuleManager: Warning: ModuleManager: Unable to load module 'OnlineSubsystemSteam' because the file 'E:/UE_4.19/Engine/Binaries/Win64/' was not found.
LogInit: WinSock: version 1.1 (2.2), MaxSocks=32767, MaxUdp=65467
LogInit: WinSock: I am Max-PC (192.168.0.103:0)
LogInit: Build: ++UE4+Release-4.19-CL-4033788
LogInit: Engine Version: 4.19.2-4033788+++UE4+Release-4.19
LogInit: Compatible Engine Version: 4.19.0-3944462+++UE4+Release-4.19
LogInit: Net CL: 3944462
LogDevObjectVersion: Number of dev versions registered: 18
LogDevObjectVersion:   Dev-Blueprints (B0D832E4-1F89-4F0D-ACCF-7EB736FD4AA2): 10
LogDevObjectVersion:   Dev-Build (E1C64328-A22C-4D53-A36C-8E866417BD8C): 0
LogDevObjectVersion:   Dev-Core (375EC13C-06E4-48FB-B500-84F0262A717E): 2
LogDevObjectVersion:   Dev-Editor (E4B068ED-F494-42E9-A231-DA0B2E46BB41): 23
LogDevObjectVersion:   Dev-Framework (CFFC743F-43B0-4480-9391-14DF171D2073): 33
LogDevObjectVersion:   Dev-Mobile (B02B49B5-BB20-44E9-A304-32B752E40360): 2
LogDevObjectVersion:   Dev-Networking (A4E4105C-59A1-49B5-A7C5-40C4547EDFEE): 0
LogDevObjectVersion:   Dev-Online (39C831C9-5AE6-47DC-9A44-9C173E1C8E7C): 0
LogDevObjectVersion:   Dev-Physics (78F01B33-EBEA-4F98-B9B4-84EACCB95AA2): 0
LogDevObjectVersion:   Dev-Platform (6631380F-2D4D-43E0-8009-CF276956A95A): 0
LogDevObjectVersion:   Dev-Rendering (12F88B9F-8875-4AFC-A67C-D90C383ABD29): 25
LogDevObjectVersion:   Dev-Sequencer (7B5AE74C-D270-4C10-A958-57980B212A5A): 6
LogDevObjectVersion:   Dev-VR (D7296918-1DD6-4BDD-9DE2-64A83CC13884): 1
LogDevObjectVersion:   Dev-LoadTimes (C2A15278-BFE7-4AFE-6C17-90FF531DF755): 1
LogDevObjectVersion:   Private-Geometry (6EACA3D4-40EC-4CC1-B786-8BED09428FC5): 2
LogDevObjectVersion:   Dev-AnimPhys (29E575DD-E0A3-4627-9D10-D276232CDCEA): 16
LogDevObjectVersion:   Dev-ReflectionCapture (6B266CEC-1EC7-4B8F-A30B-E4D90942FC07): 1
LogDevObjectVersion:   Dev-Automation (0DF73D61-A23F-47EA-B727-89E90C41499A): 1
LogInit: Compiled (64-bit): Apr 27 2018 02:06:57
LogInit: Compiled with Visual C++: 19.00.24215.01
LogInit: Build Configuration: Development
LogInit: Branch Name: ++UE4+Release-4.19
LogInit: Command Line:  /Game/Maps/MainMenu -game -PIEVIACONSOLE -ResX=1280 -ResY=720  -Multiprocess -messaging -SessionName="Play in Standalone Game" -windowed 
LogInit: Base Directory: E:/UE_4.19/Engine/Binaries/Win64/
LogInit: Installed Engine Build: 1
LogStreaming: Display: Took  0.002s to delete old logs.
LogInit: Presizing for max 8388607 objects, including 0 objects not considered by GC, pre-allocating 0 bytes for permanent pool.
LogInit: Object subsystem initialized
[2018.08.04-14.17.25:796][  0]LogInit: Selected Device Profile: [Windows]
[2018.08.04-14.17.25:796][  0]LogInit: Applying CVar settings loaded from the selected device profile: [Windows]
[2018.08.04-14.17.25:800][  0]LogInit: Computer: MAX-PC
[2018.08.04-14.17.25:800][  0]LogInit: User: maxsa
[2018.08.04-14.17.25:800][  0]LogInit: CPU Page size=4096, Cores=4
[2018.08.04-14.17.25:800][  0]LogInit: High frequency timer resolution =3.320338 MHz
[2018.08.04-14.17.25:800][  0]LogMemory: Memory total: Physical=16.0GB (16GB approx)
[2018.08.04-14.17.25:800][  0]LogMemory: Platform Memory Stats for Windows
[2018.08.04-14.17.25:800][  0]LogMemory: Process Physical Memory: 274.16 MB used, 274.16 MB peak
[2018.08.04-14.17.25:800][  0]LogMemory: Process Virtual Memory: 264.21 MB used, 264.21 MB peak
[2018.08.04-14.17.25:800][  0]LogMemory: Physical Memory: 8574.62 MB used,  7760.24 MB free, 16334.86 MB total
[2018.08.04-14.17.25:800][  0]LogMemory: Virtual Memory: 4778.59 MB used,  7760.24 MB free, 134217728.00 MB total
[2018.08.04-14.17.25:816][  0]LogInit: Using OS detected language (en-US).
[2018.08.04-14.17.25:816][  0]LogInit: Using OS detected locale (en-CA).
[2018.08.04-14.17.25:817][  0]LogTextLocalizationManager: No localization for 'en-US' exists, so 'en' will be used for the language.
[2018.08.04-14.17.25:817][  0]LogTextLocalizationManager: No localization for 'en-CA' exists, so 'en' will be used for the locale.
[2018.08.04-14.17.26:214][  0]LogStreaming: Display: Took  0.397s to EndInitTextLocalization.
[2018.08.04-14.17.26:237][  0]LogSlate: New Slate User Created.  User Index 0, Is Virtual User: 0
[2018.08.04-14.17.26:237][  0]LogSlate: Slate User Registered.  User Index 0, Is Virtual User: 0
[2018.08.04-14.17.26:247][  0]LogD3D11RHI: D3D11 adapters:
[2018.08.04-14.17.26:305][  0]LogD3D11RHI:    0. 'NVIDIA GeForce GTX 1070' (Feature Level 11_0)
[2018.08.04-14.17.26:305][  0]LogD3D11RHI:       8088/0/8167 MB DedicatedVideo/DedicatedSystem/SharedSystem, Outputs:2, VendorId:0x10de
[2018.08.04-14.17.26:307][  0]LogD3D11RHI:    1. 'Microsoft Basic Render Driver' (Feature Level 11_0)
[2018.08.04-14.17.26:307][  0]LogD3D11RHI:       0/0/8167 MB DedicatedVideo/DedicatedSystem/SharedSystem, Outputs:0, VendorId:0x1414
[2018.08.04-14.17.26:307][  0]LogD3D11RHI: Chosen D3D11 Adapter: 0
[2018.08.04-14.17.26:314][  0]LogD3D11RHI: Creating new Direct3DDevice
[2018.08.04-14.17.26:314][  0]LogD3D11RHI:     GPU DeviceId: 0x1b81 (for the marketing name, search the web for "GPU Device Id")
[2018.08.04-14.17.26:314][  0]LogWindows: EnumDisplayDevices:
[2018.08.04-14.17.26:314][  0]LogWindows:    0. 'NVIDIA GeForce GTX 1070' (P:1 D:1)
[2018.08.04-14.17.26:314][  0]LogWindows:    1. 'NVIDIA GeForce GTX 1070' (P:0 D:1)
[2018.08.04-14.17.26:314][  0]LogWindows:    2. 'NVIDIA GeForce GTX 1070' (P:0 D:0)
[2018.08.04-14.17.26:315][  0]LogWindows:    3. 'NVIDIA GeForce GTX 1070' (P:0 D:0)
[2018.08.04-14.17.26:315][  0]LogWindows: DebugString: GetVideoDriverDetailsInvalid PrimaryIsNotTheChoosenAdapter GetVideoDriverDetailsInvalid PrimaryIsNotTheChoosenAdapter GetVideoDriverDetailsInvalid PrimaryIsNotTheChoosenAdapter GetVideoDriverDetailsInvalid PrimaryIsNotTheChoosenAdapter FoundDriverCount:0 
[2018.08.04-14.17.26:315][  0]LogD3D11RHI:     Adapter Name: NVIDIA GeForce GTX 1070
[2018.08.04-14.17.26:315][  0]LogD3D11RHI:   Driver Version: Unknown (internal:Unknown, unified:Unknown)
[2018.08.04-14.17.26:315][  0]LogD3D11RHI:      Driver Date: Unknown
[2018.08.04-14.17.26:315][  0]LogRHI: Texture pool is 5661 MB (70% of 8088 MB)
[2018.08.04-14.17.26:357][  0]LogD3D11RHI: [Aftermath] Aftermath enabled and primed
[2018.08.04-14.17.26:357][  0]LogD3D11RHI: [Aftermath] Aftermath enabled and primed
[2018.08.04-14.17.26:357][  0]LogD3D11RHI: Async texture creation enabled
[2018.08.04-14.17.26:390][  0]LogD3D11RHI: GPU Timing Frequency: 1000.000000 (Debug: 2 2)
[2018.08.04-14.17.26:433][  0]LogShaderCompilers: Guid format shader working directory is -6 characters bigger than the processId version (C:/Users/maxsa/Desktop/Unreal Projects/SteamProject/Intermediate/Shaders/WorkingDirectory/16976/).
[2018.08.04-14.17.26:433][  0]LogShaderCompilers: Cleaned the shader compiler working directory 'C:/Users/maxsa/AppData/Local/Temp/UnrealShaderWorkingDir/0A77B7BD4A83301F763244A97C306FDA/'.
[2018.08.04-14.17.26:620][  0]LogTemp: Display: Loaded TP WindowsClientTargetPlatform
[2018.08.04-14.17.26:634][  0]LogTemp: Display: Loaded TP WindowsNoEditorTargetPlatform
[2018.08.04-14.17.26:647][  0]LogTemp: Display: Loaded TP WindowsServerTargetPlatform
[2018.08.04-14.17.26:653][  0]LogTemp: Display: Loaded TP WindowsTargetPlatform
[2018.08.04-14.17.26:653][  0]LogTargetPlatformManager: Display: Building Assets For Windows
[2018.08.04-14.17.26:746][  0]LogXGEController: Cannot use XGE Controller as Incredibuild is not installed on this machine.
[2018.08.04-14.17.26:746][  0]LogShaderCompilers: Cannot use XGE Shader Compiler as Incredibuild is not installed on this machine.
[2018.08.04-14.17.26:746][  0]LogShaderCompilers: Display: Using Local Shader Compiler.
[2018.08.04-14.17.27:375][  0]LogDerivedDataCache: Display: Max Cache Size: 512 MB
[2018.08.04-14.17.27:436][  0]LogDerivedDataCache: Loaded boot cache 0.06s 74MB C:/Users/maxsa/AppData/Local/UnrealEngine/4.19/DerivedDataCache/Boot.ddc.
[2018.08.04-14.17.27:436][  0]LogDerivedDataCache: Display: Loaded Boot cache: C:/Users/maxsa/AppData/Local/UnrealEngine/4.19/DerivedDataCache/Boot.ddc
[2018.08.04-14.17.27:437][  0]LogDerivedDataCache: FDerivedDataBackendGraph:  Pak pak cache file C:/Users/maxsa/Desktop/Unreal Projects/SteamProject/DerivedDataCache/DDC.ddp not found, will not use a pak cache.
[2018.08.04-14.17.27:437][  0]LogDerivedDataCache: Unable to find inner node Pak for hierarchical cache Hierarchy.
[2018.08.04-14.17.27:437][  0]LogDerivedDataCache: FDerivedDataBackendGraph:  CompressedPak pak cache file C:/Users/maxsa/Desktop/Unreal Projects/SteamProject/DerivedDataCache/Compressed.ddp not found, will not use a pak cache.
[2018.08.04-14.17.27:437][  0]LogDerivedDataCache: Unable to find inner node CompressedPak for hierarchical cache Hierarchy.
[2018.08.04-14.17.27:451][  0]LogDerivedDataCache: Display: Pak cache opened for reading ../../../Engine/DerivedDataCache/Compressed.ddp.
[2018.08.04-14.17.27:463][  0]LogDerivedDataCache: Using Local data cache path C:/Users/maxsa/AppData/Local/UnrealEngine/Common/DerivedDataCache: Writable
[2018.08.04-14.17.27:463][  0]LogDerivedDataCache: Shared data cache path not found in *engine.ini, will not use an Shared cache.
[2018.08.04-14.17.27:463][  0]LogDerivedDataCache: Unable to find inner node Shared for hierarchical cache Hierarchy.
[2018.08.04-14.17.27:475][  0]LogMaterial: Verifying Global Shaders for PCD3D_SM5
[2018.08.04-14.17.27:475][  0]LogSlate: Using Freetype 2.6.0
[2018.08.04-14.17.27:476][  0]LogSlate: SlateFontCache - WITH_FREETYPE: 1, WITH_HARFBUZZ: 1
[2018.08.04-14.17.27:476][  0]LogSlate: SlateFontCache - WITH_FREETYPE: 1, WITH_HARFBUZZ: 1
[2018.08.04-14.17.27:561][  0]LogAssetRegistry: FAssetRegistry took 0.0043 seconds to start up
[2018.08.04-14.17.27:790][  0]LogPackageLocalizationCache: Processed 9 localized package path(s) for 1 prioritized culture(s) in 0.009877 seconds
[2018.08.04-14.17.27:887][  0]LogInit: Selected Device Profile: [Windows]
[2018.08.04-14.17.28:016][  0]LogSimplygon: Simplygon DLL not present - disabling.
[2018.08.04-14.17.28:018][  0]LogMeshReduction: Using SimplygonSwarm for distributed automatic mesh merging
[2018.08.04-14.17.28:018][  0]LogMeshReduction: Using QuadricMeshReduction for automatic static mesh reduction
[2018.08.04-14.17.28:018][  0]LogMeshReduction: No automatic skeletal mesh reduction module available
[2018.08.04-14.17.28:018][  0]LogMeshReduction: No automatic mesh merging module available
[2018.08.04-14.17.28:018][  0]LogMeshMerging: No automatic mesh merging module available
[2018.08.04-14.17.28:051][  0]LogNetVersion: SteamProject , NetCL: 3944462, EngineNetVer: 2, GameNetVer: 0 (Checksum: 2850268364)
[2018.08.04-14.17.28:660][  0]LogMoviePlayer: Initializing movie player
[2018.08.04-14.17.28:915][  0]LogTcpMessaging: Initializing TcpMessaging bridge
[2018.08.04-14.17.28:941][  0]LogUdpMessaging: Initializing bridge on interface 0.0.0.0:0 to multicast group 230.0.0.1:6666.
[2018.08.04-14.17.29:170][  0]SourceControl: Source control is disabled
[2018.08.04-14.17.29:170][  0]SourceControl: Source control is disabled
[2018.08.04-14.17.29:185][  0]SourceControl: Source control is disabled
[2018.08.04-14.17.29:484][  0]LogAndroidPermission: UAndroidPermissionCallbackProxy::GetInstance
[2018.08.04-14.17.29:639][  0]LogOcInput: OculusInput pre-init called
[2018.08.04-14.17.29:675][  0]LogUObjectArray: 40124 objects as part of root set at end of initial load.
[2018.08.04-14.17.29:675][  0]LogUObjectAllocator: 8364200 out of 0 bytes used by permanent object pool.
[2018.08.04-14.17.29:675][  0]LogUObjectArray: CloseDisregardForGC: 0/0 objects in disregard for GC pool
[2018.08.04-14.17.29:724][  0]LogEngine: Initializing Engine...
[2018.08.04-14.17.29:728][  0]LogHMD: Failed to initialize OpenVR with code 105
[2018.08.04-14.17.29:740][  0]LogStats: UGameplayTagsManager::ConstructGameplayTagTree: Construct from data asset -  0.000 s
[2018.08.04-14.17.29:740][  0]LogStats: UGameplayTagsManager::ConstructGameplayTagTree: GameplayTagTreeChangedEvent.Broadcast -  0.000 s
[2018.08.04-14.17.29:927][  0]LogInit: XAudio2 using 'Headphones (Realtek High Definition Audio)' : 2 channels at 48 kHz using 32 bits per sample (channel mask 0x3)
[2018.08.04-14.17.29:946][  0]LogInit: FAudioDevice initialized.
[2018.08.04-14.17.29:968][  0]LogInit: Texture streaming: Enabled
[2018.08.04-14.17.30:080][  0]LogUObjectGlobals: Created PersistentFrame Addr=0x0000012f9baa0600, Size=504, Default__GameInfoInstance_C Function /Game/Blueprints/AllLevels/GameInfoInstance.GameInfoInstance_C:ExecuteUbergraph_GameInfoInstance
[2018.08.04-14.17.30:083][  0]LogUObjectGlobals: Created PersistentFrame Addr=0x0000012fa9b07fb0, Size=80, Default__HostMenu_C Function /Game/UI/MainMenu/HostMenu.HostMenu_C:ExecuteUbergraph_HostMenu
[2018.08.04-14.17.30:092][  0]LogUObjectGlobals: Created PersistentFrame Addr=0x0000012fa9f8c130, Size=40, Default__MainMenu_C Function /Game/UI/MainMenu/MainMenu.MainMenu_C:ExecuteUbergraph_MainMenu
[2018.08.04-14.17.30:098][  0]LogUObjectGlobals: Created PersistentFrame Addr=0x0000012fa9b29600, Size=104, Default__OptionsMenu_C Function /Game/UI/MainMenu/OptionsMenu.OptionsMenu_C:ExecuteUbergraph_OptionsMenu
[2018.08.04-14.17.30:121][  0]LogUObjectGlobals: Created PersistentFrame Addr=0x0000012fa9af5d00, Size=608, Default__ServerMenu_C Function /Game/UI/MainMenu/ServerMenu.ServerMenu_C:ExecuteUbergraph_ServerMenu
[2018.08.04-14.17.30:168][  0]LogUObjectGlobals: Destroyed PersistentFrame Addr=0x0000012f9baa0600, Size=504
[2018.08.04-14.17.30:168][  0]LogUObjectGlobals: Created PersistentFrame Addr=0x0000012fa9a48c00, Size=504, Default__GameInfoInstance_C Function /Engine/Transient.REINST_GameInfoInstance_C_2:ExecuteUbergraph_GameInfoInstance
[2018.08.04-14.17.30:168][  0]LogUObjectGlobals: Destroyed PersistentFrame Addr=0x0000012fa9b07fb0, Size=80
[2018.08.04-14.17.30:168][  0]LogUObjectGlobals: Created PersistentFrame Addr=0x0000012f9e322b10, Size=80, Default__HostMenu_C Function /Engine/Transient.REINST_HostMenu_C_0:ExecuteUbergraph_HostMenu
[2018.08.04-14.17.30:168][  0]LogUObjectGlobals: Destroyed PersistentFrame Addr=0x0000012fa9f8c130, Size=40
[2018.08.04-14.17.30:168][  0]LogUObjectGlobals: Created PersistentFrame Addr=0x0000012fa9ae11e8, Size=40, Default__MainMenu_C Function /Engine/Transient.REINST_MainMenu_C_2:ExecuteUbergraph_MainMenu
[2018.08.04-14.17.30:169][  0]LogUObjectGlobals: Destroyed PersistentFrame Addr=0x0000012fa9b29600, Size=104
[2018.08.04-14.17.30:169][  0]LogUObjectGlobals: Created PersistentFrame Addr=0x0000012f9e3aac50, Size=104, Default__OptionsMenu_C Function /Engine/Transient.REINST_OptionsMenu_C_3:ExecuteUbergraph_OptionsMenu
[2018.08.04-14.17.30:169][  0]LogUObjectGlobals: Destroyed PersistentFrame Addr=0x0000012fa9af5d00, Size=608
[2018.08.04-14.17.30:169][  0]LogUObjectGlobals: Created PersistentFrame Addr=0x0000012fa99dce00, Size=608, Default__ServerMenu_C Function /Engine/Transient.REINST_ServerMenu_C_4:ExecuteUbergraph_ServerMenu
[2018.08.04-14.17.30:196][  0]LogUObjectGlobals: Created PersistentFrame Addr=0x0000012fa9154680, Size=520, Default__GameInfoInstance_C Function /Game/Blueprints/AllLevels/GameInfoInstance.GameInfoInstance_C:ExecuteUbergraph_GameInfoInstance
[2018.08.04-14.17.30:199][  0]LogUObjectGlobals: Created PersistentFrame Addr=0x0000012fa83e71a0, Size=80, Default__HostMenu_C Function /Game/UI/MainMenu/HostMenu.HostMenu_C:ExecuteUbergraph_HostMenu
[2018.08.04-14.17.30:200][  0]LogUObjectGlobals: Created PersistentFrame Addr=0x0000012fa9ae21b0, Size=40, Default__MainMenu_C Function /Game/UI/MainMenu/MainMenu.MainMenu_C:ExecuteUbergraph_MainMenu
[2018.08.04-14.17.30:202][  0]LogUObjectGlobals: Created PersistentFrame Addr=0x0000012fa8434870, Size=104, Default__OptionsMenu_C Function /Game/UI/MainMenu/OptionsMenu.OptionsMenu_C:ExecuteUbergraph_OptionsMenu
[2018.08.04-14.17.30:205][  0]LogUObjectGlobals: Created PersistentFrame Addr=0x0000012fa83ea200, Size=592, Default__ServerMenu_C Function /Game/UI/MainMenu/ServerMenu.ServerMenu_C:ExecuteUbergraph_ServerMenu
[2018.08.04-14.17.30:225][  0]LogInit: Display: Game Engine Initialized.
[2018.08.04-14.17.30:225][  0]LogGameplayTags: Display: UGameplayTagsManager::DoneAddingNativeTags. DelegateIsBound: 0
[2018.08.04-14.17.30:225][  0]LogStats: UGameplayTagsManager::ConstructGameplayTagTree: Construct from data asset -  0.000 s
[2018.08.04-14.17.30:225][  0]LogStats: UGameplayTagsManager::ConstructGameplayTagTree: GameplayTagTreeChangedEvent.Broadcast -  0.000 s
[2018.08.04-14.17.30:311][  0]LogInit: Display: Starting Game.
[2018.08.04-14.17.30:311][  0]LogNet: Browse: /Game/Maps/MainMenu?Name=Player
[2018.08.04-14.17.30:311][  0]LogLoad: LoadMap: /Game/Maps/MainMenu?Name=Player
[2018.08.04-14.17.30:323][  0]LogUObjectGlobals: Destroyed PersistentFrame Addr=0x0000012fa9a48c00, Size=504
[2018.08.04-14.17.30:323][  0]LogUObjectGlobals: Destroyed PersistentFrame Addr=0x0000012f9e322b10, Size=80
[2018.08.04-14.17.30:323][  0]LogUObjectGlobals: Destroyed PersistentFrame Addr=0x0000012fa9ae11e8, Size=40
[2018.08.04-14.17.30:323][  0]LogUObjectGlobals: Destroyed PersistentFrame Addr=0x0000012f9e3aac50, Size=104
[2018.08.04-14.17.30:323][  0]LogUObjectGlobals: Destroyed PersistentFrame Addr=0x0000012fa99dce00, Size=608
[2018.08.04-14.17.30:325][  0]LogUObjectGlobals: Created PersistentFrame Addr=0x0000012fa91b0620, Size=32, Default__MainMenu_C Function /Game/Maps/MainMenu.MainMenu_C:ExecuteUbergraph_MainMenu
[2018.08.04-14.17.30:326][  0]LogUObjectGlobals: Destroyed PersistentFrame Addr=0x0000012fa91b0620, Size=32
[2018.08.04-14.17.30:326][  0]LogUObjectGlobals: Created PersistentFrame Addr=0x0000012fa91b0620, Size=32, Default__MainMenu_C Function /Engine/Transient.REINST_MainMenu_C_12:ExecuteUbergraph_MainMenu
[2018.08.04-14.17.30:327][  0]LogUObjectGlobals: Created PersistentFrame Addr=0x0000012fa91b10c0, Size=32, Default__MainMenu_C Function /Game/Maps/MainMenu.MainMenu_C:ExecuteUbergraph_MainMenu
[2018.08.04-14.17.30:336][  0]LogAIModule: Creating AISystem for world MainMenu
[2018.08.04-14.17.30:342][  0]LogUObjectGlobals: Created PersistentFrame Addr=0x0000012f9e2e7600, Size=296, Default__ThirdPersonCharacter_C Function /Game/ThirdPersonBP/Blueprints/ThirdPersonCharacter.ThirdPersonCharacter_C:ExecuteUbergraph_ThirdPersonCharacter
[2018.08.04-14.17.30:347][  0]LogUObjectGlobals: Created PersistentFrame Addr=0x0000012f9e2ed8c0, Size=64, Default__ThirdPerson_AnimBP_C Function /Game/Mannequin/Animations/ThirdPerson_AnimBP.ThirdPerson_AnimBP_C:ExecuteUbergraph_ThirdPerson_AnimBP
[2018.08.04-14.17.30:374][  0]LogUObjectGlobals: Destroyed PersistentFrame Addr=0x0000012f9e2ed8c0, Size=64
[2018.08.04-14.17.30:374][  0]LogUObjectGlobals: Created PersistentFrame Addr=0x0000012fa90a2480, Size=64, Default__ThirdPerson_AnimBP_C Function /Engine/Transient.REINST_ThirdPerson_AnimBP_C_0:ExecuteUbergraph_ThirdPerson_AnimBP
[2018.08.04-14.17.30:374][  0]LogUObjectGlobals: Destroyed PersistentFrame Addr=0x0000012f9e2e7600, Size=296
[2018.08.04-14.17.30:374][  0]LogUObjectGlobals: Created PersistentFrame Addr=0x0000012f9e2e7600, Size=296, Default__ThirdPersonCharacter_C Function /Engine/Transient.REINST_ThirdPersonCharacter_C_14:ExecuteUbergraph_ThirdPersonCharacter
[2018.08.04-14.17.30:388][  0]LogUObjectGlobals: Created PersistentFrame Addr=0x0000012fa9a13970, Size=72, Default__ThirdPerson_AnimBP_C Function /Game/Mannequin/Animations/ThirdPerson_AnimBP.ThirdPerson_AnimBP_C:ExecuteUbergraph_ThirdPerson_AnimBP
[2018.08.04-14.17.30:389][  0]LogUObjectGlobals: Created PersistentFrame Addr=0x0000012fa90c7240, Size=296, Default__ThirdPersonCharacter_C Function /Game/ThirdPersonBP/Blueprints/ThirdPersonCharacter.ThirdPersonCharacter_C:ExecuteUbergraph_ThirdPersonCharacter
[2018.08.04-14.17.30:467][  0]LogSkeletalMesh: Skeletal Mesh found in DDC [9.764668ms] /Game/Mannequin/Character/Mesh/SK_Mannequin.SK_Mannequin
[2018.08.04-14.17.30:477][  0]LogLoad: Game class is 'ThirdPersonGameMode_C'
[2018.08.04-14.17.30:478][  0]LogWorld: Bringing World /Game/Maps/MainMenu.MainMenu up for play (max tick rate 0) at 2018.08.04-10.17.30
[2018.08.04-14.17.30:478][  0]LogWorld: Bringing up level for play took: 0.000549
[2018.08.04-14.17.30:478][  0]LogGameMode: FindPlayerStart: PATHS NOT DEFINED or NO PLAYERSTART with positive rating
[2018.08.04-14.17.30:486][  0]LogLoad: Took 0.175076 seconds to LoadMap(/Game/Maps/MainMenu)
[2018.08.04-14.17.30:487][  0]LogSlate: Took 0.000168 seconds to synchronously load lazily loaded font '../../../Engine/Content/Slate/Fonts/Roboto-Regular.ttf' (155K)
[2018.08.04-14.17.30:558][  0]LogLoad: (Engine Initialization) Total time: 6.76 seconds
[2018.08.04-14.17.30:558][  0]LogLoad: (Engine Initialization) Total Blueprint compile time: 0.00 seconds
[2018.08.04-14.17.30:591][  0]LogRenderer: Reallocating scene render targets to support 1280x720 Format 10 NumSamples 1 (Frame:1).
[2018.08.04-14.17.30:626][  0]LogWindowsTextInputMethodSystem: Display: IME system now deactivated.
[2018.08.04-14.17.30:630][  0]LogContentStreaming: Texture pool size now 1000 MB
[2018.08.04-14.17.36:312][352]LogSlate: FSceneViewport::OnFocusLost() reason 0
[2018.08.04-14.18.31:741][781]LogUObjectGlobals: Destroyed PersistentFrame Addr=0x0000012fa90a2480, Size=64
[2018.08.04-14.18.31:741][781]LogUObjectGlobals: Destroyed PersistentFrame Addr=0x0000012f9e2e7600, Size=296
[2018.08.04-14.18.31:741][781]LogUObjectGlobals: Destroyed PersistentFrame Addr=0x0000012fa91b0620, Size=32
[2018.08.04-14.21.54:847][360]LogActor: Warning: ThirdPersonCharacter_C_0 is outside the world bounds!
[2018.08.04-14.23.26:312][ 29]LogSlate: FSceneViewport::OnFocusLost() reason 0
[2018.08.04-14.23.32:055][385]LogSlate: FSceneViewport::OnFocusLost() reason 0
[2018.08.04-14.23.45:674][229]LogSlate: FSceneViewport::OnFocusLost() reason 0
[2018.08.04-14.23.45:754][234]LogNetVersion: SteamProject 1.0.0.0, NetCL: 3944462, EngineNetVer: 2, GameNetVer: 0 (Checksum: 140413965)
[2018.08.04-14.23.45:848][234]LogPackageName: SearchForPackageOnDisk took   0.093s to resolve Lobby.umap.
[2018.08.04-14.23.45:925][234]LogPackageName: SearchForPackageOnDisk took   0.076s to resolve Lobby.umap.
[2018.08.04-14.23.45:925][234]LogNet: Browse: /Game/Maps/Lobby?listen
[2018.08.04-14.23.45:925][234]LogLoad: LoadMap: /Game/Maps/Lobby?listen
[2018.08.04-14.23.45:936][234]LogUObjectGlobals: Destroyed PersistentFrame Addr=0x0000012fa90c7240, Size=296
[2018.08.04-14.23.45:936][234]LogUObjectGlobals: Destroyed PersistentFrame Addr=0x0000012fa9a13970, Size=72
[2018.08.04-14.23.45:937][234]LogUObjectGlobals: Destroyed PersistentFrame Addr=0x0000012fa91b10c0, Size=32
[2018.08.04-14.23.46:015][234]LogUObjectGlobals: Created PersistentFrame Addr=0x0000012fb5085d00, Size=296, Default__0_Base_C Function /Game/Blueprints/Characters/0_Base.0_Base_C:ExecuteUbergraph_0_Base
[2018.08.04-14.23.46:017][234]LogUObjectGlobals: Created PersistentFrame Addr=0x0000012f9e55a1b0, Size=72, Default__0_BaseAnimBP_C Function /Game/InfinityBladeWarriors/Animations/0_BaseAnimBP.0_BaseAnimBP_C:ExecuteUbergraph_0_BaseAnimBP
[2018.08.04-14.23.46:040][234]LogUObjectGlobals: Destroyed PersistentFrame Addr=0x0000012f9e55a1b0, Size=72
[2018.08.04-14.23.46:040][234]LogUObjectGlobals: Created PersistentFrame Addr=0x0000012f9e542840, Size=72, Default__0_BaseAnimBP_C Function /Engine/Transient.REINST_0_BaseAnimBP_C_1:ExecuteUbergraph_0_BaseAnimBP
[2018.08.04-14.23.46:040][234]LogUObjectGlobals: Destroyed PersistentFrame Addr=0x0000012fb5085d00, Size=296
[2018.08.04-14.23.46:040][234]LogUObjectGlobals: Created PersistentFrame Addr=0x0000012fa99f9800, Size=296, Default__0_Base_C Function /Engine/Transient.REINST_0_Base_C_21:ExecuteUbergraph_0_Base
[2018.08.04-14.23.46:051][234]LogUObjectGlobals: Created PersistentFrame Addr=0x0000012fb583a1b0, Size=72, Default__0_BaseAnimBP_C Function /Game/InfinityBladeWarriors/Animations/0_BaseAnimBP.0_BaseAnimBP_C:ExecuteUbergraph_0_BaseAnimBP
[2018.08.04-14.23.46:052][234]LogUObjectGlobals: Created PersistentFrame Addr=0x0000012fa99fa840, Size=296, Default__0_Base_C Function /Game/Blueprints/Characters/0_Base.0_Base_C:ExecuteUbergraph_0_Base
[2018.08.04-14.23.46:074][234]LogSkeletalMesh: Skeletal Mesh found in DDC [0.434293ms] /Game/InfinityBladeWarriors/Character/CompleteCharacters/sk_CharM_Base.sk_CharM_Base
[2018.08.04-14.23.46:089][234]LogAIModule: Creating AISystem for world Lobby
[2018.08.04-14.23.46:090][234]LogLoad: Game class is 'LobbyGM_C'
[2018.08.04-14.23.46:090][234]LogTemp: Display: ParseSettings for GameNetDriver
[2018.08.04-14.23.46:090][234]LogTemp: Display: ParseSettings for IpNetDriver_0
[2018.08.04-14.23.46:090][234]LogTemp: Display: ParseSettings for GameNetDriver
[2018.08.04-14.23.46:090][234]LogInit: WinSock: Socket queue 131072 / 131072
[2018.08.04-14.23.46:090][234]PacketHandlerLog: Loaded PacketHandler component: Engine.EngineHandlerComponentFactory (StatelessConnectHandlerComponent)
[2018.08.04-14.23.46:090][234]LogNet: GameNetDriver IpNetDriver_0 IpNetDriver listening on port 7777
[2018.08.04-14.23.46:092][234]LogWorld: Bringing World /Game/Maps/Lobby.Lobby up for play (max tick rate 0) at 2018.08.04-10.23.46
[2018.08.04-14.23.46:092][234]LogWorld: Bringing up level for play took: 0.001454
[2018.08.04-14.23.46:097][234]LogLoad: Took 0.171156 seconds to LoadMap(/Game/Maps/Lobby)
[2018.08.04-14.24.19:885][322]LogSlate: Window 'SteamProject (64-bit, PCD3D_SM5) ' being destroyed
[2018.08.04-14.24.19:890][322]LogEngine: All Windows Closed
[2018.08.04-14.24.19:890][322]LogWindows: FPlatformMisc::RequestExit(0)
[2018.08.04-14.24.19:898][323]LogNet: World NetDriver shutdown IpNetDriver_0 [GameNetDriver]
[2018.08.04-14.24.19:898][323]LogNet: DestroyNamedNetDriver IpNetDriver_0 [GameNetDriver]
[2018.08.04-14.24.19:898][323]LogExit: GameNetDriver IpNetDriver_0 shut down
[2018.08.04-14.24.19:976][323]LogSlate: Slate User Destroyed.  User Index 0, Is Virtual User: 0
[2018.08.04-14.24.19:976][323]LogExit: Preparing to exit.
[2018.08.04-14.24.19:976][323]LogMoviePlayer: Shutting down movie player
[2018.08.04-14.24.20:215][323]LogExit: Game engine shut down
[2018.08.04-14.24.20:218][323]LogUObjectGlobals: Destroyed PersistentFrame Addr=0x0000012fa9154680, Size=520
[2018.08.04-14.24.20:218][323]LogUObjectGlobals: Destroyed PersistentFrame Addr=0x0000012fa83e71a0, Size=80
[2018.08.04-14.24.20:218][323]LogUObjectGlobals: Destroyed PersistentFrame Addr=0x0000012fa9ae21b0, Size=40
[2018.08.04-14.24.20:218][323]LogUObjectGlobals: Destroyed PersistentFrame Addr=0x0000012fa8434870, Size=104
[2018.08.04-14.24.20:218][323]LogUObjectGlobals: Destroyed PersistentFrame Addr=0x0000012fa83ea200, Size=592
[2018.08.04-14.24.20:219][323]LogUObjectGlobals: Destroyed PersistentFrame Addr=0x0000012fa99f9800, Size=296
[2018.08.04-14.24.20:219][323]LogUObjectGlobals: Destroyed PersistentFrame Addr=0x0000012f9e542840, Size=72
[2018.08.04-14.24.20:219][323]LogUObjectGlobals: Destroyed PersistentFrame Addr=0x0000012fb583a1b0, Size=72
[2018.08.04-14.24.20:219][323]LogUObjectGlobals: Destroyed PersistentFrame Addr=0x0000012fa99fa840, Size=296
[2018.08.04-14.24.20:267][323]LogExit: Object subsystem successfully closed.
[2018.08.04-14.24.20:279][323]LogShaderCompilers: Display: Shaders left to compile 0
[2018.08.04-14.24.20:282][323]LogD3D11RHI: Shutdown
[2018.08.04-14.24.20:282][323]LogD3D11RHI: CleanupD3DDevice
[2018.08.04-14.24.20:283][323]LogD3D11RHI: ~FD3D11DynamicRHI
[2018.08.04-14.24.20:290][323]LogModuleManager: Shutting down and abandoning module SequenceRecorderSections (335)
[2018.08.04-14.24.20:290][323]LogModuleManager: Shutting down and abandoning module SequenceRecorder (333)
[2018.08.04-14.24.20:290][323]LogModuleManager: Shutting down and abandoning module AutomationController (331)
[2018.08.04-14.24.20:290][323]LogModuleManager: Shutting down and abandoning module AutomationWorker (329)
[2018.08.04-14.24.20:290][323]LogModuleManager: Shutting down and abandoning module Voice (327)
[2018.08.04-14.24.20:290][323]LogModuleManager: Shutting down and abandoning module AIModule (325)
[2018.08.04-14.24.20:290][323]LogModuleManager: Shutting down and abandoning module GameplayDebugger (324)
[2018.08.04-14.24.20:290][323]LogModuleManager: Shutting down and abandoning module AITestSuite (322)
[2018.08.04-14.24.20:290][323]LogModuleManager: Shutting down and abandoning module WmfMediaFactory (319)
[2018.08.04-14.24.20:290][323]LogModuleManager: Shutting down and abandoning module OpenExrWrapper (317)
[2018.08.04-14.24.20:290][323]LogModuleManager: Shutting down and abandoning module ImgMediaFactory (315)
[2018.08.04-14.24.20:290][323]LogModuleManager: Shutting down and abandoning module AvfMediaFactory (313)
[2018.08.04-14.24.20:290][323]LogModuleManager: Shutting down and abandoning module CharacterAI (311)
[2018.08.04-14.24.20:290][323]LogModuleManager: Shutting down and abandoning module SessionServices (309)
[2018.08.04-14.24.20:290][323]LogModuleManager: Shutting down and abandoning module MovieSceneCapture (307)
[2018.08.04-14.24.20:290][323]LogModuleManager: Shutting down and abandoning module MovieSceneTracks (305)
[2018.08.04-14.24.20:290][323]LogModuleManager: Shutting down and abandoning module MovieScene (303)
[2018.08.04-14.24.20:290][323]LogModuleManager: Shutting down and abandoning module GeometryCache (301)
[2018.08.04-14.24.20:290][323]LogModuleManager: Shutting down and abandoning module GeometryCacheEd (300)
[2018.08.04-14.24.20:290][323]LogModuleManager: Shutting down and abandoning module StreamingPauseRendering (297)
[2018.08.04-14.24.20:290][323]LogModuleManager: Shutting down and abandoning module PortalServices (295)
[2018.08.04-14.24.20:290][323]LogModuleManager: Shutting down and abandoning module PortalRpc (293)
[2018.08.04-14.24.20:290][323]LogModuleManager: Shutting down and abandoning module MessagingRpc (291)
[2018.08.04-14.24.20:290][323]LogModuleManager: Shutting down and abandoning module ProfilerService (289)
[2018.08.04-14.24.20:341][323]LogModuleManager: Shutting down and abandoning module TaskGraph (287)
[2018.08.04-14.24.20:341][323]LogModuleManager: Shutting down and abandoning module SteamVRController (285)
[2018.08.04-14.24.20:341][323]LogModuleManager: Shutting down and abandoning module ProceduralMeshComponent (283)
[2018.08.04-14.24.20:341][323]LogModuleManager: Shutting down and abandoning module OculusInput (281)
[2018.08.04-14.24.20:341][323]LogModuleManager: Shutting down and abandoning module MobilePatchingUtils (279)
[2018.08.04-14.24.20:341][323]LogModuleManager: Shutting down and abandoning module CustomMeshComponent (277)
[2018.08.04-14.24.20:341][323]LogModuleManager: Shutting down and abandoning module CableComponent (275)
[2018.08.04-14.24.20:341][323]LogModuleManager: Shutting down and abandoning module AudioCapture (273)
[2018.08.04-14.24.20:341][323]LogModuleManager: Shutting down and abandoning module ArchVisCharacter (271)
[2018.08.04-14.24.20:341][323]LogModuleManager: Shutting down and abandoning module AndroidPermission (269)
[2018.08.04-14.24.20:341][323]LogModuleManager: Shutting down and abandoning module NUTUnrealEngine4 (267)
[2018.08.04-14.24.20:341][323]LogModuleManager: Shutting down and abandoning module NetcodeUnitTest (265)
[2018.08.04-14.24.20:341][323]LogModuleManager: Shutting down and abandoning module MediaCompositing (263)
[2018.08.04-14.24.20:341][323]LogModuleManager: Shutting down and abandoning module LinearTimecode (261)
[2018.08.04-14.24.20:341][323]LogModuleManager: Shutting down and abandoning module ImgMedia (259)
[2018.08.04-14.24.20:343][323]LogModuleManager: Shutting down and abandoning module HTML5Networking (257)
[2018.08.04-14.24.20:343][323]LogModuleManager: Shutting down and abandoning module DatasmithContent (255)
[2018.08.04-14.24.20:343][323]LogModuleManager: Shutting down and abandoning module CryptoKeysOpenSSL (253)
[2018.08.04-14.24.20:343][323]LogModuleManager: Shutting down and abandoning module CryptoKeys (251)
[2018.08.04-14.24.20:343][323]LogModuleManager: Shutting down and abandoning module VisualStudioSourceCodeAccess (249)
[2018.08.04-14.24.20:343][323]LogModuleManager: Shutting down and abandoning module HotReload (248)
[2018.08.04-14.24.20:343][323]LogModuleManager: Shutting down and abandoning module DirectoryWatcher (247)
[2018.08.04-14.24.20:343][323]LogModuleManager: Shutting down and abandoning module VisualStudioCodeSourceCodeAccess (243)
[2018.08.04-14.24.20:343][323]LogModuleManager: Shutting down and abandoning module UObjectPlugin (241)
[2018.08.04-14.24.20:343][323]LogModuleManager: Shutting down and abandoning module SubversionSourceControl (239)
[2018.08.04-14.24.20:343][323]LogModuleManager: Shutting down and abandoning module PerforceSourceControl (237)
[2018.08.04-14.24.20:343][323]LogModuleManager: Shutting down and abandoning module SourceControl (236)
[2018.08.04-14.24.20:343][323]LogModuleManager: Shutting down and abandoning module CLionSourceCodeAccess (233)
[2018.08.04-14.24.20:343][323]LogModuleManager: Shutting down and abandoning module RuntimePhysXCooking (231)
[2018.08.04-14.24.20:343][323]LogModuleManager: Shutting down and abandoning module PhysXVehiclesEditor (229)
[2018.08.04-14.24.20:343][323]LogModuleManager: Shutting down and abandoning module PhysXVehicles (227)
[2018.08.04-14.24.20:343][323]LogModuleManager: Shutting down and abandoning module LocationServicesBPLibrary (225)
[2018.08.04-14.24.20:343][323]LogModuleManager: Shutting down and abandoning module ImmediatePhysicsEditor (223)
[2018.08.04-14.24.20:343][323]LogModuleManager: Shutting down and abandoning module ImmediatePhysics (221)
[2018.08.04-14.24.20:343][323]LogModuleManager: Shutting down and abandoning module ActorSequence (219)
[2018.08.04-14.24.20:343][323]LogModuleManager: Shutting down and abandoning module UdpMessaging (217)
[2018.08.04-14.24.20:444][323]LogModuleManager: Shutting down and abandoning module TcpMessaging (215)
[2018.08.04-14.24.21:168][323]LogModuleManager: Shutting down and abandoning module GameplayTagsEditor (213)
[2018.08.04-14.24.21:168][323]LogModuleManager: Shutting down and abandoning module FacialAnimation (211)
[2018.08.04-14.24.21:169][323]LogModuleManager: Shutting down and abandoning module DataValidation (209)
[2018.08.04-14.24.21:169][323]LogModuleManager: Shutting down and abandoning module AssetManagerEditor (207)
[2018.08.04-14.24.21:169][323]LogModuleManager: Shutting down and abandoning module TreeMap (206)
[2018.08.04-14.24.21:169][323]LogModuleManager: Shutting down and abandoning module LightPropagationVolumeRuntime (203)
[2018.08.04-14.24.21:169][323]LogModuleManager: Shutting down and abandoning module LiveLink (201)
[2018.08.04-14.24.22:064][323]LogModuleManager: Shutting down and abandoning module Paper2D (199)
[2018.08.04-14.24.22:064][323]LogModuleManager: Shutting down and abandoning module PIEPreviewDeviceProfileSelector (197)
[2018.08.04-14.24.22:064][323]LogModuleManager: Shutting down and abandoning module WindowsMoviePlayer (195)
[2018.08.04-14.24.22:064][323]LogModuleManager: Shutting down and abandoning module WmfMedia (193)
[2018.08.04-14.24.22:065][323]LogModuleManager: Shutting down and abandoning module Media (192)
[2018.08.04-14.24.22:071][323]LogModuleManager: Shutting down and abandoning module PacketHandler (189)
[2018.08.04-14.24.22:071][323]LogModuleManager: Shutting down and abandoning module ClothingSystemEditor (187)
[2018.08.04-14.24.22:071][323]LogModuleManager: Shutting down and abandoning module ClothingSystemRuntime (185)
[2018.08.04-14.24.22:071][323]LogModuleManager: Shutting down and abandoning module MediaAssets (183)
[2018.08.04-14.24.22:071][323]LogModuleManager: Shutting down and abandoning module Overlay (181)
[2018.08.04-14.24.22:071][323]LogModuleManager: Shutting down and abandoning module OverlayEditor (180)
[2018.08.04-14.24.22:071][323]LogModuleManager: Shutting down and abandoning module VREditor (177)
[2018.08.04-14.24.22:071][323]LogModuleManager: Shutting down and abandoning module StringTableEditor (175)
[2018.08.04-14.24.22:071][323]LogModuleManager: Shutting down and abandoning module GameplayTasksEditor (173)
[2018.08.04-14.24.22:071][323]LogModuleManager: Shutting down and abandoning module BehaviorTreeEditor (171)
[2018.08.04-14.24.22:071][323]LogModuleManager: Shutting down and abandoning module FunctionalTesting (169)
[2018.08.04-14.24.22:071][323]LogModuleManager: Shutting down and abandoning module CollisionAnalyzer (167)
[2018.08.04-14.24.22:071][323]LogModuleManager: Shutting down and abandoning module WorkspaceMenuStructure (166)
[2018.08.04-14.24.22:071][323]LogModuleManager: Shutting down and abandoning module UMG (163)
[2018.08.04-14.24.22:071][323]LogModuleManager: Shutting down and abandoning module UMGEditor (162)
[2018.08.04-14.24.22:071][323]LogModuleManager: Shutting down and abandoning module Sequencer (161)
[2018.08.04-14.24.22:071][323]LogModuleManager: Shutting down and abandoning module MessageLog (158)
[2018.08.04-14.24.22:071][323]LogModuleManager: Shutting down and abandoning module SlateReflector (153)
[2018.08.04-14.24.22:071][323]LogModuleManager: Shutting down and abandoning module Slate (151)
[2018.08.04-14.24.22:071][323]LogModuleManager: Shutting down and abandoning module EditorStyle (149)
[2018.08.04-14.24.22:073][323]LogModuleManager: Shutting down and abandoning module MRMesh (147)
[2018.08.04-14.24.22:073][323]LogModuleManager: Shutting down and abandoning module Messaging (145)
[2018.08.04-14.24.22:073][323]LogModuleManager: Shutting down and abandoning module SourceCodeAccess (143)
[2018.08.04-14.24.22:073][323]LogModuleManager: Shutting down and abandoning module HeadMountedDisplay (141)
[2018.08.04-14.24.22:073][323]LogModuleManager: Shutting down and abandoning module XAudio2 (139)
[2018.08.04-14.24.22:073][323]LogModuleManager: Shutting down and abandoning module Networking (137)
[2018.08.04-14.24.22:073][323]LogModuleManager: Shutting down and abandoning module Core (135)
[2018.08.04-14.24.22:073][323]LogModuleManager: Shutting down and abandoning module LevelSequence (133)
[2018.08.04-14.24.22:073][323]LogModuleManager: Shutting down and abandoning module KismetCompiler (131)
[2018.08.04-14.24.22:073][323]LogModuleManager: Shutting down and abandoning module MeshUtilities (129)
[2018.08.04-14.24.22:073][323]LogModuleManager: Shutting down and abandoning module MeshMergeUtilities (128)
[2018.08.04-14.24.22:073][323]LogModuleManager: Shutting down and abandoning module MeshReductionInterface (127)
[2018.08.04-14.24.22:073][323]LogModuleManager: Shutting down and abandoning module SimplygonSwarm (126)
[2018.08.04-14.24.22:073][323]LogModuleManager: Shutting down and abandoning module SimplygonMeshReduction (124)
[2018.08.04-14.24.22:073][323]LogModuleManager: Shutting down and abandoning module QuadricMeshReduction (122)
[2018.08.04-14.24.22:073][323]LogModuleManager: Shutting down and abandoning module MaterialBaking (118)
[2018.08.04-14.24.22:073][323]LogModuleManager: Shutting down and abandoning module DerivedDataCache (113)
[2018.08.04-14.24.22:162][323]LogDerivedDataCache: Shutdown
[2018.08.04-14.24.22:162][323]LogModuleManager: Shutting down and abandoning module XGEController (111)
[2018.08.04-14.24.22:163][323]LogModuleManager: Shutting down and abandoning module TargetPlatform (109)
[2018.08.04-14.24.22:163][323]LogModuleManager: Shutting down and abandoning module VulkanShaderFormat (108)
[2018.08.04-14.24.22:163][323]LogModuleManager: Shutting down and abandoning module ShaderFormatVectorVM (106)
[2018.08.04-14.24.22:163][323]LogModuleManager: Shutting down and abandoning module ShaderFormatOpenGL (104)
[2018.08.04-14.24.22:163][323]LogModuleManager: Shutting down and abandoning module ShaderFormatD3D (102)
[2018.08.04-14.24.22:163][323]LogModuleManager: Shutting down and abandoning module MetalShaderFormat (100)
[2018.08.04-14.24.22:163][323]LogModuleManager: Shutting down and abandoning module TextureFormatUncompressed (98)
[2018.08.04-14.24.22:163][323]LogModuleManager: Shutting down and abandoning module TextureFormatPVR (96)
[2018.08.04-14.24.22:163][323]LogModuleManager: Shutting down and abandoning module TextureFormatDXT (94)
[2018.08.04-14.24.22:163][323]LogModuleManager: Shutting down and abandoning module TextureFormatIntelISPCTexComp (92)
[2018.08.04-14.24.22:163][323]LogModuleManager: Shutting down and abandoning module TextureFormatASTC (90)
[2018.08.04-14.24.22:163][323]LogModuleManager: Shutting down and abandoning module ImageWrapper (89)
[2018.08.04-14.24.22:163][323]LogModuleManager: Shutting down and abandoning module TextureFormatAndroid (86)
[2018.08.04-14.24.22:163][323]LogModuleManager: Shutting down and abandoning module AudioFormatOpus (84)
[2018.08.04-14.24.22:163][323]LogModuleManager: Shutting down and abandoning module AudioFormatOgg (82)
[2018.08.04-14.24.22:163][323]LogModuleManager: Shutting down and abandoning module AudioFormatADPCM (80)
[2018.08.04-14.24.22:163][323]LogModuleManager: Shutting down and abandoning module WindowsTargetPlatform (78)
[2018.08.04-14.24.22:163][323]LogModuleManager: Shutting down and abandoning module WindowsServerTargetPlatform (76)
[2018.08.04-14.24.22:163][323]LogModuleManager: Shutting down and abandoning module WindowsNoEditorTargetPlatform (74)
[2018.08.04-14.24.22:163][323]LogModuleManager: Shutting down and abandoning module WindowsClientTargetPlatform (72)
[2018.08.04-14.24.22:163][323]LogModuleManager: Shutting down and abandoning module InputCore (69)
[2018.08.04-14.24.22:163][323]LogModuleManager: Shutting down and abandoning module Settings (67)
[2018.08.04-14.24.22:163][323]LogModuleManager: Shutting down and abandoning module PhysXCooking (65)
[2018.08.04-14.24.22:164][323]LogModuleManager: Shutting down and abandoning module SteamVR (63)
[2018.08.04-14.24.22:164][323]LogModuleManager: Shutting down and abandoning module OculusHMD (61)
[2018.08.04-14.24.22:164][323]LogModuleManager: Shutting down and abandoning module ExampleDeviceProfileSelector (59)
[2018.08.04-14.24.22:164][323]LogModuleManager: Shutting down and abandoning module AppleARKit (57)
[2018.08.04-14.24.22:164][323]LogModuleManager: Shutting down and abandoning module AugmentedReality (56)
[2018.08.04-14.24.22:164][323]LogModuleManager: Shutting down and abandoning module OnlineBlueprintSupport (53)
[2018.08.04-14.24.22:164][323]LogModuleManager: Shutting down and abandoning module OnlineSubsystem (49)
[2018.08.04-14.24.22:164][323]LogOnline: Display: OSS: FOnlineSubsystemNull::Shutdown()
[2018.08.04-14.24.22:164][323]LogOnline: Display: OSS: FOnlineAsyncTaskManager::Stop() ActiveTask:0000000000000000 Tasks[0/0]
[2018.08.04-14.24.22:165][323]LogOnline: Display: OSS: FOnlineAsyncTaskManager::Exit() started
[2018.08.04-14.24.22:165][323]LogOnline: Display: OSS: FOnlineAsyncTaskManager::Exit() finished
[2018.08.04-14.24.22:165][323]LogModuleManager: Shutting down and abandoning module XMPP (43)
[2018.08.04-14.24.22:165][323]LogModuleManager: Shutting down and abandoning module HTTP (41)
[2018.08.04-14.24.22:184][323]LogModuleManager: Shutting down and abandoning module SSL (40)
[2018.08.04-14.24.22:186][323]LogModuleManager: Shutting down and abandoning module AnimationModifiers (36)
[2018.08.04-14.24.22:186][323]LogModuleManager: Shutting down and abandoning module PropertyEditor (35)
[2018.08.04-14.24.22:186][323]LogModuleManager: Shutting down and abandoning module AudioEditor (32)
[2018.08.04-14.24.22:186][323]LogModuleManager: Shutting down and abandoning module TextureCompressor (30)
[2018.08.04-14.24.22:186][323]LogModuleManager: Shutting down and abandoning module ShaderCore (28)
[2018.08.04-14.24.22:186][323]LogModuleManager: Shutting down and abandoning module Landscape (26)
[2018.08.04-14.24.22:186][323]LogModuleManager: Shutting down and abandoning module SlateRHIRenderer (24)
[2018.08.04-14.24.22:186][323]LogModuleManager: Shutting down and abandoning module OpenGLDrv (22)
[2018.08.04-14.24.22:186][323]LogModuleManager: Shutting down and abandoning module D3D11RHI (20)
[2018.08.04-14.24.22:186][323]LogModuleManager: Shutting down and abandoning module AnimGraphRuntime (18)
[2018.08.04-14.24.22:186][323]LogModuleManager: Shutting down and abandoning module Renderer (16)
[2018.08.04-14.24.22:186][323]LogModuleManager: Shutting down and abandoning module Engine (14)
[2018.08.04-14.24.22:186][323]LogModuleManager: Shutting down and abandoning module CoreUObject (12)
[2018.08.04-14.24.22:186][323]LogModuleManager: Shutting down and abandoning module NetworkFile (10)
[2018.08.04-14.24.22:186][323]LogModuleManager: Shutting down and abandoning module CookedIterativeFile (8)
[2018.08.04-14.24.22:186][323]LogModuleManager: Shutting down and abandoning module StreamingFile (6)
[2018.08.04-14.24.22:186][323]LogModuleManager: Shutting down and abandoning module SandboxFile (4)
[2018.08.04-14.24.22:187][323]LogModuleManager: Shutting down and abandoning module PakFile (2)
[2018.08.04-14.24.22:190][323]LogExit: Exiting.
[2018.08.04-14.24.22:191][323]Log file closed, 08/04/18 10:24:22
