Log file open, 07/30/18 11:53:45
LogWindows: Failed to load 'aqProf.dll' (GetLastError=126)
LogWindows: File 'aqProf.dll' does not exist
LogWindows: Failed to load 'VtuneApi.dll' (GetLastError=126)
LogWindows: File 'VtuneApi.dll' does not exist
LogWindows: Failed to load 'VtuneApi32e.dll' (GetLastError=126)
LogWindows: File 'VtuneApi32e.dll' does not exist
LogInit: Display: Running engine for game: SteamProject
LogPlatformFile: Not using cached read wrapper
LogInit: Display: RandInit(561584213) SRandInit(561584213).
LogInit: Read version file with build ID '3944462'
LogInit: Overriding engine version to CL 4033788, compatible CL 3944462
LogInit: Registered custom module enumerator with build ID '3944462'
LogTaskGraph: Started task graph with 5 named threads and 14 total threads with 3 sets of task threads.
LogStats: Stats thread started at 0.483741
LogD3D11RHI: Aftermath initialized
LogICUInternationalization: Display: ICU TimeZone Detection - Raw Offset: -5:00, Platform Override: ''
LogModuleManager: Display: Found up-to-date module file ../../../Engine/Plugins/2D/Paper2D/Binaries/Win64/UE4Editor-Paper2D.dll (API version 3944462).
LogModuleManager: Display: Found up-to-date module file ../../../Engine/Plugins/2D/Paper2D/Binaries/Win64/UE4Editor-Paper2DEditor.dll (API version 3944462).
LogModuleManager: Display: Found up-to-date module file ../../../Engine/Plugins/2D/Paper2D/Binaries/Win64/UE4Editor-PaperSpriteSheetImporter.dll (API version 3944462).
LogModuleManager: Display: Found up-to-date module file ../../../Engine/Plugins/2D/Paper2D/Binaries/Win64/UE4Editor-PaperTiledImporter.dll (API version 3944462).
LogModuleManager: Display: Found up-to-date module file ../../../Engine/Plugins/2D/Paper2D/Binaries/Win64/UE4Editor-SmartSnapping.dll (API version 3944462).
LogModuleManager: Display: Found up-to-date module file ../../../Engine/Plugins/Blendables/LightPropagationVolume/Binaries/Win64/UE4Editor-LightPropagationVolumeRuntime.dll (API version 3944462).
LogModuleManager: Display: Found up-to-date module file ../../../Engine/Plugins/Blendables/LightPropagationVolume/Binaries/Win64/UE4Editor-LightPropagationVolumeEditor.dll (API version 3944462).
LogModuleManager: Display: Found up-to-date module file ../../../Engine/Plugins/Developer/CLionSourceCodeAccess/Binaries/Win64/UE4Editor-CLionSourceCodeAccess.dll (API version 3944462).
LogModuleManager: Display: Found up-to-date module file ../../../Engine/Plugins/Developer/GitSourceControl/Binaries/Win64/UE4Editor-GitSourceControl.dll (API version 3944462).
LogModuleManager: Display: Found up-to-date module file ../../../Engine/Plugins/Developer/PerforceSourceControl/Binaries/Win64/UE4Editor-PerforceSourceControl.dll (API version 3944462).
LogModuleManager: Display: Found up-to-date module file ../../../Engine/Plugins/Developer/SubversionSourceControl/Binaries/Win64/UE4Editor-SubversionSourceControl.dll (API version 3944462).
LogModuleManager: Display: Found up-to-date module file ../../../Engine/Plugins/Developer/UObjectPlugin/Binaries/Win64/UE4Editor-UObjectPlugin.dll (API version 3944462).
LogModuleManager: Display: Found up-to-date module file ../../../Engine/Plugins/Developer/VisualStudioCodeSourceCodeAccess/Binaries/Win64/UE4Editor-VisualStudioCodeSourceCodeAccess.dll (API version 3944462).
LogModuleManager: Display: Found up-to-date module file ../../../Engine/Plugins/Developer/VisualStudioSourceCodeAccess/Binaries/Win64/UE4Editor-VisualStudioSourceCodeAccess.dll (API version 3944462).
LogModuleManager: Display: Found up-to-date module file ../../../Engine/Plugins/Editor/AssetManagerEditor/Binaries/Win64/UE4Editor-AssetManagerEditor.dll (API version 3944462).
LogModuleManager: Display: Found up-to-date module file ../../../Engine/Plugins/Editor/CryptoKeys/Binaries/Win64/UE4Editor-CryptoKeys.dll (API version 3944462).
LogModuleManager: Display: Found up-to-date module file ../../../Engine/Plugins/Editor/CryptoKeys/Binaries/Win64/UE4Editor-CryptoKeysOpenSSL.dll (API version 3944462).
LogModuleManager: Display: Found up-to-date module file ../../../Engine/Plugins/Editor/DataValidation/Binaries/Win64/UE4Editor-DataValidation.dll (API version 3944462).
LogModuleManager: Display: Found up-to-date module file ../../../Engine/Plugins/Editor/FacialAnimation/Binaries/Win64/UE4Editor-FacialAnimation.dll (API version 3944462).
LogModuleManager: Display: Found up-to-date module file ../../../Engine/Plugins/Editor/FacialAnimation/Binaries/Win64/UE4Editor-FacialAnimationEditor.dll (API version 3944462).
LogModuleManager: Display: Found up-to-date module file ../../../Engine/Plugins/Editor/GameplayTagsEditor/Binaries/Win64/UE4Editor-GameplayTagsEditor.dll (API version 3944462).
LogModuleManager: Display: Found up-to-date module file ../../../Engine/Plugins/Editor/MobileLauncherProfileWizard/Binaries/Win64/UE4Editor-MobileLauncherProfileWizard.dll (API version 3944462).
LogModuleManager: Display: Found up-to-date module file ../../../Engine/Plugins/Editor/PluginBrowser/Binaries/Win64/UE4Editor-PluginBrowser.dll (API version 3944462).
LogModuleManager: Display: Found up-to-date module file ../../../Engine/Plugins/Editor/SpeedTreeImporter/Binaries/Win64/UE4Editor-SpeedTreeImporter.dll (API version 3944462).
LogModuleManager: Display: Found up-to-date module file ../../../Engine/Plugins/Enterprise/DatasmithContent/Binaries/Win64/UE4Editor-DatasmithContent.dll (API version 3944462).
LogModuleManager: Display: Found up-to-date module file ../../../Engine/Plugins/Experimental/AlembicImporter/Binaries/Win64/UE4Editor-AlembicImporter.dll (API version 3944462).
LogModuleManager: Display: Found up-to-date module file ../../../Engine/Plugins/Experimental/AlembicImporter/Binaries/Win64/UE4Editor-AlembicLibrary.dll (API version 3944462).
LogModuleManager: Display: Found up-to-date module file ../../../Engine/Plugins/Experimental/CharacterAI/Binaries/Win64/UE4Editor-CharacterAI.dll (API version 3944462).
LogModuleManager: Display: Found up-to-date module file ../../../Engine/Plugins/Experimental/HTML5Networking/Binaries/Win64/UE4Editor-HTML5Networking.dll (API version 3944462).
LogModuleManager: Display: Found up-to-date module file ../../../Engine/Plugins/Media/AndroidMedia/Binaries/Win64/UE4Editor-AndroidMediaEditor.dll (API version 3944462).
LogModuleManager: Display: Found up-to-date module file ../../../Engine/Plugins/Media/AndroidMedia/Binaries/Win64/UE4Editor-AndroidMediaFactory.dll (API version 3944462).
LogModuleManager: Display: Found up-to-date module file ../../../Engine/Plugins/Media/AvfMedia/Binaries/Win64/UE4Editor-AvfMediaEditor.dll (API version 3944462).
LogModuleManager: Display: Found up-to-date module file ../../../Engine/Plugins/Media/AvfMedia/Binaries/Win64/UE4Editor-AvfMediaFactory.dll (API version 3944462).
LogModuleManager: Display: Found up-to-date module file ../../../Engine/Plugins/Media/AvfMedia/Binaries/Win64/UE4Editor-AvfMediaFactory.dll (API version 3944462).
LogModuleManager: Display: Found up-to-date module file ../../../Engine/Plugins/Media/ImgMedia/Binaries/Win64/UE4Editor-ImgMedia.dll (API version 3944462).
LogModuleManager: Display: Found up-to-date module file ../../../Engine/Plugins/Media/ImgMedia/Binaries/Win64/UE4Editor-ImgMediaEditor.dll (API version 3944462).
LogModuleManager: Display: Found up-to-date module file ../../../Engine/Plugins/Media/ImgMedia/Binaries/Win64/UE4Editor-ImgMediaFactory.dll (API version 3944462).
LogModuleManager: Display: Found up-to-date module file ../../../Engine/Plugins/Media/ImgMedia/Binaries/Win64/UE4Editor-ImgMediaFactory.dll (API version 3944462).
LogModuleManager: Display: Found up-to-date module file ../../../Engine/Plugins/Media/ImgMedia/Binaries/Win64/UE4Editor-OpenExrWrapper.dll (API version 3944462).
LogModuleManager: Display: Found up-to-date module file ../../../Engine/Plugins/Media/LinearTimecode/Binaries/Win64/UE4Editor-LinearTimecode.dll (API version 3944462).
LogModuleManager: Display: Found up-to-date module file ../../../Engine/Plugins/Media/MediaCompositing/Binaries/Win64/UE4Editor-MediaCompositing.dll (API version 3944462).
LogModuleManager: Display: Found up-to-date module file ../../../Engine/Plugins/Media/MediaCompositing/Binaries/Win64/UE4Editor-MediaCompositingEditor.dll (API version 3944462).
LogModuleManager: Display: Found up-to-date module file ../../../Engine/Plugins/Media/MediaPlayerEditor/Binaries/Win64/UE4Editor-MediaPlayerEditor.dll (API version 3944462).
LogModuleManager: Display: Found up-to-date module file ../../../Engine/Plugins/Media/WmfMedia/Binaries/Win64/UE4Editor-WmfMedia.dll (API version 3944462).
LogModuleManager: Display: Found up-to-date module file ../../../Engine/Plugins/Media/WmfMedia/Binaries/Win64/UE4Editor-WmfMediaEditor.dll (API version 3944462).
LogModuleManager: Display: Found up-to-date module file ../../../Engine/Plugins/Media/WmfMedia/Binaries/Win64/UE4Editor-WmfMediaFactory.dll (API version 3944462).
LogModuleManager: Display: Found up-to-date module file ../../../Engine/Plugins/Media/WmfMedia/Binaries/Win64/UE4Editor-WmfMediaFactory.dll (API version 3944462).
LogModuleManager: Display: Found up-to-date module file ../../../Engine/Plugins/Messaging/TcpMessaging/Binaries/Win64/UE4Editor-TcpMessaging.dll (API version 3944462).
LogModuleManager: Display: Found up-to-date module file ../../../Engine/Plugins/Messaging/UdpMessaging/Binaries/Win64/UE4Editor-UdpMessaging.dll (API version 3944462).
LogModuleManager: Display: Found up-to-date module file ../../../Engine/Plugins/MovieScene/ActorSequence/Binaries/Win64/UE4Editor-ActorSequence.dll (API version 3944462).
LogModuleManager: Display: Found up-to-date module file ../../../Engine/Plugins/MovieScene/LevelSequenceEditor/Binaries/Win64/UE4Editor-LevelSequenceEditor.dll (API version 3944462).
LogModuleManager: Display: Found up-to-date module file ../../../Engine/Plugins/MovieScene/MatineeToLevelSequence/Binaries/Win64/UE4Editor-MatineeToLevelSequence.dll (API version 3944462).
LogModuleManager: Display: Found up-to-date module file ../../../Engine/Plugins/NetcodeUnitTest/NetcodeUnitTest/Binaries/Win64/UE4Editor-NetcodeUnitTest.dll (API version 3944462).
LogModuleManager: Display: Found up-to-date module file ../../../Engine/Plugins/NetcodeUnitTest/NUTUnrealEngine4/Binaries/Win64/UE4Editor-NUTUnrealEngine4.dll (API version 3944462).
LogModuleManager: Display: Found up-to-date module file ../../../Engine/Plugins/Online/OnlineSubsystem/Binaries/Win64/UE4Editor-OnlineSubsystem.dll (API version 3944462).
LogModuleManager: Display: Found up-to-date module file ../../../Engine/Plugins/Runtime/AndroidPermission/Binaries/Win64/UE4Editor-AndroidPermission.dll (API version 3944462).
LogModuleManager: Display: Found up-to-date module file ../../../Engine/Plugins/Online/OnlineSubsystemNull/Binaries/Win64/UE4Editor-OnlineSubsystemNull.dll (API version 3944462).
LogModuleManager: Display: Found up-to-date module file ../../../Engine/Plugins/Online/OnlineSubsystemUtils/Binaries/Win64/UE4Editor-OnlineSubsystemUtils.dll (API version 3944462).
LogModuleManager: Display: Found up-to-date module file ../../../Engine/Plugins/Online/OnlineSubsystemUtils/Binaries/Win64/UE4Editor-OnlineBlueprintSupport.dll (API version 3944462).
LogModuleManager: Display: Found up-to-date module file ../../../Engine/Plugins/Runtime/AndroidDeviceProfileSelector/Binaries/Win64/UE4Editor-AndroidDeviceProfileSelector.dll (API version 3944462).
LogModuleManager: Display: Found up-to-date module file ../../../Engine/Plugins/Runtime/AppleARKit/Binaries/Win64/UE4Editor-AppleARKit.dll (API version 3944462).
LogModuleManager: Display: Found up-to-date module file ../../../Engine/Plugins/Runtime/ProceduralMeshComponent/Binaries/Win64/UE4Editor-ProceduralMeshComponent.dll (API version 3944462).
LogModuleManager: Display: Found up-to-date module file ../../../Engine/Plugins/Runtime/ProceduralMeshComponent/Binaries/Win64/UE4Editor-ProceduralMeshComponentEditor.dll (API version 3944462).
LogModuleManager: Display: Found up-to-date module file ../../../Engine/Plugins/Animation/LiveLink/Binaries/Win64/UE4Editor-LiveLink.dll (API version 3944462).
LogModuleManager: Display: Found up-to-date module file ../../../Engine/Plugins/Animation/LiveLink/Binaries/Win64/UE4Editor-LiveLinkEditor.dll (API version 3944462).
LogModuleManager: Display: Found up-to-date module file ../../../Engine/Plugins/Runtime/ArchVisCharacter/Binaries/Win64/UE4Editor-ArchVisCharacter.dll (API version 3944462).
LogModuleManager: Display: Found up-to-date module file ../../../Engine/Plugins/Runtime/AudioCapture/Binaries/Win64/UE4Editor-AudioCapture.dll (API version 3944462).
LogModuleManager: Display: Found up-to-date module file ../../../Engine/Plugins/Runtime/AudioCapture/Binaries/Win64/UE4Editor-AudioCaptureEditor.dll (API version 3944462).
LogModuleManager: Display: Found up-to-date module file ../../../Engine/Plugins/Runtime/CableComponent/Binaries/Win64/UE4Editor-CableComponent.dll (API version 3944462).
LogModuleManager: Display: Found up-to-date module file ../../../Engine/Plugins/Runtime/CustomMeshComponent/Binaries/Win64/UE4Editor-CustomMeshComponent.dll (API version 3944462).
LogModuleManager: Display: Found up-to-date module file ../../../Engine/Plugins/Runtime/ExampleDeviceProfileSelector/Binaries/Win64/UE4Editor-ExampleDeviceProfileSelector.dll (API version 3944462).
LogModuleManager: Display: Found up-to-date module file ../../../Engine/Plugins/Runtime/ImmediatePhysics/Binaries/Win64/UE4Editor-ImmediatePhysics.dll (API version 3944462).
LogModuleManager: Display: Found up-to-date module file ../../../Engine/Plugins/Runtime/ImmediatePhysics/Binaries/Win64/UE4Editor-ImmediatePhysicsEditor.dll (API version 3944462).
LogModuleManager: Display: Found up-to-date module file ../../../Engine/Plugins/Runtime/LocationServicesBPLibrary/Binaries/Win64/UE4Editor-LocationServicesBPLibrary.dll (API version 3944462).
LogModuleManager: Display: Found up-to-date module file ../../../Engine/Plugins/Runtime/MobilePatchingUtils/Binaries/Win64/UE4Editor-MobilePatchingUtils.dll (API version 3944462).
LogModuleManager: Display: Found up-to-date module file ../../../Engine/Plugins/Runtime/Oculus/OculusVR/Binaries/Win64/UE4Editor-OculusHMD.dll (API version 3944462).
LogModuleManager: Display: Found up-to-date module file ../../../Engine/Plugins/Runtime/Oculus/OculusVR/Binaries/Win64/UE4Editor-OculusInput.dll (API version 3944462).
LogModuleManager: Display: Found up-to-date module file ../../../Engine/Plugins/Runtime/Oculus/OculusVR/Binaries/Win64/UE4Editor-OculusEditor.dll (API version 3944462).
LogModuleManager: Display: Found up-to-date module file ../../../Engine/Plugins/Runtime/PhysXVehicles/Binaries/Win64/UE4Editor-PhysXVehicles.dll (API version 3944462).
LogModuleManager: Display: Found up-to-date module file ../../../Engine/Plugins/Runtime/PhysXVehicles/Binaries/Win64/UE4Editor-PhysXVehiclesEditor.dll (API version 3944462).
LogModuleManager: Display: Found up-to-date module file ../../../Engine/Plugins/Runtime/RuntimePhysXCooking/Binaries/Win64/UE4Editor-RuntimePhysXCooking.dll (API version 3944462).
LogModuleManager: Display: Found up-to-date module file ../../../Engine/Plugins/Runtime/Steam/SteamVR/Binaries/Win64/UE4Editor-SteamVR.dll (API version 3944462).
LogModuleManager: Display: Found up-to-date module file ../../../Engine/Plugins/Runtime/Steam/SteamVR/Binaries/Win64/UE4Editor-SteamVRController.dll (API version 3944462).
LogModuleManager: Display: Found up-to-date module file ../../../Engine/Plugins/Runtime/WindowsMoviePlayer/Binaries/Win64/UE4Editor-WindowsMoviePlayer.dll (API version 3944462).
LogPluginManager: Mounting plugin Paper2D
LogPluginManager: Mounting plugin LiveLink
LogPluginManager: Mounting plugin LightPropagationVolume
LogPluginManager: Mounting plugin CLionSourceCodeAccess
LogPluginManager: Mounting plugin CodeLiteSourceCodeAccess
LogPluginManager: Mounting plugin GitSourceControl
LogPluginManager: Mounting plugin KDevelopSourceCodeAccess
LogPluginManager: Mounting plugin NullSourceCodeAccess
LogPluginManager: Mounting plugin PerforceSourceControl
LogPluginManager: Mounting plugin SubversionSourceControl
LogPluginManager: Mounting plugin UObjectPlugin
LogPluginManager: Mounting plugin VisualStudioCodeSourceCodeAccess
LogPluginManager: Mounting plugin VisualStudioSourceCodeAccess
LogPluginManager: Mounting plugin XCodeSourceCodeAccess
LogPluginManager: Mounting plugin AssetManagerEditor
LogPluginManager: Mounting plugin CryptoKeys
LogPluginManager: Mounting plugin DataValidation
LogPluginManager: Mounting plugin FacialAnimation
LogPluginManager: Mounting plugin GameplayTagsEditor
LogPluginManager: Mounting plugin MobileLauncherProfileWizard
LogPluginManager: Mounting plugin PluginBrowser
LogPluginManager: Mounting plugin SpeedTreeImporter
LogPluginManager: Mounting plugin DatasmithContent
LogPluginManager: Mounting plugin AlembicImporter
LogPluginManager: Mounting plugin CharacterAI
LogPluginManager: Mounting plugin HTML5Networking
LogPluginManager: Mounting plugin AndroidMedia
LogPluginManager: Mounting plugin AvfMedia
LogPluginManager: Mounting plugin ImgMedia
LogPluginManager: Mounting plugin LinearTimecode
LogPluginManager: Mounting plugin MediaCompositing
LogPluginManager: Mounting plugin MediaPlayerEditor
LogPluginManager: Mounting plugin WmfMedia
LogPluginManager: Mounting plugin TcpMessaging
LogPluginManager: Mounting plugin UdpMessaging
LogPluginManager: Mounting plugin ActorSequence
LogPluginManager: Mounting plugin LevelSequenceEditor
LogPluginManager: Mounting plugin MatineeToLevelSequence
LogPluginManager: Mounting plugin NetcodeUnitTest
LogPluginManager: Mounting plugin NUTUnrealEngine4
LogPluginManager: Mounting plugin OnlineSubsystemGooglePlay
LogPluginManager: Mounting plugin OnlineSubsystemIOS
LogPluginManager: Mounting plugin OnlineSubsystem
LogPluginManager: Mounting plugin OnlineSubsystemNull
LogPluginManager: Mounting plugin OnlineSubsystemUtils
LogPluginManager: Mounting plugin AndroidDeviceProfileSelector
LogPluginManager: Mounting plugin AndroidMoviePlayer
LogPluginManager: Mounting plugin AndroidPermission
LogPluginManager: Mounting plugin AppleARKit
LogPluginManager: Mounting plugin AppleMoviePlayer
LogPluginManager: Mounting plugin ArchVisCharacter
LogPluginManager: Mounting plugin AudioCapture
LogPluginManager: Mounting plugin CableComponent
LogPluginManager: Mounting plugin CustomMeshComponent
LogPluginManager: Mounting plugin ExampleDeviceProfileSelector
LogPluginManager: Mounting plugin GoogleCloudMessaging
LogPluginManager: Mounting plugin ImmediatePhysics
LogPluginManager: Mounting plugin IOSDeviceProfileSelector
LogPluginManager: Mounting plugin LinuxDeviceProfileSelector
LogPluginManager: Mounting plugin LocationServicesBPLibrary
LogPluginManager: Mounting plugin MobilePatchingUtils
LogPluginManager: Mounting plugin OculusVR
LogPluginManager: Plugin shader directory ../../../Engine/Plugins/Runtime/Oculus/OculusVR/Shaders found
LogPluginManager: Mapping shader source directory ../../../Engine/Plugins/Runtime/Oculus/OculusVR/Shaders to virtual directory /Plugin/OculusVR
LogPluginManager: Mounting plugin PhysXVehicles
LogPluginManager: Mounting plugin ProceduralMeshComponent
LogPluginManager: Mounting plugin RuntimePhysXCooking
LogPluginManager: Mounting plugin SteamVR
LogPluginManager: Mounting plugin WindowsMoviePlayer
LogStreaming: Display: Took  3.562s to configure plugins.
LogInit: Using libcurl 7.47.1
LogInit:  - built for x86_64-pc-win32
LogInit:  - supports SSL with OpenSSL/1.0.2g
LogInit:  - supports HTTP deflate (compression) using libz 1.2.8
LogInit:  - other features:
LogInit:      CURL_VERSION_SSL
LogInit:      CURL_VERSION_LIBZ
LogInit:      CURL_VERSION_IPV6
LogInit:      CURL_VERSION_ASYNCHDNS
LogInit:      CURL_VERSION_LARGEFILE
LogInit:      CURL_VERSION_IDN
LogInit:  CurlRequestOptions (configurable via config and command line):
LogInit:  - bVerifyPeer = false  - Libcurl will NOT verify peer certificate
LogInit:  - bUseHttpProxy = false  - Libcurl will NOT use HTTP proxy
LogInit:  - bDontReuseConnections = false  - Libcurl will reuse connections
LogInit:  - CertBundlePath = nullptr  - Libcurl will use whatever was configured at build time.
LogInit:  - MaxHostConnections = 16  - Libcurl will limit the number of connections to a host
LogInit:  - LocalHostAddr = Default
LogInit: WinSock: version 1.1 (2.2), MaxSocks=32767, MaxUdp=65467
LogInit: WinSock: I am Max-PC (192.168.0.103:0)
LogInit: Build: ++UE4+Release-4.19-CL-4033788
LogInit: Engine Version: 4.19.2-4033788+++UE4+Release-4.19
LogInit: Compatible Engine Version: 4.19.0-3944462+++UE4+Release-4.19
LogInit: Net CL: 3944462
LogDevObjectVersion: Number of dev versions registered: 18
LogDevObjectVersion:   Dev-Blueprints (B0D832E4-1F89-4F0D-ACCF-7EB736FD4AA2): 10
LogDevObjectVersion:   Dev-Build (E1C64328-A22C-4D53-A36C-8E866417BD8C): 0
LogDevObjectVersion:   Dev-Core (375EC13C-06E4-48FB-B500-84F0262A717E): 2
LogDevObjectVersion:   Dev-Editor (E4B068ED-F494-42E9-A231-DA0B2E46BB41): 23
LogDevObjectVersion:   Dev-Framework (CFFC743F-43B0-4480-9391-14DF171D2073): 33
LogDevObjectVersion:   Dev-Mobile (B02B49B5-BB20-44E9-A304-32B752E40360): 2
LogDevObjectVersion:   Dev-Networking (A4E4105C-59A1-49B5-A7C5-40C4547EDFEE): 0
LogDevObjectVersion:   Dev-Online (39C831C9-5AE6-47DC-9A44-9C173E1C8E7C): 0
LogDevObjectVersion:   Dev-Physics (78F01B33-EBEA-4F98-B9B4-84EACCB95AA2): 0
LogDevObjectVersion:   Dev-Platform (6631380F-2D4D-43E0-8009-CF276956A95A): 0
LogDevObjectVersion:   Dev-Rendering (12F88B9F-8875-4AFC-A67C-D90C383ABD29): 25
LogDevObjectVersion:   Dev-Sequencer (7B5AE74C-D270-4C10-A958-57980B212A5A): 6
LogDevObjectVersion:   Dev-VR (D7296918-1DD6-4BDD-9DE2-64A83CC13884): 1
LogDevObjectVersion:   Dev-LoadTimes (C2A15278-BFE7-4AFE-6C17-90FF531DF755): 1
LogDevObjectVersion:   Private-Geometry (6EACA3D4-40EC-4CC1-B786-8BED09428FC5): 2
LogDevObjectVersion:   Dev-AnimPhys (29E575DD-E0A3-4627-9D10-D276232CDCEA): 16
LogDevObjectVersion:   Dev-ReflectionCapture (6B266CEC-1EC7-4B8F-A30B-E4D90942FC07): 1
LogDevObjectVersion:   Dev-Automation (0DF73D61-A23F-47EA-B727-89E90C41499A): 1
LogInit: Compiled (64-bit): Apr 27 2018 02:06:57
LogInit: Compiled with Visual C++: 19.00.24215.01
LogInit: Build Configuration: Development
LogInit: Branch Name: ++UE4+Release-4.19
LogInit: Command Line:  
LogInit: Base Directory: E:/UE_4.19/Engine/Binaries/Win64/
LogInit: Installed Engine Build: 1
LogStreaming: Display: Took  0.002s to delete old logs.
LogInit: Presizing for max 8388607 objects, including 0 objects not considered by GC, pre-allocating 0 bytes for permanent pool.
LogInit: Object subsystem initialized
[2018.07.30-15.53.49:561][  0]LogInit: Selected Device Profile: [Windows]
[2018.07.30-15.53.49:561][  0]LogInit: Applying CVar settings loaded from the selected device profile: [Windows]
[2018.07.30-15.53.49:612][  0]LogInit: Computer: MAX-PC
[2018.07.30-15.53.49:612][  0]LogInit: User: maxsa
[2018.07.30-15.53.49:612][  0]LogInit: CPU Page size=4096, Cores=4
[2018.07.30-15.53.49:612][  0]LogInit: High frequency timer resolution =3.320338 MHz
[2018.07.30-15.53.49:613][  0]LogMemory: Memory total: Physical=16.0GB (16GB approx)
[2018.07.30-15.53.49:613][  0]LogMemory: Platform Memory Stats for Windows
[2018.07.30-15.53.49:613][  0]LogMemory: Process Physical Memory: 273.05 MB used, 273.05 MB peak
[2018.07.30-15.53.49:613][  0]LogMemory: Process Virtual Memory: 264.05 MB used, 264.05 MB peak
[2018.07.30-15.53.49:613][  0]LogMemory: Physical Memory: 8706.05 MB used,  7628.80 MB free, 16334.86 MB total
[2018.07.30-15.53.49:613][  0]LogMemory: Virtual Memory: 4778.08 MB used,  7628.80 MB free, 134217728.00 MB total
[2018.07.30-15.53.51:193][  0]LogInit: Using OS detected language (en-US).
[2018.07.30-15.53.51:193][  0]LogInit: Using OS detected locale (en-CA).
[2018.07.30-15.53.51:807][  0]LogTextLocalizationManager: No specific localization for 'en-US' exists, so the 'en' localization will be used.
[2018.07.30-15.53.53:561][  0]LogStreaming: Display: Took  2.367s to EndInitTextLocalization.
[2018.07.30-15.53.53:561][  0]LogInit: Setting process to per monitor DPI aware
[2018.07.30-15.53.53:990][  0]LogSlate: New Slate User Created.  User Index 0, Is Virtual User: 0
[2018.07.30-15.53.53:990][  0]LogSlate: Slate User Registered.  User Index 0, Is Virtual User: 0
[2018.07.30-15.53.57:095][  0]LogD3D11RHI: D3D11 adapters:
[2018.07.30-15.53.57:155][  0]LogD3D11RHI:    0. 'NVIDIA GeForce GTX 1070' (Feature Level 11_0)
[2018.07.30-15.53.57:155][  0]LogD3D11RHI:       8088/0/8167 MB DedicatedVideo/DedicatedSystem/SharedSystem, Outputs:2, VendorId:0x10de
[2018.07.30-15.53.57:157][  0]LogD3D11RHI:    1. 'Microsoft Basic Render Driver' (Feature Level 11_0)
[2018.07.30-15.53.57:157][  0]LogD3D11RHI:       0/0/8167 MB DedicatedVideo/DedicatedSystem/SharedSystem, Outputs:0, VendorId:0x1414
[2018.07.30-15.53.57:157][  0]LogD3D11RHI: Chosen D3D11 Adapter: 0
[2018.07.30-15.53.57:164][  0]LogD3D11RHI: Creating new Direct3DDevice
[2018.07.30-15.53.57:164][  0]LogD3D11RHI:     GPU DeviceId: 0x1b81 (for the marketing name, search the web for "GPU Device Id")
[2018.07.30-15.53.57:164][  0]LogWindows: EnumDisplayDevices:
[2018.07.30-15.53.57:164][  0]LogWindows:    0. 'NVIDIA GeForce GTX 1070' (P:1 D:1)
[2018.07.30-15.53.57:164][  0]LogWindows:    1. 'NVIDIA GeForce GTX 1070' (P:0 D:1)
[2018.07.30-15.53.57:164][  0]LogWindows:    2. 'NVIDIA GeForce GTX 1070' (P:0 D:0)
[2018.07.30-15.53.57:164][  0]LogWindows:    3. 'NVIDIA GeForce GTX 1070' (P:0 D:0)
[2018.07.30-15.53.57:164][  0]LogWindows: DebugString: GetVideoDriverDetailsInvalid PrimaryIsNotTheChoosenAdapter GetVideoDriverDetailsInvalid PrimaryIsNotTheChoosenAdapter GetVideoDriverDetailsInvalid PrimaryIsNotTheChoosenAdapter GetVideoDriverDetailsInvalid PrimaryIsNotTheChoosenAdapter FoundDriverCount:0 
[2018.07.30-15.53.57:164][  0]LogD3D11RHI:     Adapter Name: NVIDIA GeForce GTX 1070
[2018.07.30-15.53.57:164][  0]LogD3D11RHI:   Driver Version: Unknown (internal:Unknown, unified:Unknown)
[2018.07.30-15.53.57:164][  0]LogD3D11RHI:      Driver Date: Unknown
[2018.07.30-15.53.57:164][  0]LogRHI: Texture pool is 5661 MB (70% of 8088 MB)
[2018.07.30-15.53.57:214][  0]LogD3D11RHI: [Aftermath] Aftermath enabled and primed
[2018.07.30-15.53.57:214][  0]LogD3D11RHI: [Aftermath] Aftermath enabled and primed
[2018.07.30-15.53.57:214][  0]LogD3D11RHI: Async texture creation enabled
[2018.07.30-15.53.57:248][  0]LogD3D11RHI: GPU Timing Frequency: 1000.000000 (Debug: 2 2)
[2018.07.30-15.53.57:291][  0]LogShaderCompilers: Guid format shader working directory is -5 characters bigger than the processId version (C:/Users/maxsa/Desktop/Unreal Projects/SteamProject/Intermediate/Shaders/WorkingDirectory/2124/).
[2018.07.30-15.53.57:291][  0]LogShaderCompilers: Cleaned the shader compiler working directory 'C:/Users/maxsa/AppData/Local/Temp/UnrealShaderWorkingDir/CAAC79B048D35D64CD6E3A9CC65EA998/'.
[2018.07.30-15.53.58:430][  0]LogTemp: Display: Loaded TP AllDesktopTargetPlatform
[2018.07.30-15.53.58:444][  0]LogTemp: Display: Loaded TP MacClientTargetPlatform
[2018.07.30-15.53.58:458][  0]LogTemp: Display: Loaded TP MacNoEditorTargetPlatform
[2018.07.30-15.53.58:473][  0]LogTemp: Display: Loaded TP MacServerTargetPlatform
[2018.07.30-15.53.58:517][  0]LogTemp: Display: Loaded TP MacTargetPlatform
[2018.07.30-15.53.58:532][  0]LogTemp: Display: Loaded TP WindowsClientTargetPlatform
[2018.07.30-15.53.58:546][  0]LogTemp: Display: Loaded TP WindowsNoEditorTargetPlatform
[2018.07.30-15.53.58:560][  0]LogTemp: Display: Loaded TP WindowsServerTargetPlatform
[2018.07.30-15.53.58:567][  0]LogTemp: Display: Loaded TP WindowsTargetPlatform
[2018.07.30-15.53.58:581][  0]LogTemp: Display: Loaded TP Android_ASTCTargetPlatform
[2018.07.30-15.53.58:595][  0]LogTemp: Display: Loaded TP Android_ATCTargetPlatform
[2018.07.30-15.53.58:608][  0]LogTemp: Display: Loaded TP Android_DXTTargetPlatform
[2018.07.30-15.53.58:621][  0]LogTemp: Display: Loaded TP Android_ETC1aTargetPlatform
[2018.07.30-15.53.58:634][  0]LogTemp: Display: Loaded TP Android_ETC1TargetPlatform
[2018.07.30-15.53.58:648][  0]LogTemp: Display: Loaded TP Android_ETC2TargetPlatform
[2018.07.30-15.53.58:682][  0]LogTemp: Display: Loaded TP Android_MultiTargetPlatform
[2018.07.30-15.53.58:682][  0]LogTemp: Display: Loaded TP Android_PVRTCTargetPlatform
[2018.07.30-15.53.58:702][  0]LogTemp: Display: Loaded TP AndroidTargetPlatform
[2018.07.30-15.53.58:703][  0]LogTemp: Display: Loaded TP HTML5TargetPlatform
[2018.07.30-15.53.58:817][  0]LogTemp: Display: Loaded TP IOSTargetPlatform
[2018.07.30-15.53.58:841][  0]LogTemp: Display: Loaded TP TVOSTargetPlatform
[2018.07.30-15.53.58:854][  0]LogTemp: Display: Loaded TP LinuxClientTargetPlatform
[2018.07.30-15.53.58:865][  0]LogTemp: Display: Loaded TP LinuxNoEditorTargetPlatform
[2018.07.30-15.53.58:879][  0]LogTemp: Display: Loaded TP LinuxServerTargetPlatform
[2018.07.30-15.53.58:915][  0]LogTemp: Display: Loaded TP LinuxTargetPlatform
[2018.07.30-15.53.58:915][  0]LogTargetPlatformManager: Display: Building Assets For Windows
[2018.07.30-15.54.00:495][  0]LogXGEController: Cleaning working directory: C:/Users/maxsa/AppData/Local/Temp/UnrealXGEWorkingDir/
[2018.07.30-15.54.00:495][  0]LogXGEController: Cannot use XGE Controller as Incredibuild is not installed on this machine.
[2018.07.30-15.54.00:496][  0]LogShaderCompilers: Cannot use XGE Shader Compiler as Incredibuild is not installed on this machine.
[2018.07.30-15.54.00:496][  0]LogShaderCompilers: Display: Using Local Shader Compiler.
[2018.07.30-15.54.03:452][  0]LogDerivedDataCache: Display: Max Cache Size: 512 MB
[2018.07.30-15.54.03:780][  0]LogDerivedDataCache: Loaded boot cache 0.33s 74MB C:/Users/maxsa/AppData/Local/UnrealEngine/4.19/DerivedDataCache/Boot.ddc.
[2018.07.30-15.54.03:781][  0]LogDerivedDataCache: Display: Loaded Boot cache: C:/Users/maxsa/AppData/Local/UnrealEngine/4.19/DerivedDataCache/Boot.ddc
[2018.07.30-15.54.03:781][  0]LogDerivedDataCache: FDerivedDataBackendGraph:  Pak pak cache file C:/Users/maxsa/Desktop/Unreal Projects/SteamProject/DerivedDataCache/DDC.ddp not found, will not use a pak cache.
[2018.07.30-15.54.03:781][  0]LogDerivedDataCache: Unable to find inner node Pak for hierarchical cache Hierarchy.
[2018.07.30-15.54.03:781][  0]LogDerivedDataCache: FDerivedDataBackendGraph:  CompressedPak pak cache file C:/Users/maxsa/Desktop/Unreal Projects/SteamProject/DerivedDataCache/Compressed.ddp not found, will not use a pak cache.
[2018.07.30-15.54.03:781][  0]LogDerivedDataCache: Unable to find inner node CompressedPak for hierarchical cache Hierarchy.
[2018.07.30-15.54.03:869][  0]LogDerivedDataCache: Display: Pak cache opened for reading ../../../Engine/DerivedDataCache/Compressed.ddp.
[2018.07.30-15.54.03:882][  0]LogDerivedDataCache: Using Local data cache path C:/Users/maxsa/AppData/Local/UnrealEngine/Common/DerivedDataCache: Writable
[2018.07.30-15.54.03:882][  0]LogDerivedDataCache: Shared data cache path not found in *engine.ini, will not use an Shared cache.
[2018.07.30-15.54.03:882][  0]LogDerivedDataCache: Unable to find inner node Shared for hierarchical cache Hierarchy.
[2018.07.30-15.54.03:895][  0]LogMaterial: Verifying Global Shaders for PCD3D_SM5
[2018.07.30-15.54.03:896][  0]LogSlate: Using Freetype 2.6.0
[2018.07.30-15.54.03:957][  0]LogSlate: SlateFontCache - WITH_FREETYPE: 1, WITH_HARFBUZZ: 1
[2018.07.30-15.54.03:957][  0]LogSlate: SlateFontCache - WITH_FREETYPE: 1, WITH_HARFBUZZ: 1
[2018.07.30-15.54.09:495][  0]LogAssetRegistry: FAssetRegistry took 0.0269 seconds to start up
[2018.07.30-15.54.09:905][  0]LogInit: Selected Device Profile: [Windows]
[2018.07.30-15.54.12:495][  0]LogSimplygon: Simplygon DLL not present - disabling.
[2018.07.30-15.54.12:675][  0]LogMeshReduction: Using SimplygonSwarm for distributed automatic mesh merging
[2018.07.30-15.54.12:729][  0]LogMeshReduction: Using QuadricMeshReduction for automatic static mesh reduction
[2018.07.30-15.54.12:750][  0]LogMeshReduction: No automatic skeletal mesh reduction module available
[2018.07.30-15.54.12:750][  0]LogMeshReduction: No automatic mesh merging module available
[2018.07.30-15.54.12:750][  0]LogMeshMerging: No automatic mesh merging module available
[2018.07.30-15.54.13:483][  0]LogNetVersion: SteamProject , NetCL: 3944462, EngineNetVer: 2, GameNetVer: 0 (Checksum: 2850268364)
[2018.07.30-15.54.19:572][  0]LogPackageLocalizationCache: Processed 9 localized package path(s) for 2 prioritized culture(s) in 0.113158 seconds
[2018.07.30-15.54.19:607][  0]LogUObjectArray: 36728 objects as part of root set at end of initial load.
[2018.07.30-15.54.19:607][  0]LogUObjectAllocator: 7314304 out of 0 bytes used by permanent object pool.
[2018.07.30-15.54.19:607][  0]LogUObjectArray: CloseDisregardForGC: 0/0 objects in disregard for GC pool
[2018.07.30-15.54.36:036][  0]LogTcpMessaging: Initializing TcpMessaging bridge
[2018.07.30-15.54.36:090][  0]LogUdpMessaging: Initializing bridge on interface 0.0.0.0:0 to multicast group 230.0.0.1:6666.
[2018.07.30-15.54.38:375][  0]SourceControl: Source control is disabled
[2018.07.30-15.54.38:375][  0]SourceControl: Source control is disabled
[2018.07.30-15.54.38:609][  0]SourceControl: Source control is disabled
[2018.07.30-15.54.38:931][  0]SourceControl: Source control is disabled
[2018.07.30-15.54.41:524][  0]LogAndroidPermission: UAndroidPermissionCallbackProxy::GetInstance
[2018.07.30-15.54.42:098][  0]LogOcInput: OculusInput pre-init called
[2018.07.30-15.54.43:597][  0]LogEngine: Initializing Engine...
[2018.07.30-15.54.43:887][  0]LogHMD: Failed to initialize OpenVR with code 105
[2018.07.30-15.54.43:919][  0]LogStats: UGameplayTagsManager::ConstructGameplayTagTree: Construct from data asset -  0.000 s
[2018.07.30-15.54.43:922][  0]LogStats: UGameplayTagsManager::ConstructGameplayTagTree: GameplayTagTreeChangedEvent.Broadcast -  0.001 s
[2018.07.30-15.54.45:936][  0]LogAIModule: Creating AISystem for world Untitled
[2018.07.30-15.54.46:401][  0]LogInit: XAudio2 using 'Headphones (Realtek High Definition Audio)' : 2 channels at 48 kHz using 32 bits per sample (channel mask 0x3)
[2018.07.30-15.54.46:478][  0]LogInit: FAudioDevice initialized.
[2018.07.30-15.54.46:588][  0]LogDerivedDataCache: Saved boot cache 0.07s 74MB C:/Users/maxsa/AppData/Local/UnrealEngine/4.19/DerivedDataCache/Boot.ddc.
[2018.07.30-15.54.46:625][  0]LogInit: Texture streaming: Enabled
[2018.07.30-15.54.46:794][  0]LogEngineSessionManager: EngineSessionManager initialized
[2018.07.30-15.54.47:095][  0]LogInit: Transaction tracking system initialized
[2018.07.30-15.54.47:634][  0]BlueprintLog: New page: Editor Load
[2018.07.30-15.54.50:826][  0]LocalizationService: Localization service is disabled
[2018.07.30-15.54.52:751][  0]LogConsoleResponse: Display: 
[2018.07.30-15.54.57:274][  0]LogFileCache: Scanning file cache for directory 'C:/Users/maxsa/Desktop/Unreal Projects/SteamProject/Content/' took 0.03s
[2018.07.30-15.54.57:274][  0]LogCook: Display: Max memory allowance for cook 16384mb min free memory 0mb
[2018.07.30-15.54.57:275][  0]LogCook: Display: Mobile HDR setting 1
[2018.07.30-15.54.57:287][  0]LogGameplayTags: Display: UGameplayTagsManager::DoneAddingNativeTags. DelegateIsBound: 0
[2018.07.30-15.54.57:295][  0]LogStats: UGameplayTagsManager::ConstructGameplayTagTree: Construct from data asset -  0.000 s
[2018.07.30-15.54.57:295][  0]LogStats: UGameplayTagsManager::ConstructGameplayTagTree: GameplayTagTreeChangedEvent.Broadcast -  0.000 s
[2018.07.30-15.55.01:851][  0]SourceControl: Source control is disabled
[2018.07.30-15.55.02:014][  0]Cmd: MAP LOAD FILE="C:/Users/maxsa/Desktop/Unreal Projects/SteamProject/Content/Maps/MainMenu.umap" TEMPLATE=0 SHOWPROGRESS=1 FEATURELEVEL=3
[2018.07.30-15.55.02:155][  0]LightingResults: New page: Lighting Build
[2018.07.30-15.55.02:727][  0]MapCheck: New page: Map Check
[2018.07.30-15.55.02:727][  0]LightingResults: New page: Lighting Build
[2018.07.30-15.55.04:925][  0]LogUObjectGlobals: Created PersistentFrame Addr=0x0000021303379000, Size=504, Default__GameInfoInstance_C Function /Game/Blueprints/AllLevels/GameInfoInstance.GameInfoInstance_C:ExecuteUbergraph_GameInfoInstance
[2018.07.30-15.55.04:943][  0]LogUObjectGlobals: Created PersistentFrame Addr=0x0000021303e78f40, Size=80, Default__HostMenu_C Function /Game/UI/MainMenu/HostMenu.HostMenu_C:ExecuteUbergraph_HostMenu
[2018.07.30-15.55.04:964][  0]LogUObjectGlobals: Created PersistentFrame Addr=0x000002130343de68, Size=40, Default__MainMenu_C Function /Game/UI/MainMenu/MainMenu.MainMenu_C:ExecuteUbergraph_MainMenu
[2018.07.30-15.55.05:021][  0]LogUObjectGlobals: Created PersistentFrame Addr=0x0000021303e16460, Size=32, Default__OptionsMenu_C Function /Game/UI/MainMenu/OptionsMenu.OptionsMenu_C:ExecuteUbergraph_OptionsMenu
[2018.07.30-15.55.05:386][  0]LogUObjectGlobals: Destroyed PersistentFrame Addr=0x0000021303379000, Size=504
[2018.07.30-15.55.05:386][  0]LogUObjectGlobals: Created PersistentFrame Addr=0x000002137e3c3200, Size=504, Default__GameInfoInstance_C Function /Engine/Transient.REINST_GameInfoInstance_C_4:ExecuteUbergraph_GameInfoInstance
[2018.07.30-15.55.05:387][  0]LogUObjectGlobals: Destroyed PersistentFrame Addr=0x0000021303e78f40, Size=80
[2018.07.30-15.55.05:387][  0]LogUObjectGlobals: Created PersistentFrame Addr=0x0000021303bf4a40, Size=80, Default__HostMenu_C Function /Engine/Transient.REINST_HostMenu_C_1:ExecuteUbergraph_HostMenu
[2018.07.30-15.55.05:387][  0]LogUObjectGlobals: Destroyed PersistentFrame Addr=0x000002130343de68, Size=40
[2018.07.30-15.55.05:387][  0]LogUObjectGlobals: Created PersistentFrame Addr=0x000002130343de68, Size=40, Default__MainMenu_C Function /Engine/Transient.REINST_MainMenu_C_2:ExecuteUbergraph_MainMenu
[2018.07.30-15.55.05:387][  0]LogUObjectGlobals: Destroyed PersistentFrame Addr=0x0000021303e16460, Size=32
[2018.07.30-15.55.05:387][  0]LogUObjectGlobals: Created PersistentFrame Addr=0x0000021303c0c980, Size=32, Default__OptionsMenu_C Function /Engine/Transient.REINST_OptionsMenu_C_3:ExecuteUbergraph_OptionsMenu
[2018.07.30-15.55.05:594][  0]LogUObjectGlobals: Created PersistentFrame Addr=0x0000021303acc400, Size=504, Default__GameInfoInstance_C Function /Game/Blueprints/AllLevels/GameInfoInstance.GameInfoInstance_C:ExecuteUbergraph_GameInfoInstance
[2018.07.30-15.55.05:627][  0]LogUObjectGlobals: Created PersistentFrame Addr=0x0000021303a2ec50, Size=80, Default__HostMenu_C Function /Game/UI/MainMenu/HostMenu.HostMenu_C:ExecuteUbergraph_HostMenu
[2018.07.30-15.55.05:629][  0]LogUObjectGlobals: Created PersistentFrame Addr=0x0000021303ae3830, Size=40, Default__MainMenu_C Function /Game/UI/MainMenu/MainMenu.MainMenu_C:ExecuteUbergraph_MainMenu
[2018.07.30-15.55.05:632][  0]LogUObjectGlobals: Created PersistentFrame Addr=0x0000021303a172e0, Size=56, Default__OptionsMenu_C Function /Game/UI/MainMenu/OptionsMenu.OptionsMenu_C:ExecuteUbergraph_OptionsMenu
[2018.07.30-15.55.05:654][  0]LogUObjectGlobals: Created PersistentFrame Addr=0x0000021303a71cc0, Size=32, Default__MainMenu_C Function /Game/Maps/MainMenu.MainMenu_C:ExecuteUbergraph_MainMenu
[2018.07.30-15.55.05:656][  0]LogUObjectGlobals: Destroyed PersistentFrame Addr=0x0000021303a71cc0, Size=32
[2018.07.30-15.55.05:656][  0]LogUObjectGlobals: Created PersistentFrame Addr=0x0000021303a71cc0, Size=32, MainMenu_C_0 Function /Engine/Transient.REINST_MainMenu_C_10:ExecuteUbergraph_MainMenu
[2018.07.30-15.55.05:657][  0]LogUObjectGlobals: Created PersistentFrame Addr=0x0000021303a726c0, Size=32, Default__MainMenu_C Function /Game/Maps/MainMenu.MainMenu_C:ExecuteUbergraph_MainMenu
[2018.07.30-15.55.06:054][  0]LogAIModule: Creating AISystem for world MainMenu
[2018.07.30-15.55.06:247][  0]LogEditorServer: Finished looking for orphan Actors (0.000 secs)
[2018.07.30-15.55.06:461][  0]LogUObjectGlobals: Destroyed PersistentFrame Addr=0x000002137e3c3200, Size=504
[2018.07.30-15.55.06:461][  0]LogUObjectGlobals: Destroyed PersistentFrame Addr=0x0000021303bf4a40, Size=80
[2018.07.30-15.55.06:461][  0]LogUObjectGlobals: Destroyed PersistentFrame Addr=0x000002130343de68, Size=40
[2018.07.30-15.55.06:461][  0]LogUObjectGlobals: Destroyed PersistentFrame Addr=0x0000021303c0c980, Size=32
[2018.07.30-15.55.06:461][  0]LogUObjectGlobals: Destroyed PersistentFrame Addr=0x0000021303a71cc0, Size=32
[2018.07.30-15.55.06:508][  0]Cmd: MAP CHECKDEP NOCLEARLOG
[2018.07.30-15.55.06:589][  0]MapCheck: Map check complete: 0 Error(s), 0 Warning(s), took 80.633ms to complete.
[2018.07.30-15.55.06:589][  0]LogFileHelpers: Loading map 'MainMenu' took 4.667
[2018.07.30-15.55.09:473][  0]LogCollectionManager: Loaded 0 collections in 0.002637 seconds
[2018.07.30-15.55.09:741][  0]LogFileCache: Scanning file cache for directory 'C:/Users/maxsa/Desktop/Unreal Projects/SteamProject/Saved/Collections/' took 0.01s
[2018.07.30-15.55.09:741][  0]LogFileCache: Scanning file cache for directory 'C:/Users/maxsa/Desktop/Unreal Projects/SteamProject/Content/Developers/maxsa/Collections/' took 0.01s
[2018.07.30-15.55.09:741][  0]LogFileCache: Scanning file cache for directory 'C:/Users/maxsa/Desktop/Unreal Projects/SteamProject/Content/Collections/' took 0.01s
[2018.07.30-15.55.09:741][  0]LogCollectionManager: Rebuilt the GUID cache for 0 collections in 0.000001 seconds
[2018.07.30-15.55.09:785][  0]LogContentBrowser: Native class hierarchy populated in 0.0292 seconds. Added 2452 classes and 558 folders.
[2018.07.30-15.55.09:973][  0]LogContentBrowser: Native class hierarchy updated for 'WidgetCarousel' in 0.0003 seconds. Added 0 classes and 0 folders.
[2018.07.30-15.55.11:858][  0]LogContentBrowser: Native class hierarchy updated for 'AddContentDialog' in 0.0003 seconds. Added 0 classes and 0 folders.
[2018.07.30-15.55.11:964][  0]LogContentBrowser: Native class hierarchy updated for 'SceneOutliner' in 0.0003 seconds. Added 1 classes and 2 folders.
[2018.07.30-15.55.13:718][  0]LogSlate: Took 0.020535 seconds to synchronously load lazily loaded font '../../../Engine/Content/Slate/Fonts/Roboto-Regular.ttf' (155K)
[2018.07.30-15.55.13:749][  0]LogSlate: Took 0.027256 seconds to synchronously load lazily loaded font '../../../Engine/Content/Slate/Fonts/Roboto-Bold.ttf' (160K)
[2018.07.30-15.55.13:859][  0]LogSlate: Took 0.021285 seconds to synchronously load lazily loaded font '../../../Engine/Content/Editor/Slate/Fonts/FontAwesome.ttf' (139K)
[2018.07.30-15.55.14:883][  0]LogRenderer: Reallocating scene render targets to support 1208x576 Format 10 NumSamples 1 (Frame:1).
[2018.07.30-15.55.16:810][  0]LogContentBrowser: Native class hierarchy updated for 'HierarchicalLODOutliner' in 0.0003 seconds. Added 0 classes and 0 folders.
[2018.07.30-15.55.16:810][  0]LogLoad: (Engine Initialization) Total time: 111.99 seconds
[2018.07.30-15.55.16:810][  0]LogLoad: (Engine Initialization) Total Blueprint compile time: 0.00 seconds
[2018.07.30-15.55.17:629][  0]LogContentStreaming: Texture pool size now 1000 MB
[2018.07.30-15.55.17:921][  0]LogSlate: Took 0.038949 seconds to synchronously load lazily loaded font '../../../Engine/Content/Slate/Fonts/Roboto-Light.ttf' (167K)
[2018.07.30-15.55.18:310][  2]LogSlate: Took 0.000305 seconds to synchronously load lazily loaded font '../../../Engine/Content/Slate/Fonts/Roboto-Light.ttf' (167K)
[2018.07.30-15.55.19:223][  2]LogContentBrowser: Native class hierarchy updated for 'BlueprintGraph' in 0.0017 seconds. Added 116 classes and 0 folders.
[2018.07.30-15.55.20:240][  2]LogUObjectGlobals: Created PersistentFrame Addr=0x000002132bb00fc0, Size=4, Default__SKEL_PROTO_BP_AnimBlueprint_0_C Function /Engine/Transient.SKEL_PROTO_BP_AnimBlueprint_0_C:ExecuteUbergraph_PROTO_BP_AnimBlueprint_0
[2018.07.30-15.55.20:260][  2]LogUObjectGlobals: Created PersistentFrame Addr=0x000002132bb00fb8, Size=4, Default__PROTO_BP_AnimBlueprint_0_C Function /Engine/Transient.PROTO_BP_AnimBlueprint_0_C:ExecuteUbergraph_PROTO_BP_AnimBlueprint_0
[2018.07.30-15.55.22:744][  2]LogSlate: Took 0.022600 seconds to synchronously load lazily loaded font '../../../Engine/Content/Slate/Fonts/Roboto-BoldCondensed.ttf' (158K)
[2018.07.30-15.55.28:128][ 18]LogAssetRegistry: Asset discovery search completed in 78.6558 seconds
[2018.07.30-15.55.28:177][ 18]LogCollectionManager: Rebuilt the object cache for 0 collections in 0.000001 seconds (found 0 objects)
[2018.07.30-15.55.28:177][ 18]LogCollectionManager: Fixed up redirectors for 0 collections in 0.000083 seconds (updated 0 objects)
[2018.07.30-15.55.43:653][ 93]LogSlate: FSceneViewport::OnFocusLost() reason 0
[2018.07.30-15.55.44:318][151]LogSlate: Window 'OptionsMenu' being destroyed
[2018.07.30-15.55.47:593][515]LogConsoleManager: Warning: Performance warning: Console object named 'r.DebugSafeZone.Mode' shows many (500) FindConsoleObject() calls (consider caching e.g. using static)
[2018.07.30-15.55.47:739][533]LogSlate: FSceneViewport::OnFocusLost() reason 0
[2018.07.30-15.55.59:537][125]LogSlate: Took 0.023170 seconds to synchronously load lazily loaded font '../../../Engine/Content/Slate/Fonts/Roboto-Italic.ttf' (157K)
[2018.07.30-15.56.23:795][947]LogUObjectGlobals: Created PersistentFrame Addr=0x000002132d0ab160, Size=4, Default__SKEL_OptionsMenu_C Function /Game/UI/MainMenu/OptionsMenu.SKEL_OptionsMenu_C:ExecuteUbergraph_OptionsMenu
[2018.07.30-15.56.52:988][355]LogUObjectGlobals: Destroyed PersistentFrame Addr=0x000002132d0ab160, Size=4
[2018.07.30-15.56.52:988][355]LogUObjectGlobals: Created PersistentFrame Addr=0x000002132eed42b0, Size=4, Default__SKEL_OptionsMenu_C Function /Engine/Transient.REINST_SKEL_OptionsMenu_C_6:ExecuteUbergraph_OptionsMenu
[2018.07.30-15.56.52:990][355]LogUObjectGlobals: Created PersistentFrame Addr=0x000002132eed7fd8, Size=4, Default__SKEL_OptionsMenu_C Function /Game/UI/MainMenu/OptionsMenu.SKEL_OptionsMenu_C:ExecuteUbergraph_OptionsMenu
[2018.07.30-15.57.07:163][822]Cmd: OBJ SAVEPACKAGE PACKAGE="/Game/UI/MainMenu/OptionsMenu" FILE="C:/Users/maxsa/Desktop/Unreal Projects/SteamProject/Content/UI/MainMenu/OptionsMenu.uasset" SILENT=true
[2018.07.30-15.57.07:299][822]LogSavePackage: Save=79.25ms
[2018.07.30-15.57.07:299][822]LogSavePackage: Moving 'C:/Users/maxsa/Desktop/Unreal Projects/SteamProject/Saved/OptionsMenu3E0F37E9485C4F0027EB61B676D61193.tmp' to 'C:/Users/maxsa/Desktop/Unreal Projects/SteamProject/Content/UI/MainMenu/OptionsMenu.uasset'
[2018.07.30-15.57.07:320][822]LogSavePackage: Display: Finished SavePackage C:/Users/maxsa/Desktop/Unreal Projects/SteamProject/Content/UI/MainMenu/OptionsMenu.uasset
[2018.07.30-15.57.51:651][919]LogUObjectGlobals: Destroyed PersistentFrame Addr=0x000002132eed7fd8, Size=4
[2018.07.30-15.57.51:651][919]LogUObjectGlobals: Created PersistentFrame Addr=0x000002132f168b00, Size=4, Default__SKEL_OptionsMenu_C Function /Engine/Transient.REINST_SKEL_OptionsMenu_C_7:ExecuteUbergraph_OptionsMenu
[2018.07.30-15.57.51:653][919]LogUObjectGlobals: Created PersistentFrame Addr=0x000002132f168290, Size=4, Default__SKEL_OptionsMenu_C Function /Game/UI/MainMenu/OptionsMenu.SKEL_OptionsMenu_C:ExecuteUbergraph_OptionsMenu
[2018.07.30-15.59.20:456][115]BlueprintLog: New page: Compile OptionsMenu
[2018.07.30-15.59.20:478][115]LogUObjectGlobals: Destroyed PersistentFrame Addr=0x000002132f168290, Size=4
[2018.07.30-15.59.20:478][115]LogUObjectGlobals: Created PersistentFrame Addr=0x000002131d4f43f8, Size=4, Default__SKEL_OptionsMenu_C Function /Engine/Transient.REINST_SKEL_OptionsMenu_C_8:ExecuteUbergraph_OptionsMenu
[2018.07.30-15.59.20:491][115]LogUObjectGlobals: Destroyed PersistentFrame Addr=0x0000021303a172e0, Size=56
[2018.07.30-15.59.20:492][115]LogUObjectGlobals: Created PersistentFrame Addr=0x000002131d1d62e8, Size=56, Default__OptionsMenu_C Function /Engine/Transient.REINST_OptionsMenu_C_9:ExecuteUbergraph_OptionsMenu
[2018.07.30-15.59.20:495][115]LogUObjectGlobals: Created PersistentFrame Addr=0x000002131d1d64e0, Size=56, Default__OptionsMenu_C Function /Game/UI/MainMenu/OptionsMenu.OptionsMenu_C:ExecuteUbergraph_OptionsMenu
[2018.07.30-15.59.20:514][115]LogUObjectGlobals: Destroyed PersistentFrame Addr=0x000002132eed42b0, Size=4
[2018.07.30-15.59.20:515][115]LogUObjectGlobals: Destroyed PersistentFrame Addr=0x000002132f168b00, Size=4
[2018.07.30-15.59.20:515][115]LogUObjectGlobals: Destroyed PersistentFrame Addr=0x000002131d4f43f8, Size=4
[2018.07.30-15.59.21:097][173]Cmd: OBJ SAVEPACKAGE PACKAGE="/Game/UI/MainMenu/OptionsMenu" FILE="C:/Users/maxsa/Desktop/Unreal Projects/SteamProject/Content/UI/MainMenu/OptionsMenu.uasset" SILENT=true
[2018.07.30-15.59.21:143][173]LogSavePackage: Save=36.58ms
[2018.07.30-15.59.21:143][173]LogSavePackage: Moving 'C:/Users/maxsa/Desktop/Unreal Projects/SteamProject/Saved/OptionsMenuCE20396249BEEA865362BFA524953B28.tmp' to 'C:/Users/maxsa/Desktop/Unreal Projects/SteamProject/Content/UI/MainMenu/OptionsMenu.uasset'
[2018.07.30-15.59.21:145][173]LogSavePackage: Display: Finished SavePackage C:/Users/maxsa/Desktop/Unreal Projects/SteamProject/Content/UI/MainMenu/OptionsMenu.uasset
[2018.07.30-15.59.50:477][628]LogUObjectGlobals: Created PersistentFrame Addr=0x000002132eda8c20, Size=4, Default__SKEL_OptionsMenu_C Function /Game/UI/MainMenu/OptionsMenu.SKEL_OptionsMenu_C:ExecuteUbergraph_OptionsMenu
[2018.07.30-15.59.59:115][650]LogUObjectGlobals: Destroyed PersistentFrame Addr=0x000002132eda8c20, Size=4
[2018.07.30-15.59.59:116][650]LogUObjectGlobals: Created PersistentFrame Addr=0x000002131ddb4f70, Size=4, Default__SKEL_OptionsMenu_C Function /Engine/Transient.REINST_SKEL_OptionsMenu_C_11:ExecuteUbergraph_OptionsMenu
[2018.07.30-15.59.59:118][650]LogUObjectGlobals: Created PersistentFrame Addr=0x000002131ddb5050, Size=4, Default__SKEL_OptionsMenu_C Function /Game/UI/MainMenu/OptionsMenu.SKEL_OptionsMenu_C:ExecuteUbergraph_OptionsMenu
[2018.07.30-16.00.21:969][181]BlueprintLog: New page: Compile OptionsMenu
[2018.07.30-16.00.21:993][181]LogUObjectGlobals: Destroyed PersistentFrame Addr=0x000002131ddb5050, Size=4
[2018.07.30-16.00.21:993][181]LogUObjectGlobals: Created PersistentFrame Addr=0x000002131d4f55b8, Size=4, Default__SKEL_OptionsMenu_C Function /Engine/Transient.REINST_SKEL_OptionsMenu_C_12:ExecuteUbergraph_OptionsMenu
[2018.07.30-16.00.22:008][181]LogUObjectGlobals: Destroyed PersistentFrame Addr=0x000002131d1d64e0, Size=56
[2018.07.30-16.00.22:008][181]LogUObjectGlobals: Created PersistentFrame Addr=0x0000021332343ee8, Size=56, OptionsMenu_C_10 Function /Engine/Transient.REINST_OptionsMenu_C_13:ExecuteUbergraph_OptionsMenu
[2018.07.30-16.00.22:013][181]LogUObjectGlobals: Created PersistentFrame Addr=0x0000021332343fc8, Size=56, Default__OptionsMenu_C Function /Game/UI/MainMenu/OptionsMenu.OptionsMenu_C:ExecuteUbergraph_OptionsMenu
[2018.07.30-16.00.22:033][181]LogUObjectGlobals: Destroyed PersistentFrame Addr=0x000002131d4f55b8, Size=4
[2018.07.30-16.00.22:033][181]LogUObjectGlobals: Destroyed PersistentFrame Addr=0x000002131ddb4f70, Size=4
[2018.07.30-16.00.58:248][933]LogUObjectGlobals: Created PersistentFrame Addr=0x000002132edaa9e8, Size=4, Default__SKEL_OptionsMenu_C Function /Game/UI/MainMenu/OptionsMenu.SKEL_OptionsMenu_C:ExecuteUbergraph_OptionsMenu
[2018.07.30-16.01.01:326][293]LogUObjectGlobals: Destroyed PersistentFrame Addr=0x000002132edaa9e8, Size=4
[2018.07.30-16.01.01:326][293]LogUObjectGlobals: Created PersistentFrame Addr=0x000002131e666968, Size=4, Default__SKEL_OptionsMenu_C Function /Engine/Transient.REINST_SKEL_OptionsMenu_C_15:ExecuteUbergraph_OptionsMenu
[2018.07.30-16.01.01:329][293]LogUObjectGlobals: Created PersistentFrame Addr=0x000002131e6668a0, Size=4, Default__SKEL_OptionsMenu_C Function /Game/UI/MainMenu/OptionsMenu.SKEL_OptionsMenu_C:ExecuteUbergraph_OptionsMenu
[2018.07.30-16.01.02:313][409]LogUObjectGlobals: Destroyed PersistentFrame Addr=0x000002131e6668a0, Size=4
[2018.07.30-16.01.02:313][409]LogUObjectGlobals: Created PersistentFrame Addr=0x000002131d4f6ad0, Size=4, Default__SKEL_OptionsMenu_C Function /Engine/Transient.REINST_SKEL_OptionsMenu_C_16:ExecuteUbergraph_OptionsMenu
[2018.07.30-16.01.02:316][409]LogUObjectGlobals: Created PersistentFrame Addr=0x000002131d4f6580, Size=4, Default__SKEL_OptionsMenu_C Function /Game/UI/MainMenu/OptionsMenu.SKEL_OptionsMenu_C:ExecuteUbergraph_OptionsMenu
[2018.07.30-16.01.04:040][612]LogUObjectGlobals: Destroyed PersistentFrame Addr=0x000002131d4f6580, Size=4
[2018.07.30-16.01.04:040][612]LogUObjectGlobals: Created PersistentFrame Addr=0x000002131d4f6580, Size=4, Default__SKEL_OptionsMenu_C Function /Engine/Transient.REINST_SKEL_OptionsMenu_C_17:ExecuteUbergraph_OptionsMenu
[2018.07.30-16.01.04:044][612]LogUObjectGlobals: Created PersistentFrame Addr=0x000002131d4f4110, Size=4, Default__SKEL_OptionsMenu_C Function /Game/UI/MainMenu/OptionsMenu.SKEL_OptionsMenu_C:ExecuteUbergraph_OptionsMenu
[2018.07.30-16.01.33:268][ 49]LogUObjectGlobals: Destroyed PersistentFrame Addr=0x000002131d4f4110, Size=4
[2018.07.30-16.01.33:268][ 49]LogUObjectGlobals: Created PersistentFrame Addr=0x000002132edabf18, Size=4, Default__SKEL_OptionsMenu_C Function /Engine/Transient.REINST_SKEL_OptionsMenu_C_18:ExecuteUbergraph_OptionsMenu
[2018.07.30-16.01.33:270][ 49]LogUObjectGlobals: Created PersistentFrame Addr=0x000002132edab7b0, Size=4, Default__SKEL_OptionsMenu_C Function /Game/UI/MainMenu/OptionsMenu.SKEL_OptionsMenu_C:ExecuteUbergraph_OptionsMenu
[2018.07.30-16.01.37:479][548]LogUObjectGlobals: Destroyed PersistentFrame Addr=0x000002132edab7b0, Size=4
[2018.07.30-16.01.37:479][548]LogUObjectGlobals: Created PersistentFrame Addr=0x000002131ddb7720, Size=4, Default__SKEL_OptionsMenu_C Function /Engine/Transient.REINST_SKEL_OptionsMenu_C_19:ExecuteUbergraph_OptionsMenu
[2018.07.30-16.01.37:482][548]LogUObjectGlobals: Created PersistentFrame Addr=0x000002131ddb71d0, Size=4, Default__SKEL_OptionsMenu_C Function /Game/UI/MainMenu/OptionsMenu.SKEL_OptionsMenu_C:ExecuteUbergraph_OptionsMenu
[2018.07.30-16.01.39:121][734]LogSlate: Took 0.016933 seconds to synchronously load lazily loaded font '../../../Engine/Content/Slate/Fonts/Roboto-BoldCondensedItalic.ttf' (160K)
[2018.07.30-16.02.05:608][869]BlueprintLog: New page: Compile OptionsMenu
[2018.07.30-16.02.05:619][869]LogUObjectGlobals: Destroyed PersistentFrame Addr=0x000002131ddb71d0, Size=4
[2018.07.30-16.02.05:619][869]LogUObjectGlobals: Created PersistentFrame Addr=0x000002131d4f4780, Size=4, Default__SKEL_OptionsMenu_C Function /Engine/Transient.REINST_SKEL_OptionsMenu_C_20:ExecuteUbergraph_OptionsMenu
[2018.07.30-16.02.05:632][869]LogUObjectGlobals: Destroyed PersistentFrame Addr=0x0000021332343fc8, Size=56
[2018.07.30-16.02.05:632][869]LogUObjectGlobals: Created PersistentFrame Addr=0x000002131d4c9c90, Size=56, OptionsMenu_C_20 Function /Engine/Transient.REINST_OptionsMenu_C_21:ExecuteUbergraph_OptionsMenu
[2018.07.30-16.02.05:636][869]LogUObjectGlobals: Created PersistentFrame Addr=0x000002131d4ca390, Size=56, Default__OptionsMenu_C Function /Game/UI/MainMenu/OptionsMenu.OptionsMenu_C:ExecuteUbergraph_OptionsMenu
[2018.07.30-16.02.05:654][869]LogUObjectGlobals: Destroyed PersistentFrame Addr=0x000002131d4f6580, Size=4
[2018.07.30-16.02.05:654][869]LogUObjectGlobals: Destroyed PersistentFrame Addr=0x000002131d4f6ad0, Size=4
[2018.07.30-16.02.05:654][869]LogUObjectGlobals: Destroyed PersistentFrame Addr=0x000002131e666968, Size=4
[2018.07.30-16.02.05:654][869]LogUObjectGlobals: Destroyed PersistentFrame Addr=0x000002132edabf18, Size=4
[2018.07.30-16.02.05:654][869]LogUObjectGlobals: Destroyed PersistentFrame Addr=0x000002131ddb7720, Size=4
[2018.07.30-16.02.05:654][869]LogUObjectGlobals: Destroyed PersistentFrame Addr=0x000002131d4f4780, Size=4
[2018.07.30-16.02.06:253][934]Cmd: OBJ SAVEPACKAGE PACKAGE="/Game/UI/MainMenu/OptionsMenu" FILE="C:/Users/maxsa/Desktop/Unreal Projects/SteamProject/Content/UI/MainMenu/OptionsMenu.uasset" SILENT=true
[2018.07.30-16.02.06:302][934]LogSavePackage: Save=41.33ms
[2018.07.30-16.02.06:302][934]LogSavePackage: Moving 'C:/Users/maxsa/Desktop/Unreal Projects/SteamProject/Saved/OptionsMenu532A24CE46A0EEBBD47A8C8BE12638BA.tmp' to 'C:/Users/maxsa/Desktop/Unreal Projects/SteamProject/Content/UI/MainMenu/OptionsMenu.uasset'
[2018.07.30-16.02.06:305][934]LogSavePackage: Display: Finished SavePackage C:/Users/maxsa/Desktop/Unreal Projects/SteamProject/Content/UI/MainMenu/OptionsMenu.uasset
[2018.07.30-16.03.03:676][973]LogSlate: Prevented a slow task dialog from being summoned while a context menu was open
[2018.07.30-16.03.16:613][510]LogUObjectGlobals: Created PersistentFrame Addr=0x000002131d4f63d8, Size=4, Default__SKEL_OptionsMenu_C Function /Game/UI/MainMenu/OptionsMenu.SKEL_OptionsMenu_C:ExecuteUbergraph_OptionsMenu
[2018.07.30-16.03.25:950][604]LogUObjectGlobals: Destroyed PersistentFrame Addr=0x000002131d4f63d8, Size=4
[2018.07.30-16.03.25:950][604]LogUObjectGlobals: Created PersistentFrame Addr=0x000002131ddb7118, Size=4, Default__SKEL_OptionsMenu_C Function /Engine/Transient.REINST_SKEL_OptionsMenu_C_23:ExecuteUbergraph_OptionsMenu
[2018.07.30-16.03.25:953][604]LogUObjectGlobals: Created PersistentFrame Addr=0x000002131ddb76f0, Size=4, Default__SKEL_OptionsMenu_C Function /Game/UI/MainMenu/OptionsMenu.SKEL_OptionsMenu_C:ExecuteUbergraph_OptionsMenu
[2018.07.30-16.03.44:816][838]LogUObjectGlobals: Destroyed PersistentFrame Addr=0x000002131ddb76f0, Size=4
[2018.07.30-16.03.44:816][838]LogUObjectGlobals: Created PersistentFrame Addr=0x000002132eed7858, Size=4, Default__SKEL_OptionsMenu_C Function /Engine/Transient.REINST_SKEL_OptionsMenu_C_24:ExecuteUbergraph_OptionsMenu
[2018.07.30-16.03.44:819][838]LogUObjectGlobals: Created PersistentFrame Addr=0x000002132eed49f8, Size=4, Default__SKEL_OptionsMenu_C Function /Game/UI/MainMenu/OptionsMenu.SKEL_OptionsMenu_C:ExecuteUbergraph_OptionsMenu
[2018.07.30-16.04.57:957][462]Cmd: OBJ SAVEPACKAGE PACKAGE="/Game/UI/MainMenu/OptionsMenu" FILE="C:/Users/maxsa/Desktop/Unreal Projects/SteamProject/Content/UI/MainMenu/OptionsMenu.uasset" SILENT=true
[2018.07.30-16.04.58:018][462]LogSavePackage: Save=47.21ms
[2018.07.30-16.04.58:019][462]LogSavePackage: Moving 'C:/Users/maxsa/Desktop/Unreal Projects/SteamProject/Saved/OptionsMenuFF81F5154B3ED0382ACD81ACAE7D2A8C.tmp' to 'C:/Users/maxsa/Desktop/Unreal Projects/SteamProject/Content/UI/MainMenu/OptionsMenu.uasset'
[2018.07.30-16.04.58:021][462]LogSavePackage: Display: Finished SavePackage C:/Users/maxsa/Desktop/Unreal Projects/SteamProject/Content/UI/MainMenu/OptionsMenu.uasset
[2018.07.30-16.08.13:699][279]LogUObjectGlobals: Destroyed PersistentFrame Addr=0x000002132eed49f8, Size=4
[2018.07.30-16.08.13:699][279]LogUObjectGlobals: Created PersistentFrame Addr=0x000002132d0a91d0, Size=4, Default__SKEL_OptionsMenu_C Function /Engine/Transient.REINST_SKEL_OptionsMenu_C_25:ExecuteUbergraph_OptionsMenu
[2018.07.30-16.08.13:703][279]LogUObjectGlobals: Created PersistentFrame Addr=0x000002132d0aa288, Size=4, Default__SKEL_OptionsMenu_C Function /Game/UI/MainMenu/OptionsMenu.SKEL_OptionsMenu_C:ExecuteUbergraph_OptionsMenu
[2018.07.30-16.08.50:426][985]BlueprintLog: New page: Compile OptionsMenu
[2018.07.30-16.08.50:442][985]LogUObjectGlobals: Destroyed PersistentFrame Addr=0x000002132d0aa288, Size=4
[2018.07.30-16.08.50:442][985]LogUObjectGlobals: Created PersistentFrame Addr=0x000002132eed40a8, Size=4, Default__SKEL_OptionsMenu_C Function /Engine/Transient.REINST_SKEL_OptionsMenu_C_26:ExecuteUbergraph_OptionsMenu
[2018.07.30-16.08.50:463][985]LogUObjectGlobals: Destroyed PersistentFrame Addr=0x000002131d4ca390, Size=56
[2018.07.30-16.08.50:463][985]LogUObjectGlobals: Created PersistentFrame Addr=0x000002133796a160, Size=56, OptionsMenu_C_28 Function /Engine/Transient.REINST_OptionsMenu_C_27:ExecuteUbergraph_OptionsMenu
[2018.07.30-16.08.50:484][985]LogUObjectGlobals: Created PersistentFrame Addr=0x000002133796bf90, Size=56, Default__OptionsMenu_C Function /Game/UI/MainMenu/OptionsMenu.OptionsMenu_C:ExecuteUbergraph_OptionsMenu
[2018.07.30-16.08.50:504][985]LogUObjectGlobals: Destroyed PersistentFrame Addr=0x000002132eed40a8, Size=4
[2018.07.30-16.08.50:504][985]LogUObjectGlobals: Destroyed PersistentFrame Addr=0x000002132d0a91d0, Size=4
[2018.07.30-16.08.50:504][985]LogUObjectGlobals: Destroyed PersistentFrame Addr=0x000002132eed7858, Size=4
[2018.07.30-16.08.50:504][985]LogUObjectGlobals: Destroyed PersistentFrame Addr=0x000002131ddb7118, Size=4
[2018.07.30-16.08.50:931][ 22]Cmd: OBJ SAVEPACKAGE PACKAGE="/Game/UI/MainMenu/OptionsMenu" FILE="C:/Users/maxsa/Desktop/Unreal Projects/SteamProject/Content/UI/MainMenu/OptionsMenu.uasset" SILENT=true
[2018.07.30-16.08.50:995][ 22]LogSavePackage: Save=54.60ms
[2018.07.30-16.08.50:995][ 22]LogSavePackage: Moving 'C:/Users/maxsa/Desktop/Unreal Projects/SteamProject/Saved/OptionsMenu0D88BCA94BC0352CCE9A89AAF8A5A203.tmp' to 'C:/Users/maxsa/Desktop/Unreal Projects/SteamProject/Content/UI/MainMenu/OptionsMenu.uasset'
[2018.07.30-16.08.50:998][ 22]LogSavePackage: Display: Finished SavePackage C:/Users/maxsa/Desktop/Unreal Projects/SteamProject/Content/UI/MainMenu/OptionsMenu.uasset
[2018.07.30-16.11.44:279][327]LogSlate: Window 'SteamProject - Unreal Editor' being destroyed
[2018.07.30-16.11.44:580][328]Cmd: QUIT_EDITOR
[2018.07.30-16.11.44:915][328]LogWindowsTextInputMethodSystem: Display: IME system now deactivated.
[2018.07.30-16.11.44:934][328]LogSlate: Slate User Destroyed.  User Index 0, Is Virtual User: 0
[2018.07.30-16.11.44:951][328]LogExit: Preparing to exit.
[2018.07.30-16.11.46:146][328]LogExit: Editor shut down
[2018.07.30-16.11.46:154][328]LogExit: Transaction tracking system shut down
[2018.07.30-16.11.46:155][328]LogUObjectGlobals: Destroyed PersistentFrame Addr=0x0000021303acc400, Size=504
[2018.07.30-16.11.46:155][328]LogUObjectGlobals: Destroyed PersistentFrame Addr=0x0000021303a2ec50, Size=80
[2018.07.30-16.11.46:155][328]LogUObjectGlobals: Destroyed PersistentFrame Addr=0x0000021303ae3830, Size=40
[2018.07.30-16.11.46:155][328]LogUObjectGlobals: Destroyed PersistentFrame Addr=0x000002131d1d62e8, Size=56
[2018.07.30-16.11.46:156][328]LogUObjectGlobals: Destroyed PersistentFrame Addr=0x0000021303a726c0, Size=32
[2018.07.30-16.11.46:157][328]LogUObjectGlobals: Destroyed PersistentFrame Addr=0x000002132bb00fc0, Size=4
[2018.07.30-16.11.46:157][328]LogUObjectGlobals: Destroyed PersistentFrame Addr=0x000002132bb00fb8, Size=4
[2018.07.30-16.11.46:158][328]LogUObjectGlobals: Destroyed PersistentFrame Addr=0x0000021332343ee8, Size=56
[2018.07.30-16.11.46:158][328]LogUObjectGlobals: Destroyed PersistentFrame Addr=0x000002131d4c9c90, Size=56
[2018.07.30-16.11.46:158][328]LogUObjectGlobals: Destroyed PersistentFrame Addr=0x000002133796a160, Size=56
[2018.07.30-16.11.46:158][328]LogUObjectGlobals: Destroyed PersistentFrame Addr=0x000002133796bf90, Size=56
[2018.07.30-16.11.46:411][328]LogDirectoryWatcher: A directory notification for '../../../Engine/Content/' was aborted.
[2018.07.30-16.11.46:411][328]LogDirectoryWatcher: A directory notification for 'C:/Users/maxsa/Desktop/Unreal Projects/SteamProject/Content/' was aborted.
[2018.07.30-16.11.46:411][328]LogDirectoryWatcher: A directory notification for '../../Plugins/2D/Paper2D/Content/' was aborted.
[2018.07.30-16.11.46:411][328]LogDirectoryWatcher: A directory notification for '../../Plugins/Enterprise/DatasmithContent/Content/' was aborted.
[2018.07.30-16.11.46:411][328]LogDirectoryWatcher: A directory notification for '../../Plugins/Media/MediaCompositing/Content/' was aborted.
[2018.07.30-16.11.46:411][328]LogDirectoryWatcher: A directory notification for '../../Plugins/Runtime/AppleARKit/Content/' was aborted.
[2018.07.30-16.11.46:411][328]LogDirectoryWatcher: A directory notification for '../../Plugins/Runtime/Oculus/OculusVR/Content/' was aborted.
[2018.07.30-16.11.46:412][328]LogDirectoryWatcher: A directory notification for '../../Plugins/Runtime/Steam/SteamVR/Content/' was aborted.
[2018.07.30-16.11.47:580][328]LogExit: Object subsystem successfully closed.
[2018.07.30-16.11.47:750][328]LogShaderCompilers: Display: Shaders left to compile 0
[2018.07.30-16.11.47:768][328]LogD3D11RHI: Shutdown
[2018.07.30-16.11.47:768][328]LogD3D11RHI: CleanupD3DDevice
[2018.07.30-16.11.47:770][328]LogD3D11RHI: ~FD3D11DynamicRHI
[2018.07.30-16.11.48:442][328]LogModuleManager: Shutting down and abandoning module SequencerWidgets (578)
[2018.07.30-16.11.48:442][328]LogModuleManager: Shutting down and abandoning module BlueprintGraph (576)
[2018.07.30-16.11.48:442][328]LogModuleManager: Shutting down and abandoning module HierarchicalLODOutliner (574)
[2018.07.30-16.11.48:442][328]LogModuleManager: Shutting down and abandoning module SceneOutliner (572)
[2018.07.30-16.11.48:442][328]LogModuleManager: Shutting down and abandoning module AddContentDialog (570)
[2018.07.30-16.11.48:442][328]LogDirectoryWatcher: A directory notification for 'E:/UE_4.19/FeaturePacks/' was aborted.
[2018.07.30-16.11.48:450][328]LogModuleManager: Shutting down and abandoning module WidgetCarousel (569)
[2018.07.30-16.11.48:450][328]LogModuleManager: Shutting down and abandoning module EditorWidgets (566)
[2018.07.30-16.11.48:450][328]LogModuleManager: Shutting down and abandoning module CollectionManager (564)
[2018.07.30-16.11.48:457][328]LogDirectoryWatcher: A directory notification for 'C:/Users/maxsa/Desktop/Unreal Projects/SteamProject/Content/Collections/' was aborted.
[2018.07.30-16.11.48:457][328]LogDirectoryWatcher: A directory notification for 'C:/Users/maxsa/Desktop/Unreal Projects/SteamProject/Content/Developers/maxsa/Collections/' was aborted.
[2018.07.30-16.11.48:457][328]LogDirectoryWatcher: A directory notification for 'C:/Users/maxsa/Desktop/Unreal Projects/SteamProject/Saved/Collections/' was aborted.
[2018.07.30-16.11.48:457][328]LogModuleManager: Shutting down and abandoning module StatsViewer (562)
[2018.07.30-16.11.48:471][328]LogModuleManager: Shutting down and abandoning module FoliageEdit (560)
[2018.07.30-16.11.48:471][328]LogModuleManager: Shutting down and abandoning module LandscapeEditor (558)
[2018.07.30-16.11.48:479][328]LogModuleManager: Shutting down and abandoning module MeshPaintMode (556)
[2018.07.30-16.11.48:494][328]LogModuleManager: Shutting down and abandoning module SceneDepthPickerMode (554)
[2018.07.30-16.11.48:494][328]LogModuleManager: Shutting down and abandoning module ActorPickerMode (552)
[2018.07.30-16.11.48:494][328]LogModuleManager: Shutting down and abandoning module GeometryMode (550)
[2018.07.30-16.11.48:503][328]LogModuleManager: Shutting down and abandoning module TextureAlignMode (548)
[2018.07.30-16.11.48:503][328]LogModuleManager: Shutting down and abandoning module BspMode (546)
[2018.07.30-16.11.48:503][328]LogModuleManager: Shutting down and abandoning module PIEPreviewDeviceProfileSelector (544)
[2018.07.30-16.11.48:503][328]LogModuleManager: Shutting down and abandoning module HardwareSurvey (542)
[2018.07.30-16.11.48:503][328]LogModuleManager: Shutting down and abandoning module SequenceRecorderSections (540)
[2018.07.30-16.11.48:503][328]LogModuleManager: Shutting down and abandoning module AutomationWorker (538)
[2018.07.30-16.11.48:503][328]LogModuleManager: Shutting down and abandoning module AudioCaptureEditor (536)
[2018.07.30-16.11.48:503][328]LogModuleManager: Shutting down and abandoning module SequenceRecorder (535)
[2018.07.30-16.11.48:514][328]LogModuleManager: Shutting down and abandoning module MatineeToLevelSequence (532)
[2018.07.30-16.11.48:526][328]LogModuleManager: Shutting down and abandoning module LevelSequenceEditor (530)
[2018.07.30-16.11.48:548][328]LogModuleManager: Shutting down and abandoning module PlacementMode (529)
[2018.07.30-16.11.48:548][328]LogModuleManager: Shutting down and abandoning module MaterialEditor (528)
[2018.07.30-16.11.48:584][328]LogModuleManager: Shutting down and abandoning module WmfMediaFactory (524)
[2018.07.30-16.11.48:584][328]LogModuleManager: Shutting down and abandoning module WmfMediaEditor (522)
[2018.07.30-16.11.48:584][328]LogModuleManager: Shutting down and abandoning module MediaPlayerEditor (520)
[2018.07.30-16.11.48:611][328]LogModuleManager: Shutting down and abandoning module OpenExrWrapper (518)
[2018.07.30-16.11.48:611][328]LogModuleManager: Shutting down and abandoning module ImgMediaFactory (516)
[2018.07.30-16.11.48:611][328]LogModuleManager: Shutting down and abandoning module ImgMediaEditor (514)
[2018.07.30-16.11.48:612][328]LogModuleManager: Shutting down and abandoning module AvfMediaFactory (512)
[2018.07.30-16.11.48:612][328]LogModuleManager: Shutting down and abandoning module AvfMediaEditor (510)
[2018.07.30-16.11.48:612][328]LogModuleManager: Shutting down and abandoning module AndroidMediaFactory (508)
[2018.07.30-16.11.48:612][328]LogModuleManager: Shutting down and abandoning module AndroidMediaEditor (506)
[2018.07.30-16.11.48:612][328]LogModuleManager: Shutting down and abandoning module CharacterAI (504)
[2018.07.30-16.11.48:612][328]LogModuleManager: Shutting down and abandoning module SmartSnapping (502)
[2018.07.30-16.11.48:612][328]LogModuleManager: Shutting down and abandoning module SessionServices (500)
[2018.07.30-16.11.48:612][328]LogModuleManager: Shutting down and abandoning module ViewportSnapping (498)
[2018.07.30-16.11.48:612][328]LogModuleManager: Shutting down and abandoning module ViewportInteraction (496)
[2018.07.30-16.11.48:623][328]LogModuleManager: Shutting down and abandoning module ClothPainter (494)
[2018.07.30-16.11.48:634][328]LogModuleManager: Shutting down and abandoning module SkeletalMeshEditor (493)
[2018.07.30-16.11.48:655][328]LogModuleManager: Shutting down and abandoning module LogVisualizer (490)
[2018.07.30-16.11.48:684][328]LogModuleManager: Shutting down and abandoning module IntroTutorials (488)
[2018.07.30-16.11.48:695][328]LogModuleManager: Shutting down and abandoning module GameProjectGeneration (487)
[2018.07.30-16.11.48:707][328]LogModuleManager: Shutting down and abandoning module IOSPlatformEditor (484)
[2018.07.30-16.11.48:720][328]LogModuleManager: Shutting down and abandoning module HTML5PlatformEditor (482)
[2018.07.30-16.11.48:720][328]LogModuleManager: Shutting down and abandoning module AndroidPlatformEditor (480)
[2018.07.30-16.11.48:720][328]LogModuleManager: Shutting down and abandoning module AndroidDeviceDetection (479)
[2018.07.30-16.11.48:812][328]LogModuleManager: Shutting down and abandoning module WindowsPlatformEditor (476)
[2018.07.30-16.11.48:812][328]LogModuleManager: Shutting down and abandoning module IOSRuntimeSettings (474)
[2018.07.30-16.11.48:812][328]LogModuleManager: Shutting down and abandoning module AndroidRuntimeSettings (472)
[2018.07.30-16.11.48:812][328]LogModuleManager: Shutting down and abandoning module InputBindingEditor (470)
[2018.07.30-16.11.48:828][328]LogModuleManager: Shutting down and abandoning module MergeActors (468)
[2018.07.30-16.11.48:834][328]LogModuleManager: Shutting down and abandoning module LocalizationDashboard (466)
[2018.07.30-16.11.48:838][328]LogModuleManager: Shutting down and abandoning module LocalizationService (465)
[2018.07.30-16.11.48:843][328]LogModuleManager: Shutting down and abandoning module HardwareTargeting (462)
[2018.07.30-16.11.48:843][328]LogModuleManager: Shutting down and abandoning module DeviceProfileEditor (460)
[2018.07.30-16.11.48:848][328]LogModuleManager: Shutting down and abandoning module UndoHistory (458)
[2018.07.30-16.11.48:848][328]LogModuleManager: Shutting down and abandoning module XmlParser (456)
[2018.07.30-16.11.48:861][328]LogModuleManager: Shutting down and abandoning module Blutility (454)
[2018.07.30-16.11.48:861][328]LogModuleManager: Shutting down and abandoning module ProjectSettingsViewer (452)
[2018.07.30-16.11.48:861][328]LogModuleManager: Shutting down and abandoning module ProjectTargetPlatformEditor (451)
[2018.07.30-16.11.48:861][328]LogModuleManager: Shutting down and abandoning module EditorSettingsViewer (448)
[2018.07.30-16.11.48:861][328]LogModuleManager: Shutting down and abandoning module SettingsEditor (446)
[2018.07.30-16.11.48:881][328]LogModuleManager: Shutting down and abandoning module ProjectLauncher (444)
[2018.07.30-16.11.48:892][328]LogModuleManager: Shutting down and abandoning module SessionFrontend (442)
[2018.07.30-16.11.48:906][328]LogModuleManager: Shutting down and abandoning module ProfilerClient (440)
[2018.07.30-16.11.48:917][328]LogModuleManager: Shutting down and abandoning module DeviceManager (438)
[2018.07.30-16.11.48:931][328]LogModuleManager: Shutting down and abandoning module TargetDeviceServices (437)
[2018.07.30-16.11.48:993][328]LogModuleManager: Shutting down and abandoning module AutomationController (434)
[2018.07.30-16.11.49:007][328]LogModuleManager: Shutting down and abandoning module AutomationWindow (432)
[2018.07.30-16.11.49:025][328]LogModuleManager: Shutting down and abandoning module Layers (430)
[2018.07.30-16.11.49:039][328]LogModuleManager: Shutting down and abandoning module ComponentVisualizers (428)
[2018.07.30-16.11.49:039][328]LogModuleManager: Shutting down and abandoning module DetailCustomizations (426)
[2018.07.30-16.11.49:039][328]LogModuleManager: Shutting down and abandoning module PackagesDialog (424)
[2018.07.30-16.11.49:040][328]LogModuleManager: Shutting down and abandoning module Persona (422)
[2018.07.30-16.11.49:063][328]LogModuleManager: Shutting down and abandoning module AdvancedPreviewScene (421)
[2018.07.30-16.11.49:063][328]LogModuleManager: Shutting down and abandoning module AnimGraph (419)
[2018.07.30-16.11.49:063][328]LogModuleManager: Shutting down and abandoning module Kismet (416)
[2018.07.30-16.11.49:082][328]LogModuleManager: Shutting down and abandoning module GraphEditor (414)
[2018.07.30-16.11.49:082][328]LogModuleManager: Shutting down and abandoning module ClassViewer (412)
[2018.07.30-16.11.49:085][328]LogModuleManager: Shutting down and abandoning module Toolbox (410)
[2018.07.30-16.11.49:085][328]LogModuleManager: Shutting down and abandoning module ModuleUI (408)
[2018.07.30-16.11.49:096][328]LogModuleManager: Shutting down and abandoning module MovieSceneTools (406)
[2018.07.30-16.11.49:109][328]LogModuleManager: Shutting down and abandoning module OutputLog (404)
[2018.07.30-16.11.49:116][328]LogModuleManager: Shutting down and abandoning module GammaUI (402)
[2018.07.30-16.11.49:128][328]LogModuleManager: Shutting down and abandoning module Documentation (400)
[2018.07.30-16.11.49:128][328]LogModuleManager: Shutting down and abandoning module MovieSceneTracks (398)
[2018.07.30-16.11.49:128][328]LogModuleManager: Shutting down and abandoning module MovieScene (396)
[2018.07.30-16.11.49:128][328]LogModuleManager: Shutting down and abandoning module StreamingPauseRendering (394)
[2018.07.30-16.11.49:128][328]LogModuleManager: Shutting down and abandoning module LauncherPlatform (392)
[2018.07.30-16.11.49:128][328]LogModuleManager: Shutting down and abandoning module AnalyticsET (390)
[2018.07.30-16.11.49:128][328]LogModuleManager: Shutting down and abandoning module PortalServices (388)
[2018.07.30-16.11.49:128][328]LogModuleManager: Shutting down and abandoning module PortalRpc (386)
[2018.07.30-16.11.49:128][328]LogModuleManager: Shutting down and abandoning module MessagingRpc (384)
[2018.07.30-16.11.49:128][328]LogModuleManager: Shutting down and abandoning module AIModule (382)
[2018.07.30-16.11.49:129][328]LogModuleManager: Shutting down and abandoning module GameplayDebugger (381)
[2018.07.30-16.11.49:129][328]LogModuleManager: Shutting down and abandoning module AITestSuite (379)
[2018.07.30-16.11.49:142][328]LogModuleManager: Shutting down and abandoning module DesktopPlatform (376)
[2018.07.30-16.11.49:154][328]LogModuleManager: Shutting down and abandoning module ProfilerService (374)
[2018.07.30-16.11.49:348][328]LogModuleManager: Shutting down and abandoning module TaskGraph (372)
[2018.07.30-16.11.49:364][328]LogModuleManager: Shutting down and abandoning module SteamVRController (370)
[2018.07.30-16.11.49:365][328]LogModuleManager: Shutting down and abandoning module ProceduralMeshComponentEditor (368)
[2018.07.30-16.11.49:365][328]LogModuleManager: Shutting down and abandoning module ProceduralMeshComponent (366)
[2018.07.30-16.11.49:365][328]LogModuleManager: Shutting down and abandoning module OculusInput (364)
[2018.07.30-16.11.49:368][328]LogModuleManager: Shutting down and abandoning module MobilePatchingUtils (362)
[2018.07.30-16.11.49:369][328]LogModuleManager: Shutting down and abandoning module CustomMeshComponent (360)
[2018.07.30-16.11.49:369][328]LogModuleManager: Shutting down and abandoning module CableComponent (358)
[2018.07.30-16.11.49:369][328]LogModuleManager: Shutting down and abandoning module AudioCapture (356)
[2018.07.30-16.11.49:369][328]LogModuleManager: Shutting down and abandoning module ArchVisCharacter (354)
[2018.07.30-16.11.49:369][328]LogModuleManager: Shutting down and abandoning module AndroidPermission (352)
[2018.07.30-16.11.49:369][328]LogModuleManager: Shutting down and abandoning module NUTUnrealEngine4 (348)
[2018.07.30-16.11.49:369][328]LogModuleManager: Shutting down and abandoning module NetcodeUnitTest (346)
[2018.07.30-16.11.49:398][328]LogModuleManager: Shutting down and abandoning module MediaCompositingEditor (344)
[2018.07.30-16.11.49:398][328]LogModuleManager: Shutting down and abandoning module MediaCompositing (342)
[2018.07.30-16.11.49:398][328]LogModuleManager: Shutting down and abandoning module LinearTimecode (340)
[2018.07.30-16.11.49:398][328]LogModuleManager: Shutting down and abandoning module ImgMedia (338)
[2018.07.30-16.11.49:409][328]LogModuleManager: Shutting down and abandoning module HTML5Networking (336)
[2018.07.30-16.11.49:409][328]LogModuleManager: Shutting down and abandoning module AlembicImporter (334)
[2018.07.30-16.11.49:425][328]LogModuleManager: Shutting down and abandoning module AlembicLibrary (333)
[2018.07.30-16.11.49:430][328]LogModuleManager: Shutting down and abandoning module GeometryCache (332)
[2018.07.30-16.11.49:430][328]LogModuleManager: Shutting down and abandoning module GeometryCacheEd (331)
[2018.07.30-16.11.49:430][328]LogModuleManager: Shutting down and abandoning module DatasmithContent (326)
[2018.07.30-16.11.49:430][328]LogModuleManager: Shutting down and abandoning module SpeedTreeImporter (324)
[2018.07.30-16.11.49:430][328]LogModuleManager: Shutting down and abandoning module PluginBrowser (322)
[2018.07.30-16.11.49:441][328]LogModuleManager: Shutting down and abandoning module MobileLauncherProfileWizard (320)
[2018.07.30-16.11.49:450][328]LogModuleManager: Shutting down and abandoning module CryptoKeysOpenSSL (318)
[2018.07.30-16.11.49:459][328]LogModuleManager: Shutting down and abandoning module CryptoKeys (316)
[2018.07.30-16.11.49:459][328]LogModuleManager: Shutting down and abandoning module VisualStudioSourceCodeAccess (314)
[2018.07.30-16.11.49:459][328]LogModuleManager: Shutting down and abandoning module VisualStudioCodeSourceCodeAccess (312)
[2018.07.30-16.11.49:459][328]LogModuleManager: Shutting down and abandoning module UObjectPlugin (310)
[2018.07.30-16.11.49:459][328]LogModuleManager: Shutting down and abandoning module SubversionSourceControl (308)
[2018.07.30-16.11.49:466][328]LogModuleManager: Shutting down and abandoning module PerforceSourceControl (306)
[2018.07.30-16.11.49:487][328]LogModuleManager: Shutting down and abandoning module GitSourceControl (304)
[2018.07.30-16.11.49:497][328]LogModuleManager: Shutting down and abandoning module SourceControl (303)
[2018.07.30-16.11.49:506][328]LogModuleManager: Shutting down and abandoning module CLionSourceCodeAccess (300)
[2018.07.30-16.11.49:520][328]LogModuleManager: Shutting down and abandoning module LightPropagationVolumeEditor (298)
[2018.07.30-16.11.49:520][328]LogModuleManager: Shutting down and abandoning module PaperTiledImporter (296)
[2018.07.30-16.11.49:520][328]LogModuleManager: Shutting down and abandoning module PaperSpriteSheetImporter (294)
[2018.07.30-16.11.49:520][328]LogModuleManager: Shutting down and abandoning module Paper2DEditor (292)
[2018.07.30-16.11.49:537][328]LogModuleManager: Shutting down and abandoning module MeshPaint (291)
[2018.07.30-16.11.49:547][328]LogModuleManager: Shutting down and abandoning module RuntimePhysXCooking (288)
[2018.07.30-16.11.49:547][328]LogModuleManager: Shutting down and abandoning module PhysXVehiclesEditor (286)
[2018.07.30-16.11.49:547][328]LogModuleManager: Shutting down and abandoning module PhysXVehicles (284)
[2018.07.30-16.11.49:547][328]LogModuleManager: Shutting down and abandoning module OculusEditor (282)
[2018.07.30-16.11.49:547][328]LogModuleManager: Shutting down and abandoning module LocationServicesBPLibrary (280)
[2018.07.30-16.11.49:547][328]LogModuleManager: Shutting down and abandoning module ImmediatePhysicsEditor (278)
[2018.07.30-16.11.49:547][328]LogModuleManager: Shutting down and abandoning module ImmediatePhysics (276)
[2018.07.30-16.11.49:547][328]LogModuleManager: Shutting down and abandoning module ActorSequence (274)
[2018.07.30-16.11.49:547][328]LogModuleManager: Shutting down and abandoning module UdpMessaging (272)
[2018.07.30-16.11.49:648][328]LogModuleManager: Shutting down and abandoning module TcpMessaging (270)
[2018.07.30-16.11.49:761][328]LogModuleManager: Shutting down and abandoning module GameplayTagsEditor (268)
[2018.07.30-16.11.49:772][328]LogModuleManager: Shutting down and abandoning module FacialAnimationEditor (266)
[2018.07.30-16.11.49:772][328]LogModuleManager: Shutting down and abandoning module FacialAnimation (264)
[2018.07.30-16.11.49:772][328]LogModuleManager: Shutting down and abandoning module DataValidation (262)
[2018.07.30-16.11.49:786][328]LogModuleManager: Shutting down and abandoning module AssetManagerEditor (260)
[2018.07.30-16.11.49:806][328]LogModuleManager: Shutting down and abandoning module LevelEditor (259)
[2018.07.30-16.11.49:808][328]LogModuleManager: Shutting down and abandoning module PixelInspectorModule (258)
[2018.07.30-16.11.49:819][328]LogModuleManager: Shutting down and abandoning module CommonMenuExtensions (256)
[2018.07.30-16.11.49:819][328]LogModuleManager: Shutting down and abandoning module MainFrame (254)
[2018.07.30-16.11.49:819][328]LogModuleManager: Shutting down and abandoning module HotReload (253)
[2018.07.30-16.11.49:830][328]LogModuleManager: Shutting down and abandoning module ContentBrowser (249)
[2018.07.30-16.11.49:832][328]LogModuleManager: Shutting down and abandoning module TreeMap (247)
[2018.07.30-16.11.49:833][328]LogModuleManager: Shutting down and abandoning module LightPropagationVolumeRuntime (244)
[2018.07.30-16.11.49:833][328]LogModuleManager: Shutting down and abandoning module LiveLinkEditor (242)
[2018.07.30-16.11.49:846][328]LogModuleManager: Shutting down and abandoning module LiveLink (240)
[2018.07.30-16.11.50:299][328]LogModuleManager: Shutting down and abandoning module Paper2D (238)
[2018.07.30-16.11.50:308][328]LogModuleManager: Shutting down and abandoning module WindowsMoviePlayer (236)
[2018.07.30-16.11.50:317][328]LogModuleManager: Shutting down and abandoning module WmfMedia (234)
[2018.07.30-16.11.50:336][328]LogModuleManager: Shutting down and abandoning module Media (233)
[2018.07.30-16.11.50:343][328]LogModuleManager: Shutting down and abandoning module PacketHandler (230)
[2018.07.30-16.11.50:343][328]LogModuleManager: Shutting down and abandoning module ClothingSystemEditor (228)
[2018.07.30-16.11.50:343][328]LogModuleManager: Shutting down and abandoning module ClothingSystemRuntime (226)
[2018.07.30-16.11.50:365][328]LogModuleManager: Shutting down and abandoning module MediaAssets (224)
[2018.07.30-16.11.50:365][328]LogModuleManager: Shutting down and abandoning module Overlay (222)
[2018.07.30-16.11.50:365][328]LogModuleManager: Shutting down and abandoning module OverlayEditor (221)
[2018.07.30-16.11.50:365][328]LogModuleManager: Shutting down and abandoning module VREditor (218)
[2018.07.30-16.11.50:385][328]LogModuleManager: Shutting down and abandoning module StringTableEditor (216)
[2018.07.30-16.11.50:385][328]LogModuleManager: Shutting down and abandoning module GameplayTasksEditor (214)
[2018.07.30-16.11.50:385][328]LogModuleManager: Shutting down and abandoning module BehaviorTreeEditor (212)
[2018.07.30-16.11.50:408][328]LogModuleManager: Shutting down and abandoning module FunctionalTesting (210)
[2018.07.30-16.11.50:412][328]LogModuleManager: Shutting down and abandoning module CollisionAnalyzer (208)
[2018.07.30-16.11.50:424][328]LogModuleManager: Shutting down and abandoning module WorkspaceMenuStructure (207)
[2018.07.30-16.11.50:424][328]LogModuleManager: Shutting down and abandoning module UMG (204)
[2018.07.30-16.11.50:437][328]LogModuleManager: Shutting down and abandoning module UMGEditor (203)
[2018.07.30-16.11.50:437][328]LogModuleManager: Shutting down and abandoning module Sequencer (202)
[2018.07.30-16.11.50:437][328]LogModuleManager: Shutting down and abandoning module MessageLog (199)
[2018.07.30-16.11.50:437][328]LogModuleManager: Shutting down and abandoning module SlateReflector (194)
[2018.07.30-16.11.50:469][328]LogModuleManager: Shutting down and abandoning module Slate (192)
[2018.07.30-16.11.50:469][328]LogModuleManager: Shutting down and abandoning module EditorStyle (190)
[2018.07.30-16.11.50:473][328]LogModuleManager: Shutting down and abandoning module MRMesh (188)
[2018.07.30-16.11.50:473][328]LogModuleManager: Shutting down and abandoning module SourceCodeAccess (186)
[2018.07.30-16.11.50:473][328]LogModuleManager: Shutting down and abandoning module HeadMountedDisplay (184)
[2018.07.30-16.11.50:473][328]LogModuleManager: Shutting down and abandoning module XAudio2 (182)
[2018.07.30-16.11.50:473][328]LogModuleManager: Shutting down and abandoning module Networking (180)
[2018.07.30-16.11.50:473][328]LogModuleManager: Shutting down and abandoning module Core (178)
[2018.07.30-16.11.50:473][328]LogModuleManager: Shutting down and abandoning module LevelSequence (176)
[2018.07.30-16.11.50:473][328]LogModuleManager: Shutting down and abandoning module KismetCompiler (174)
[2018.07.30-16.11.50:473][328]LogModuleManager: Shutting down and abandoning module MeshUtilities (172)
[2018.07.30-16.11.50:482][328]LogModuleManager: Shutting down and abandoning module MeshMergeUtilities (171)
[2018.07.30-16.11.50:482][328]LogModuleManager: Shutting down and abandoning module MeshReductionInterface (170)
[2018.07.30-16.11.50:482][328]LogModuleManager: Shutting down and abandoning module SimplygonSwarm (169)
[2018.07.30-16.11.50:487][328]LogModuleManager: Shutting down and abandoning module SimplygonMeshReduction (167)
[2018.07.30-16.11.50:493][328]LogModuleManager: Shutting down and abandoning module QuadricMeshReduction (165)
[2018.07.30-16.11.50:499][328]LogModuleManager: Shutting down and abandoning module MaterialBaking (161)
[2018.07.30-16.11.50:510][328]LogModuleManager: Shutting down and abandoning module DirectoryWatcher (157)
[2018.07.30-16.11.50:513][328]LogModuleManager: Shutting down and abandoning module DerivedDataCache (154)
[2018.07.30-16.11.50:539][328]LogDerivedDataCache: Shutdown
[2018.07.30-16.11.50:539][328]LogModuleManager: Shutting down and abandoning module XGEController (152)
[2018.07.30-16.11.50:539][328]LogXGEController: Cleaning working directory: C:/Users/maxsa/AppData/Local/Temp/UnrealXGEWorkingDir/
[2018.07.30-16.11.50:539][328]LogModuleManager: Shutting down and abandoning module TargetPlatform (150)
[2018.07.30-16.11.50:539][328]LogModuleManager: Shutting down and abandoning module VulkanShaderFormat (149)
[2018.07.30-16.11.50:550][328]LogModuleManager: Shutting down and abandoning module ShaderFormatVectorVM (147)
[2018.07.30-16.11.50:557][328]LogModuleManager: Shutting down and abandoning module ShaderFormatOpenGL (145)
[2018.07.30-16.11.50:560][328]LogModuleManager: Shutting down and abandoning module ShaderFormatD3D (143)
[2018.07.30-16.11.50:569][328]LogModuleManager: Shutting down and abandoning module MetalShaderFormat (141)
[2018.07.30-16.11.50:585][328]LogModuleManager: Shutting down and abandoning module TextureFormatUncompressed (139)
[2018.07.30-16.11.50:585][328]LogModuleManager: Shutting down and abandoning module TextureFormatPVR (137)
[2018.07.30-16.11.50:585][328]LogModuleManager: Shutting down and abandoning module TextureFormatDXT (135)
[2018.07.30-16.11.50:591][328]LogModuleManager: Shutting down and abandoning module TextureFormatIntelISPCTexComp (133)
[2018.07.30-16.11.50:603][328]LogModuleManager: Shutting down and abandoning module TextureFormatASTC (131)
[2018.07.30-16.11.50:604][328]LogModuleManager: Shutting down and abandoning module ImageWrapper (130)
[2018.07.30-16.11.50:604][328]LogModuleManager: Shutting down and abandoning module TextureFormatAndroid (127)
[2018.07.30-16.11.50:604][328]LogModuleManager: Shutting down and abandoning module AudioFormatOpus (125)
[2018.07.30-16.11.50:604][328]LogModuleManager: Shutting down and abandoning module AudioFormatOgg (123)
[2018.07.30-16.11.50:604][328]LogModuleManager: Shutting down and abandoning module AudioFormatADPCM (121)
[2018.07.30-16.11.50:604][328]LogModuleManager: Shutting down and abandoning module LinuxTargetPlatform (119)
[2018.07.30-16.11.50:604][328]LogModuleManager: Shutting down and abandoning module LinuxServerTargetPlatform (117)
[2018.07.30-16.11.50:604][328]LogModuleManager: Shutting down and abandoning module LinuxNoEditorTargetPlatform (115)
[2018.07.30-16.11.50:604][328]LogModuleManager: Shutting down and abandoning module LinuxClientTargetPlatform (113)
[2018.07.30-16.11.50:604][328]LogModuleManager: Shutting down and abandoning module TVOSTargetPlatform (111)
[2018.07.30-16.11.50:604][328]LogModuleManager: Shutting down and abandoning module Messaging (109)
[2018.07.30-16.11.50:604][328]LogModuleManager: Shutting down and abandoning module IOSTargetPlatform (107)
[2018.07.30-16.11.50:604][328]LogModuleManager: Shutting down and abandoning module HTML5TargetPlatform (105)
[2018.07.30-16.11.50:604][328]LogModuleManager: Shutting down and abandoning module AndroidTargetPlatform (103)
[2018.07.30-16.11.50:604][328]LogModuleManager: Shutting down and abandoning module Android_PVRTCTargetPlatform (101)
[2018.07.30-16.11.50:604][328]LogModuleManager: Shutting down and abandoning module Android_MultiTargetPlatform (99)
[2018.07.30-16.11.50:604][328]LogModuleManager: Shutting down and abandoning module Android_ETC2TargetPlatform (97)
[2018.07.30-16.11.50:604][328]LogModuleManager: Shutting down and abandoning module Android_ETC1TargetPlatform (95)
[2018.07.30-16.11.50:604][328]LogModuleManager: Shutting down and abandoning module Android_ETC1aTargetPlatform (93)
[2018.07.30-16.11.50:604][328]LogModuleManager: Shutting down and abandoning module Android_DXTTargetPlatform (91)
[2018.07.30-16.11.50:605][328]LogModuleManager: Shutting down and abandoning module Android_ATCTargetPlatform (89)
[2018.07.30-16.11.50:605][328]LogModuleManager: Shutting down and abandoning module Android_ASTCTargetPlatform (87)
[2018.07.30-16.11.50:605][328]LogModuleManager: Shutting down and abandoning module WindowsTargetPlatform (85)
[2018.07.30-16.11.50:605][328]LogModuleManager: Shutting down and abandoning module WindowsServerTargetPlatform (83)
[2018.07.30-16.11.50:605][328]LogModuleManager: Shutting down and abandoning module WindowsNoEditorTargetPlatform (81)
[2018.07.30-16.11.50:605][328]LogModuleManager: Shutting down and abandoning module WindowsClientTargetPlatform (79)
[2018.07.30-16.11.50:605][328]LogModuleManager: Shutting down and abandoning module MacTargetPlatform (77)
[2018.07.30-16.11.50:605][328]LogModuleManager: Shutting down and abandoning module MacServerTargetPlatform (75)
[2018.07.30-16.11.50:605][328]LogModuleManager: Shutting down and abandoning module MacNoEditorTargetPlatform (73)
[2018.07.30-16.11.50:605][328]LogModuleManager: Shutting down and abandoning module MacClientTargetPlatform (71)
[2018.07.30-16.11.50:605][328]LogModuleManager: Shutting down and abandoning module AllDesktopTargetPlatform (69)
[2018.07.30-16.11.50:605][328]LogModuleManager: Shutting down and abandoning module InputCore (66)
[2018.07.30-16.11.50:605][328]LogModuleManager: Shutting down and abandoning module Settings (64)
[2018.07.30-16.11.50:605][328]LogModuleManager: Shutting down and abandoning module PhysXCooking (62)
[2018.07.30-16.11.50:605][328]LogModuleManager: Shutting down and abandoning module SteamVR (60)
[2018.07.30-16.11.50:605][328]LogModuleManager: Shutting down and abandoning module OculusHMD (58)
[2018.07.30-16.11.50:614][328]LogModuleManager: Shutting down and abandoning module ExampleDeviceProfileSelector (56)
[2018.07.30-16.11.50:614][328]LogModuleManager: Shutting down and abandoning module AppleARKit (54)
[2018.07.30-16.11.50:614][328]LogModuleManager: Shutting down and abandoning module AugmentedReality (51)
[2018.07.30-16.11.50:614][328]LogModuleManager: Shutting down and abandoning module OnlineBlueprintSupport (48)
[2018.07.30-16.11.50:614][328]LogModuleManager: Shutting down and abandoning module OnlineSubsystem (44)
[2018.07.30-16.11.50:648][328]LogModuleManager: Shutting down and abandoning module XMPP (43)
[2018.07.30-16.11.50:667][328]LogModuleManager: Shutting down and abandoning module HTTP (41)
[2018.07.30-16.11.50:679][328]LogHttp: Display: Http module shutting down, but needs to wait on 1 outstanding Http requests:
[2018.07.30-16.11.50:679][328]LogHttp: Display: 	verb=[POST] url=[https://datarouter.ol.epicgames.com/datarouter/api/v1/public/data?SessionID=%7BBC8ABE83-47BE-037F-3E43-CB9A7FB30898%7D&AppID=UEEditor.Rocket.Release&AppVersion=4.19.2-4033788%2B%2B%2BUE4%2BRelease-4.19&UserID=9b2d74f540de947067f12f85f0e10fc3%7C121cf0c067fc45bf8a47a34e1f08bd7e%7C6529c761-14eb-4014-bd30-d410aae9a07c&AppEnvironment=datacollector-binary&UploadType=eteventstream] status=Processing
[2018.07.30-16.11.50:684][328]LogModuleManager: Shutting down and abandoning module SSL (40)
[2018.07.30-16.11.50:705][328]LogModuleManager: Shutting down and abandoning module AnimationModifiers (36)
[2018.07.30-16.11.50:717][328]LogModuleManager: Shutting down and abandoning module PropertyEditor (35)
[2018.07.30-16.11.50:727][328]LogModuleManager: Shutting down and abandoning module AudioEditor (32)
[2018.07.30-16.11.50:745][328]LogModuleManager: Shutting down and abandoning module TextureCompressor (30)
[2018.07.30-16.11.50:755][328]LogModuleManager: Shutting down and abandoning module ShaderCore (28)
[2018.07.30-16.11.50:755][328]LogModuleManager: Shutting down and abandoning module Landscape (26)
[2018.07.30-16.11.50:755][328]LogModuleManager: Shutting down and abandoning module SlateRHIRenderer (24)
[2018.07.30-16.11.50:768][328]LogModuleManager: Shutting down and abandoning module OpenGLDrv (22)
[2018.07.30-16.11.50:778][328]LogModuleManager: Shutting down and abandoning module D3D11RHI (20)
[2018.07.30-16.11.50:778][328]LogModuleManager: Shutting down and abandoning module AnimGraphRuntime (18)
[2018.07.30-16.11.50:794][328]LogModuleManager: Shutting down and abandoning module Renderer (16)
[2018.07.30-16.11.50:794][328]LogModuleManager: Shutting down and abandoning module Engine (14)
[2018.07.30-16.11.50:794][328]LogModuleManager: Shutting down and abandoning module CoreUObject (12)
[2018.07.30-16.11.50:794][328]LogModuleManager: Shutting down and abandoning module NetworkFile (10)
[2018.07.30-16.11.50:800][328]LogModuleManager: Shutting down and abandoning module CookedIterativeFile (8)
[2018.07.30-16.11.50:800][328]LogModuleManager: Shutting down and abandoning module StreamingFile (6)
[2018.07.30-16.11.50:816][328]LogModuleManager: Shutting down and abandoning module SandboxFile (4)
[2018.07.30-16.11.50:816][328]LogModuleManager: Shutting down and abandoning module PakFile (2)
[2018.07.30-16.11.50:846][328]LogExit: Exiting.
[2018.07.30-16.11.50:900][328]Log file closed, 07/30/18 12:11:50
