Log file open, 11/10/18 19:18:31
LogWindows: Failed to load 'aqProf.dll' (GetLastError=126)
LogWindows: File 'aqProf.dll' does not exist
LogWindows: Failed to load 'VSPerf140.dll' (GetLastError=126)
LogWindows: File 'VSPerf140.dll' does not exist
LogWindows: Failed to load 'VtuneApi.dll' (GetLastError=126)
LogWindows: File 'VtuneApi.dll' does not exist
LogWindows: Failed to load 'VtuneApi32e.dll' (GetLastError=126)
LogWindows: File 'VtuneApi32e.dll' does not exist
LogInit: Display: Running engine for game: SteamProject
LogPlatformFile: Not using cached read wrapper
LogTaskGraph: Started task graph with 5 named threads and 14 total threads with 3 sets of task threads.
LogStats: Stats thread started at 22.892133
LogD3D11RHI: Loaded GFSDK_Aftermath_Lib.x64.dll
LogICUInternationalization: Display: ICU TimeZone Detection - Raw Offset: -5:00, Platform Override: ''
LogPluginManager: Mounting plugin Paper2D
LogPluginManager: Mounting plugin AISupport
LogPluginManager: Mounting plugin LightPropagationVolume
LogPluginManager: Mounting plugin CLionSourceCodeAccess
LogPluginManager: Mounting plugin CodeLiteSourceCodeAccess
LogPluginManager: Mounting plugin GitSourceControl
LogPluginManager: Mounting plugin KDevelopSourceCodeAccess
LogPluginManager: Mounting plugin NullSourceCodeAccess
LogPluginManager: Mounting plugin PerforceSourceControl
LogPluginManager: Mounting plugin SubversionSourceControl
LogPluginManager: Mounting plugin UObjectPlugin
LogPluginManager: Mounting plugin VisualStudioCodeSourceCodeAccess
LogPluginManager: Mounting plugin VisualStudioSourceCodeAccess
LogPluginManager: Mounting plugin XCodeSourceCodeAccess
LogPluginManager: Mounting plugin AssetManagerEditor
LogPluginManager: Mounting plugin CryptoKeys
LogPluginManager: Mounting plugin DataValidation
LogPluginManager: Mounting plugin FacialAnimation
LogPluginManager: Mounting plugin GameplayTagsEditor
LogPluginManager: Mounting plugin MacGraphicsSwitching
LogPluginManager: Mounting plugin MeshEditor
LogPluginManager: Mounting plugin MobileLauncherProfileWizard
LogPluginManager: Mounting plugin PluginBrowser
LogPluginManager: Mounting plugin SpeedTreeImporter
LogPluginManager: Mounting plugin DatasmithContent
LogPluginManager: Mounting plugin AlembicImporter
LogPluginManager: Mounting plugin AppleImageUtils
LogPluginManager: Mounting plugin AppleVision
LogPluginManager: Mounting plugin BackChannel
LogPluginManager: Mounting plugin CharacterAI
LogPluginManager: Mounting plugin GeometryCache
LogPluginManager: Mounting plugin HTML5Networking
LogPluginManager: Mounting plugin ProxyLODPlugin
LogPluginManager: Mounting plugin MagicLeap
LogPluginManager: Mounting plugin MagicLeapEmulator
LogPluginManager: Mounting plugin MagicLeapMedia
LogPluginManager: Mounting plugin AndroidMedia
LogPluginManager: Mounting plugin AvfMedia
LogPluginManager: Mounting plugin ImgMedia
LogPluginManager: Mounting plugin LinearTimecode
LogPluginManager: Mounting plugin MediaCompositing
LogPluginManager: Mounting plugin MediaPlayerEditor
LogPluginManager: Mounting plugin WmfMedia
LogPluginManager: Mounting plugin TcpMessaging
LogPluginManager: Mounting plugin UdpMessaging
LogPluginManager: Mounting plugin ActorSequence
LogPluginManager: Mounting plugin LevelSequenceEditor
LogPluginManager: Mounting plugin MatineeToLevelSequence
LogPluginManager: Mounting plugin NetcodeUnitTest
LogPluginManager: Mounting plugin NUTUnrealEngine4
LogPluginManager: Mounting plugin OnlineSubsystemGooglePlay
LogPluginManager: Mounting plugin OnlineSubsystemIOS
LogPluginManager: Mounting plugin OnlineSubsystem
LogPluginManager: Mounting plugin OnlineSubsystemNull
LogPluginManager: Mounting plugin OnlineSubsystemSteam
LogPluginManager: Mounting plugin OnlineSubsystemUtils
LogPluginManager: Mounting plugin LauncherChunkInstaller
LogPluginManager: Mounting plugin AndroidDeviceProfileSelector
LogPluginManager: Mounting plugin AndroidMoviePlayer
LogPluginManager: Mounting plugin AndroidPermission
LogPluginManager: Mounting plugin AppleMoviePlayer
LogPluginManager: Mounting plugin ArchVisCharacter
LogPluginManager: Mounting plugin AudioCapture
LogPluginManager: Mounting plugin CableComponent
LogPluginManager: Mounting plugin CustomMeshComponent
LogPluginManager: Mounting plugin EditableMesh
LogPluginManager: Mounting plugin ExampleDeviceProfileSelector
LogPluginManager: Mounting plugin GoogleCloudMessaging
LogPluginManager: Mounting plugin ImmediatePhysics
LogPluginManager: Mounting plugin IOSDeviceProfileSelector
LogPluginManager: Mounting plugin LinuxDeviceProfileSelector
LogPluginManager: Mounting plugin LocationServicesBPLibrary
LogPluginManager: Mounting plugin MobilePatchingUtils
LogPluginManager: Mounting plugin OculusVR
LogPluginManager: Plugin shader directory ../../../Engine/Plugins/Runtime/Oculus/OculusVR/Shaders found
LogPluginManager: Mapping shader source directory ../../../Engine/Plugins/Runtime/Oculus/OculusVR/Shaders to virtual directory /Plugin/OculusVR
LogPluginManager: Mounting plugin PhysXVehicles
LogPluginManager: Mounting plugin ProceduralMeshComponent
LogPluginManager: Mounting plugin RuntimePhysXCooking
LogPluginManager: Mounting plugin SteamVR
LogPluginManager: Mounting plugin WindowsMoviePlayer
LogStreaming: Display: Took  0.199s to configure plugins.
LogInit: Using libcurl 7.55.1-DEV
LogInit:  - built for x86_64-pc-win32
LogInit:  - supports SSL with OpenSSL/1.0.2h
LogInit:  - supports HTTP deflate (compression) using libz 1.2.8
LogInit:  - other features:
LogInit:      CURL_VERSION_SSL
LogInit:      CURL_VERSION_LIBZ
LogInit:      CURL_VERSION_IPV6
LogInit:      CURL_VERSION_ASYNCHDNS
LogInit:      CURL_VERSION_LARGEFILE
LogInit:      CURL_VERSION_IDN
LogInit:  CurlRequestOptions (configurable via config and command line):
LogInit:  - bVerifyPeer = false  - Libcurl will NOT verify peer certificate
LogInit:  - bUseHttpProxy = false  - Libcurl will NOT use HTTP proxy
LogInit:  - bDontReuseConnections = false  - Libcurl will reuse connections
LogInit:  - CertBundlePath = nullptr  - Libcurl will use whatever was configured at build time.
LogInit:  - MaxHostConnections = 16  - Libcurl will limit the number of connections to a host
LogInit:  - LocalHostAddr = Default
LogInit:  - BufferSize = 65536
LogOnline: Display: STEAM: Loading Steam SDK 1.39
LogOnline: Warning: STEAM: Steam API disabled!
LogOnline: Display: STEAM: OnlineSubsystemSteam::Shutdown()
LogInit: WinSock: version 1.1 (2.2), MaxSocks=32767, MaxUdp=65467
LogInit: Build: ++UE4+Release-4.20-CL-4369336
LogInit: Engine Version: 4.20.3-4369336+++UE4+Release-4.20
LogInit: Compatible Engine Version: 4.20.0-4212847+++UE4+Release-4.20
LogInit: Net CL: 4212847
LogInit: OS: Windows 10 (), CPU:        Intel(R) Core(TM) i5-3570K CPU @ 3.40GHz, GPU: NVIDIA GeForce GTX 1070
LogInit: Compiled (64-bit): Sep 17 2018 12:26:19
LogInit: Compiled with Visual C++: 19.13.26129.00
LogInit: Build Configuration: Development
LogInit: Branch Name: ++UE4+Release-4.20
LogInit: Command Line:  
LogInit: Base Directory: E:/UE_4.20/Engine/Binaries/Win64/
LogInit: Installed Engine Build: 1
LogDevObjectVersion: Number of dev versions registered: 20
LogDevObjectVersion:   Dev-Blueprints (B0D832E4-1F89-4F0D-ACCF-7EB736FD4AA2): 10
LogDevObjectVersion:   Dev-Build (E1C64328-A22C-4D53-A36C-8E866417BD8C): 0
LogDevObjectVersion:   Dev-Core (375EC13C-06E4-48FB-B500-84F0262A717E): 2
LogDevObjectVersion:   Dev-Editor (E4B068ED-F494-42E9-A231-DA0B2E46BB41): 24
LogDevObjectVersion:   Dev-Framework (CFFC743F-43B0-4480-9391-14DF171D2073): 34
LogDevObjectVersion:   Dev-Mobile (B02B49B5-BB20-44E9-A304-32B752E40360): 2
LogDevObjectVersion:   Dev-Networking (A4E4105C-59A1-49B5-A7C5-40C4547EDFEE): 0
LogDevObjectVersion:   Dev-Online (39C831C9-5AE6-47DC-9A44-9C173E1C8E7C): 0
LogDevObjectVersion:   Dev-Physics (78F01B33-EBEA-4F98-B9B4-84EACCB95AA2): 0
LogDevObjectVersion:   Dev-Platform (6631380F-2D4D-43E0-8009-CF276956A95A): 0
LogDevObjectVersion:   Dev-Rendering (12F88B9F-8875-4AFC-A67C-D90C383ABD29): 26
LogDevObjectVersion:   Dev-Sequencer (7B5AE74C-D270-4C10-A958-57980B212A5A): 9
LogDevObjectVersion:   Dev-VR (D7296918-1DD6-4BDD-9DE2-64A83CC13884): 2
LogDevObjectVersion:   Dev-LoadTimes (C2A15278-BFE7-4AFE-6C17-90FF531DF755): 1
LogDevObjectVersion:   Private-Geometry (6EACA3D4-40EC-4CC1-B786-8BED09428FC5): 3
LogDevObjectVersion:   Dev-AnimPhys (29E575DD-E0A3-4627-9D10-D276232CDCEA): 17
LogDevObjectVersion:   Dev-ReflectionCapture (6B266CEC-1EC7-4B8F-A30B-E4D90942FC07): 1
LogDevObjectVersion:   Dev-Automation (0DF73D61-A23F-47EA-B727-89E90C41499A): 1
LogDevObjectVersion:   FortniteMain (601D1886-AC64-4F84-AA16-D3DE0DEAC7D6): 12
LogDevObjectVersion:   Dev-Enterprise (9DFFBCD6-494F-0158-E221-12823C92A888): 1
LogStreaming: Display: Took  0.001s to delete old logs.
LogInit: Presizing for max 8388607 objects, including 0 objects not considered by GC, pre-allocating 0 bytes for permanent pool.
LogInit: Object subsystem initialized
[2018.11.11-00.18.35:201][  0]LogInit: Selected Device Profile: [Windows]
[2018.11.11-00.18.35:201][  0]LogInit: Applying CVar settings loaded from the selected device profile: [Windows]
[2018.11.11-00.18.35:239][  0]LogHAL: Display: Platform has ~ 16 GB [16855703552 / 17179869184 / 16], which maps to Larger [LargestMinGB=32, LargerMinGB=12, DefaultMinGB=8, SmallerMinGB=6, SmallestMinGB=0)
[2018.11.11-00.18.35:239][  0]LogInit: Setting Device Profile CVar: [[r.Vulkan.UseRealUBs:1]]
[2018.11.11-00.18.35:239][  0]LogInit: Going up to parent DeviceProfile []
[2018.11.11-00.18.35:256][  0]LogInit: Computer: MAX-PC
[2018.11.11-00.18.35:256][  0]LogInit: User: maxsa
[2018.11.11-00.18.35:256][  0]LogInit: CPU Page size=4096, Cores=4
[2018.11.11-00.18.35:256][  0]LogInit: High frequency timer resolution =3.420549 MHz
[2018.11.11-00.18.35:257][  0]LogMemory: Memory total: Physical=15.7GB (16GB approx)
[2018.11.11-00.18.35:257][  0]LogMemory: Platform Memory Stats for Windows
[2018.11.11-00.18.35:257][  0]LogMemory: Process Physical Memory: 100.18 MB used, 100.18 MB peak
[2018.11.11-00.18.35:257][  0]LogMemory: Process Virtual Memory: 84.21 MB used, 84.21 MB peak
[2018.11.11-00.18.35:257][  0]LogMemory: Physical Memory: 9278.26 MB used,  6796.59 MB free, 16074.85 MB total
[2018.11.11-00.18.35:257][  0]LogMemory: Virtual Memory: 4616.73 MB used,  6796.59 MB free, 134217728.00 MB total
[2018.11.11-00.18.36:973][  0]LogInit: Using OS detected language (en-US).
[2018.11.11-00.18.36:973][  0]LogInit: Using OS detected locale (en-CA).
[2018.11.11-00.18.37:039][  0]LogTextLocalizationManager: No specific localization for 'en-US' exists, so the 'en' localization will be used.
[2018.11.11-00.18.37:947][  0]LogStreaming: Display: Took  0.974s to InitEngineTextLocalization.
[2018.11.11-00.18.37:947][  0]LogInit: Setting process to per monitor DPI aware
[2018.11.11-00.18.38:563][  0]LogSlate: New Slate User Created.  User Index 0, Is Virtual User: 0
[2018.11.11-00.18.38:563][  0]LogSlate: Slate User Registered.  User Index 0, Is Virtual User: 0
[2018.11.11-00.18.42:053][  0]LogHMD: Failed to initialize OpenVR with code 105
[2018.11.11-00.18.42:053][  0]LogD3D11RHI: D3D11 adapters:
[2018.11.11-00.18.42:151][  0]LogD3D11RHI:    0. 'NVIDIA GeForce GTX 1070' (Feature Level 11_0)
[2018.11.11-00.18.42:151][  0]LogD3D11RHI:       8088/0/8037 MB DedicatedVideo/DedicatedSystem/SharedSystem, Outputs:2, VendorId:0x10de
[2018.11.11-00.18.42:170][  0]LogD3D11RHI:    1. 'Intel(R) HD Graphics 4000' (Feature Level 11_0)
[2018.11.11-00.18.42:170][  0]LogD3D11RHI:       224/0/1568 MB DedicatedVideo/DedicatedSystem/SharedSystem, Outputs:0, VendorId:0x8086
[2018.11.11-00.18.42:173][  0]LogD3D11RHI:    2. 'Microsoft Basic Render Driver' (Feature Level 11_0)
[2018.11.11-00.18.42:173][  0]LogD3D11RHI:       0/0/8037 MB DedicatedVideo/DedicatedSystem/SharedSystem, Outputs:0, VendorId:0x1414
[2018.11.11-00.18.42:173][  0]LogD3D11RHI: Chosen D3D11 Adapter: 0
[2018.11.11-00.18.42:183][  0]LogD3D11RHI: Creating new Direct3DDevice
[2018.11.11-00.18.42:183][  0]LogD3D11RHI:     GPU DeviceId: 0x1b81 (for the marketing name, search the web for "GPU Device Id")
[2018.11.11-00.18.42:183][  0]LogWindows: EnumDisplayDevices:
[2018.11.11-00.18.42:183][  0]LogWindows:    0. 'NVIDIA GeForce GTX 1070' (P:1 D:1)
[2018.11.11-00.18.42:184][  0]LogWindows:    1. 'NVIDIA GeForce GTX 1070' (P:0 D:1)
[2018.11.11-00.18.42:184][  0]LogWindows:    2. 'NVIDIA GeForce GTX 1070' (P:0 D:0)
[2018.11.11-00.18.42:184][  0]LogWindows:    3. 'NVIDIA GeForce GTX 1070' (P:0 D:0)
[2018.11.11-00.18.42:184][  0]LogWindows:    4. 'Intel(R) HD Graphics 4000' (P:0 D:0)
[2018.11.11-00.18.42:184][  0]LogWindows:    5. 'Intel(R) HD Graphics 4000' (P:0 D:0)
[2018.11.11-00.18.42:185][  0]LogWindows:    6. 'Intel(R) HD Graphics 4000' (P:0 D:0)
[2018.11.11-00.18.42:185][  0]LogWindows: DebugString: PrimaryIsNotTheChoosenAdapter PrimaryIsNotTheChoosenAdapter PrimaryIsNotTheChoosenAdapter FoundDriverCount:4 
[2018.11.11-00.18.42:185][  0]LogD3D11RHI:     Adapter Name: NVIDIA GeForce GTX 1070
[2018.11.11-00.18.42:185][  0]LogD3D11RHI:   Driver Version: 416.81 (internal:25.21.14.1681, unified:416.81)
[2018.11.11-00.18.42:185][  0]LogD3D11RHI:      Driver Date: 11-2-2018
[2018.11.11-00.18.42:185][  0]LogRHI: Texture pool is 5661 MB (70% of 8088 MB)
[2018.11.11-00.18.42:235][  0]LogD3D11RHI: Async texture creation enabled
[2018.11.11-00.18.42:265][  0]LogD3D11RHI: GPU Timing Frequency: 1000.000000 (Debug: 2 2)
[2018.11.11-00.18.42:347][  0]LogShaderCompilers: Guid format shader working directory is -5 characters bigger than the processId version (C:/Users/maxsa/Desktop/Unreal Projects/SteamProject/Intermediate/Shaders/WorkingDirectory/5032/).
[2018.11.11-00.18.42:347][  0]LogShaderCompilers: Cleaned the shader compiler working directory 'C:/Users/maxsa/AppData/Local/Temp/UnrealShaderWorkingDir/E8FC6EDA4D7985D75A475C85D93DBA1A/'.
[2018.11.11-00.18.43:092][  0]LogTemp: Display: Loaded TP AllDesktopTargetPlatform
[2018.11.11-00.18.43:105][  0]LogTemp: Display: Loaded TP MacClientTargetPlatform
[2018.11.11-00.18.43:119][  0]LogTemp: Display: Loaded TP MacNoEditorTargetPlatform
[2018.11.11-00.18.43:132][  0]LogTemp: Display: Loaded TP MacServerTargetPlatform
[2018.11.11-00.18.43:146][  0]LogTemp: Display: Loaded TP MacTargetPlatform
[2018.11.11-00.18.43:160][  0]LogTemp: Display: Loaded TP WindowsClientTargetPlatform
[2018.11.11-00.18.43:172][  0]LogTemp: Display: Loaded TP WindowsNoEditorTargetPlatform
[2018.11.11-00.18.43:186][  0]LogTemp: Display: Loaded TP WindowsServerTargetPlatform
[2018.11.11-00.18.43:194][  0]LogTemp: Display: Loaded TP WindowsTargetPlatform
[2018.11.11-00.18.43:326][  0]LogTemp: Display: Loaded TP AndroidTargetPlatform
[2018.11.11-00.18.43:326][  0]LogTemp: Display: Loaded TP AndroidTargetPlatform
[2018.11.11-00.18.43:326][  0]LogTemp: Display: Loaded TP AndroidTargetPlatform
[2018.11.11-00.18.43:326][  0]LogTemp: Display: Loaded TP AndroidTargetPlatform
[2018.11.11-00.18.43:326][  0]LogTemp: Display: Loaded TP AndroidTargetPlatform
[2018.11.11-00.18.43:326][  0]LogTemp: Display: Loaded TP AndroidTargetPlatform
[2018.11.11-00.18.43:326][  0]LogTemp: Display: Loaded TP AndroidTargetPlatform
[2018.11.11-00.18.43:326][  0]LogTemp: Display: Loaded TP AndroidTargetPlatform
[2018.11.11-00.18.43:326][  0]LogTemp: Display: Loaded TP AndroidTargetPlatform
[2018.11.11-00.18.43:326][  0]LogTemp: Display: Loaded TP AndroidTargetPlatform
[2018.11.11-00.18.43:326][  0]LogTemp: Display: Loaded TP AndroidTargetPlatform
[2018.11.11-00.18.43:326][  0]LogTemp: Display: Loaded TP AndroidTargetPlatform
[2018.11.11-00.18.43:326][  0]LogTemp: Display: Loaded TP AndroidTargetPlatform
[2018.11.11-00.18.43:326][  0]LogTemp: Display: Loaded TP AndroidTargetPlatform
[2018.11.11-00.18.43:326][  0]LogTemp: Display: Loaded TP AndroidTargetPlatform
[2018.11.11-00.18.43:326][  0]LogTemp: Display: Loaded TP AndroidTargetPlatform
[2018.11.11-00.18.43:326][  0]LogTemp: Display: Loaded TP AndroidTargetPlatform
[2018.11.11-00.18.43:326][  0]LogTemp: Display: Loaded TP AndroidTargetPlatform
[2018.11.11-00.18.43:350][  0]LogTemp: Display: Loaded TP HTML5TargetPlatform
[2018.11.11-00.18.43:521][  0]LogTemp: Display: Loaded TP IOSTargetPlatform
[2018.11.11-00.18.43:521][  0]LogTemp: Display: Loaded TP IOSTargetPlatform
[2018.11.11-00.18.43:571][  0]LogTemp: Display: Loaded TP TVOSTargetPlatform
[2018.11.11-00.18.43:572][  0]LogTemp: Display: Loaded TP TVOSTargetPlatform
[2018.11.11-00.18.43:607][  0]LogTemp: Display: Loaded TP LinuxClientTargetPlatform
[2018.11.11-00.18.43:637][  0]LogTemp: Display: Loaded TP LinuxNoEditorTargetPlatform
[2018.11.11-00.18.43:677][  0]LogTemp: Display: Loaded TP LinuxServerTargetPlatform
[2018.11.11-00.18.43:736][  0]LogTemp: Display: Loaded TP LinuxTargetPlatform
[2018.11.11-00.18.43:767][  0]LogTemp: Display: Loaded TP LuminTargetPlatform
[2018.11.11-00.18.43:767][  0]LogTargetPlatformManager: Display: Building Assets For Windows
[2018.11.11-00.18.45:946][  0]LogXGEController: Cleaning working directory: C:/Users/maxsa/AppData/Local/Temp/UnrealXGEWorkingDir/
[2018.11.11-00.18.45:946][  0]LogXGEController: Cannot use XGE Controller as Incredibuild is not installed on this machine.
[2018.11.11-00.18.45:946][  0]LogShaderCompilers: Cannot use XGE Shader Compiler as Incredibuild is not installed on this machine.
[2018.11.11-00.18.45:946][  0]LogShaderCompilers: Display: Using Local Shader Compiler.
[2018.11.11-00.18.50:022][  0]LogDerivedDataCache: Display: Max Cache Size: 512 MB
[2018.11.11-00.18.50:270][  0]LogDerivedDataCache: Loaded boot cache 0.25s 71MB C:/Users/maxsa/AppData/Local/UnrealEngine/4.20/DerivedDataCache/Boot.ddc.
[2018.11.11-00.18.50:270][  0]LogDerivedDataCache: Display: Loaded Boot cache: C:/Users/maxsa/AppData/Local/UnrealEngine/4.20/DerivedDataCache/Boot.ddc
[2018.11.11-00.18.50:271][  0]LogDerivedDataCache: FDerivedDataBackendGraph:  Pak pak cache file C:/Users/maxsa/Desktop/Unreal Projects/SteamProject/DerivedDataCache/DDC.ddp not found, will not use a pak cache.
[2018.11.11-00.18.50:271][  0]LogDerivedDataCache: Unable to find inner node Pak for hierarchical cache Hierarchy.
[2018.11.11-00.18.50:271][  0]LogDerivedDataCache: FDerivedDataBackendGraph:  CompressedPak pak cache file C:/Users/maxsa/Desktop/Unreal Projects/SteamProject/DerivedDataCache/Compressed.ddp not found, will not use a pak cache.
[2018.11.11-00.18.50:271][  0]LogDerivedDataCache: Unable to find inner node CompressedPak for hierarchical cache Hierarchy.
[2018.11.11-00.18.50:335][  0]LogDerivedDataCache: Display: Pak cache opened for reading ../../../Engine/DerivedDataCache/Compressed.ddp.
[2018.11.11-00.18.50:348][  0]LogDerivedDataCache: Using Local data cache path C:/Users/maxsa/AppData/Local/UnrealEngine/Common/DerivedDataCache: Writable
[2018.11.11-00.18.50:348][  0]LogDerivedDataCache: Shared data cache path not found in *engine.ini, will not use an Shared cache.
[2018.11.11-00.18.50:348][  0]LogDerivedDataCache: Unable to find inner node Shared for hierarchical cache Hierarchy.
[2018.11.11-00.18.50:369][  0]LogMaterial: Verifying Global Shaders for PCD3D_SM5
[2018.11.11-00.18.50:371][  0]LogSlate: Using FreeType 2.6.0
[2018.11.11-00.18.50:436][  0]LogSlate: SlateFontServices - WITH_FREETYPE: 1, WITH_HARFBUZZ: 1
[2018.11.11-00.18.51:080][  0]LogAssetRegistry: FAssetRegistry took 0.0255 seconds to start up
[2018.11.11-00.18.51:549][  0]LogInit: Selected Device Profile: [Windows]
[2018.11.11-00.18.53:711][  0]LogSimplygon: Simplygon DLL not present - disabling.
[2018.11.11-00.18.55:072][  0]LogMeshReduction: Using SimplygonSwarm for distributed automatic mesh merging
[2018.11.11-00.18.55:072][  0]LogMeshReduction: Using ProxyLODMeshReduction for automatic mesh merging
[2018.11.11-00.18.55:072][  0]LogMeshReduction: Using QuadricMeshReduction for automatic static mesh reduction
[2018.11.11-00.18.55:072][  0]LogMeshReduction: No automatic skeletal mesh reduction module available
[2018.11.11-00.18.55:350][  0]LogNetVersion: SteamProject 1.0.0, NetCL: 4212847, EngineNetVer: 5, GameNetVer: 0 (Checksum: 43773174)
[2018.11.11-00.18.59:823][  0]LogPackageLocalizationCache: Processed 11 localized package path(s) for 2 prioritized culture(s) in 0.163135 seconds
[2018.11.11-00.18.59:832][  0]LogUObjectArray: 38434 objects as part of root set at end of initial load.
[2018.11.11-00.18.59:832][  0]LogUObjectAllocator: 6701144 out of 0 bytes used by permanent object pool.
[2018.11.11-00.18.59:832][  0]LogUObjectArray: CloseDisregardForGC: 0/0 objects in disregard for GC pool
[2018.11.11-00.19.13:162][  0]LogTcpMessaging: Initializing TcpMessaging bridge
[2018.11.11-00.19.13:217][  0]LogUdpMessaging: Initializing bridge on interface 0.0.0.0:0 to multicast group 230.0.0.1:6666.
[2018.11.11-00.19.14:732][  0]SourceControl: Source control is disabled
[2018.11.11-00.19.14:732][  0]SourceControl: Source control is disabled
[2018.11.11-00.19.14:840][  0]SourceControl: Source control is disabled
[2018.11.11-00.19.15:145][  0]SourceControl: Source control is disabled
[2018.11.11-00.19.17:614][  0]LogAndroidPermission: UAndroidPermissionCallbackProxy::GetInstance
[2018.11.11-00.19.18:234][  0]LogOcInput: OculusInput pre-init called
[2018.11.11-00.19.18:812][  0]LogEngine: Initializing Engine...
[2018.11.11-00.19.18:815][  0]LogHMD: Failed to initialize OpenVR with code 105
[2018.11.11-00.19.18:817][  0]LogStats: UGameplayTagsManager::ConstructGameplayTagTree: ImportINI prefixes -  0.000 s
[2018.11.11-00.19.18:817][  0]LogStats: UGameplayTagsManager::ConstructGameplayTagTree: Construct from data asset -  0.000 s
[2018.11.11-00.19.18:817][  0]LogStats: UGameplayTagsManager::ConstructGameplayTagTree: ImportINI -  0.000 s
[2018.11.11-00.19.18:817][  0]LogStats: UGameplayTagsManager::ConstructGameplayTagTree: GameplayTagTreeChangedEvent.Broadcast -  0.000 s
[2018.11.11-00.19.19:831][  0]LogInit: Initializing FReadOnlyCVARCache
[2018.11.11-00.19.20:032][  0]LogAIModule: Creating AISystem for world Untitled
[2018.11.11-00.19.20:057][  0]LogInit: XAudio2 using 'Headphones (Realtek High Definition Audio)' : 2 channels at 48 kHz using 32 bits per sample (channel mask 0x3)
[2018.11.11-00.19.20:088][  0]LogInit: FAudioDevice initialized.
[2018.11.11-00.19.20:089][  0]LogNetVersion: Set ProjectVersion to 1.0.0.0. Version Checksum will be recalculated on next use.
[2018.11.11-00.19.20:096][  0]LogDerivedDataCache: Error: Could not save memory cache C:/Users/maxsa/AppData/Local/UnrealEngine/4.20/DerivedDataCache/Boot.ddc.
[2018.11.11-00.19.20:096][  0]LogInit: Texture streaming: Enabled
[2018.11.11-00.19.20:217][  0]LogEngineSessionManager: EngineSessionManager initialized
[2018.11.11-00.19.20:258][  0]LogInit: Transaction tracking system initialized
[2018.11.11-00.19.20:438][  0]BlueprintLog: New page: Editor Load
[2018.11.11-00.19.22:633][  0]LocalizationService: Localization service is disabled
[2018.11.11-00.19.29:329][  0]LogCook: Display: Max memory allowance for cook 16384mb min free memory 0mb
[2018.11.11-00.19.29:329][  0]LogCook: Display: Mobile HDR setting 1
[2018.11.11-00.19.29:329][  0]LogGameplayTags: Display: UGameplayTagsManager::DoneAddingNativeTags. DelegateIsBound: 0
[2018.11.11-00.19.29:329][  0]LogStats: UGameplayTagsManager::ConstructGameplayTagTree: ImportINI prefixes -  0.000 s
[2018.11.11-00.19.29:329][  0]LogStats: UGameplayTagsManager::ConstructGameplayTagTree: Construct from data asset -  0.000 s
[2018.11.11-00.19.29:330][  0]LogStats: UGameplayTagsManager::ConstructGameplayTagTree: ImportINI -  0.000 s
[2018.11.11-00.19.29:330][  0]LogStats: UGameplayTagsManager::ConstructGameplayTagTree: GameplayTagTreeChangedEvent.Broadcast -  0.000 s
[2018.11.11-00.19.29:465][  0]LogFileCache: Scanning file cache for directory 'C:/Users/maxsa/Desktop/Unreal Projects/SteamProject/Content/' took 0.03s
[2018.11.11-00.19.34:793][  0]SourceControl: Source control is disabled
[2018.11.11-00.19.34:793][  0]Cmd: MAP LOAD FILE="C:/Users/maxsa/Desktop/Unreal Projects/SteamProject/Content/Maps/MainMenu.umap" TEMPLATE=0 SHOWPROGRESS=1 FEATURELEVEL=3
[2018.11.11-00.19.34:799][  0]LightingResults: New page: Lighting Build
[2018.11.11-00.19.34:801][  0]MapCheck: New page: Map Check
[2018.11.11-00.19.34:801][  0]LightingResults: New page: Lighting Build
[2018.11.11-00.19.35:938][  0]LogAIModule: Creating AISystem for world MainMenu
[2018.11.11-00.19.35:939][  0]LogEditorServer: Finished looking for orphan Actors (0.000 secs)
[2018.11.11-00.19.35:961][  0]Cmd: MAP CHECKDEP NOCLEARLOG
[2018.11.11-00.19.36:017][  0]MapCheck: Map check complete: 0 Error(s), 0 Warning(s), took 55.488ms to complete.
[2018.11.11-00.19.36:017][  0]LogFileHelpers: Loading map 'MainMenu' took 1.223
[2018.11.11-00.19.36:629][  0]LogSlate: Updating window title bar state: overlay mode, drag disabled, window buttons hidden, title bar hidden
[2018.11.11-00.19.36:639][  0]LogSlate: Updating window title bar state: overlay mode, drag disabled, window buttons hidden, title bar hidden
[2018.11.11-00.19.36:648][  0]LogSlate: Updating window title bar state: overlay mode, drag disabled, window buttons hidden, title bar hidden
[2018.11.11-00.19.36:656][  0]LogSlate: Updating window title bar state: overlay mode, drag disabled, window buttons hidden, title bar hidden
[2018.11.11-00.19.36:751][  0]LogCollectionManager: Loaded 0 collections in 0.001489 seconds
[2018.11.11-00.19.36:802][  0]LogFileCache: Scanning file cache for directory 'C:/Users/maxsa/Desktop/Unreal Projects/SteamProject/Saved/Collections/' took 0.01s
[2018.11.11-00.19.36:802][  0]LogFileCache: Scanning file cache for directory 'C:/Users/maxsa/Desktop/Unreal Projects/SteamProject/Content/Developers/maxsa/Collections/' took 0.01s
[2018.11.11-00.19.36:802][  0]LogFileCache: Scanning file cache for directory 'C:/Users/maxsa/Desktop/Unreal Projects/SteamProject/Content/Collections/' took 0.01s
[2018.11.11-00.19.36:802][  0]LogCollectionManager: Rebuilt the GUID cache for 0 collections in 0.000001 seconds
[2018.11.11-00.19.36:812][  0]LogContentBrowser: Native class hierarchy populated in 0.0093 seconds. Added 2575 classes and 607 folders.
[2018.11.11-00.19.36:818][  0]LogContentBrowser: Native class hierarchy updated for 'WidgetCarousel' in 0.0003 seconds. Added 0 classes and 0 folders.
[2018.11.11-00.19.40:753][  0]LogContentBrowser: Native class hierarchy updated for 'AddContentDialog' in 0.0002 seconds. Added 0 classes and 0 folders.
[2018.11.11-00.19.40:806][  0]LogContentBrowser: Native class hierarchy updated for 'SceneOutliner' in 0.0003 seconds. Added 1 classes and 2 folders.
[2018.11.11-00.19.40:862][  0]LogContentBrowser: Native class hierarchy updated for 'HierarchicalLODOutliner' in 0.0003 seconds. Added 0 classes and 0 folders.
[2018.11.11-00.19.40:862][  0]LogLoad: (Engine Initialization) Total time: 153.73 seconds
[2018.11.11-00.19.40:862][  0]LogLoad: (Engine Initialization) Total Blueprint compile time: 0.00 seconds
[2018.11.11-00.19.40:896][  0]LogContentStreaming: Texture pool size now 1000 MB
[2018.11.11-00.19.40:952][  0]LogSlate: Took 0.054262 seconds to synchronously load lazily loaded font '../../../Engine/Content/Slate/Fonts/Roboto-Regular.ttf' (155K)
[2018.11.11-00.19.40:970][  0]LogSlate: Took 0.016377 seconds to synchronously load lazily loaded font '../../../Engine/Content/Slate/Fonts/Roboto-Bold.ttf' (160K)
[2018.11.11-00.19.40:998][  0]LogSlate: Took 0.020950 seconds to synchronously load lazily loaded font '../../../Engine/Content/Editor/Slate/Fonts/FontAwesome.ttf' (139K)
[2018.11.11-00.19.41:348][  0]LogRenderer: Reallocating scene render targets to support 804x360 Format 10 NumSamples 1 (Frame:1).
[2018.11.11-00.19.41:416][  1]LogAssetRegistry: Asset discovery search completed in 50.3581 seconds
[2018.11.11-00.19.41:420][  1]LogCollectionManager: Rebuilt the object cache for 0 collections in 0.000001 seconds (found 0 objects)
[2018.11.11-00.19.41:420][  1]LogCollectionManager: Fixed up redirectors for 0 collections in 0.000087 seconds (updated 0 objects)
[2018.11.11-00.19.44:265][  4]LogSlate: Took 0.024022 seconds to synchronously load lazily loaded font '../../../Engine/Content/Slate/Fonts/Roboto-Light.ttf' (167K)
[2018.11.11-00.19.44:279][  4]LogAssetEditorManager: Opening Asset editor for Blueprint /Game/Blueprints/Lobby/LobbyPC.LobbyPC
[2018.11.11-00.19.45:316][  4]LogContentBrowser: Native class hierarchy updated for 'BlueprintGraph' in 0.0007 seconds. Added 116 classes and 0 folders.
[2018.11.11-00.19.46:939][  4]LogAssetEditorManager: Opening Asset editor for WidgetBlueprint /Game/UI/Lobby/LobbyMenu.LobbyMenu
[2018.11.11-00.19.47:507][  4]LogSlate: Took 0.040457 seconds to synchronously load lazily loaded font '../../../Engine/Content/Slate/Fonts/Roboto-BoldCondensed.ttf' (158K)
[2018.11.11-00.20.02:167][330]LogSlate: FSceneViewport::OnFocusLost() reason 0
[2018.11.11-00.20.07:877][829]LogSlate: Took 0.016147 seconds to synchronously load lazily loaded font '../../../Engine/Content/Slate/Fonts/Roboto-Italic.ttf' (157K)
[2018.11.11-00.20.08:192][862]LogSlate: Took 0.000139 seconds to synchronously load lazily loaded font '../../../Engine/Content/Slate/Fonts/Roboto-Light.ttf' (167K)
[2018.11.11-00.20.09:490][  8]LogRenderer: Reallocating scene render targets to support 1208x576 Format 10 NumSamples 1 (Frame:3).
[2018.11.11-00.20.52:085][402]LogAssetEditorManager: Opening Asset editor for Blueprint /Game/Blueprints/Characters/0_Base.0_Base
[2018.11.11-00.21.14:458][264]LogRenderer: Reallocating scene render targets to support 1208x872 Format 10 NumSamples 1 (Frame:1).
[2018.11.11-00.21.22:187][150]LogSlate: FSceneViewport::OnFocusLost() reason 0
[2018.11.11-00.21.41:380][412]LogAssetEditorManager: Opening Asset editor for Blueprint /Game/Blueprints/Characters/Barbarous.Barbarous
[2018.11.11-00.21.44:486][699]LogSlate: Window 'Barbarous' being destroyed
[2018.11.11-00.21.45:950][862]LogAssetEditorManager: Opening Asset editor for Blueprint /Game/Blueprints/Characters/Barbarous.Barbarous
[2018.11.11-00.21.57:085][601]LogSlate: Window 'Barbarous' being destroyed
[2018.11.11-00.22.04:037][417]LogSlate: FSceneViewport::OnFocusLost() reason 0
[2018.11.11-00.22.57:997][796]LogSlate: FSceneViewport::OnFocusLost() reason 0
[2018.11.11-00.22.58:081][806]BlueprintLog: New page: Compile Barbarous
[2018.11.11-00.22.59:514][948]Cmd: OBJ SAVEPACKAGE PACKAGE="/Game/Blueprints/Characters/Barbarous" FILE="C:/Users/maxsa/Desktop/Unreal Projects/SteamProject/Content/Blueprints/Characters/Barbarous.uasset" SILENT=true
[2018.11.11-00.22.59:567][948]LogSavePackage: Moving 'C:/Users/maxsa/Desktop/Unreal Projects/SteamProject/Saved/BarbarousE1310BB945E7C1CBCC13A998AB66BEFF.tmp' to 'C:/Users/maxsa/Desktop/Unreal Projects/SteamProject/Content/Blueprints/Characters/Barbarous.uasset'
[2018.11.11-00.23.12:223][456]LogEditorViewport: Clicking Background
[2018.11.11-00.23.12:791][521]LogSlate: FSceneViewport::OnFocusLost() reason 2
[2018.11.11-00.23.12:798][521]Cmd: OBJ SAVEPACKAGE PACKAGE="/Game/Maps/MainMenu" FILE="C:/Users/maxsa/Desktop/Unreal Projects/SteamProject/Content/Maps/MainMenu.umap" SILENT=true AUTOSAVING=false KEEPDIRTY=false
[2018.11.11-00.23.12:981][521]LogSavePackage: Moving 'C:/Users/maxsa/Desktop/Unreal Projects/SteamProject/Saved/MainMenu3E4D2E774634DB934F6C9D87F81988AB.tmp' to 'C:/Users/maxsa/Desktop/Unreal Projects/SteamProject/Content/Maps/MainMenu.umap'
[2018.11.11-00.23.13:015][521]Cmd: OBJ SAVEPACKAGE PACKAGE="/Game/Maps/MainMenu_BuiltData" FILE="C:/Users/maxsa/Desktop/Unreal Projects/SteamProject/Content/Maps/MainMenu_BuiltData.uasset" SILENT=true
[2018.11.11-00.23.13:041][521]LogSavePackage: Moving 'C:/Users/maxsa/Desktop/Unreal Projects/SteamProject/Saved/MainMenu_BuiltData7DC906734A4EFCA212436A9217BAB529.tmp' to 'C:/Users/maxsa/Desktop/Unreal Projects/SteamProject/Content/Maps/MainMenu_BuiltData.uasset'
[2018.11.11-00.23.13:502][575]LogSlate: FSceneViewport::OnFocusLost() reason 0
[2018.11.11-00.25.09:754][ 13]LogSlate: FSceneViewport::OnFocusLost() reason 0
[2018.11.11-00.25.13:344][416]LogAssetEditorManager: Opening Asset editor for Blueprint /Game/Blueprints/Characters/Forge.Forge
[2018.11.11-00.25.15:246][590]LogAssetEditorManager: Opening Asset editor for Blueprint /Game/Blueprints/Characters/Forge.Forge
[2018.11.11-00.25.19:146][975]LogAssetEditorManager: Opening Asset editor for Blueprint /Game/Blueprints/Characters/Frosty.Frosty
[2018.11.11-00.25.20:693][105]LogAssetEditorManager: Opening Asset editor for Blueprint /Game/Blueprints/Characters/Frosty.Frosty
[2018.11.11-00.25.22:820][314]LogAssetEditorManager: Opening Asset editor for Blueprint /Game/Blueprints/Characters/Natural.Natural
[2018.11.11-00.25.24:391][447]LogAssetEditorManager: Opening Asset editor for Blueprint /Game/Blueprints/Characters/Natural.Natural
[2018.11.11-00.25.26:109][604]LogAssetEditorManager: Opening Asset editor for Blueprint /Game/Blueprints/Characters/Pit.Pit
[2018.11.11-00.25.27:702][741]LogAssetEditorManager: Opening Asset editor for Blueprint /Game/Blueprints/Characters/Pit.Pit
[2018.11.11-00.25.29:314][886]LogAssetEditorManager: Opening Asset editor for Blueprint /Game/Blueprints/Characters/Robo.Robo
[2018.11.11-00.25.31:280][ 64]LogAssetEditorManager: Opening Asset editor for Blueprint /Game/Blueprints/Characters/Robo.Robo
[2018.11.11-00.25.34:520][399]LogAssetEditorManager: Opening Asset editor for Blueprint /Game/Blueprints/Characters/Tusk.Tusk
[2018.11.11-00.25.36:400][567]LogAssetEditorManager: Opening Asset editor for Blueprint /Game/Blueprints/Characters/Tusk.Tusk
[2018.11.11-00.25.38:560][775]LogAssetEditorManager: Opening Asset editor for Blueprint /Game/Blueprints/Characters/Warrior.Warrior
[2018.11.11-00.25.40:185][909]LogAssetEditorManager: Opening Asset editor for Blueprint /Game/Blueprints/Characters/Warrior.Warrior
[2018.11.11-00.25.47:973][743]LogSlate: FSceneViewport::OnFocusLost() reason 0
[2018.11.11-00.25.53:298][345]LogEditorTransaction: Undo Modify Component(s)
[2018.11.11-00.25.53:320][345]LogActorComponent: ~FComponentReregisterContext: (/Engine/Transient.World_17:PersistentLevel.Forge_C_0.CollisionCylinder) Component already registered.
[2018.11.11-00.25.54:740][504]LogSlate: FSceneViewport::OnFocusLost() reason 0
[2018.11.11-00.26.06:560][862]LogSlate: FSceneViewport::OnFocusLost() reason 0
[2018.11.11-00.26.06:627][870]BlueprintLog: New page: Compile 0_Base
[2018.11.11-00.26.08:113][978]Cmd: OBJ SAVEPACKAGE PACKAGE="/Game/Blueprints/Characters/0_Base" FILE="C:/Users/maxsa/Desktop/Unreal Projects/SteamProject/Content/Blueprints/Characters/0_Base.uasset" SILENT=true
[2018.11.11-00.26.08:173][978]LogSavePackage: Moving 'C:/Users/maxsa/Desktop/Unreal Projects/SteamProject/Saved/0_Base2ECE118D4B223BD00002428A2F56FA07.tmp' to 'C:/Users/maxsa/Desktop/Unreal Projects/SteamProject/Content/Blueprints/Characters/0_Base.uasset'
[2018.11.11-00.26.16:846][994]LogSlate: FSceneViewport::OnFocusLost() reason 0
[2018.11.11-00.26.19:136][264]Cmd: OBJ SAVEPACKAGE PACKAGE="/Game/Blueprints/Characters/Barbarous" FILE="C:/Users/maxsa/Desktop/Unreal Projects/SteamProject/Content/Blueprints/Characters/Barbarous.uasset" SILENT=true
[2018.11.11-00.26.19:174][264]LogSavePackage: Moving 'C:/Users/maxsa/Desktop/Unreal Projects/SteamProject/Saved/Barbarous25A1EFBD4E005D21427D3A979B0F2C32.tmp' to 'C:/Users/maxsa/Desktop/Unreal Projects/SteamProject/Content/Blueprints/Characters/Barbarous.uasset'
[2018.11.11-00.26.28:100][320]LogSlate: FSceneViewport::OnFocusLost() reason 0
[2018.11.11-00.26.40:502][783]LogSlate: FSceneViewport::OnFocusLost() reason 0
[2018.11.11-00.26.44:299][230]LogSlate: FSceneViewport::OnFocusLost() reason 0
[2018.11.11-00.26.51:534][ 85]LogSlate: FSceneViewport::OnFocusLost() reason 0
[2018.11.11-00.26.53:685][319]BlueprintLog: New page: Compile 0_Base
[2018.11.11-00.26.54:462][363]Cmd: OBJ SAVEPACKAGE PACKAGE="/Game/Blueprints/Characters/0_Base" FILE="C:/Users/maxsa/Desktop/Unreal Projects/SteamProject/Content/Blueprints/Characters/0_Base.uasset" SILENT=true
[2018.11.11-00.26.54:518][363]LogSavePackage: Moving 'C:/Users/maxsa/Desktop/Unreal Projects/SteamProject/Saved/0_Base09E2145245489A01319F348DD98FA126.tmp' to 'C:/Users/maxsa/Desktop/Unreal Projects/SteamProject/Content/Blueprints/Characters/0_Base.uasset'
[2018.11.11-00.26.58:140][790]LogSlate: FSceneViewport::OnFocusLost() reason 0
[2018.11.11-00.26.59:422][943]BlueprintLog: New page: Compile Forge
[2018.11.11-00.27.00:393][ 31]Cmd: OBJ SAVEPACKAGE PACKAGE="/Game/Blueprints/Characters/Forge" FILE="C:/Users/maxsa/Desktop/Unreal Projects/SteamProject/Content/Blueprints/Characters/Forge.uasset" SILENT=true
[2018.11.11-00.27.00:437][ 31]LogSavePackage: Moving 'C:/Users/maxsa/Desktop/Unreal Projects/SteamProject/Saved/ForgeFF1C95F449C73E49A06455976E6C0B29.tmp' to 'C:/Users/maxsa/Desktop/Unreal Projects/SteamProject/Content/Blueprints/Characters/Forge.uasset'
[2018.11.11-00.27.01:711][176]Cmd: OBJ SAVEPACKAGE PACKAGE="/Game/Blueprints/Characters/Frosty" FILE="C:/Users/maxsa/Desktop/Unreal Projects/SteamProject/Content/Blueprints/Characters/Frosty.uasset" SILENT=true
[2018.11.11-00.27.01:753][176]LogSavePackage: Moving 'C:/Users/maxsa/Desktop/Unreal Projects/SteamProject/Saved/Frosty0B80CF064FC01316A6392EB7BE180E13.tmp' to 'C:/Users/maxsa/Desktop/Unreal Projects/SteamProject/Content/Blueprints/Characters/Frosty.uasset'
[2018.11.11-00.27.05:229][577]Cmd: OBJ SAVEPACKAGE PACKAGE="/Game/Blueprints/Characters/Natural" FILE="C:/Users/maxsa/Desktop/Unreal Projects/SteamProject/Content/Blueprints/Characters/Natural.uasset" SILENT=true
[2018.11.11-00.27.05:274][577]LogSavePackage: Moving 'C:/Users/maxsa/Desktop/Unreal Projects/SteamProject/Saved/Natural940BC0494A15C6755A41D1A2D6042B44.tmp' to 'C:/Users/maxsa/Desktop/Unreal Projects/SteamProject/Content/Blueprints/Characters/Natural.uasset'
[2018.11.11-00.27.07:926][883]Cmd: OBJ SAVEPACKAGE PACKAGE="/Game/Blueprints/Characters/Pit" FILE="C:/Users/maxsa/Desktop/Unreal Projects/SteamProject/Content/Blueprints/Characters/Pit.uasset" SILENT=true
[2018.11.11-00.27.07:969][883]LogSavePackage: Moving 'C:/Users/maxsa/Desktop/Unreal Projects/SteamProject/Saved/Pit885A4A4B43497102FE49B2A9D51B254E.tmp' to 'C:/Users/maxsa/Desktop/Unreal Projects/SteamProject/Content/Blueprints/Characters/Pit.uasset'
[2018.11.11-00.27.11:179][257]Cmd: OBJ SAVEPACKAGE PACKAGE="/Game/Blueprints/Characters/Robo" FILE="C:/Users/maxsa/Desktop/Unreal Projects/SteamProject/Content/Blueprints/Characters/Robo.uasset" SILENT=true
[2018.11.11-00.27.11:224][257]LogSavePackage: Moving 'C:/Users/maxsa/Desktop/Unreal Projects/SteamProject/Saved/Robo6E3FB6A24F72D4E9208426B6CCC6783B.tmp' to 'C:/Users/maxsa/Desktop/Unreal Projects/SteamProject/Content/Blueprints/Characters/Robo.uasset'
[2018.11.11-00.27.14:515][639]Cmd: OBJ SAVEPACKAGE PACKAGE="/Game/Blueprints/Characters/Tusk" FILE="C:/Users/maxsa/Desktop/Unreal Projects/SteamProject/Content/Blueprints/Characters/Tusk.uasset" SILENT=true
[2018.11.11-00.27.14:559][639]LogSavePackage: Moving 'C:/Users/maxsa/Desktop/Unreal Projects/SteamProject/Saved/Tusk1D869BEB4BFA38B61D785FBBFBF16052.tmp' to 'C:/Users/maxsa/Desktop/Unreal Projects/SteamProject/Content/Blueprints/Characters/Tusk.uasset'
[2018.11.11-00.27.18:642][115]Cmd: OBJ SAVEPACKAGE PACKAGE="/Game/Blueprints/Characters/Warrior" FILE="C:/Users/maxsa/Desktop/Unreal Projects/SteamProject/Content/Blueprints/Characters/Warrior.uasset" SILENT=true
[2018.11.11-00.27.18:684][115]LogSavePackage: Moving 'C:/Users/maxsa/Desktop/Unreal Projects/SteamProject/Saved/WarriorA2235F30413318C6075BD0B64CA187C7.tmp' to 'C:/Users/maxsa/Desktop/Unreal Projects/SteamProject/Content/Blueprints/Characters/Warrior.uasset'
[2018.11.11-00.27.26:504][ 47]LogSlate: FSceneViewport::OnFocusLost() reason 0
[2018.11.11-00.27.36:620][235]LogEditorViewport: Clicking Background
[2018.11.11-00.27.38:192][421]LogSlate: FSceneViewport::OnFocusLost() reason 2
[2018.11.11-00.27.38:197][421]Cmd: OBJ SAVEPACKAGE PACKAGE="/Game/Maps/MainMenu" FILE="C:/Users/maxsa/Desktop/Unreal Projects/SteamProject/Content/Maps/MainMenu.umap" SILENT=true AUTOSAVING=false KEEPDIRTY=false
[2018.11.11-00.27.38:387][421]LogSavePackage: Moving 'C:/Users/maxsa/Desktop/Unreal Projects/SteamProject/Saved/MainMenuE3AE436B42518BF4B59367902745A54E.tmp' to 'C:/Users/maxsa/Desktop/Unreal Projects/SteamProject/Content/Maps/MainMenu.umap'
[2018.11.11-00.27.38:421][421]Cmd: OBJ SAVEPACKAGE PACKAGE="/Game/Maps/MainMenu_BuiltData" FILE="C:/Users/maxsa/Desktop/Unreal Projects/SteamProject/Content/Maps/MainMenu_BuiltData.uasset" SILENT=true
[2018.11.11-00.27.38:445][421]LogSavePackage: Moving 'C:/Users/maxsa/Desktop/Unreal Projects/SteamProject/Saved/MainMenu_BuiltData4006A8BC4FFCFF89C4A57B810D7B1507.tmp' to 'C:/Users/maxsa/Desktop/Unreal Projects/SteamProject/Content/Maps/MainMenu_BuiltData.uasset'
[2018.11.11-00.27.39:881][583]LogSlate: FSceneViewport::OnFocusLost() reason 0
[2018.11.11-00.29.09:311][610]LogActorComponent: UnregisterComponent: (/Engine/Transient.EditorFloorComp) Not registered. Aborting.
[2018.11.11-00.29.09:960][679]LogActorComponent: UnregisterComponent: (/Engine/Transient.EditorFloorComp) Not registered. Aborting.
[2018.11.11-00.29.10:753][766]LogActorComponent: UnregisterComponent: (/Engine/Transient.EditorFloorComp) Not registered. Aborting.
[2018.11.11-00.29.11:631][863]LogActorComponent: UnregisterComponent: (/Engine/Transient.EditorFloorComp) Not registered. Aborting.
[2018.11.11-00.29.12:634][974]LogActorComponent: UnregisterComponent: (/Engine/Transient.EditorFloorComp) Not registered. Aborting.
[2018.11.11-00.29.13:225][ 37]LogActorComponent: UnregisterComponent: (/Engine/Transient.EditorFloorComp) Not registered. Aborting.
[2018.11.11-00.29.13:674][ 83]LogActorComponent: UnregisterComponent: (/Engine/Transient.EditorFloorComp) Not registered. Aborting.
[2018.11.11-00.29.15:054][240]LogActorComponent: UnregisterComponent: (/Engine/Transient.EditorFloorComp) Not registered. Aborting.
[2018.11.11-00.30.28:169][ 45]LogActorComponent: UnregisterComponent: (/Engine/Transient.EditorFloorComp) Not registered. Aborting.
[2018.11.11-00.30.28:446][ 45]LogSlate: Window 'SteamProject - Unreal Editor' being destroyed
[2018.11.11-00.30.28:713][ 46]Cmd: QUIT_EDITOR
[2018.11.11-00.30.28:746][ 46]LogWindowsTextInputMethodSystem: Display: IME system now deactivated.
[2018.11.11-00.30.28:754][ 46]LogExit: Preparing to exit.
[2018.11.11-00.30.29:780][ 46]LogExit: Editor shut down
[2018.11.11-00.30.29:780][ 46]LogExit: Transaction tracking system shut down
[2018.11.11-00.30.30:544][ 46]LogExit: Object subsystem successfully closed.
[2018.11.11-00.30.30:560][ 46]LogShaderCompilers: Display: Shaders left to compile 0
[2018.11.11-00.30.30:564][ 46]LogD3D11RHI: Shutdown
[2018.11.11-00.30.30:564][ 46]LogD3D11RHI: CleanupD3DDevice
[2018.11.11-00.30.30:565][ 46]LogD3D11RHI: ~FD3D11DynamicRHI
[2018.11.11-00.30.30:583][ 46]LogModuleManager: Shutting down and abandoning module SequencerWidgets (616)
[2018.11.11-00.30.30:583][ 46]LogModuleManager: Shutting down and abandoning module BlueprintGraph (614)
[2018.11.11-00.30.30:583][ 46]LogModuleManager: Shutting down and abandoning module HierarchicalLODOutliner (612)
[2018.11.11-00.30.30:583][ 46]LogModuleManager: Shutting down and abandoning module SceneOutliner (610)
[2018.11.11-00.30.30:583][ 46]LogModuleManager: Shutting down and abandoning module AddContentDialog (608)
[2018.11.11-00.30.30:589][ 46]LogModuleManager: Shutting down and abandoning module WidgetCarousel (607)
[2018.11.11-00.30.30:589][ 46]LogModuleManager: Shutting down and abandoning module EditorWidgets (604)
[2018.11.11-00.30.30:589][ 46]LogModuleManager: Shutting down and abandoning module CollectionManager (602)
[2018.11.11-00.30.30:589][ 46]LogModuleManager: Shutting down and abandoning module StatsViewer (600)
[2018.11.11-00.30.30:589][ 46]LogModuleManager: Shutting down and abandoning module FoliageEdit (598)
[2018.11.11-00.30.30:589][ 46]LogModuleManager: Shutting down and abandoning module LandscapeEditor (596)
[2018.11.11-00.30.30:589][ 46]LogModuleManager: Shutting down and abandoning module MeshPaintMode (594)
[2018.11.11-00.30.30:589][ 46]LogModuleManager: Shutting down and abandoning module SceneDepthPickerMode (592)
[2018.11.11-00.30.30:589][ 46]LogModuleManager: Shutting down and abandoning module ActorPickerMode (590)
[2018.11.11-00.30.30:589][ 46]LogModuleManager: Shutting down and abandoning module GeometryMode (588)
[2018.11.11-00.30.30:589][ 46]LogModuleManager: Shutting down and abandoning module TextureAlignMode (586)
[2018.11.11-00.30.30:589][ 46]LogModuleManager: Shutting down and abandoning module BspMode (584)
[2018.11.11-00.30.30:589][ 46]LogModuleManager: Shutting down and abandoning module PIEPreviewDeviceProfileSelector (582)
[2018.11.11-00.30.30:589][ 46]LogModuleManager: Shutting down and abandoning module SequenceRecorderSections (580)
[2018.11.11-00.30.30:589][ 46]LogModuleManager: Shutting down and abandoning module AutomationWorker (578)
[2018.11.11-00.30.30:589][ 46]LogModuleManager: Shutting down and abandoning module AudioCaptureEditor (576)
[2018.11.11-00.30.30:589][ 46]LogModuleManager: Shutting down and abandoning module SequenceRecorder (575)
[2018.11.11-00.30.30:589][ 46]LogModuleManager: Shutting down and abandoning module MatineeToLevelSequence (572)
[2018.11.11-00.30.30:589][ 46]LogModuleManager: Shutting down and abandoning module LevelSequenceEditor (570)
[2018.11.11-00.30.30:589][ 46]LogModuleManager: Shutting down and abandoning module PlacementMode (569)
[2018.11.11-00.30.30:589][ 46]LogModuleManager: Shutting down and abandoning module MaterialEditor (568)
[2018.11.11-00.30.30:589][ 46]LogModuleManager: Shutting down and abandoning module WmfMediaFactory (564)
[2018.11.11-00.30.30:589][ 46]LogModuleManager: Shutting down and abandoning module WmfMediaEditor (562)
[2018.11.11-00.30.30:589][ 46]LogModuleManager: Shutting down and abandoning module MediaPlayerEditor (560)
[2018.11.11-00.30.30:590][ 46]LogModuleManager: Shutting down and abandoning module OpenExrWrapper (558)
[2018.11.11-00.30.30:590][ 46]LogModuleManager: Shutting down and abandoning module ImgMediaFactory (556)
[2018.11.11-00.30.30:590][ 46]LogModuleManager: Shutting down and abandoning module ImgMediaEditor (554)
[2018.11.11-00.30.30:590][ 46]LogModuleManager: Shutting down and abandoning module AvfMediaFactory (552)
[2018.11.11-00.30.30:590][ 46]LogModuleManager: Shutting down and abandoning module AvfMediaEditor (550)
[2018.11.11-00.30.30:590][ 46]LogModuleManager: Shutting down and abandoning module AndroidMediaFactory (548)
[2018.11.11-00.30.30:590][ 46]LogModuleManager: Shutting down and abandoning module AndroidMediaEditor (546)
[2018.11.11-00.30.30:590][ 46]LogModuleManager: Shutting down and abandoning module MagicLeapCameraPreviewFactory (544)
[2018.11.11-00.30.30:590][ 46]LogModuleManager: Shutting down and abandoning module MagicLeapMediaFactory (542)
[2018.11.11-00.30.30:590][ 46]LogModuleManager: Shutting down and abandoning module MagicLeapMediaEditor (540)
[2018.11.11-00.30.30:590][ 46]LogModuleManager: Shutting down and abandoning module CharacterAI (538)
[2018.11.11-00.30.30:590][ 46]LogModuleManager: Shutting down and abandoning module SmartSnapping (536)
[2018.11.11-00.30.30:590][ 46]LogModuleManager: Shutting down and abandoning module SessionServices (534)
[2018.11.11-00.30.30:590][ 46]LogModuleManager: Shutting down and abandoning module ViewportSnapping (532)
[2018.11.11-00.30.30:590][ 46]LogModuleManager: Shutting down and abandoning module ViewportInteraction (530)
[2018.11.11-00.30.30:590][ 46]LogModuleManager: Shutting down and abandoning module ClothPainter (528)
[2018.11.11-00.30.30:590][ 46]LogModuleManager: Shutting down and abandoning module SkeletalMeshEditor (527)
[2018.11.11-00.30.30:590][ 46]LogModuleManager: Shutting down and abandoning module LogVisualizer (524)
[2018.11.11-00.30.30:590][ 46]LogModuleManager: Shutting down and abandoning module IntroTutorials (522)
[2018.11.11-00.30.30:590][ 46]LogModuleManager: Shutting down and abandoning module GameProjectGeneration (521)
[2018.11.11-00.30.30:590][ 46]LogModuleManager: Shutting down and abandoning module LuminPlatformEditor (518)
[2018.11.11-00.30.30:590][ 46]LogModuleManager: Shutting down and abandoning module IOSPlatformEditor (516)
[2018.11.11-00.30.30:590][ 46]LogModuleManager: Shutting down and abandoning module HTML5PlatformEditor (514)
[2018.11.11-00.30.30:590][ 46]LogModuleManager: Shutting down and abandoning module AndroidPlatformEditor (512)
[2018.11.11-00.30.30:590][ 46]LogModuleManager: Shutting down and abandoning module AndroidDeviceDetection (511)
[2018.11.11-00.30.30:827][ 46]LogModuleManager: Shutting down and abandoning module WindowsPlatformEditor (508)
[2018.11.11-00.30.30:827][ 46]LogModuleManager: Shutting down and abandoning module LuminRuntimeSettings (506)
[2018.11.11-00.30.30:827][ 46]LogModuleManager: Shutting down and abandoning module IOSRuntimeSettings (504)
[2018.11.11-00.30.30:827][ 46]LogModuleManager: Shutting down and abandoning module AndroidRuntimeSettings (502)
[2018.11.11-00.30.30:827][ 46]LogModuleManager: Shutting down and abandoning module InputBindingEditor (500)
[2018.11.11-00.30.30:827][ 46]LogModuleManager: Shutting down and abandoning module MergeActors (498)
[2018.11.11-00.30.30:827][ 46]LogModuleManager: Shutting down and abandoning module LocalizationDashboard (496)
[2018.11.11-00.30.30:827][ 46]LogModuleManager: Shutting down and abandoning module LocalizationService (495)
[2018.11.11-00.30.30:828][ 46]LogModuleManager: Shutting down and abandoning module HardwareTargeting (492)
[2018.11.11-00.30.30:828][ 46]LogModuleManager: Shutting down and abandoning module DeviceProfileEditor (490)
[2018.11.11-00.30.30:828][ 46]LogModuleManager: Shutting down and abandoning module UndoHistory (488)
[2018.11.11-00.30.30:828][ 46]LogModuleManager: Shutting down and abandoning module XmlParser (486)
[2018.11.11-00.30.30:828][ 46]LogModuleManager: Shutting down and abandoning module Blutility (484)
[2018.11.11-00.30.30:828][ 46]LogModuleManager: Shutting down and abandoning module ProjectSettingsViewer (482)
[2018.11.11-00.30.30:828][ 46]LogModuleManager: Shutting down and abandoning module ProjectTargetPlatformEditor (481)
[2018.11.11-00.30.30:828][ 46]LogModuleManager: Shutting down and abandoning module EditorSettingsViewer (478)
[2018.11.11-00.30.30:828][ 46]LogModuleManager: Shutting down and abandoning module SettingsEditor (476)
[2018.11.11-00.30.30:828][ 46]LogModuleManager: Shutting down and abandoning module ProjectLauncher (474)
[2018.11.11-00.30.30:828][ 46]LogModuleManager: Shutting down and abandoning module SessionFrontend (472)
[2018.11.11-00.30.30:828][ 46]LogModuleManager: Shutting down and abandoning module ProfilerClient (470)
[2018.11.11-00.30.30:828][ 46]LogModuleManager: Shutting down and abandoning module DeviceManager (468)
[2018.11.11-00.30.30:828][ 46]LogModuleManager: Shutting down and abandoning module TargetDeviceServices (467)
[2018.11.11-00.30.30:883][ 46]LogModuleManager: Shutting down and abandoning module AutomationController (464)
[2018.11.11-00.30.30:883][ 46]LogModuleManager: Shutting down and abandoning module AutomationWindow (462)
[2018.11.11-00.30.30:883][ 46]LogModuleManager: Shutting down and abandoning module Layers (460)
[2018.11.11-00.30.30:883][ 46]LogModuleManager: Shutting down and abandoning module ComponentVisualizers (458)
[2018.11.11-00.30.30:883][ 46]LogModuleManager: Shutting down and abandoning module DetailCustomizations (456)
[2018.11.11-00.30.30:883][ 46]LogModuleManager: Shutting down and abandoning module PackagesDialog (454)
[2018.11.11-00.30.30:884][ 46]LogModuleManager: Shutting down and abandoning module Persona (452)
[2018.11.11-00.30.30:884][ 46]LogModuleManager: Shutting down and abandoning module AdvancedPreviewScene (451)
[2018.11.11-00.30.30:884][ 46]LogModuleManager: Shutting down and abandoning module AnimGraph (449)
[2018.11.11-00.30.30:884][ 46]LogModuleManager: Shutting down and abandoning module Kismet (446)
[2018.11.11-00.30.30:893][ 46]LogModuleManager: Shutting down and abandoning module GraphEditor (444)
[2018.11.11-00.30.30:893][ 46]LogModuleManager: Shutting down and abandoning module ClassViewer (442)
[2018.11.11-00.30.30:893][ 46]LogModuleManager: Shutting down and abandoning module Toolbox (440)
[2018.11.11-00.30.30:893][ 46]LogModuleManager: Shutting down and abandoning module ModuleUI (438)
[2018.11.11-00.30.30:893][ 46]LogModuleManager: Shutting down and abandoning module MovieSceneTools (436)
[2018.11.11-00.30.30:893][ 46]LogModuleManager: Shutting down and abandoning module OutputLog (434)
[2018.11.11-00.30.30:893][ 46]LogModuleManager: Shutting down and abandoning module GammaUI (432)
[2018.11.11-00.30.30:893][ 46]LogModuleManager: Shutting down and abandoning module Documentation (430)
[2018.11.11-00.30.30:893][ 46]LogModuleManager: Shutting down and abandoning module MovieSceneTracks (428)
[2018.11.11-00.30.30:893][ 46]LogModuleManager: Shutting down and abandoning module MovieScene (426)
[2018.11.11-00.30.30:894][ 46]LogModuleManager: Shutting down and abandoning module StreamingPauseRendering (424)
[2018.11.11-00.30.30:894][ 46]LogModuleManager: Shutting down and abandoning module LauncherPlatform (422)
[2018.11.11-00.30.30:894][ 46]LogModuleManager: Shutting down and abandoning module AnalyticsET (420)
[2018.11.11-00.30.30:894][ 46]LogModuleManager: Shutting down and abandoning module PortalServices (418)
[2018.11.11-00.30.30:894][ 46]LogModuleManager: Shutting down and abandoning module PortalRpc (416)
[2018.11.11-00.30.30:894][ 46]LogModuleManager: Shutting down and abandoning module MessagingRpc (414)
[2018.11.11-00.30.30:894][ 46]LogModuleManager: Shutting down and abandoning module AIModule (412)
[2018.11.11-00.30.30:894][ 46]LogModuleManager: Shutting down and abandoning module GameplayDebugger (411)
[2018.11.11-00.30.30:894][ 46]LogModuleManager: Shutting down and abandoning module AITestSuite (409)
[2018.11.11-00.30.30:894][ 46]LogModuleManager: Shutting down and abandoning module NavigationSystem (407)
[2018.11.11-00.30.30:894][ 46]LogModuleManager: Shutting down and abandoning module DesktopPlatform (404)
[2018.11.11-00.30.30:894][ 46]LogModuleManager: Shutting down and abandoning module ProfilerService (402)
[2018.11.11-00.30.31:017][ 46]LogModuleManager: Shutting down and abandoning module TaskGraph (400)
[2018.11.11-00.30.31:017][ 46]LogModuleManager: Shutting down and abandoning module SteamVRController (398)
[2018.11.11-00.30.31:017][ 46]LogModuleManager: Shutting down and abandoning module ProceduralMeshComponentEditor (396)
[2018.11.11-00.30.31:017][ 46]LogModuleManager: Shutting down and abandoning module ProceduralMeshComponent (394)
[2018.11.11-00.30.31:017][ 46]LogModuleManager: Shutting down and abandoning module OculusInput (392)
[2018.11.11-00.30.31:017][ 46]LogModuleManager: Shutting down and abandoning module MobilePatchingUtils (390)
[2018.11.11-00.30.31:017][ 46]LogModuleManager: Shutting down and abandoning module EditableMesh (388)
[2018.11.11-00.30.31:017][ 46]LogModuleManager: Shutting down and abandoning module CustomMeshComponent (386)
[2018.11.11-00.30.31:017][ 46]LogModuleManager: Shutting down and abandoning module CableComponent (384)
[2018.11.11-00.30.31:017][ 46]LogModuleManager: Shutting down and abandoning module AudioCapture (382)
[2018.11.11-00.30.31:017][ 46]LogModuleManager: Shutting down and abandoning module ArchVisCharacter (380)
[2018.11.11-00.30.31:017][ 46]LogModuleManager: Shutting down and abandoning module AndroidPermission (378)
[2018.11.11-00.30.31:017][ 46]LogModuleManager: Shutting down and abandoning module NUTUnrealEngine4 (376)
[2018.11.11-00.30.31:017][ 46]LogModuleManager: Shutting down and abandoning module NetcodeUnitTest (374)
[2018.11.11-00.30.31:017][ 46]LogModuleManager: Shutting down and abandoning module MediaCompositingEditor (372)
[2018.11.11-00.30.31:017][ 46]LogModuleManager: Shutting down and abandoning module MediaCompositing (370)
[2018.11.11-00.30.31:017][ 46]LogModuleManager: Shutting down and abandoning module LinearTimecode (368)
[2018.11.11-00.30.31:018][ 46]LogModuleManager: Shutting down and abandoning module ImgMedia (366)
[2018.11.11-00.30.31:023][ 46]LogModuleManager: Shutting down and abandoning module HTML5Networking (364)
[2018.11.11-00.30.31:023][ 46]LogModuleManager: Shutting down and abandoning module GeometryCacheTracks (362)
[2018.11.11-00.30.31:023][ 46]LogModuleManager: Shutting down and abandoning module GeometryCacheSequencer (360)
[2018.11.11-00.30.31:023][ 46]LogModuleManager: Shutting down and abandoning module BackChannel (358)
[2018.11.11-00.30.31:023][ 46]LogModuleManager: Shutting down and abandoning module AppleVision (356)
[2018.11.11-00.30.31:023][ 46]LogModuleManager: Shutting down and abandoning module AppleImageUtils (354)
[2018.11.11-00.30.31:023][ 46]LogModuleManager: Shutting down and abandoning module AlembicImporter (352)
[2018.11.11-00.30.31:023][ 46]LogModuleManager: Shutting down and abandoning module AlembicLibrary (351)
[2018.11.11-00.30.31:023][ 46]LogModuleManager: Shutting down and abandoning module GeometryCache (350)
[2018.11.11-00.30.31:023][ 46]LogModuleManager: Shutting down and abandoning module GeometryCacheEd (349)
[2018.11.11-00.30.31:023][ 46]LogModuleManager: Shutting down and abandoning module DatasmithContentEditor (344)
[2018.11.11-00.30.31:023][ 46]LogModuleManager: Shutting down and abandoning module DatasmithContent (342)
[2018.11.11-00.30.31:023][ 46]LogModuleManager: Shutting down and abandoning module SpeedTreeImporter (340)
[2018.11.11-00.30.31:023][ 46]LogModuleManager: Shutting down and abandoning module PluginBrowser (338)
[2018.11.11-00.30.31:024][ 46]LogModuleManager: Shutting down and abandoning module MobileLauncherProfileWizard (336)
[2018.11.11-00.30.31:024][ 46]LogModuleManager: Shutting down and abandoning module PolygonModeling (334)
[2018.11.11-00.30.31:024][ 46]LogModuleManager: Shutting down and abandoning module MeshEditor (332)
[2018.11.11-00.30.31:024][ 46]LogModuleManager: Shutting down and abandoning module CryptoKeysOpenSSL (330)
[2018.11.11-00.30.31:024][ 46]LogModuleManager: Shutting down and abandoning module CryptoKeys (328)
[2018.11.11-00.30.31:024][ 46]LogModuleManager: Shutting down and abandoning module VisualStudioSourceCodeAccess (326)
[2018.11.11-00.30.31:024][ 46]LogModuleManager: Shutting down and abandoning module VisualStudioCodeSourceCodeAccess (324)
[2018.11.11-00.30.31:024][ 46]LogModuleManager: Shutting down and abandoning module UObjectPlugin (322)
[2018.11.11-00.30.31:024][ 46]LogModuleManager: Shutting down and abandoning module SubversionSourceControl (320)
[2018.11.11-00.30.31:024][ 46]LogModuleManager: Shutting down and abandoning module PerforceSourceControl (318)
[2018.11.11-00.30.31:024][ 46]LogModuleManager: Shutting down and abandoning module GitSourceControl (316)
[2018.11.11-00.30.31:024][ 46]LogModuleManager: Shutting down and abandoning module SourceControl (315)
[2018.11.11-00.30.31:024][ 46]LogModuleManager: Shutting down and abandoning module CLionSourceCodeAccess (312)
[2018.11.11-00.30.31:024][ 46]LogModuleManager: Shutting down and abandoning module LightPropagationVolumeEditor (310)
[2018.11.11-00.30.31:025][ 46]LogModuleManager: Shutting down and abandoning module PaperTiledImporter (308)
[2018.11.11-00.30.31:025][ 46]LogModuleManager: Shutting down and abandoning module PaperSpriteSheetImporter (306)
[2018.11.11-00.30.31:025][ 46]LogModuleManager: Shutting down and abandoning module Paper2DEditor (304)
[2018.11.11-00.30.31:025][ 46]LogModuleManager: Shutting down and abandoning module MeshPaint (303)
[2018.11.11-00.30.31:025][ 46]LogModuleManager: Shutting down and abandoning module RuntimePhysXCooking (300)
[2018.11.11-00.30.31:025][ 46]LogModuleManager: Shutting down and abandoning module PhysXVehiclesEditor (298)
[2018.11.11-00.30.31:025][ 46]LogModuleManager: Shutting down and abandoning module PhysXVehicles (296)
[2018.11.11-00.30.31:025][ 46]LogModuleManager: Shutting down and abandoning module OculusEditor (294)
[2018.11.11-00.30.31:025][ 46]LogModuleManager: Shutting down and abandoning module LocationServicesBPLibrary (292)
[2018.11.11-00.30.31:025][ 46]LogModuleManager: Shutting down and abandoning module ImmediatePhysicsEditor (290)
[2018.11.11-00.30.31:025][ 46]LogModuleManager: Shutting down and abandoning module ImmediatePhysics (288)
[2018.11.11-00.30.31:025][ 46]LogModuleManager: Shutting down and abandoning module ActorSequence (286)
[2018.11.11-00.30.31:025][ 46]LogModuleManager: Shutting down and abandoning module UdpMessaging (284)
[2018.11.11-00.30.31:126][ 46]LogModuleManager: Shutting down and abandoning module TcpMessaging (282)
[2018.11.11-00.30.31:227][ 46]LogModuleManager: Shutting down and abandoning module MagicLeapAudio (280)
[2018.11.11-00.30.31:227][ 46]LogModuleManager: Shutting down and abandoning module GameplayTagsEditor (278)
[2018.11.11-00.30.31:227][ 46]LogModuleManager: Shutting down and abandoning module FacialAnimationEditor (276)
[2018.11.11-00.30.31:227][ 46]LogModuleManager: Shutting down and abandoning module FacialAnimation (274)
[2018.11.11-00.30.31:227][ 46]LogModuleManager: Shutting down and abandoning module DataValidation (272)
[2018.11.11-00.30.31:227][ 46]LogModuleManager: Shutting down and abandoning module AssetManagerEditor (270)
[2018.11.11-00.30.31:227][ 46]LogModuleManager: Shutting down and abandoning module LevelEditor (269)
[2018.11.11-00.30.31:228][ 46]LogModuleManager: Shutting down and abandoning module PixelInspectorModule (268)
[2018.11.11-00.30.31:228][ 46]LogModuleManager: Shutting down and abandoning module CommonMenuExtensions (266)
[2018.11.11-00.30.31:229][ 46]LogModuleManager: Shutting down and abandoning module MainFrame (264)
[2018.11.11-00.30.31:229][ 46]LogModuleManager: Shutting down and abandoning module HotReload (263)
[2018.11.11-00.30.31:229][ 46]LogModuleManager: Shutting down and abandoning module ContentBrowser (259)
[2018.11.11-00.30.31:231][ 46]LogModuleManager: Shutting down and abandoning module TreeMap (257)
[2018.11.11-00.30.31:231][ 46]LogModuleManager: Shutting down and abandoning module LightPropagationVolumeRuntime (254)
[2018.11.11-00.30.31:231][ 46]LogModuleManager: Shutting down and abandoning module AISupportModule (252)
[2018.11.11-00.30.31:231][ 46]LogModuleManager: Shutting down and abandoning module Paper2D (250)
[2018.11.11-00.30.31:231][ 46]LogModuleManager: Shutting down and abandoning module WindowsMoviePlayer (248)
[2018.11.11-00.30.31:231][ 46]LogModuleManager: Shutting down and abandoning module WmfMedia (246)
[2018.11.11-00.30.31:233][ 46]LogModuleManager: Shutting down and abandoning module Media (245)
[2018.11.11-00.30.31:239][ 46]LogModuleManager: Shutting down and abandoning module PacketHandler (242)
[2018.11.11-00.30.31:239][ 46]LogModuleManager: Shutting down and abandoning module ClothingSystemEditor (240)
[2018.11.11-00.30.31:239][ 46]LogModuleManager: Shutting down and abandoning module ClothingSystemRuntime (238)
[2018.11.11-00.30.31:239][ 46]LogModuleManager: Shutting down and abandoning module MediaAssets (236)
[2018.11.11-00.30.31:239][ 46]LogModuleManager: Shutting down and abandoning module Overlay (234)
[2018.11.11-00.30.31:239][ 46]LogModuleManager: Shutting down and abandoning module OverlayEditor (233)
[2018.11.11-00.30.31:240][ 46]LogModuleManager: Shutting down and abandoning module VREditor (230)
[2018.11.11-00.30.31:240][ 46]LogModuleManager: Shutting down and abandoning module StringTableEditor (228)
[2018.11.11-00.30.31:240][ 46]LogModuleManager: Shutting down and abandoning module GameplayTasksEditor (226)
[2018.11.11-00.30.31:240][ 46]LogModuleManager: Shutting down and abandoning module BehaviorTreeEditor (224)
[2018.11.11-00.30.31:240][ 46]LogModuleManager: Shutting down and abandoning module FunctionalTesting (222)
[2018.11.11-00.30.31:240][ 46]LogModuleManager: Shutting down and abandoning module CollisionAnalyzer (220)
[2018.11.11-00.30.31:240][ 46]LogModuleManager: Shutting down and abandoning module WorkspaceMenuStructure (219)
[2018.11.11-00.30.31:240][ 46]LogModuleManager: Shutting down and abandoning module UMG (216)
[2018.11.11-00.30.31:240][ 46]LogModuleManager: Shutting down and abandoning module UMGEditor (215)
[2018.11.11-00.30.31:240][ 46]LogModuleManager: Shutting down and abandoning module Sequencer (214)
[2018.11.11-00.30.31:240][ 46]LogModuleManager: Shutting down and abandoning module MessageLog (211)
[2018.11.11-00.30.31:240][ 46]LogModuleManager: Shutting down and abandoning module SlateReflector (206)
[2018.11.11-00.30.31:240][ 46]LogModuleManager: Shutting down and abandoning module Slate (204)
[2018.11.11-00.30.31:240][ 46]LogModuleManager: Shutting down and abandoning module EditorStyle (202)
[2018.11.11-00.30.31:243][ 46]LogModuleManager: Shutting down and abandoning module MRMesh (200)
[2018.11.11-00.30.31:243][ 46]LogModuleManager: Shutting down and abandoning module SourceCodeAccess (198)
[2018.11.11-00.30.31:244][ 46]LogModuleManager: Shutting down and abandoning module HeadMountedDisplay (196)
[2018.11.11-00.30.31:244][ 46]LogModuleManager: Shutting down and abandoning module XAudio2 (194)
[2018.11.11-00.30.31:244][ 46]LogModuleManager: Shutting down and abandoning module Networking (192)
[2018.11.11-00.30.31:244][ 46]LogModuleManager: Shutting down and abandoning module Core (190)
[2018.11.11-00.30.31:244][ 46]LogModuleManager: Shutting down and abandoning module LevelSequence (188)
[2018.11.11-00.30.31:244][ 46]LogModuleManager: Shutting down and abandoning module KismetCompiler (186)
[2018.11.11-00.30.31:244][ 46]LogModuleManager: Shutting down and abandoning module MeshUtilities (184)
[2018.11.11-00.30.31:244][ 46]LogModuleManager: Shutting down and abandoning module MeshMergeUtilities (183)
[2018.11.11-00.30.31:244][ 46]LogModuleManager: Shutting down and abandoning module MeshReductionInterface (182)
[2018.11.11-00.30.31:244][ 46]LogModuleManager: Shutting down and abandoning module SimplygonSwarm (181)
[2018.11.11-00.30.31:244][ 46]LogModuleManager: Shutting down and abandoning module ProxyLODMeshReduction (179)
[2018.11.11-00.30.31:244][ 46]LogModuleManager: Shutting down and abandoning module SimplygonMeshReduction (177)
[2018.11.11-00.30.31:244][ 46]LogModuleManager: Shutting down and abandoning module QuadricMeshReduction (175)
[2018.11.11-00.30.31:244][ 46]LogModuleManager: Shutting down and abandoning module MaterialBaking (171)
[2018.11.11-00.30.31:244][ 46]LogModuleManager: Shutting down and abandoning module DirectoryWatcher (167)
[2018.11.11-00.30.31:244][ 46]LogModuleManager: Shutting down and abandoning module DerivedDataCache (164)
[2018.11.11-00.30.31:318][ 46]LogDerivedDataCache: Shutdown
[2018.11.11-00.30.31:318][ 46]LogModuleManager: Shutting down and abandoning module XGEController (162)
[2018.11.11-00.30.31:318][ 46]LogXGEController: Cleaning working directory: C:/Users/maxsa/AppData/Local/Temp/UnrealXGEWorkingDir/
[2018.11.11-00.30.31:319][ 46]LogModuleManager: Shutting down and abandoning module TargetPlatform (160)
[2018.11.11-00.30.31:319][ 46]LogModuleManager: Shutting down and abandoning module VulkanShaderFormat (159)
[2018.11.11-00.30.31:319][ 46]LogModuleManager: Shutting down and abandoning module ShaderFormatVectorVM (157)
[2018.11.11-00.30.31:319][ 46]LogModuleManager: Shutting down and abandoning module ShaderFormatOpenGL (155)
[2018.11.11-00.30.31:319][ 46]LogModuleManager: Shutting down and abandoning module ShaderFormatD3D (153)
[2018.11.11-00.30.31:319][ 46]LogModuleManager: Shutting down and abandoning module MetalShaderFormat (151)
[2018.11.11-00.30.31:319][ 46]LogModuleManager: Shutting down and abandoning module TextureFormatUncompressed (149)
[2018.11.11-00.30.31:319][ 46]LogModuleManager: Shutting down and abandoning module TextureFormatPVR (147)
[2018.11.11-00.30.31:319][ 46]LogModuleManager: Shutting down and abandoning module TextureFormatDXT (145)
[2018.11.11-00.30.31:319][ 46]LogModuleManager: Shutting down and abandoning module TextureFormatIntelISPCTexComp (143)
[2018.11.11-00.30.31:319][ 46]LogModuleManager: Shutting down and abandoning module TextureFormatASTC (141)
[2018.11.11-00.30.31:319][ 46]LogModuleManager: Shutting down and abandoning module ImageWrapper (140)
[2018.11.11-00.30.31:319][ 46]LogModuleManager: Shutting down and abandoning module TextureFormatAndroid (137)
[2018.11.11-00.30.31:319][ 46]LogModuleManager: Shutting down and abandoning module AudioFormatOpus (135)
[2018.11.11-00.30.31:319][ 46]LogModuleManager: Shutting down and abandoning module AudioFormatOgg (133)
[2018.11.11-00.30.31:319][ 46]LogModuleManager: Shutting down and abandoning module AudioFormatADPCM (131)
[2018.11.11-00.30.31:319][ 46]LogModuleManager: Shutting down and abandoning module LuminTargetPlatform (129)
[2018.11.11-00.30.31:319][ 46]LogModuleManager: Shutting down and abandoning module LinuxTargetPlatform (127)
[2018.11.11-00.30.31:319][ 46]LogModuleManager: Shutting down and abandoning module LinuxServerTargetPlatform (125)
[2018.11.11-00.30.31:319][ 46]LogModuleManager: Shutting down and abandoning module LinuxNoEditorTargetPlatform (123)
[2018.11.11-00.30.31:319][ 46]LogModuleManager: Shutting down and abandoning module LinuxClientTargetPlatform (121)
[2018.11.11-00.30.31:319][ 46]LogModuleManager: Shutting down and abandoning module TVOSTargetPlatform (119)
[2018.11.11-00.30.31:320][ 46]LogModuleManager: Shutting down and abandoning module Messaging (117)
[2018.11.11-00.30.31:320][ 46]LogModuleManager: Shutting down and abandoning module IOSTargetPlatform (115)
[2018.11.11-00.30.31:321][ 46]LogModuleManager: Shutting down and abandoning module HTML5TargetPlatform (113)
[2018.11.11-00.30.31:321][ 46]LogModuleManager: Shutting down and abandoning module AndroidTargetPlatform (111)
[2018.11.11-00.30.31:327][ 46]LogModuleManager: Shutting down and abandoning module WindowsTargetPlatform (109)
[2018.11.11-00.30.31:327][ 46]LogModuleManager: Shutting down and abandoning module WindowsServerTargetPlatform (107)
[2018.11.11-00.30.31:327][ 46]LogModuleManager: Shutting down and abandoning module WindowsNoEditorTargetPlatform (105)
[2018.11.11-00.30.31:327][ 46]LogModuleManager: Shutting down and abandoning module WindowsClientTargetPlatform (103)
[2018.11.11-00.30.31:327][ 46]LogModuleManager: Shutting down and abandoning module MacTargetPlatform (101)
[2018.11.11-00.30.31:327][ 46]LogModuleManager: Shutting down and abandoning module MacServerTargetPlatform (99)
[2018.11.11-00.30.31:328][ 46]LogModuleManager: Shutting down and abandoning module MacNoEditorTargetPlatform (97)
[2018.11.11-00.30.31:328][ 46]LogModuleManager: Shutting down and abandoning module MacClientTargetPlatform (95)
[2018.11.11-00.30.31:328][ 46]LogModuleManager: Shutting down and abandoning module AllDesktopTargetPlatform (93)
[2018.11.11-00.30.31:328][ 46]LogModuleManager: Shutting down and abandoning module InputCore (90)
[2018.11.11-00.30.31:328][ 46]LogModuleManager: Shutting down and abandoning module Settings (88)
[2018.11.11-00.30.31:328][ 46]LogModuleManager: Shutting down and abandoning module PhysXCooking (86)
[2018.11.11-00.30.31:328][ 46]LogModuleManager: Shutting down and abandoning module SteamVR (84)
[2018.11.11-00.30.31:328][ 46]LogModuleManager: Shutting down and abandoning module OculusHMD (82)
[2018.11.11-00.30.31:328][ 46]LogModuleManager: Shutting down and abandoning module ExampleDeviceProfileSelector (80)
[2018.11.11-00.30.31:328][ 46]LogModuleManager: Shutting down and abandoning module LauncherChunkInstaller (78)
[2018.11.11-00.30.31:328][ 46]LogModuleManager: Shutting down and abandoning module OnlineBlueprintSupport (76)
[2018.11.11-00.30.31:328][ 46]LogModuleManager: Shutting down and abandoning module OnlineSubsystem (72)
[2018.11.11-00.30.31:330][ 46]LogModuleManager: Shutting down and abandoning module XMPP (65)
[2018.11.11-00.30.31:330][ 46]LogModuleManager: Shutting down and abandoning module WebSockets (64)
[2018.11.11-00.30.31:344][ 46]LogModuleManager: Shutting down and abandoning module HTTP (61)
[2018.11.11-00.30.31:344][ 46]LogHttp: Display: Http module shutting down, but needs to wait on 1 outstanding Http requests:
[2018.11.11-00.30.31:344][ 46]LogHttp: Display: 	verb=[POST] url=[https://datarouter.ol.epicgames.com/datarouter/api/v1/public/data?SessionID=%7B7B6EDD35-4479-F348-F901-DBADEE11E44D%7D&AppID=UEEditor.Rocket.Release&AppVersion=4.20.3-4369336%2B%2B%2BUE4%2BRelease-4.20&UserID=9b2d74f540de947067f12f85f0e10fc3%7C121cf0c067fc45bf8a47a34e1f08bd7e%7C6529c761-14eb-4014-bd30-d410aae9a07c&AppEnvironment=datacollector-binary&UploadType=eteventstream] status=Processing
[2018.11.11-00.30.31:377][ 46]LogModuleManager: Shutting down and abandoning module SSL (60)
[2018.11.11-00.30.31:379][ 46]LogModuleManager: Shutting down and abandoning module MagicLeapEmulator (56)
[2018.11.11-00.30.31:379][ 46]LogModuleManager: Shutting down and abandoning module MagicLeapPrivileges (54)
[2018.11.11-00.30.31:379][ 46]LogModuleManager: Shutting down and abandoning module MagicLeapIdentity (52)
[2018.11.11-00.30.31:379][ 46]LogModuleManager: Shutting down and abandoning module MagicLeapHelperVulkan (50)
[2018.11.11-00.30.31:379][ 46]LogModuleManager: Shutting down and abandoning module MagicLeapHelperOpenGL (48)
[2018.11.11-00.30.31:379][ 46]LogModuleManager: Shutting down and abandoning module MagicLeapSecureStorage (46)
[2018.11.11-00.30.31:379][ 46]LogModuleManager: Shutting down and abandoning module MagicLeapGestures (44)
[2018.11.11-00.30.31:379][ 46]LogModuleManager: Shutting down and abandoning module MagicLeapEyeTracker (42)
[2018.11.11-00.30.31:379][ 46]LogModuleManager: Shutting down and abandoning module MagicLeapController (40)
[2018.11.11-00.30.31:379][ 46]LogSlate: Slate User Destroyed.  User Index 0, Is Virtual User: 0
[2018.11.11-00.30.31:379][ 46]LogModuleManager: Shutting down and abandoning module MagicLeap (38)
[2018.11.11-00.30.31:379][ 46]LogModuleManager: Shutting down and abandoning module AnimationModifiers (36)
[2018.11.11-00.30.31:379][ 46]LogModuleManager: Shutting down and abandoning module PropertyEditor (35)
[2018.11.11-00.30.31:379][ 46]LogModuleManager: Shutting down and abandoning module AudioEditor (32)
[2018.11.11-00.30.31:380][ 46]LogModuleManager: Shutting down and abandoning module TextureCompressor (30)
[2018.11.11-00.30.31:380][ 46]LogModuleManager: Shutting down and abandoning module ShaderCore (28)
[2018.11.11-00.30.31:380][ 46]LogModuleManager: Shutting down and abandoning module Landscape (26)
[2018.11.11-00.30.31:380][ 46]LogModuleManager: Shutting down and abandoning module SlateRHIRenderer (24)
[2018.11.11-00.30.31:380][ 46]LogModuleManager: Shutting down and abandoning module OpenGLDrv (22)
[2018.11.11-00.30.31:380][ 46]LogModuleManager: Shutting down and abandoning module D3D11RHI (20)
[2018.11.11-00.30.31:380][ 46]LogModuleManager: Shutting down and abandoning module AnimGraphRuntime (18)
[2018.11.11-00.30.31:380][ 46]LogModuleManager: Shutting down and abandoning module Renderer (16)
[2018.11.11-00.30.31:380][ 46]LogModuleManager: Shutting down and abandoning module Engine (14)
[2018.11.11-00.30.31:380][ 46]LogModuleManager: Shutting down and abandoning module CoreUObject (12)
[2018.11.11-00.30.31:380][ 46]LogModuleManager: Shutting down and abandoning module NetworkFile (10)
[2018.11.11-00.30.31:380][ 46]LogModuleManager: Shutting down and abandoning module CookedIterativeFile (8)
[2018.11.11-00.30.31:380][ 46]LogModuleManager: Shutting down and abandoning module StreamingFile (6)
[2018.11.11-00.30.31:381][ 46]LogModuleManager: Shutting down and abandoning module SandboxFile (4)
[2018.11.11-00.30.31:381][ 46]LogModuleManager: Shutting down and abandoning module PakFile (2)
[2018.11.11-00.30.31:384][ 46]LogExit: Exiting.
[2018.11.11-00.30.31:412][ 46]Log file closed, 11/10/18 19:30:31
